[2026-05-09T16:16:56.681+0100] {processor.py:161} INFO - Started process (PID=21501) to work on /home/najma/airflow-venv/lib/python3.12/site-packages/airflow/example_dags/example_branch_operator_decorator.py
[2026-05-09T16:16:56.682+0100] {processor.py:830} INFO - Processing file /home/najma/airflow-venv/lib/python3.12/site-packages/airflow/example_dags/example_branch_operator_decorator.py for tasks to queue
[2026-05-09T16:16:56.686+0100] {logging_mixin.py:188} INFO - [2026-05-09T16:16:56.685+0100] {dagbag.py:540} INFO - Filling up the DagBag from /home/najma/airflow-venv/lib/python3.12/site-packages/airflow/example_dags/example_branch_operator_decorator.py
[2026-05-09T16:16:56.813+0100] {processor.py:842} WARNING - No viable dags retrieved from /home/najma/airflow-venv/lib/python3.12/site-packages/airflow/example_dags/example_branch_operator_decorator.py
[2026-05-09T16:16:56.844+0100] {processor.py:183} INFO - Processing /home/najma/airflow-venv/lib/python3.12/site-packages/airflow/example_dags/example_branch_operator_decorator.py took 0.167 seconds
[2026-05-09T16:18:33.195+0100] {processor.py:161} INFO - Started process (PID=21578) to work on /home/najma/airflow-venv/lib/python3.12/site-packages/airflow/example_dags/example_branch_operator_decorator.py
[2026-05-09T16:18:33.197+0100] {processor.py:830} INFO - Processing file /home/najma/airflow-venv/lib/python3.12/site-packages/airflow/example_dags/example_branch_operator_decorator.py for tasks to queue
[2026-05-09T16:18:33.199+0100] {logging_mixin.py:188} INFO - [2026-05-09T16:18:33.198+0100] {dagbag.py:540} INFO - Filling up the DagBag from /home/najma/airflow-venv/lib/python3.12/site-packages/airflow/example_dags/example_branch_operator_decorator.py
[2026-05-09T16:18:33.331+0100] {processor.py:842} WARNING - No viable dags retrieved from /home/najma/airflow-venv/lib/python3.12/site-packages/airflow/example_dags/example_branch_operator_decorator.py
[2026-05-09T16:18:33.356+0100] {processor.py:183} INFO - Processing /home/najma/airflow-venv/lib/python3.12/site-packages/airflow/example_dags/example_branch_operator_decorator.py took 0.165 seconds
[2026-05-09T16:19:55.961+0100] {processor.py:161} INFO - Started process (PID=21649) to work on /home/najma/airflow-venv/lib/python3.12/site-packages/airflow/example_dags/example_branch_operator_decorator.py
[2026-05-09T16:19:55.963+0100] {processor.py:830} INFO - Processing file /home/najma/airflow-venv/lib/python3.12/site-packages/airflow/example_dags/example_branch_operator_decorator.py for tasks to queue
[2026-05-09T16:19:55.964+0100] {logging_mixin.py:188} INFO - [2026-05-09T16:19:55.964+0100] {dagbag.py:540} INFO - Filling up the DagBag from /home/najma/airflow-venv/lib/python3.12/site-packages/airflow/example_dags/example_branch_operator_decorator.py
[2026-05-09T16:19:56.064+0100] {processor.py:842} WARNING - No viable dags retrieved from /home/najma/airflow-venv/lib/python3.12/site-packages/airflow/example_dags/example_branch_operator_decorator.py
[2026-05-09T16:19:56.091+0100] {processor.py:183} INFO - Processing /home/najma/airflow-venv/lib/python3.12/site-packages/airflow/example_dags/example_branch_operator_decorator.py took 0.133 seconds
[2026-05-09T16:21:15.084+0100] {processor.py:161} INFO - Started process (PID=21724) to work on /home/najma/airflow-venv/lib/python3.12/site-packages/airflow/example_dags/example_branch_operator_decorator.py
[2026-05-09T16:21:15.086+0100] {processor.py:830} INFO - Processing file /home/najma/airflow-venv/lib/python3.12/site-packages/airflow/example_dags/example_branch_operator_decorator.py for tasks to queue
[2026-05-09T16:21:15.088+0100] {logging_mixin.py:188} INFO - [2026-05-09T16:21:15.087+0100] {dagbag.py:540} INFO - Filling up the DagBag from /home/najma/airflow-venv/lib/python3.12/site-packages/airflow/example_dags/example_branch_operator_decorator.py
[2026-05-09T16:21:15.167+0100] {processor.py:842} WARNING - No viable dags retrieved from /home/najma/airflow-venv/lib/python3.12/site-packages/airflow/example_dags/example_branch_operator_decorator.py
[2026-05-09T16:21:15.187+0100] {processor.py:183} INFO - Processing /home/najma/airflow-venv/lib/python3.12/site-packages/airflow/example_dags/example_branch_operator_decorator.py took 0.107 seconds
[2026-05-09T16:22:41.253+0100] {processor.py:161} INFO - Started process (PID=21797) to work on /home/najma/airflow-venv/lib/python3.12/site-packages/airflow/example_dags/example_branch_operator_decorator.py
[2026-05-09T16:22:41.255+0100] {processor.py:830} INFO - Processing file /home/najma/airflow-venv/lib/python3.12/site-packages/airflow/example_dags/example_branch_operator_decorator.py for tasks to queue
[2026-05-09T16:22:41.257+0100] {logging_mixin.py:188} INFO - [2026-05-09T16:22:41.257+0100] {dagbag.py:540} INFO - Filling up the DagBag from /home/najma/airflow-venv/lib/python3.12/site-packages/airflow/example_dags/example_branch_operator_decorator.py
[2026-05-09T16:22:41.380+0100] {processor.py:842} WARNING - No viable dags retrieved from /home/najma/airflow-venv/lib/python3.12/site-packages/airflow/example_dags/example_branch_operator_decorator.py
[2026-05-09T16:22:41.406+0100] {processor.py:183} INFO - Processing /home/najma/airflow-venv/lib/python3.12/site-packages/airflow/example_dags/example_branch_operator_decorator.py took 0.157 seconds
[2026-05-09T16:24:03.261+0100] {processor.py:161} INFO - Started process (PID=21911) to work on /home/najma/airflow-venv/lib/python3.12/site-packages/airflow/example_dags/example_branch_operator_decorator.py
[2026-05-09T16:24:03.263+0100] {processor.py:830} INFO - Processing file /home/najma/airflow-venv/lib/python3.12/site-packages/airflow/example_dags/example_branch_operator_decorator.py for tasks to queue
[2026-05-09T16:24:03.268+0100] {logging_mixin.py:188} INFO - [2026-05-09T16:24:03.268+0100] {dagbag.py:540} INFO - Filling up the DagBag from /home/najma/airflow-venv/lib/python3.12/site-packages/airflow/example_dags/example_branch_operator_decorator.py
[2026-05-09T16:24:03.422+0100] {processor.py:842} WARNING - No viable dags retrieved from /home/najma/airflow-venv/lib/python3.12/site-packages/airflow/example_dags/example_branch_operator_decorator.py
[2026-05-09T16:24:03.465+0100] {processor.py:183} INFO - Processing /home/najma/airflow-venv/lib/python3.12/site-packages/airflow/example_dags/example_branch_operator_decorator.py took 0.208 seconds
[2026-05-09T16:24:09.244+0100] {processor.py:161} INFO - Started process (PID=21922) to work on /home/najma/airflow-venv/lib/python3.12/site-packages/airflow/example_dags/example_branch_operator_decorator.py
[2026-05-09T16:24:09.251+0100] {processor.py:830} INFO - Processing file /home/najma/airflow-venv/lib/python3.12/site-packages/airflow/example_dags/example_branch_operator_decorator.py for tasks to queue
[2026-05-09T16:24:09.254+0100] {logging_mixin.py:188} INFO - [2026-05-09T16:24:09.253+0100] {dagbag.py:540} INFO - Filling up the DagBag from /home/najma/airflow-venv/lib/python3.12/site-packages/airflow/example_dags/example_branch_operator_decorator.py
[2026-05-09T16:24:09.674+0100] {processor.py:842} WARNING - No viable dags retrieved from /home/najma/airflow-venv/lib/python3.12/site-packages/airflow/example_dags/example_branch_operator_decorator.py
[2026-05-09T16:24:09.713+0100] {processor.py:183} INFO - Processing /home/najma/airflow-venv/lib/python3.12/site-packages/airflow/example_dags/example_branch_operator_decorator.py took 0.474 seconds
[2026-05-09T16:25:22.864+0100] {processor.py:161} INFO - Started process (PID=22043) to work on /home/najma/airflow-venv/lib/python3.12/site-packages/airflow/example_dags/example_branch_operator_decorator.py
[2026-05-09T16:25:22.883+0100] {processor.py:830} INFO - Processing file /home/najma/airflow-venv/lib/python3.12/site-packages/airflow/example_dags/example_branch_operator_decorator.py for tasks to queue
[2026-05-09T16:25:22.886+0100] {logging_mixin.py:188} INFO - [2026-05-09T16:25:22.886+0100] {dagbag.py:540} INFO - Filling up the DagBag from /home/najma/airflow-venv/lib/python3.12/site-packages/airflow/example_dags/example_branch_operator_decorator.py
[2026-05-09T16:25:23.014+0100] {processor.py:842} WARNING - No viable dags retrieved from /home/najma/airflow-venv/lib/python3.12/site-packages/airflow/example_dags/example_branch_operator_decorator.py
[2026-05-09T16:25:23.036+0100] {processor.py:183} INFO - Processing /home/najma/airflow-venv/lib/python3.12/site-packages/airflow/example_dags/example_branch_operator_decorator.py took 0.179 seconds
[2026-05-09T16:25:31.543+0100] {processor.py:161} INFO - Started process (PID=22059) to work on /home/najma/airflow-venv/lib/python3.12/site-packages/airflow/example_dags/example_branch_operator_decorator.py
[2026-05-09T16:25:31.546+0100] {processor.py:830} INFO - Processing file /home/najma/airflow-venv/lib/python3.12/site-packages/airflow/example_dags/example_branch_operator_decorator.py for tasks to queue
[2026-05-09T16:25:31.549+0100] {logging_mixin.py:188} INFO - [2026-05-09T16:25:31.548+0100] {dagbag.py:540} INFO - Filling up the DagBag from /home/najma/airflow-venv/lib/python3.12/site-packages/airflow/example_dags/example_branch_operator_decorator.py
[2026-05-09T16:25:31.676+0100] {processor.py:842} WARNING - No viable dags retrieved from /home/najma/airflow-venv/lib/python3.12/site-packages/airflow/example_dags/example_branch_operator_decorator.py
[2026-05-09T16:25:31.701+0100] {processor.py:183} INFO - Processing /home/najma/airflow-venv/lib/python3.12/site-packages/airflow/example_dags/example_branch_operator_decorator.py took 0.166 seconds
[2026-05-09T16:26:43.795+0100] {processor.py:161} INFO - Started process (PID=22175) to work on /home/najma/airflow-venv/lib/python3.12/site-packages/airflow/example_dags/example_branch_operator_decorator.py
[2026-05-09T16:26:43.797+0100] {processor.py:830} INFO - Processing file /home/najma/airflow-venv/lib/python3.12/site-packages/airflow/example_dags/example_branch_operator_decorator.py for tasks to queue
[2026-05-09T16:26:43.799+0100] {logging_mixin.py:188} INFO - [2026-05-09T16:26:43.798+0100] {dagbag.py:540} INFO - Filling up the DagBag from /home/najma/airflow-venv/lib/python3.12/site-packages/airflow/example_dags/example_branch_operator_decorator.py
[2026-05-09T16:26:43.896+0100] {processor.py:842} WARNING - No viable dags retrieved from /home/najma/airflow-venv/lib/python3.12/site-packages/airflow/example_dags/example_branch_operator_decorator.py
[2026-05-09T16:26:43.918+0100] {processor.py:183} INFO - Processing /home/najma/airflow-venv/lib/python3.12/site-packages/airflow/example_dags/example_branch_operator_decorator.py took 0.127 seconds
[2026-05-09T16:26:52.696+0100] {processor.py:161} INFO - Started process (PID=22188) to work on /home/najma/airflow-venv/lib/python3.12/site-packages/airflow/example_dags/example_branch_operator_decorator.py
[2026-05-09T16:26:52.699+0100] {processor.py:830} INFO - Processing file /home/najma/airflow-venv/lib/python3.12/site-packages/airflow/example_dags/example_branch_operator_decorator.py for tasks to queue
[2026-05-09T16:26:52.705+0100] {logging_mixin.py:188} INFO - [2026-05-09T16:26:52.705+0100] {dagbag.py:540} INFO - Filling up the DagBag from /home/najma/airflow-venv/lib/python3.12/site-packages/airflow/example_dags/example_branch_operator_decorator.py
[2026-05-09T16:26:52.903+0100] {processor.py:842} WARNING - No viable dags retrieved from /home/najma/airflow-venv/lib/python3.12/site-packages/airflow/example_dags/example_branch_operator_decorator.py
[2026-05-09T16:26:52.937+0100] {processor.py:183} INFO - Processing /home/najma/airflow-venv/lib/python3.12/site-packages/airflow/example_dags/example_branch_operator_decorator.py took 0.245 seconds
[2026-05-09T16:28:07.423+0100] {processor.py:161} INFO - Started process (PID=22307) to work on /home/najma/airflow-venv/lib/python3.12/site-packages/airflow/example_dags/example_branch_operator_decorator.py
[2026-05-09T16:28:07.424+0100] {processor.py:830} INFO - Processing file /home/najma/airflow-venv/lib/python3.12/site-packages/airflow/example_dags/example_branch_operator_decorator.py for tasks to queue
[2026-05-09T16:28:07.425+0100] {logging_mixin.py:188} INFO - [2026-05-09T16:28:07.425+0100] {dagbag.py:540} INFO - Filling up the DagBag from /home/najma/airflow-venv/lib/python3.12/site-packages/airflow/example_dags/example_branch_operator_decorator.py
[2026-05-09T16:28:07.531+0100] {processor.py:842} WARNING - No viable dags retrieved from /home/najma/airflow-venv/lib/python3.12/site-packages/airflow/example_dags/example_branch_operator_decorator.py
[2026-05-09T16:28:07.560+0100] {processor.py:183} INFO - Processing /home/najma/airflow-venv/lib/python3.12/site-packages/airflow/example_dags/example_branch_operator_decorator.py took 0.142 seconds
[2026-05-09T16:28:18.730+0100] {processor.py:161} INFO - Started process (PID=22328) to work on /home/najma/airflow-venv/lib/python3.12/site-packages/airflow/example_dags/example_branch_operator_decorator.py
[2026-05-09T16:28:18.732+0100] {processor.py:830} INFO - Processing file /home/najma/airflow-venv/lib/python3.12/site-packages/airflow/example_dags/example_branch_operator_decorator.py for tasks to queue
[2026-05-09T16:28:18.734+0100] {logging_mixin.py:188} INFO - [2026-05-09T16:28:18.733+0100] {dagbag.py:540} INFO - Filling up the DagBag from /home/najma/airflow-venv/lib/python3.12/site-packages/airflow/example_dags/example_branch_operator_decorator.py
[2026-05-09T16:28:18.821+0100] {processor.py:842} WARNING - No viable dags retrieved from /home/najma/airflow-venv/lib/python3.12/site-packages/airflow/example_dags/example_branch_operator_decorator.py
[2026-05-09T16:28:18.847+0100] {processor.py:183} INFO - Processing /home/najma/airflow-venv/lib/python3.12/site-packages/airflow/example_dags/example_branch_operator_decorator.py took 0.121 seconds
[2026-05-09T16:29:25.902+0100] {processor.py:161} INFO - Started process (PID=22435) to work on /home/najma/airflow-venv/lib/python3.12/site-packages/airflow/example_dags/example_branch_operator_decorator.py
[2026-05-09T16:29:25.903+0100] {processor.py:830} INFO - Processing file /home/najma/airflow-venv/lib/python3.12/site-packages/airflow/example_dags/example_branch_operator_decorator.py for tasks to queue
[2026-05-09T16:29:25.906+0100] {logging_mixin.py:188} INFO - [2026-05-09T16:29:25.905+0100] {dagbag.py:540} INFO - Filling up the DagBag from /home/najma/airflow-venv/lib/python3.12/site-packages/airflow/example_dags/example_branch_operator_decorator.py
[2026-05-09T16:29:26.043+0100] {processor.py:842} WARNING - No viable dags retrieved from /home/najma/airflow-venv/lib/python3.12/site-packages/airflow/example_dags/example_branch_operator_decorator.py
[2026-05-09T16:29:26.079+0100] {processor.py:183} INFO - Processing /home/najma/airflow-venv/lib/python3.12/site-packages/airflow/example_dags/example_branch_operator_decorator.py took 0.182 seconds
[2026-05-09T16:29:37.584+0100] {processor.py:161} INFO - Started process (PID=22453) to work on /home/najma/airflow-venv/lib/python3.12/site-packages/airflow/example_dags/example_branch_operator_decorator.py
[2026-05-09T16:29:37.589+0100] {processor.py:830} INFO - Processing file /home/najma/airflow-venv/lib/python3.12/site-packages/airflow/example_dags/example_branch_operator_decorator.py for tasks to queue
[2026-05-09T16:29:37.596+0100] {logging_mixin.py:188} INFO - [2026-05-09T16:29:37.595+0100] {dagbag.py:540} INFO - Filling up the DagBag from /home/najma/airflow-venv/lib/python3.12/site-packages/airflow/example_dags/example_branch_operator_decorator.py
[2026-05-09T16:29:37.791+0100] {processor.py:842} WARNING - No viable dags retrieved from /home/najma/airflow-venv/lib/python3.12/site-packages/airflow/example_dags/example_branch_operator_decorator.py
[2026-05-09T16:29:37.822+0100] {processor.py:183} INFO - Processing /home/najma/airflow-venv/lib/python3.12/site-packages/airflow/example_dags/example_branch_operator_decorator.py took 0.242 seconds
[2026-05-09T16:30:48.421+0100] {processor.py:161} INFO - Started process (PID=22568) to work on /home/najma/airflow-venv/lib/python3.12/site-packages/airflow/example_dags/example_branch_operator_decorator.py
[2026-05-09T16:30:48.423+0100] {processor.py:830} INFO - Processing file /home/najma/airflow-venv/lib/python3.12/site-packages/airflow/example_dags/example_branch_operator_decorator.py for tasks to queue
[2026-05-09T16:30:48.425+0100] {logging_mixin.py:188} INFO - [2026-05-09T16:30:48.425+0100] {dagbag.py:540} INFO - Filling up the DagBag from /home/najma/airflow-venv/lib/python3.12/site-packages/airflow/example_dags/example_branch_operator_decorator.py
[2026-05-09T16:30:48.536+0100] {processor.py:842} WARNING - No viable dags retrieved from /home/najma/airflow-venv/lib/python3.12/site-packages/airflow/example_dags/example_branch_operator_decorator.py
[2026-05-09T16:30:48.560+0100] {processor.py:183} INFO - Processing /home/najma/airflow-venv/lib/python3.12/site-packages/airflow/example_dags/example_branch_operator_decorator.py took 0.142 seconds
[2026-05-09T16:30:55.777+0100] {processor.py:161} INFO - Started process (PID=22579) to work on /home/najma/airflow-venv/lib/python3.12/site-packages/airflow/example_dags/example_branch_operator_decorator.py
[2026-05-09T16:30:55.778+0100] {processor.py:830} INFO - Processing file /home/najma/airflow-venv/lib/python3.12/site-packages/airflow/example_dags/example_branch_operator_decorator.py for tasks to queue
[2026-05-09T16:30:55.781+0100] {logging_mixin.py:188} INFO - [2026-05-09T16:30:55.780+0100] {dagbag.py:540} INFO - Filling up the DagBag from /home/najma/airflow-venv/lib/python3.12/site-packages/airflow/example_dags/example_branch_operator_decorator.py
[2026-05-09T16:30:55.889+0100] {processor.py:842} WARNING - No viable dags retrieved from /home/najma/airflow-venv/lib/python3.12/site-packages/airflow/example_dags/example_branch_operator_decorator.py
[2026-05-09T16:30:55.919+0100] {processor.py:183} INFO - Processing /home/najma/airflow-venv/lib/python3.12/site-packages/airflow/example_dags/example_branch_operator_decorator.py took 0.146 seconds
[2026-05-09T16:32:04.821+0100] {processor.py:161} INFO - Started process (PID=22692) to work on /home/najma/airflow-venv/lib/python3.12/site-packages/airflow/example_dags/example_branch_operator_decorator.py
[2026-05-09T16:32:04.822+0100] {processor.py:830} INFO - Processing file /home/najma/airflow-venv/lib/python3.12/site-packages/airflow/example_dags/example_branch_operator_decorator.py for tasks to queue
[2026-05-09T16:32:04.824+0100] {logging_mixin.py:188} INFO - [2026-05-09T16:32:04.823+0100] {dagbag.py:540} INFO - Filling up the DagBag from /home/najma/airflow-venv/lib/python3.12/site-packages/airflow/example_dags/example_branch_operator_decorator.py
[2026-05-09T16:32:04.916+0100] {processor.py:842} WARNING - No viable dags retrieved from /home/najma/airflow-venv/lib/python3.12/site-packages/airflow/example_dags/example_branch_operator_decorator.py
[2026-05-09T16:32:04.935+0100] {processor.py:183} INFO - Processing /home/najma/airflow-venv/lib/python3.12/site-packages/airflow/example_dags/example_branch_operator_decorator.py took 0.118 seconds
[2026-05-09T16:32:11.942+0100] {processor.py:161} INFO - Started process (PID=22706) to work on /home/najma/airflow-venv/lib/python3.12/site-packages/airflow/example_dags/example_branch_operator_decorator.py
[2026-05-09T16:32:11.943+0100] {processor.py:830} INFO - Processing file /home/najma/airflow-venv/lib/python3.12/site-packages/airflow/example_dags/example_branch_operator_decorator.py for tasks to queue
[2026-05-09T16:32:11.947+0100] {logging_mixin.py:188} INFO - [2026-05-09T16:32:11.946+0100] {dagbag.py:540} INFO - Filling up the DagBag from /home/najma/airflow-venv/lib/python3.12/site-packages/airflow/example_dags/example_branch_operator_decorator.py
[2026-05-09T16:32:12.091+0100] {processor.py:842} WARNING - No viable dags retrieved from /home/najma/airflow-venv/lib/python3.12/site-packages/airflow/example_dags/example_branch_operator_decorator.py
[2026-05-09T16:32:12.117+0100] {processor.py:183} INFO - Processing /home/najma/airflow-venv/lib/python3.12/site-packages/airflow/example_dags/example_branch_operator_decorator.py took 0.179 seconds
[2026-05-09T16:33:47.067+0100] {processor.py:161} INFO - Started process (PID=22845) to work on /home/najma/airflow-venv/lib/python3.12/site-packages/airflow/example_dags/example_branch_operator_decorator.py
[2026-05-09T16:33:47.098+0100] {processor.py:830} INFO - Processing file /home/najma/airflow-venv/lib/python3.12/site-packages/airflow/example_dags/example_branch_operator_decorator.py for tasks to queue
[2026-05-09T16:33:47.101+0100] {logging_mixin.py:188} INFO - [2026-05-09T16:33:47.100+0100] {dagbag.py:540} INFO - Filling up the DagBag from /home/najma/airflow-venv/lib/python3.12/site-packages/airflow/example_dags/example_branch_operator_decorator.py
[2026-05-09T16:33:47.226+0100] {processor.py:842} WARNING - No viable dags retrieved from /home/najma/airflow-venv/lib/python3.12/site-packages/airflow/example_dags/example_branch_operator_decorator.py
[2026-05-09T16:33:47.260+0100] {processor.py:183} INFO - Processing /home/najma/airflow-venv/lib/python3.12/site-packages/airflow/example_dags/example_branch_operator_decorator.py took 0.198 seconds
[2026-05-09T16:33:48.589+0100] {processor.py:161} INFO - Started process (PID=22847) to work on /home/najma/airflow-venv/lib/python3.12/site-packages/airflow/example_dags/example_branch_operator_decorator.py
[2026-05-09T16:33:48.590+0100] {processor.py:830} INFO - Processing file /home/najma/airflow-venv/lib/python3.12/site-packages/airflow/example_dags/example_branch_operator_decorator.py for tasks to queue
[2026-05-09T16:33:48.596+0100] {logging_mixin.py:188} INFO - [2026-05-09T16:33:48.595+0100] {dagbag.py:540} INFO - Filling up the DagBag from /home/najma/airflow-venv/lib/python3.12/site-packages/airflow/example_dags/example_branch_operator_decorator.py
[2026-05-09T16:33:48.694+0100] {processor.py:842} WARNING - No viable dags retrieved from /home/najma/airflow-venv/lib/python3.12/site-packages/airflow/example_dags/example_branch_operator_decorator.py
[2026-05-09T16:33:48.721+0100] {processor.py:183} INFO - Processing /home/najma/airflow-venv/lib/python3.12/site-packages/airflow/example_dags/example_branch_operator_decorator.py took 0.136 seconds
[2026-05-09T16:35:06.796+0100] {processor.py:161} INFO - Started process (PID=22986) to work on /home/najma/airflow-venv/lib/python3.12/site-packages/airflow/example_dags/example_branch_operator_decorator.py
[2026-05-09T16:35:06.798+0100] {processor.py:830} INFO - Processing file /home/najma/airflow-venv/lib/python3.12/site-packages/airflow/example_dags/example_branch_operator_decorator.py for tasks to queue
[2026-05-09T16:35:06.800+0100] {logging_mixin.py:188} INFO - [2026-05-09T16:35:06.800+0100] {dagbag.py:540} INFO - Filling up the DagBag from /home/najma/airflow-venv/lib/python3.12/site-packages/airflow/example_dags/example_branch_operator_decorator.py
[2026-05-09T16:35:06.903+0100] {processor.py:842} WARNING - No viable dags retrieved from /home/najma/airflow-venv/lib/python3.12/site-packages/airflow/example_dags/example_branch_operator_decorator.py
[2026-05-09T16:35:06.927+0100] {processor.py:183} INFO - Processing /home/najma/airflow-venv/lib/python3.12/site-packages/airflow/example_dags/example_branch_operator_decorator.py took 0.135 seconds
[2026-05-09T16:35:10.421+0100] {processor.py:161} INFO - Started process (PID=22992) to work on /home/najma/airflow-venv/lib/python3.12/site-packages/airflow/example_dags/example_branch_operator_decorator.py
[2026-05-09T16:35:10.422+0100] {processor.py:830} INFO - Processing file /home/najma/airflow-venv/lib/python3.12/site-packages/airflow/example_dags/example_branch_operator_decorator.py for tasks to queue
[2026-05-09T16:35:10.424+0100] {logging_mixin.py:188} INFO - [2026-05-09T16:35:10.424+0100] {dagbag.py:540} INFO - Filling up the DagBag from /home/najma/airflow-venv/lib/python3.12/site-packages/airflow/example_dags/example_branch_operator_decorator.py
[2026-05-09T16:35:10.576+0100] {processor.py:842} WARNING - No viable dags retrieved from /home/najma/airflow-venv/lib/python3.12/site-packages/airflow/example_dags/example_branch_operator_decorator.py
[2026-05-09T16:35:10.608+0100] {processor.py:183} INFO - Processing /home/najma/airflow-venv/lib/python3.12/site-packages/airflow/example_dags/example_branch_operator_decorator.py took 0.191 seconds
[2026-05-09T16:36:29.161+0100] {processor.py:161} INFO - Started process (PID=23115) to work on /home/najma/airflow-venv/lib/python3.12/site-packages/airflow/example_dags/example_branch_operator_decorator.py
[2026-05-09T16:36:29.163+0100] {processor.py:830} INFO - Processing file /home/najma/airflow-venv/lib/python3.12/site-packages/airflow/example_dags/example_branch_operator_decorator.py for tasks to queue
[2026-05-09T16:36:29.165+0100] {logging_mixin.py:188} INFO - [2026-05-09T16:36:29.165+0100] {dagbag.py:540} INFO - Filling up the DagBag from /home/najma/airflow-venv/lib/python3.12/site-packages/airflow/example_dags/example_branch_operator_decorator.py
[2026-05-09T16:36:29.334+0100] {processor.py:842} WARNING - No viable dags retrieved from /home/najma/airflow-venv/lib/python3.12/site-packages/airflow/example_dags/example_branch_operator_decorator.py
[2026-05-09T16:36:29.357+0100] {processor.py:183} INFO - Processing /home/najma/airflow-venv/lib/python3.12/site-packages/airflow/example_dags/example_branch_operator_decorator.py took 0.199 seconds
[2026-05-09T16:36:32.836+0100] {processor.py:161} INFO - Started process (PID=23121) to work on /home/najma/airflow-venv/lib/python3.12/site-packages/airflow/example_dags/example_branch_operator_decorator.py
[2026-05-09T16:36:32.838+0100] {processor.py:830} INFO - Processing file /home/najma/airflow-venv/lib/python3.12/site-packages/airflow/example_dags/example_branch_operator_decorator.py for tasks to queue
[2026-05-09T16:36:32.840+0100] {logging_mixin.py:188} INFO - [2026-05-09T16:36:32.840+0100] {dagbag.py:540} INFO - Filling up the DagBag from /home/najma/airflow-venv/lib/python3.12/site-packages/airflow/example_dags/example_branch_operator_decorator.py
[2026-05-09T16:36:32.948+0100] {processor.py:842} WARNING - No viable dags retrieved from /home/najma/airflow-venv/lib/python3.12/site-packages/airflow/example_dags/example_branch_operator_decorator.py
[2026-05-09T16:36:32.970+0100] {processor.py:183} INFO - Processing /home/najma/airflow-venv/lib/python3.12/site-packages/airflow/example_dags/example_branch_operator_decorator.py took 0.139 seconds
[2026-05-09T16:37:57.867+0100] {processor.py:161} INFO - Started process (PID=23243) to work on /home/najma/airflow-venv/lib/python3.12/site-packages/airflow/example_dags/example_branch_operator_decorator.py
[2026-05-09T16:37:57.869+0100] {processor.py:830} INFO - Processing file /home/najma/airflow-venv/lib/python3.12/site-packages/airflow/example_dags/example_branch_operator_decorator.py for tasks to queue
[2026-05-09T16:37:57.870+0100] {logging_mixin.py:188} INFO - [2026-05-09T16:37:57.870+0100] {dagbag.py:540} INFO - Filling up the DagBag from /home/najma/airflow-venv/lib/python3.12/site-packages/airflow/example_dags/example_branch_operator_decorator.py
[2026-05-09T16:37:57.960+0100] {processor.py:842} WARNING - No viable dags retrieved from /home/najma/airflow-venv/lib/python3.12/site-packages/airflow/example_dags/example_branch_operator_decorator.py
[2026-05-09T16:37:57.982+0100] {processor.py:183} INFO - Processing /home/najma/airflow-venv/lib/python3.12/site-packages/airflow/example_dags/example_branch_operator_decorator.py took 0.119 seconds
[2026-05-09T16:38:05.567+0100] {processor.py:161} INFO - Started process (PID=23253) to work on /home/najma/airflow-venv/lib/python3.12/site-packages/airflow/example_dags/example_branch_operator_decorator.py
[2026-05-09T16:38:05.568+0100] {processor.py:830} INFO - Processing file /home/najma/airflow-venv/lib/python3.12/site-packages/airflow/example_dags/example_branch_operator_decorator.py for tasks to queue
[2026-05-09T16:38:05.570+0100] {logging_mixin.py:188} INFO - [2026-05-09T16:38:05.570+0100] {dagbag.py:540} INFO - Filling up the DagBag from /home/najma/airflow-venv/lib/python3.12/site-packages/airflow/example_dags/example_branch_operator_decorator.py
[2026-05-09T16:38:05.665+0100] {processor.py:842} WARNING - No viable dags retrieved from /home/najma/airflow-venv/lib/python3.12/site-packages/airflow/example_dags/example_branch_operator_decorator.py
[2026-05-09T16:38:05.686+0100] {processor.py:183} INFO - Processing /home/najma/airflow-venv/lib/python3.12/site-packages/airflow/example_dags/example_branch_operator_decorator.py took 0.123 seconds
[2026-05-09T16:39:50.312+0100] {processor.py:161} INFO - Started process (PID=23390) to work on /home/najma/airflow-venv/lib/python3.12/site-packages/airflow/example_dags/example_branch_operator_decorator.py
[2026-05-09T16:39:50.313+0100] {processor.py:830} INFO - Processing file /home/najma/airflow-venv/lib/python3.12/site-packages/airflow/example_dags/example_branch_operator_decorator.py for tasks to queue
[2026-05-09T16:39:50.316+0100] {logging_mixin.py:188} INFO - [2026-05-09T16:39:50.315+0100] {dagbag.py:540} INFO - Filling up the DagBag from /home/najma/airflow-venv/lib/python3.12/site-packages/airflow/example_dags/example_branch_operator_decorator.py
[2026-05-09T16:39:50.554+0100] {processor.py:842} WARNING - No viable dags retrieved from /home/najma/airflow-venv/lib/python3.12/site-packages/airflow/example_dags/example_branch_operator_decorator.py
[2026-05-09T16:39:50.598+0100] {processor.py:183} INFO - Processing /home/najma/airflow-venv/lib/python3.12/site-packages/airflow/example_dags/example_branch_operator_decorator.py took 0.292 seconds
[2026-05-09T16:39:55.296+0100] {processor.py:161} INFO - Started process (PID=23398) to work on /home/najma/airflow-venv/lib/python3.12/site-packages/airflow/example_dags/example_branch_operator_decorator.py
[2026-05-09T16:39:55.299+0100] {processor.py:830} INFO - Processing file /home/najma/airflow-venv/lib/python3.12/site-packages/airflow/example_dags/example_branch_operator_decorator.py for tasks to queue
[2026-05-09T16:39:55.309+0100] {logging_mixin.py:188} INFO - [2026-05-09T16:39:55.307+0100] {dagbag.py:540} INFO - Filling up the DagBag from /home/najma/airflow-venv/lib/python3.12/site-packages/airflow/example_dags/example_branch_operator_decorator.py
[2026-05-09T16:39:55.513+0100] {processor.py:842} WARNING - No viable dags retrieved from /home/najma/airflow-venv/lib/python3.12/site-packages/airflow/example_dags/example_branch_operator_decorator.py
[2026-05-09T16:39:55.563+0100] {processor.py:183} INFO - Processing /home/najma/airflow-venv/lib/python3.12/site-packages/airflow/example_dags/example_branch_operator_decorator.py took 0.273 seconds
[2026-05-09T16:41:39.743+0100] {processor.py:161} INFO - Started process (PID=23543) to work on /home/najma/airflow-venv/lib/python3.12/site-packages/airflow/example_dags/example_branch_operator_decorator.py
[2026-05-09T16:41:39.745+0100] {processor.py:830} INFO - Processing file /home/najma/airflow-venv/lib/python3.12/site-packages/airflow/example_dags/example_branch_operator_decorator.py for tasks to queue
[2026-05-09T16:41:39.749+0100] {logging_mixin.py:188} INFO - [2026-05-09T16:41:39.748+0100] {dagbag.py:540} INFO - Filling up the DagBag from /home/najma/airflow-venv/lib/python3.12/site-packages/airflow/example_dags/example_branch_operator_decorator.py
[2026-05-09T16:41:39.967+0100] {processor.py:842} WARNING - No viable dags retrieved from /home/najma/airflow-venv/lib/python3.12/site-packages/airflow/example_dags/example_branch_operator_decorator.py
[2026-05-09T16:41:40.032+0100] {processor.py:183} INFO - Processing /home/najma/airflow-venv/lib/python3.12/site-packages/airflow/example_dags/example_branch_operator_decorator.py took 0.296 seconds
[2026-05-09T16:41:41.150+0100] {processor.py:161} INFO - Started process (PID=23544) to work on /home/najma/airflow-venv/lib/python3.12/site-packages/airflow/example_dags/example_branch_operator_decorator.py
[2026-05-09T16:41:41.153+0100] {processor.py:830} INFO - Processing file /home/najma/airflow-venv/lib/python3.12/site-packages/airflow/example_dags/example_branch_operator_decorator.py for tasks to queue
[2026-05-09T16:41:41.156+0100] {logging_mixin.py:188} INFO - [2026-05-09T16:41:41.155+0100] {dagbag.py:540} INFO - Filling up the DagBag from /home/najma/airflow-venv/lib/python3.12/site-packages/airflow/example_dags/example_branch_operator_decorator.py
[2026-05-09T16:41:41.342+0100] {processor.py:842} WARNING - No viable dags retrieved from /home/najma/airflow-venv/lib/python3.12/site-packages/airflow/example_dags/example_branch_operator_decorator.py
[2026-05-09T16:41:41.385+0100] {processor.py:183} INFO - Processing /home/najma/airflow-venv/lib/python3.12/site-packages/airflow/example_dags/example_branch_operator_decorator.py took 0.247 seconds
[2026-05-09T16:43:34.496+0100] {processor.py:161} INFO - Started process (PID=23689) to work on /home/najma/airflow-venv/lib/python3.12/site-packages/airflow/example_dags/example_branch_operator_decorator.py
[2026-05-09T16:43:34.509+0100] {processor.py:830} INFO - Processing file /home/najma/airflow-venv/lib/python3.12/site-packages/airflow/example_dags/example_branch_operator_decorator.py for tasks to queue
[2026-05-09T16:43:34.512+0100] {logging_mixin.py:188} INFO - [2026-05-09T16:43:34.511+0100] {dagbag.py:540} INFO - Filling up the DagBag from /home/najma/airflow-venv/lib/python3.12/site-packages/airflow/example_dags/example_branch_operator_decorator.py
[2026-05-09T16:43:34.708+0100] {processor.py:842} WARNING - No viable dags retrieved from /home/najma/airflow-venv/lib/python3.12/site-packages/airflow/example_dags/example_branch_operator_decorator.py
[2026-05-09T16:43:34.753+0100] {processor.py:183} INFO - Processing /home/najma/airflow-venv/lib/python3.12/site-packages/airflow/example_dags/example_branch_operator_decorator.py took 0.265 seconds
[2026-05-09T16:43:36.728+0100] {processor.py:161} INFO - Started process (PID=23692) to work on /home/najma/airflow-venv/lib/python3.12/site-packages/airflow/example_dags/example_branch_operator_decorator.py
[2026-05-09T16:43:36.730+0100] {processor.py:830} INFO - Processing file /home/najma/airflow-venv/lib/python3.12/site-packages/airflow/example_dags/example_branch_operator_decorator.py for tasks to queue
[2026-05-09T16:43:36.733+0100] {logging_mixin.py:188} INFO - [2026-05-09T16:43:36.732+0100] {dagbag.py:540} INFO - Filling up the DagBag from /home/najma/airflow-venv/lib/python3.12/site-packages/airflow/example_dags/example_branch_operator_decorator.py
[2026-05-09T16:43:36.929+0100] {processor.py:842} WARNING - No viable dags retrieved from /home/najma/airflow-venv/lib/python3.12/site-packages/airflow/example_dags/example_branch_operator_decorator.py
[2026-05-09T16:43:36.981+0100] {processor.py:183} INFO - Processing /home/najma/airflow-venv/lib/python3.12/site-packages/airflow/example_dags/example_branch_operator_decorator.py took 0.261 seconds
[2026-05-09T16:45:20.405+0100] {processor.py:161} INFO - Started process (PID=23830) to work on /home/najma/airflow-venv/lib/python3.12/site-packages/airflow/example_dags/example_branch_operator_decorator.py
[2026-05-09T16:45:20.408+0100] {processor.py:830} INFO - Processing file /home/najma/airflow-venv/lib/python3.12/site-packages/airflow/example_dags/example_branch_operator_decorator.py for tasks to queue
[2026-05-09T16:45:20.415+0100] {logging_mixin.py:188} INFO - [2026-05-09T16:45:20.415+0100] {dagbag.py:540} INFO - Filling up the DagBag from /home/najma/airflow-venv/lib/python3.12/site-packages/airflow/example_dags/example_branch_operator_decorator.py
[2026-05-09T16:45:20.636+0100] {processor.py:842} WARNING - No viable dags retrieved from /home/najma/airflow-venv/lib/python3.12/site-packages/airflow/example_dags/example_branch_operator_decorator.py
[2026-05-09T16:45:20.694+0100] {processor.py:183} INFO - Processing /home/najma/airflow-venv/lib/python3.12/site-packages/airflow/example_dags/example_branch_operator_decorator.py took 0.298 seconds
[2026-05-09T16:45:35.540+0100] {processor.py:161} INFO - Started process (PID=23850) to work on /home/najma/airflow-venv/lib/python3.12/site-packages/airflow/example_dags/example_branch_operator_decorator.py
[2026-05-09T16:45:35.542+0100] {processor.py:830} INFO - Processing file /home/najma/airflow-venv/lib/python3.12/site-packages/airflow/example_dags/example_branch_operator_decorator.py for tasks to queue
[2026-05-09T16:45:35.545+0100] {logging_mixin.py:188} INFO - [2026-05-09T16:45:35.544+0100] {dagbag.py:540} INFO - Filling up the DagBag from /home/najma/airflow-venv/lib/python3.12/site-packages/airflow/example_dags/example_branch_operator_decorator.py
[2026-05-09T16:45:35.745+0100] {processor.py:842} WARNING - No viable dags retrieved from /home/najma/airflow-venv/lib/python3.12/site-packages/airflow/example_dags/example_branch_operator_decorator.py
[2026-05-09T16:45:35.797+0100] {processor.py:183} INFO - Processing /home/najma/airflow-venv/lib/python3.12/site-packages/airflow/example_dags/example_branch_operator_decorator.py took 0.264 seconds
[2026-05-09T16:47:26.749+0100] {processor.py:161} INFO - Started process (PID=23983) to work on /home/najma/airflow-venv/lib/python3.12/site-packages/airflow/example_dags/example_branch_operator_decorator.py
[2026-05-09T16:47:26.752+0100] {processor.py:830} INFO - Processing file /home/najma/airflow-venv/lib/python3.12/site-packages/airflow/example_dags/example_branch_operator_decorator.py for tasks to queue
[2026-05-09T16:47:26.755+0100] {logging_mixin.py:188} INFO - [2026-05-09T16:47:26.754+0100] {dagbag.py:540} INFO - Filling up the DagBag from /home/najma/airflow-venv/lib/python3.12/site-packages/airflow/example_dags/example_branch_operator_decorator.py
[2026-05-09T16:47:27.017+0100] {processor.py:842} WARNING - No viable dags retrieved from /home/najma/airflow-venv/lib/python3.12/site-packages/airflow/example_dags/example_branch_operator_decorator.py
[2026-05-09T16:47:27.080+0100] {processor.py:183} INFO - Processing /home/najma/airflow-venv/lib/python3.12/site-packages/airflow/example_dags/example_branch_operator_decorator.py took 0.346 seconds
[2026-05-09T16:47:51.140+0100] {processor.py:161} INFO - Started process (PID=24008) to work on /home/najma/airflow-venv/lib/python3.12/site-packages/airflow/example_dags/example_branch_operator_decorator.py
[2026-05-09T16:47:51.142+0100] {processor.py:830} INFO - Processing file /home/najma/airflow-venv/lib/python3.12/site-packages/airflow/example_dags/example_branch_operator_decorator.py for tasks to queue
[2026-05-09T16:47:51.146+0100] {logging_mixin.py:188} INFO - [2026-05-09T16:47:51.145+0100] {dagbag.py:540} INFO - Filling up the DagBag from /home/najma/airflow-venv/lib/python3.12/site-packages/airflow/example_dags/example_branch_operator_decorator.py
[2026-05-09T16:47:51.403+0100] {processor.py:842} WARNING - No viable dags retrieved from /home/najma/airflow-venv/lib/python3.12/site-packages/airflow/example_dags/example_branch_operator_decorator.py
[2026-05-09T16:47:51.459+0100] {processor.py:183} INFO - Processing /home/najma/airflow-venv/lib/python3.12/site-packages/airflow/example_dags/example_branch_operator_decorator.py took 0.328 seconds
[2026-05-09T16:49:51.614+0100] {processor.py:161} INFO - Started process (PID=24140) to work on /home/najma/airflow-venv/lib/python3.12/site-packages/airflow/example_dags/example_branch_operator_decorator.py
[2026-05-09T16:49:51.617+0100] {processor.py:830} INFO - Processing file /home/najma/airflow-venv/lib/python3.12/site-packages/airflow/example_dags/example_branch_operator_decorator.py for tasks to queue
[2026-05-09T16:49:51.621+0100] {logging_mixin.py:188} INFO - [2026-05-09T16:49:51.620+0100] {dagbag.py:540} INFO - Filling up the DagBag from /home/najma/airflow-venv/lib/python3.12/site-packages/airflow/example_dags/example_branch_operator_decorator.py
[2026-05-09T16:49:51.853+0100] {processor.py:842} WARNING - No viable dags retrieved from /home/najma/airflow-venv/lib/python3.12/site-packages/airflow/example_dags/example_branch_operator_decorator.py
[2026-05-09T16:49:51.905+0100] {processor.py:183} INFO - Processing /home/najma/airflow-venv/lib/python3.12/site-packages/airflow/example_dags/example_branch_operator_decorator.py took 0.299 seconds
[2026-05-09T16:50:11.759+0100] {processor.py:161} INFO - Started process (PID=24165) to work on /home/najma/airflow-venv/lib/python3.12/site-packages/airflow/example_dags/example_branch_operator_decorator.py
[2026-05-09T16:50:11.761+0100] {processor.py:830} INFO - Processing file /home/najma/airflow-venv/lib/python3.12/site-packages/airflow/example_dags/example_branch_operator_decorator.py for tasks to queue
[2026-05-09T16:50:11.764+0100] {logging_mixin.py:188} INFO - [2026-05-09T16:50:11.764+0100] {dagbag.py:540} INFO - Filling up the DagBag from /home/najma/airflow-venv/lib/python3.12/site-packages/airflow/example_dags/example_branch_operator_decorator.py
[2026-05-09T16:50:12.000+0100] {processor.py:842} WARNING - No viable dags retrieved from /home/najma/airflow-venv/lib/python3.12/site-packages/airflow/example_dags/example_branch_operator_decorator.py
[2026-05-09T16:50:12.046+0100] {processor.py:183} INFO - Processing /home/najma/airflow-venv/lib/python3.12/site-packages/airflow/example_dags/example_branch_operator_decorator.py took 0.301 seconds
[2026-05-09T16:51:58.416+0100] {processor.py:161} INFO - Started process (PID=24295) to work on /home/najma/airflow-venv/lib/python3.12/site-packages/airflow/example_dags/example_branch_operator_decorator.py
[2026-05-09T16:51:58.419+0100] {processor.py:830} INFO - Processing file /home/najma/airflow-venv/lib/python3.12/site-packages/airflow/example_dags/example_branch_operator_decorator.py for tasks to queue
[2026-05-09T16:51:58.422+0100] {logging_mixin.py:188} INFO - [2026-05-09T16:51:58.422+0100] {dagbag.py:540} INFO - Filling up the DagBag from /home/najma/airflow-venv/lib/python3.12/site-packages/airflow/example_dags/example_branch_operator_decorator.py
[2026-05-09T16:51:58.667+0100] {processor.py:842} WARNING - No viable dags retrieved from /home/najma/airflow-venv/lib/python3.12/site-packages/airflow/example_dags/example_branch_operator_decorator.py
[2026-05-09T16:51:58.717+0100] {processor.py:183} INFO - Processing /home/najma/airflow-venv/lib/python3.12/site-packages/airflow/example_dags/example_branch_operator_decorator.py took 0.313 seconds
[2026-05-09T16:52:18.341+0100] {processor.py:161} INFO - Started process (PID=24319) to work on /home/najma/airflow-venv/lib/python3.12/site-packages/airflow/example_dags/example_branch_operator_decorator.py
[2026-05-09T16:52:18.343+0100] {processor.py:830} INFO - Processing file /home/najma/airflow-venv/lib/python3.12/site-packages/airflow/example_dags/example_branch_operator_decorator.py for tasks to queue
[2026-05-09T16:52:18.346+0100] {logging_mixin.py:188} INFO - [2026-05-09T16:52:18.345+0100] {dagbag.py:540} INFO - Filling up the DagBag from /home/najma/airflow-venv/lib/python3.12/site-packages/airflow/example_dags/example_branch_operator_decorator.py
[2026-05-09T16:52:18.628+0100] {processor.py:842} WARNING - No viable dags retrieved from /home/najma/airflow-venv/lib/python3.12/site-packages/airflow/example_dags/example_branch_operator_decorator.py
[2026-05-09T16:52:18.728+0100] {processor.py:183} INFO - Processing /home/najma/airflow-venv/lib/python3.12/site-packages/airflow/example_dags/example_branch_operator_decorator.py took 0.395 seconds
[2026-05-09T16:54:06.095+0100] {processor.py:161} INFO - Started process (PID=24417) to work on /home/najma/airflow-venv/lib/python3.12/site-packages/airflow/example_dags/example_branch_operator_decorator.py
[2026-05-09T16:54:06.097+0100] {processor.py:830} INFO - Processing file /home/najma/airflow-venv/lib/python3.12/site-packages/airflow/example_dags/example_branch_operator_decorator.py for tasks to queue
[2026-05-09T16:54:06.101+0100] {logging_mixin.py:188} INFO - [2026-05-09T16:54:06.100+0100] {dagbag.py:540} INFO - Filling up the DagBag from /home/najma/airflow-venv/lib/python3.12/site-packages/airflow/example_dags/example_branch_operator_decorator.py
[2026-05-09T16:54:06.436+0100] {processor.py:842} WARNING - No viable dags retrieved from /home/najma/airflow-venv/lib/python3.12/site-packages/airflow/example_dags/example_branch_operator_decorator.py
[2026-05-09T16:54:06.502+0100] {processor.py:183} INFO - Processing /home/najma/airflow-venv/lib/python3.12/site-packages/airflow/example_dags/example_branch_operator_decorator.py took 0.415 seconds
[2026-05-09T16:55:41.757+0100] {processor.py:161} INFO - Started process (PID=24503) to work on /home/najma/airflow-venv/lib/python3.12/site-packages/airflow/example_dags/example_branch_operator_decorator.py
[2026-05-09T16:55:41.816+0100] {processor.py:830} INFO - Processing file /home/najma/airflow-venv/lib/python3.12/site-packages/airflow/example_dags/example_branch_operator_decorator.py for tasks to queue
[2026-05-09T16:55:41.863+0100] {logging_mixin.py:188} INFO - [2026-05-09T16:55:41.862+0100] {dagbag.py:540} INFO - Filling up the DagBag from /home/najma/airflow-venv/lib/python3.12/site-packages/airflow/example_dags/example_branch_operator_decorator.py
[2026-05-09T16:55:44.553+0100] {processor.py:842} WARNING - No viable dags retrieved from /home/najma/airflow-venv/lib/python3.12/site-packages/airflow/example_dags/example_branch_operator_decorator.py
[2026-05-09T16:55:44.693+0100] {processor.py:183} INFO - Processing /home/najma/airflow-venv/lib/python3.12/site-packages/airflow/example_dags/example_branch_operator_decorator.py took 2.953 seconds
[2026-05-09T16:57:48.821+0100] {processor.py:161} INFO - Started process (PID=24622) to work on /home/najma/airflow-venv/lib/python3.12/site-packages/airflow/example_dags/example_branch_operator_decorator.py
[2026-05-09T16:57:48.823+0100] {processor.py:830} INFO - Processing file /home/najma/airflow-venv/lib/python3.12/site-packages/airflow/example_dags/example_branch_operator_decorator.py for tasks to queue
[2026-05-09T16:57:48.825+0100] {logging_mixin.py:188} INFO - [2026-05-09T16:57:48.825+0100] {dagbag.py:540} INFO - Filling up the DagBag from /home/najma/airflow-venv/lib/python3.12/site-packages/airflow/example_dags/example_branch_operator_decorator.py
[2026-05-09T16:57:49.024+0100] {processor.py:842} WARNING - No viable dags retrieved from /home/najma/airflow-venv/lib/python3.12/site-packages/airflow/example_dags/example_branch_operator_decorator.py
[2026-05-09T16:57:49.140+0100] {processor.py:183} INFO - Processing /home/najma/airflow-venv/lib/python3.12/site-packages/airflow/example_dags/example_branch_operator_decorator.py took 0.324 seconds
[2026-05-09T16:58:55.715+0100] {processor.py:161} INFO - Started process (PID=24701) to work on /home/najma/airflow-venv/lib/python3.12/site-packages/airflow/example_dags/example_branch_operator_decorator.py
[2026-05-09T16:58:55.716+0100] {processor.py:830} INFO - Processing file /home/najma/airflow-venv/lib/python3.12/site-packages/airflow/example_dags/example_branch_operator_decorator.py for tasks to queue
[2026-05-09T16:58:55.718+0100] {logging_mixin.py:188} INFO - [2026-05-09T16:58:55.718+0100] {dagbag.py:540} INFO - Filling up the DagBag from /home/najma/airflow-venv/lib/python3.12/site-packages/airflow/example_dags/example_branch_operator_decorator.py
[2026-05-09T16:58:55.901+0100] {processor.py:842} WARNING - No viable dags retrieved from /home/najma/airflow-venv/lib/python3.12/site-packages/airflow/example_dags/example_branch_operator_decorator.py
[2026-05-09T16:58:55.982+0100] {processor.py:183} INFO - Processing /home/najma/airflow-venv/lib/python3.12/site-packages/airflow/example_dags/example_branch_operator_decorator.py took 0.272 seconds
[2026-05-09T16:59:44.527+0100] {processor.py:161} INFO - Started process (PID=24787) to work on /home/najma/airflow-venv/lib/python3.12/site-packages/airflow/example_dags/example_branch_operator_decorator.py
[2026-05-09T16:59:44.528+0100] {processor.py:830} INFO - Processing file /home/najma/airflow-venv/lib/python3.12/site-packages/airflow/example_dags/example_branch_operator_decorator.py for tasks to queue
[2026-05-09T16:59:44.530+0100] {logging_mixin.py:188} INFO - [2026-05-09T16:59:44.529+0100] {dagbag.py:540} INFO - Filling up the DagBag from /home/najma/airflow-venv/lib/python3.12/site-packages/airflow/example_dags/example_branch_operator_decorator.py
[2026-05-09T16:59:44.618+0100] {processor.py:842} WARNING - No viable dags retrieved from /home/najma/airflow-venv/lib/python3.12/site-packages/airflow/example_dags/example_branch_operator_decorator.py
[2026-05-09T16:59:44.639+0100] {processor.py:183} INFO - Processing /home/najma/airflow-venv/lib/python3.12/site-packages/airflow/example_dags/example_branch_operator_decorator.py took 0.117 seconds
[2026-05-09T17:00:23.716+0100] {processor.py:161} INFO - Started process (PID=24857) to work on /home/najma/airflow-venv/lib/python3.12/site-packages/airflow/example_dags/example_branch_operator_decorator.py
[2026-05-09T17:00:23.717+0100] {processor.py:830} INFO - Processing file /home/najma/airflow-venv/lib/python3.12/site-packages/airflow/example_dags/example_branch_operator_decorator.py for tasks to queue
[2026-05-09T17:00:23.719+0100] {logging_mixin.py:188} INFO - [2026-05-09T17:00:23.719+0100] {dagbag.py:540} INFO - Filling up the DagBag from /home/najma/airflow-venv/lib/python3.12/site-packages/airflow/example_dags/example_branch_operator_decorator.py
[2026-05-09T17:00:23.903+0100] {processor.py:842} WARNING - No viable dags retrieved from /home/najma/airflow-venv/lib/python3.12/site-packages/airflow/example_dags/example_branch_operator_decorator.py
[2026-05-09T17:00:23.927+0100] {processor.py:183} INFO - Processing /home/najma/airflow-venv/lib/python3.12/site-packages/airflow/example_dags/example_branch_operator_decorator.py took 0.216 seconds
[2026-05-09T17:00:52.051+0100] {processor.py:161} INFO - Started process (PID=24905) to work on /home/najma/airflow-venv/lib/python3.12/site-packages/airflow/example_dags/example_branch_operator_decorator.py
[2026-05-09T17:00:52.052+0100] {processor.py:830} INFO - Processing file /home/najma/airflow-venv/lib/python3.12/site-packages/airflow/example_dags/example_branch_operator_decorator.py for tasks to queue
[2026-05-09T17:00:52.054+0100] {logging_mixin.py:188} INFO - [2026-05-09T17:00:52.054+0100] {dagbag.py:540} INFO - Filling up the DagBag from /home/najma/airflow-venv/lib/python3.12/site-packages/airflow/example_dags/example_branch_operator_decorator.py
[2026-05-09T17:00:52.156+0100] {processor.py:842} WARNING - No viable dags retrieved from /home/najma/airflow-venv/lib/python3.12/site-packages/airflow/example_dags/example_branch_operator_decorator.py
[2026-05-09T17:00:52.179+0100] {processor.py:183} INFO - Processing /home/najma/airflow-venv/lib/python3.12/site-packages/airflow/example_dags/example_branch_operator_decorator.py took 0.132 seconds
[2026-05-09T17:01:30.789+0100] {processor.py:161} INFO - Started process (PID=24976) to work on /home/najma/airflow-venv/lib/python3.12/site-packages/airflow/example_dags/example_branch_operator_decorator.py
[2026-05-09T17:01:30.791+0100] {processor.py:830} INFO - Processing file /home/najma/airflow-venv/lib/python3.12/site-packages/airflow/example_dags/example_branch_operator_decorator.py for tasks to queue
[2026-05-09T17:01:30.792+0100] {logging_mixin.py:188} INFO - [2026-05-09T17:01:30.792+0100] {dagbag.py:540} INFO - Filling up the DagBag from /home/najma/airflow-venv/lib/python3.12/site-packages/airflow/example_dags/example_branch_operator_decorator.py
[2026-05-09T17:01:30.904+0100] {processor.py:842} WARNING - No viable dags retrieved from /home/najma/airflow-venv/lib/python3.12/site-packages/airflow/example_dags/example_branch_operator_decorator.py
[2026-05-09T17:01:30.933+0100] {processor.py:183} INFO - Processing /home/najma/airflow-venv/lib/python3.12/site-packages/airflow/example_dags/example_branch_operator_decorator.py took 0.148 seconds
[2026-05-09T17:02:14.139+0100] {processor.py:161} INFO - Started process (PID=25037) to work on /home/najma/airflow-venv/lib/python3.12/site-packages/airflow/example_dags/example_branch_operator_decorator.py
[2026-05-09T17:02:14.141+0100] {processor.py:830} INFO - Processing file /home/najma/airflow-venv/lib/python3.12/site-packages/airflow/example_dags/example_branch_operator_decorator.py for tasks to queue
[2026-05-09T17:02:14.144+0100] {logging_mixin.py:188} INFO - [2026-05-09T17:02:14.144+0100] {dagbag.py:540} INFO - Filling up the DagBag from /home/najma/airflow-venv/lib/python3.12/site-packages/airflow/example_dags/example_branch_operator_decorator.py
[2026-05-09T17:02:14.315+0100] {processor.py:842} WARNING - No viable dags retrieved from /home/najma/airflow-venv/lib/python3.12/site-packages/airflow/example_dags/example_branch_operator_decorator.py
[2026-05-09T17:02:14.346+0100] {processor.py:183} INFO - Processing /home/najma/airflow-venv/lib/python3.12/site-packages/airflow/example_dags/example_branch_operator_decorator.py took 0.213 seconds
[2026-05-09T17:03:02.782+0100] {processor.py:161} INFO - Started process (PID=25117) to work on /home/najma/airflow-venv/lib/python3.12/site-packages/airflow/example_dags/example_branch_operator_decorator.py
[2026-05-09T17:03:02.782+0100] {processor.py:830} INFO - Processing file /home/najma/airflow-venv/lib/python3.12/site-packages/airflow/example_dags/example_branch_operator_decorator.py for tasks to queue
[2026-05-09T17:03:02.784+0100] {logging_mixin.py:188} INFO - [2026-05-09T17:03:02.784+0100] {dagbag.py:540} INFO - Filling up the DagBag from /home/najma/airflow-venv/lib/python3.12/site-packages/airflow/example_dags/example_branch_operator_decorator.py
[2026-05-09T17:03:02.871+0100] {processor.py:842} WARNING - No viable dags retrieved from /home/najma/airflow-venv/lib/python3.12/site-packages/airflow/example_dags/example_branch_operator_decorator.py
[2026-05-09T17:03:02.890+0100] {processor.py:183} INFO - Processing /home/najma/airflow-venv/lib/python3.12/site-packages/airflow/example_dags/example_branch_operator_decorator.py took 0.113 seconds
[2026-05-09T17:03:42.454+0100] {processor.py:161} INFO - Started process (PID=25182) to work on /home/najma/airflow-venv/lib/python3.12/site-packages/airflow/example_dags/example_branch_operator_decorator.py
[2026-05-09T17:03:42.455+0100] {processor.py:830} INFO - Processing file /home/najma/airflow-venv/lib/python3.12/site-packages/airflow/example_dags/example_branch_operator_decorator.py for tasks to queue
[2026-05-09T17:03:42.457+0100] {logging_mixin.py:188} INFO - [2026-05-09T17:03:42.457+0100] {dagbag.py:540} INFO - Filling up the DagBag from /home/najma/airflow-venv/lib/python3.12/site-packages/airflow/example_dags/example_branch_operator_decorator.py
[2026-05-09T17:03:42.569+0100] {processor.py:842} WARNING - No viable dags retrieved from /home/najma/airflow-venv/lib/python3.12/site-packages/airflow/example_dags/example_branch_operator_decorator.py
[2026-05-09T17:03:42.594+0100] {processor.py:183} INFO - Processing /home/najma/airflow-venv/lib/python3.12/site-packages/airflow/example_dags/example_branch_operator_decorator.py took 0.145 seconds
[2026-05-09T17:04:20.365+0100] {processor.py:161} INFO - Started process (PID=25249) to work on /home/najma/airflow-venv/lib/python3.12/site-packages/airflow/example_dags/example_branch_operator_decorator.py
[2026-05-09T17:04:20.366+0100] {processor.py:830} INFO - Processing file /home/najma/airflow-venv/lib/python3.12/site-packages/airflow/example_dags/example_branch_operator_decorator.py for tasks to queue
[2026-05-09T17:04:20.368+0100] {logging_mixin.py:188} INFO - [2026-05-09T17:04:20.368+0100] {dagbag.py:540} INFO - Filling up the DagBag from /home/najma/airflow-venv/lib/python3.12/site-packages/airflow/example_dags/example_branch_operator_decorator.py
[2026-05-09T17:04:20.451+0100] {processor.py:842} WARNING - No viable dags retrieved from /home/najma/airflow-venv/lib/python3.12/site-packages/airflow/example_dags/example_branch_operator_decorator.py
[2026-05-09T17:04:20.472+0100] {processor.py:183} INFO - Processing /home/najma/airflow-venv/lib/python3.12/site-packages/airflow/example_dags/example_branch_operator_decorator.py took 0.112 seconds
[2026-05-09T17:52:47.449+0100] {processor.py:161} INFO - Started process (PID=25334) to work on /home/najma/airflow-venv/lib/python3.12/site-packages/airflow/example_dags/example_branch_operator_decorator.py
[2026-05-09T17:52:47.450+0100] {processor.py:830} INFO - Processing file /home/najma/airflow-venv/lib/python3.12/site-packages/airflow/example_dags/example_branch_operator_decorator.py for tasks to queue
[2026-05-09T17:52:47.453+0100] {logging_mixin.py:188} INFO - [2026-05-09T17:52:47.452+0100] {dagbag.py:540} INFO - Filling up the DagBag from /home/najma/airflow-venv/lib/python3.12/site-packages/airflow/example_dags/example_branch_operator_decorator.py
[2026-05-09T17:52:47.629+0100] {processor.py:842} WARNING - No viable dags retrieved from /home/najma/airflow-venv/lib/python3.12/site-packages/airflow/example_dags/example_branch_operator_decorator.py
[2026-05-09T17:52:47.654+0100] {processor.py:183} INFO - Processing /home/najma/airflow-venv/lib/python3.12/site-packages/airflow/example_dags/example_branch_operator_decorator.py took 0.210 seconds
[2026-05-09T17:53:46.187+0100] {processor.py:161} INFO - Started process (PID=25408) to work on /home/najma/airflow-venv/lib/python3.12/site-packages/airflow/example_dags/example_branch_operator_decorator.py
[2026-05-09T17:53:46.189+0100] {processor.py:830} INFO - Processing file /home/najma/airflow-venv/lib/python3.12/site-packages/airflow/example_dags/example_branch_operator_decorator.py for tasks to queue
[2026-05-09T17:53:46.191+0100] {logging_mixin.py:188} INFO - [2026-05-09T17:53:46.190+0100] {dagbag.py:540} INFO - Filling up the DagBag from /home/najma/airflow-venv/lib/python3.12/site-packages/airflow/example_dags/example_branch_operator_decorator.py
[2026-05-09T17:53:46.298+0100] {processor.py:842} WARNING - No viable dags retrieved from /home/najma/airflow-venv/lib/python3.12/site-packages/airflow/example_dags/example_branch_operator_decorator.py
[2026-05-09T17:53:46.320+0100] {processor.py:183} INFO - Processing /home/najma/airflow-venv/lib/python3.12/site-packages/airflow/example_dags/example_branch_operator_decorator.py took 0.137 seconds
[2026-05-09T17:54:38.161+0100] {processor.py:161} INFO - Started process (PID=25482) to work on /home/najma/airflow-venv/lib/python3.12/site-packages/airflow/example_dags/example_branch_operator_decorator.py
[2026-05-09T17:54:38.163+0100] {processor.py:830} INFO - Processing file /home/najma/airflow-venv/lib/python3.12/site-packages/airflow/example_dags/example_branch_operator_decorator.py for tasks to queue
[2026-05-09T17:54:38.166+0100] {logging_mixin.py:188} INFO - [2026-05-09T17:54:38.165+0100] {dagbag.py:540} INFO - Filling up the DagBag from /home/najma/airflow-venv/lib/python3.12/site-packages/airflow/example_dags/example_branch_operator_decorator.py
[2026-05-09T17:54:38.303+0100] {processor.py:842} WARNING - No viable dags retrieved from /home/najma/airflow-venv/lib/python3.12/site-packages/airflow/example_dags/example_branch_operator_decorator.py
[2026-05-09T17:54:38.336+0100] {processor.py:183} INFO - Processing /home/najma/airflow-venv/lib/python3.12/site-packages/airflow/example_dags/example_branch_operator_decorator.py took 0.180 seconds
[2026-05-09T17:55:22.862+0100] {processor.py:161} INFO - Started process (PID=25553) to work on /home/najma/airflow-venv/lib/python3.12/site-packages/airflow/example_dags/example_branch_operator_decorator.py
[2026-05-09T17:55:22.865+0100] {processor.py:830} INFO - Processing file /home/najma/airflow-venv/lib/python3.12/site-packages/airflow/example_dags/example_branch_operator_decorator.py for tasks to queue
[2026-05-09T17:55:22.867+0100] {logging_mixin.py:188} INFO - [2026-05-09T17:55:22.867+0100] {dagbag.py:540} INFO - Filling up the DagBag from /home/najma/airflow-venv/lib/python3.12/site-packages/airflow/example_dags/example_branch_operator_decorator.py
[2026-05-09T17:55:23.007+0100] {processor.py:842} WARNING - No viable dags retrieved from /home/najma/airflow-venv/lib/python3.12/site-packages/airflow/example_dags/example_branch_operator_decorator.py
[2026-05-09T17:55:23.042+0100] {processor.py:183} INFO - Processing /home/najma/airflow-venv/lib/python3.12/site-packages/airflow/example_dags/example_branch_operator_decorator.py took 0.184 seconds
[2026-05-09T17:56:01.427+0100] {processor.py:161} INFO - Started process (PID=25610) to work on /home/najma/airflow-venv/lib/python3.12/site-packages/airflow/example_dags/example_branch_operator_decorator.py
[2026-05-09T17:56:01.428+0100] {processor.py:830} INFO - Processing file /home/najma/airflow-venv/lib/python3.12/site-packages/airflow/example_dags/example_branch_operator_decorator.py for tasks to queue
[2026-05-09T17:56:01.433+0100] {logging_mixin.py:188} INFO - [2026-05-09T17:56:01.430+0100] {dagbag.py:540} INFO - Filling up the DagBag from /home/najma/airflow-venv/lib/python3.12/site-packages/airflow/example_dags/example_branch_operator_decorator.py
[2026-05-09T17:56:01.555+0100] {processor.py:842} WARNING - No viable dags retrieved from /home/najma/airflow-venv/lib/python3.12/site-packages/airflow/example_dags/example_branch_operator_decorator.py
[2026-05-09T17:56:01.577+0100] {processor.py:183} INFO - Processing /home/najma/airflow-venv/lib/python3.12/site-packages/airflow/example_dags/example_branch_operator_decorator.py took 0.154 seconds
[2026-05-09T17:56:42.818+0100] {processor.py:161} INFO - Started process (PID=25680) to work on /home/najma/airflow-venv/lib/python3.12/site-packages/airflow/example_dags/example_branch_operator_decorator.py
[2026-05-09T17:56:42.820+0100] {processor.py:830} INFO - Processing file /home/najma/airflow-venv/lib/python3.12/site-packages/airflow/example_dags/example_branch_operator_decorator.py for tasks to queue
[2026-05-09T17:56:42.822+0100] {logging_mixin.py:188} INFO - [2026-05-09T17:56:42.822+0100] {dagbag.py:540} INFO - Filling up the DagBag from /home/najma/airflow-venv/lib/python3.12/site-packages/airflow/example_dags/example_branch_operator_decorator.py
[2026-05-09T17:56:42.946+0100] {processor.py:842} WARNING - No viable dags retrieved from /home/najma/airflow-venv/lib/python3.12/site-packages/airflow/example_dags/example_branch_operator_decorator.py
[2026-05-09T17:56:42.975+0100] {processor.py:183} INFO - Processing /home/najma/airflow-venv/lib/python3.12/site-packages/airflow/example_dags/example_branch_operator_decorator.py took 0.163 seconds
[2026-05-09T17:57:17.027+0100] {processor.py:161} INFO - Started process (PID=25737) to work on /home/najma/airflow-venv/lib/python3.12/site-packages/airflow/example_dags/example_branch_operator_decorator.py
[2026-05-09T17:57:17.028+0100] {processor.py:830} INFO - Processing file /home/najma/airflow-venv/lib/python3.12/site-packages/airflow/example_dags/example_branch_operator_decorator.py for tasks to queue
[2026-05-09T17:57:17.041+0100] {logging_mixin.py:188} INFO - [2026-05-09T17:57:17.040+0100] {dagbag.py:540} INFO - Filling up the DagBag from /home/najma/airflow-venv/lib/python3.12/site-packages/airflow/example_dags/example_branch_operator_decorator.py
[2026-05-09T17:57:17.229+0100] {processor.py:842} WARNING - No viable dags retrieved from /home/najma/airflow-venv/lib/python3.12/site-packages/airflow/example_dags/example_branch_operator_decorator.py
[2026-05-09T17:57:17.321+0100] {processor.py:183} INFO - Processing /home/najma/airflow-venv/lib/python3.12/site-packages/airflow/example_dags/example_branch_operator_decorator.py took 0.299 seconds
[2026-05-09T17:58:02.130+0100] {processor.py:161} INFO - Started process (PID=25804) to work on /home/najma/airflow-venv/lib/python3.12/site-packages/airflow/example_dags/example_branch_operator_decorator.py
[2026-05-09T17:58:02.131+0100] {processor.py:830} INFO - Processing file /home/najma/airflow-venv/lib/python3.12/site-packages/airflow/example_dags/example_branch_operator_decorator.py for tasks to queue
[2026-05-09T17:58:02.134+0100] {logging_mixin.py:188} INFO - [2026-05-09T17:58:02.134+0100] {dagbag.py:540} INFO - Filling up the DagBag from /home/najma/airflow-venv/lib/python3.12/site-packages/airflow/example_dags/example_branch_operator_decorator.py
[2026-05-09T17:58:02.272+0100] {processor.py:842} WARNING - No viable dags retrieved from /home/najma/airflow-venv/lib/python3.12/site-packages/airflow/example_dags/example_branch_operator_decorator.py
[2026-05-09T17:58:02.302+0100] {processor.py:183} INFO - Processing /home/najma/airflow-venv/lib/python3.12/site-packages/airflow/example_dags/example_branch_operator_decorator.py took 0.177 seconds
[2026-05-09T17:58:34.560+0100] {processor.py:161} INFO - Started process (PID=25856) to work on /home/najma/airflow-venv/lib/python3.12/site-packages/airflow/example_dags/example_branch_operator_decorator.py
[2026-05-09T17:58:34.561+0100] {processor.py:830} INFO - Processing file /home/najma/airflow-venv/lib/python3.12/site-packages/airflow/example_dags/example_branch_operator_decorator.py for tasks to queue
[2026-05-09T17:58:34.563+0100] {logging_mixin.py:188} INFO - [2026-05-09T17:58:34.562+0100] {dagbag.py:540} INFO - Filling up the DagBag from /home/najma/airflow-venv/lib/python3.12/site-packages/airflow/example_dags/example_branch_operator_decorator.py
[2026-05-09T17:58:34.727+0100] {processor.py:842} WARNING - No viable dags retrieved from /home/najma/airflow-venv/lib/python3.12/site-packages/airflow/example_dags/example_branch_operator_decorator.py
[2026-05-09T17:58:34.755+0100] {processor.py:183} INFO - Processing /home/najma/airflow-venv/lib/python3.12/site-packages/airflow/example_dags/example_branch_operator_decorator.py took 0.199 seconds
[2026-05-09T17:59:15.156+0100] {processor.py:161} INFO - Started process (PID=25925) to work on /home/najma/airflow-venv/lib/python3.12/site-packages/airflow/example_dags/example_branch_operator_decorator.py
[2026-05-09T17:59:15.158+0100] {processor.py:830} INFO - Processing file /home/najma/airflow-venv/lib/python3.12/site-packages/airflow/example_dags/example_branch_operator_decorator.py for tasks to queue
[2026-05-09T17:59:15.160+0100] {logging_mixin.py:188} INFO - [2026-05-09T17:59:15.160+0100] {dagbag.py:540} INFO - Filling up the DagBag from /home/najma/airflow-venv/lib/python3.12/site-packages/airflow/example_dags/example_branch_operator_decorator.py
[2026-05-09T17:59:15.277+0100] {processor.py:842} WARNING - No viable dags retrieved from /home/najma/airflow-venv/lib/python3.12/site-packages/airflow/example_dags/example_branch_operator_decorator.py
[2026-05-09T17:59:15.311+0100] {processor.py:183} INFO - Processing /home/najma/airflow-venv/lib/python3.12/site-packages/airflow/example_dags/example_branch_operator_decorator.py took 0.159 seconds
[2026-05-09T17:59:47.892+0100] {processor.py:161} INFO - Started process (PID=25977) to work on /home/najma/airflow-venv/lib/python3.12/site-packages/airflow/example_dags/example_branch_operator_decorator.py
[2026-05-09T17:59:47.894+0100] {processor.py:830} INFO - Processing file /home/najma/airflow-venv/lib/python3.12/site-packages/airflow/example_dags/example_branch_operator_decorator.py for tasks to queue
[2026-05-09T17:59:47.899+0100] {logging_mixin.py:188} INFO - [2026-05-09T17:59:47.898+0100] {dagbag.py:540} INFO - Filling up the DagBag from /home/najma/airflow-venv/lib/python3.12/site-packages/airflow/example_dags/example_branch_operator_decorator.py
[2026-05-09T17:59:47.996+0100] {processor.py:842} WARNING - No viable dags retrieved from /home/najma/airflow-venv/lib/python3.12/site-packages/airflow/example_dags/example_branch_operator_decorator.py
[2026-05-09T17:59:48.021+0100] {processor.py:183} INFO - Processing /home/najma/airflow-venv/lib/python3.12/site-packages/airflow/example_dags/example_branch_operator_decorator.py took 0.134 seconds
[2026-05-09T18:00:22.352+0100] {processor.py:161} INFO - Started process (PID=26039) to work on /home/najma/airflow-venv/lib/python3.12/site-packages/airflow/example_dags/example_branch_operator_decorator.py
[2026-05-09T18:00:22.353+0100] {processor.py:830} INFO - Processing file /home/najma/airflow-venv/lib/python3.12/site-packages/airflow/example_dags/example_branch_operator_decorator.py for tasks to queue
[2026-05-09T18:00:22.355+0100] {logging_mixin.py:188} INFO - [2026-05-09T18:00:22.355+0100] {dagbag.py:540} INFO - Filling up the DagBag from /home/najma/airflow-venv/lib/python3.12/site-packages/airflow/example_dags/example_branch_operator_decorator.py
[2026-05-09T18:00:22.477+0100] {processor.py:842} WARNING - No viable dags retrieved from /home/najma/airflow-venv/lib/python3.12/site-packages/airflow/example_dags/example_branch_operator_decorator.py
[2026-05-09T18:00:22.499+0100] {processor.py:183} INFO - Processing /home/najma/airflow-venv/lib/python3.12/site-packages/airflow/example_dags/example_branch_operator_decorator.py took 0.156 seconds
[2026-05-09T18:01:03.815+0100] {processor.py:161} INFO - Started process (PID=26104) to work on /home/najma/airflow-venv/lib/python3.12/site-packages/airflow/example_dags/example_branch_operator_decorator.py
[2026-05-09T18:01:03.816+0100] {processor.py:830} INFO - Processing file /home/najma/airflow-venv/lib/python3.12/site-packages/airflow/example_dags/example_branch_operator_decorator.py for tasks to queue
[2026-05-09T18:01:03.818+0100] {logging_mixin.py:188} INFO - [2026-05-09T18:01:03.818+0100] {dagbag.py:540} INFO - Filling up the DagBag from /home/najma/airflow-venv/lib/python3.12/site-packages/airflow/example_dags/example_branch_operator_decorator.py
[2026-05-09T18:01:03.945+0100] {processor.py:842} WARNING - No viable dags retrieved from /home/najma/airflow-venv/lib/python3.12/site-packages/airflow/example_dags/example_branch_operator_decorator.py
[2026-05-09T18:01:03.972+0100] {processor.py:183} INFO - Processing /home/najma/airflow-venv/lib/python3.12/site-packages/airflow/example_dags/example_branch_operator_decorator.py took 0.161 seconds
[2026-05-09T18:01:42.478+0100] {processor.py:161} INFO - Started process (PID=26154) to work on /home/najma/airflow-venv/lib/python3.12/site-packages/airflow/example_dags/example_branch_operator_decorator.py
[2026-05-09T18:01:42.481+0100] {processor.py:830} INFO - Processing file /home/najma/airflow-venv/lib/python3.12/site-packages/airflow/example_dags/example_branch_operator_decorator.py for tasks to queue
[2026-05-09T18:01:42.484+0100] {logging_mixin.py:188} INFO - [2026-05-09T18:01:42.484+0100] {dagbag.py:540} INFO - Filling up the DagBag from /home/najma/airflow-venv/lib/python3.12/site-packages/airflow/example_dags/example_branch_operator_decorator.py
[2026-05-09T18:01:42.975+0100] {processor.py:842} WARNING - No viable dags retrieved from /home/najma/airflow-venv/lib/python3.12/site-packages/airflow/example_dags/example_branch_operator_decorator.py
[2026-05-09T18:01:43.007+0100] {processor.py:183} INFO - Processing /home/najma/airflow-venv/lib/python3.12/site-packages/airflow/example_dags/example_branch_operator_decorator.py took 0.533 seconds
[2026-05-09T18:02:48.121+0100] {processor.py:161} INFO - Started process (PID=26248) to work on /home/najma/airflow-venv/lib/python3.12/site-packages/airflow/example_dags/example_branch_operator_decorator.py
[2026-05-09T18:02:48.123+0100] {processor.py:830} INFO - Processing file /home/najma/airflow-venv/lib/python3.12/site-packages/airflow/example_dags/example_branch_operator_decorator.py for tasks to queue
[2026-05-09T18:02:48.125+0100] {logging_mixin.py:188} INFO - [2026-05-09T18:02:48.125+0100] {dagbag.py:540} INFO - Filling up the DagBag from /home/najma/airflow-venv/lib/python3.12/site-packages/airflow/example_dags/example_branch_operator_decorator.py
[2026-05-09T18:02:48.265+0100] {processor.py:842} WARNING - No viable dags retrieved from /home/najma/airflow-venv/lib/python3.12/site-packages/airflow/example_dags/example_branch_operator_decorator.py
[2026-05-09T18:02:48.296+0100] {processor.py:183} INFO - Processing /home/najma/airflow-venv/lib/python3.12/site-packages/airflow/example_dags/example_branch_operator_decorator.py took 0.181 seconds
[2026-05-09T18:09:00.279+0100] {processor.py:161} INFO - Started process (PID=26728) to work on /home/najma/airflow-venv/lib/python3.12/site-packages/airflow/example_dags/example_branch_operator_decorator.py
[2026-05-09T18:09:00.294+0100] {processor.py:830} INFO - Processing file /home/najma/airflow-venv/lib/python3.12/site-packages/airflow/example_dags/example_branch_operator_decorator.py for tasks to queue
[2026-05-09T18:09:00.301+0100] {logging_mixin.py:188} INFO - [2026-05-09T18:09:00.301+0100] {dagbag.py:540} INFO - Filling up the DagBag from /home/najma/airflow-venv/lib/python3.12/site-packages/airflow/example_dags/example_branch_operator_decorator.py
[2026-05-09T18:09:01.402+0100] {processor.py:842} WARNING - No viable dags retrieved from /home/najma/airflow-venv/lib/python3.12/site-packages/airflow/example_dags/example_branch_operator_decorator.py
[2026-05-09T18:09:01.434+0100] {processor.py:183} INFO - Processing /home/najma/airflow-venv/lib/python3.12/site-packages/airflow/example_dags/example_branch_operator_decorator.py took 1.163 seconds
[2026-05-09T18:09:04.357+0100] {processor.py:161} INFO - Started process (PID=26731) to work on /home/najma/airflow-venv/lib/python3.12/site-packages/airflow/example_dags/example_branch_operator_decorator.py
[2026-05-09T18:09:04.365+0100] {processor.py:830} INFO - Processing file /home/najma/airflow-venv/lib/python3.12/site-packages/airflow/example_dags/example_branch_operator_decorator.py for tasks to queue
[2026-05-09T18:09:04.373+0100] {logging_mixin.py:188} INFO - [2026-05-09T18:09:04.373+0100] {dagbag.py:540} INFO - Filling up the DagBag from /home/najma/airflow-venv/lib/python3.12/site-packages/airflow/example_dags/example_branch_operator_decorator.py
[2026-05-09T18:09:04.629+0100] {processor.py:842} WARNING - No viable dags retrieved from /home/najma/airflow-venv/lib/python3.12/site-packages/airflow/example_dags/example_branch_operator_decorator.py
[2026-05-09T18:09:04.665+0100] {processor.py:183} INFO - Processing /home/najma/airflow-venv/lib/python3.12/site-packages/airflow/example_dags/example_branch_operator_decorator.py took 0.316 seconds
