[2026-05-09T16:16:58.040+0100] {processor.py:161} INFO - Started process (PID=21502) to work on /home/najma/airflow-venv/lib/python3.12/site-packages/airflow/example_dags/example_branch_operator.py
[2026-05-09T16:16:58.042+0100] {processor.py:830} INFO - Processing file /home/najma/airflow-venv/lib/python3.12/site-packages/airflow/example_dags/example_branch_operator.py for tasks to queue
[2026-05-09T16:16:58.044+0100] {logging_mixin.py:188} INFO - [2026-05-09T16:16:58.043+0100] {dagbag.py:540} INFO - Filling up the DagBag from /home/najma/airflow-venv/lib/python3.12/site-packages/airflow/example_dags/example_branch_operator.py
[2026-05-09T16:16:58.481+0100] {processor.py:842} WARNING - No viable dags retrieved from /home/najma/airflow-venv/lib/python3.12/site-packages/airflow/example_dags/example_branch_operator.py
[2026-05-09T16:16:58.519+0100] {processor.py:183} INFO - Processing /home/najma/airflow-venv/lib/python3.12/site-packages/airflow/example_dags/example_branch_operator.py took 0.483 seconds
[2026-05-09T16:18:34.682+0100] {processor.py:161} INFO - Started process (PID=21579) to work on /home/najma/airflow-venv/lib/python3.12/site-packages/airflow/example_dags/example_branch_operator.py
[2026-05-09T16:18:34.685+0100] {processor.py:830} INFO - Processing file /home/najma/airflow-venv/lib/python3.12/site-packages/airflow/example_dags/example_branch_operator.py for tasks to queue
[2026-05-09T16:18:34.687+0100] {logging_mixin.py:188} INFO - [2026-05-09T16:18:34.686+0100] {dagbag.py:540} INFO - Filling up the DagBag from /home/najma/airflow-venv/lib/python3.12/site-packages/airflow/example_dags/example_branch_operator.py
[2026-05-09T16:18:34.786+0100] {processor.py:842} WARNING - No viable dags retrieved from /home/najma/airflow-venv/lib/python3.12/site-packages/airflow/example_dags/example_branch_operator.py
[2026-05-09T16:18:34.816+0100] {processor.py:183} INFO - Processing /home/najma/airflow-venv/lib/python3.12/site-packages/airflow/example_dags/example_branch_operator.py took 0.138 seconds
[2026-05-09T16:19:57.335+0100] {processor.py:161} INFO - Started process (PID=21650) to work on /home/najma/airflow-venv/lib/python3.12/site-packages/airflow/example_dags/example_branch_operator.py
[2026-05-09T16:19:57.336+0100] {processor.py:830} INFO - Processing file /home/najma/airflow-venv/lib/python3.12/site-packages/airflow/example_dags/example_branch_operator.py for tasks to queue
[2026-05-09T16:19:57.338+0100] {logging_mixin.py:188} INFO - [2026-05-09T16:19:57.338+0100] {dagbag.py:540} INFO - Filling up the DagBag from /home/najma/airflow-venv/lib/python3.12/site-packages/airflow/example_dags/example_branch_operator.py
[2026-05-09T16:19:57.471+0100] {processor.py:842} WARNING - No viable dags retrieved from /home/najma/airflow-venv/lib/python3.12/site-packages/airflow/example_dags/example_branch_operator.py
[2026-05-09T16:19:57.506+0100] {processor.py:183} INFO - Processing /home/najma/airflow-venv/lib/python3.12/site-packages/airflow/example_dags/example_branch_operator.py took 0.175 seconds
[2026-05-09T16:21:16.575+0100] {processor.py:161} INFO - Started process (PID=21725) to work on /home/najma/airflow-venv/lib/python3.12/site-packages/airflow/example_dags/example_branch_operator.py
[2026-05-09T16:21:16.577+0100] {processor.py:830} INFO - Processing file /home/najma/airflow-venv/lib/python3.12/site-packages/airflow/example_dags/example_branch_operator.py for tasks to queue
[2026-05-09T16:21:16.578+0100] {logging_mixin.py:188} INFO - [2026-05-09T16:21:16.578+0100] {dagbag.py:540} INFO - Filling up the DagBag from /home/najma/airflow-venv/lib/python3.12/site-packages/airflow/example_dags/example_branch_operator.py
[2026-05-09T16:21:16.694+0100] {processor.py:842} WARNING - No viable dags retrieved from /home/najma/airflow-venv/lib/python3.12/site-packages/airflow/example_dags/example_branch_operator.py
[2026-05-09T16:21:16.716+0100] {processor.py:183} INFO - Processing /home/najma/airflow-venv/lib/python3.12/site-packages/airflow/example_dags/example_branch_operator.py took 0.145 seconds
[2026-05-09T16:22:42.571+0100] {processor.py:161} INFO - Started process (PID=21798) to work on /home/najma/airflow-venv/lib/python3.12/site-packages/airflow/example_dags/example_branch_operator.py
[2026-05-09T16:22:42.588+0100] {processor.py:830} INFO - Processing file /home/najma/airflow-venv/lib/python3.12/site-packages/airflow/example_dags/example_branch_operator.py for tasks to queue
[2026-05-09T16:22:42.590+0100] {logging_mixin.py:188} INFO - [2026-05-09T16:22:42.589+0100] {dagbag.py:540} INFO - Filling up the DagBag from /home/najma/airflow-venv/lib/python3.12/site-packages/airflow/example_dags/example_branch_operator.py
[2026-05-09T16:22:42.755+0100] {processor.py:842} WARNING - No viable dags retrieved from /home/najma/airflow-venv/lib/python3.12/site-packages/airflow/example_dags/example_branch_operator.py
[2026-05-09T16:22:42.790+0100] {processor.py:183} INFO - Processing /home/najma/airflow-venv/lib/python3.12/site-packages/airflow/example_dags/example_branch_operator.py took 0.223 seconds
[2026-05-09T16:24:03.769+0100] {processor.py:161} INFO - Started process (PID=21913) to work on /home/najma/airflow-venv/lib/python3.12/site-packages/airflow/example_dags/example_branch_operator.py
[2026-05-09T16:24:03.770+0100] {processor.py:830} INFO - Processing file /home/najma/airflow-venv/lib/python3.12/site-packages/airflow/example_dags/example_branch_operator.py for tasks to queue
[2026-05-09T16:24:03.781+0100] {logging_mixin.py:188} INFO - [2026-05-09T16:24:03.772+0100] {dagbag.py:540} INFO - Filling up the DagBag from /home/najma/airflow-venv/lib/python3.12/site-packages/airflow/example_dags/example_branch_operator.py
[2026-05-09T16:24:04.000+0100] {processor.py:842} WARNING - No viable dags retrieved from /home/najma/airflow-venv/lib/python3.12/site-packages/airflow/example_dags/example_branch_operator.py
[2026-05-09T16:24:04.052+0100] {processor.py:183} INFO - Processing /home/najma/airflow-venv/lib/python3.12/site-packages/airflow/example_dags/example_branch_operator.py took 0.287 seconds
[2026-05-09T16:24:11.057+0100] {processor.py:161} INFO - Started process (PID=21924) to work on /home/najma/airflow-venv/lib/python3.12/site-packages/airflow/example_dags/example_branch_operator.py
[2026-05-09T16:24:11.060+0100] {processor.py:830} INFO - Processing file /home/najma/airflow-venv/lib/python3.12/site-packages/airflow/example_dags/example_branch_operator.py for tasks to queue
[2026-05-09T16:24:11.066+0100] {logging_mixin.py:188} INFO - [2026-05-09T16:24:11.065+0100] {dagbag.py:540} INFO - Filling up the DagBag from /home/najma/airflow-venv/lib/python3.12/site-packages/airflow/example_dags/example_branch_operator.py
[2026-05-09T16:24:11.232+0100] {processor.py:842} WARNING - No viable dags retrieved from /home/najma/airflow-venv/lib/python3.12/site-packages/airflow/example_dags/example_branch_operator.py
[2026-05-09T16:24:11.273+0100] {processor.py:183} INFO - Processing /home/najma/airflow-venv/lib/python3.12/site-packages/airflow/example_dags/example_branch_operator.py took 0.220 seconds
[2026-05-09T16:25:23.825+0100] {processor.py:161} INFO - Started process (PID=22045) to work on /home/najma/airflow-venv/lib/python3.12/site-packages/airflow/example_dags/example_branch_operator.py
[2026-05-09T16:25:23.830+0100] {processor.py:830} INFO - Processing file /home/najma/airflow-venv/lib/python3.12/site-packages/airflow/example_dags/example_branch_operator.py for tasks to queue
[2026-05-09T16:25:23.832+0100] {logging_mixin.py:188} INFO - [2026-05-09T16:25:23.832+0100] {dagbag.py:540} INFO - Filling up the DagBag from /home/najma/airflow-venv/lib/python3.12/site-packages/airflow/example_dags/example_branch_operator.py
[2026-05-09T16:25:23.916+0100] {processor.py:842} WARNING - No viable dags retrieved from /home/najma/airflow-venv/lib/python3.12/site-packages/airflow/example_dags/example_branch_operator.py
[2026-05-09T16:25:23.935+0100] {processor.py:183} INFO - Processing /home/najma/airflow-venv/lib/python3.12/site-packages/airflow/example_dags/example_branch_operator.py took 0.114 seconds
[2026-05-09T16:25:32.831+0100] {processor.py:161} INFO - Started process (PID=22061) to work on /home/najma/airflow-venv/lib/python3.12/site-packages/airflow/example_dags/example_branch_operator.py
[2026-05-09T16:25:32.832+0100] {processor.py:830} INFO - Processing file /home/najma/airflow-venv/lib/python3.12/site-packages/airflow/example_dags/example_branch_operator.py for tasks to queue
[2026-05-09T16:25:32.833+0100] {logging_mixin.py:188} INFO - [2026-05-09T16:25:32.833+0100] {dagbag.py:540} INFO - Filling up the DagBag from /home/najma/airflow-venv/lib/python3.12/site-packages/airflow/example_dags/example_branch_operator.py
[2026-05-09T16:25:32.927+0100] {processor.py:842} WARNING - No viable dags retrieved from /home/najma/airflow-venv/lib/python3.12/site-packages/airflow/example_dags/example_branch_operator.py
[2026-05-09T16:25:32.951+0100] {processor.py:183} INFO - Processing /home/najma/airflow-venv/lib/python3.12/site-packages/airflow/example_dags/example_branch_operator.py took 0.124 seconds
[2026-05-09T16:26:45.116+0100] {processor.py:161} INFO - Started process (PID=22178) to work on /home/najma/airflow-venv/lib/python3.12/site-packages/airflow/example_dags/example_branch_operator.py
[2026-05-09T16:26:45.118+0100] {processor.py:830} INFO - Processing file /home/najma/airflow-venv/lib/python3.12/site-packages/airflow/example_dags/example_branch_operator.py for tasks to queue
[2026-05-09T16:26:45.119+0100] {logging_mixin.py:188} INFO - [2026-05-09T16:26:45.119+0100] {dagbag.py:540} INFO - Filling up the DagBag from /home/najma/airflow-venv/lib/python3.12/site-packages/airflow/example_dags/example_branch_operator.py
[2026-05-09T16:26:45.217+0100] {processor.py:842} WARNING - No viable dags retrieved from /home/najma/airflow-venv/lib/python3.12/site-packages/airflow/example_dags/example_branch_operator.py
[2026-05-09T16:26:45.236+0100] {processor.py:183} INFO - Processing /home/najma/airflow-venv/lib/python3.12/site-packages/airflow/example_dags/example_branch_operator.py took 0.125 seconds
[2026-05-09T16:26:54.100+0100] {processor.py:161} INFO - Started process (PID=22192) to work on /home/najma/airflow-venv/lib/python3.12/site-packages/airflow/example_dags/example_branch_operator.py
[2026-05-09T16:26:54.101+0100] {processor.py:830} INFO - Processing file /home/najma/airflow-venv/lib/python3.12/site-packages/airflow/example_dags/example_branch_operator.py for tasks to queue
[2026-05-09T16:26:54.103+0100] {logging_mixin.py:188} INFO - [2026-05-09T16:26:54.103+0100] {dagbag.py:540} INFO - Filling up the DagBag from /home/najma/airflow-venv/lib/python3.12/site-packages/airflow/example_dags/example_branch_operator.py
[2026-05-09T16:26:54.217+0100] {processor.py:842} WARNING - No viable dags retrieved from /home/najma/airflow-venv/lib/python3.12/site-packages/airflow/example_dags/example_branch_operator.py
[2026-05-09T16:26:54.245+0100] {processor.py:183} INFO - Processing /home/najma/airflow-venv/lib/python3.12/site-packages/airflow/example_dags/example_branch_operator.py took 0.149 seconds
[2026-05-09T16:28:07.829+0100] {processor.py:161} INFO - Started process (PID=22308) to work on /home/najma/airflow-venv/lib/python3.12/site-packages/airflow/example_dags/example_branch_operator.py
[2026-05-09T16:28:07.831+0100] {processor.py:830} INFO - Processing file /home/najma/airflow-venv/lib/python3.12/site-packages/airflow/example_dags/example_branch_operator.py for tasks to queue
[2026-05-09T16:28:07.833+0100] {logging_mixin.py:188} INFO - [2026-05-09T16:28:07.832+0100] {dagbag.py:540} INFO - Filling up the DagBag from /home/najma/airflow-venv/lib/python3.12/site-packages/airflow/example_dags/example_branch_operator.py
[2026-05-09T16:28:07.945+0100] {processor.py:842} WARNING - No viable dags retrieved from /home/najma/airflow-venv/lib/python3.12/site-packages/airflow/example_dags/example_branch_operator.py
[2026-05-09T16:28:07.973+0100] {processor.py:183} INFO - Processing /home/najma/airflow-venv/lib/python3.12/site-packages/airflow/example_dags/example_branch_operator.py took 0.147 seconds
[2026-05-09T16:28:19.327+0100] {processor.py:161} INFO - Started process (PID=22329) to work on /home/najma/airflow-venv/lib/python3.12/site-packages/airflow/example_dags/example_branch_operator.py
[2026-05-09T16:28:19.328+0100] {processor.py:830} INFO - Processing file /home/najma/airflow-venv/lib/python3.12/site-packages/airflow/example_dags/example_branch_operator.py for tasks to queue
[2026-05-09T16:28:19.331+0100] {logging_mixin.py:188} INFO - [2026-05-09T16:28:19.331+0100] {dagbag.py:540} INFO - Filling up the DagBag from /home/najma/airflow-venv/lib/python3.12/site-packages/airflow/example_dags/example_branch_operator.py
[2026-05-09T16:28:19.471+0100] {processor.py:842} WARNING - No viable dags retrieved from /home/najma/airflow-venv/lib/python3.12/site-packages/airflow/example_dags/example_branch_operator.py
[2026-05-09T16:28:19.497+0100] {processor.py:183} INFO - Processing /home/najma/airflow-venv/lib/python3.12/site-packages/airflow/example_dags/example_branch_operator.py took 0.174 seconds
[2026-05-09T16:29:27.419+0100] {processor.py:161} INFO - Started process (PID=22438) to work on /home/najma/airflow-venv/lib/python3.12/site-packages/airflow/example_dags/example_branch_operator.py
[2026-05-09T16:29:27.422+0100] {processor.py:830} INFO - Processing file /home/najma/airflow-venv/lib/python3.12/site-packages/airflow/example_dags/example_branch_operator.py for tasks to queue
[2026-05-09T16:29:27.425+0100] {logging_mixin.py:188} INFO - [2026-05-09T16:29:27.424+0100] {dagbag.py:540} INFO - Filling up the DagBag from /home/najma/airflow-venv/lib/python3.12/site-packages/airflow/example_dags/example_branch_operator.py
[2026-05-09T16:29:27.582+0100] {processor.py:842} WARNING - No viable dags retrieved from /home/najma/airflow-venv/lib/python3.12/site-packages/airflow/example_dags/example_branch_operator.py
[2026-05-09T16:29:27.613+0100] {processor.py:183} INFO - Processing /home/najma/airflow-venv/lib/python3.12/site-packages/airflow/example_dags/example_branch_operator.py took 0.201 seconds
[2026-05-09T16:29:38.660+0100] {processor.py:161} INFO - Started process (PID=22454) to work on /home/najma/airflow-venv/lib/python3.12/site-packages/airflow/example_dags/example_branch_operator.py
[2026-05-09T16:29:38.662+0100] {processor.py:830} INFO - Processing file /home/najma/airflow-venv/lib/python3.12/site-packages/airflow/example_dags/example_branch_operator.py for tasks to queue
[2026-05-09T16:29:38.664+0100] {logging_mixin.py:188} INFO - [2026-05-09T16:29:38.664+0100] {dagbag.py:540} INFO - Filling up the DagBag from /home/najma/airflow-venv/lib/python3.12/site-packages/airflow/example_dags/example_branch_operator.py
[2026-05-09T16:29:38.768+0100] {processor.py:842} WARNING - No viable dags retrieved from /home/najma/airflow-venv/lib/python3.12/site-packages/airflow/example_dags/example_branch_operator.py
[2026-05-09T16:29:38.793+0100] {processor.py:183} INFO - Processing /home/najma/airflow-venv/lib/python3.12/site-packages/airflow/example_dags/example_branch_operator.py took 0.137 seconds
[2026-05-09T16:30:49.811+0100] {processor.py:161} INFO - Started process (PID=22570) to work on /home/najma/airflow-venv/lib/python3.12/site-packages/airflow/example_dags/example_branch_operator.py
[2026-05-09T16:30:49.813+0100] {processor.py:830} INFO - Processing file /home/najma/airflow-venv/lib/python3.12/site-packages/airflow/example_dags/example_branch_operator.py for tasks to queue
[2026-05-09T16:30:49.817+0100] {logging_mixin.py:188} INFO - [2026-05-09T16:30:49.816+0100] {dagbag.py:540} INFO - Filling up the DagBag from /home/najma/airflow-venv/lib/python3.12/site-packages/airflow/example_dags/example_branch_operator.py
[2026-05-09T16:30:50.069+0100] {processor.py:842} WARNING - No viable dags retrieved from /home/najma/airflow-venv/lib/python3.12/site-packages/airflow/example_dags/example_branch_operator.py
[2026-05-09T16:30:50.095+0100] {processor.py:183} INFO - Processing /home/najma/airflow-venv/lib/python3.12/site-packages/airflow/example_dags/example_branch_operator.py took 0.293 seconds
[2026-05-09T16:30:57.281+0100] {processor.py:161} INFO - Started process (PID=22581) to work on /home/najma/airflow-venv/lib/python3.12/site-packages/airflow/example_dags/example_branch_operator.py
[2026-05-09T16:30:57.284+0100] {processor.py:830} INFO - Processing file /home/najma/airflow-venv/lib/python3.12/site-packages/airflow/example_dags/example_branch_operator.py for tasks to queue
[2026-05-09T16:30:57.288+0100] {logging_mixin.py:188} INFO - [2026-05-09T16:30:57.287+0100] {dagbag.py:540} INFO - Filling up the DagBag from /home/najma/airflow-venv/lib/python3.12/site-packages/airflow/example_dags/example_branch_operator.py
[2026-05-09T16:30:57.493+0100] {processor.py:842} WARNING - No viable dags retrieved from /home/najma/airflow-venv/lib/python3.12/site-packages/airflow/example_dags/example_branch_operator.py
[2026-05-09T16:30:57.520+0100] {processor.py:183} INFO - Processing /home/najma/airflow-venv/lib/python3.12/site-packages/airflow/example_dags/example_branch_operator.py took 0.254 seconds
[2026-05-09T16:32:06.207+0100] {processor.py:161} INFO - Started process (PID=22696) to work on /home/najma/airflow-venv/lib/python3.12/site-packages/airflow/example_dags/example_branch_operator.py
[2026-05-09T16:32:06.209+0100] {processor.py:830} INFO - Processing file /home/najma/airflow-venv/lib/python3.12/site-packages/airflow/example_dags/example_branch_operator.py for tasks to queue
[2026-05-09T16:32:06.211+0100] {logging_mixin.py:188} INFO - [2026-05-09T16:32:06.210+0100] {dagbag.py:540} INFO - Filling up the DagBag from /home/najma/airflow-venv/lib/python3.12/site-packages/airflow/example_dags/example_branch_operator.py
[2026-05-09T16:32:06.292+0100] {processor.py:842} WARNING - No viable dags retrieved from /home/najma/airflow-venv/lib/python3.12/site-packages/airflow/example_dags/example_branch_operator.py
[2026-05-09T16:32:06.315+0100] {processor.py:183} INFO - Processing /home/najma/airflow-venv/lib/python3.12/site-packages/airflow/example_dags/example_branch_operator.py took 0.112 seconds
[2026-05-09T16:32:12.710+0100] {processor.py:161} INFO - Started process (PID=22707) to work on /home/najma/airflow-venv/lib/python3.12/site-packages/airflow/example_dags/example_branch_operator.py
[2026-05-09T16:32:12.711+0100] {processor.py:830} INFO - Processing file /home/najma/airflow-venv/lib/python3.12/site-packages/airflow/example_dags/example_branch_operator.py for tasks to queue
[2026-05-09T16:32:12.713+0100] {logging_mixin.py:188} INFO - [2026-05-09T16:32:12.713+0100] {dagbag.py:540} INFO - Filling up the DagBag from /home/najma/airflow-venv/lib/python3.12/site-packages/airflow/example_dags/example_branch_operator.py
[2026-05-09T16:32:12.822+0100] {processor.py:842} WARNING - No viable dags retrieved from /home/najma/airflow-venv/lib/python3.12/site-packages/airflow/example_dags/example_branch_operator.py
[2026-05-09T16:32:12.848+0100] {processor.py:183} INFO - Processing /home/najma/airflow-venv/lib/python3.12/site-packages/airflow/example_dags/example_branch_operator.py took 0.143 seconds
[2026-05-09T16:33:48.105+0100] {processor.py:161} INFO - Started process (PID=22846) to work on /home/najma/airflow-venv/lib/python3.12/site-packages/airflow/example_dags/example_branch_operator.py
[2026-05-09T16:33:48.107+0100] {processor.py:830} INFO - Processing file /home/najma/airflow-venv/lib/python3.12/site-packages/airflow/example_dags/example_branch_operator.py for tasks to queue
[2026-05-09T16:33:48.109+0100] {logging_mixin.py:188} INFO - [2026-05-09T16:33:48.109+0100] {dagbag.py:540} INFO - Filling up the DagBag from /home/najma/airflow-venv/lib/python3.12/site-packages/airflow/example_dags/example_branch_operator.py
[2026-05-09T16:33:48.210+0100] {processor.py:842} WARNING - No viable dags retrieved from /home/najma/airflow-venv/lib/python3.12/site-packages/airflow/example_dags/example_branch_operator.py
[2026-05-09T16:33:48.238+0100] {processor.py:183} INFO - Processing /home/najma/airflow-venv/lib/python3.12/site-packages/airflow/example_dags/example_branch_operator.py took 0.137 seconds
[2026-05-09T16:33:49.966+0100] {processor.py:161} INFO - Started process (PID=22849) to work on /home/najma/airflow-venv/lib/python3.12/site-packages/airflow/example_dags/example_branch_operator.py
[2026-05-09T16:33:49.967+0100] {processor.py:830} INFO - Processing file /home/najma/airflow-venv/lib/python3.12/site-packages/airflow/example_dags/example_branch_operator.py for tasks to queue
[2026-05-09T16:33:49.969+0100] {logging_mixin.py:188} INFO - [2026-05-09T16:33:49.969+0100] {dagbag.py:540} INFO - Filling up the DagBag from /home/najma/airflow-venv/lib/python3.12/site-packages/airflow/example_dags/example_branch_operator.py
[2026-05-09T16:33:50.139+0100] {processor.py:842} WARNING - No viable dags retrieved from /home/najma/airflow-venv/lib/python3.12/site-packages/airflow/example_dags/example_branch_operator.py
[2026-05-09T16:33:50.176+0100] {processor.py:183} INFO - Processing /home/najma/airflow-venv/lib/python3.12/site-packages/airflow/example_dags/example_branch_operator.py took 0.216 seconds
[2026-05-09T16:35:08.127+0100] {processor.py:161} INFO - Started process (PID=22988) to work on /home/najma/airflow-venv/lib/python3.12/site-packages/airflow/example_dags/example_branch_operator.py
[2026-05-09T16:35:08.128+0100] {processor.py:830} INFO - Processing file /home/najma/airflow-venv/lib/python3.12/site-packages/airflow/example_dags/example_branch_operator.py for tasks to queue
[2026-05-09T16:35:08.130+0100] {logging_mixin.py:188} INFO - [2026-05-09T16:35:08.130+0100] {dagbag.py:540} INFO - Filling up the DagBag from /home/najma/airflow-venv/lib/python3.12/site-packages/airflow/example_dags/example_branch_operator.py
[2026-05-09T16:35:08.249+0100] {processor.py:842} WARNING - No viable dags retrieved from /home/najma/airflow-venv/lib/python3.12/site-packages/airflow/example_dags/example_branch_operator.py
[2026-05-09T16:35:08.276+0100] {processor.py:183} INFO - Processing /home/najma/airflow-venv/lib/python3.12/site-packages/airflow/example_dags/example_branch_operator.py took 0.155 seconds
[2026-05-09T16:35:11.157+0100] {processor.py:161} INFO - Started process (PID=22993) to work on /home/najma/airflow-venv/lib/python3.12/site-packages/airflow/example_dags/example_branch_operator.py
[2026-05-09T16:35:11.158+0100] {processor.py:830} INFO - Processing file /home/najma/airflow-venv/lib/python3.12/site-packages/airflow/example_dags/example_branch_operator.py for tasks to queue
[2026-05-09T16:35:11.160+0100] {logging_mixin.py:188} INFO - [2026-05-09T16:35:11.159+0100] {dagbag.py:540} INFO - Filling up the DagBag from /home/najma/airflow-venv/lib/python3.12/site-packages/airflow/example_dags/example_branch_operator.py
[2026-05-09T16:35:11.248+0100] {processor.py:842} WARNING - No viable dags retrieved from /home/najma/airflow-venv/lib/python3.12/site-packages/airflow/example_dags/example_branch_operator.py
[2026-05-09T16:35:11.276+0100] {processor.py:183} INFO - Processing /home/najma/airflow-venv/lib/python3.12/site-packages/airflow/example_dags/example_branch_operator.py took 0.123 seconds
[2026-05-09T16:36:30.138+0100] {processor.py:161} INFO - Started process (PID=23116) to work on /home/najma/airflow-venv/lib/python3.12/site-packages/airflow/example_dags/example_branch_operator.py
[2026-05-09T16:36:30.140+0100] {processor.py:830} INFO - Processing file /home/najma/airflow-venv/lib/python3.12/site-packages/airflow/example_dags/example_branch_operator.py for tasks to queue
[2026-05-09T16:36:30.142+0100] {logging_mixin.py:188} INFO - [2026-05-09T16:36:30.141+0100] {dagbag.py:540} INFO - Filling up the DagBag from /home/najma/airflow-venv/lib/python3.12/site-packages/airflow/example_dags/example_branch_operator.py
[2026-05-09T16:36:30.259+0100] {processor.py:842} WARNING - No viable dags retrieved from /home/najma/airflow-venv/lib/python3.12/site-packages/airflow/example_dags/example_branch_operator.py
[2026-05-09T16:36:30.353+0100] {processor.py:183} INFO - Processing /home/najma/airflow-venv/lib/python3.12/site-packages/airflow/example_dags/example_branch_operator.py took 0.219 seconds
[2026-05-09T16:36:34.349+0100] {processor.py:161} INFO - Started process (PID=23122) to work on /home/najma/airflow-venv/lib/python3.12/site-packages/airflow/example_dags/example_branch_operator.py
[2026-05-09T16:36:34.350+0100] {processor.py:830} INFO - Processing file /home/najma/airflow-venv/lib/python3.12/site-packages/airflow/example_dags/example_branch_operator.py for tasks to queue
[2026-05-09T16:36:34.352+0100] {logging_mixin.py:188} INFO - [2026-05-09T16:36:34.351+0100] {dagbag.py:540} INFO - Filling up the DagBag from /home/najma/airflow-venv/lib/python3.12/site-packages/airflow/example_dags/example_branch_operator.py
[2026-05-09T16:36:34.445+0100] {processor.py:842} WARNING - No viable dags retrieved from /home/najma/airflow-venv/lib/python3.12/site-packages/airflow/example_dags/example_branch_operator.py
[2026-05-09T16:36:34.466+0100] {processor.py:183} INFO - Processing /home/najma/airflow-venv/lib/python3.12/site-packages/airflow/example_dags/example_branch_operator.py took 0.122 seconds
[2026-05-09T16:37:59.255+0100] {processor.py:161} INFO - Started process (PID=23245) to work on /home/najma/airflow-venv/lib/python3.12/site-packages/airflow/example_dags/example_branch_operator.py
[2026-05-09T16:37:59.258+0100] {processor.py:830} INFO - Processing file /home/najma/airflow-venv/lib/python3.12/site-packages/airflow/example_dags/example_branch_operator.py for tasks to queue
[2026-05-09T16:37:59.262+0100] {logging_mixin.py:188} INFO - [2026-05-09T16:37:59.261+0100] {dagbag.py:540} INFO - Filling up the DagBag from /home/najma/airflow-venv/lib/python3.12/site-packages/airflow/example_dags/example_branch_operator.py
[2026-05-09T16:37:59.419+0100] {processor.py:842} WARNING - No viable dags retrieved from /home/najma/airflow-venv/lib/python3.12/site-packages/airflow/example_dags/example_branch_operator.py
[2026-05-09T16:37:59.444+0100] {processor.py:183} INFO - Processing /home/najma/airflow-venv/lib/python3.12/site-packages/airflow/example_dags/example_branch_operator.py took 0.198 seconds
[2026-05-09T16:38:06.870+0100] {processor.py:161} INFO - Started process (PID=23257) to work on /home/najma/airflow-venv/lib/python3.12/site-packages/airflow/example_dags/example_branch_operator.py
[2026-05-09T16:38:06.871+0100] {processor.py:830} INFO - Processing file /home/najma/airflow-venv/lib/python3.12/site-packages/airflow/example_dags/example_branch_operator.py for tasks to queue
[2026-05-09T16:38:06.873+0100] {logging_mixin.py:188} INFO - [2026-05-09T16:38:06.873+0100] {dagbag.py:540} INFO - Filling up the DagBag from /home/najma/airflow-venv/lib/python3.12/site-packages/airflow/example_dags/example_branch_operator.py
[2026-05-09T16:38:06.970+0100] {processor.py:842} WARNING - No viable dags retrieved from /home/najma/airflow-venv/lib/python3.12/site-packages/airflow/example_dags/example_branch_operator.py
[2026-05-09T16:38:06.999+0100] {processor.py:183} INFO - Processing /home/najma/airflow-venv/lib/python3.12/site-packages/airflow/example_dags/example_branch_operator.py took 0.133 seconds
[2026-05-09T16:39:52.047+0100] {processor.py:161} INFO - Started process (PID=23393) to work on /home/najma/airflow-venv/lib/python3.12/site-packages/airflow/example_dags/example_branch_operator.py
[2026-05-09T16:39:52.050+0100] {processor.py:830} INFO - Processing file /home/najma/airflow-venv/lib/python3.12/site-packages/airflow/example_dags/example_branch_operator.py for tasks to queue
[2026-05-09T16:39:52.053+0100] {logging_mixin.py:188} INFO - [2026-05-09T16:39:52.053+0100] {dagbag.py:540} INFO - Filling up the DagBag from /home/najma/airflow-venv/lib/python3.12/site-packages/airflow/example_dags/example_branch_operator.py
[2026-05-09T16:39:52.235+0100] {processor.py:842} WARNING - No viable dags retrieved from /home/najma/airflow-venv/lib/python3.12/site-packages/airflow/example_dags/example_branch_operator.py
[2026-05-09T16:39:52.275+0100] {processor.py:183} INFO - Processing /home/najma/airflow-venv/lib/python3.12/site-packages/airflow/example_dags/example_branch_operator.py took 0.237 seconds
[2026-05-09T16:39:56.569+0100] {processor.py:161} INFO - Started process (PID=23400) to work on /home/najma/airflow-venv/lib/python3.12/site-packages/airflow/example_dags/example_branch_operator.py
[2026-05-09T16:39:56.571+0100] {processor.py:830} INFO - Processing file /home/najma/airflow-venv/lib/python3.12/site-packages/airflow/example_dags/example_branch_operator.py for tasks to queue
[2026-05-09T16:39:56.574+0100] {logging_mixin.py:188} INFO - [2026-05-09T16:39:56.573+0100] {dagbag.py:540} INFO - Filling up the DagBag from /home/najma/airflow-venv/lib/python3.12/site-packages/airflow/example_dags/example_branch_operator.py
[2026-05-09T16:39:56.808+0100] {processor.py:842} WARNING - No viable dags retrieved from /home/najma/airflow-venv/lib/python3.12/site-packages/airflow/example_dags/example_branch_operator.py
[2026-05-09T16:39:56.852+0100] {processor.py:183} INFO - Processing /home/najma/airflow-venv/lib/python3.12/site-packages/airflow/example_dags/example_branch_operator.py took 0.293 seconds
[2026-05-09T16:41:41.183+0100] {processor.py:161} INFO - Started process (PID=23545) to work on /home/najma/airflow-venv/lib/python3.12/site-packages/airflow/example_dags/example_branch_operator.py
[2026-05-09T16:41:41.187+0100] {processor.py:830} INFO - Processing file /home/najma/airflow-venv/lib/python3.12/site-packages/airflow/example_dags/example_branch_operator.py for tasks to queue
[2026-05-09T16:41:41.191+0100] {logging_mixin.py:188} INFO - [2026-05-09T16:41:41.190+0100] {dagbag.py:540} INFO - Filling up the DagBag from /home/najma/airflow-venv/lib/python3.12/site-packages/airflow/example_dags/example_branch_operator.py
[2026-05-09T16:41:41.365+0100] {processor.py:842} WARNING - No viable dags retrieved from /home/najma/airflow-venv/lib/python3.12/site-packages/airflow/example_dags/example_branch_operator.py
[2026-05-09T16:41:41.419+0100] {processor.py:183} INFO - Processing /home/najma/airflow-venv/lib/python3.12/site-packages/airflow/example_dags/example_branch_operator.py took 0.253 seconds
[2026-05-09T16:41:42.693+0100] {processor.py:161} INFO - Started process (PID=23546) to work on /home/najma/airflow-venv/lib/python3.12/site-packages/airflow/example_dags/example_branch_operator.py
[2026-05-09T16:41:42.696+0100] {processor.py:830} INFO - Processing file /home/najma/airflow-venv/lib/python3.12/site-packages/airflow/example_dags/example_branch_operator.py for tasks to queue
[2026-05-09T16:41:42.702+0100] {logging_mixin.py:188} INFO - [2026-05-09T16:41:42.701+0100] {dagbag.py:540} INFO - Filling up the DagBag from /home/najma/airflow-venv/lib/python3.12/site-packages/airflow/example_dags/example_branch_operator.py
[2026-05-09T16:41:42.890+0100] {processor.py:842} WARNING - No viable dags retrieved from /home/najma/airflow-venv/lib/python3.12/site-packages/airflow/example_dags/example_branch_operator.py
[2026-05-09T16:41:42.945+0100] {processor.py:183} INFO - Processing /home/najma/airflow-venv/lib/python3.12/site-packages/airflow/example_dags/example_branch_operator.py took 0.262 seconds
[2026-05-09T16:43:36.160+0100] {processor.py:161} INFO - Started process (PID=23691) to work on /home/najma/airflow-venv/lib/python3.12/site-packages/airflow/example_dags/example_branch_operator.py
[2026-05-09T16:43:36.175+0100] {processor.py:830} INFO - Processing file /home/najma/airflow-venv/lib/python3.12/site-packages/airflow/example_dags/example_branch_operator.py for tasks to queue
[2026-05-09T16:43:36.177+0100] {logging_mixin.py:188} INFO - [2026-05-09T16:43:36.177+0100] {dagbag.py:540} INFO - Filling up the DagBag from /home/najma/airflow-venv/lib/python3.12/site-packages/airflow/example_dags/example_branch_operator.py
[2026-05-09T16:43:36.389+0100] {processor.py:842} WARNING - No viable dags retrieved from /home/najma/airflow-venv/lib/python3.12/site-packages/airflow/example_dags/example_branch_operator.py
[2026-05-09T16:43:36.428+0100] {processor.py:183} INFO - Processing /home/najma/airflow-venv/lib/python3.12/site-packages/airflow/example_dags/example_branch_operator.py took 0.276 seconds
[2026-05-09T16:43:38.419+0100] {processor.py:161} INFO - Started process (PID=23694) to work on /home/najma/airflow-venv/lib/python3.12/site-packages/airflow/example_dags/example_branch_operator.py
[2026-05-09T16:43:38.421+0100] {processor.py:830} INFO - Processing file /home/najma/airflow-venv/lib/python3.12/site-packages/airflow/example_dags/example_branch_operator.py for tasks to queue
[2026-05-09T16:43:38.424+0100] {logging_mixin.py:188} INFO - [2026-05-09T16:43:38.423+0100] {dagbag.py:540} INFO - Filling up the DagBag from /home/najma/airflow-venv/lib/python3.12/site-packages/airflow/example_dags/example_branch_operator.py
[2026-05-09T16:43:38.603+0100] {processor.py:842} WARNING - No viable dags retrieved from /home/najma/airflow-venv/lib/python3.12/site-packages/airflow/example_dags/example_branch_operator.py
[2026-05-09T16:43:38.651+0100] {processor.py:183} INFO - Processing /home/najma/airflow-venv/lib/python3.12/site-packages/airflow/example_dags/example_branch_operator.py took 0.239 seconds
[2026-05-09T16:45:21.995+0100] {processor.py:161} INFO - Started process (PID=23832) to work on /home/najma/airflow-venv/lib/python3.12/site-packages/airflow/example_dags/example_branch_operator.py
[2026-05-09T16:45:21.996+0100] {processor.py:830} INFO - Processing file /home/najma/airflow-venv/lib/python3.12/site-packages/airflow/example_dags/example_branch_operator.py for tasks to queue
[2026-05-09T16:45:21.999+0100] {logging_mixin.py:188} INFO - [2026-05-09T16:45:21.999+0100] {dagbag.py:540} INFO - Filling up the DagBag from /home/najma/airflow-venv/lib/python3.12/site-packages/airflow/example_dags/example_branch_operator.py
[2026-05-09T16:45:22.194+0100] {processor.py:842} WARNING - No viable dags retrieved from /home/najma/airflow-venv/lib/python3.12/site-packages/airflow/example_dags/example_branch_operator.py
[2026-05-09T16:45:22.259+0100] {processor.py:183} INFO - Processing /home/najma/airflow-venv/lib/python3.12/site-packages/airflow/example_dags/example_branch_operator.py took 0.272 seconds
[2026-05-09T16:45:37.165+0100] {processor.py:161} INFO - Started process (PID=23852) to work on /home/najma/airflow-venv/lib/python3.12/site-packages/airflow/example_dags/example_branch_operator.py
[2026-05-09T16:45:37.169+0100] {processor.py:830} INFO - Processing file /home/najma/airflow-venv/lib/python3.12/site-packages/airflow/example_dags/example_branch_operator.py for tasks to queue
[2026-05-09T16:45:37.172+0100] {logging_mixin.py:188} INFO - [2026-05-09T16:45:37.171+0100] {dagbag.py:540} INFO - Filling up the DagBag from /home/najma/airflow-venv/lib/python3.12/site-packages/airflow/example_dags/example_branch_operator.py
[2026-05-09T16:45:37.360+0100] {processor.py:842} WARNING - No viable dags retrieved from /home/najma/airflow-venv/lib/python3.12/site-packages/airflow/example_dags/example_branch_operator.py
[2026-05-09T16:45:37.412+0100] {processor.py:183} INFO - Processing /home/najma/airflow-venv/lib/python3.12/site-packages/airflow/example_dags/example_branch_operator.py took 0.260 seconds
[2026-05-09T16:47:28.454+0100] {processor.py:161} INFO - Started process (PID=23985) to work on /home/najma/airflow-venv/lib/python3.12/site-packages/airflow/example_dags/example_branch_operator.py
[2026-05-09T16:47:28.457+0100] {processor.py:830} INFO - Processing file /home/najma/airflow-venv/lib/python3.12/site-packages/airflow/example_dags/example_branch_operator.py for tasks to queue
[2026-05-09T16:47:28.460+0100] {logging_mixin.py:188} INFO - [2026-05-09T16:47:28.460+0100] {dagbag.py:540} INFO - Filling up the DagBag from /home/najma/airflow-venv/lib/python3.12/site-packages/airflow/example_dags/example_branch_operator.py
[2026-05-09T16:47:28.774+0100] {processor.py:842} WARNING - No viable dags retrieved from /home/najma/airflow-venv/lib/python3.12/site-packages/airflow/example_dags/example_branch_operator.py
[2026-05-09T16:47:28.840+0100] {processor.py:183} INFO - Processing /home/najma/airflow-venv/lib/python3.12/site-packages/airflow/example_dags/example_branch_operator.py took 0.403 seconds
[2026-05-09T16:47:52.821+0100] {processor.py:161} INFO - Started process (PID=24010) to work on /home/najma/airflow-venv/lib/python3.12/site-packages/airflow/example_dags/example_branch_operator.py
[2026-05-09T16:47:52.824+0100] {processor.py:830} INFO - Processing file /home/najma/airflow-venv/lib/python3.12/site-packages/airflow/example_dags/example_branch_operator.py for tasks to queue
[2026-05-09T16:47:52.830+0100] {logging_mixin.py:188} INFO - [2026-05-09T16:47:52.828+0100] {dagbag.py:540} INFO - Filling up the DagBag from /home/najma/airflow-venv/lib/python3.12/site-packages/airflow/example_dags/example_branch_operator.py
[2026-05-09T16:47:53.062+0100] {processor.py:842} WARNING - No viable dags retrieved from /home/najma/airflow-venv/lib/python3.12/site-packages/airflow/example_dags/example_branch_operator.py
[2026-05-09T16:47:53.111+0100] {processor.py:183} INFO - Processing /home/najma/airflow-venv/lib/python3.12/site-packages/airflow/example_dags/example_branch_operator.py took 0.308 seconds
[2026-05-09T16:49:53.072+0100] {processor.py:161} INFO - Started process (PID=24142) to work on /home/najma/airflow-venv/lib/python3.12/site-packages/airflow/example_dags/example_branch_operator.py
[2026-05-09T16:49:53.074+0100] {processor.py:830} INFO - Processing file /home/najma/airflow-venv/lib/python3.12/site-packages/airflow/example_dags/example_branch_operator.py for tasks to queue
[2026-05-09T16:49:53.077+0100] {logging_mixin.py:188} INFO - [2026-05-09T16:49:53.077+0100] {dagbag.py:540} INFO - Filling up the DagBag from /home/najma/airflow-venv/lib/python3.12/site-packages/airflow/example_dags/example_branch_operator.py
[2026-05-09T16:49:53.261+0100] {processor.py:842} WARNING - No viable dags retrieved from /home/najma/airflow-venv/lib/python3.12/site-packages/airflow/example_dags/example_branch_operator.py
[2026-05-09T16:49:53.304+0100] {processor.py:183} INFO - Processing /home/najma/airflow-venv/lib/python3.12/site-packages/airflow/example_dags/example_branch_operator.py took 0.240 seconds
[2026-05-09T16:50:13.567+0100] {processor.py:161} INFO - Started process (PID=24167) to work on /home/najma/airflow-venv/lib/python3.12/site-packages/airflow/example_dags/example_branch_operator.py
[2026-05-09T16:50:13.570+0100] {processor.py:830} INFO - Processing file /home/najma/airflow-venv/lib/python3.12/site-packages/airflow/example_dags/example_branch_operator.py for tasks to queue
[2026-05-09T16:50:13.573+0100] {logging_mixin.py:188} INFO - [2026-05-09T16:50:13.572+0100] {dagbag.py:540} INFO - Filling up the DagBag from /home/najma/airflow-venv/lib/python3.12/site-packages/airflow/example_dags/example_branch_operator.py
[2026-05-09T16:50:13.856+0100] {processor.py:842} WARNING - No viable dags retrieved from /home/najma/airflow-venv/lib/python3.12/site-packages/airflow/example_dags/example_branch_operator.py
[2026-05-09T16:50:13.905+0100] {processor.py:183} INFO - Processing /home/najma/airflow-venv/lib/python3.12/site-packages/airflow/example_dags/example_branch_operator.py took 0.347 seconds
[2026-05-09T16:52:00.248+0100] {processor.py:161} INFO - Started process (PID=24297) to work on /home/najma/airflow-venv/lib/python3.12/site-packages/airflow/example_dags/example_branch_operator.py
[2026-05-09T16:52:00.258+0100] {processor.py:830} INFO - Processing file /home/najma/airflow-venv/lib/python3.12/site-packages/airflow/example_dags/example_branch_operator.py for tasks to queue
[2026-05-09T16:52:00.262+0100] {logging_mixin.py:188} INFO - [2026-05-09T16:52:00.261+0100] {dagbag.py:540} INFO - Filling up the DagBag from /home/najma/airflow-venv/lib/python3.12/site-packages/airflow/example_dags/example_branch_operator.py
[2026-05-09T16:52:00.479+0100] {processor.py:842} WARNING - No viable dags retrieved from /home/najma/airflow-venv/lib/python3.12/site-packages/airflow/example_dags/example_branch_operator.py
[2026-05-09T16:52:00.516+0100] {processor.py:183} INFO - Processing /home/najma/airflow-venv/lib/python3.12/site-packages/airflow/example_dags/example_branch_operator.py took 0.276 seconds
[2026-05-09T16:52:20.360+0100] {processor.py:161} INFO - Started process (PID=24321) to work on /home/najma/airflow-venv/lib/python3.12/site-packages/airflow/example_dags/example_branch_operator.py
[2026-05-09T16:52:20.362+0100] {processor.py:830} INFO - Processing file /home/najma/airflow-venv/lib/python3.12/site-packages/airflow/example_dags/example_branch_operator.py for tasks to queue
[2026-05-09T16:52:20.367+0100] {logging_mixin.py:188} INFO - [2026-05-09T16:52:20.366+0100] {dagbag.py:540} INFO - Filling up the DagBag from /home/najma/airflow-venv/lib/python3.12/site-packages/airflow/example_dags/example_branch_operator.py
[2026-05-09T16:52:20.704+0100] {processor.py:842} WARNING - No viable dags retrieved from /home/najma/airflow-venv/lib/python3.12/site-packages/airflow/example_dags/example_branch_operator.py
[2026-05-09T16:52:20.782+0100] {processor.py:183} INFO - Processing /home/najma/airflow-venv/lib/python3.12/site-packages/airflow/example_dags/example_branch_operator.py took 0.433 seconds
[2026-05-09T16:54:08.742+0100] {processor.py:161} INFO - Started process (PID=24420) to work on /home/najma/airflow-venv/lib/python3.12/site-packages/airflow/example_dags/example_branch_operator.py
[2026-05-09T16:54:08.746+0100] {processor.py:830} INFO - Processing file /home/najma/airflow-venv/lib/python3.12/site-packages/airflow/example_dags/example_branch_operator.py for tasks to queue
[2026-05-09T16:54:08.754+0100] {logging_mixin.py:188} INFO - [2026-05-09T16:54:08.754+0100] {dagbag.py:540} INFO - Filling up the DagBag from /home/najma/airflow-venv/lib/python3.12/site-packages/airflow/example_dags/example_branch_operator.py
[2026-05-09T16:54:09.133+0100] {processor.py:842} WARNING - No viable dags retrieved from /home/najma/airflow-venv/lib/python3.12/site-packages/airflow/example_dags/example_branch_operator.py
[2026-05-09T16:54:09.242+0100] {processor.py:183} INFO - Processing /home/najma/airflow-venv/lib/python3.12/site-packages/airflow/example_dags/example_branch_operator.py took 0.508 seconds
[2026-05-09T16:55:46.233+0100] {processor.py:161} INFO - Started process (PID=24505) to work on /home/najma/airflow-venv/lib/python3.12/site-packages/airflow/example_dags/example_branch_operator.py
[2026-05-09T16:55:46.236+0100] {processor.py:830} INFO - Processing file /home/najma/airflow-venv/lib/python3.12/site-packages/airflow/example_dags/example_branch_operator.py for tasks to queue
[2026-05-09T16:55:46.247+0100] {logging_mixin.py:188} INFO - [2026-05-09T16:55:46.246+0100] {dagbag.py:540} INFO - Filling up the DagBag from /home/najma/airflow-venv/lib/python3.12/site-packages/airflow/example_dags/example_branch_operator.py
[2026-05-09T16:55:46.716+0100] {processor.py:842} WARNING - No viable dags retrieved from /home/najma/airflow-venv/lib/python3.12/site-packages/airflow/example_dags/example_branch_operator.py
[2026-05-09T16:55:46.806+0100] {processor.py:183} INFO - Processing /home/najma/airflow-venv/lib/python3.12/site-packages/airflow/example_dags/example_branch_operator.py took 0.580 seconds
[2026-05-09T16:57:50.473+0100] {processor.py:161} INFO - Started process (PID=24623) to work on /home/najma/airflow-venv/lib/python3.12/site-packages/airflow/example_dags/example_branch_operator.py
[2026-05-09T16:57:50.482+0100] {processor.py:830} INFO - Processing file /home/najma/airflow-venv/lib/python3.12/site-packages/airflow/example_dags/example_branch_operator.py for tasks to queue
[2026-05-09T16:57:50.485+0100] {logging_mixin.py:188} INFO - [2026-05-09T16:57:50.484+0100] {dagbag.py:540} INFO - Filling up the DagBag from /home/najma/airflow-venv/lib/python3.12/site-packages/airflow/example_dags/example_branch_operator.py
[2026-05-09T16:57:50.642+0100] {processor.py:842} WARNING - No viable dags retrieved from /home/najma/airflow-venv/lib/python3.12/site-packages/airflow/example_dags/example_branch_operator.py
[2026-05-09T16:57:50.679+0100] {processor.py:183} INFO - Processing /home/najma/airflow-venv/lib/python3.12/site-packages/airflow/example_dags/example_branch_operator.py took 0.211 seconds
[2026-05-09T16:58:57.118+0100] {processor.py:161} INFO - Started process (PID=24704) to work on /home/najma/airflow-venv/lib/python3.12/site-packages/airflow/example_dags/example_branch_operator.py
[2026-05-09T16:58:57.127+0100] {processor.py:830} INFO - Processing file /home/najma/airflow-venv/lib/python3.12/site-packages/airflow/example_dags/example_branch_operator.py for tasks to queue
[2026-05-09T16:58:57.129+0100] {logging_mixin.py:188} INFO - [2026-05-09T16:58:57.129+0100] {dagbag.py:540} INFO - Filling up the DagBag from /home/najma/airflow-venv/lib/python3.12/site-packages/airflow/example_dags/example_branch_operator.py
[2026-05-09T16:58:57.237+0100] {processor.py:842} WARNING - No viable dags retrieved from /home/najma/airflow-venv/lib/python3.12/site-packages/airflow/example_dags/example_branch_operator.py
[2026-05-09T16:58:57.261+0100] {processor.py:183} INFO - Processing /home/najma/airflow-venv/lib/python3.12/site-packages/airflow/example_dags/example_branch_operator.py took 0.147 seconds
[2026-05-09T16:59:45.876+0100] {processor.py:161} INFO - Started process (PID=24788) to work on /home/najma/airflow-venv/lib/python3.12/site-packages/airflow/example_dags/example_branch_operator.py
[2026-05-09T16:59:45.878+0100] {processor.py:830} INFO - Processing file /home/najma/airflow-venv/lib/python3.12/site-packages/airflow/example_dags/example_branch_operator.py for tasks to queue
[2026-05-09T16:59:45.880+0100] {logging_mixin.py:188} INFO - [2026-05-09T16:59:45.880+0100] {dagbag.py:540} INFO - Filling up the DagBag from /home/najma/airflow-venv/lib/python3.12/site-packages/airflow/example_dags/example_branch_operator.py
[2026-05-09T16:59:45.973+0100] {processor.py:842} WARNING - No viable dags retrieved from /home/najma/airflow-venv/lib/python3.12/site-packages/airflow/example_dags/example_branch_operator.py
[2026-05-09T16:59:45.998+0100] {processor.py:183} INFO - Processing /home/najma/airflow-venv/lib/python3.12/site-packages/airflow/example_dags/example_branch_operator.py took 0.127 seconds
[2026-05-09T17:00:25.068+0100] {processor.py:161} INFO - Started process (PID=24858) to work on /home/najma/airflow-venv/lib/python3.12/site-packages/airflow/example_dags/example_branch_operator.py
[2026-05-09T17:00:25.069+0100] {processor.py:830} INFO - Processing file /home/najma/airflow-venv/lib/python3.12/site-packages/airflow/example_dags/example_branch_operator.py for tasks to queue
[2026-05-09T17:00:25.071+0100] {logging_mixin.py:188} INFO - [2026-05-09T17:00:25.071+0100] {dagbag.py:540} INFO - Filling up the DagBag from /home/najma/airflow-venv/lib/python3.12/site-packages/airflow/example_dags/example_branch_operator.py
[2026-05-09T17:00:25.174+0100] {processor.py:842} WARNING - No viable dags retrieved from /home/najma/airflow-venv/lib/python3.12/site-packages/airflow/example_dags/example_branch_operator.py
[2026-05-09T17:00:25.200+0100] {processor.py:183} INFO - Processing /home/najma/airflow-venv/lib/python3.12/site-packages/airflow/example_dags/example_branch_operator.py took 0.136 seconds
[2026-05-09T17:00:53.372+0100] {processor.py:161} INFO - Started process (PID=24910) to work on /home/najma/airflow-venv/lib/python3.12/site-packages/airflow/example_dags/example_branch_operator.py
[2026-05-09T17:00:53.373+0100] {processor.py:830} INFO - Processing file /home/najma/airflow-venv/lib/python3.12/site-packages/airflow/example_dags/example_branch_operator.py for tasks to queue
[2026-05-09T17:00:53.374+0100] {logging_mixin.py:188} INFO - [2026-05-09T17:00:53.374+0100] {dagbag.py:540} INFO - Filling up the DagBag from /home/najma/airflow-venv/lib/python3.12/site-packages/airflow/example_dags/example_branch_operator.py
[2026-05-09T17:00:53.483+0100] {processor.py:842} WARNING - No viable dags retrieved from /home/najma/airflow-venv/lib/python3.12/site-packages/airflow/example_dags/example_branch_operator.py
[2026-05-09T17:00:53.507+0100] {processor.py:183} INFO - Processing /home/najma/airflow-venv/lib/python3.12/site-packages/airflow/example_dags/example_branch_operator.py took 0.139 seconds
[2026-05-09T17:01:32.116+0100] {processor.py:161} INFO - Started process (PID=24978) to work on /home/najma/airflow-venv/lib/python3.12/site-packages/airflow/example_dags/example_branch_operator.py
[2026-05-09T17:01:32.117+0100] {processor.py:830} INFO - Processing file /home/najma/airflow-venv/lib/python3.12/site-packages/airflow/example_dags/example_branch_operator.py for tasks to queue
[2026-05-09T17:01:32.119+0100] {logging_mixin.py:188} INFO - [2026-05-09T17:01:32.119+0100] {dagbag.py:540} INFO - Filling up the DagBag from /home/najma/airflow-venv/lib/python3.12/site-packages/airflow/example_dags/example_branch_operator.py
[2026-05-09T17:01:32.206+0100] {processor.py:842} WARNING - No viable dags retrieved from /home/najma/airflow-venv/lib/python3.12/site-packages/airflow/example_dags/example_branch_operator.py
[2026-05-09T17:01:32.228+0100] {processor.py:183} INFO - Processing /home/najma/airflow-venv/lib/python3.12/site-packages/airflow/example_dags/example_branch_operator.py took 0.116 seconds
[2026-05-09T17:02:15.633+0100] {processor.py:161} INFO - Started process (PID=25038) to work on /home/najma/airflow-venv/lib/python3.12/site-packages/airflow/example_dags/example_branch_operator.py
[2026-05-09T17:02:15.635+0100] {processor.py:830} INFO - Processing file /home/najma/airflow-venv/lib/python3.12/site-packages/airflow/example_dags/example_branch_operator.py for tasks to queue
[2026-05-09T17:02:15.637+0100] {logging_mixin.py:188} INFO - [2026-05-09T17:02:15.637+0100] {dagbag.py:540} INFO - Filling up the DagBag from /home/najma/airflow-venv/lib/python3.12/site-packages/airflow/example_dags/example_branch_operator.py
[2026-05-09T17:02:16.097+0100] {processor.py:842} WARNING - No viable dags retrieved from /home/najma/airflow-venv/lib/python3.12/site-packages/airflow/example_dags/example_branch_operator.py
[2026-05-09T17:02:16.151+0100] {processor.py:183} INFO - Processing /home/najma/airflow-venv/lib/python3.12/site-packages/airflow/example_dags/example_branch_operator.py took 0.522 seconds
[2026-05-09T17:03:04.087+0100] {processor.py:161} INFO - Started process (PID=25119) to work on /home/najma/airflow-venv/lib/python3.12/site-packages/airflow/example_dags/example_branch_operator.py
[2026-05-09T17:03:04.088+0100] {processor.py:830} INFO - Processing file /home/najma/airflow-venv/lib/python3.12/site-packages/airflow/example_dags/example_branch_operator.py for tasks to queue
[2026-05-09T17:03:04.090+0100] {logging_mixin.py:188} INFO - [2026-05-09T17:03:04.089+0100] {dagbag.py:540} INFO - Filling up the DagBag from /home/najma/airflow-venv/lib/python3.12/site-packages/airflow/example_dags/example_branch_operator.py
[2026-05-09T17:03:04.224+0100] {processor.py:842} WARNING - No viable dags retrieved from /home/najma/airflow-venv/lib/python3.12/site-packages/airflow/example_dags/example_branch_operator.py
[2026-05-09T17:03:04.248+0100] {processor.py:183} INFO - Processing /home/najma/airflow-venv/lib/python3.12/site-packages/airflow/example_dags/example_branch_operator.py took 0.166 seconds
[2026-05-09T17:03:43.842+0100] {processor.py:161} INFO - Started process (PID=25186) to work on /home/najma/airflow-venv/lib/python3.12/site-packages/airflow/example_dags/example_branch_operator.py
[2026-05-09T17:03:43.843+0100] {processor.py:830} INFO - Processing file /home/najma/airflow-venv/lib/python3.12/site-packages/airflow/example_dags/example_branch_operator.py for tasks to queue
[2026-05-09T17:03:43.846+0100] {logging_mixin.py:188} INFO - [2026-05-09T17:03:43.845+0100] {dagbag.py:540} INFO - Filling up the DagBag from /home/najma/airflow-venv/lib/python3.12/site-packages/airflow/example_dags/example_branch_operator.py
[2026-05-09T17:03:43.967+0100] {processor.py:842} WARNING - No viable dags retrieved from /home/najma/airflow-venv/lib/python3.12/site-packages/airflow/example_dags/example_branch_operator.py
[2026-05-09T17:03:43.990+0100] {processor.py:183} INFO - Processing /home/najma/airflow-venv/lib/python3.12/site-packages/airflow/example_dags/example_branch_operator.py took 0.153 seconds
[2026-05-09T17:04:21.662+0100] {processor.py:161} INFO - Started process (PID=25251) to work on /home/najma/airflow-venv/lib/python3.12/site-packages/airflow/example_dags/example_branch_operator.py
[2026-05-09T17:04:21.664+0100] {processor.py:830} INFO - Processing file /home/najma/airflow-venv/lib/python3.12/site-packages/airflow/example_dags/example_branch_operator.py for tasks to queue
[2026-05-09T17:04:21.665+0100] {logging_mixin.py:188} INFO - [2026-05-09T17:04:21.665+0100] {dagbag.py:540} INFO - Filling up the DagBag from /home/najma/airflow-venv/lib/python3.12/site-packages/airflow/example_dags/example_branch_operator.py
[2026-05-09T17:04:21.742+0100] {processor.py:842} WARNING - No viable dags retrieved from /home/najma/airflow-venv/lib/python3.12/site-packages/airflow/example_dags/example_branch_operator.py
[2026-05-09T17:04:21.761+0100] {processor.py:183} INFO - Processing /home/najma/airflow-venv/lib/python3.12/site-packages/airflow/example_dags/example_branch_operator.py took 0.102 seconds
[2026-05-09T17:52:48.876+0100] {processor.py:161} INFO - Started process (PID=25336) to work on /home/najma/airflow-venv/lib/python3.12/site-packages/airflow/example_dags/example_branch_operator.py
[2026-05-09T17:52:48.878+0100] {processor.py:830} INFO - Processing file /home/najma/airflow-venv/lib/python3.12/site-packages/airflow/example_dags/example_branch_operator.py for tasks to queue
[2026-05-09T17:52:48.883+0100] {logging_mixin.py:188} INFO - [2026-05-09T17:52:48.881+0100] {dagbag.py:540} INFO - Filling up the DagBag from /home/najma/airflow-venv/lib/python3.12/site-packages/airflow/example_dags/example_branch_operator.py
[2026-05-09T17:52:49.024+0100] {processor.py:842} WARNING - No viable dags retrieved from /home/najma/airflow-venv/lib/python3.12/site-packages/airflow/example_dags/example_branch_operator.py
[2026-05-09T17:52:49.943+0100] {processor.py:183} INFO - Processing /home/najma/airflow-venv/lib/python3.12/site-packages/airflow/example_dags/example_branch_operator.py took 1.071 seconds
[2026-05-09T17:53:47.625+0100] {processor.py:161} INFO - Started process (PID=25409) to work on /home/najma/airflow-venv/lib/python3.12/site-packages/airflow/example_dags/example_branch_operator.py
[2026-05-09T17:53:47.626+0100] {processor.py:830} INFO - Processing file /home/najma/airflow-venv/lib/python3.12/site-packages/airflow/example_dags/example_branch_operator.py for tasks to queue
[2026-05-09T17:53:47.628+0100] {logging_mixin.py:188} INFO - [2026-05-09T17:53:47.627+0100] {dagbag.py:540} INFO - Filling up the DagBag from /home/najma/airflow-venv/lib/python3.12/site-packages/airflow/example_dags/example_branch_operator.py
[2026-05-09T17:53:47.812+0100] {processor.py:842} WARNING - No viable dags retrieved from /home/najma/airflow-venv/lib/python3.12/site-packages/airflow/example_dags/example_branch_operator.py
[2026-05-09T17:53:47.883+0100] {processor.py:183} INFO - Processing /home/najma/airflow-venv/lib/python3.12/site-packages/airflow/example_dags/example_branch_operator.py took 0.263 seconds
[2026-05-09T17:54:39.199+0100] {processor.py:161} INFO - Started process (PID=25484) to work on /home/najma/airflow-venv/lib/python3.12/site-packages/airflow/example_dags/example_branch_operator.py
[2026-05-09T17:54:39.200+0100] {processor.py:830} INFO - Processing file /home/najma/airflow-venv/lib/python3.12/site-packages/airflow/example_dags/example_branch_operator.py for tasks to queue
[2026-05-09T17:54:39.202+0100] {logging_mixin.py:188} INFO - [2026-05-09T17:54:39.202+0100] {dagbag.py:540} INFO - Filling up the DagBag from /home/najma/airflow-venv/lib/python3.12/site-packages/airflow/example_dags/example_branch_operator.py
[2026-05-09T17:54:39.321+0100] {processor.py:842} WARNING - No viable dags retrieved from /home/najma/airflow-venv/lib/python3.12/site-packages/airflow/example_dags/example_branch_operator.py
[2026-05-09T17:54:39.348+0100] {processor.py:183} INFO - Processing /home/najma/airflow-venv/lib/python3.12/site-packages/airflow/example_dags/example_branch_operator.py took 0.154 seconds
[2026-05-09T17:55:24.191+0100] {processor.py:161} INFO - Started process (PID=25554) to work on /home/najma/airflow-venv/lib/python3.12/site-packages/airflow/example_dags/example_branch_operator.py
[2026-05-09T17:55:24.192+0100] {processor.py:830} INFO - Processing file /home/najma/airflow-venv/lib/python3.12/site-packages/airflow/example_dags/example_branch_operator.py for tasks to queue
[2026-05-09T17:55:24.193+0100] {logging_mixin.py:188} INFO - [2026-05-09T17:55:24.193+0100] {dagbag.py:540} INFO - Filling up the DagBag from /home/najma/airflow-venv/lib/python3.12/site-packages/airflow/example_dags/example_branch_operator.py
[2026-05-09T17:55:24.358+0100] {processor.py:842} WARNING - No viable dags retrieved from /home/najma/airflow-venv/lib/python3.12/site-packages/airflow/example_dags/example_branch_operator.py
[2026-05-09T17:55:24.408+0100] {processor.py:183} INFO - Processing /home/najma/airflow-venv/lib/python3.12/site-packages/airflow/example_dags/example_branch_operator.py took 0.222 seconds
[2026-05-09T17:56:01.744+0100] {processor.py:161} INFO - Started process (PID=25612) to work on /home/najma/airflow-venv/lib/python3.12/site-packages/airflow/example_dags/example_branch_operator.py
[2026-05-09T17:56:01.745+0100] {processor.py:830} INFO - Processing file /home/najma/airflow-venv/lib/python3.12/site-packages/airflow/example_dags/example_branch_operator.py for tasks to queue
[2026-05-09T17:56:01.763+0100] {logging_mixin.py:188} INFO - [2026-05-09T17:56:01.760+0100] {dagbag.py:540} INFO - Filling up the DagBag from /home/najma/airflow-venv/lib/python3.12/site-packages/airflow/example_dags/example_branch_operator.py
[2026-05-09T17:56:01.920+0100] {processor.py:842} WARNING - No viable dags retrieved from /home/najma/airflow-venv/lib/python3.12/site-packages/airflow/example_dags/example_branch_operator.py
[2026-05-09T17:56:01.943+0100] {processor.py:183} INFO - Processing /home/najma/airflow-venv/lib/python3.12/site-packages/airflow/example_dags/example_branch_operator.py took 0.204 seconds
[2026-05-09T17:56:44.138+0100] {processor.py:161} INFO - Started process (PID=25682) to work on /home/najma/airflow-venv/lib/python3.12/site-packages/airflow/example_dags/example_branch_operator.py
[2026-05-09T17:56:44.139+0100] {processor.py:830} INFO - Processing file /home/najma/airflow-venv/lib/python3.12/site-packages/airflow/example_dags/example_branch_operator.py for tasks to queue
[2026-05-09T17:56:44.141+0100] {logging_mixin.py:188} INFO - [2026-05-09T17:56:44.141+0100] {dagbag.py:540} INFO - Filling up the DagBag from /home/najma/airflow-venv/lib/python3.12/site-packages/airflow/example_dags/example_branch_operator.py
[2026-05-09T17:56:44.256+0100] {processor.py:842} WARNING - No viable dags retrieved from /home/najma/airflow-venv/lib/python3.12/site-packages/airflow/example_dags/example_branch_operator.py
[2026-05-09T17:56:44.286+0100] {processor.py:183} INFO - Processing /home/najma/airflow-venv/lib/python3.12/site-packages/airflow/example_dags/example_branch_operator.py took 0.152 seconds
[2026-05-09T17:57:18.699+0100] {processor.py:161} INFO - Started process (PID=25739) to work on /home/najma/airflow-venv/lib/python3.12/site-packages/airflow/example_dags/example_branch_operator.py
[2026-05-09T17:57:18.701+0100] {processor.py:830} INFO - Processing file /home/najma/airflow-venv/lib/python3.12/site-packages/airflow/example_dags/example_branch_operator.py for tasks to queue
[2026-05-09T17:57:18.703+0100] {logging_mixin.py:188} INFO - [2026-05-09T17:57:18.703+0100] {dagbag.py:540} INFO - Filling up the DagBag from /home/najma/airflow-venv/lib/python3.12/site-packages/airflow/example_dags/example_branch_operator.py
[2026-05-09T17:57:18.846+0100] {processor.py:842} WARNING - No viable dags retrieved from /home/najma/airflow-venv/lib/python3.12/site-packages/airflow/example_dags/example_branch_operator.py
[2026-05-09T17:57:18.881+0100] {processor.py:183} INFO - Processing /home/najma/airflow-venv/lib/python3.12/site-packages/airflow/example_dags/example_branch_operator.py took 0.187 seconds
[2026-05-09T17:58:03.477+0100] {processor.py:161} INFO - Started process (PID=25806) to work on /home/najma/airflow-venv/lib/python3.12/site-packages/airflow/example_dags/example_branch_operator.py
[2026-05-09T17:58:03.478+0100] {processor.py:830} INFO - Processing file /home/najma/airflow-venv/lib/python3.12/site-packages/airflow/example_dags/example_branch_operator.py for tasks to queue
[2026-05-09T17:58:03.480+0100] {logging_mixin.py:188} INFO - [2026-05-09T17:58:03.480+0100] {dagbag.py:540} INFO - Filling up the DagBag from /home/najma/airflow-venv/lib/python3.12/site-packages/airflow/example_dags/example_branch_operator.py
[2026-05-09T17:58:03.593+0100] {processor.py:842} WARNING - No viable dags retrieved from /home/najma/airflow-venv/lib/python3.12/site-packages/airflow/example_dags/example_branch_operator.py
[2026-05-09T17:58:03.621+0100] {processor.py:183} INFO - Processing /home/najma/airflow-venv/lib/python3.12/site-packages/airflow/example_dags/example_branch_operator.py took 0.148 seconds
[2026-05-09T17:58:35.056+0100] {processor.py:161} INFO - Started process (PID=25858) to work on /home/najma/airflow-venv/lib/python3.12/site-packages/airflow/example_dags/example_branch_operator.py
[2026-05-09T17:58:35.058+0100] {processor.py:830} INFO - Processing file /home/najma/airflow-venv/lib/python3.12/site-packages/airflow/example_dags/example_branch_operator.py for tasks to queue
[2026-05-09T17:58:35.060+0100] {logging_mixin.py:188} INFO - [2026-05-09T17:58:35.060+0100] {dagbag.py:540} INFO - Filling up the DagBag from /home/najma/airflow-venv/lib/python3.12/site-packages/airflow/example_dags/example_branch_operator.py
[2026-05-09T17:58:35.152+0100] {processor.py:842} WARNING - No viable dags retrieved from /home/najma/airflow-venv/lib/python3.12/site-packages/airflow/example_dags/example_branch_operator.py
[2026-05-09T17:58:35.192+0100] {processor.py:183} INFO - Processing /home/najma/airflow-venv/lib/python3.12/site-packages/airflow/example_dags/example_branch_operator.py took 0.140 seconds
[2026-05-09T17:59:16.355+0100] {processor.py:161} INFO - Started process (PID=25927) to work on /home/najma/airflow-venv/lib/python3.12/site-packages/airflow/example_dags/example_branch_operator.py
[2026-05-09T17:59:16.356+0100] {processor.py:830} INFO - Processing file /home/najma/airflow-venv/lib/python3.12/site-packages/airflow/example_dags/example_branch_operator.py for tasks to queue
[2026-05-09T17:59:16.358+0100] {logging_mixin.py:188} INFO - [2026-05-09T17:59:16.358+0100] {dagbag.py:540} INFO - Filling up the DagBag from /home/najma/airflow-venv/lib/python3.12/site-packages/airflow/example_dags/example_branch_operator.py
[2026-05-09T17:59:16.454+0100] {processor.py:842} WARNING - No viable dags retrieved from /home/najma/airflow-venv/lib/python3.12/site-packages/airflow/example_dags/example_branch_operator.py
[2026-05-09T17:59:16.479+0100] {processor.py:183} INFO - Processing /home/najma/airflow-venv/lib/python3.12/site-packages/airflow/example_dags/example_branch_operator.py took 0.128 seconds
[2026-05-09T17:59:49.302+0100] {processor.py:161} INFO - Started process (PID=25979) to work on /home/najma/airflow-venv/lib/python3.12/site-packages/airflow/example_dags/example_branch_operator.py
[2026-05-09T17:59:49.303+0100] {processor.py:830} INFO - Processing file /home/najma/airflow-venv/lib/python3.12/site-packages/airflow/example_dags/example_branch_operator.py for tasks to queue
[2026-05-09T17:59:49.309+0100] {logging_mixin.py:188} INFO - [2026-05-09T17:59:49.306+0100] {dagbag.py:540} INFO - Filling up the DagBag from /home/najma/airflow-venv/lib/python3.12/site-packages/airflow/example_dags/example_branch_operator.py
[2026-05-09T17:59:49.411+0100] {processor.py:842} WARNING - No viable dags retrieved from /home/najma/airflow-venv/lib/python3.12/site-packages/airflow/example_dags/example_branch_operator.py
[2026-05-09T17:59:49.436+0100] {processor.py:183} INFO - Processing /home/najma/airflow-venv/lib/python3.12/site-packages/airflow/example_dags/example_branch_operator.py took 0.139 seconds
[2026-05-09T18:00:23.683+0100] {processor.py:161} INFO - Started process (PID=26041) to work on /home/najma/airflow-venv/lib/python3.12/site-packages/airflow/example_dags/example_branch_operator.py
[2026-05-09T18:00:23.686+0100] {processor.py:830} INFO - Processing file /home/najma/airflow-venv/lib/python3.12/site-packages/airflow/example_dags/example_branch_operator.py for tasks to queue
[2026-05-09T18:00:23.687+0100] {logging_mixin.py:188} INFO - [2026-05-09T18:00:23.687+0100] {dagbag.py:540} INFO - Filling up the DagBag from /home/najma/airflow-venv/lib/python3.12/site-packages/airflow/example_dags/example_branch_operator.py
[2026-05-09T18:00:23.861+0100] {processor.py:842} WARNING - No viable dags retrieved from /home/najma/airflow-venv/lib/python3.12/site-packages/airflow/example_dags/example_branch_operator.py
[2026-05-09T18:00:23.888+0100] {processor.py:183} INFO - Processing /home/najma/airflow-venv/lib/python3.12/site-packages/airflow/example_dags/example_branch_operator.py took 0.208 seconds
[2026-05-09T18:01:05.121+0100] {processor.py:161} INFO - Started process (PID=26105) to work on /home/najma/airflow-venv/lib/python3.12/site-packages/airflow/example_dags/example_branch_operator.py
[2026-05-09T18:01:05.122+0100] {processor.py:830} INFO - Processing file /home/najma/airflow-venv/lib/python3.12/site-packages/airflow/example_dags/example_branch_operator.py for tasks to queue
[2026-05-09T18:01:05.124+0100] {logging_mixin.py:188} INFO - [2026-05-09T18:01:05.124+0100] {dagbag.py:540} INFO - Filling up the DagBag from /home/najma/airflow-venv/lib/python3.12/site-packages/airflow/example_dags/example_branch_operator.py
[2026-05-09T18:01:05.223+0100] {processor.py:842} WARNING - No viable dags retrieved from /home/najma/airflow-venv/lib/python3.12/site-packages/airflow/example_dags/example_branch_operator.py
[2026-05-09T18:01:05.246+0100] {processor.py:183} INFO - Processing /home/najma/airflow-venv/lib/python3.12/site-packages/airflow/example_dags/example_branch_operator.py took 0.128 seconds
[2026-05-09T18:01:44.242+0100] {processor.py:161} INFO - Started process (PID=26158) to work on /home/najma/airflow-venv/lib/python3.12/site-packages/airflow/example_dags/example_branch_operator.py
[2026-05-09T18:01:44.250+0100] {processor.py:830} INFO - Processing file /home/najma/airflow-venv/lib/python3.12/site-packages/airflow/example_dags/example_branch_operator.py for tasks to queue
[2026-05-09T18:01:44.252+0100] {logging_mixin.py:188} INFO - [2026-05-09T18:01:44.251+0100] {dagbag.py:540} INFO - Filling up the DagBag from /home/najma/airflow-venv/lib/python3.12/site-packages/airflow/example_dags/example_branch_operator.py
[2026-05-09T18:01:44.400+0100] {processor.py:842} WARNING - No viable dags retrieved from /home/najma/airflow-venv/lib/python3.12/site-packages/airflow/example_dags/example_branch_operator.py
[2026-05-09T18:01:44.427+0100] {processor.py:183} INFO - Processing /home/najma/airflow-venv/lib/python3.12/site-packages/airflow/example_dags/example_branch_operator.py took 0.190 seconds
[2026-05-09T18:02:49.652+0100] {processor.py:161} INFO - Started process (PID=26250) to work on /home/najma/airflow-venv/lib/python3.12/site-packages/airflow/example_dags/example_branch_operator.py
[2026-05-09T18:02:49.653+0100] {processor.py:830} INFO - Processing file /home/najma/airflow-venv/lib/python3.12/site-packages/airflow/example_dags/example_branch_operator.py for tasks to queue
[2026-05-09T18:02:49.657+0100] {logging_mixin.py:188} INFO - [2026-05-09T18:02:49.657+0100] {dagbag.py:540} INFO - Filling up the DagBag from /home/najma/airflow-venv/lib/python3.12/site-packages/airflow/example_dags/example_branch_operator.py
[2026-05-09T18:02:49.820+0100] {processor.py:842} WARNING - No viable dags retrieved from /home/najma/airflow-venv/lib/python3.12/site-packages/airflow/example_dags/example_branch_operator.py
[2026-05-09T18:02:49.858+0100] {processor.py:183} INFO - Processing /home/najma/airflow-venv/lib/python3.12/site-packages/airflow/example_dags/example_branch_operator.py took 0.212 seconds
[2026-05-09T18:09:02.740+0100] {processor.py:161} INFO - Started process (PID=26730) to work on /home/najma/airflow-venv/lib/python3.12/site-packages/airflow/example_dags/example_branch_operator.py
[2026-05-09T18:09:02.742+0100] {processor.py:830} INFO - Processing file /home/najma/airflow-venv/lib/python3.12/site-packages/airflow/example_dags/example_branch_operator.py for tasks to queue
[2026-05-09T18:09:02.745+0100] {logging_mixin.py:188} INFO - [2026-05-09T18:09:02.744+0100] {dagbag.py:540} INFO - Filling up the DagBag from /home/najma/airflow-venv/lib/python3.12/site-packages/airflow/example_dags/example_branch_operator.py
[2026-05-09T18:09:02.956+0100] {processor.py:842} WARNING - No viable dags retrieved from /home/najma/airflow-venv/lib/python3.12/site-packages/airflow/example_dags/example_branch_operator.py
[2026-05-09T18:09:02.991+0100] {processor.py:183} INFO - Processing /home/najma/airflow-venv/lib/python3.12/site-packages/airflow/example_dags/example_branch_operator.py took 0.259 seconds
[2026-05-09T18:09:06.068+0100] {processor.py:161} INFO - Started process (PID=26733) to work on /home/najma/airflow-venv/lib/python3.12/site-packages/airflow/example_dags/example_branch_operator.py
[2026-05-09T18:09:06.070+0100] {processor.py:830} INFO - Processing file /home/najma/airflow-venv/lib/python3.12/site-packages/airflow/example_dags/example_branch_operator.py for tasks to queue
[2026-05-09T18:09:06.081+0100] {logging_mixin.py:188} INFO - [2026-05-09T18:09:06.075+0100] {dagbag.py:540} INFO - Filling up the DagBag from /home/najma/airflow-venv/lib/python3.12/site-packages/airflow/example_dags/example_branch_operator.py
[2026-05-09T18:09:06.282+0100] {processor.py:842} WARNING - No viable dags retrieved from /home/najma/airflow-venv/lib/python3.12/site-packages/airflow/example_dags/example_branch_operator.py
[2026-05-09T18:09:06.330+0100] {processor.py:183} INFO - Processing /home/najma/airflow-venv/lib/python3.12/site-packages/airflow/example_dags/example_branch_operator.py took 0.276 seconds
[2026-05-09T18:11:09.038+0100] {processor.py:161} INFO - Started process (PID=26887) to work on /home/najma/airflow-venv/lib/python3.12/site-packages/airflow/example_dags/example_branch_operator.py
[2026-05-09T18:11:09.040+0100] {processor.py:830} INFO - Processing file /home/najma/airflow-venv/lib/python3.12/site-packages/airflow/example_dags/example_branch_operator.py for tasks to queue
[2026-05-09T18:11:09.051+0100] {logging_mixin.py:188} INFO - [2026-05-09T18:11:09.050+0100] {dagbag.py:540} INFO - Filling up the DagBag from /home/najma/airflow-venv/lib/python3.12/site-packages/airflow/example_dags/example_branch_operator.py
[2026-05-09T18:11:09.208+0100] {processor.py:842} WARNING - No viable dags retrieved from /home/najma/airflow-venv/lib/python3.12/site-packages/airflow/example_dags/example_branch_operator.py
[2026-05-09T18:11:09.253+0100] {processor.py:183} INFO - Processing /home/najma/airflow-venv/lib/python3.12/site-packages/airflow/example_dags/example_branch_operator.py took 0.222 seconds
[2026-05-09T18:11:10.810+0100] {processor.py:161} INFO - Started process (PID=26890) to work on /home/najma/airflow-venv/lib/python3.12/site-packages/airflow/example_dags/example_branch_operator.py
[2026-05-09T18:11:10.812+0100] {processor.py:830} INFO - Processing file /home/najma/airflow-venv/lib/python3.12/site-packages/airflow/example_dags/example_branch_operator.py for tasks to queue
[2026-05-09T18:11:10.816+0100] {logging_mixin.py:188} INFO - [2026-05-09T18:11:10.815+0100] {dagbag.py:540} INFO - Filling up the DagBag from /home/najma/airflow-venv/lib/python3.12/site-packages/airflow/example_dags/example_branch_operator.py
[2026-05-09T18:11:11.263+0100] {processor.py:842} WARNING - No viable dags retrieved from /home/najma/airflow-venv/lib/python3.12/site-packages/airflow/example_dags/example_branch_operator.py
[2026-05-09T18:11:11.298+0100] {processor.py:183} INFO - Processing /home/najma/airflow-venv/lib/python3.12/site-packages/airflow/example_dags/example_branch_operator.py took 0.497 seconds
[2026-05-09T18:13:14.888+0100] {processor.py:161} INFO - Started process (PID=27044) to work on /home/najma/airflow-venv/lib/python3.12/site-packages/airflow/example_dags/example_branch_operator.py
[2026-05-09T18:13:14.906+0100] {processor.py:830} INFO - Processing file /home/najma/airflow-venv/lib/python3.12/site-packages/airflow/example_dags/example_branch_operator.py for tasks to queue
[2026-05-09T18:13:14.909+0100] {logging_mixin.py:188} INFO - [2026-05-09T18:13:14.909+0100] {dagbag.py:540} INFO - Filling up the DagBag from /home/najma/airflow-venv/lib/python3.12/site-packages/airflow/example_dags/example_branch_operator.py
[2026-05-09T18:13:15.151+0100] {processor.py:161} INFO - Started process (PID=27045) to work on /home/najma/airflow-venv/lib/python3.12/site-packages/airflow/example_dags/example_branch_operator.py
[2026-05-09T18:13:15.153+0100] {processor.py:830} INFO - Processing file /home/najma/airflow-venv/lib/python3.12/site-packages/airflow/example_dags/example_branch_operator.py for tasks to queue
[2026-05-09T18:13:15.158+0100] {logging_mixin.py:188} INFO - [2026-05-09T18:13:15.157+0100] {dagbag.py:540} INFO - Filling up the DagBag from /home/najma/airflow-venv/lib/python3.12/site-packages/airflow/example_dags/example_branch_operator.py
[2026-05-09T18:13:15.163+0100] {processor.py:842} WARNING - No viable dags retrieved from /home/najma/airflow-venv/lib/python3.12/site-packages/airflow/example_dags/example_branch_operator.py
[2026-05-09T18:13:15.207+0100] {processor.py:183} INFO - Processing /home/najma/airflow-venv/lib/python3.12/site-packages/airflow/example_dags/example_branch_operator.py took 0.328 seconds
[2026-05-09T18:13:15.353+0100] {processor.py:842} WARNING - No viable dags retrieved from /home/najma/airflow-venv/lib/python3.12/site-packages/airflow/example_dags/example_branch_operator.py
[2026-05-09T18:13:15.403+0100] {processor.py:183} INFO - Processing /home/najma/airflow-venv/lib/python3.12/site-packages/airflow/example_dags/example_branch_operator.py took 0.261 seconds
[2026-05-09T18:14:54.880+0100] {processor.py:161} INFO - Started process (PID=27174) to work on /home/najma/airflow-venv/lib/python3.12/site-packages/airflow/example_dags/example_branch_operator.py
[2026-05-09T18:14:54.882+0100] {processor.py:830} INFO - Processing file /home/najma/airflow-venv/lib/python3.12/site-packages/airflow/example_dags/example_branch_operator.py for tasks to queue
[2026-05-09T18:14:54.885+0100] {logging_mixin.py:188} INFO - [2026-05-09T18:14:54.884+0100] {dagbag.py:540} INFO - Filling up the DagBag from /home/najma/airflow-venv/lib/python3.12/site-packages/airflow/example_dags/example_branch_operator.py
[2026-05-09T18:14:55.081+0100] {processor.py:842} WARNING - No viable dags retrieved from /home/najma/airflow-venv/lib/python3.12/site-packages/airflow/example_dags/example_branch_operator.py
[2026-05-09T18:14:55.124+0100] {processor.py:183} INFO - Processing /home/najma/airflow-venv/lib/python3.12/site-packages/airflow/example_dags/example_branch_operator.py took 0.249 seconds
[2026-05-09T18:15:06.044+0100] {processor.py:161} INFO - Started process (PID=27189) to work on /home/najma/airflow-venv/lib/python3.12/site-packages/airflow/example_dags/example_branch_operator.py
[2026-05-09T18:15:06.048+0100] {processor.py:830} INFO - Processing file /home/najma/airflow-venv/lib/python3.12/site-packages/airflow/example_dags/example_branch_operator.py for tasks to queue
[2026-05-09T18:15:06.050+0100] {logging_mixin.py:188} INFO - [2026-05-09T18:15:06.049+0100] {dagbag.py:540} INFO - Filling up the DagBag from /home/najma/airflow-venv/lib/python3.12/site-packages/airflow/example_dags/example_branch_operator.py
[2026-05-09T18:15:06.814+0100] {processor.py:842} WARNING - No viable dags retrieved from /home/najma/airflow-venv/lib/python3.12/site-packages/airflow/example_dags/example_branch_operator.py
[2026-05-09T18:15:06.859+0100] {processor.py:183} INFO - Processing /home/najma/airflow-venv/lib/python3.12/site-packages/airflow/example_dags/example_branch_operator.py took 0.826 seconds
