[2026-05-09T16:17:08.901+0100] {processor.py:161} INFO - Started process (PID=21512) to work on /home/najma/airflow-venv/lib/python3.12/site-packages/airflow/example_dags/example_params_trigger_ui.py
[2026-05-09T16:17:08.903+0100] {processor.py:830} INFO - Processing file /home/najma/airflow-venv/lib/python3.12/site-packages/airflow/example_dags/example_params_trigger_ui.py for tasks to queue
[2026-05-09T16:17:08.906+0100] {logging_mixin.py:188} INFO - [2026-05-09T16:17:08.905+0100] {dagbag.py:540} INFO - Filling up the DagBag from /home/najma/airflow-venv/lib/python3.12/site-packages/airflow/example_dags/example_params_trigger_ui.py
[2026-05-09T16:17:08.931+0100] {processor.py:840} INFO - DAG(s) 'example_params_trigger_ui' retrieved from /home/najma/airflow-venv/lib/python3.12/site-packages/airflow/example_dags/example_params_trigger_ui.py
[2026-05-09T16:17:09.238+0100] {logging_mixin.py:188} INFO - [2026-05-09T16:17:09.238+0100] {dag.py:3096} INFO - Sync 1 DAGs
[2026-05-09T16:17:09.317+0100] {logging_mixin.py:188} INFO - [2026-05-09T16:17:09.317+0100] {dag.py:3954} INFO - Setting next_dagrun for example_params_trigger_ui to None, run_after=None
[2026-05-09T16:17:10.463+0100] {processor.py:183} INFO - Processing /home/najma/airflow-venv/lib/python3.12/site-packages/airflow/example_dags/example_params_trigger_ui.py took 1.566 seconds
[2026-05-09T16:19:07.403+0100] {processor.py:161} INFO - Started process (PID=21605) to work on /home/najma/airflow-venv/lib/python3.12/site-packages/airflow/example_dags/example_params_trigger_ui.py
[2026-05-09T16:19:07.404+0100] {processor.py:830} INFO - Processing file /home/najma/airflow-venv/lib/python3.12/site-packages/airflow/example_dags/example_params_trigger_ui.py for tasks to queue
[2026-05-09T16:19:07.407+0100] {logging_mixin.py:188} INFO - [2026-05-09T16:19:07.407+0100] {dagbag.py:540} INFO - Filling up the DagBag from /home/najma/airflow-venv/lib/python3.12/site-packages/airflow/example_dags/example_params_trigger_ui.py
[2026-05-09T16:19:07.423+0100] {processor.py:840} INFO - DAG(s) 'example_params_trigger_ui' retrieved from /home/najma/airflow-venv/lib/python3.12/site-packages/airflow/example_dags/example_params_trigger_ui.py
[2026-05-09T16:19:07.509+0100] {logging_mixin.py:188} INFO - [2026-05-09T16:19:07.508+0100] {dag.py:3096} INFO - Sync 1 DAGs
[2026-05-09T16:19:07.533+0100] {logging_mixin.py:188} INFO - [2026-05-09T16:19:07.533+0100] {dag.py:3954} INFO - Setting next_dagrun for example_params_trigger_ui to None, run_after=None
[2026-05-09T16:19:07.651+0100] {processor.py:183} INFO - Processing /home/najma/airflow-venv/lib/python3.12/site-packages/airflow/example_dags/example_params_trigger_ui.py took 0.254 seconds
[2026-05-09T16:20:26.888+0100] {processor.py:161} INFO - Started process (PID=21683) to work on /home/najma/airflow-venv/lib/python3.12/site-packages/airflow/example_dags/example_params_trigger_ui.py
[2026-05-09T16:20:26.889+0100] {processor.py:830} INFO - Processing file /home/najma/airflow-venv/lib/python3.12/site-packages/airflow/example_dags/example_params_trigger_ui.py for tasks to queue
[2026-05-09T16:20:26.891+0100] {logging_mixin.py:188} INFO - [2026-05-09T16:20:26.891+0100] {dagbag.py:540} INFO - Filling up the DagBag from /home/najma/airflow-venv/lib/python3.12/site-packages/airflow/example_dags/example_params_trigger_ui.py
[2026-05-09T16:20:26.902+0100] {processor.py:840} INFO - DAG(s) 'example_params_trigger_ui' retrieved from /home/najma/airflow-venv/lib/python3.12/site-packages/airflow/example_dags/example_params_trigger_ui.py
[2026-05-09T16:20:26.951+0100] {logging_mixin.py:188} INFO - [2026-05-09T16:20:26.951+0100] {dag.py:3096} INFO - Sync 1 DAGs
[2026-05-09T16:20:26.965+0100] {logging_mixin.py:188} INFO - [2026-05-09T16:20:26.965+0100] {dag.py:3954} INFO - Setting next_dagrun for example_params_trigger_ui to None, run_after=None
[2026-05-09T16:20:27.045+0100] {processor.py:183} INFO - Processing /home/najma/airflow-venv/lib/python3.12/site-packages/airflow/example_dags/example_params_trigger_ui.py took 0.160 seconds
[2026-05-09T16:21:47.191+0100] {processor.py:161} INFO - Started process (PID=21751) to work on /home/najma/airflow-venv/lib/python3.12/site-packages/airflow/example_dags/example_params_trigger_ui.py
[2026-05-09T16:21:47.192+0100] {processor.py:830} INFO - Processing file /home/najma/airflow-venv/lib/python3.12/site-packages/airflow/example_dags/example_params_trigger_ui.py for tasks to queue
[2026-05-09T16:21:47.194+0100] {logging_mixin.py:188} INFO - [2026-05-09T16:21:47.194+0100] {dagbag.py:540} INFO - Filling up the DagBag from /home/najma/airflow-venv/lib/python3.12/site-packages/airflow/example_dags/example_params_trigger_ui.py
[2026-05-09T16:21:47.214+0100] {processor.py:840} INFO - DAG(s) 'example_params_trigger_ui' retrieved from /home/najma/airflow-venv/lib/python3.12/site-packages/airflow/example_dags/example_params_trigger_ui.py
[2026-05-09T16:21:47.264+0100] {logging_mixin.py:188} INFO - [2026-05-09T16:21:47.264+0100] {dag.py:3096} INFO - Sync 1 DAGs
[2026-05-09T16:21:47.282+0100] {logging_mixin.py:188} INFO - [2026-05-09T16:21:47.282+0100] {dag.py:3954} INFO - Setting next_dagrun for example_params_trigger_ui to None, run_after=None
[2026-05-09T16:21:47.384+0100] {processor.py:183} INFO - Processing /home/najma/airflow-venv/lib/python3.12/site-packages/airflow/example_dags/example_params_trigger_ui.py took 0.197 seconds
[2026-05-09T16:23:16.929+0100] {processor.py:161} INFO - Started process (PID=21833) to work on /home/najma/airflow-venv/lib/python3.12/site-packages/airflow/example_dags/example_params_trigger_ui.py
[2026-05-09T16:23:16.931+0100] {processor.py:830} INFO - Processing file /home/najma/airflow-venv/lib/python3.12/site-packages/airflow/example_dags/example_params_trigger_ui.py for tasks to queue
[2026-05-09T16:23:16.933+0100] {logging_mixin.py:188} INFO - [2026-05-09T16:23:16.932+0100] {dagbag.py:540} INFO - Filling up the DagBag from /home/najma/airflow-venv/lib/python3.12/site-packages/airflow/example_dags/example_params_trigger_ui.py
[2026-05-09T16:23:16.943+0100] {processor.py:840} INFO - DAG(s) 'example_params_trigger_ui' retrieved from /home/najma/airflow-venv/lib/python3.12/site-packages/airflow/example_dags/example_params_trigger_ui.py
[2026-05-09T16:23:16.991+0100] {logging_mixin.py:188} INFO - [2026-05-09T16:23:16.991+0100] {dag.py:3096} INFO - Sync 1 DAGs
[2026-05-09T16:23:17.005+0100] {logging_mixin.py:188} INFO - [2026-05-09T16:23:17.005+0100] {dag.py:3954} INFO - Setting next_dagrun for example_params_trigger_ui to None, run_after=None
[2026-05-09T16:23:17.200+0100] {processor.py:183} INFO - Processing /home/najma/airflow-venv/lib/python3.12/site-packages/airflow/example_dags/example_params_trigger_ui.py took 0.275 seconds
[2026-05-09T16:24:11.068+0100] {processor.py:161} INFO - Started process (PID=21925) to work on /home/najma/airflow-venv/lib/python3.12/site-packages/airflow/example_dags/example_params_trigger_ui.py
[2026-05-09T16:24:11.069+0100] {processor.py:830} INFO - Processing file /home/najma/airflow-venv/lib/python3.12/site-packages/airflow/example_dags/example_params_trigger_ui.py for tasks to queue
[2026-05-09T16:24:11.079+0100] {logging_mixin.py:188} INFO - [2026-05-09T16:24:11.079+0100] {dagbag.py:540} INFO - Filling up the DagBag from /home/najma/airflow-venv/lib/python3.12/site-packages/airflow/example_dags/example_params_trigger_ui.py
[2026-05-09T16:24:11.101+0100] {processor.py:840} INFO - DAG(s) 'example_params_trigger_ui' retrieved from /home/najma/airflow-venv/lib/python3.12/site-packages/airflow/example_dags/example_params_trigger_ui.py
[2026-05-09T16:24:11.205+0100] {logging_mixin.py:188} INFO - [2026-05-09T16:24:11.205+0100] {dag.py:3096} INFO - Sync 1 DAGs
[2026-05-09T16:24:11.245+0100] {logging_mixin.py:188} INFO - [2026-05-09T16:24:11.244+0100] {dag.py:3954} INFO - Setting next_dagrun for example_params_trigger_ui to None, run_after=None
[2026-05-09T16:24:11.394+0100] {processor.py:183} INFO - Processing /home/najma/airflow-venv/lib/python3.12/site-packages/airflow/example_dags/example_params_trigger_ui.py took 0.330 seconds
[2026-05-09T16:24:45.268+0100] {processor.py:161} INFO - Started process (PID=21980) to work on /home/najma/airflow-venv/lib/python3.12/site-packages/airflow/example_dags/example_params_trigger_ui.py
[2026-05-09T16:24:45.285+0100] {processor.py:830} INFO - Processing file /home/najma/airflow-venv/lib/python3.12/site-packages/airflow/example_dags/example_params_trigger_ui.py for tasks to queue
[2026-05-09T16:24:45.288+0100] {logging_mixin.py:188} INFO - [2026-05-09T16:24:45.288+0100] {dagbag.py:540} INFO - Filling up the DagBag from /home/najma/airflow-venv/lib/python3.12/site-packages/airflow/example_dags/example_params_trigger_ui.py
[2026-05-09T16:24:45.300+0100] {processor.py:840} INFO - DAG(s) 'example_params_trigger_ui' retrieved from /home/najma/airflow-venv/lib/python3.12/site-packages/airflow/example_dags/example_params_trigger_ui.py
[2026-05-09T16:24:45.363+0100] {logging_mixin.py:188} INFO - [2026-05-09T16:24:45.362+0100] {dag.py:3096} INFO - Sync 1 DAGs
[2026-05-09T16:24:45.378+0100] {logging_mixin.py:188} INFO - [2026-05-09T16:24:45.377+0100] {dag.py:3954} INFO - Setting next_dagrun for example_params_trigger_ui to None, run_after=None
[2026-05-09T16:24:45.448+0100] {processor.py:183} INFO - Processing /home/najma/airflow-venv/lib/python3.12/site-packages/airflow/example_dags/example_params_trigger_ui.py took 0.185 seconds
[2026-05-09T16:25:29.462+0100] {processor.py:161} INFO - Started process (PID=22056) to work on /home/najma/airflow-venv/lib/python3.12/site-packages/airflow/example_dags/example_params_trigger_ui.py
[2026-05-09T16:25:29.463+0100] {processor.py:830} INFO - Processing file /home/najma/airflow-venv/lib/python3.12/site-packages/airflow/example_dags/example_params_trigger_ui.py for tasks to queue
[2026-05-09T16:25:29.465+0100] {logging_mixin.py:188} INFO - [2026-05-09T16:25:29.464+0100] {dagbag.py:540} INFO - Filling up the DagBag from /home/najma/airflow-venv/lib/python3.12/site-packages/airflow/example_dags/example_params_trigger_ui.py
[2026-05-09T16:25:29.475+0100] {processor.py:840} INFO - DAG(s) 'example_params_trigger_ui' retrieved from /home/najma/airflow-venv/lib/python3.12/site-packages/airflow/example_dags/example_params_trigger_ui.py
[2026-05-09T16:25:29.525+0100] {logging_mixin.py:188} INFO - [2026-05-09T16:25:29.524+0100] {dag.py:3096} INFO - Sync 1 DAGs
[2026-05-09T16:25:29.537+0100] {logging_mixin.py:188} INFO - [2026-05-09T16:25:29.537+0100] {dag.py:3954} INFO - Setting next_dagrun for example_params_trigger_ui to None, run_after=None
[2026-05-09T16:25:29.625+0100] {processor.py:183} INFO - Processing /home/najma/airflow-venv/lib/python3.12/site-packages/airflow/example_dags/example_params_trigger_ui.py took 0.168 seconds
[2026-05-09T16:26:03.326+0100] {processor.py:161} INFO - Started process (PID=22109) to work on /home/najma/airflow-venv/lib/python3.12/site-packages/airflow/example_dags/example_params_trigger_ui.py
[2026-05-09T16:26:03.328+0100] {processor.py:830} INFO - Processing file /home/najma/airflow-venv/lib/python3.12/site-packages/airflow/example_dags/example_params_trigger_ui.py for tasks to queue
[2026-05-09T16:26:03.330+0100] {logging_mixin.py:188} INFO - [2026-05-09T16:26:03.329+0100] {dagbag.py:540} INFO - Filling up the DagBag from /home/najma/airflow-venv/lib/python3.12/site-packages/airflow/example_dags/example_params_trigger_ui.py
[2026-05-09T16:26:03.342+0100] {processor.py:840} INFO - DAG(s) 'example_params_trigger_ui' retrieved from /home/najma/airflow-venv/lib/python3.12/site-packages/airflow/example_dags/example_params_trigger_ui.py
[2026-05-09T16:26:03.403+0100] {logging_mixin.py:188} INFO - [2026-05-09T16:26:03.403+0100] {dag.py:3096} INFO - Sync 1 DAGs
[2026-05-09T16:26:03.421+0100] {logging_mixin.py:188} INFO - [2026-05-09T16:26:03.420+0100] {dag.py:3954} INFO - Setting next_dagrun for example_params_trigger_ui to None, run_after=None
[2026-05-09T16:26:03.510+0100] {processor.py:183} INFO - Processing /home/najma/airflow-venv/lib/python3.12/site-packages/airflow/example_dags/example_params_trigger_ui.py took 0.187 seconds
[2026-05-09T16:26:52.985+0100] {processor.py:161} INFO - Started process (PID=22189) to work on /home/najma/airflow-venv/lib/python3.12/site-packages/airflow/example_dags/example_params_trigger_ui.py
[2026-05-09T16:26:52.986+0100] {processor.py:830} INFO - Processing file /home/najma/airflow-venv/lib/python3.12/site-packages/airflow/example_dags/example_params_trigger_ui.py for tasks to queue
[2026-05-09T16:26:52.988+0100] {logging_mixin.py:188} INFO - [2026-05-09T16:26:52.987+0100] {dagbag.py:540} INFO - Filling up the DagBag from /home/najma/airflow-venv/lib/python3.12/site-packages/airflow/example_dags/example_params_trigger_ui.py
[2026-05-09T16:26:53.000+0100] {processor.py:840} INFO - DAG(s) 'example_params_trigger_ui' retrieved from /home/najma/airflow-venv/lib/python3.12/site-packages/airflow/example_dags/example_params_trigger_ui.py
[2026-05-09T16:26:53.064+0100] {logging_mixin.py:188} INFO - [2026-05-09T16:26:53.063+0100] {dag.py:3096} INFO - Sync 1 DAGs
[2026-05-09T16:26:53.080+0100] {logging_mixin.py:188} INFO - [2026-05-09T16:26:53.080+0100] {dag.py:3954} INFO - Setting next_dagrun for example_params_trigger_ui to None, run_after=None
[2026-05-09T16:26:53.174+0100] {processor.py:183} INFO - Processing /home/najma/airflow-venv/lib/python3.12/site-packages/airflow/example_dags/example_params_trigger_ui.py took 0.194 seconds
[2026-05-09T16:27:29.309+0100] {processor.py:161} INFO - Started process (PID=22245) to work on /home/najma/airflow-venv/lib/python3.12/site-packages/airflow/example_dags/example_params_trigger_ui.py
[2026-05-09T16:27:29.311+0100] {processor.py:830} INFO - Processing file /home/najma/airflow-venv/lib/python3.12/site-packages/airflow/example_dags/example_params_trigger_ui.py for tasks to queue
[2026-05-09T16:27:29.315+0100] {logging_mixin.py:188} INFO - [2026-05-09T16:27:29.314+0100] {dagbag.py:540} INFO - Filling up the DagBag from /home/najma/airflow-venv/lib/python3.12/site-packages/airflow/example_dags/example_params_trigger_ui.py
[2026-05-09T16:27:29.339+0100] {processor.py:840} INFO - DAG(s) 'example_params_trigger_ui' retrieved from /home/najma/airflow-venv/lib/python3.12/site-packages/airflow/example_dags/example_params_trigger_ui.py
[2026-05-09T16:27:29.452+0100] {logging_mixin.py:188} INFO - [2026-05-09T16:27:29.452+0100] {dag.py:3096} INFO - Sync 1 DAGs
[2026-05-09T16:27:29.485+0100] {logging_mixin.py:188} INFO - [2026-05-09T16:27:29.484+0100] {dag.py:3954} INFO - Setting next_dagrun for example_params_trigger_ui to None, run_after=None
[2026-05-09T16:27:29.655+0100] {processor.py:183} INFO - Processing /home/najma/airflow-venv/lib/python3.12/site-packages/airflow/example_dags/example_params_trigger_ui.py took 0.355 seconds
[2026-05-09T16:28:14.243+0100] {processor.py:161} INFO - Started process (PID=22318) to work on /home/najma/airflow-venv/lib/python3.12/site-packages/airflow/example_dags/example_params_trigger_ui.py
[2026-05-09T16:28:14.245+0100] {processor.py:830} INFO - Processing file /home/najma/airflow-venv/lib/python3.12/site-packages/airflow/example_dags/example_params_trigger_ui.py for tasks to queue
[2026-05-09T16:28:14.247+0100] {logging_mixin.py:188} INFO - [2026-05-09T16:28:14.247+0100] {dagbag.py:540} INFO - Filling up the DagBag from /home/najma/airflow-venv/lib/python3.12/site-packages/airflow/example_dags/example_params_trigger_ui.py
[2026-05-09T16:28:14.260+0100] {processor.py:840} INFO - DAG(s) 'example_params_trigger_ui' retrieved from /home/najma/airflow-venv/lib/python3.12/site-packages/airflow/example_dags/example_params_trigger_ui.py
[2026-05-09T16:28:14.309+0100] {logging_mixin.py:188} INFO - [2026-05-09T16:28:14.309+0100] {dag.py:3096} INFO - Sync 1 DAGs
[2026-05-09T16:28:14.324+0100] {logging_mixin.py:188} INFO - [2026-05-09T16:28:14.323+0100] {dag.py:3954} INFO - Setting next_dagrun for example_params_trigger_ui to None, run_after=None
[2026-05-09T16:28:14.406+0100] {processor.py:183} INFO - Processing /home/najma/airflow-venv/lib/python3.12/site-packages/airflow/example_dags/example_params_trigger_ui.py took 0.171 seconds
[2026-05-09T16:28:47.713+0100] {processor.py:161} INFO - Started process (PID=22375) to work on /home/najma/airflow-venv/lib/python3.12/site-packages/airflow/example_dags/example_params_trigger_ui.py
[2026-05-09T16:28:47.714+0100] {processor.py:830} INFO - Processing file /home/najma/airflow-venv/lib/python3.12/site-packages/airflow/example_dags/example_params_trigger_ui.py for tasks to queue
[2026-05-09T16:28:47.722+0100] {logging_mixin.py:188} INFO - [2026-05-09T16:28:47.722+0100] {dagbag.py:540} INFO - Filling up the DagBag from /home/najma/airflow-venv/lib/python3.12/site-packages/airflow/example_dags/example_params_trigger_ui.py
[2026-05-09T16:28:47.743+0100] {processor.py:840} INFO - DAG(s) 'example_params_trigger_ui' retrieved from /home/najma/airflow-venv/lib/python3.12/site-packages/airflow/example_dags/example_params_trigger_ui.py
[2026-05-09T16:28:47.804+0100] {logging_mixin.py:188} INFO - [2026-05-09T16:28:47.804+0100] {dag.py:3096} INFO - Sync 1 DAGs
[2026-05-09T16:28:47.819+0100] {logging_mixin.py:188} INFO - [2026-05-09T16:28:47.819+0100] {dag.py:3954} INFO - Setting next_dagrun for example_params_trigger_ui to None, run_after=None
[2026-05-09T16:28:47.894+0100] {processor.py:183} INFO - Processing /home/najma/airflow-venv/lib/python3.12/site-packages/airflow/example_dags/example_params_trigger_ui.py took 0.186 seconds
[2026-05-09T16:29:32.923+0100] {processor.py:161} INFO - Started process (PID=22447) to work on /home/najma/airflow-venv/lib/python3.12/site-packages/airflow/example_dags/example_params_trigger_ui.py
[2026-05-09T16:29:32.927+0100] {processor.py:830} INFO - Processing file /home/najma/airflow-venv/lib/python3.12/site-packages/airflow/example_dags/example_params_trigger_ui.py for tasks to queue
[2026-05-09T16:29:32.934+0100] {logging_mixin.py:188} INFO - [2026-05-09T16:29:32.933+0100] {dagbag.py:540} INFO - Filling up the DagBag from /home/najma/airflow-venv/lib/python3.12/site-packages/airflow/example_dags/example_params_trigger_ui.py
[2026-05-09T16:29:32.958+0100] {processor.py:840} INFO - DAG(s) 'example_params_trigger_ui' retrieved from /home/najma/airflow-venv/lib/python3.12/site-packages/airflow/example_dags/example_params_trigger_ui.py
[2026-05-09T16:29:33.003+0100] {logging_mixin.py:188} INFO - [2026-05-09T16:29:33.003+0100] {dag.py:3096} INFO - Sync 1 DAGs
[2026-05-09T16:29:33.025+0100] {logging_mixin.py:188} INFO - [2026-05-09T16:29:33.025+0100] {dag.py:3954} INFO - Setting next_dagrun for example_params_trigger_ui to None, run_after=None
[2026-05-09T16:29:33.153+0100] {processor.py:183} INFO - Processing /home/najma/airflow-venv/lib/python3.12/site-packages/airflow/example_dags/example_params_trigger_ui.py took 0.252 seconds
[2026-05-09T16:30:08.001+0100] {processor.py:161} INFO - Started process (PID=22503) to work on /home/najma/airflow-venv/lib/python3.12/site-packages/airflow/example_dags/example_params_trigger_ui.py
[2026-05-09T16:30:08.002+0100] {processor.py:830} INFO - Processing file /home/najma/airflow-venv/lib/python3.12/site-packages/airflow/example_dags/example_params_trigger_ui.py for tasks to queue
[2026-05-09T16:30:08.004+0100] {logging_mixin.py:188} INFO - [2026-05-09T16:30:08.003+0100] {dagbag.py:540} INFO - Filling up the DagBag from /home/najma/airflow-venv/lib/python3.12/site-packages/airflow/example_dags/example_params_trigger_ui.py
[2026-05-09T16:30:08.015+0100] {processor.py:840} INFO - DAG(s) 'example_params_trigger_ui' retrieved from /home/najma/airflow-venv/lib/python3.12/site-packages/airflow/example_dags/example_params_trigger_ui.py
[2026-05-09T16:30:08.087+0100] {logging_mixin.py:188} INFO - [2026-05-09T16:30:08.087+0100] {dag.py:3096} INFO - Sync 1 DAGs
[2026-05-09T16:30:08.105+0100] {logging_mixin.py:188} INFO - [2026-05-09T16:30:08.105+0100] {dag.py:3954} INFO - Setting next_dagrun for example_params_trigger_ui to None, run_after=None
[2026-05-09T16:30:08.218+0100] {processor.py:183} INFO - Processing /home/najma/airflow-venv/lib/python3.12/site-packages/airflow/example_dags/example_params_trigger_ui.py took 0.221 seconds
[2026-05-09T16:30:56.462+0100] {processor.py:161} INFO - Started process (PID=22580) to work on /home/najma/airflow-venv/lib/python3.12/site-packages/airflow/example_dags/example_params_trigger_ui.py
[2026-05-09T16:30:56.464+0100] {processor.py:830} INFO - Processing file /home/najma/airflow-venv/lib/python3.12/site-packages/airflow/example_dags/example_params_trigger_ui.py for tasks to queue
[2026-05-09T16:30:56.466+0100] {logging_mixin.py:188} INFO - [2026-05-09T16:30:56.465+0100] {dagbag.py:540} INFO - Filling up the DagBag from /home/najma/airflow-venv/lib/python3.12/site-packages/airflow/example_dags/example_params_trigger_ui.py
[2026-05-09T16:30:56.481+0100] {processor.py:840} INFO - DAG(s) 'example_params_trigger_ui' retrieved from /home/najma/airflow-venv/lib/python3.12/site-packages/airflow/example_dags/example_params_trigger_ui.py
[2026-05-09T16:30:56.527+0100] {logging_mixin.py:188} INFO - [2026-05-09T16:30:56.527+0100] {dag.py:3096} INFO - Sync 1 DAGs
[2026-05-09T16:30:56.543+0100] {logging_mixin.py:188} INFO - [2026-05-09T16:30:56.543+0100] {dag.py:3954} INFO - Setting next_dagrun for example_params_trigger_ui to None, run_after=None
[2026-05-09T16:30:56.634+0100] {processor.py:183} INFO - Processing /home/najma/airflow-venv/lib/python3.12/site-packages/airflow/example_dags/example_params_trigger_ui.py took 0.176 seconds
[2026-05-09T16:31:25.951+0100] {processor.py:161} INFO - Started process (PID=22633) to work on /home/najma/airflow-venv/lib/python3.12/site-packages/airflow/example_dags/example_params_trigger_ui.py
[2026-05-09T16:31:25.952+0100] {processor.py:830} INFO - Processing file /home/najma/airflow-venv/lib/python3.12/site-packages/airflow/example_dags/example_params_trigger_ui.py for tasks to queue
[2026-05-09T16:31:25.954+0100] {logging_mixin.py:188} INFO - [2026-05-09T16:31:25.953+0100] {dagbag.py:540} INFO - Filling up the DagBag from /home/najma/airflow-venv/lib/python3.12/site-packages/airflow/example_dags/example_params_trigger_ui.py
[2026-05-09T16:31:25.972+0100] {processor.py:840} INFO - DAG(s) 'example_params_trigger_ui' retrieved from /home/najma/airflow-venv/lib/python3.12/site-packages/airflow/example_dags/example_params_trigger_ui.py
[2026-05-09T16:31:26.050+0100] {logging_mixin.py:188} INFO - [2026-05-09T16:31:26.050+0100] {dag.py:3096} INFO - Sync 1 DAGs
[2026-05-09T16:31:26.091+0100] {logging_mixin.py:188} INFO - [2026-05-09T16:31:26.086+0100] {dag.py:3954} INFO - Setting next_dagrun for example_params_trigger_ui to None, run_after=None
[2026-05-09T16:31:26.185+0100] {processor.py:183} INFO - Processing /home/najma/airflow-venv/lib/python3.12/site-packages/airflow/example_dags/example_params_trigger_ui.py took 0.238 seconds
[2026-05-09T16:32:12.991+0100] {processor.py:161} INFO - Started process (PID=22708) to work on /home/najma/airflow-venv/lib/python3.12/site-packages/airflow/example_dags/example_params_trigger_ui.py
[2026-05-09T16:32:12.992+0100] {processor.py:830} INFO - Processing file /home/najma/airflow-venv/lib/python3.12/site-packages/airflow/example_dags/example_params_trigger_ui.py for tasks to queue
[2026-05-09T16:32:12.996+0100] {logging_mixin.py:188} INFO - [2026-05-09T16:32:12.996+0100] {dagbag.py:540} INFO - Filling up the DagBag from /home/najma/airflow-venv/lib/python3.12/site-packages/airflow/example_dags/example_params_trigger_ui.py
[2026-05-09T16:32:13.007+0100] {processor.py:840} INFO - DAG(s) 'example_params_trigger_ui' retrieved from /home/najma/airflow-venv/lib/python3.12/site-packages/airflow/example_dags/example_params_trigger_ui.py
[2026-05-09T16:32:13.058+0100] {logging_mixin.py:188} INFO - [2026-05-09T16:32:13.057+0100] {dag.py:3096} INFO - Sync 1 DAGs
[2026-05-09T16:32:13.073+0100] {logging_mixin.py:188} INFO - [2026-05-09T16:32:13.073+0100] {dag.py:3954} INFO - Setting next_dagrun for example_params_trigger_ui to None, run_after=None
[2026-05-09T16:32:13.157+0100] {processor.py:183} INFO - Processing /home/najma/airflow-venv/lib/python3.12/site-packages/airflow/example_dags/example_params_trigger_ui.py took 0.170 seconds
[2026-05-09T16:32:42.608+0100] {processor.py:161} INFO - Started process (PID=22756) to work on /home/najma/airflow-venv/lib/python3.12/site-packages/airflow/example_dags/example_params_trigger_ui.py
[2026-05-09T16:32:42.610+0100] {processor.py:830} INFO - Processing file /home/najma/airflow-venv/lib/python3.12/site-packages/airflow/example_dags/example_params_trigger_ui.py for tasks to queue
[2026-05-09T16:32:42.613+0100] {logging_mixin.py:188} INFO - [2026-05-09T16:32:42.612+0100] {dagbag.py:540} INFO - Filling up the DagBag from /home/najma/airflow-venv/lib/python3.12/site-packages/airflow/example_dags/example_params_trigger_ui.py
[2026-05-09T16:32:42.631+0100] {processor.py:840} INFO - DAG(s) 'example_params_trigger_ui' retrieved from /home/najma/airflow-venv/lib/python3.12/site-packages/airflow/example_dags/example_params_trigger_ui.py
[2026-05-09T16:32:42.693+0100] {logging_mixin.py:188} INFO - [2026-05-09T16:32:42.692+0100] {dag.py:3096} INFO - Sync 1 DAGs
[2026-05-09T16:32:42.706+0100] {logging_mixin.py:188} INFO - [2026-05-09T16:32:42.706+0100] {dag.py:3954} INFO - Setting next_dagrun for example_params_trigger_ui to None, run_after=None
[2026-05-09T16:32:42.843+0100] {processor.py:183} INFO - Processing /home/najma/airflow-venv/lib/python3.12/site-packages/airflow/example_dags/example_params_trigger_ui.py took 0.240 seconds
[2026-05-09T16:33:54.640+0100] {processor.py:161} INFO - Started process (PID=22856) to work on /home/najma/airflow-venv/lib/python3.12/site-packages/airflow/example_dags/example_params_trigger_ui.py
[2026-05-09T16:33:54.642+0100] {processor.py:830} INFO - Processing file /home/najma/airflow-venv/lib/python3.12/site-packages/airflow/example_dags/example_params_trigger_ui.py for tasks to queue
[2026-05-09T16:33:54.643+0100] {logging_mixin.py:188} INFO - [2026-05-09T16:33:54.643+0100] {dagbag.py:540} INFO - Filling up the DagBag from /home/najma/airflow-venv/lib/python3.12/site-packages/airflow/example_dags/example_params_trigger_ui.py
[2026-05-09T16:33:54.656+0100] {processor.py:840} INFO - DAG(s) 'example_params_trigger_ui' retrieved from /home/najma/airflow-venv/lib/python3.12/site-packages/airflow/example_dags/example_params_trigger_ui.py
[2026-05-09T16:33:54.723+0100] {logging_mixin.py:188} INFO - [2026-05-09T16:33:54.723+0100] {dag.py:3096} INFO - Sync 1 DAGs
[2026-05-09T16:33:54.737+0100] {logging_mixin.py:188} INFO - [2026-05-09T16:33:54.737+0100] {dag.py:3954} INFO - Setting next_dagrun for example_params_trigger_ui to None, run_after=None
[2026-05-09T16:33:54.819+0100] {processor.py:183} INFO - Processing /home/najma/airflow-venv/lib/python3.12/site-packages/airflow/example_dags/example_params_trigger_ui.py took 0.183 seconds
[2026-05-09T16:34:21.428+0100] {processor.py:161} INFO - Started process (PID=22900) to work on /home/najma/airflow-venv/lib/python3.12/site-packages/airflow/example_dags/example_params_trigger_ui.py
[2026-05-09T16:34:21.429+0100] {processor.py:830} INFO - Processing file /home/najma/airflow-venv/lib/python3.12/site-packages/airflow/example_dags/example_params_trigger_ui.py for tasks to queue
[2026-05-09T16:34:21.431+0100] {logging_mixin.py:188} INFO - [2026-05-09T16:34:21.430+0100] {dagbag.py:540} INFO - Filling up the DagBag from /home/najma/airflow-venv/lib/python3.12/site-packages/airflow/example_dags/example_params_trigger_ui.py
[2026-05-09T16:34:21.442+0100] {processor.py:840} INFO - DAG(s) 'example_params_trigger_ui' retrieved from /home/najma/airflow-venv/lib/python3.12/site-packages/airflow/example_dags/example_params_trigger_ui.py
[2026-05-09T16:34:21.492+0100] {logging_mixin.py:188} INFO - [2026-05-09T16:34:21.491+0100] {dag.py:3096} INFO - Sync 1 DAGs
[2026-05-09T16:34:21.508+0100] {logging_mixin.py:188} INFO - [2026-05-09T16:34:21.507+0100] {dag.py:3954} INFO - Setting next_dagrun for example_params_trigger_ui to None, run_after=None
[2026-05-09T16:34:21.597+0100] {processor.py:183} INFO - Processing /home/najma/airflow-venv/lib/python3.12/site-packages/airflow/example_dags/example_params_trigger_ui.py took 0.174 seconds
[2026-05-09T16:35:17.422+0100] {processor.py:161} INFO - Started process (PID=23003) to work on /home/najma/airflow-venv/lib/python3.12/site-packages/airflow/example_dags/example_params_trigger_ui.py
[2026-05-09T16:35:17.424+0100] {processor.py:830} INFO - Processing file /home/najma/airflow-venv/lib/python3.12/site-packages/airflow/example_dags/example_params_trigger_ui.py for tasks to queue
[2026-05-09T16:35:17.426+0100] {logging_mixin.py:188} INFO - [2026-05-09T16:35:17.426+0100] {dagbag.py:540} INFO - Filling up the DagBag from /home/najma/airflow-venv/lib/python3.12/site-packages/airflow/example_dags/example_params_trigger_ui.py
[2026-05-09T16:35:17.438+0100] {processor.py:840} INFO - DAG(s) 'example_params_trigger_ui' retrieved from /home/najma/airflow-venv/lib/python3.12/site-packages/airflow/example_dags/example_params_trigger_ui.py
[2026-05-09T16:35:17.488+0100] {logging_mixin.py:188} INFO - [2026-05-09T16:35:17.488+0100] {dag.py:3096} INFO - Sync 1 DAGs
[2026-05-09T16:35:17.504+0100] {logging_mixin.py:188} INFO - [2026-05-09T16:35:17.503+0100] {dag.py:3954} INFO - Setting next_dagrun for example_params_trigger_ui to None, run_after=None
[2026-05-09T16:35:17.602+0100] {processor.py:183} INFO - Processing /home/najma/airflow-venv/lib/python3.12/site-packages/airflow/example_dags/example_params_trigger_ui.py took 0.184 seconds
[2026-05-09T16:35:39.629+0100] {processor.py:161} INFO - Started process (PID=23037) to work on /home/najma/airflow-venv/lib/python3.12/site-packages/airflow/example_dags/example_params_trigger_ui.py
[2026-05-09T16:35:39.632+0100] {processor.py:830} INFO - Processing file /home/najma/airflow-venv/lib/python3.12/site-packages/airflow/example_dags/example_params_trigger_ui.py for tasks to queue
[2026-05-09T16:35:39.636+0100] {logging_mixin.py:188} INFO - [2026-05-09T16:35:39.635+0100] {dagbag.py:540} INFO - Filling up the DagBag from /home/najma/airflow-venv/lib/python3.12/site-packages/airflow/example_dags/example_params_trigger_ui.py
[2026-05-09T16:35:39.661+0100] {processor.py:840} INFO - DAG(s) 'example_params_trigger_ui' retrieved from /home/najma/airflow-venv/lib/python3.12/site-packages/airflow/example_dags/example_params_trigger_ui.py
[2026-05-09T16:35:39.724+0100] {logging_mixin.py:188} INFO - [2026-05-09T16:35:39.724+0100] {dag.py:3096} INFO - Sync 1 DAGs
[2026-05-09T16:35:39.740+0100] {logging_mixin.py:188} INFO - [2026-05-09T16:35:39.739+0100] {dag.py:3954} INFO - Setting next_dagrun for example_params_trigger_ui to None, run_after=None
[2026-05-09T16:35:39.851+0100] {processor.py:183} INFO - Processing /home/najma/airflow-venv/lib/python3.12/site-packages/airflow/example_dags/example_params_trigger_ui.py took 0.226 seconds
[2026-05-09T16:36:41.510+0100] {processor.py:161} INFO - Started process (PID=23133) to work on /home/najma/airflow-venv/lib/python3.12/site-packages/airflow/example_dags/example_params_trigger_ui.py
[2026-05-09T16:36:41.527+0100] {processor.py:830} INFO - Processing file /home/najma/airflow-venv/lib/python3.12/site-packages/airflow/example_dags/example_params_trigger_ui.py for tasks to queue
[2026-05-09T16:36:41.529+0100] {logging_mixin.py:188} INFO - [2026-05-09T16:36:41.529+0100] {dagbag.py:540} INFO - Filling up the DagBag from /home/najma/airflow-venv/lib/python3.12/site-packages/airflow/example_dags/example_params_trigger_ui.py
[2026-05-09T16:36:41.549+0100] {processor.py:840} INFO - DAG(s) 'example_params_trigger_ui' retrieved from /home/najma/airflow-venv/lib/python3.12/site-packages/airflow/example_dags/example_params_trigger_ui.py
[2026-05-09T16:36:41.604+0100] {logging_mixin.py:188} INFO - [2026-05-09T16:36:41.604+0100] {dag.py:3096} INFO - Sync 1 DAGs
[2026-05-09T16:36:41.622+0100] {logging_mixin.py:188} INFO - [2026-05-09T16:36:41.621+0100] {dag.py:3954} INFO - Setting next_dagrun for example_params_trigger_ui to None, run_after=None
[2026-05-09T16:36:41.717+0100] {processor.py:183} INFO - Processing /home/najma/airflow-venv/lib/python3.12/site-packages/airflow/example_dags/example_params_trigger_ui.py took 0.211 seconds
[2026-05-09T16:37:01.963+0100] {processor.py:161} INFO - Started process (PID=23159) to work on /home/najma/airflow-venv/lib/python3.12/site-packages/airflow/example_dags/example_params_trigger_ui.py
[2026-05-09T16:37:01.972+0100] {processor.py:830} INFO - Processing file /home/najma/airflow-venv/lib/python3.12/site-packages/airflow/example_dags/example_params_trigger_ui.py for tasks to queue
[2026-05-09T16:37:01.975+0100] {logging_mixin.py:188} INFO - [2026-05-09T16:37:01.975+0100] {dagbag.py:540} INFO - Filling up the DagBag from /home/najma/airflow-venv/lib/python3.12/site-packages/airflow/example_dags/example_params_trigger_ui.py
[2026-05-09T16:37:01.997+0100] {processor.py:840} INFO - DAG(s) 'example_params_trigger_ui' retrieved from /home/najma/airflow-venv/lib/python3.12/site-packages/airflow/example_dags/example_params_trigger_ui.py
[2026-05-09T16:37:02.146+0100] {logging_mixin.py:188} INFO - [2026-05-09T16:37:02.146+0100] {dag.py:3096} INFO - Sync 1 DAGs
[2026-05-09T16:37:02.206+0100] {logging_mixin.py:188} INFO - [2026-05-09T16:37:02.206+0100] {dag.py:3954} INFO - Setting next_dagrun for example_params_trigger_ui to None, run_after=None
[2026-05-09T16:37:03.219+0100] {processor.py:183} INFO - Processing /home/najma/airflow-venv/lib/python3.12/site-packages/airflow/example_dags/example_params_trigger_ui.py took 1.260 seconds
[2026-05-09T16:38:13.560+0100] {processor.py:161} INFO - Started process (PID=23267) to work on /home/najma/airflow-venv/lib/python3.12/site-packages/airflow/example_dags/example_params_trigger_ui.py
[2026-05-09T16:38:13.561+0100] {processor.py:830} INFO - Processing file /home/najma/airflow-venv/lib/python3.12/site-packages/airflow/example_dags/example_params_trigger_ui.py for tasks to queue
[2026-05-09T16:38:13.563+0100] {logging_mixin.py:188} INFO - [2026-05-09T16:38:13.563+0100] {dagbag.py:540} INFO - Filling up the DagBag from /home/najma/airflow-venv/lib/python3.12/site-packages/airflow/example_dags/example_params_trigger_ui.py
[2026-05-09T16:38:13.574+0100] {processor.py:840} INFO - DAG(s) 'example_params_trigger_ui' retrieved from /home/najma/airflow-venv/lib/python3.12/site-packages/airflow/example_dags/example_params_trigger_ui.py
[2026-05-09T16:38:13.624+0100] {logging_mixin.py:188} INFO - [2026-05-09T16:38:13.623+0100] {dag.py:3096} INFO - Sync 1 DAGs
[2026-05-09T16:38:13.643+0100] {logging_mixin.py:188} INFO - [2026-05-09T16:38:13.643+0100] {dag.py:3954} INFO - Setting next_dagrun for example_params_trigger_ui to None, run_after=None
[2026-05-09T16:38:13.744+0100] {processor.py:183} INFO - Processing /home/najma/airflow-venv/lib/python3.12/site-packages/airflow/example_dags/example_params_trigger_ui.py took 0.188 seconds
[2026-05-09T16:38:40.593+0100] {processor.py:161} INFO - Started process (PID=23299) to work on /home/najma/airflow-venv/lib/python3.12/site-packages/airflow/example_dags/example_params_trigger_ui.py
[2026-05-09T16:38:40.595+0100] {processor.py:830} INFO - Processing file /home/najma/airflow-venv/lib/python3.12/site-packages/airflow/example_dags/example_params_trigger_ui.py for tasks to queue
[2026-05-09T16:38:40.599+0100] {logging_mixin.py:188} INFO - [2026-05-09T16:38:40.598+0100] {dagbag.py:540} INFO - Filling up the DagBag from /home/najma/airflow-venv/lib/python3.12/site-packages/airflow/example_dags/example_params_trigger_ui.py
[2026-05-09T16:38:40.619+0100] {processor.py:840} INFO - DAG(s) 'example_params_trigger_ui' retrieved from /home/najma/airflow-venv/lib/python3.12/site-packages/airflow/example_dags/example_params_trigger_ui.py
[2026-05-09T16:38:40.772+0100] {logging_mixin.py:188} INFO - [2026-05-09T16:38:40.772+0100] {dag.py:3096} INFO - Sync 1 DAGs
[2026-05-09T16:38:40.806+0100] {logging_mixin.py:188} INFO - [2026-05-09T16:38:40.806+0100] {dag.py:3954} INFO - Setting next_dagrun for example_params_trigger_ui to None, run_after=None
[2026-05-09T16:38:41.039+0100] {processor.py:183} INFO - Processing /home/najma/airflow-venv/lib/python3.12/site-packages/airflow/example_dags/example_params_trigger_ui.py took 0.453 seconds
[2026-05-09T16:40:05.178+0100] {processor.py:161} INFO - Started process (PID=23412) to work on /home/najma/airflow-venv/lib/python3.12/site-packages/airflow/example_dags/example_params_trigger_ui.py
[2026-05-09T16:40:05.180+0100] {processor.py:830} INFO - Processing file /home/najma/airflow-venv/lib/python3.12/site-packages/airflow/example_dags/example_params_trigger_ui.py for tasks to queue
[2026-05-09T16:40:05.184+0100] {logging_mixin.py:188} INFO - [2026-05-09T16:40:05.183+0100] {dagbag.py:540} INFO - Filling up the DagBag from /home/najma/airflow-venv/lib/python3.12/site-packages/airflow/example_dags/example_params_trigger_ui.py
[2026-05-09T16:40:05.205+0100] {processor.py:840} INFO - DAG(s) 'example_params_trigger_ui' retrieved from /home/najma/airflow-venv/lib/python3.12/site-packages/airflow/example_dags/example_params_trigger_ui.py
[2026-05-09T16:40:05.326+0100] {logging_mixin.py:188} INFO - [2026-05-09T16:40:05.326+0100] {dag.py:3096} INFO - Sync 1 DAGs
[2026-05-09T16:40:05.367+0100] {logging_mixin.py:188} INFO - [2026-05-09T16:40:05.367+0100] {dag.py:3954} INFO - Setting next_dagrun for example_params_trigger_ui to None, run_after=None
[2026-05-09T16:40:05.540+0100] {processor.py:183} INFO - Processing /home/najma/airflow-venv/lib/python3.12/site-packages/airflow/example_dags/example_params_trigger_ui.py took 0.371 seconds
[2026-05-09T16:40:33.680+0100] {processor.py:161} INFO - Started process (PID=23454) to work on /home/najma/airflow-venv/lib/python3.12/site-packages/airflow/example_dags/example_params_trigger_ui.py
[2026-05-09T16:40:33.682+0100] {processor.py:830} INFO - Processing file /home/najma/airflow-venv/lib/python3.12/site-packages/airflow/example_dags/example_params_trigger_ui.py for tasks to queue
[2026-05-09T16:40:33.685+0100] {logging_mixin.py:188} INFO - [2026-05-09T16:40:33.685+0100] {dagbag.py:540} INFO - Filling up the DagBag from /home/najma/airflow-venv/lib/python3.12/site-packages/airflow/example_dags/example_params_trigger_ui.py
[2026-05-09T16:40:33.708+0100] {processor.py:840} INFO - DAG(s) 'example_params_trigger_ui' retrieved from /home/najma/airflow-venv/lib/python3.12/site-packages/airflow/example_dags/example_params_trigger_ui.py
[2026-05-09T16:40:33.814+0100] {logging_mixin.py:188} INFO - [2026-05-09T16:40:33.813+0100] {dag.py:3096} INFO - Sync 1 DAGs
[2026-05-09T16:40:33.843+0100] {logging_mixin.py:188} INFO - [2026-05-09T16:40:33.843+0100] {dag.py:3954} INFO - Setting next_dagrun for example_params_trigger_ui to None, run_after=None
[2026-05-09T16:40:34.031+0100] {processor.py:183} INFO - Processing /home/najma/airflow-venv/lib/python3.12/site-packages/airflow/example_dags/example_params_trigger_ui.py took 0.361 seconds
[2026-05-09T16:41:49.939+0100] {processor.py:161} INFO - Started process (PID=23556) to work on /home/najma/airflow-venv/lib/python3.12/site-packages/airflow/example_dags/example_params_trigger_ui.py
[2026-05-09T16:41:49.942+0100] {processor.py:830} INFO - Processing file /home/najma/airflow-venv/lib/python3.12/site-packages/airflow/example_dags/example_params_trigger_ui.py for tasks to queue
[2026-05-09T16:41:49.945+0100] {logging_mixin.py:188} INFO - [2026-05-09T16:41:49.945+0100] {dagbag.py:540} INFO - Filling up the DagBag from /home/najma/airflow-venv/lib/python3.12/site-packages/airflow/example_dags/example_params_trigger_ui.py
[2026-05-09T16:41:49.969+0100] {processor.py:840} INFO - DAG(s) 'example_params_trigger_ui' retrieved from /home/najma/airflow-venv/lib/python3.12/site-packages/airflow/example_dags/example_params_trigger_ui.py
[2026-05-09T16:41:50.103+0100] {logging_mixin.py:188} INFO - [2026-05-09T16:41:50.102+0100] {dag.py:3096} INFO - Sync 1 DAGs
[2026-05-09T16:41:50.140+0100] {logging_mixin.py:188} INFO - [2026-05-09T16:41:50.140+0100] {dag.py:3954} INFO - Setting next_dagrun for example_params_trigger_ui to None, run_after=None
[2026-05-09T16:41:50.323+0100] {processor.py:183} INFO - Processing /home/najma/airflow-venv/lib/python3.12/site-packages/airflow/example_dags/example_params_trigger_ui.py took 0.393 seconds
[2026-05-09T16:42:21.721+0100] {processor.py:161} INFO - Started process (PID=23600) to work on /home/najma/airflow-venv/lib/python3.12/site-packages/airflow/example_dags/example_params_trigger_ui.py
[2026-05-09T16:42:21.723+0100] {processor.py:830} INFO - Processing file /home/najma/airflow-venv/lib/python3.12/site-packages/airflow/example_dags/example_params_trigger_ui.py for tasks to queue
[2026-05-09T16:42:21.726+0100] {logging_mixin.py:188} INFO - [2026-05-09T16:42:21.725+0100] {dagbag.py:540} INFO - Filling up the DagBag from /home/najma/airflow-venv/lib/python3.12/site-packages/airflow/example_dags/example_params_trigger_ui.py
[2026-05-09T16:42:21.746+0100] {processor.py:840} INFO - DAG(s) 'example_params_trigger_ui' retrieved from /home/najma/airflow-venv/lib/python3.12/site-packages/airflow/example_dags/example_params_trigger_ui.py
[2026-05-09T16:42:21.850+0100] {logging_mixin.py:188} INFO - [2026-05-09T16:42:21.850+0100] {dag.py:3096} INFO - Sync 1 DAGs
[2026-05-09T16:42:21.884+0100] {logging_mixin.py:188} INFO - [2026-05-09T16:42:21.883+0100] {dag.py:3954} INFO - Setting next_dagrun for example_params_trigger_ui to None, run_after=None
[2026-05-09T16:42:22.139+0100] {processor.py:183} INFO - Processing /home/najma/airflow-venv/lib/python3.12/site-packages/airflow/example_dags/example_params_trigger_ui.py took 0.425 seconds
[2026-05-09T16:43:42.973+0100] {processor.py:161} INFO - Started process (PID=23702) to work on /home/najma/airflow-venv/lib/python3.12/site-packages/airflow/example_dags/example_params_trigger_ui.py
[2026-05-09T16:43:42.975+0100] {processor.py:830} INFO - Processing file /home/najma/airflow-venv/lib/python3.12/site-packages/airflow/example_dags/example_params_trigger_ui.py for tasks to queue
[2026-05-09T16:43:42.979+0100] {logging_mixin.py:188} INFO - [2026-05-09T16:43:42.978+0100] {dagbag.py:540} INFO - Filling up the DagBag from /home/najma/airflow-venv/lib/python3.12/site-packages/airflow/example_dags/example_params_trigger_ui.py
[2026-05-09T16:43:43.052+0100] {processor.py:840} INFO - DAG(s) 'example_params_trigger_ui' retrieved from /home/najma/airflow-venv/lib/python3.12/site-packages/airflow/example_dags/example_params_trigger_ui.py
[2026-05-09T16:43:43.257+0100] {logging_mixin.py:188} INFO - [2026-05-09T16:43:43.257+0100] {dag.py:3096} INFO - Sync 1 DAGs
[2026-05-09T16:43:43.303+0100] {logging_mixin.py:188} INFO - [2026-05-09T16:43:43.303+0100] {dag.py:3954} INFO - Setting next_dagrun for example_params_trigger_ui to None, run_after=None
[2026-05-09T16:43:43.456+0100] {processor.py:183} INFO - Processing /home/najma/airflow-venv/lib/python3.12/site-packages/airflow/example_dags/example_params_trigger_ui.py took 0.499 seconds
[2026-05-09T16:44:28.198+0100] {processor.py:161} INFO - Started process (PID=23762) to work on /home/najma/airflow-venv/lib/python3.12/site-packages/airflow/example_dags/example_params_trigger_ui.py
[2026-05-09T16:44:28.200+0100] {processor.py:830} INFO - Processing file /home/najma/airflow-venv/lib/python3.12/site-packages/airflow/example_dags/example_params_trigger_ui.py for tasks to queue
[2026-05-09T16:44:28.203+0100] {logging_mixin.py:188} INFO - [2026-05-09T16:44:28.202+0100] {dagbag.py:540} INFO - Filling up the DagBag from /home/najma/airflow-venv/lib/python3.12/site-packages/airflow/example_dags/example_params_trigger_ui.py
[2026-05-09T16:44:28.223+0100] {processor.py:840} INFO - DAG(s) 'example_params_trigger_ui' retrieved from /home/najma/airflow-venv/lib/python3.12/site-packages/airflow/example_dags/example_params_trigger_ui.py
[2026-05-09T16:44:28.314+0100] {logging_mixin.py:188} INFO - [2026-05-09T16:44:28.313+0100] {dag.py:3096} INFO - Sync 1 DAGs
[2026-05-09T16:44:28.344+0100] {logging_mixin.py:188} INFO - [2026-05-09T16:44:28.344+0100] {dag.py:3954} INFO - Setting next_dagrun for example_params_trigger_ui to None, run_after=None
[2026-05-09T16:44:28.511+0100] {processor.py:183} INFO - Processing /home/najma/airflow-venv/lib/python3.12/site-packages/airflow/example_dags/example_params_trigger_ui.py took 0.320 seconds
[2026-05-09T16:45:29.019+0100] {processor.py:161} INFO - Started process (PID=23843) to work on /home/najma/airflow-venv/lib/python3.12/site-packages/airflow/example_dags/example_params_trigger_ui.py
[2026-05-09T16:45:29.021+0100] {processor.py:830} INFO - Processing file /home/najma/airflow-venv/lib/python3.12/site-packages/airflow/example_dags/example_params_trigger_ui.py for tasks to queue
[2026-05-09T16:45:29.024+0100] {logging_mixin.py:188} INFO - [2026-05-09T16:45:29.024+0100] {dagbag.py:540} INFO - Filling up the DagBag from /home/najma/airflow-venv/lib/python3.12/site-packages/airflow/example_dags/example_params_trigger_ui.py
[2026-05-09T16:45:29.051+0100] {processor.py:840} INFO - DAG(s) 'example_params_trigger_ui' retrieved from /home/najma/airflow-venv/lib/python3.12/site-packages/airflow/example_dags/example_params_trigger_ui.py
[2026-05-09T16:45:29.158+0100] {logging_mixin.py:188} INFO - [2026-05-09T16:45:29.156+0100] {dag.py:3096} INFO - Sync 1 DAGs
[2026-05-09T16:45:29.187+0100] {logging_mixin.py:188} INFO - [2026-05-09T16:45:29.187+0100] {dag.py:3954} INFO - Setting next_dagrun for example_params_trigger_ui to None, run_after=None
[2026-05-09T16:45:29.393+0100] {processor.py:183} INFO - Processing /home/najma/airflow-venv/lib/python3.12/site-packages/airflow/example_dags/example_params_trigger_ui.py took 0.380 seconds
[2026-05-09T16:46:27.522+0100] {processor.py:161} INFO - Started process (PID=23918) to work on /home/najma/airflow-venv/lib/python3.12/site-packages/airflow/example_dags/example_params_trigger_ui.py
[2026-05-09T16:46:27.529+0100] {processor.py:830} INFO - Processing file /home/najma/airflow-venv/lib/python3.12/site-packages/airflow/example_dags/example_params_trigger_ui.py for tasks to queue
[2026-05-09T16:46:27.541+0100] {logging_mixin.py:188} INFO - [2026-05-09T16:46:27.540+0100] {dagbag.py:540} INFO - Filling up the DagBag from /home/najma/airflow-venv/lib/python3.12/site-packages/airflow/example_dags/example_params_trigger_ui.py
[2026-05-09T16:46:27.591+0100] {processor.py:840} INFO - DAG(s) 'example_params_trigger_ui' retrieved from /home/najma/airflow-venv/lib/python3.12/site-packages/airflow/example_dags/example_params_trigger_ui.py
[2026-05-09T16:46:27.798+0100] {logging_mixin.py:188} INFO - [2026-05-09T16:46:27.797+0100] {dag.py:3096} INFO - Sync 1 DAGs
[2026-05-09T16:46:27.889+0100] {logging_mixin.py:188} INFO - [2026-05-09T16:46:27.889+0100] {dag.py:3954} INFO - Setting next_dagrun for example_params_trigger_ui to None, run_after=None
[2026-05-09T16:46:28.041+0100] {processor.py:183} INFO - Processing /home/najma/airflow-venv/lib/python3.12/site-packages/airflow/example_dags/example_params_trigger_ui.py took 0.527 seconds
[2026-05-09T16:47:39.856+0100] {processor.py:161} INFO - Started process (PID=23994) to work on /home/najma/airflow-venv/lib/python3.12/site-packages/airflow/example_dags/example_params_trigger_ui.py
[2026-05-09T16:47:39.859+0100] {processor.py:830} INFO - Processing file /home/najma/airflow-venv/lib/python3.12/site-packages/airflow/example_dags/example_params_trigger_ui.py for tasks to queue
[2026-05-09T16:47:39.867+0100] {logging_mixin.py:188} INFO - [2026-05-09T16:47:39.866+0100] {dagbag.py:540} INFO - Filling up the DagBag from /home/najma/airflow-venv/lib/python3.12/site-packages/airflow/example_dags/example_params_trigger_ui.py
[2026-05-09T16:47:39.931+0100] {processor.py:840} INFO - DAG(s) 'example_params_trigger_ui' retrieved from /home/najma/airflow-venv/lib/python3.12/site-packages/airflow/example_dags/example_params_trigger_ui.py
[2026-05-09T16:47:40.191+0100] {logging_mixin.py:188} INFO - [2026-05-09T16:47:40.190+0100] {dag.py:3096} INFO - Sync 1 DAGs
[2026-05-09T16:47:40.266+0100] {logging_mixin.py:188} INFO - [2026-05-09T16:47:40.266+0100] {dag.py:3954} INFO - Setting next_dagrun for example_params_trigger_ui to None, run_after=None
[2026-05-09T16:47:40.540+0100] {processor.py:183} INFO - Processing /home/najma/airflow-venv/lib/python3.12/site-packages/airflow/example_dags/example_params_trigger_ui.py took 0.702 seconds
[2026-05-09T16:48:46.362+0100] {processor.py:161} INFO - Started process (PID=24077) to work on /home/najma/airflow-venv/lib/python3.12/site-packages/airflow/example_dags/example_params_trigger_ui.py
[2026-05-09T16:48:46.364+0100] {processor.py:830} INFO - Processing file /home/najma/airflow-venv/lib/python3.12/site-packages/airflow/example_dags/example_params_trigger_ui.py for tasks to queue
[2026-05-09T16:48:46.367+0100] {logging_mixin.py:188} INFO - [2026-05-09T16:48:46.366+0100] {dagbag.py:540} INFO - Filling up the DagBag from /home/najma/airflow-venv/lib/python3.12/site-packages/airflow/example_dags/example_params_trigger_ui.py
[2026-05-09T16:48:46.407+0100] {processor.py:840} INFO - DAG(s) 'example_params_trigger_ui' retrieved from /home/najma/airflow-venv/lib/python3.12/site-packages/airflow/example_dags/example_params_trigger_ui.py
[2026-05-09T16:48:46.513+0100] {logging_mixin.py:188} INFO - [2026-05-09T16:48:46.512+0100] {dag.py:3096} INFO - Sync 1 DAGs
[2026-05-09T16:48:46.548+0100] {logging_mixin.py:188} INFO - [2026-05-09T16:48:46.548+0100] {dag.py:3954} INFO - Setting next_dagrun for example_params_trigger_ui to None, run_after=None
[2026-05-09T16:48:47.020+0100] {processor.py:183} INFO - Processing /home/najma/airflow-venv/lib/python3.12/site-packages/airflow/example_dags/example_params_trigger_ui.py took 0.671 seconds
[2026-05-09T16:50:02.006+0100] {processor.py:161} INFO - Started process (PID=24153) to work on /home/najma/airflow-venv/lib/python3.12/site-packages/airflow/example_dags/example_params_trigger_ui.py
[2026-05-09T16:50:02.009+0100] {processor.py:830} INFO - Processing file /home/najma/airflow-venv/lib/python3.12/site-packages/airflow/example_dags/example_params_trigger_ui.py for tasks to queue
[2026-05-09T16:50:02.014+0100] {logging_mixin.py:188} INFO - [2026-05-09T16:50:02.013+0100] {dagbag.py:540} INFO - Filling up the DagBag from /home/najma/airflow-venv/lib/python3.12/site-packages/airflow/example_dags/example_params_trigger_ui.py
[2026-05-09T16:50:02.047+0100] {processor.py:840} INFO - DAG(s) 'example_params_trigger_ui' retrieved from /home/najma/airflow-venv/lib/python3.12/site-packages/airflow/example_dags/example_params_trigger_ui.py
[2026-05-09T16:50:02.186+0100] {logging_mixin.py:188} INFO - [2026-05-09T16:50:02.186+0100] {dag.py:3096} INFO - Sync 1 DAGs
[2026-05-09T16:50:02.223+0100] {logging_mixin.py:188} INFO - [2026-05-09T16:50:02.223+0100] {dag.py:3954} INFO - Setting next_dagrun for example_params_trigger_ui to None, run_after=None
[2026-05-09T16:50:02.412+0100] {processor.py:183} INFO - Processing /home/najma/airflow-venv/lib/python3.12/site-packages/airflow/example_dags/example_params_trigger_ui.py took 0.413 seconds
[2026-05-09T16:50:59.908+0100] {processor.py:161} INFO - Started process (PID=24229) to work on /home/najma/airflow-venv/lib/python3.12/site-packages/airflow/example_dags/example_params_trigger_ui.py
[2026-05-09T16:50:59.910+0100] {processor.py:830} INFO - Processing file /home/najma/airflow-venv/lib/python3.12/site-packages/airflow/example_dags/example_params_trigger_ui.py for tasks to queue
[2026-05-09T16:50:59.914+0100] {logging_mixin.py:188} INFO - [2026-05-09T16:50:59.913+0100] {dagbag.py:540} INFO - Filling up the DagBag from /home/najma/airflow-venv/lib/python3.12/site-packages/airflow/example_dags/example_params_trigger_ui.py
[2026-05-09T16:50:59.949+0100] {processor.py:840} INFO - DAG(s) 'example_params_trigger_ui' retrieved from /home/najma/airflow-venv/lib/python3.12/site-packages/airflow/example_dags/example_params_trigger_ui.py
[2026-05-09T16:51:00.068+0100] {logging_mixin.py:188} INFO - [2026-05-09T16:51:00.067+0100] {dag.py:3096} INFO - Sync 1 DAGs
[2026-05-09T16:51:00.097+0100] {logging_mixin.py:188} INFO - [2026-05-09T16:51:00.096+0100] {dag.py:3954} INFO - Setting next_dagrun for example_params_trigger_ui to None, run_after=None
[2026-05-09T16:51:00.252+0100] {processor.py:183} INFO - Processing /home/najma/airflow-venv/lib/python3.12/site-packages/airflow/example_dags/example_params_trigger_ui.py took 0.352 seconds
[2026-05-09T16:52:10.312+0100] {processor.py:161} INFO - Started process (PID=24310) to work on /home/najma/airflow-venv/lib/python3.12/site-packages/airflow/example_dags/example_params_trigger_ui.py
[2026-05-09T16:52:10.315+0100] {processor.py:830} INFO - Processing file /home/najma/airflow-venv/lib/python3.12/site-packages/airflow/example_dags/example_params_trigger_ui.py for tasks to queue
[2026-05-09T16:52:10.326+0100] {logging_mixin.py:188} INFO - [2026-05-09T16:52:10.325+0100] {dagbag.py:540} INFO - Filling up the DagBag from /home/najma/airflow-venv/lib/python3.12/site-packages/airflow/example_dags/example_params_trigger_ui.py
[2026-05-09T16:52:10.370+0100] {processor.py:840} INFO - DAG(s) 'example_params_trigger_ui' retrieved from /home/najma/airflow-venv/lib/python3.12/site-packages/airflow/example_dags/example_params_trigger_ui.py
[2026-05-09T16:52:10.522+0100] {logging_mixin.py:188} INFO - [2026-05-09T16:52:10.521+0100] {dag.py:3096} INFO - Sync 1 DAGs
[2026-05-09T16:52:10.793+0100] {logging_mixin.py:188} INFO - [2026-05-09T16:52:10.792+0100] {dag.py:3954} INFO - Setting next_dagrun for example_params_trigger_ui to None, run_after=None
[2026-05-09T16:52:11.210+0100] {processor.py:183} INFO - Processing /home/najma/airflow-venv/lib/python3.12/site-packages/airflow/example_dags/example_params_trigger_ui.py took 0.906 seconds
[2026-05-09T16:53:33.877+0100] {processor.py:161} INFO - Started process (PID=24390) to work on /home/najma/airflow-venv/lib/python3.12/site-packages/airflow/example_dags/example_params_trigger_ui.py
[2026-05-09T16:53:33.881+0100] {processor.py:830} INFO - Processing file /home/najma/airflow-venv/lib/python3.12/site-packages/airflow/example_dags/example_params_trigger_ui.py for tasks to queue
[2026-05-09T16:53:33.890+0100] {logging_mixin.py:188} INFO - [2026-05-09T16:53:33.884+0100] {dagbag.py:540} INFO - Filling up the DagBag from /home/najma/airflow-venv/lib/python3.12/site-packages/airflow/example_dags/example_params_trigger_ui.py
[2026-05-09T16:53:34.023+0100] {processor.py:840} INFO - DAG(s) 'example_params_trigger_ui' retrieved from /home/najma/airflow-venv/lib/python3.12/site-packages/airflow/example_dags/example_params_trigger_ui.py
[2026-05-09T16:53:34.413+0100] {logging_mixin.py:188} INFO - [2026-05-09T16:53:34.412+0100] {dag.py:3096} INFO - Sync 1 DAGs
[2026-05-09T16:53:34.569+0100] {logging_mixin.py:188} INFO - [2026-05-09T16:53:34.569+0100] {dag.py:3954} INFO - Setting next_dagrun for example_params_trigger_ui to None, run_after=None
[2026-05-09T16:53:34.960+0100] {processor.py:183} INFO - Processing /home/najma/airflow-venv/lib/python3.12/site-packages/airflow/example_dags/example_params_trigger_ui.py took 1.091 seconds
[2026-05-09T16:55:53.002+0100] {processor.py:161} INFO - Started process (PID=24510) to work on /home/najma/airflow-venv/lib/python3.12/site-packages/airflow/example_dags/example_params_trigger_ui.py
[2026-05-09T16:55:53.014+0100] {processor.py:830} INFO - Processing file /home/najma/airflow-venv/lib/python3.12/site-packages/airflow/example_dags/example_params_trigger_ui.py for tasks to queue
[2026-05-09T16:55:53.018+0100] {logging_mixin.py:188} INFO - [2026-05-09T16:55:53.018+0100] {dagbag.py:540} INFO - Filling up the DagBag from /home/najma/airflow-venv/lib/python3.12/site-packages/airflow/example_dags/example_params_trigger_ui.py
[2026-05-09T16:55:53.075+0100] {processor.py:840} INFO - DAG(s) 'example_params_trigger_ui' retrieved from /home/najma/airflow-venv/lib/python3.12/site-packages/airflow/example_dags/example_params_trigger_ui.py
[2026-05-09T16:55:53.693+0100] {logging_mixin.py:188} INFO - [2026-05-09T16:55:53.692+0100] {dag.py:3096} INFO - Sync 1 DAGs
[2026-05-09T16:55:53.736+0100] {logging_mixin.py:188} INFO - [2026-05-09T16:55:53.736+0100] {dag.py:3954} INFO - Setting next_dagrun for example_params_trigger_ui to None, run_after=None
[2026-05-09T16:55:54.109+0100] {processor.py:183} INFO - Processing /home/najma/airflow-venv/lib/python3.12/site-packages/airflow/example_dags/example_params_trigger_ui.py took 1.124 seconds
[2026-05-09T16:57:25.941+0100] {processor.py:161} INFO - Started process (PID=24597) to work on /home/najma/airflow-venv/lib/python3.12/site-packages/airflow/example_dags/example_params_trigger_ui.py
[2026-05-09T16:57:25.960+0100] {processor.py:830} INFO - Processing file /home/najma/airflow-venv/lib/python3.12/site-packages/airflow/example_dags/example_params_trigger_ui.py for tasks to queue
[2026-05-09T16:57:25.964+0100] {logging_mixin.py:188} INFO - [2026-05-09T16:57:25.963+0100] {dagbag.py:540} INFO - Filling up the DagBag from /home/najma/airflow-venv/lib/python3.12/site-packages/airflow/example_dags/example_params_trigger_ui.py
[2026-05-09T16:57:25.996+0100] {processor.py:840} INFO - DAG(s) 'example_params_trigger_ui' retrieved from /home/najma/airflow-venv/lib/python3.12/site-packages/airflow/example_dags/example_params_trigger_ui.py
[2026-05-09T16:57:26.837+0100] {logging_mixin.py:188} INFO - [2026-05-09T16:57:26.837+0100] {dag.py:3096} INFO - Sync 1 DAGs
[2026-05-09T16:57:26.852+0100] {logging_mixin.py:188} INFO - [2026-05-09T16:57:26.852+0100] {dag.py:3954} INFO - Setting next_dagrun for example_params_trigger_ui to None, run_after=None
[2026-05-09T16:57:27.896+0100] {processor.py:183} INFO - Processing /home/najma/airflow-venv/lib/python3.12/site-packages/airflow/example_dags/example_params_trigger_ui.py took 1.963 seconds
[2026-05-09T16:58:52.519+0100] {processor.py:161} INFO - Started process (PID=24697) to work on /home/najma/airflow-venv/lib/python3.12/site-packages/airflow/example_dags/example_params_trigger_ui.py
[2026-05-09T16:58:52.521+0100] {processor.py:830} INFO - Processing file /home/najma/airflow-venv/lib/python3.12/site-packages/airflow/example_dags/example_params_trigger_ui.py for tasks to queue
[2026-05-09T16:58:52.523+0100] {logging_mixin.py:188} INFO - [2026-05-09T16:58:52.523+0100] {dagbag.py:540} INFO - Filling up the DagBag from /home/najma/airflow-venv/lib/python3.12/site-packages/airflow/example_dags/example_params_trigger_ui.py
[2026-05-09T16:58:52.565+0100] {processor.py:840} INFO - DAG(s) 'example_params_trigger_ui' retrieved from /home/najma/airflow-venv/lib/python3.12/site-packages/airflow/example_dags/example_params_trigger_ui.py
[2026-05-09T16:58:52.833+0100] {logging_mixin.py:188} INFO - [2026-05-09T16:58:52.833+0100] {dag.py:3096} INFO - Sync 1 DAGs
[2026-05-09T16:58:52.879+0100] {logging_mixin.py:188} INFO - [2026-05-09T16:58:52.879+0100] {dag.py:3954} INFO - Setting next_dagrun for example_params_trigger_ui to None, run_after=None
[2026-05-09T16:58:53.050+0100] {processor.py:183} INFO - Processing /home/najma/airflow-venv/lib/python3.12/site-packages/airflow/example_dags/example_params_trigger_ui.py took 0.536 seconds
[2026-05-09T16:59:40.623+0100] {processor.py:161} INFO - Started process (PID=24779) to work on /home/najma/airflow-venv/lib/python3.12/site-packages/airflow/example_dags/example_params_trigger_ui.py
[2026-05-09T16:59:40.624+0100] {processor.py:830} INFO - Processing file /home/najma/airflow-venv/lib/python3.12/site-packages/airflow/example_dags/example_params_trigger_ui.py for tasks to queue
[2026-05-09T16:59:40.626+0100] {logging_mixin.py:188} INFO - [2026-05-09T16:59:40.626+0100] {dagbag.py:540} INFO - Filling up the DagBag from /home/najma/airflow-venv/lib/python3.12/site-packages/airflow/example_dags/example_params_trigger_ui.py
[2026-05-09T16:59:40.638+0100] {processor.py:840} INFO - DAG(s) 'example_params_trigger_ui' retrieved from /home/najma/airflow-venv/lib/python3.12/site-packages/airflow/example_dags/example_params_trigger_ui.py
[2026-05-09T16:59:40.686+0100] {logging_mixin.py:188} INFO - [2026-05-09T16:59:40.686+0100] {dag.py:3096} INFO - Sync 1 DAGs
[2026-05-09T16:59:40.699+0100] {logging_mixin.py:188} INFO - [2026-05-09T16:59:40.698+0100] {dag.py:3954} INFO - Setting next_dagrun for example_params_trigger_ui to None, run_after=None
[2026-05-09T16:59:40.801+0100] {processor.py:183} INFO - Processing /home/najma/airflow-venv/lib/python3.12/site-packages/airflow/example_dags/example_params_trigger_ui.py took 0.182 seconds
[2026-05-09T17:00:13.376+0100] {processor.py:161} INFO - Started process (PID=24837) to work on /home/najma/airflow-venv/lib/python3.12/site-packages/airflow/example_dags/example_params_trigger_ui.py
[2026-05-09T17:00:13.379+0100] {processor.py:830} INFO - Processing file /home/najma/airflow-venv/lib/python3.12/site-packages/airflow/example_dags/example_params_trigger_ui.py for tasks to queue
[2026-05-09T17:00:13.381+0100] {logging_mixin.py:188} INFO - [2026-05-09T17:00:13.380+0100] {dagbag.py:540} INFO - Filling up the DagBag from /home/najma/airflow-venv/lib/python3.12/site-packages/airflow/example_dags/example_params_trigger_ui.py
[2026-05-09T17:00:13.391+0100] {processor.py:840} INFO - DAG(s) 'example_params_trigger_ui' retrieved from /home/najma/airflow-venv/lib/python3.12/site-packages/airflow/example_dags/example_params_trigger_ui.py
[2026-05-09T17:00:13.437+0100] {logging_mixin.py:188} INFO - [2026-05-09T17:00:13.436+0100] {dag.py:3096} INFO - Sync 1 DAGs
[2026-05-09T17:00:13.452+0100] {logging_mixin.py:188} INFO - [2026-05-09T17:00:13.452+0100] {dag.py:3954} INFO - Setting next_dagrun for example_params_trigger_ui to None, run_after=None
[2026-05-09T17:00:13.531+0100] {processor.py:183} INFO - Processing /home/najma/airflow-venv/lib/python3.12/site-packages/airflow/example_dags/example_params_trigger_ui.py took 0.160 seconds
[2026-05-09T17:00:51.464+0100] {processor.py:161} INFO - Started process (PID=24904) to work on /home/najma/airflow-venv/lib/python3.12/site-packages/airflow/example_dags/example_params_trigger_ui.py
[2026-05-09T17:00:51.466+0100] {processor.py:830} INFO - Processing file /home/najma/airflow-venv/lib/python3.12/site-packages/airflow/example_dags/example_params_trigger_ui.py for tasks to queue
[2026-05-09T17:00:51.468+0100] {logging_mixin.py:188} INFO - [2026-05-09T17:00:51.468+0100] {dagbag.py:540} INFO - Filling up the DagBag from /home/najma/airflow-venv/lib/python3.12/site-packages/airflow/example_dags/example_params_trigger_ui.py
[2026-05-09T17:00:51.490+0100] {processor.py:840} INFO - DAG(s) 'example_params_trigger_ui' retrieved from /home/najma/airflow-venv/lib/python3.12/site-packages/airflow/example_dags/example_params_trigger_ui.py
[2026-05-09T17:00:51.550+0100] {logging_mixin.py:188} INFO - [2026-05-09T17:00:51.550+0100] {dag.py:3096} INFO - Sync 1 DAGs
[2026-05-09T17:00:51.564+0100] {logging_mixin.py:188} INFO - [2026-05-09T17:00:51.564+0100] {dag.py:3954} INFO - Setting next_dagrun for example_params_trigger_ui to None, run_after=None
[2026-05-09T17:00:51.663+0100] {processor.py:183} INFO - Processing /home/najma/airflow-venv/lib/python3.12/site-packages/airflow/example_dags/example_params_trigger_ui.py took 0.215 seconds
[2026-05-09T17:01:20.591+0100] {processor.py:161} INFO - Started process (PID=24954) to work on /home/najma/airflow-venv/lib/python3.12/site-packages/airflow/example_dags/example_params_trigger_ui.py
[2026-05-09T17:01:20.592+0100] {processor.py:830} INFO - Processing file /home/najma/airflow-venv/lib/python3.12/site-packages/airflow/example_dags/example_params_trigger_ui.py for tasks to queue
[2026-05-09T17:01:20.596+0100] {logging_mixin.py:188} INFO - [2026-05-09T17:01:20.595+0100] {dagbag.py:540} INFO - Filling up the DagBag from /home/najma/airflow-venv/lib/python3.12/site-packages/airflow/example_dags/example_params_trigger_ui.py
[2026-05-09T17:01:20.609+0100] {processor.py:840} INFO - DAG(s) 'example_params_trigger_ui' retrieved from /home/najma/airflow-venv/lib/python3.12/site-packages/airflow/example_dags/example_params_trigger_ui.py
[2026-05-09T17:01:20.652+0100] {logging_mixin.py:188} INFO - [2026-05-09T17:01:20.652+0100] {dag.py:3096} INFO - Sync 1 DAGs
[2026-05-09T17:01:20.665+0100] {logging_mixin.py:188} INFO - [2026-05-09T17:01:20.664+0100] {dag.py:3954} INFO - Setting next_dagrun for example_params_trigger_ui to None, run_after=None
[2026-05-09T17:01:20.746+0100] {processor.py:183} INFO - Processing /home/najma/airflow-venv/lib/python3.12/site-packages/airflow/example_dags/example_params_trigger_ui.py took 0.160 seconds
[2026-05-09T17:02:09.617+0100] {processor.py:161} INFO - Started process (PID=25030) to work on /home/najma/airflow-venv/lib/python3.12/site-packages/airflow/example_dags/example_params_trigger_ui.py
[2026-05-09T17:02:09.619+0100] {processor.py:830} INFO - Processing file /home/najma/airflow-venv/lib/python3.12/site-packages/airflow/example_dags/example_params_trigger_ui.py for tasks to queue
[2026-05-09T17:02:09.621+0100] {logging_mixin.py:188} INFO - [2026-05-09T17:02:09.620+0100] {dagbag.py:540} INFO - Filling up the DagBag from /home/najma/airflow-venv/lib/python3.12/site-packages/airflow/example_dags/example_params_trigger_ui.py
[2026-05-09T17:02:09.647+0100] {processor.py:840} INFO - DAG(s) 'example_params_trigger_ui' retrieved from /home/najma/airflow-venv/lib/python3.12/site-packages/airflow/example_dags/example_params_trigger_ui.py
[2026-05-09T17:02:09.731+0100] {logging_mixin.py:188} INFO - [2026-05-09T17:02:09.731+0100] {dag.py:3096} INFO - Sync 1 DAGs
[2026-05-09T17:02:09.756+0100] {logging_mixin.py:188} INFO - [2026-05-09T17:02:09.756+0100] {dag.py:3954} INFO - Setting next_dagrun for example_params_trigger_ui to None, run_after=None
[2026-05-09T17:02:09.882+0100] {processor.py:183} INFO - Processing /home/najma/airflow-venv/lib/python3.12/site-packages/airflow/example_dags/example_params_trigger_ui.py took 0.270 seconds
[2026-05-09T17:02:53.682+0100] {processor.py:161} INFO - Started process (PID=25102) to work on /home/najma/airflow-venv/lib/python3.12/site-packages/airflow/example_dags/example_params_trigger_ui.py
[2026-05-09T17:02:53.683+0100] {processor.py:830} INFO - Processing file /home/najma/airflow-venv/lib/python3.12/site-packages/airflow/example_dags/example_params_trigger_ui.py for tasks to queue
[2026-05-09T17:02:53.685+0100] {logging_mixin.py:188} INFO - [2026-05-09T17:02:53.685+0100] {dagbag.py:540} INFO - Filling up the DagBag from /home/najma/airflow-venv/lib/python3.12/site-packages/airflow/example_dags/example_params_trigger_ui.py
[2026-05-09T17:02:53.697+0100] {processor.py:840} INFO - DAG(s) 'example_params_trigger_ui' retrieved from /home/najma/airflow-venv/lib/python3.12/site-packages/airflow/example_dags/example_params_trigger_ui.py
[2026-05-09T17:02:53.739+0100] {logging_mixin.py:188} INFO - [2026-05-09T17:02:53.738+0100] {dag.py:3096} INFO - Sync 1 DAGs
[2026-05-09T17:02:53.752+0100] {logging_mixin.py:188} INFO - [2026-05-09T17:02:53.752+0100] {dag.py:3954} INFO - Setting next_dagrun for example_params_trigger_ui to None, run_after=None
[2026-05-09T17:02:53.897+0100] {processor.py:183} INFO - Processing /home/najma/airflow-venv/lib/python3.12/site-packages/airflow/example_dags/example_params_trigger_ui.py took 0.220 seconds
[2026-05-09T17:03:32.014+0100] {processor.py:161} INFO - Started process (PID=25162) to work on /home/najma/airflow-venv/lib/python3.12/site-packages/airflow/example_dags/example_params_trigger_ui.py
[2026-05-09T17:03:32.016+0100] {processor.py:830} INFO - Processing file /home/najma/airflow-venv/lib/python3.12/site-packages/airflow/example_dags/example_params_trigger_ui.py for tasks to queue
[2026-05-09T17:03:32.018+0100] {logging_mixin.py:188} INFO - [2026-05-09T17:03:32.017+0100] {dagbag.py:540} INFO - Filling up the DagBag from /home/najma/airflow-venv/lib/python3.12/site-packages/airflow/example_dags/example_params_trigger_ui.py
[2026-05-09T17:03:32.035+0100] {processor.py:840} INFO - DAG(s) 'example_params_trigger_ui' retrieved from /home/najma/airflow-venv/lib/python3.12/site-packages/airflow/example_dags/example_params_trigger_ui.py
[2026-05-09T17:03:32.269+0100] {logging_mixin.py:188} INFO - [2026-05-09T17:03:32.269+0100] {dag.py:3096} INFO - Sync 1 DAGs
[2026-05-09T17:03:32.355+0100] {logging_mixin.py:188} INFO - [2026-05-09T17:03:32.355+0100] {dag.py:3954} INFO - Setting next_dagrun for example_params_trigger_ui to None, run_after=None
[2026-05-09T17:03:32.521+0100] {processor.py:183} INFO - Processing /home/najma/airflow-venv/lib/python3.12/site-packages/airflow/example_dags/example_params_trigger_ui.py took 0.511 seconds
[2026-05-09T17:04:18.138+0100] {processor.py:161} INFO - Started process (PID=25244) to work on /home/najma/airflow-venv/lib/python3.12/site-packages/airflow/example_dags/example_params_trigger_ui.py
[2026-05-09T17:04:18.139+0100] {processor.py:830} INFO - Processing file /home/najma/airflow-venv/lib/python3.12/site-packages/airflow/example_dags/example_params_trigger_ui.py for tasks to queue
[2026-05-09T17:04:18.140+0100] {logging_mixin.py:188} INFO - [2026-05-09T17:04:18.140+0100] {dagbag.py:540} INFO - Filling up the DagBag from /home/najma/airflow-venv/lib/python3.12/site-packages/airflow/example_dags/example_params_trigger_ui.py
[2026-05-09T17:04:18.152+0100] {processor.py:840} INFO - DAG(s) 'example_params_trigger_ui' retrieved from /home/najma/airflow-venv/lib/python3.12/site-packages/airflow/example_dags/example_params_trigger_ui.py
[2026-05-09T17:04:18.196+0100] {logging_mixin.py:188} INFO - [2026-05-09T17:04:18.196+0100] {dag.py:3096} INFO - Sync 1 DAGs
[2026-05-09T17:04:18.210+0100] {logging_mixin.py:188} INFO - [2026-05-09T17:04:18.210+0100] {dag.py:3954} INFO - Setting next_dagrun for example_params_trigger_ui to None, run_after=None
[2026-05-09T17:04:18.305+0100] {processor.py:183} INFO - Processing /home/najma/airflow-venv/lib/python3.12/site-packages/airflow/example_dags/example_params_trigger_ui.py took 0.172 seconds
[2026-05-09T17:52:27.377+0100] {processor.py:161} INFO - Started process (PID=25309) to work on /home/najma/airflow-venv/lib/python3.12/site-packages/airflow/example_dags/example_params_trigger_ui.py
[2026-05-09T17:52:27.381+0100] {processor.py:830} INFO - Processing file /home/najma/airflow-venv/lib/python3.12/site-packages/airflow/example_dags/example_params_trigger_ui.py for tasks to queue
[2026-05-09T17:52:27.385+0100] {logging_mixin.py:188} INFO - [2026-05-09T17:52:27.385+0100] {dagbag.py:540} INFO - Filling up the DagBag from /home/najma/airflow-venv/lib/python3.12/site-packages/airflow/example_dags/example_params_trigger_ui.py
[2026-05-09T17:52:27.555+0100] {processor.py:840} INFO - DAG(s) 'example_params_trigger_ui' retrieved from /home/najma/airflow-venv/lib/python3.12/site-packages/airflow/example_dags/example_params_trigger_ui.py
[2026-05-09T17:52:27.719+0100] {logging_mixin.py:188} INFO - [2026-05-09T17:52:27.719+0100] {dag.py:3096} INFO - Sync 1 DAGs
[2026-05-09T17:52:28.538+0100] {logging_mixin.py:188} INFO - [2026-05-09T17:52:28.538+0100] {dag.py:3954} INFO - Setting next_dagrun for example_params_trigger_ui to None, run_after=None
[2026-05-09T17:52:28.806+0100] {processor.py:183} INFO - Processing /home/najma/airflow-venv/lib/python3.12/site-packages/airflow/example_dags/example_params_trigger_ui.py took 1.433 seconds
[2026-05-09T17:53:40.993+0100] {processor.py:161} INFO - Started process (PID=25400) to work on /home/najma/airflow-venv/lib/python3.12/site-packages/airflow/example_dags/example_params_trigger_ui.py
[2026-05-09T17:53:40.997+0100] {processor.py:830} INFO - Processing file /home/najma/airflow-venv/lib/python3.12/site-packages/airflow/example_dags/example_params_trigger_ui.py for tasks to queue
[2026-05-09T17:53:41.000+0100] {logging_mixin.py:188} INFO - [2026-05-09T17:53:40.999+0100] {dagbag.py:540} INFO - Filling up the DagBag from /home/najma/airflow-venv/lib/python3.12/site-packages/airflow/example_dags/example_params_trigger_ui.py
[2026-05-09T17:53:41.033+0100] {processor.py:840} INFO - DAG(s) 'example_params_trigger_ui' retrieved from /home/najma/airflow-venv/lib/python3.12/site-packages/airflow/example_dags/example_params_trigger_ui.py
[2026-05-09T17:53:41.128+0100] {logging_mixin.py:188} INFO - [2026-05-09T17:53:41.127+0100] {dag.py:3096} INFO - Sync 1 DAGs
[2026-05-09T17:53:41.158+0100] {logging_mixin.py:188} INFO - [2026-05-09T17:53:41.157+0100] {dag.py:3954} INFO - Setting next_dagrun for example_params_trigger_ui to None, run_after=None
[2026-05-09T17:53:41.306+0100] {processor.py:183} INFO - Processing /home/najma/airflow-venv/lib/python3.12/site-packages/airflow/example_dags/example_params_trigger_ui.py took 0.320 seconds
[2026-05-09T17:54:29.633+0100] {processor.py:161} INFO - Started process (PID=25470) to work on /home/najma/airflow-venv/lib/python3.12/site-packages/airflow/example_dags/example_params_trigger_ui.py
[2026-05-09T17:54:29.635+0100] {processor.py:830} INFO - Processing file /home/najma/airflow-venv/lib/python3.12/site-packages/airflow/example_dags/example_params_trigger_ui.py for tasks to queue
[2026-05-09T17:54:29.639+0100] {logging_mixin.py:188} INFO - [2026-05-09T17:54:29.639+0100] {dagbag.py:540} INFO - Filling up the DagBag from /home/najma/airflow-venv/lib/python3.12/site-packages/airflow/example_dags/example_params_trigger_ui.py
[2026-05-09T17:54:29.662+0100] {processor.py:840} INFO - DAG(s) 'example_params_trigger_ui' retrieved from /home/najma/airflow-venv/lib/python3.12/site-packages/airflow/example_dags/example_params_trigger_ui.py
[2026-05-09T17:54:29.719+0100] {logging_mixin.py:188} INFO - [2026-05-09T17:54:29.718+0100] {dag.py:3096} INFO - Sync 1 DAGs
[2026-05-09T17:54:29.739+0100] {logging_mixin.py:188} INFO - [2026-05-09T17:54:29.738+0100] {dag.py:3954} INFO - Setting next_dagrun for example_params_trigger_ui to None, run_after=None
[2026-05-09T17:54:29.916+0100] {processor.py:183} INFO - Processing /home/najma/airflow-venv/lib/python3.12/site-packages/airflow/example_dags/example_params_trigger_ui.py took 0.288 seconds
[2026-05-09T17:55:13.853+0100] {processor.py:161} INFO - Started process (PID=25539) to work on /home/najma/airflow-venv/lib/python3.12/site-packages/airflow/example_dags/example_params_trigger_ui.py
[2026-05-09T17:55:13.854+0100] {processor.py:830} INFO - Processing file /home/najma/airflow-venv/lib/python3.12/site-packages/airflow/example_dags/example_params_trigger_ui.py for tasks to queue
[2026-05-09T17:55:13.856+0100] {logging_mixin.py:188} INFO - [2026-05-09T17:55:13.856+0100] {dagbag.py:540} INFO - Filling up the DagBag from /home/najma/airflow-venv/lib/python3.12/site-packages/airflow/example_dags/example_params_trigger_ui.py
[2026-05-09T17:55:13.872+0100] {processor.py:840} INFO - DAG(s) 'example_params_trigger_ui' retrieved from /home/najma/airflow-venv/lib/python3.12/site-packages/airflow/example_dags/example_params_trigger_ui.py
[2026-05-09T17:55:13.924+0100] {logging_mixin.py:188} INFO - [2026-05-09T17:55:13.923+0100] {dag.py:3096} INFO - Sync 1 DAGs
[2026-05-09T17:55:13.946+0100] {logging_mixin.py:188} INFO - [2026-05-09T17:55:13.946+0100] {dag.py:3954} INFO - Setting next_dagrun for example_params_trigger_ui to None, run_after=None
[2026-05-09T17:55:14.086+0100] {processor.py:183} INFO - Processing /home/najma/airflow-venv/lib/python3.12/site-packages/airflow/example_dags/example_params_trigger_ui.py took 0.238 seconds
[2026-05-09T17:55:56.260+0100] {processor.py:161} INFO - Started process (PID=25603) to work on /home/najma/airflow-venv/lib/python3.12/site-packages/airflow/example_dags/example_params_trigger_ui.py
[2026-05-09T17:55:56.261+0100] {processor.py:830} INFO - Processing file /home/najma/airflow-venv/lib/python3.12/site-packages/airflow/example_dags/example_params_trigger_ui.py for tasks to queue
[2026-05-09T17:55:56.263+0100] {logging_mixin.py:188} INFO - [2026-05-09T17:55:56.263+0100] {dagbag.py:540} INFO - Filling up the DagBag from /home/najma/airflow-venv/lib/python3.12/site-packages/airflow/example_dags/example_params_trigger_ui.py
[2026-05-09T17:55:56.282+0100] {processor.py:840} INFO - DAG(s) 'example_params_trigger_ui' retrieved from /home/najma/airflow-venv/lib/python3.12/site-packages/airflow/example_dags/example_params_trigger_ui.py
[2026-05-09T17:55:56.368+0100] {logging_mixin.py:188} INFO - [2026-05-09T17:55:56.368+0100] {dag.py:3096} INFO - Sync 1 DAGs
[2026-05-09T17:55:56.383+0100] {logging_mixin.py:188} INFO - [2026-05-09T17:55:56.383+0100] {dag.py:3954} INFO - Setting next_dagrun for example_params_trigger_ui to None, run_after=None
[2026-05-09T17:55:56.467+0100] {processor.py:183} INFO - Processing /home/najma/airflow-venv/lib/python3.12/site-packages/airflow/example_dags/example_params_trigger_ui.py took 0.211 seconds
[2026-05-09T17:56:32.317+0100] {processor.py:161} INFO - Started process (PID=25663) to work on /home/najma/airflow-venv/lib/python3.12/site-packages/airflow/example_dags/example_params_trigger_ui.py
[2026-05-09T17:56:32.318+0100] {processor.py:830} INFO - Processing file /home/najma/airflow-venv/lib/python3.12/site-packages/airflow/example_dags/example_params_trigger_ui.py for tasks to queue
[2026-05-09T17:56:32.320+0100] {logging_mixin.py:188} INFO - [2026-05-09T17:56:32.320+0100] {dagbag.py:540} INFO - Filling up the DagBag from /home/najma/airflow-venv/lib/python3.12/site-packages/airflow/example_dags/example_params_trigger_ui.py
[2026-05-09T17:56:32.330+0100] {processor.py:840} INFO - DAG(s) 'example_params_trigger_ui' retrieved from /home/najma/airflow-venv/lib/python3.12/site-packages/airflow/example_dags/example_params_trigger_ui.py
[2026-05-09T17:56:32.380+0100] {logging_mixin.py:188} INFO - [2026-05-09T17:56:32.379+0100] {dag.py:3096} INFO - Sync 1 DAGs
[2026-05-09T17:56:32.395+0100] {logging_mixin.py:188} INFO - [2026-05-09T17:56:32.395+0100] {dag.py:3954} INFO - Setting next_dagrun for example_params_trigger_ui to None, run_after=None
[2026-05-09T17:56:32.489+0100] {processor.py:183} INFO - Processing /home/najma/airflow-venv/lib/python3.12/site-packages/airflow/example_dags/example_params_trigger_ui.py took 0.178 seconds
[2026-05-09T17:57:10.312+0100] {processor.py:161} INFO - Started process (PID=25728) to work on /home/najma/airflow-venv/lib/python3.12/site-packages/airflow/example_dags/example_params_trigger_ui.py
[2026-05-09T17:57:10.314+0100] {processor.py:830} INFO - Processing file /home/najma/airflow-venv/lib/python3.12/site-packages/airflow/example_dags/example_params_trigger_ui.py for tasks to queue
[2026-05-09T17:57:10.316+0100] {logging_mixin.py:188} INFO - [2026-05-09T17:57:10.316+0100] {dagbag.py:540} INFO - Filling up the DagBag from /home/najma/airflow-venv/lib/python3.12/site-packages/airflow/example_dags/example_params_trigger_ui.py
[2026-05-09T17:57:10.327+0100] {processor.py:840} INFO - DAG(s) 'example_params_trigger_ui' retrieved from /home/najma/airflow-venv/lib/python3.12/site-packages/airflow/example_dags/example_params_trigger_ui.py
[2026-05-09T17:57:10.373+0100] {logging_mixin.py:188} INFO - [2026-05-09T17:57:10.373+0100] {dag.py:3096} INFO - Sync 1 DAGs
[2026-05-09T17:57:10.388+0100] {logging_mixin.py:188} INFO - [2026-05-09T17:57:10.388+0100] {dag.py:3954} INFO - Setting next_dagrun for example_params_trigger_ui to None, run_after=None
[2026-05-09T17:57:10.520+0100] {processor.py:183} INFO - Processing /home/najma/airflow-venv/lib/python3.12/site-packages/airflow/example_dags/example_params_trigger_ui.py took 0.212 seconds
[2026-05-09T17:57:50.927+0100] {processor.py:161} INFO - Started process (PID=25787) to work on /home/najma/airflow-venv/lib/python3.12/site-packages/airflow/example_dags/example_params_trigger_ui.py
[2026-05-09T17:57:50.928+0100] {processor.py:830} INFO - Processing file /home/najma/airflow-venv/lib/python3.12/site-packages/airflow/example_dags/example_params_trigger_ui.py for tasks to queue
[2026-05-09T17:57:50.930+0100] {logging_mixin.py:188} INFO - [2026-05-09T17:57:50.930+0100] {dagbag.py:540} INFO - Filling up the DagBag from /home/najma/airflow-venv/lib/python3.12/site-packages/airflow/example_dags/example_params_trigger_ui.py
[2026-05-09T17:57:50.942+0100] {processor.py:840} INFO - DAG(s) 'example_params_trigger_ui' retrieved from /home/najma/airflow-venv/lib/python3.12/site-packages/airflow/example_dags/example_params_trigger_ui.py
[2026-05-09T17:57:50.994+0100] {logging_mixin.py:188} INFO - [2026-05-09T17:57:50.993+0100] {dag.py:3096} INFO - Sync 1 DAGs
[2026-05-09T17:57:51.009+0100] {logging_mixin.py:188} INFO - [2026-05-09T17:57:51.008+0100] {dag.py:3954} INFO - Setting next_dagrun for example_params_trigger_ui to None, run_after=None
[2026-05-09T17:57:51.094+0100] {processor.py:183} INFO - Processing /home/najma/airflow-venv/lib/python3.12/site-packages/airflow/example_dags/example_params_trigger_ui.py took 0.172 seconds
[2026-05-09T17:58:33.293+0100] {processor.py:161} INFO - Started process (PID=25855) to work on /home/najma/airflow-venv/lib/python3.12/site-packages/airflow/example_dags/example_params_trigger_ui.py
[2026-05-09T17:58:33.294+0100] {processor.py:830} INFO - Processing file /home/najma/airflow-venv/lib/python3.12/site-packages/airflow/example_dags/example_params_trigger_ui.py for tasks to queue
[2026-05-09T17:58:33.296+0100] {logging_mixin.py:188} INFO - [2026-05-09T17:58:33.295+0100] {dagbag.py:540} INFO - Filling up the DagBag from /home/najma/airflow-venv/lib/python3.12/site-packages/airflow/example_dags/example_params_trigger_ui.py
[2026-05-09T17:58:33.318+0100] {processor.py:840} INFO - DAG(s) 'example_params_trigger_ui' retrieved from /home/najma/airflow-venv/lib/python3.12/site-packages/airflow/example_dags/example_params_trigger_ui.py
[2026-05-09T17:58:33.374+0100] {logging_mixin.py:188} INFO - [2026-05-09T17:58:33.374+0100] {dag.py:3096} INFO - Sync 1 DAGs
[2026-05-09T17:58:33.389+0100] {logging_mixin.py:188} INFO - [2026-05-09T17:58:33.389+0100] {dag.py:3954} INFO - Setting next_dagrun for example_params_trigger_ui to None, run_after=None
[2026-05-09T17:58:33.474+0100] {processor.py:183} INFO - Processing /home/najma/airflow-venv/lib/python3.12/site-packages/airflow/example_dags/example_params_trigger_ui.py took 0.186 seconds
[2026-05-09T17:59:04.435+0100] {processor.py:161} INFO - Started process (PID=25907) to work on /home/najma/airflow-venv/lib/python3.12/site-packages/airflow/example_dags/example_params_trigger_ui.py
[2026-05-09T17:59:04.436+0100] {processor.py:830} INFO - Processing file /home/najma/airflow-venv/lib/python3.12/site-packages/airflow/example_dags/example_params_trigger_ui.py for tasks to queue
[2026-05-09T17:59:04.438+0100] {logging_mixin.py:188} INFO - [2026-05-09T17:59:04.437+0100] {dagbag.py:540} INFO - Filling up the DagBag from /home/najma/airflow-venv/lib/python3.12/site-packages/airflow/example_dags/example_params_trigger_ui.py
[2026-05-09T17:59:04.451+0100] {processor.py:840} INFO - DAG(s) 'example_params_trigger_ui' retrieved from /home/najma/airflow-venv/lib/python3.12/site-packages/airflow/example_dags/example_params_trigger_ui.py
[2026-05-09T17:59:04.498+0100] {logging_mixin.py:188} INFO - [2026-05-09T17:59:04.498+0100] {dag.py:3096} INFO - Sync 1 DAGs
[2026-05-09T17:59:04.511+0100] {logging_mixin.py:188} INFO - [2026-05-09T17:59:04.511+0100] {dag.py:3954} INFO - Setting next_dagrun for example_params_trigger_ui to None, run_after=None
[2026-05-09T17:59:04.594+0100] {processor.py:183} INFO - Processing /home/najma/airflow-venv/lib/python3.12/site-packages/airflow/example_dags/example_params_trigger_ui.py took 0.167 seconds
[2026-05-09T17:59:42.273+0100] {processor.py:161} INFO - Started process (PID=25969) to work on /home/najma/airflow-venv/lib/python3.12/site-packages/airflow/example_dags/example_params_trigger_ui.py
[2026-05-09T17:59:42.277+0100] {processor.py:830} INFO - Processing file /home/najma/airflow-venv/lib/python3.12/site-packages/airflow/example_dags/example_params_trigger_ui.py for tasks to queue
[2026-05-09T17:59:42.285+0100] {logging_mixin.py:188} INFO - [2026-05-09T17:59:42.284+0100] {dagbag.py:540} INFO - Filling up the DagBag from /home/najma/airflow-venv/lib/python3.12/site-packages/airflow/example_dags/example_params_trigger_ui.py
[2026-05-09T17:59:42.310+0100] {processor.py:840} INFO - DAG(s) 'example_params_trigger_ui' retrieved from /home/najma/airflow-venv/lib/python3.12/site-packages/airflow/example_dags/example_params_trigger_ui.py
[2026-05-09T17:59:42.397+0100] {logging_mixin.py:188} INFO - [2026-05-09T17:59:42.397+0100] {dag.py:3096} INFO - Sync 1 DAGs
[2026-05-09T17:59:42.415+0100] {logging_mixin.py:188} INFO - [2026-05-09T17:59:42.415+0100] {dag.py:3954} INFO - Setting next_dagrun for example_params_trigger_ui to None, run_after=None
[2026-05-09T17:59:42.503+0100] {processor.py:183} INFO - Processing /home/najma/airflow-venv/lib/python3.12/site-packages/airflow/example_dags/example_params_trigger_ui.py took 0.239 seconds
[2026-05-09T18:00:18.170+0100] {processor.py:161} INFO - Started process (PID=26031) to work on /home/najma/airflow-venv/lib/python3.12/site-packages/airflow/example_dags/example_params_trigger_ui.py
[2026-05-09T18:00:18.171+0100] {processor.py:830} INFO - Processing file /home/najma/airflow-venv/lib/python3.12/site-packages/airflow/example_dags/example_params_trigger_ui.py for tasks to queue
[2026-05-09T18:00:18.172+0100] {logging_mixin.py:188} INFO - [2026-05-09T18:00:18.172+0100] {dagbag.py:540} INFO - Filling up the DagBag from /home/najma/airflow-venv/lib/python3.12/site-packages/airflow/example_dags/example_params_trigger_ui.py
[2026-05-09T18:00:18.183+0100] {processor.py:840} INFO - DAG(s) 'example_params_trigger_ui' retrieved from /home/najma/airflow-venv/lib/python3.12/site-packages/airflow/example_dags/example_params_trigger_ui.py
[2026-05-09T18:00:18.231+0100] {logging_mixin.py:188} INFO - [2026-05-09T18:00:18.230+0100] {dag.py:3096} INFO - Sync 1 DAGs
[2026-05-09T18:00:18.245+0100] {logging_mixin.py:188} INFO - [2026-05-09T18:00:18.244+0100] {dag.py:3954} INFO - Setting next_dagrun for example_params_trigger_ui to None, run_after=None
[2026-05-09T18:00:18.347+0100] {processor.py:183} INFO - Processing /home/najma/airflow-venv/lib/python3.12/site-packages/airflow/example_dags/example_params_trigger_ui.py took 0.182 seconds
[2026-05-09T18:00:49.145+0100] {processor.py:161} INFO - Started process (PID=26082) to work on /home/najma/airflow-venv/lib/python3.12/site-packages/airflow/example_dags/example_params_trigger_ui.py
[2026-05-09T18:00:49.146+0100] {processor.py:830} INFO - Processing file /home/najma/airflow-venv/lib/python3.12/site-packages/airflow/example_dags/example_params_trigger_ui.py for tasks to queue
[2026-05-09T18:00:49.148+0100] {logging_mixin.py:188} INFO - [2026-05-09T18:00:49.148+0100] {dagbag.py:540} INFO - Filling up the DagBag from /home/najma/airflow-venv/lib/python3.12/site-packages/airflow/example_dags/example_params_trigger_ui.py
[2026-05-09T18:00:49.170+0100] {processor.py:840} INFO - DAG(s) 'example_params_trigger_ui' retrieved from /home/najma/airflow-venv/lib/python3.12/site-packages/airflow/example_dags/example_params_trigger_ui.py
[2026-05-09T18:00:49.254+0100] {logging_mixin.py:188} INFO - [2026-05-09T18:00:49.254+0100] {dag.py:3096} INFO - Sync 1 DAGs
[2026-05-09T18:00:49.276+0100] {logging_mixin.py:188} INFO - [2026-05-09T18:00:49.275+0100] {dag.py:3954} INFO - Setting next_dagrun for example_params_trigger_ui to None, run_after=None
[2026-05-09T18:00:49.413+0100] {processor.py:183} INFO - Processing /home/najma/airflow-venv/lib/python3.12/site-packages/airflow/example_dags/example_params_trigger_ui.py took 0.275 seconds
[2026-05-09T18:01:45.842+0100] {processor.py:161} INFO - Started process (PID=26161) to work on /home/najma/airflow-venv/lib/python3.12/site-packages/airflow/example_dags/example_params_trigger_ui.py
[2026-05-09T18:01:45.847+0100] {processor.py:830} INFO - Processing file /home/najma/airflow-venv/lib/python3.12/site-packages/airflow/example_dags/example_params_trigger_ui.py for tasks to queue
[2026-05-09T18:01:45.849+0100] {logging_mixin.py:188} INFO - [2026-05-09T18:01:45.848+0100] {dagbag.py:540} INFO - Filling up the DagBag from /home/najma/airflow-venv/lib/python3.12/site-packages/airflow/example_dags/example_params_trigger_ui.py
[2026-05-09T18:01:45.871+0100] {processor.py:840} INFO - DAG(s) 'example_params_trigger_ui' retrieved from /home/najma/airflow-venv/lib/python3.12/site-packages/airflow/example_dags/example_params_trigger_ui.py
[2026-05-09T18:01:45.928+0100] {logging_mixin.py:188} INFO - [2026-05-09T18:01:45.927+0100] {dag.py:3096} INFO - Sync 1 DAGs
[2026-05-09T18:01:45.942+0100] {logging_mixin.py:188} INFO - [2026-05-09T18:01:45.941+0100] {dag.py:3954} INFO - Setting next_dagrun for example_params_trigger_ui to None, run_after=None
[2026-05-09T18:01:46.044+0100] {processor.py:183} INFO - Processing /home/najma/airflow-venv/lib/python3.12/site-packages/airflow/example_dags/example_params_trigger_ui.py took 0.207 seconds
[2026-05-09T18:02:27.220+0100] {processor.py:161} INFO - Started process (PID=26219) to work on /home/najma/airflow-venv/lib/python3.12/site-packages/airflow/example_dags/example_params_trigger_ui.py
[2026-05-09T18:02:27.221+0100] {processor.py:830} INFO - Processing file /home/najma/airflow-venv/lib/python3.12/site-packages/airflow/example_dags/example_params_trigger_ui.py for tasks to queue
[2026-05-09T18:02:27.223+0100] {logging_mixin.py:188} INFO - [2026-05-09T18:02:27.223+0100] {dagbag.py:540} INFO - Filling up the DagBag from /home/najma/airflow-venv/lib/python3.12/site-packages/airflow/example_dags/example_params_trigger_ui.py
[2026-05-09T18:02:27.238+0100] {processor.py:840} INFO - DAG(s) 'example_params_trigger_ui' retrieved from /home/najma/airflow-venv/lib/python3.12/site-packages/airflow/example_dags/example_params_trigger_ui.py
[2026-05-09T18:02:27.285+0100] {logging_mixin.py:188} INFO - [2026-05-09T18:02:27.285+0100] {dag.py:3096} INFO - Sync 1 DAGs
[2026-05-09T18:02:27.302+0100] {logging_mixin.py:188} INFO - [2026-05-09T18:02:27.302+0100] {dag.py:3954} INFO - Setting next_dagrun for example_params_trigger_ui to None, run_after=None
[2026-05-09T18:02:27.380+0100] {processor.py:183} INFO - Processing /home/najma/airflow-venv/lib/python3.12/site-packages/airflow/example_dags/example_params_trigger_ui.py took 0.164 seconds
[2026-05-09T18:09:52.495+0100] {processor.py:161} INFO - Started process (PID=26790) to work on /home/najma/airflow-venv/lib/python3.12/site-packages/airflow/example_dags/example_params_trigger_ui.py
[2026-05-09T18:09:52.499+0100] {processor.py:830} INFO - Processing file /home/najma/airflow-venv/lib/python3.12/site-packages/airflow/example_dags/example_params_trigger_ui.py for tasks to queue
[2026-05-09T18:09:52.507+0100] {logging_mixin.py:188} INFO - [2026-05-09T18:09:52.506+0100] {dagbag.py:540} INFO - Filling up the DagBag from /home/najma/airflow-venv/lib/python3.12/site-packages/airflow/example_dags/example_params_trigger_ui.py
[2026-05-09T18:09:52.524+0100] {processor.py:840} INFO - DAG(s) 'example_params_trigger_ui' retrieved from /home/najma/airflow-venv/lib/python3.12/site-packages/airflow/example_dags/example_params_trigger_ui.py
[2026-05-09T18:09:52.720+0100] {logging_mixin.py:188} INFO - [2026-05-09T18:09:52.720+0100] {dag.py:3096} INFO - Sync 1 DAGs
[2026-05-09T18:09:52.738+0100] {logging_mixin.py:188} INFO - [2026-05-09T18:09:52.738+0100] {dag.py:3954} INFO - Setting next_dagrun for example_params_trigger_ui to None, run_after=None
[2026-05-09T18:09:52.952+0100] {processor.py:183} INFO - Processing /home/najma/airflow-venv/lib/python3.12/site-packages/airflow/example_dags/example_params_trigger_ui.py took 0.463 seconds
