[2026-05-09T16:17:14.948+0100] {processor.py:161} INFO - Started process (PID=21519) to work on /home/najma/airflow-venv/lib/python3.12/site-packages/airflow/example_dags/example_latest_only.py
[2026-05-09T16:17:14.950+0100] {processor.py:830} INFO - Processing file /home/najma/airflow-venv/lib/python3.12/site-packages/airflow/example_dags/example_latest_only.py for tasks to queue
[2026-05-09T16:17:14.956+0100] {logging_mixin.py:188} INFO - [2026-05-09T16:17:14.956+0100] {dagbag.py:540} INFO - Filling up the DagBag from /home/najma/airflow-venv/lib/python3.12/site-packages/airflow/example_dags/example_latest_only.py
[2026-05-09T16:17:14.965+0100] {processor.py:840} INFO - DAG(s) 'latest_only' retrieved from /home/najma/airflow-venv/lib/python3.12/site-packages/airflow/example_dags/example_latest_only.py
[2026-05-09T16:17:15.341+0100] {logging_mixin.py:188} INFO - [2026-05-09T16:17:15.340+0100] {dag.py:3096} INFO - Sync 1 DAGs
[2026-05-09T16:17:15.423+0100] {logging_mixin.py:188} INFO - [2026-05-09T16:17:15.423+0100] {dag.py:3954} INFO - Setting next_dagrun for latest_only to 2026-05-09 08:00:00+00:00, run_after=2026-05-09 12:00:00+00:00
[2026-05-09T16:17:15.625+0100] {processor.py:183} INFO - Processing /home/najma/airflow-venv/lib/python3.12/site-packages/airflow/example_dags/example_latest_only.py took 0.681 seconds
[2026-05-09T16:19:10.068+0100] {processor.py:161} INFO - Started process (PID=21607) to work on /home/najma/airflow-venv/lib/python3.12/site-packages/airflow/example_dags/example_latest_only.py
[2026-05-09T16:19:10.070+0100] {processor.py:830} INFO - Processing file /home/najma/airflow-venv/lib/python3.12/site-packages/airflow/example_dags/example_latest_only.py for tasks to queue
[2026-05-09T16:19:10.077+0100] {logging_mixin.py:188} INFO - [2026-05-09T16:19:10.074+0100] {dagbag.py:540} INFO - Filling up the DagBag from /home/najma/airflow-venv/lib/python3.12/site-packages/airflow/example_dags/example_latest_only.py
[2026-05-09T16:19:10.086+0100] {processor.py:840} INFO - DAG(s) 'latest_only' retrieved from /home/najma/airflow-venv/lib/python3.12/site-packages/airflow/example_dags/example_latest_only.py
[2026-05-09T16:19:10.119+0100] {logging_mixin.py:188} INFO - [2026-05-09T16:19:10.119+0100] {dag.py:3096} INFO - Sync 1 DAGs
[2026-05-09T16:19:10.161+0100] {logging_mixin.py:188} INFO - [2026-05-09T16:19:10.160+0100] {dag.py:3954} INFO - Setting next_dagrun for latest_only to 2026-05-09 08:00:00+00:00, run_after=2026-05-09 12:00:00+00:00
[2026-05-09T16:19:10.296+0100] {processor.py:183} INFO - Processing /home/najma/airflow-venv/lib/python3.12/site-packages/airflow/example_dags/example_latest_only.py took 0.232 seconds
[2026-05-09T16:20:30.261+0100] {processor.py:161} INFO - Started process (PID=21685) to work on /home/najma/airflow-venv/lib/python3.12/site-packages/airflow/example_dags/example_latest_only.py
[2026-05-09T16:20:30.262+0100] {processor.py:830} INFO - Processing file /home/najma/airflow-venv/lib/python3.12/site-packages/airflow/example_dags/example_latest_only.py for tasks to queue
[2026-05-09T16:20:30.264+0100] {logging_mixin.py:188} INFO - [2026-05-09T16:20:30.263+0100] {dagbag.py:540} INFO - Filling up the DagBag from /home/najma/airflow-venv/lib/python3.12/site-packages/airflow/example_dags/example_latest_only.py
[2026-05-09T16:20:30.267+0100] {processor.py:840} INFO - DAG(s) 'latest_only' retrieved from /home/najma/airflow-venv/lib/python3.12/site-packages/airflow/example_dags/example_latest_only.py
[2026-05-09T16:20:30.294+0100] {logging_mixin.py:188} INFO - [2026-05-09T16:20:30.294+0100] {dag.py:3096} INFO - Sync 1 DAGs
[2026-05-09T16:20:30.320+0100] {logging_mixin.py:188} INFO - [2026-05-09T16:20:30.320+0100] {dag.py:3954} INFO - Setting next_dagrun for latest_only to 2026-05-09 08:00:00+00:00, run_after=2026-05-09 12:00:00+00:00
[2026-05-09T16:20:30.412+0100] {processor.py:183} INFO - Processing /home/najma/airflow-venv/lib/python3.12/site-packages/airflow/example_dags/example_latest_only.py took 0.156 seconds
[2026-05-09T16:21:50.122+0100] {processor.py:161} INFO - Started process (PID=21753) to work on /home/najma/airflow-venv/lib/python3.12/site-packages/airflow/example_dags/example_latest_only.py
[2026-05-09T16:21:50.142+0100] {processor.py:830} INFO - Processing file /home/najma/airflow-venv/lib/python3.12/site-packages/airflow/example_dags/example_latest_only.py for tasks to queue
[2026-05-09T16:21:50.171+0100] {logging_mixin.py:188} INFO - [2026-05-09T16:21:50.170+0100] {dagbag.py:540} INFO - Filling up the DagBag from /home/najma/airflow-venv/lib/python3.12/site-packages/airflow/example_dags/example_latest_only.py
[2026-05-09T16:21:50.180+0100] {processor.py:840} INFO - DAG(s) 'latest_only' retrieved from /home/najma/airflow-venv/lib/python3.12/site-packages/airflow/example_dags/example_latest_only.py
[2026-05-09T16:21:50.346+0100] {logging_mixin.py:188} INFO - [2026-05-09T16:21:50.346+0100] {dag.py:3096} INFO - Sync 1 DAGs
[2026-05-09T16:21:50.381+0100] {logging_mixin.py:188} INFO - [2026-05-09T16:21:50.381+0100] {dag.py:3954} INFO - Setting next_dagrun for latest_only to 2026-05-09 08:00:00+00:00, run_after=2026-05-09 12:00:00+00:00
[2026-05-09T16:21:50.668+0100] {processor.py:183} INFO - Processing /home/najma/airflow-venv/lib/python3.12/site-packages/airflow/example_dags/example_latest_only.py took 0.551 seconds
[2026-05-09T16:23:19.422+0100] {processor.py:161} INFO - Started process (PID=21837) to work on /home/najma/airflow-venv/lib/python3.12/site-packages/airflow/example_dags/example_latest_only.py
[2026-05-09T16:23:19.424+0100] {processor.py:830} INFO - Processing file /home/najma/airflow-venv/lib/python3.12/site-packages/airflow/example_dags/example_latest_only.py for tasks to queue
[2026-05-09T16:23:19.430+0100] {logging_mixin.py:188} INFO - [2026-05-09T16:23:19.425+0100] {dagbag.py:540} INFO - Filling up the DagBag from /home/najma/airflow-venv/lib/python3.12/site-packages/airflow/example_dags/example_latest_only.py
[2026-05-09T16:23:19.438+0100] {processor.py:840} INFO - DAG(s) 'latest_only' retrieved from /home/najma/airflow-venv/lib/python3.12/site-packages/airflow/example_dags/example_latest_only.py
[2026-05-09T16:23:19.478+0100] {logging_mixin.py:188} INFO - [2026-05-09T16:23:19.476+0100] {dag.py:3096} INFO - Sync 1 DAGs
[2026-05-09T16:23:19.527+0100] {logging_mixin.py:188} INFO - [2026-05-09T16:23:19.526+0100] {dag.py:3954} INFO - Setting next_dagrun for latest_only to 2026-05-09 08:00:00+00:00, run_after=2026-05-09 12:00:00+00:00
[2026-05-09T16:23:19.745+0100] {processor.py:183} INFO - Processing /home/najma/airflow-venv/lib/python3.12/site-packages/airflow/example_dags/example_latest_only.py took 0.328 seconds
[2026-05-09T16:24:13.458+0100] {processor.py:161} INFO - Started process (PID=21928) to work on /home/najma/airflow-venv/lib/python3.12/site-packages/airflow/example_dags/example_latest_only.py
[2026-05-09T16:24:13.460+0100] {processor.py:830} INFO - Processing file /home/najma/airflow-venv/lib/python3.12/site-packages/airflow/example_dags/example_latest_only.py for tasks to queue
[2026-05-09T16:24:13.466+0100] {logging_mixin.py:188} INFO - [2026-05-09T16:24:13.465+0100] {dagbag.py:540} INFO - Filling up the DagBag from /home/najma/airflow-venv/lib/python3.12/site-packages/airflow/example_dags/example_latest_only.py
[2026-05-09T16:24:13.470+0100] {processor.py:840} INFO - DAG(s) 'latest_only' retrieved from /home/najma/airflow-venv/lib/python3.12/site-packages/airflow/example_dags/example_latest_only.py
[2026-05-09T16:24:13.509+0100] {logging_mixin.py:188} INFO - [2026-05-09T16:24:13.508+0100] {dag.py:3096} INFO - Sync 1 DAGs
[2026-05-09T16:24:13.541+0100] {logging_mixin.py:188} INFO - [2026-05-09T16:24:13.541+0100] {dag.py:3954} INFO - Setting next_dagrun for latest_only to 2026-05-09 08:00:00+00:00, run_after=2026-05-09 12:00:00+00:00
[2026-05-09T16:24:13.637+0100] {processor.py:183} INFO - Processing /home/najma/airflow-venv/lib/python3.12/site-packages/airflow/example_dags/example_latest_only.py took 0.183 seconds
[2026-05-09T16:24:48.107+0100] {processor.py:161} INFO - Started process (PID=21984) to work on /home/najma/airflow-venv/lib/python3.12/site-packages/airflow/example_dags/example_latest_only.py
[2026-05-09T16:24:48.109+0100] {processor.py:830} INFO - Processing file /home/najma/airflow-venv/lib/python3.12/site-packages/airflow/example_dags/example_latest_only.py for tasks to queue
[2026-05-09T16:24:48.111+0100] {logging_mixin.py:188} INFO - [2026-05-09T16:24:48.111+0100] {dagbag.py:540} INFO - Filling up the DagBag from /home/najma/airflow-venv/lib/python3.12/site-packages/airflow/example_dags/example_latest_only.py
[2026-05-09T16:24:48.117+0100] {processor.py:840} INFO - DAG(s) 'latest_only' retrieved from /home/najma/airflow-venv/lib/python3.12/site-packages/airflow/example_dags/example_latest_only.py
[2026-05-09T16:24:48.164+0100] {logging_mixin.py:188} INFO - [2026-05-09T16:24:48.163+0100] {dag.py:3096} INFO - Sync 1 DAGs
[2026-05-09T16:24:48.193+0100] {logging_mixin.py:188} INFO - [2026-05-09T16:24:48.193+0100] {dag.py:3954} INFO - Setting next_dagrun for latest_only to 2026-05-09 08:00:00+00:00, run_after=2026-05-09 12:00:00+00:00
[2026-05-09T16:24:48.279+0100] {processor.py:183} INFO - Processing /home/najma/airflow-venv/lib/python3.12/site-packages/airflow/example_dags/example_latest_only.py took 0.176 seconds
[2026-05-09T16:25:32.161+0100] {processor.py:161} INFO - Started process (PID=22060) to work on /home/najma/airflow-venv/lib/python3.12/site-packages/airflow/example_dags/example_latest_only.py
[2026-05-09T16:25:32.163+0100] {processor.py:830} INFO - Processing file /home/najma/airflow-venv/lib/python3.12/site-packages/airflow/example_dags/example_latest_only.py for tasks to queue
[2026-05-09T16:25:32.164+0100] {logging_mixin.py:188} INFO - [2026-05-09T16:25:32.164+0100] {dagbag.py:540} INFO - Filling up the DagBag from /home/najma/airflow-venv/lib/python3.12/site-packages/airflow/example_dags/example_latest_only.py
[2026-05-09T16:25:32.168+0100] {processor.py:840} INFO - DAG(s) 'latest_only' retrieved from /home/najma/airflow-venv/lib/python3.12/site-packages/airflow/example_dags/example_latest_only.py
[2026-05-09T16:25:32.197+0100] {logging_mixin.py:188} INFO - [2026-05-09T16:25:32.197+0100] {dag.py:3096} INFO - Sync 1 DAGs
[2026-05-09T16:25:32.225+0100] {logging_mixin.py:188} INFO - [2026-05-09T16:25:32.225+0100] {dag.py:3954} INFO - Setting next_dagrun for latest_only to 2026-05-09 08:00:00+00:00, run_after=2026-05-09 12:00:00+00:00
[2026-05-09T16:25:32.350+0100] {processor.py:183} INFO - Processing /home/najma/airflow-venv/lib/python3.12/site-packages/airflow/example_dags/example_latest_only.py took 0.193 seconds
[2026-05-09T16:26:05.931+0100] {processor.py:161} INFO - Started process (PID=22115) to work on /home/najma/airflow-venv/lib/python3.12/site-packages/airflow/example_dags/example_latest_only.py
[2026-05-09T16:26:05.932+0100] {processor.py:830} INFO - Processing file /home/najma/airflow-venv/lib/python3.12/site-packages/airflow/example_dags/example_latest_only.py for tasks to queue
[2026-05-09T16:26:05.935+0100] {logging_mixin.py:188} INFO - [2026-05-09T16:26:05.935+0100] {dagbag.py:540} INFO - Filling up the DagBag from /home/najma/airflow-venv/lib/python3.12/site-packages/airflow/example_dags/example_latest_only.py
[2026-05-09T16:26:05.941+0100] {processor.py:840} INFO - DAG(s) 'latest_only' retrieved from /home/najma/airflow-venv/lib/python3.12/site-packages/airflow/example_dags/example_latest_only.py
[2026-05-09T16:26:05.986+0100] {logging_mixin.py:188} INFO - [2026-05-09T16:26:05.985+0100] {dag.py:3096} INFO - Sync 1 DAGs
[2026-05-09T16:26:06.026+0100] {logging_mixin.py:188} INFO - [2026-05-09T16:26:06.026+0100] {dag.py:3954} INFO - Setting next_dagrun for latest_only to 2026-05-09 08:00:00+00:00, run_after=2026-05-09 12:00:00+00:00
[2026-05-09T16:26:06.181+0100] {processor.py:183} INFO - Processing /home/najma/airflow-venv/lib/python3.12/site-packages/airflow/example_dags/example_latest_only.py took 0.258 seconds
[2026-05-09T16:26:54.044+0100] {processor.py:161} INFO - Started process (PID=22191) to work on /home/najma/airflow-venv/lib/python3.12/site-packages/airflow/example_dags/example_latest_only.py
[2026-05-09T16:26:54.046+0100] {processor.py:830} INFO - Processing file /home/najma/airflow-venv/lib/python3.12/site-packages/airflow/example_dags/example_latest_only.py for tasks to queue
[2026-05-09T16:26:54.048+0100] {logging_mixin.py:188} INFO - [2026-05-09T16:26:54.048+0100] {dagbag.py:540} INFO - Filling up the DagBag from /home/najma/airflow-venv/lib/python3.12/site-packages/airflow/example_dags/example_latest_only.py
[2026-05-09T16:26:54.053+0100] {processor.py:840} INFO - DAG(s) 'latest_only' retrieved from /home/najma/airflow-venv/lib/python3.12/site-packages/airflow/example_dags/example_latest_only.py
[2026-05-09T16:26:54.089+0100] {logging_mixin.py:188} INFO - [2026-05-09T16:26:54.089+0100] {dag.py:3096} INFO - Sync 1 DAGs
[2026-05-09T16:26:54.117+0100] {logging_mixin.py:188} INFO - [2026-05-09T16:26:54.117+0100] {dag.py:3954} INFO - Setting next_dagrun for latest_only to 2026-05-09 08:00:00+00:00, run_after=2026-05-09 12:00:00+00:00
[2026-05-09T16:26:54.210+0100] {processor.py:183} INFO - Processing /home/najma/airflow-venv/lib/python3.12/site-packages/airflow/example_dags/example_latest_only.py took 0.170 seconds
[2026-05-09T16:27:31.921+0100] {processor.py:161} INFO - Started process (PID=22249) to work on /home/najma/airflow-venv/lib/python3.12/site-packages/airflow/example_dags/example_latest_only.py
[2026-05-09T16:27:31.923+0100] {processor.py:830} INFO - Processing file /home/najma/airflow-venv/lib/python3.12/site-packages/airflow/example_dags/example_latest_only.py for tasks to queue
[2026-05-09T16:27:31.924+0100] {logging_mixin.py:188} INFO - [2026-05-09T16:27:31.924+0100] {dagbag.py:540} INFO - Filling up the DagBag from /home/najma/airflow-venv/lib/python3.12/site-packages/airflow/example_dags/example_latest_only.py
[2026-05-09T16:27:31.934+0100] {processor.py:840} INFO - DAG(s) 'latest_only' retrieved from /home/najma/airflow-venv/lib/python3.12/site-packages/airflow/example_dags/example_latest_only.py
[2026-05-09T16:27:31.966+0100] {logging_mixin.py:188} INFO - [2026-05-09T16:27:31.965+0100] {dag.py:3096} INFO - Sync 1 DAGs
[2026-05-09T16:27:32.001+0100] {logging_mixin.py:188} INFO - [2026-05-09T16:27:32.000+0100] {dag.py:3954} INFO - Setting next_dagrun for latest_only to 2026-05-09 08:00:00+00:00, run_after=2026-05-09 12:00:00+00:00
[2026-05-09T16:27:32.110+0100] {processor.py:183} INFO - Processing /home/najma/airflow-venv/lib/python3.12/site-packages/airflow/example_dags/example_latest_only.py took 0.192 seconds
[2026-05-09T16:28:17.295+0100] {processor.py:161} INFO - Started process (PID=22324) to work on /home/najma/airflow-venv/lib/python3.12/site-packages/airflow/example_dags/example_latest_only.py
[2026-05-09T16:28:17.296+0100] {processor.py:830} INFO - Processing file /home/najma/airflow-venv/lib/python3.12/site-packages/airflow/example_dags/example_latest_only.py for tasks to queue
[2026-05-09T16:28:17.298+0100] {logging_mixin.py:188} INFO - [2026-05-09T16:28:17.298+0100] {dagbag.py:540} INFO - Filling up the DagBag from /home/najma/airflow-venv/lib/python3.12/site-packages/airflow/example_dags/example_latest_only.py
[2026-05-09T16:28:17.303+0100] {processor.py:840} INFO - DAG(s) 'latest_only' retrieved from /home/najma/airflow-venv/lib/python3.12/site-packages/airflow/example_dags/example_latest_only.py
[2026-05-09T16:28:17.333+0100] {logging_mixin.py:188} INFO - [2026-05-09T16:28:17.333+0100] {dag.py:3096} INFO - Sync 1 DAGs
[2026-05-09T16:28:17.364+0100] {logging_mixin.py:188} INFO - [2026-05-09T16:28:17.364+0100] {dag.py:3954} INFO - Setting next_dagrun for latest_only to 2026-05-09 08:00:00+00:00, run_after=2026-05-09 12:00:00+00:00
[2026-05-09T16:28:17.491+0100] {processor.py:183} INFO - Processing /home/najma/airflow-venv/lib/python3.12/site-packages/airflow/example_dags/example_latest_only.py took 0.204 seconds
[2026-05-09T16:28:50.567+0100] {processor.py:161} INFO - Started process (PID=22379) to work on /home/najma/airflow-venv/lib/python3.12/site-packages/airflow/example_dags/example_latest_only.py
[2026-05-09T16:28:50.569+0100] {processor.py:830} INFO - Processing file /home/najma/airflow-venv/lib/python3.12/site-packages/airflow/example_dags/example_latest_only.py for tasks to queue
[2026-05-09T16:28:50.573+0100] {logging_mixin.py:188} INFO - [2026-05-09T16:28:50.572+0100] {dagbag.py:540} INFO - Filling up the DagBag from /home/najma/airflow-venv/lib/python3.12/site-packages/airflow/example_dags/example_latest_only.py
[2026-05-09T16:28:50.578+0100] {processor.py:840} INFO - DAG(s) 'latest_only' retrieved from /home/najma/airflow-venv/lib/python3.12/site-packages/airflow/example_dags/example_latest_only.py
[2026-05-09T16:28:50.609+0100] {logging_mixin.py:188} INFO - [2026-05-09T16:28:50.608+0100] {dag.py:3096} INFO - Sync 1 DAGs
[2026-05-09T16:28:50.632+0100] {logging_mixin.py:188} INFO - [2026-05-09T16:28:50.632+0100] {dag.py:3954} INFO - Setting next_dagrun for latest_only to 2026-05-09 08:00:00+00:00, run_after=2026-05-09 12:00:00+00:00
[2026-05-09T16:28:50.728+0100] {processor.py:183} INFO - Processing /home/najma/airflow-venv/lib/python3.12/site-packages/airflow/example_dags/example_latest_only.py took 0.169 seconds
[2026-05-09T16:29:35.759+0100] {processor.py:161} INFO - Started process (PID=22450) to work on /home/najma/airflow-venv/lib/python3.12/site-packages/airflow/example_dags/example_latest_only.py
[2026-05-09T16:29:35.761+0100] {processor.py:830} INFO - Processing file /home/najma/airflow-venv/lib/python3.12/site-packages/airflow/example_dags/example_latest_only.py for tasks to queue
[2026-05-09T16:29:35.764+0100] {logging_mixin.py:188} INFO - [2026-05-09T16:29:35.764+0100] {dagbag.py:540} INFO - Filling up the DagBag from /home/najma/airflow-venv/lib/python3.12/site-packages/airflow/example_dags/example_latest_only.py
[2026-05-09T16:29:35.772+0100] {processor.py:840} INFO - DAG(s) 'latest_only' retrieved from /home/najma/airflow-venv/lib/python3.12/site-packages/airflow/example_dags/example_latest_only.py
[2026-05-09T16:29:35.817+0100] {logging_mixin.py:188} INFO - [2026-05-09T16:29:35.817+0100] {dag.py:3096} INFO - Sync 1 DAGs
[2026-05-09T16:29:35.854+0100] {logging_mixin.py:188} INFO - [2026-05-09T16:29:35.854+0100] {dag.py:3954} INFO - Setting next_dagrun for latest_only to 2026-05-09 08:00:00+00:00, run_after=2026-05-09 12:00:00+00:00
[2026-05-09T16:29:35.954+0100] {processor.py:183} INFO - Processing /home/najma/airflow-venv/lib/python3.12/site-packages/airflow/example_dags/example_latest_only.py took 0.202 seconds
[2026-05-09T16:30:10.973+0100] {processor.py:161} INFO - Started process (PID=22507) to work on /home/najma/airflow-venv/lib/python3.12/site-packages/airflow/example_dags/example_latest_only.py
[2026-05-09T16:30:10.975+0100] {processor.py:830} INFO - Processing file /home/najma/airflow-venv/lib/python3.12/site-packages/airflow/example_dags/example_latest_only.py for tasks to queue
[2026-05-09T16:30:10.976+0100] {logging_mixin.py:188} INFO - [2026-05-09T16:30:10.976+0100] {dagbag.py:540} INFO - Filling up the DagBag from /home/najma/airflow-venv/lib/python3.12/site-packages/airflow/example_dags/example_latest_only.py
[2026-05-09T16:30:10.980+0100] {processor.py:840} INFO - DAG(s) 'latest_only' retrieved from /home/najma/airflow-venv/lib/python3.12/site-packages/airflow/example_dags/example_latest_only.py
[2026-05-09T16:30:11.008+0100] {logging_mixin.py:188} INFO - [2026-05-09T16:30:11.008+0100] {dag.py:3096} INFO - Sync 1 DAGs
[2026-05-09T16:30:11.035+0100] {logging_mixin.py:188} INFO - [2026-05-09T16:30:11.035+0100] {dag.py:3954} INFO - Setting next_dagrun for latest_only to 2026-05-09 08:00:00+00:00, run_after=2026-05-09 12:00:00+00:00
[2026-05-09T16:30:11.124+0100] {processor.py:183} INFO - Processing /home/najma/airflow-venv/lib/python3.12/site-packages/airflow/example_dags/example_latest_only.py took 0.154 seconds
[2026-05-09T16:30:59.824+0100] {processor.py:161} INFO - Started process (PID=22584) to work on /home/najma/airflow-venv/lib/python3.12/site-packages/airflow/example_dags/example_latest_only.py
[2026-05-09T16:30:59.825+0100] {processor.py:830} INFO - Processing file /home/najma/airflow-venv/lib/python3.12/site-packages/airflow/example_dags/example_latest_only.py for tasks to queue
[2026-05-09T16:30:59.828+0100] {logging_mixin.py:188} INFO - [2026-05-09T16:30:59.827+0100] {dagbag.py:540} INFO - Filling up the DagBag from /home/najma/airflow-venv/lib/python3.12/site-packages/airflow/example_dags/example_latest_only.py
[2026-05-09T16:30:59.834+0100] {processor.py:840} INFO - DAG(s) 'latest_only' retrieved from /home/najma/airflow-venv/lib/python3.12/site-packages/airflow/example_dags/example_latest_only.py
[2026-05-09T16:30:59.873+0100] {logging_mixin.py:188} INFO - [2026-05-09T16:30:59.872+0100] {dag.py:3096} INFO - Sync 1 DAGs
[2026-05-09T16:30:59.908+0100] {logging_mixin.py:188} INFO - [2026-05-09T16:30:59.908+0100] {dag.py:3954} INFO - Setting next_dagrun for latest_only to 2026-05-09 08:00:00+00:00, run_after=2026-05-09 12:00:00+00:00
[2026-05-09T16:31:00.011+0100] {processor.py:183} INFO - Processing /home/najma/airflow-venv/lib/python3.12/site-packages/airflow/example_dags/example_latest_only.py took 0.193 seconds
[2026-05-09T16:31:28.947+0100] {processor.py:161} INFO - Started process (PID=22637) to work on /home/najma/airflow-venv/lib/python3.12/site-packages/airflow/example_dags/example_latest_only.py
[2026-05-09T16:31:28.948+0100] {processor.py:830} INFO - Processing file /home/najma/airflow-venv/lib/python3.12/site-packages/airflow/example_dags/example_latest_only.py for tasks to queue
[2026-05-09T16:31:28.950+0100] {logging_mixin.py:188} INFO - [2026-05-09T16:31:28.949+0100] {dagbag.py:540} INFO - Filling up the DagBag from /home/najma/airflow-venv/lib/python3.12/site-packages/airflow/example_dags/example_latest_only.py
[2026-05-09T16:31:28.957+0100] {processor.py:840} INFO - DAG(s) 'latest_only' retrieved from /home/najma/airflow-venv/lib/python3.12/site-packages/airflow/example_dags/example_latest_only.py
[2026-05-09T16:31:28.991+0100] {logging_mixin.py:188} INFO - [2026-05-09T16:31:28.991+0100] {dag.py:3096} INFO - Sync 1 DAGs
[2026-05-09T16:31:29.019+0100] {logging_mixin.py:188} INFO - [2026-05-09T16:31:29.018+0100] {dag.py:3954} INFO - Setting next_dagrun for latest_only to 2026-05-09 08:00:00+00:00, run_after=2026-05-09 12:00:00+00:00
[2026-05-09T16:31:29.099+0100] {processor.py:183} INFO - Processing /home/najma/airflow-venv/lib/python3.12/site-packages/airflow/example_dags/example_latest_only.py took 0.157 seconds
[2026-05-09T16:32:15.713+0100] {processor.py:161} INFO - Started process (PID=22714) to work on /home/najma/airflow-venv/lib/python3.12/site-packages/airflow/example_dags/example_latest_only.py
[2026-05-09T16:32:15.714+0100] {processor.py:830} INFO - Processing file /home/najma/airflow-venv/lib/python3.12/site-packages/airflow/example_dags/example_latest_only.py for tasks to queue
[2026-05-09T16:32:15.716+0100] {logging_mixin.py:188} INFO - [2026-05-09T16:32:15.716+0100] {dagbag.py:540} INFO - Filling up the DagBag from /home/najma/airflow-venv/lib/python3.12/site-packages/airflow/example_dags/example_latest_only.py
[2026-05-09T16:32:15.720+0100] {processor.py:840} INFO - DAG(s) 'latest_only' retrieved from /home/najma/airflow-venv/lib/python3.12/site-packages/airflow/example_dags/example_latest_only.py
[2026-05-09T16:32:15.749+0100] {logging_mixin.py:188} INFO - [2026-05-09T16:32:15.749+0100] {dag.py:3096} INFO - Sync 1 DAGs
[2026-05-09T16:32:15.778+0100] {logging_mixin.py:188} INFO - [2026-05-09T16:32:15.777+0100] {dag.py:3954} INFO - Setting next_dagrun for latest_only to 2026-05-09 08:00:00+00:00, run_after=2026-05-09 12:00:00+00:00
[2026-05-09T16:32:15.914+0100] {processor.py:183} INFO - Processing /home/najma/airflow-venv/lib/python3.12/site-packages/airflow/example_dags/example_latest_only.py took 0.206 seconds
[2026-05-09T16:32:45.401+0100] {processor.py:161} INFO - Started process (PID=22761) to work on /home/najma/airflow-venv/lib/python3.12/site-packages/airflow/example_dags/example_latest_only.py
[2026-05-09T16:32:45.404+0100] {processor.py:830} INFO - Processing file /home/najma/airflow-venv/lib/python3.12/site-packages/airflow/example_dags/example_latest_only.py for tasks to queue
[2026-05-09T16:32:45.407+0100] {logging_mixin.py:188} INFO - [2026-05-09T16:32:45.406+0100] {dagbag.py:540} INFO - Filling up the DagBag from /home/najma/airflow-venv/lib/python3.12/site-packages/airflow/example_dags/example_latest_only.py
[2026-05-09T16:32:45.421+0100] {processor.py:840} INFO - DAG(s) 'latest_only' retrieved from /home/najma/airflow-venv/lib/python3.12/site-packages/airflow/example_dags/example_latest_only.py
[2026-05-09T16:32:45.507+0100] {logging_mixin.py:188} INFO - [2026-05-09T16:32:45.506+0100] {dag.py:3096} INFO - Sync 1 DAGs
[2026-05-09T16:32:45.553+0100] {logging_mixin.py:188} INFO - [2026-05-09T16:32:45.552+0100] {dag.py:3954} INFO - Setting next_dagrun for latest_only to 2026-05-09 08:00:00+00:00, run_after=2026-05-09 12:00:00+00:00
[2026-05-09T16:32:45.694+0100] {processor.py:183} INFO - Processing /home/najma/airflow-venv/lib/python3.12/site-packages/airflow/example_dags/example_latest_only.py took 0.299 seconds
[2026-05-09T16:33:57.482+0100] {processor.py:161} INFO - Started process (PID=22860) to work on /home/najma/airflow-venv/lib/python3.12/site-packages/airflow/example_dags/example_latest_only.py
[2026-05-09T16:33:57.498+0100] {processor.py:830} INFO - Processing file /home/najma/airflow-venv/lib/python3.12/site-packages/airflow/example_dags/example_latest_only.py for tasks to queue
[2026-05-09T16:33:57.500+0100] {logging_mixin.py:188} INFO - [2026-05-09T16:33:57.499+0100] {dagbag.py:540} INFO - Filling up the DagBag from /home/najma/airflow-venv/lib/python3.12/site-packages/airflow/example_dags/example_latest_only.py
[2026-05-09T16:33:57.504+0100] {processor.py:840} INFO - DAG(s) 'latest_only' retrieved from /home/najma/airflow-venv/lib/python3.12/site-packages/airflow/example_dags/example_latest_only.py
[2026-05-09T16:33:57.532+0100] {logging_mixin.py:188} INFO - [2026-05-09T16:33:57.531+0100] {dag.py:3096} INFO - Sync 1 DAGs
[2026-05-09T16:33:57.560+0100] {logging_mixin.py:188} INFO - [2026-05-09T16:33:57.560+0100] {dag.py:3954} INFO - Setting next_dagrun for latest_only to 2026-05-09 08:00:00+00:00, run_after=2026-05-09 12:00:00+00:00
[2026-05-09T16:33:57.651+0100] {processor.py:183} INFO - Processing /home/najma/airflow-venv/lib/python3.12/site-packages/airflow/example_dags/example_latest_only.py took 0.174 seconds
[2026-05-09T16:34:23.896+0100] {processor.py:161} INFO - Started process (PID=22904) to work on /home/najma/airflow-venv/lib/python3.12/site-packages/airflow/example_dags/example_latest_only.py
[2026-05-09T16:34:23.898+0100] {processor.py:830} INFO - Processing file /home/najma/airflow-venv/lib/python3.12/site-packages/airflow/example_dags/example_latest_only.py for tasks to queue
[2026-05-09T16:34:23.902+0100] {logging_mixin.py:188} INFO - [2026-05-09T16:34:23.901+0100] {dagbag.py:540} INFO - Filling up the DagBag from /home/najma/airflow-venv/lib/python3.12/site-packages/airflow/example_dags/example_latest_only.py
[2026-05-09T16:34:23.910+0100] {processor.py:840} INFO - DAG(s) 'latest_only' retrieved from /home/najma/airflow-venv/lib/python3.12/site-packages/airflow/example_dags/example_latest_only.py
[2026-05-09T16:34:23.950+0100] {logging_mixin.py:188} INFO - [2026-05-09T16:34:23.949+0100] {dag.py:3096} INFO - Sync 1 DAGs
[2026-05-09T16:34:23.976+0100] {logging_mixin.py:188} INFO - [2026-05-09T16:34:23.976+0100] {dag.py:3954} INFO - Setting next_dagrun for latest_only to 2026-05-09 08:00:00+00:00, run_after=2026-05-09 12:00:00+00:00
[2026-05-09T16:34:24.078+0100] {processor.py:183} INFO - Processing /home/najma/airflow-venv/lib/python3.12/site-packages/airflow/example_dags/example_latest_only.py took 0.190 seconds
[2026-05-09T16:35:20.260+0100] {processor.py:161} INFO - Started process (PID=23007) to work on /home/najma/airflow-venv/lib/python3.12/site-packages/airflow/example_dags/example_latest_only.py
[2026-05-09T16:35:20.261+0100] {processor.py:830} INFO - Processing file /home/najma/airflow-venv/lib/python3.12/site-packages/airflow/example_dags/example_latest_only.py for tasks to queue
[2026-05-09T16:35:20.263+0100] {logging_mixin.py:188} INFO - [2026-05-09T16:35:20.263+0100] {dagbag.py:540} INFO - Filling up the DagBag from /home/najma/airflow-venv/lib/python3.12/site-packages/airflow/example_dags/example_latest_only.py
[2026-05-09T16:35:20.268+0100] {processor.py:840} INFO - DAG(s) 'latest_only' retrieved from /home/najma/airflow-venv/lib/python3.12/site-packages/airflow/example_dags/example_latest_only.py
[2026-05-09T16:35:20.315+0100] {logging_mixin.py:188} INFO - [2026-05-09T16:35:20.315+0100] {dag.py:3096} INFO - Sync 1 DAGs
[2026-05-09T16:35:20.344+0100] {logging_mixin.py:188} INFO - [2026-05-09T16:35:20.344+0100] {dag.py:3954} INFO - Setting next_dagrun for latest_only to 2026-05-09 08:00:00+00:00, run_after=2026-05-09 12:00:00+00:00
[2026-05-09T16:35:20.451+0100] {processor.py:183} INFO - Processing /home/najma/airflow-venv/lib/python3.12/site-packages/airflow/example_dags/example_latest_only.py took 0.195 seconds
[2026-05-09T16:35:41.527+0100] {processor.py:161} INFO - Started process (PID=23040) to work on /home/najma/airflow-venv/lib/python3.12/site-packages/airflow/example_dags/example_latest_only.py
[2026-05-09T16:35:41.529+0100] {processor.py:830} INFO - Processing file /home/najma/airflow-venv/lib/python3.12/site-packages/airflow/example_dags/example_latest_only.py for tasks to queue
[2026-05-09T16:35:41.532+0100] {logging_mixin.py:188} INFO - [2026-05-09T16:35:41.531+0100] {dagbag.py:540} INFO - Filling up the DagBag from /home/najma/airflow-venv/lib/python3.12/site-packages/airflow/example_dags/example_latest_only.py
[2026-05-09T16:35:41.536+0100] {processor.py:840} INFO - DAG(s) 'latest_only' retrieved from /home/najma/airflow-venv/lib/python3.12/site-packages/airflow/example_dags/example_latest_only.py
[2026-05-09T16:35:41.567+0100] {logging_mixin.py:188} INFO - [2026-05-09T16:35:41.567+0100] {dag.py:3096} INFO - Sync 1 DAGs
[2026-05-09T16:35:41.598+0100] {logging_mixin.py:188} INFO - [2026-05-09T16:35:41.598+0100] {dag.py:3954} INFO - Setting next_dagrun for latest_only to 2026-05-09 08:00:00+00:00, run_after=2026-05-09 12:00:00+00:00
[2026-05-09T16:35:41.721+0100] {processor.py:183} INFO - Processing /home/najma/airflow-venv/lib/python3.12/site-packages/airflow/example_dags/example_latest_only.py took 0.198 seconds
[2026-05-09T16:36:43.813+0100] {processor.py:161} INFO - Started process (PID=23137) to work on /home/najma/airflow-venv/lib/python3.12/site-packages/airflow/example_dags/example_latest_only.py
[2026-05-09T16:36:43.828+0100] {processor.py:830} INFO - Processing file /home/najma/airflow-venv/lib/python3.12/site-packages/airflow/example_dags/example_latest_only.py for tasks to queue
[2026-05-09T16:36:43.830+0100] {logging_mixin.py:188} INFO - [2026-05-09T16:36:43.830+0100] {dagbag.py:540} INFO - Filling up the DagBag from /home/najma/airflow-venv/lib/python3.12/site-packages/airflow/example_dags/example_latest_only.py
[2026-05-09T16:36:43.835+0100] {processor.py:840} INFO - DAG(s) 'latest_only' retrieved from /home/najma/airflow-venv/lib/python3.12/site-packages/airflow/example_dags/example_latest_only.py
[2026-05-09T16:36:43.867+0100] {logging_mixin.py:188} INFO - [2026-05-09T16:36:43.866+0100] {dag.py:3096} INFO - Sync 1 DAGs
[2026-05-09T16:36:43.897+0100] {logging_mixin.py:188} INFO - [2026-05-09T16:36:43.897+0100] {dag.py:3954} INFO - Setting next_dagrun for latest_only to 2026-05-09 08:00:00+00:00, run_after=2026-05-09 12:00:00+00:00
[2026-05-09T16:36:44.006+0100] {processor.py:183} INFO - Processing /home/najma/airflow-venv/lib/python3.12/site-packages/airflow/example_dags/example_latest_only.py took 0.197 seconds
[2026-05-09T16:37:06.572+0100] {processor.py:161} INFO - Started process (PID=23166) to work on /home/najma/airflow-venv/lib/python3.12/site-packages/airflow/example_dags/example_latest_only.py
[2026-05-09T16:37:06.600+0100] {processor.py:830} INFO - Processing file /home/najma/airflow-venv/lib/python3.12/site-packages/airflow/example_dags/example_latest_only.py for tasks to queue
[2026-05-09T16:37:06.602+0100] {logging_mixin.py:188} INFO - [2026-05-09T16:37:06.602+0100] {dagbag.py:540} INFO - Filling up the DagBag from /home/najma/airflow-venv/lib/python3.12/site-packages/airflow/example_dags/example_latest_only.py
[2026-05-09T16:37:06.609+0100] {processor.py:840} INFO - DAG(s) 'latest_only' retrieved from /home/najma/airflow-venv/lib/python3.12/site-packages/airflow/example_dags/example_latest_only.py
[2026-05-09T16:37:06.990+0100] {logging_mixin.py:188} INFO - [2026-05-09T16:37:06.989+0100] {dag.py:3096} INFO - Sync 1 DAGs
[2026-05-09T16:37:07.023+0100] {logging_mixin.py:188} INFO - [2026-05-09T16:37:07.023+0100] {dag.py:3954} INFO - Setting next_dagrun for latest_only to 2026-05-09 08:00:00+00:00, run_after=2026-05-09 12:00:00+00:00
[2026-05-09T16:37:07.160+0100] {processor.py:183} INFO - Processing /home/najma/airflow-venv/lib/python3.12/site-packages/airflow/example_dags/example_latest_only.py took 0.592 seconds
[2026-05-09T16:38:16.867+0100] {processor.py:161} INFO - Started process (PID=23271) to work on /home/najma/airflow-venv/lib/python3.12/site-packages/airflow/example_dags/example_latest_only.py
[2026-05-09T16:38:16.872+0100] {processor.py:830} INFO - Processing file /home/najma/airflow-venv/lib/python3.12/site-packages/airflow/example_dags/example_latest_only.py for tasks to queue
[2026-05-09T16:38:16.874+0100] {logging_mixin.py:188} INFO - [2026-05-09T16:38:16.874+0100] {dagbag.py:540} INFO - Filling up the DagBag from /home/najma/airflow-venv/lib/python3.12/site-packages/airflow/example_dags/example_latest_only.py
[2026-05-09T16:38:16.883+0100] {processor.py:840} INFO - DAG(s) 'latest_only' retrieved from /home/najma/airflow-venv/lib/python3.12/site-packages/airflow/example_dags/example_latest_only.py
[2026-05-09T16:38:16.960+0100] {logging_mixin.py:188} INFO - [2026-05-09T16:38:16.959+0100] {dag.py:3096} INFO - Sync 1 DAGs
[2026-05-09T16:38:17.040+0100] {logging_mixin.py:188} INFO - [2026-05-09T16:38:17.039+0100] {dag.py:3954} INFO - Setting next_dagrun for latest_only to 2026-05-09 08:00:00+00:00, run_after=2026-05-09 12:00:00+00:00
[2026-05-09T16:38:17.230+0100] {processor.py:183} INFO - Processing /home/najma/airflow-venv/lib/python3.12/site-packages/airflow/example_dags/example_latest_only.py took 0.368 seconds
[2026-05-09T16:38:44.464+0100] {processor.py:161} INFO - Started process (PID=23304) to work on /home/najma/airflow-venv/lib/python3.12/site-packages/airflow/example_dags/example_latest_only.py
[2026-05-09T16:38:44.466+0100] {processor.py:830} INFO - Processing file /home/najma/airflow-venv/lib/python3.12/site-packages/airflow/example_dags/example_latest_only.py for tasks to queue
[2026-05-09T16:38:44.469+0100] {logging_mixin.py:188} INFO - [2026-05-09T16:38:44.469+0100] {dagbag.py:540} INFO - Filling up the DagBag from /home/najma/airflow-venv/lib/python3.12/site-packages/airflow/example_dags/example_latest_only.py
[2026-05-09T16:38:44.492+0100] {processor.py:840} INFO - DAG(s) 'latest_only' retrieved from /home/najma/airflow-venv/lib/python3.12/site-packages/airflow/example_dags/example_latest_only.py
[2026-05-09T16:38:44.557+0100] {logging_mixin.py:188} INFO - [2026-05-09T16:38:44.557+0100] {dag.py:3096} INFO - Sync 1 DAGs
[2026-05-09T16:38:44.611+0100] {logging_mixin.py:188} INFO - [2026-05-09T16:38:44.610+0100] {dag.py:3954} INFO - Setting next_dagrun for latest_only to 2026-05-09 08:00:00+00:00, run_after=2026-05-09 12:00:00+00:00
[2026-05-09T16:38:44.770+0100] {processor.py:183} INFO - Processing /home/najma/airflow-venv/lib/python3.12/site-packages/airflow/example_dags/example_latest_only.py took 0.312 seconds
[2026-05-09T16:40:08.424+0100] {processor.py:161} INFO - Started process (PID=23418) to work on /home/najma/airflow-venv/lib/python3.12/site-packages/airflow/example_dags/example_latest_only.py
[2026-05-09T16:40:08.426+0100] {processor.py:830} INFO - Processing file /home/najma/airflow-venv/lib/python3.12/site-packages/airflow/example_dags/example_latest_only.py for tasks to queue
[2026-05-09T16:40:08.429+0100] {logging_mixin.py:188} INFO - [2026-05-09T16:40:08.429+0100] {dagbag.py:540} INFO - Filling up the DagBag from /home/najma/airflow-venv/lib/python3.12/site-packages/airflow/example_dags/example_latest_only.py
[2026-05-09T16:40:08.436+0100] {processor.py:840} INFO - DAG(s) 'latest_only' retrieved from /home/najma/airflow-venv/lib/python3.12/site-packages/airflow/example_dags/example_latest_only.py
[2026-05-09T16:40:08.482+0100] {logging_mixin.py:188} INFO - [2026-05-09T16:40:08.482+0100] {dag.py:3096} INFO - Sync 1 DAGs
[2026-05-09T16:40:08.528+0100] {logging_mixin.py:188} INFO - [2026-05-09T16:40:08.528+0100] {dag.py:3954} INFO - Setting next_dagrun for latest_only to 2026-05-09 08:00:00+00:00, run_after=2026-05-09 12:00:00+00:00
[2026-05-09T16:40:08.732+0100] {processor.py:183} INFO - Processing /home/najma/airflow-venv/lib/python3.12/site-packages/airflow/example_dags/example_latest_only.py took 0.315 seconds
[2026-05-09T16:40:37.037+0100] {processor.py:161} INFO - Started process (PID=23459) to work on /home/najma/airflow-venv/lib/python3.12/site-packages/airflow/example_dags/example_latest_only.py
[2026-05-09T16:40:37.039+0100] {processor.py:830} INFO - Processing file /home/najma/airflow-venv/lib/python3.12/site-packages/airflow/example_dags/example_latest_only.py for tasks to queue
[2026-05-09T16:40:37.043+0100] {logging_mixin.py:188} INFO - [2026-05-09T16:40:37.043+0100] {dagbag.py:540} INFO - Filling up the DagBag from /home/najma/airflow-venv/lib/python3.12/site-packages/airflow/example_dags/example_latest_only.py
[2026-05-09T16:40:37.052+0100] {processor.py:840} INFO - DAG(s) 'latest_only' retrieved from /home/najma/airflow-venv/lib/python3.12/site-packages/airflow/example_dags/example_latest_only.py
[2026-05-09T16:40:37.114+0100] {logging_mixin.py:188} INFO - [2026-05-09T16:40:37.114+0100] {dag.py:3096} INFO - Sync 1 DAGs
[2026-05-09T16:40:37.177+0100] {logging_mixin.py:188} INFO - [2026-05-09T16:40:37.177+0100] {dag.py:3954} INFO - Setting next_dagrun for latest_only to 2026-05-09 08:00:00+00:00, run_after=2026-05-09 12:00:00+00:00
[2026-05-09T16:40:37.405+0100] {processor.py:183} INFO - Processing /home/najma/airflow-venv/lib/python3.12/site-packages/airflow/example_dags/example_latest_only.py took 0.375 seconds
[2026-05-09T16:41:54.018+0100] {processor.py:161} INFO - Started process (PID=23560) to work on /home/najma/airflow-venv/lib/python3.12/site-packages/airflow/example_dags/example_latest_only.py
[2026-05-09T16:41:54.020+0100] {processor.py:830} INFO - Processing file /home/najma/airflow-venv/lib/python3.12/site-packages/airflow/example_dags/example_latest_only.py for tasks to queue
[2026-05-09T16:41:54.023+0100] {logging_mixin.py:188} INFO - [2026-05-09T16:41:54.022+0100] {dagbag.py:540} INFO - Filling up the DagBag from /home/najma/airflow-venv/lib/python3.12/site-packages/airflow/example_dags/example_latest_only.py
[2026-05-09T16:41:54.030+0100] {processor.py:840} INFO - DAG(s) 'latest_only' retrieved from /home/najma/airflow-venv/lib/python3.12/site-packages/airflow/example_dags/example_latest_only.py
[2026-05-09T16:41:54.078+0100] {logging_mixin.py:188} INFO - [2026-05-09T16:41:54.078+0100] {dag.py:3096} INFO - Sync 1 DAGs
[2026-05-09T16:41:54.127+0100] {logging_mixin.py:188} INFO - [2026-05-09T16:41:54.126+0100] {dag.py:3954} INFO - Setting next_dagrun for latest_only to 2026-05-09 08:00:00+00:00, run_after=2026-05-09 12:00:00+00:00
[2026-05-09T16:41:54.355+0100] {processor.py:183} INFO - Processing /home/najma/airflow-venv/lib/python3.12/site-packages/airflow/example_dags/example_latest_only.py took 0.346 seconds
[2026-05-09T16:42:25.730+0100] {processor.py:161} INFO - Started process (PID=23606) to work on /home/najma/airflow-venv/lib/python3.12/site-packages/airflow/example_dags/example_latest_only.py
[2026-05-09T16:42:25.732+0100] {processor.py:830} INFO - Processing file /home/najma/airflow-venv/lib/python3.12/site-packages/airflow/example_dags/example_latest_only.py for tasks to queue
[2026-05-09T16:42:25.736+0100] {logging_mixin.py:188} INFO - [2026-05-09T16:42:25.735+0100] {dagbag.py:540} INFO - Filling up the DagBag from /home/najma/airflow-venv/lib/python3.12/site-packages/airflow/example_dags/example_latest_only.py
[2026-05-09T16:42:25.752+0100] {processor.py:840} INFO - DAG(s) 'latest_only' retrieved from /home/najma/airflow-venv/lib/python3.12/site-packages/airflow/example_dags/example_latest_only.py
[2026-05-09T16:42:25.857+0100] {logging_mixin.py:188} INFO - [2026-05-09T16:42:25.857+0100] {dag.py:3096} INFO - Sync 1 DAGs
[2026-05-09T16:42:25.925+0100] {logging_mixin.py:188} INFO - [2026-05-09T16:42:25.925+0100] {dag.py:3954} INFO - Setting next_dagrun for latest_only to 2026-05-09 08:00:00+00:00, run_after=2026-05-09 12:00:00+00:00
[2026-05-09T16:42:26.055+0100] {processor.py:183} INFO - Processing /home/najma/airflow-venv/lib/python3.12/site-packages/airflow/example_dags/example_latest_only.py took 0.335 seconds
[2026-05-09T16:43:47.420+0100] {processor.py:161} INFO - Started process (PID=23705) to work on /home/najma/airflow-venv/lib/python3.12/site-packages/airflow/example_dags/example_latest_only.py
[2026-05-09T16:43:47.423+0100] {processor.py:830} INFO - Processing file /home/najma/airflow-venv/lib/python3.12/site-packages/airflow/example_dags/example_latest_only.py for tasks to queue
[2026-05-09T16:43:47.426+0100] {logging_mixin.py:188} INFO - [2026-05-09T16:43:47.425+0100] {dagbag.py:540} INFO - Filling up the DagBag from /home/najma/airflow-venv/lib/python3.12/site-packages/airflow/example_dags/example_latest_only.py
[2026-05-09T16:43:47.435+0100] {processor.py:840} INFO - DAG(s) 'latest_only' retrieved from /home/najma/airflow-venv/lib/python3.12/site-packages/airflow/example_dags/example_latest_only.py
[2026-05-09T16:43:47.489+0100] {logging_mixin.py:188} INFO - [2026-05-09T16:43:47.489+0100] {dag.py:3096} INFO - Sync 1 DAGs
[2026-05-09T16:43:47.540+0100] {logging_mixin.py:188} INFO - [2026-05-09T16:43:47.540+0100] {dag.py:3954} INFO - Setting next_dagrun for latest_only to 2026-05-09 08:00:00+00:00, run_after=2026-05-09 12:00:00+00:00
[2026-05-09T16:43:47.706+0100] {processor.py:183} INFO - Processing /home/najma/airflow-venv/lib/python3.12/site-packages/airflow/example_dags/example_latest_only.py took 0.295 seconds
[2026-05-09T16:44:31.718+0100] {processor.py:161} INFO - Started process (PID=23767) to work on /home/najma/airflow-venv/lib/python3.12/site-packages/airflow/example_dags/example_latest_only.py
[2026-05-09T16:44:31.720+0100] {processor.py:830} INFO - Processing file /home/najma/airflow-venv/lib/python3.12/site-packages/airflow/example_dags/example_latest_only.py for tasks to queue
[2026-05-09T16:44:31.723+0100] {logging_mixin.py:188} INFO - [2026-05-09T16:44:31.723+0100] {dagbag.py:540} INFO - Filling up the DagBag from /home/najma/airflow-venv/lib/python3.12/site-packages/airflow/example_dags/example_latest_only.py
[2026-05-09T16:44:31.730+0100] {processor.py:840} INFO - DAG(s) 'latest_only' retrieved from /home/najma/airflow-venv/lib/python3.12/site-packages/airflow/example_dags/example_latest_only.py
[2026-05-09T16:44:31.784+0100] {logging_mixin.py:188} INFO - [2026-05-09T16:44:31.783+0100] {dag.py:3096} INFO - Sync 1 DAGs
[2026-05-09T16:44:31.827+0100] {logging_mixin.py:188} INFO - [2026-05-09T16:44:31.827+0100] {dag.py:3954} INFO - Setting next_dagrun for latest_only to 2026-05-09 08:00:00+00:00, run_after=2026-05-09 12:00:00+00:00
[2026-05-09T16:44:31.985+0100] {processor.py:183} INFO - Processing /home/najma/airflow-venv/lib/python3.12/site-packages/airflow/example_dags/example_latest_only.py took 0.275 seconds
[2026-05-09T16:45:32.705+0100] {processor.py:161} INFO - Started process (PID=23847) to work on /home/najma/airflow-venv/lib/python3.12/site-packages/airflow/example_dags/example_latest_only.py
[2026-05-09T16:45:32.707+0100] {processor.py:830} INFO - Processing file /home/najma/airflow-venv/lib/python3.12/site-packages/airflow/example_dags/example_latest_only.py for tasks to queue
[2026-05-09T16:45:32.711+0100] {logging_mixin.py:188} INFO - [2026-05-09T16:45:32.710+0100] {dagbag.py:540} INFO - Filling up the DagBag from /home/najma/airflow-venv/lib/python3.12/site-packages/airflow/example_dags/example_latest_only.py
[2026-05-09T16:45:32.718+0100] {processor.py:840} INFO - DAG(s) 'latest_only' retrieved from /home/najma/airflow-venv/lib/python3.12/site-packages/airflow/example_dags/example_latest_only.py
[2026-05-09T16:45:32.766+0100] {logging_mixin.py:188} INFO - [2026-05-09T16:45:32.766+0100] {dag.py:3096} INFO - Sync 1 DAGs
[2026-05-09T16:45:32.811+0100] {logging_mixin.py:188} INFO - [2026-05-09T16:45:32.810+0100] {dag.py:3954} INFO - Setting next_dagrun for latest_only to 2026-05-09 08:00:00+00:00, run_after=2026-05-09 12:00:00+00:00
[2026-05-09T16:45:32.958+0100] {processor.py:183} INFO - Processing /home/najma/airflow-venv/lib/python3.12/site-packages/airflow/example_dags/example_latest_only.py took 0.260 seconds
[2026-05-09T16:46:30.766+0100] {processor.py:161} INFO - Started process (PID=23921) to work on /home/najma/airflow-venv/lib/python3.12/site-packages/airflow/example_dags/example_latest_only.py
[2026-05-09T16:46:30.768+0100] {processor.py:830} INFO - Processing file /home/najma/airflow-venv/lib/python3.12/site-packages/airflow/example_dags/example_latest_only.py for tasks to queue
[2026-05-09T16:46:30.778+0100] {logging_mixin.py:188} INFO - [2026-05-09T16:46:30.777+0100] {dagbag.py:540} INFO - Filling up the DagBag from /home/najma/airflow-venv/lib/python3.12/site-packages/airflow/example_dags/example_latest_only.py
[2026-05-09T16:46:30.786+0100] {processor.py:840} INFO - DAG(s) 'latest_only' retrieved from /home/najma/airflow-venv/lib/python3.12/site-packages/airflow/example_dags/example_latest_only.py
[2026-05-09T16:46:30.956+0100] {logging_mixin.py:188} INFO - [2026-05-09T16:46:30.956+0100] {dag.py:3096} INFO - Sync 1 DAGs
[2026-05-09T16:46:31.069+0100] {logging_mixin.py:188} INFO - [2026-05-09T16:46:31.065+0100] {dag.py:3954} INFO - Setting next_dagrun for latest_only to 2026-05-09 08:00:00+00:00, run_after=2026-05-09 12:00:00+00:00
[2026-05-09T16:46:31.269+0100] {processor.py:183} INFO - Processing /home/najma/airflow-venv/lib/python3.12/site-packages/airflow/example_dags/example_latest_only.py took 0.510 seconds
[2026-05-09T16:47:43.759+0100] {processor.py:161} INFO - Started process (PID=23999) to work on /home/najma/airflow-venv/lib/python3.12/site-packages/airflow/example_dags/example_latest_only.py
[2026-05-09T16:47:43.773+0100] {processor.py:830} INFO - Processing file /home/najma/airflow-venv/lib/python3.12/site-packages/airflow/example_dags/example_latest_only.py for tasks to queue
[2026-05-09T16:47:43.777+0100] {logging_mixin.py:188} INFO - [2026-05-09T16:47:43.776+0100] {dagbag.py:540} INFO - Filling up the DagBag from /home/najma/airflow-venv/lib/python3.12/site-packages/airflow/example_dags/example_latest_only.py
[2026-05-09T16:47:43.784+0100] {processor.py:840} INFO - DAG(s) 'latest_only' retrieved from /home/najma/airflow-venv/lib/python3.12/site-packages/airflow/example_dags/example_latest_only.py
[2026-05-09T16:47:43.836+0100] {logging_mixin.py:188} INFO - [2026-05-09T16:47:43.835+0100] {dag.py:3096} INFO - Sync 1 DAGs
[2026-05-09T16:47:43.884+0100] {logging_mixin.py:188} INFO - [2026-05-09T16:47:43.884+0100] {dag.py:3954} INFO - Setting next_dagrun for latest_only to 2026-05-09 08:00:00+00:00, run_after=2026-05-09 12:00:00+00:00
[2026-05-09T16:47:44.040+0100] {processor.py:183} INFO - Processing /home/najma/airflow-venv/lib/python3.12/site-packages/airflow/example_dags/example_latest_only.py took 0.289 seconds
[2026-05-09T16:48:49.992+0100] {processor.py:161} INFO - Started process (PID=24080) to work on /home/najma/airflow-venv/lib/python3.12/site-packages/airflow/example_dags/example_latest_only.py
[2026-05-09T16:48:49.994+0100] {processor.py:830} INFO - Processing file /home/najma/airflow-venv/lib/python3.12/site-packages/airflow/example_dags/example_latest_only.py for tasks to queue
[2026-05-09T16:48:50.003+0100] {logging_mixin.py:188} INFO - [2026-05-09T16:48:50.001+0100] {dagbag.py:540} INFO - Filling up the DagBag from /home/najma/airflow-venv/lib/python3.12/site-packages/airflow/example_dags/example_latest_only.py
[2026-05-09T16:48:50.010+0100] {processor.py:840} INFO - DAG(s) 'latest_only' retrieved from /home/najma/airflow-venv/lib/python3.12/site-packages/airflow/example_dags/example_latest_only.py
[2026-05-09T16:48:50.071+0100] {logging_mixin.py:188} INFO - [2026-05-09T16:48:50.071+0100] {dag.py:3096} INFO - Sync 1 DAGs
[2026-05-09T16:48:50.125+0100] {logging_mixin.py:188} INFO - [2026-05-09T16:48:50.125+0100] {dag.py:3954} INFO - Setting next_dagrun for latest_only to 2026-05-09 08:00:00+00:00, run_after=2026-05-09 12:00:00+00:00
[2026-05-09T16:48:50.377+0100] {processor.py:183} INFO - Processing /home/najma/airflow-venv/lib/python3.12/site-packages/airflow/example_dags/example_latest_only.py took 0.394 seconds
[2026-05-09T16:50:05.682+0100] {processor.py:161} INFO - Started process (PID=24157) to work on /home/najma/airflow-venv/lib/python3.12/site-packages/airflow/example_dags/example_latest_only.py
[2026-05-09T16:50:05.693+0100] {processor.py:830} INFO - Processing file /home/najma/airflow-venv/lib/python3.12/site-packages/airflow/example_dags/example_latest_only.py for tasks to queue
[2026-05-09T16:50:05.696+0100] {logging_mixin.py:188} INFO - [2026-05-09T16:50:05.695+0100] {dagbag.py:540} INFO - Filling up the DagBag from /home/najma/airflow-venv/lib/python3.12/site-packages/airflow/example_dags/example_latest_only.py
[2026-05-09T16:50:05.712+0100] {processor.py:840} INFO - DAG(s) 'latest_only' retrieved from /home/najma/airflow-venv/lib/python3.12/site-packages/airflow/example_dags/example_latest_only.py
[2026-05-09T16:50:05.790+0100] {logging_mixin.py:188} INFO - [2026-05-09T16:50:05.789+0100] {dag.py:3096} INFO - Sync 1 DAGs
[2026-05-09T16:50:05.909+0100] {logging_mixin.py:188} INFO - [2026-05-09T16:50:05.908+0100] {dag.py:3954} INFO - Setting next_dagrun for latest_only to 2026-05-09 08:00:00+00:00, run_after=2026-05-09 12:00:00+00:00
[2026-05-09T16:50:06.091+0100] {processor.py:183} INFO - Processing /home/najma/airflow-venv/lib/python3.12/site-packages/airflow/example_dags/example_latest_only.py took 0.417 seconds
[2026-05-09T16:51:03.039+0100] {processor.py:161} INFO - Started process (PID=24232) to work on /home/najma/airflow-venv/lib/python3.12/site-packages/airflow/example_dags/example_latest_only.py
[2026-05-09T16:51:03.040+0100] {processor.py:830} INFO - Processing file /home/najma/airflow-venv/lib/python3.12/site-packages/airflow/example_dags/example_latest_only.py for tasks to queue
[2026-05-09T16:51:03.043+0100] {logging_mixin.py:188} INFO - [2026-05-09T16:51:03.043+0100] {dagbag.py:540} INFO - Filling up the DagBag from /home/najma/airflow-venv/lib/python3.12/site-packages/airflow/example_dags/example_latest_only.py
[2026-05-09T16:51:03.059+0100] {processor.py:840} INFO - DAG(s) 'latest_only' retrieved from /home/najma/airflow-venv/lib/python3.12/site-packages/airflow/example_dags/example_latest_only.py
[2026-05-09T16:51:03.128+0100] {logging_mixin.py:188} INFO - [2026-05-09T16:51:03.128+0100] {dag.py:3096} INFO - Sync 1 DAGs
[2026-05-09T16:51:03.195+0100] {logging_mixin.py:188} INFO - [2026-05-09T16:51:03.195+0100] {dag.py:3954} INFO - Setting next_dagrun for latest_only to 2026-05-09 08:00:00+00:00, run_after=2026-05-09 12:00:00+00:00
[2026-05-09T16:51:03.377+0100] {processor.py:183} INFO - Processing /home/najma/airflow-venv/lib/python3.12/site-packages/airflow/example_dags/example_latest_only.py took 0.349 seconds
[2026-05-09T16:52:15.000+0100] {processor.py:161} INFO - Started process (PID=24314) to work on /home/najma/airflow-venv/lib/python3.12/site-packages/airflow/example_dags/example_latest_only.py
[2026-05-09T16:52:15.002+0100] {processor.py:830} INFO - Processing file /home/najma/airflow-venv/lib/python3.12/site-packages/airflow/example_dags/example_latest_only.py for tasks to queue
[2026-05-09T16:52:15.005+0100] {logging_mixin.py:188} INFO - [2026-05-09T16:52:15.004+0100] {dagbag.py:540} INFO - Filling up the DagBag from /home/najma/airflow-venv/lib/python3.12/site-packages/airflow/example_dags/example_latest_only.py
[2026-05-09T16:52:15.013+0100] {processor.py:840} INFO - DAG(s) 'latest_only' retrieved from /home/najma/airflow-venv/lib/python3.12/site-packages/airflow/example_dags/example_latest_only.py
[2026-05-09T16:52:15.064+0100] {logging_mixin.py:188} INFO - [2026-05-09T16:52:15.064+0100] {dag.py:3096} INFO - Sync 1 DAGs
[2026-05-09T16:52:15.119+0100] {logging_mixin.py:188} INFO - [2026-05-09T16:52:15.119+0100] {dag.py:3954} INFO - Setting next_dagrun for latest_only to 2026-05-09 08:00:00+00:00, run_after=2026-05-09 12:00:00+00:00
[2026-05-09T16:52:15.509+0100] {processor.py:183} INFO - Processing /home/najma/airflow-venv/lib/python3.12/site-packages/airflow/example_dags/example_latest_only.py took 0.518 seconds
[2026-05-09T16:53:39.243+0100] {processor.py:161} INFO - Started process (PID=24395) to work on /home/najma/airflow-venv/lib/python3.12/site-packages/airflow/example_dags/example_latest_only.py
[2026-05-09T16:53:39.249+0100] {processor.py:830} INFO - Processing file /home/najma/airflow-venv/lib/python3.12/site-packages/airflow/example_dags/example_latest_only.py for tasks to queue
[2026-05-09T16:53:39.262+0100] {logging_mixin.py:188} INFO - [2026-05-09T16:53:39.259+0100] {dagbag.py:540} INFO - Filling up the DagBag from /home/najma/airflow-venv/lib/python3.12/site-packages/airflow/example_dags/example_latest_only.py
[2026-05-09T16:53:39.292+0100] {processor.py:840} INFO - DAG(s) 'latest_only' retrieved from /home/najma/airflow-venv/lib/python3.12/site-packages/airflow/example_dags/example_latest_only.py
[2026-05-09T16:53:39.413+0100] {logging_mixin.py:188} INFO - [2026-05-09T16:53:39.413+0100] {dag.py:3096} INFO - Sync 1 DAGs
[2026-05-09T16:53:39.520+0100] {logging_mixin.py:188} INFO - [2026-05-09T16:53:39.520+0100] {dag.py:3954} INFO - Setting next_dagrun for latest_only to 2026-05-09 08:00:00+00:00, run_after=2026-05-09 12:00:00+00:00
[2026-05-09T16:53:39.760+0100] {processor.py:183} INFO - Processing /home/najma/airflow-venv/lib/python3.12/site-packages/airflow/example_dags/example_latest_only.py took 0.536 seconds
[2026-05-09T16:56:01.307+0100] {processor.py:161} INFO - Started process (PID=24515) to work on /home/najma/airflow-venv/lib/python3.12/site-packages/airflow/example_dags/example_latest_only.py
[2026-05-09T16:56:01.313+0100] {processor.py:830} INFO - Processing file /home/najma/airflow-venv/lib/python3.12/site-packages/airflow/example_dags/example_latest_only.py for tasks to queue
[2026-05-09T16:56:01.319+0100] {logging_mixin.py:188} INFO - [2026-05-09T16:56:01.318+0100] {dagbag.py:540} INFO - Filling up the DagBag from /home/najma/airflow-venv/lib/python3.12/site-packages/airflow/example_dags/example_latest_only.py
[2026-05-09T16:56:01.339+0100] {processor.py:840} INFO - DAG(s) 'latest_only' retrieved from /home/najma/airflow-venv/lib/python3.12/site-packages/airflow/example_dags/example_latest_only.py
[2026-05-09T16:56:01.431+0100] {logging_mixin.py:188} INFO - [2026-05-09T16:56:01.430+0100] {dag.py:3096} INFO - Sync 1 DAGs
[2026-05-09T16:56:01.889+0100] {logging_mixin.py:188} INFO - [2026-05-09T16:56:01.889+0100] {dag.py:3954} INFO - Setting next_dagrun for latest_only to 2026-05-09 08:00:00+00:00, run_after=2026-05-09 12:00:00+00:00
[2026-05-09T16:56:02.400+0100] {processor.py:183} INFO - Processing /home/najma/airflow-venv/lib/python3.12/site-packages/airflow/example_dags/example_latest_only.py took 1.111 seconds
[2026-05-09T16:57:30.950+0100] {processor.py:161} INFO - Started process (PID=24602) to work on /home/najma/airflow-venv/lib/python3.12/site-packages/airflow/example_dags/example_latest_only.py
[2026-05-09T16:57:30.952+0100] {processor.py:830} INFO - Processing file /home/najma/airflow-venv/lib/python3.12/site-packages/airflow/example_dags/example_latest_only.py for tasks to queue
[2026-05-09T16:57:30.955+0100] {logging_mixin.py:188} INFO - [2026-05-09T16:57:30.954+0100] {dagbag.py:540} INFO - Filling up the DagBag from /home/najma/airflow-venv/lib/python3.12/site-packages/airflow/example_dags/example_latest_only.py
[2026-05-09T16:57:30.960+0100] {processor.py:840} INFO - DAG(s) 'latest_only' retrieved from /home/najma/airflow-venv/lib/python3.12/site-packages/airflow/example_dags/example_latest_only.py
[2026-05-09T16:57:30.992+0100] {logging_mixin.py:188} INFO - [2026-05-09T16:57:30.991+0100] {dag.py:3096} INFO - Sync 1 DAGs
[2026-05-09T16:57:31.020+0100] {logging_mixin.py:188} INFO - [2026-05-09T16:57:31.020+0100] {dag.py:3954} INFO - Setting next_dagrun for latest_only to 2026-05-09 08:00:00+00:00, run_after=2026-05-09 12:00:00+00:00
[2026-05-09T16:57:31.129+0100] {processor.py:183} INFO - Processing /home/najma/airflow-venv/lib/python3.12/site-packages/airflow/example_dags/example_latest_only.py took 0.183 seconds
[2026-05-09T16:58:55.782+0100] {processor.py:161} INFO - Started process (PID=24702) to work on /home/najma/airflow-venv/lib/python3.12/site-packages/airflow/example_dags/example_latest_only.py
[2026-05-09T16:58:55.784+0100] {processor.py:830} INFO - Processing file /home/najma/airflow-venv/lib/python3.12/site-packages/airflow/example_dags/example_latest_only.py for tasks to queue
[2026-05-09T16:58:55.786+0100] {logging_mixin.py:188} INFO - [2026-05-09T16:58:55.785+0100] {dagbag.py:540} INFO - Filling up the DagBag from /home/najma/airflow-venv/lib/python3.12/site-packages/airflow/example_dags/example_latest_only.py
[2026-05-09T16:58:55.790+0100] {processor.py:840} INFO - DAG(s) 'latest_only' retrieved from /home/najma/airflow-venv/lib/python3.12/site-packages/airflow/example_dags/example_latest_only.py
[2026-05-09T16:58:55.838+0100] {logging_mixin.py:188} INFO - [2026-05-09T16:58:55.838+0100] {dag.py:3096} INFO - Sync 1 DAGs
[2026-05-09T16:58:55.888+0100] {logging_mixin.py:188} INFO - [2026-05-09T16:58:55.887+0100] {dag.py:3954} INFO - Setting next_dagrun for latest_only to 2026-05-09 08:00:00+00:00, run_after=2026-05-09 12:00:00+00:00
[2026-05-09T16:58:55.996+0100] {processor.py:183} INFO - Processing /home/najma/airflow-venv/lib/python3.12/site-packages/airflow/example_dags/example_latest_only.py took 0.222 seconds
[2026-05-09T16:59:41.735+0100] {processor.py:161} INFO - Started process (PID=24782) to work on /home/najma/airflow-venv/lib/python3.12/site-packages/airflow/example_dags/example_latest_only.py
[2026-05-09T16:59:41.736+0100] {processor.py:830} INFO - Processing file /home/najma/airflow-venv/lib/python3.12/site-packages/airflow/example_dags/example_latest_only.py for tasks to queue
[2026-05-09T16:59:41.738+0100] {logging_mixin.py:188} INFO - [2026-05-09T16:59:41.738+0100] {dagbag.py:540} INFO - Filling up the DagBag from /home/najma/airflow-venv/lib/python3.12/site-packages/airflow/example_dags/example_latest_only.py
[2026-05-09T16:59:41.741+0100] {processor.py:840} INFO - DAG(s) 'latest_only' retrieved from /home/najma/airflow-venv/lib/python3.12/site-packages/airflow/example_dags/example_latest_only.py
[2026-05-09T16:59:41.772+0100] {logging_mixin.py:188} INFO - [2026-05-09T16:59:41.772+0100] {dag.py:3096} INFO - Sync 1 DAGs
[2026-05-09T16:59:41.808+0100] {logging_mixin.py:188} INFO - [2026-05-09T16:59:41.808+0100] {dag.py:3954} INFO - Setting next_dagrun for latest_only to 2026-05-09 08:00:00+00:00, run_after=2026-05-09 12:00:00+00:00
[2026-05-09T16:59:41.904+0100] {processor.py:183} INFO - Processing /home/najma/airflow-venv/lib/python3.12/site-packages/airflow/example_dags/example_latest_only.py took 0.173 seconds
[2026-05-09T17:00:15.186+0100] {processor.py:161} INFO - Started process (PID=24841) to work on /home/najma/airflow-venv/lib/python3.12/site-packages/airflow/example_dags/example_latest_only.py
[2026-05-09T17:00:15.187+0100] {processor.py:830} INFO - Processing file /home/najma/airflow-venv/lib/python3.12/site-packages/airflow/example_dags/example_latest_only.py for tasks to queue
[2026-05-09T17:00:15.188+0100] {logging_mixin.py:188} INFO - [2026-05-09T17:00:15.188+0100] {dagbag.py:540} INFO - Filling up the DagBag from /home/najma/airflow-venv/lib/python3.12/site-packages/airflow/example_dags/example_latest_only.py
[2026-05-09T17:00:15.192+0100] {processor.py:840} INFO - DAG(s) 'latest_only' retrieved from /home/najma/airflow-venv/lib/python3.12/site-packages/airflow/example_dags/example_latest_only.py
[2026-05-09T17:00:15.219+0100] {logging_mixin.py:188} INFO - [2026-05-09T17:00:15.219+0100] {dag.py:3096} INFO - Sync 1 DAGs
[2026-05-09T17:00:15.247+0100] {logging_mixin.py:188} INFO - [2026-05-09T17:00:15.247+0100] {dag.py:3954} INFO - Setting next_dagrun for latest_only to 2026-05-09 12:00:00+00:00, run_after=2026-05-09 16:00:00+00:00
[2026-05-09T17:00:15.363+0100] {processor.py:183} INFO - Processing /home/najma/airflow-venv/lib/python3.12/site-packages/airflow/example_dags/example_latest_only.py took 0.181 seconds
[2026-05-09T17:00:53.370+0100] {processor.py:161} INFO - Started process (PID=24909) to work on /home/najma/airflow-venv/lib/python3.12/site-packages/airflow/example_dags/example_latest_only.py
[2026-05-09T17:00:53.371+0100] {processor.py:830} INFO - Processing file /home/najma/airflow-venv/lib/python3.12/site-packages/airflow/example_dags/example_latest_only.py for tasks to queue
[2026-05-09T17:00:53.373+0100] {logging_mixin.py:188} INFO - [2026-05-09T17:00:53.373+0100] {dagbag.py:540} INFO - Filling up the DagBag from /home/najma/airflow-venv/lib/python3.12/site-packages/airflow/example_dags/example_latest_only.py
[2026-05-09T17:00:53.378+0100] {processor.py:840} INFO - DAG(s) 'latest_only' retrieved from /home/najma/airflow-venv/lib/python3.12/site-packages/airflow/example_dags/example_latest_only.py
[2026-05-09T17:00:53.406+0100] {logging_mixin.py:188} INFO - [2026-05-09T17:00:53.406+0100] {dag.py:3096} INFO - Sync 1 DAGs
[2026-05-09T17:00:53.435+0100] {logging_mixin.py:188} INFO - [2026-05-09T17:00:53.435+0100] {dag.py:3954} INFO - Setting next_dagrun for latest_only to 2026-05-09 12:00:00+00:00, run_after=2026-05-09 16:00:00+00:00
[2026-05-09T17:00:53.522+0100] {processor.py:183} INFO - Processing /home/najma/airflow-venv/lib/python3.12/site-packages/airflow/example_dags/example_latest_only.py took 0.156 seconds
[2026-05-09T17:01:23.002+0100] {processor.py:161} INFO - Started process (PID=24959) to work on /home/najma/airflow-venv/lib/python3.12/site-packages/airflow/example_dags/example_latest_only.py
[2026-05-09T17:01:23.004+0100] {processor.py:830} INFO - Processing file /home/najma/airflow-venv/lib/python3.12/site-packages/airflow/example_dags/example_latest_only.py for tasks to queue
[2026-05-09T17:01:23.006+0100] {logging_mixin.py:188} INFO - [2026-05-09T17:01:23.005+0100] {dagbag.py:540} INFO - Filling up the DagBag from /home/najma/airflow-venv/lib/python3.12/site-packages/airflow/example_dags/example_latest_only.py
[2026-05-09T17:01:23.009+0100] {processor.py:840} INFO - DAG(s) 'latest_only' retrieved from /home/najma/airflow-venv/lib/python3.12/site-packages/airflow/example_dags/example_latest_only.py
[2026-05-09T17:01:23.038+0100] {logging_mixin.py:188} INFO - [2026-05-09T17:01:23.038+0100] {dag.py:3096} INFO - Sync 1 DAGs
[2026-05-09T17:01:23.064+0100] {logging_mixin.py:188} INFO - [2026-05-09T17:01:23.064+0100] {dag.py:3954} INFO - Setting next_dagrun for latest_only to 2026-05-09 12:00:00+00:00, run_after=2026-05-09 16:00:00+00:00
[2026-05-09T17:01:23.148+0100] {processor.py:183} INFO - Processing /home/najma/airflow-venv/lib/python3.12/site-packages/airflow/example_dags/example_latest_only.py took 0.150 seconds
[2026-05-09T17:02:12.646+0100] {processor.py:161} INFO - Started process (PID=25034) to work on /home/najma/airflow-venv/lib/python3.12/site-packages/airflow/example_dags/example_latest_only.py
[2026-05-09T17:02:12.649+0100] {processor.py:830} INFO - Processing file /home/najma/airflow-venv/lib/python3.12/site-packages/airflow/example_dags/example_latest_only.py for tasks to queue
[2026-05-09T17:02:12.652+0100] {logging_mixin.py:188} INFO - [2026-05-09T17:02:12.652+0100] {dagbag.py:540} INFO - Filling up the DagBag from /home/najma/airflow-venv/lib/python3.12/site-packages/airflow/example_dags/example_latest_only.py
[2026-05-09T17:02:12.657+0100] {processor.py:840} INFO - DAG(s) 'latest_only' retrieved from /home/najma/airflow-venv/lib/python3.12/site-packages/airflow/example_dags/example_latest_only.py
[2026-05-09T17:02:12.694+0100] {logging_mixin.py:188} INFO - [2026-05-09T17:02:12.694+0100] {dag.py:3096} INFO - Sync 1 DAGs
[2026-05-09T17:02:12.722+0100] {logging_mixin.py:188} INFO - [2026-05-09T17:02:12.721+0100] {dag.py:3954} INFO - Setting next_dagrun for latest_only to 2026-05-09 12:00:00+00:00, run_after=2026-05-09 16:00:00+00:00
[2026-05-09T17:02:12.841+0100] {processor.py:183} INFO - Processing /home/najma/airflow-venv/lib/python3.12/site-packages/airflow/example_dags/example_latest_only.py took 0.200 seconds
[2026-05-09T17:02:56.428+0100] {processor.py:161} INFO - Started process (PID=25106) to work on /home/najma/airflow-venv/lib/python3.12/site-packages/airflow/example_dags/example_latest_only.py
[2026-05-09T17:02:56.429+0100] {processor.py:830} INFO - Processing file /home/najma/airflow-venv/lib/python3.12/site-packages/airflow/example_dags/example_latest_only.py for tasks to queue
[2026-05-09T17:02:56.431+0100] {logging_mixin.py:188} INFO - [2026-05-09T17:02:56.430+0100] {dagbag.py:540} INFO - Filling up the DagBag from /home/najma/airflow-venv/lib/python3.12/site-packages/airflow/example_dags/example_latest_only.py
[2026-05-09T17:02:56.435+0100] {processor.py:840} INFO - DAG(s) 'latest_only' retrieved from /home/najma/airflow-venv/lib/python3.12/site-packages/airflow/example_dags/example_latest_only.py
[2026-05-09T17:02:56.462+0100] {logging_mixin.py:188} INFO - [2026-05-09T17:02:56.461+0100] {dag.py:3096} INFO - Sync 1 DAGs
[2026-05-09T17:02:56.487+0100] {logging_mixin.py:188} INFO - [2026-05-09T17:02:56.487+0100] {dag.py:3954} INFO - Setting next_dagrun for latest_only to 2026-05-09 12:00:00+00:00, run_after=2026-05-09 16:00:00+00:00
[2026-05-09T17:02:56.569+0100] {processor.py:183} INFO - Processing /home/najma/airflow-venv/lib/python3.12/site-packages/airflow/example_dags/example_latest_only.py took 0.145 seconds
[2026-05-09T17:03:34.878+0100] {processor.py:161} INFO - Started process (PID=25170) to work on /home/najma/airflow-venv/lib/python3.12/site-packages/airflow/example_dags/example_latest_only.py
[2026-05-09T17:03:34.879+0100] {processor.py:830} INFO - Processing file /home/najma/airflow-venv/lib/python3.12/site-packages/airflow/example_dags/example_latest_only.py for tasks to queue
[2026-05-09T17:03:34.881+0100] {logging_mixin.py:188} INFO - [2026-05-09T17:03:34.881+0100] {dagbag.py:540} INFO - Filling up the DagBag from /home/najma/airflow-venv/lib/python3.12/site-packages/airflow/example_dags/example_latest_only.py
[2026-05-09T17:03:34.888+0100] {processor.py:840} INFO - DAG(s) 'latest_only' retrieved from /home/najma/airflow-venv/lib/python3.12/site-packages/airflow/example_dags/example_latest_only.py
[2026-05-09T17:03:34.948+0100] {logging_mixin.py:188} INFO - [2026-05-09T17:03:34.948+0100] {dag.py:3096} INFO - Sync 1 DAGs
[2026-05-09T17:03:35.002+0100] {logging_mixin.py:188} INFO - [2026-05-09T17:03:35.002+0100] {dag.py:3954} INFO - Setting next_dagrun for latest_only to 2026-05-09 12:00:00+00:00, run_after=2026-05-09 16:00:00+00:00
[2026-05-09T17:03:35.145+0100] {processor.py:183} INFO - Processing /home/najma/airflow-venv/lib/python3.12/site-packages/airflow/example_dags/example_latest_only.py took 0.273 seconds
[2026-05-09T17:04:20.782+0100] {processor.py:161} INFO - Started process (PID=25250) to work on /home/najma/airflow-venv/lib/python3.12/site-packages/airflow/example_dags/example_latest_only.py
[2026-05-09T17:04:20.784+0100] {processor.py:830} INFO - Processing file /home/najma/airflow-venv/lib/python3.12/site-packages/airflow/example_dags/example_latest_only.py for tasks to queue
[2026-05-09T17:04:20.786+0100] {logging_mixin.py:188} INFO - [2026-05-09T17:04:20.786+0100] {dagbag.py:540} INFO - Filling up the DagBag from /home/najma/airflow-venv/lib/python3.12/site-packages/airflow/example_dags/example_latest_only.py
[2026-05-09T17:04:20.790+0100] {processor.py:840} INFO - DAG(s) 'latest_only' retrieved from /home/najma/airflow-venv/lib/python3.12/site-packages/airflow/example_dags/example_latest_only.py
[2026-05-09T17:04:20.820+0100] {logging_mixin.py:188} INFO - [2026-05-09T17:04:20.819+0100] {dag.py:3096} INFO - Sync 1 DAGs
[2026-05-09T17:04:20.846+0100] {logging_mixin.py:188} INFO - [2026-05-09T17:04:20.846+0100] {dag.py:3954} INFO - Setting next_dagrun for latest_only to 2026-05-09 12:00:00+00:00, run_after=2026-05-09 16:00:00+00:00
[2026-05-09T17:04:20.924+0100] {processor.py:183} INFO - Processing /home/najma/airflow-venv/lib/python3.12/site-packages/airflow/example_dags/example_latest_only.py took 0.146 seconds
[2026-05-09T17:52:32.622+0100] {processor.py:161} INFO - Started process (PID=25313) to work on /home/najma/airflow-venv/lib/python3.12/site-packages/airflow/example_dags/example_latest_only.py
[2026-05-09T17:52:32.623+0100] {processor.py:830} INFO - Processing file /home/najma/airflow-venv/lib/python3.12/site-packages/airflow/example_dags/example_latest_only.py for tasks to queue
[2026-05-09T17:52:32.625+0100] {logging_mixin.py:188} INFO - [2026-05-09T17:52:32.625+0100] {dagbag.py:540} INFO - Filling up the DagBag from /home/najma/airflow-venv/lib/python3.12/site-packages/airflow/example_dags/example_latest_only.py
[2026-05-09T17:52:32.632+0100] {processor.py:840} INFO - DAG(s) 'latest_only' retrieved from /home/najma/airflow-venv/lib/python3.12/site-packages/airflow/example_dags/example_latest_only.py
[2026-05-09T17:52:32.670+0100] {logging_mixin.py:188} INFO - [2026-05-09T17:52:32.669+0100] {dag.py:3096} INFO - Sync 1 DAGs
[2026-05-09T17:52:32.716+0100] {logging_mixin.py:188} INFO - [2026-05-09T17:52:32.716+0100] {dag.py:3954} INFO - Setting next_dagrun for latest_only to 2026-05-09 12:00:00+00:00, run_after=2026-05-09 16:00:00+00:00
[2026-05-09T17:52:32.890+0100] {processor.py:183} INFO - Processing /home/najma/airflow-venv/lib/python3.12/site-packages/airflow/example_dags/example_latest_only.py took 0.272 seconds
[2026-05-09T17:53:43.883+0100] {processor.py:161} INFO - Started process (PID=25404) to work on /home/najma/airflow-venv/lib/python3.12/site-packages/airflow/example_dags/example_latest_only.py
[2026-05-09T17:53:43.885+0100] {processor.py:830} INFO - Processing file /home/najma/airflow-venv/lib/python3.12/site-packages/airflow/example_dags/example_latest_only.py for tasks to queue
[2026-05-09T17:53:43.891+0100] {logging_mixin.py:188} INFO - [2026-05-09T17:53:43.890+0100] {dagbag.py:540} INFO - Filling up the DagBag from /home/najma/airflow-venv/lib/python3.12/site-packages/airflow/example_dags/example_latest_only.py
[2026-05-09T17:53:43.903+0100] {processor.py:840} INFO - DAG(s) 'latest_only' retrieved from /home/najma/airflow-venv/lib/python3.12/site-packages/airflow/example_dags/example_latest_only.py
[2026-05-09T17:53:43.939+0100] {logging_mixin.py:188} INFO - [2026-05-09T17:53:43.939+0100] {dag.py:3096} INFO - Sync 1 DAGs
[2026-05-09T17:53:43.984+0100] {logging_mixin.py:188} INFO - [2026-05-09T17:53:43.984+0100] {dag.py:3954} INFO - Setting next_dagrun for latest_only to 2026-05-09 12:00:00+00:00, run_after=2026-05-09 16:00:00+00:00
[2026-05-09T17:53:44.078+0100] {processor.py:183} INFO - Processing /home/najma/airflow-venv/lib/python3.12/site-packages/airflow/example_dags/example_latest_only.py took 0.200 seconds
[2026-05-09T17:54:32.585+0100] {processor.py:161} INFO - Started process (PID=25475) to work on /home/najma/airflow-venv/lib/python3.12/site-packages/airflow/example_dags/example_latest_only.py
[2026-05-09T17:54:32.587+0100] {processor.py:830} INFO - Processing file /home/najma/airflow-venv/lib/python3.12/site-packages/airflow/example_dags/example_latest_only.py for tasks to queue
[2026-05-09T17:54:32.589+0100] {logging_mixin.py:188} INFO - [2026-05-09T17:54:32.589+0100] {dagbag.py:540} INFO - Filling up the DagBag from /home/najma/airflow-venv/lib/python3.12/site-packages/airflow/example_dags/example_latest_only.py
[2026-05-09T17:54:32.594+0100] {processor.py:840} INFO - DAG(s) 'latest_only' retrieved from /home/najma/airflow-venv/lib/python3.12/site-packages/airflow/example_dags/example_latest_only.py
[2026-05-09T17:54:32.638+0100] {logging_mixin.py:188} INFO - [2026-05-09T17:54:32.638+0100] {dag.py:3096} INFO - Sync 1 DAGs
[2026-05-09T17:54:32.703+0100] {logging_mixin.py:188} INFO - [2026-05-09T17:54:32.703+0100] {dag.py:3954} INFO - Setting next_dagrun for latest_only to 2026-05-09 12:00:00+00:00, run_after=2026-05-09 16:00:00+00:00
[2026-05-09T17:54:32.811+0100] {processor.py:183} INFO - Processing /home/najma/airflow-venv/lib/python3.12/site-packages/airflow/example_dags/example_latest_only.py took 0.234 seconds
[2026-05-09T17:55:16.462+0100] {processor.py:161} INFO - Started process (PID=25543) to work on /home/najma/airflow-venv/lib/python3.12/site-packages/airflow/example_dags/example_latest_only.py
[2026-05-09T17:55:16.464+0100] {processor.py:830} INFO - Processing file /home/najma/airflow-venv/lib/python3.12/site-packages/airflow/example_dags/example_latest_only.py for tasks to queue
[2026-05-09T17:55:16.466+0100] {logging_mixin.py:188} INFO - [2026-05-09T17:55:16.466+0100] {dagbag.py:540} INFO - Filling up the DagBag from /home/najma/airflow-venv/lib/python3.12/site-packages/airflow/example_dags/example_latest_only.py
[2026-05-09T17:55:16.470+0100] {processor.py:840} INFO - DAG(s) 'latest_only' retrieved from /home/najma/airflow-venv/lib/python3.12/site-packages/airflow/example_dags/example_latest_only.py
[2026-05-09T17:55:16.498+0100] {logging_mixin.py:188} INFO - [2026-05-09T17:55:16.498+0100] {dag.py:3096} INFO - Sync 1 DAGs
[2026-05-09T17:55:16.526+0100] {logging_mixin.py:188} INFO - [2026-05-09T17:55:16.525+0100] {dag.py:3954} INFO - Setting next_dagrun for latest_only to 2026-05-09 12:00:00+00:00, run_after=2026-05-09 16:00:00+00:00
[2026-05-09T17:55:16.626+0100] {processor.py:183} INFO - Processing /home/najma/airflow-venv/lib/python3.12/site-packages/airflow/example_dags/example_latest_only.py took 0.169 seconds
[2026-05-09T17:55:59.003+0100] {processor.py:161} INFO - Started process (PID=25607) to work on /home/najma/airflow-venv/lib/python3.12/site-packages/airflow/example_dags/example_latest_only.py
[2026-05-09T17:55:59.004+0100] {processor.py:830} INFO - Processing file /home/najma/airflow-venv/lib/python3.12/site-packages/airflow/example_dags/example_latest_only.py for tasks to queue
[2026-05-09T17:55:59.006+0100] {logging_mixin.py:188} INFO - [2026-05-09T17:55:59.006+0100] {dagbag.py:540} INFO - Filling up the DagBag from /home/najma/airflow-venv/lib/python3.12/site-packages/airflow/example_dags/example_latest_only.py
[2026-05-09T17:55:59.011+0100] {processor.py:840} INFO - DAG(s) 'latest_only' retrieved from /home/najma/airflow-venv/lib/python3.12/site-packages/airflow/example_dags/example_latest_only.py
[2026-05-09T17:55:59.039+0100] {logging_mixin.py:188} INFO - [2026-05-09T17:55:59.039+0100] {dag.py:3096} INFO - Sync 1 DAGs
[2026-05-09T17:55:59.070+0100] {logging_mixin.py:188} INFO - [2026-05-09T17:55:59.070+0100] {dag.py:3954} INFO - Setting next_dagrun for latest_only to 2026-05-09 12:00:00+00:00, run_after=2026-05-09 16:00:00+00:00
[2026-05-09T17:55:59.179+0100] {processor.py:183} INFO - Processing /home/najma/airflow-venv/lib/python3.12/site-packages/airflow/example_dags/example_latest_only.py took 0.181 seconds
[2026-05-09T17:56:34.875+0100] {processor.py:161} INFO - Started process (PID=25667) to work on /home/najma/airflow-venv/lib/python3.12/site-packages/airflow/example_dags/example_latest_only.py
[2026-05-09T17:56:34.876+0100] {processor.py:830} INFO - Processing file /home/najma/airflow-venv/lib/python3.12/site-packages/airflow/example_dags/example_latest_only.py for tasks to queue
[2026-05-09T17:56:34.878+0100] {logging_mixin.py:188} INFO - [2026-05-09T17:56:34.878+0100] {dagbag.py:540} INFO - Filling up the DagBag from /home/najma/airflow-venv/lib/python3.12/site-packages/airflow/example_dags/example_latest_only.py
[2026-05-09T17:56:34.886+0100] {processor.py:840} INFO - DAG(s) 'latest_only' retrieved from /home/najma/airflow-venv/lib/python3.12/site-packages/airflow/example_dags/example_latest_only.py
[2026-05-09T17:56:34.920+0100] {logging_mixin.py:188} INFO - [2026-05-09T17:56:34.920+0100] {dag.py:3096} INFO - Sync 1 DAGs
[2026-05-09T17:56:34.961+0100] {logging_mixin.py:188} INFO - [2026-05-09T17:56:34.960+0100] {dag.py:3954} INFO - Setting next_dagrun for latest_only to 2026-05-09 12:00:00+00:00, run_after=2026-05-09 16:00:00+00:00
[2026-05-09T17:56:35.090+0100] {processor.py:183} INFO - Processing /home/najma/airflow-venv/lib/python3.12/site-packages/airflow/example_dags/example_latest_only.py took 0.219 seconds
[2026-05-09T17:57:13.402+0100] {processor.py:161} INFO - Started process (PID=25732) to work on /home/najma/airflow-venv/lib/python3.12/site-packages/airflow/example_dags/example_latest_only.py
[2026-05-09T17:57:13.404+0100] {processor.py:830} INFO - Processing file /home/najma/airflow-venv/lib/python3.12/site-packages/airflow/example_dags/example_latest_only.py for tasks to queue
[2026-05-09T17:57:13.405+0100] {logging_mixin.py:188} INFO - [2026-05-09T17:57:13.405+0100] {dagbag.py:540} INFO - Filling up the DagBag from /home/najma/airflow-venv/lib/python3.12/site-packages/airflow/example_dags/example_latest_only.py
[2026-05-09T17:57:13.410+0100] {processor.py:840} INFO - DAG(s) 'latest_only' retrieved from /home/najma/airflow-venv/lib/python3.12/site-packages/airflow/example_dags/example_latest_only.py
[2026-05-09T17:57:13.445+0100] {logging_mixin.py:188} INFO - [2026-05-09T17:57:13.445+0100] {dag.py:3096} INFO - Sync 1 DAGs
[2026-05-09T17:57:13.478+0100] {logging_mixin.py:188} INFO - [2026-05-09T17:57:13.477+0100] {dag.py:3954} INFO - Setting next_dagrun for latest_only to 2026-05-09 12:00:00+00:00, run_after=2026-05-09 16:00:00+00:00
[2026-05-09T17:57:13.587+0100] {processor.py:183} INFO - Processing /home/najma/airflow-venv/lib/python3.12/site-packages/airflow/example_dags/example_latest_only.py took 0.190 seconds
[2026-05-09T17:57:53.077+0100] {processor.py:161} INFO - Started process (PID=25791) to work on /home/najma/airflow-venv/lib/python3.12/site-packages/airflow/example_dags/example_latest_only.py
[2026-05-09T17:57:53.078+0100] {processor.py:830} INFO - Processing file /home/najma/airflow-venv/lib/python3.12/site-packages/airflow/example_dags/example_latest_only.py for tasks to queue
[2026-05-09T17:57:53.080+0100] {logging_mixin.py:188} INFO - [2026-05-09T17:57:53.080+0100] {dagbag.py:540} INFO - Filling up the DagBag from /home/najma/airflow-venv/lib/python3.12/site-packages/airflow/example_dags/example_latest_only.py
[2026-05-09T17:57:53.087+0100] {processor.py:840} INFO - DAG(s) 'latest_only' retrieved from /home/najma/airflow-venv/lib/python3.12/site-packages/airflow/example_dags/example_latest_only.py
[2026-05-09T17:57:53.116+0100] {logging_mixin.py:188} INFO - [2026-05-09T17:57:53.115+0100] {dag.py:3096} INFO - Sync 1 DAGs
[2026-05-09T17:57:53.141+0100] {logging_mixin.py:188} INFO - [2026-05-09T17:57:53.141+0100] {dag.py:3954} INFO - Setting next_dagrun for latest_only to 2026-05-09 12:00:00+00:00, run_after=2026-05-09 16:00:00+00:00
[2026-05-09T17:57:53.228+0100] {processor.py:183} INFO - Processing /home/najma/airflow-venv/lib/python3.12/site-packages/airflow/example_dags/example_latest_only.py took 0.156 seconds
[2026-05-09T17:58:35.245+0100] {processor.py:161} INFO - Started process (PID=25859) to work on /home/najma/airflow-venv/lib/python3.12/site-packages/airflow/example_dags/example_latest_only.py
[2026-05-09T17:58:35.246+0100] {processor.py:830} INFO - Processing file /home/najma/airflow-venv/lib/python3.12/site-packages/airflow/example_dags/example_latest_only.py for tasks to queue
[2026-05-09T17:58:35.249+0100] {logging_mixin.py:188} INFO - [2026-05-09T17:58:35.248+0100] {dagbag.py:540} INFO - Filling up the DagBag from /home/najma/airflow-venv/lib/python3.12/site-packages/airflow/example_dags/example_latest_only.py
[2026-05-09T17:58:35.259+0100] {processor.py:840} INFO - DAG(s) 'latest_only' retrieved from /home/najma/airflow-venv/lib/python3.12/site-packages/airflow/example_dags/example_latest_only.py
[2026-05-09T17:58:35.294+0100] {logging_mixin.py:188} INFO - [2026-05-09T17:58:35.294+0100] {dag.py:3096} INFO - Sync 1 DAGs
[2026-05-09T17:58:35.331+0100] {logging_mixin.py:188} INFO - [2026-05-09T17:58:35.331+0100] {dag.py:3954} INFO - Setting next_dagrun for latest_only to 2026-05-09 12:00:00+00:00, run_after=2026-05-09 16:00:00+00:00
[2026-05-09T17:58:35.462+0100] {processor.py:183} INFO - Processing /home/najma/airflow-venv/lib/python3.12/site-packages/airflow/example_dags/example_latest_only.py took 0.221 seconds
[2026-05-09T17:59:06.961+0100] {processor.py:161} INFO - Started process (PID=25913) to work on /home/najma/airflow-venv/lib/python3.12/site-packages/airflow/example_dags/example_latest_only.py
[2026-05-09T17:59:06.962+0100] {processor.py:830} INFO - Processing file /home/najma/airflow-venv/lib/python3.12/site-packages/airflow/example_dags/example_latest_only.py for tasks to queue
[2026-05-09T17:59:06.970+0100] {logging_mixin.py:188} INFO - [2026-05-09T17:59:06.969+0100] {dagbag.py:540} INFO - Filling up the DagBag from /home/najma/airflow-venv/lib/python3.12/site-packages/airflow/example_dags/example_latest_only.py
[2026-05-09T17:59:06.976+0100] {processor.py:840} INFO - DAG(s) 'latest_only' retrieved from /home/najma/airflow-venv/lib/python3.12/site-packages/airflow/example_dags/example_latest_only.py
[2026-05-09T17:59:07.041+0100] {logging_mixin.py:188} INFO - [2026-05-09T17:59:07.040+0100] {dag.py:3096} INFO - Sync 1 DAGs
[2026-05-09T17:59:07.087+0100] {logging_mixin.py:188} INFO - [2026-05-09T17:59:07.086+0100] {dag.py:3954} INFO - Setting next_dagrun for latest_only to 2026-05-09 12:00:00+00:00, run_after=2026-05-09 16:00:00+00:00
[2026-05-09T17:59:07.202+0100] {processor.py:183} INFO - Processing /home/najma/airflow-venv/lib/python3.12/site-packages/airflow/example_dags/example_latest_only.py took 0.245 seconds
[2026-05-09T17:59:44.700+0100] {processor.py:161} INFO - Started process (PID=25972) to work on /home/najma/airflow-venv/lib/python3.12/site-packages/airflow/example_dags/example_latest_only.py
[2026-05-09T17:59:44.702+0100] {processor.py:830} INFO - Processing file /home/najma/airflow-venv/lib/python3.12/site-packages/airflow/example_dags/example_latest_only.py for tasks to queue
[2026-05-09T17:59:44.705+0100] {logging_mixin.py:188} INFO - [2026-05-09T17:59:44.705+0100] {dagbag.py:540} INFO - Filling up the DagBag from /home/najma/airflow-venv/lib/python3.12/site-packages/airflow/example_dags/example_latest_only.py
[2026-05-09T17:59:44.711+0100] {processor.py:840} INFO - DAG(s) 'latest_only' retrieved from /home/najma/airflow-venv/lib/python3.12/site-packages/airflow/example_dags/example_latest_only.py
[2026-05-09T17:59:44.748+0100] {logging_mixin.py:188} INFO - [2026-05-09T17:59:44.747+0100] {dag.py:3096} INFO - Sync 1 DAGs
[2026-05-09T17:59:44.779+0100] {logging_mixin.py:188} INFO - [2026-05-09T17:59:44.779+0100] {dag.py:3954} INFO - Setting next_dagrun for latest_only to 2026-05-09 12:00:00+00:00, run_after=2026-05-09 16:00:00+00:00
[2026-05-09T17:59:44.868+0100] {processor.py:183} INFO - Processing /home/najma/airflow-venv/lib/python3.12/site-packages/airflow/example_dags/example_latest_only.py took 0.172 seconds
[2026-05-09T18:00:21.024+0100] {processor.py:161} INFO - Started process (PID=26035) to work on /home/najma/airflow-venv/lib/python3.12/site-packages/airflow/example_dags/example_latest_only.py
[2026-05-09T18:00:21.026+0100] {processor.py:830} INFO - Processing file /home/najma/airflow-venv/lib/python3.12/site-packages/airflow/example_dags/example_latest_only.py for tasks to queue
[2026-05-09T18:00:21.029+0100] {logging_mixin.py:188} INFO - [2026-05-09T18:00:21.028+0100] {dagbag.py:540} INFO - Filling up the DagBag from /home/najma/airflow-venv/lib/python3.12/site-packages/airflow/example_dags/example_latest_only.py
[2026-05-09T18:00:21.034+0100] {processor.py:840} INFO - DAG(s) 'latest_only' retrieved from /home/najma/airflow-venv/lib/python3.12/site-packages/airflow/example_dags/example_latest_only.py
[2026-05-09T18:00:21.074+0100] {logging_mixin.py:188} INFO - [2026-05-09T18:00:21.074+0100] {dag.py:3096} INFO - Sync 1 DAGs
[2026-05-09T18:00:21.108+0100] {logging_mixin.py:188} INFO - [2026-05-09T18:00:21.108+0100] {dag.py:3954} INFO - Setting next_dagrun for latest_only to 2026-05-09 12:00:00+00:00, run_after=2026-05-09 16:00:00+00:00
[2026-05-09T18:00:21.209+0100] {processor.py:183} INFO - Processing /home/najma/airflow-venv/lib/python3.12/site-packages/airflow/example_dags/example_latest_only.py took 0.190 seconds
[2026-05-09T18:00:52.177+0100] {processor.py:161} INFO - Started process (PID=26086) to work on /home/najma/airflow-venv/lib/python3.12/site-packages/airflow/example_dags/example_latest_only.py
[2026-05-09T18:00:52.178+0100] {processor.py:830} INFO - Processing file /home/najma/airflow-venv/lib/python3.12/site-packages/airflow/example_dags/example_latest_only.py for tasks to queue
[2026-05-09T18:00:52.180+0100] {logging_mixin.py:188} INFO - [2026-05-09T18:00:52.180+0100] {dagbag.py:540} INFO - Filling up the DagBag from /home/najma/airflow-venv/lib/python3.12/site-packages/airflow/example_dags/example_latest_only.py
[2026-05-09T18:00:52.191+0100] {processor.py:840} INFO - DAG(s) 'latest_only' retrieved from /home/najma/airflow-venv/lib/python3.12/site-packages/airflow/example_dags/example_latest_only.py
[2026-05-09T18:00:52.222+0100] {logging_mixin.py:188} INFO - [2026-05-09T18:00:52.221+0100] {dag.py:3096} INFO - Sync 1 DAGs
[2026-05-09T18:00:52.254+0100] {logging_mixin.py:188} INFO - [2026-05-09T18:00:52.254+0100] {dag.py:3954} INFO - Setting next_dagrun for latest_only to 2026-05-09 12:00:00+00:00, run_after=2026-05-09 16:00:00+00:00
[2026-05-09T18:00:52.361+0100] {processor.py:183} INFO - Processing /home/najma/airflow-venv/lib/python3.12/site-packages/airflow/example_dags/example_latest_only.py took 0.189 seconds
[2026-05-09T18:01:47.972+0100] {processor.py:161} INFO - Started process (PID=26164) to work on /home/najma/airflow-venv/lib/python3.12/site-packages/airflow/example_dags/example_latest_only.py
[2026-05-09T18:01:47.975+0100] {processor.py:830} INFO - Processing file /home/najma/airflow-venv/lib/python3.12/site-packages/airflow/example_dags/example_latest_only.py for tasks to queue
[2026-05-09T18:01:47.979+0100] {logging_mixin.py:188} INFO - [2026-05-09T18:01:47.978+0100] {dagbag.py:540} INFO - Filling up the DagBag from /home/najma/airflow-venv/lib/python3.12/site-packages/airflow/example_dags/example_latest_only.py
[2026-05-09T18:01:47.987+0100] {processor.py:840} INFO - DAG(s) 'latest_only' retrieved from /home/najma/airflow-venv/lib/python3.12/site-packages/airflow/example_dags/example_latest_only.py
[2026-05-09T18:01:48.063+0100] {logging_mixin.py:188} INFO - [2026-05-09T18:01:48.062+0100] {dag.py:3096} INFO - Sync 1 DAGs
[2026-05-09T18:01:48.103+0100] {logging_mixin.py:188} INFO - [2026-05-09T18:01:48.103+0100] {dag.py:3954} INFO - Setting next_dagrun for latest_only to 2026-05-09 12:00:00+00:00, run_after=2026-05-09 16:00:00+00:00
[2026-05-09T18:01:48.218+0100] {processor.py:183} INFO - Processing /home/najma/airflow-venv/lib/python3.12/site-packages/airflow/example_dags/example_latest_only.py took 0.256 seconds
[2026-05-09T18:02:29.672+0100] {processor.py:161} INFO - Started process (PID=26223) to work on /home/najma/airflow-venv/lib/python3.12/site-packages/airflow/example_dags/example_latest_only.py
[2026-05-09T18:02:29.674+0100] {processor.py:830} INFO - Processing file /home/najma/airflow-venv/lib/python3.12/site-packages/airflow/example_dags/example_latest_only.py for tasks to queue
[2026-05-09T18:02:29.678+0100] {logging_mixin.py:188} INFO - [2026-05-09T18:02:29.677+0100] {dagbag.py:540} INFO - Filling up the DagBag from /home/najma/airflow-venv/lib/python3.12/site-packages/airflow/example_dags/example_latest_only.py
[2026-05-09T18:02:29.684+0100] {processor.py:840} INFO - DAG(s) 'latest_only' retrieved from /home/najma/airflow-venv/lib/python3.12/site-packages/airflow/example_dags/example_latest_only.py
[2026-05-09T18:02:29.710+0100] {logging_mixin.py:188} INFO - [2026-05-09T18:02:29.709+0100] {dag.py:3096} INFO - Sync 1 DAGs
[2026-05-09T18:02:29.735+0100] {logging_mixin.py:188} INFO - [2026-05-09T18:02:29.735+0100] {dag.py:3954} INFO - Setting next_dagrun for latest_only to 2026-05-09 12:00:00+00:00, run_after=2026-05-09 16:00:00+00:00
[2026-05-09T18:02:29.829+0100] {processor.py:183} INFO - Processing /home/najma/airflow-venv/lib/python3.12/site-packages/airflow/example_dags/example_latest_only.py took 0.163 seconds
