[2026-05-09T16:16:48.287+0100] {processor.py:161} INFO - Started process (PID=21437) to work on /home/najma/airflow-venv/lib/python3.12/site-packages/airflow/example_dags/example_bash_operator.py
[2026-05-09T16:16:48.288+0100] {processor.py:830} INFO - Processing file /home/najma/airflow-venv/lib/python3.12/site-packages/airflow/example_dags/example_bash_operator.py for tasks to queue
[2026-05-09T16:16:48.290+0100] {logging_mixin.py:188} INFO - [2026-05-09T16:16:48.290+0100] {dagbag.py:540} INFO - Filling up the DagBag from /home/najma/airflow-venv/lib/python3.12/site-packages/airflow/example_dags/example_bash_operator.py
[2026-05-09T16:16:48.312+0100] {processor.py:840} INFO - DAG(s) 'example_bash_operator' retrieved from /home/najma/airflow-venv/lib/python3.12/site-packages/airflow/example_dags/example_bash_operator.py
[2026-05-09T16:16:48.498+0100] {logging_mixin.py:188} INFO - [2026-05-09T16:16:48.498+0100] {dag.py:3096} INFO - Sync 1 DAGs
[2026-05-09T16:16:48.521+0100] {logging_mixin.py:188} INFO - [2026-05-09T16:16:48.521+0100] {dag.py:3954} INFO - Setting next_dagrun for example_bash_operator to 2026-05-08 00:00:00+00:00, run_after=2026-05-09 00:00:00+00:00
[2026-05-09T16:16:48.635+0100] {processor.py:183} INFO - Processing /home/najma/airflow-venv/lib/python3.12/site-packages/airflow/example_dags/example_bash_operator.py took 0.352 seconds
[2026-05-09T16:18:24.886+0100] {processor.py:161} INFO - Started process (PID=21571) to work on /home/najma/airflow-venv/lib/python3.12/site-packages/airflow/example_dags/example_bash_operator.py
[2026-05-09T16:18:24.899+0100] {processor.py:830} INFO - Processing file /home/najma/airflow-venv/lib/python3.12/site-packages/airflow/example_dags/example_bash_operator.py for tasks to queue
[2026-05-09T16:18:24.901+0100] {logging_mixin.py:188} INFO - [2026-05-09T16:18:24.901+0100] {dagbag.py:540} INFO - Filling up the DagBag from /home/najma/airflow-venv/lib/python3.12/site-packages/airflow/example_dags/example_bash_operator.py
[2026-05-09T16:18:24.910+0100] {processor.py:840} INFO - DAG(s) 'example_bash_operator' retrieved from /home/najma/airflow-venv/lib/python3.12/site-packages/airflow/example_dags/example_bash_operator.py
[2026-05-09T16:18:24.940+0100] {logging_mixin.py:188} INFO - [2026-05-09T16:18:24.939+0100] {dag.py:3096} INFO - Sync 1 DAGs
[2026-05-09T16:18:24.967+0100] {logging_mixin.py:188} INFO - [2026-05-09T16:18:24.967+0100] {dag.py:3954} INFO - Setting next_dagrun for example_bash_operator to 2026-05-08 00:00:00+00:00, run_after=2026-05-09 00:00:00+00:00
[2026-05-09T16:18:25.051+0100] {processor.py:183} INFO - Processing /home/najma/airflow-venv/lib/python3.12/site-packages/airflow/example_dags/example_bash_operator.py took 0.169 seconds
[2026-05-09T16:19:47.086+0100] {processor.py:161} INFO - Started process (PID=21643) to work on /home/najma/airflow-venv/lib/python3.12/site-packages/airflow/example_dags/example_bash_operator.py
[2026-05-09T16:19:47.088+0100] {processor.py:830} INFO - Processing file /home/najma/airflow-venv/lib/python3.12/site-packages/airflow/example_dags/example_bash_operator.py for tasks to queue
[2026-05-09T16:19:47.090+0100] {logging_mixin.py:188} INFO - [2026-05-09T16:19:47.089+0100] {dagbag.py:540} INFO - Filling up the DagBag from /home/najma/airflow-venv/lib/python3.12/site-packages/airflow/example_dags/example_bash_operator.py
[2026-05-09T16:19:47.102+0100] {processor.py:840} INFO - DAG(s) 'example_bash_operator' retrieved from /home/najma/airflow-venv/lib/python3.12/site-packages/airflow/example_dags/example_bash_operator.py
[2026-05-09T16:19:47.142+0100] {logging_mixin.py:188} INFO - [2026-05-09T16:19:47.141+0100] {dag.py:3096} INFO - Sync 1 DAGs
[2026-05-09T16:19:47.173+0100] {logging_mixin.py:188} INFO - [2026-05-09T16:19:47.172+0100] {dag.py:3954} INFO - Setting next_dagrun for example_bash_operator to 2026-05-08 00:00:00+00:00, run_after=2026-05-09 00:00:00+00:00
[2026-05-09T16:19:47.278+0100] {processor.py:183} INFO - Processing /home/najma/airflow-venv/lib/python3.12/site-packages/airflow/example_dags/example_bash_operator.py took 0.196 seconds
[2026-05-09T16:21:08.461+0100] {processor.py:161} INFO - Started process (PID=21718) to work on /home/najma/airflow-venv/lib/python3.12/site-packages/airflow/example_dags/example_bash_operator.py
[2026-05-09T16:21:08.463+0100] {processor.py:830} INFO - Processing file /home/najma/airflow-venv/lib/python3.12/site-packages/airflow/example_dags/example_bash_operator.py for tasks to queue
[2026-05-09T16:21:08.467+0100] {logging_mixin.py:188} INFO - [2026-05-09T16:21:08.466+0100] {dagbag.py:540} INFO - Filling up the DagBag from /home/najma/airflow-venv/lib/python3.12/site-packages/airflow/example_dags/example_bash_operator.py
[2026-05-09T16:21:08.480+0100] {processor.py:840} INFO - DAG(s) 'example_bash_operator' retrieved from /home/najma/airflow-venv/lib/python3.12/site-packages/airflow/example_dags/example_bash_operator.py
[2026-05-09T16:21:08.512+0100] {logging_mixin.py:188} INFO - [2026-05-09T16:21:08.512+0100] {dag.py:3096} INFO - Sync 1 DAGs
[2026-05-09T16:21:08.537+0100] {logging_mixin.py:188} INFO - [2026-05-09T16:21:08.537+0100] {dag.py:3954} INFO - Setting next_dagrun for example_bash_operator to 2026-05-08 00:00:00+00:00, run_after=2026-05-09 00:00:00+00:00
[2026-05-09T16:21:08.641+0100] {processor.py:183} INFO - Processing /home/najma/airflow-venv/lib/python3.12/site-packages/airflow/example_dags/example_bash_operator.py took 0.188 seconds
[2026-05-09T16:22:33.667+0100] {processor.py:161} INFO - Started process (PID=21791) to work on /home/najma/airflow-venv/lib/python3.12/site-packages/airflow/example_dags/example_bash_operator.py
[2026-05-09T16:22:33.668+0100] {processor.py:830} INFO - Processing file /home/najma/airflow-venv/lib/python3.12/site-packages/airflow/example_dags/example_bash_operator.py for tasks to queue
[2026-05-09T16:22:33.671+0100] {logging_mixin.py:188} INFO - [2026-05-09T16:22:33.671+0100] {dagbag.py:540} INFO - Filling up the DagBag from /home/najma/airflow-venv/lib/python3.12/site-packages/airflow/example_dags/example_bash_operator.py
[2026-05-09T16:22:33.684+0100] {processor.py:840} INFO - DAG(s) 'example_bash_operator' retrieved from /home/najma/airflow-venv/lib/python3.12/site-packages/airflow/example_dags/example_bash_operator.py
[2026-05-09T16:22:33.725+0100] {logging_mixin.py:188} INFO - [2026-05-09T16:22:33.724+0100] {dag.py:3096} INFO - Sync 1 DAGs
[2026-05-09T16:22:33.755+0100] {logging_mixin.py:188} INFO - [2026-05-09T16:22:33.755+0100] {dag.py:3954} INFO - Setting next_dagrun for example_bash_operator to 2026-05-08 00:00:00+00:00, run_after=2026-05-09 00:00:00+00:00
[2026-05-09T16:22:33.852+0100] {processor.py:183} INFO - Processing /home/najma/airflow-venv/lib/python3.12/site-packages/airflow/example_dags/example_bash_operator.py took 0.190 seconds
[2026-05-09T16:23:53.573+0100] {processor.py:161} INFO - Started process (PID=21899) to work on /home/najma/airflow-venv/lib/python3.12/site-packages/airflow/example_dags/example_bash_operator.py
[2026-05-09T16:23:53.590+0100] {processor.py:830} INFO - Processing file /home/najma/airflow-venv/lib/python3.12/site-packages/airflow/example_dags/example_bash_operator.py for tasks to queue
[2026-05-09T16:23:53.593+0100] {logging_mixin.py:188} INFO - [2026-05-09T16:23:53.592+0100] {dagbag.py:540} INFO - Filling up the DagBag from /home/najma/airflow-venv/lib/python3.12/site-packages/airflow/example_dags/example_bash_operator.py
[2026-05-09T16:23:53.606+0100] {processor.py:840} INFO - DAG(s) 'example_bash_operator' retrieved from /home/najma/airflow-venv/lib/python3.12/site-packages/airflow/example_dags/example_bash_operator.py
[2026-05-09T16:23:53.640+0100] {logging_mixin.py:188} INFO - [2026-05-09T16:23:53.639+0100] {dag.py:3096} INFO - Sync 1 DAGs
[2026-05-09T16:23:53.666+0100] {logging_mixin.py:188} INFO - [2026-05-09T16:23:53.666+0100] {dag.py:3954} INFO - Setting next_dagrun for example_bash_operator to 2026-05-08 00:00:00+00:00, run_after=2026-05-09 00:00:00+00:00
[2026-05-09T16:23:53.762+0100] {processor.py:183} INFO - Processing /home/najma/airflow-venv/lib/python3.12/site-packages/airflow/example_dags/example_bash_operator.py took 0.192 seconds
[2026-05-09T16:23:59.715+0100] {processor.py:161} INFO - Started process (PID=21908) to work on /home/najma/airflow-venv/lib/python3.12/site-packages/airflow/example_dags/example_bash_operator.py
[2026-05-09T16:23:59.717+0100] {processor.py:830} INFO - Processing file /home/najma/airflow-venv/lib/python3.12/site-packages/airflow/example_dags/example_bash_operator.py for tasks to queue
[2026-05-09T16:23:59.719+0100] {logging_mixin.py:188} INFO - [2026-05-09T16:23:59.719+0100] {dagbag.py:540} INFO - Filling up the DagBag from /home/najma/airflow-venv/lib/python3.12/site-packages/airflow/example_dags/example_bash_operator.py
[2026-05-09T16:23:59.734+0100] {processor.py:840} INFO - DAG(s) 'example_bash_operator' retrieved from /home/najma/airflow-venv/lib/python3.12/site-packages/airflow/example_dags/example_bash_operator.py
[2026-05-09T16:23:59.775+0100] {logging_mixin.py:188} INFO - [2026-05-09T16:23:59.774+0100] {dag.py:3096} INFO - Sync 1 DAGs
[2026-05-09T16:23:59.810+0100] {logging_mixin.py:188} INFO - [2026-05-09T16:23:59.810+0100] {dag.py:3954} INFO - Setting next_dagrun for example_bash_operator to 2026-05-08 00:00:00+00:00, run_after=2026-05-09 00:00:00+00:00
[2026-05-09T16:23:59.911+0100] {processor.py:183} INFO - Processing /home/najma/airflow-venv/lib/python3.12/site-packages/airflow/example_dags/example_bash_operator.py took 0.202 seconds
[2026-05-09T16:25:14.333+0100] {processor.py:161} INFO - Started process (PID=22030) to work on /home/najma/airflow-venv/lib/python3.12/site-packages/airflow/example_dags/example_bash_operator.py
[2026-05-09T16:25:14.335+0100] {processor.py:830} INFO - Processing file /home/najma/airflow-venv/lib/python3.12/site-packages/airflow/example_dags/example_bash_operator.py for tasks to queue
[2026-05-09T16:25:14.336+0100] {logging_mixin.py:188} INFO - [2026-05-09T16:25:14.336+0100] {dagbag.py:540} INFO - Filling up the DagBag from /home/najma/airflow-venv/lib/python3.12/site-packages/airflow/example_dags/example_bash_operator.py
[2026-05-09T16:25:14.347+0100] {processor.py:840} INFO - DAG(s) 'example_bash_operator' retrieved from /home/najma/airflow-venv/lib/python3.12/site-packages/airflow/example_dags/example_bash_operator.py
[2026-05-09T16:25:14.381+0100] {logging_mixin.py:188} INFO - [2026-05-09T16:25:14.381+0100] {dag.py:3096} INFO - Sync 1 DAGs
[2026-05-09T16:25:14.406+0100] {logging_mixin.py:188} INFO - [2026-05-09T16:25:14.406+0100] {dag.py:3954} INFO - Setting next_dagrun for example_bash_operator to 2026-05-08 00:00:00+00:00, run_after=2026-05-09 00:00:00+00:00
[2026-05-09T16:25:14.487+0100] {processor.py:183} INFO - Processing /home/najma/airflow-venv/lib/python3.12/site-packages/airflow/example_dags/example_bash_operator.py took 0.158 seconds
[2026-05-09T16:25:23.572+0100] {processor.py:161} INFO - Started process (PID=22044) to work on /home/najma/airflow-venv/lib/python3.12/site-packages/airflow/example_dags/example_bash_operator.py
[2026-05-09T16:25:23.573+0100] {processor.py:830} INFO - Processing file /home/najma/airflow-venv/lib/python3.12/site-packages/airflow/example_dags/example_bash_operator.py for tasks to queue
[2026-05-09T16:25:23.574+0100] {logging_mixin.py:188} INFO - [2026-05-09T16:25:23.574+0100] {dagbag.py:540} INFO - Filling up the DagBag from /home/najma/airflow-venv/lib/python3.12/site-packages/airflow/example_dags/example_bash_operator.py
[2026-05-09T16:25:23.587+0100] {processor.py:840} INFO - DAG(s) 'example_bash_operator' retrieved from /home/najma/airflow-venv/lib/python3.12/site-packages/airflow/example_dags/example_bash_operator.py
[2026-05-09T16:25:23.621+0100] {logging_mixin.py:188} INFO - [2026-05-09T16:25:23.621+0100] {dag.py:3096} INFO - Sync 1 DAGs
[2026-05-09T16:25:23.650+0100] {logging_mixin.py:188} INFO - [2026-05-09T16:25:23.650+0100] {dag.py:3954} INFO - Setting next_dagrun for example_bash_operator to 2026-05-08 00:00:00+00:00, run_after=2026-05-09 00:00:00+00:00
[2026-05-09T16:25:23.816+0100] {processor.py:183} INFO - Processing /home/najma/airflow-venv/lib/python3.12/site-packages/airflow/example_dags/example_bash_operator.py took 0.248 seconds
[2026-05-09T16:26:35.497+0100] {processor.py:161} INFO - Started process (PID=22163) to work on /home/najma/airflow-venv/lib/python3.12/site-packages/airflow/example_dags/example_bash_operator.py
[2026-05-09T16:26:35.498+0100] {processor.py:830} INFO - Processing file /home/najma/airflow-venv/lib/python3.12/site-packages/airflow/example_dags/example_bash_operator.py for tasks to queue
[2026-05-09T16:26:35.500+0100] {logging_mixin.py:188} INFO - [2026-05-09T16:26:35.499+0100] {dagbag.py:540} INFO - Filling up the DagBag from /home/najma/airflow-venv/lib/python3.12/site-packages/airflow/example_dags/example_bash_operator.py
[2026-05-09T16:26:35.511+0100] {processor.py:840} INFO - DAG(s) 'example_bash_operator' retrieved from /home/najma/airflow-venv/lib/python3.12/site-packages/airflow/example_dags/example_bash_operator.py
[2026-05-09T16:26:35.542+0100] {logging_mixin.py:188} INFO - [2026-05-09T16:26:35.542+0100] {dag.py:3096} INFO - Sync 1 DAGs
[2026-05-09T16:26:35.570+0100] {logging_mixin.py:188} INFO - [2026-05-09T16:26:35.569+0100] {dag.py:3954} INFO - Setting next_dagrun for example_bash_operator to 2026-05-08 00:00:00+00:00, run_after=2026-05-09 00:00:00+00:00
[2026-05-09T16:26:35.683+0100] {processor.py:183} INFO - Processing /home/najma/airflow-venv/lib/python3.12/site-packages/airflow/example_dags/example_bash_operator.py took 0.191 seconds
[2026-05-09T16:26:45.009+0100] {processor.py:161} INFO - Started process (PID=22177) to work on /home/najma/airflow-venv/lib/python3.12/site-packages/airflow/example_dags/example_bash_operator.py
[2026-05-09T16:26:45.010+0100] {processor.py:830} INFO - Processing file /home/najma/airflow-venv/lib/python3.12/site-packages/airflow/example_dags/example_bash_operator.py for tasks to queue
[2026-05-09T16:26:45.012+0100] {logging_mixin.py:188} INFO - [2026-05-09T16:26:45.011+0100] {dagbag.py:540} INFO - Filling up the DagBag from /home/najma/airflow-venv/lib/python3.12/site-packages/airflow/example_dags/example_bash_operator.py
[2026-05-09T16:26:45.026+0100] {processor.py:840} INFO - DAG(s) 'example_bash_operator' retrieved from /home/najma/airflow-venv/lib/python3.12/site-packages/airflow/example_dags/example_bash_operator.py
[2026-05-09T16:26:45.068+0100] {logging_mixin.py:188} INFO - [2026-05-09T16:26:45.067+0100] {dag.py:3096} INFO - Sync 1 DAGs
[2026-05-09T16:26:45.095+0100] {logging_mixin.py:188} INFO - [2026-05-09T16:26:45.095+0100] {dag.py:3954} INFO - Setting next_dagrun for example_bash_operator to 2026-05-08 00:00:00+00:00, run_after=2026-05-09 00:00:00+00:00
[2026-05-09T16:26:45.185+0100] {processor.py:183} INFO - Processing /home/najma/airflow-venv/lib/python3.12/site-packages/airflow/example_dags/example_bash_operator.py took 0.180 seconds
[2026-05-09T16:27:59.123+0100] {processor.py:161} INFO - Started process (PID=22292) to work on /home/najma/airflow-venv/lib/python3.12/site-packages/airflow/example_dags/example_bash_operator.py
[2026-05-09T16:27:59.140+0100] {processor.py:830} INFO - Processing file /home/najma/airflow-venv/lib/python3.12/site-packages/airflow/example_dags/example_bash_operator.py for tasks to queue
[2026-05-09T16:27:59.142+0100] {logging_mixin.py:188} INFO - [2026-05-09T16:27:59.142+0100] {dagbag.py:540} INFO - Filling up the DagBag from /home/najma/airflow-venv/lib/python3.12/site-packages/airflow/example_dags/example_bash_operator.py
[2026-05-09T16:27:59.151+0100] {processor.py:840} INFO - DAG(s) 'example_bash_operator' retrieved from /home/najma/airflow-venv/lib/python3.12/site-packages/airflow/example_dags/example_bash_operator.py
[2026-05-09T16:27:59.188+0100] {logging_mixin.py:188} INFO - [2026-05-09T16:27:59.188+0100] {dag.py:3096} INFO - Sync 1 DAGs
[2026-05-09T16:27:59.217+0100] {logging_mixin.py:188} INFO - [2026-05-09T16:27:59.216+0100] {dag.py:3954} INFO - Setting next_dagrun for example_bash_operator to 2026-05-08 00:00:00+00:00, run_after=2026-05-09 00:00:00+00:00
[2026-05-09T16:27:59.302+0100] {processor.py:183} INFO - Processing /home/najma/airflow-venv/lib/python3.12/site-packages/airflow/example_dags/example_bash_operator.py took 0.183 seconds
[2026-05-09T16:28:10.570+0100] {processor.py:161} INFO - Started process (PID=22313) to work on /home/najma/airflow-venv/lib/python3.12/site-packages/airflow/example_dags/example_bash_operator.py
[2026-05-09T16:28:10.572+0100] {processor.py:830} INFO - Processing file /home/najma/airflow-venv/lib/python3.12/site-packages/airflow/example_dags/example_bash_operator.py for tasks to queue
[2026-05-09T16:28:10.574+0100] {logging_mixin.py:188} INFO - [2026-05-09T16:28:10.574+0100] {dagbag.py:540} INFO - Filling up the DagBag from /home/najma/airflow-venv/lib/python3.12/site-packages/airflow/example_dags/example_bash_operator.py
[2026-05-09T16:28:10.592+0100] {processor.py:840} INFO - DAG(s) 'example_bash_operator' retrieved from /home/najma/airflow-venv/lib/python3.12/site-packages/airflow/example_dags/example_bash_operator.py
[2026-05-09T16:28:10.630+0100] {logging_mixin.py:188} INFO - [2026-05-09T16:28:10.630+0100] {dag.py:3096} INFO - Sync 1 DAGs
[2026-05-09T16:28:10.666+0100] {logging_mixin.py:188} INFO - [2026-05-09T16:28:10.666+0100] {dag.py:3954} INFO - Setting next_dagrun for example_bash_operator to 2026-05-08 00:00:00+00:00, run_after=2026-05-09 00:00:00+00:00
[2026-05-09T16:28:10.761+0100] {processor.py:183} INFO - Processing /home/najma/airflow-venv/lib/python3.12/site-packages/airflow/example_dags/example_bash_operator.py took 0.197 seconds
[2026-05-09T16:29:17.863+0100] {processor.py:161} INFO - Started process (PID=22421) to work on /home/najma/airflow-venv/lib/python3.12/site-packages/airflow/example_dags/example_bash_operator.py
[2026-05-09T16:29:17.864+0100] {processor.py:830} INFO - Processing file /home/najma/airflow-venv/lib/python3.12/site-packages/airflow/example_dags/example_bash_operator.py for tasks to queue
[2026-05-09T16:29:17.866+0100] {logging_mixin.py:188} INFO - [2026-05-09T16:29:17.865+0100] {dagbag.py:540} INFO - Filling up the DagBag from /home/najma/airflow-venv/lib/python3.12/site-packages/airflow/example_dags/example_bash_operator.py
[2026-05-09T16:29:17.874+0100] {processor.py:840} INFO - DAG(s) 'example_bash_operator' retrieved from /home/najma/airflow-venv/lib/python3.12/site-packages/airflow/example_dags/example_bash_operator.py
[2026-05-09T16:29:17.907+0100] {logging_mixin.py:188} INFO - [2026-05-09T16:29:17.907+0100] {dag.py:3096} INFO - Sync 1 DAGs
[2026-05-09T16:29:17.934+0100] {logging_mixin.py:188} INFO - [2026-05-09T16:29:17.934+0100] {dag.py:3954} INFO - Setting next_dagrun for example_bash_operator to 2026-05-08 00:00:00+00:00, run_after=2026-05-09 00:00:00+00:00
[2026-05-09T16:29:18.150+0100] {processor.py:183} INFO - Processing /home/najma/airflow-venv/lib/python3.12/site-packages/airflow/example_dags/example_bash_operator.py took 0.290 seconds
[2026-05-09T16:29:28.237+0100] {processor.py:161} INFO - Started process (PID=22439) to work on /home/najma/airflow-venv/lib/python3.12/site-packages/airflow/example_dags/example_bash_operator.py
[2026-05-09T16:29:28.238+0100] {processor.py:830} INFO - Processing file /home/najma/airflow-venv/lib/python3.12/site-packages/airflow/example_dags/example_bash_operator.py for tasks to queue
[2026-05-09T16:29:28.240+0100] {logging_mixin.py:188} INFO - [2026-05-09T16:29:28.239+0100] {dagbag.py:540} INFO - Filling up the DagBag from /home/najma/airflow-venv/lib/python3.12/site-packages/airflow/example_dags/example_bash_operator.py
[2026-05-09T16:29:28.248+0100] {processor.py:840} INFO - DAG(s) 'example_bash_operator' retrieved from /home/najma/airflow-venv/lib/python3.12/site-packages/airflow/example_dags/example_bash_operator.py
[2026-05-09T16:29:28.352+0100] {logging_mixin.py:188} INFO - [2026-05-09T16:29:28.352+0100] {dag.py:3096} INFO - Sync 1 DAGs
[2026-05-09T16:29:28.392+0100] {logging_mixin.py:188} INFO - [2026-05-09T16:29:28.392+0100] {dag.py:3954} INFO - Setting next_dagrun for example_bash_operator to 2026-05-08 00:00:00+00:00, run_after=2026-05-09 00:00:00+00:00
[2026-05-09T16:29:28.554+0100] {processor.py:183} INFO - Processing /home/najma/airflow-venv/lib/python3.12/site-packages/airflow/example_dags/example_bash_operator.py took 0.321 seconds
[2026-05-09T16:30:41.233+0100] {processor.py:161} INFO - Started process (PID=22557) to work on /home/najma/airflow-venv/lib/python3.12/site-packages/airflow/example_dags/example_bash_operator.py
[2026-05-09T16:30:41.235+0100] {processor.py:830} INFO - Processing file /home/najma/airflow-venv/lib/python3.12/site-packages/airflow/example_dags/example_bash_operator.py for tasks to queue
[2026-05-09T16:30:41.239+0100] {logging_mixin.py:188} INFO - [2026-05-09T16:30:41.238+0100] {dagbag.py:540} INFO - Filling up the DagBag from /home/najma/airflow-venv/lib/python3.12/site-packages/airflow/example_dags/example_bash_operator.py
[2026-05-09T16:30:41.257+0100] {processor.py:840} INFO - DAG(s) 'example_bash_operator' retrieved from /home/najma/airflow-venv/lib/python3.12/site-packages/airflow/example_dags/example_bash_operator.py
[2026-05-09T16:30:41.319+0100] {logging_mixin.py:188} INFO - [2026-05-09T16:30:41.318+0100] {dag.py:3096} INFO - Sync 1 DAGs
[2026-05-09T16:30:41.349+0100] {logging_mixin.py:188} INFO - [2026-05-09T16:30:41.349+0100] {dag.py:3954} INFO - Setting next_dagrun for example_bash_operator to 2026-05-08 00:00:00+00:00, run_after=2026-05-09 00:00:00+00:00
[2026-05-09T16:30:41.457+0100] {processor.py:183} INFO - Processing /home/najma/airflow-venv/lib/python3.12/site-packages/airflow/example_dags/example_bash_operator.py took 0.235 seconds
[2026-05-09T16:30:47.534+0100] {processor.py:161} INFO - Started process (PID=22566) to work on /home/najma/airflow-venv/lib/python3.12/site-packages/airflow/example_dags/example_bash_operator.py
[2026-05-09T16:30:47.535+0100] {processor.py:830} INFO - Processing file /home/najma/airflow-venv/lib/python3.12/site-packages/airflow/example_dags/example_bash_operator.py for tasks to queue
[2026-05-09T16:30:47.537+0100] {logging_mixin.py:188} INFO - [2026-05-09T16:30:47.537+0100] {dagbag.py:540} INFO - Filling up the DagBag from /home/najma/airflow-venv/lib/python3.12/site-packages/airflow/example_dags/example_bash_operator.py
[2026-05-09T16:30:47.549+0100] {processor.py:840} INFO - DAG(s) 'example_bash_operator' retrieved from /home/najma/airflow-venv/lib/python3.12/site-packages/airflow/example_dags/example_bash_operator.py
[2026-05-09T16:30:47.624+0100] {logging_mixin.py:188} INFO - [2026-05-09T16:30:47.624+0100] {dag.py:3096} INFO - Sync 1 DAGs
[2026-05-09T16:30:47.649+0100] {logging_mixin.py:188} INFO - [2026-05-09T16:30:47.649+0100] {dag.py:3954} INFO - Setting next_dagrun for example_bash_operator to 2026-05-08 00:00:00+00:00, run_after=2026-05-09 00:00:00+00:00
[2026-05-09T16:30:47.746+0100] {processor.py:183} INFO - Processing /home/najma/airflow-venv/lib/python3.12/site-packages/airflow/example_dags/example_bash_operator.py took 0.216 seconds
[2026-05-09T16:31:56.582+0100] {processor.py:161} INFO - Started process (PID=22680) to work on /home/najma/airflow-venv/lib/python3.12/site-packages/airflow/example_dags/example_bash_operator.py
[2026-05-09T16:31:56.584+0100] {processor.py:830} INFO - Processing file /home/najma/airflow-venv/lib/python3.12/site-packages/airflow/example_dags/example_bash_operator.py for tasks to queue
[2026-05-09T16:31:56.585+0100] {logging_mixin.py:188} INFO - [2026-05-09T16:31:56.585+0100] {dagbag.py:540} INFO - Filling up the DagBag from /home/najma/airflow-venv/lib/python3.12/site-packages/airflow/example_dags/example_bash_operator.py
[2026-05-09T16:31:56.594+0100] {processor.py:840} INFO - DAG(s) 'example_bash_operator' retrieved from /home/najma/airflow-venv/lib/python3.12/site-packages/airflow/example_dags/example_bash_operator.py
[2026-05-09T16:31:56.632+0100] {logging_mixin.py:188} INFO - [2026-05-09T16:31:56.631+0100] {dag.py:3096} INFO - Sync 1 DAGs
[2026-05-09T16:31:56.658+0100] {logging_mixin.py:188} INFO - [2026-05-09T16:31:56.658+0100] {dag.py:3954} INFO - Setting next_dagrun for example_bash_operator to 2026-05-08 00:00:00+00:00, run_after=2026-05-09 00:00:00+00:00
[2026-05-09T16:31:56.739+0100] {processor.py:183} INFO - Processing /home/najma/airflow-venv/lib/python3.12/site-packages/airflow/example_dags/example_bash_operator.py took 0.161 seconds
[2026-05-09T16:32:04.891+0100] {processor.py:161} INFO - Started process (PID=22693) to work on /home/najma/airflow-venv/lib/python3.12/site-packages/airflow/example_dags/example_bash_operator.py
[2026-05-09T16:32:04.892+0100] {processor.py:830} INFO - Processing file /home/najma/airflow-venv/lib/python3.12/site-packages/airflow/example_dags/example_bash_operator.py for tasks to queue
[2026-05-09T16:32:04.894+0100] {logging_mixin.py:188} INFO - [2026-05-09T16:32:04.893+0100] {dagbag.py:540} INFO - Filling up the DagBag from /home/najma/airflow-venv/lib/python3.12/site-packages/airflow/example_dags/example_bash_operator.py
[2026-05-09T16:32:04.905+0100] {processor.py:840} INFO - DAG(s) 'example_bash_operator' retrieved from /home/najma/airflow-venv/lib/python3.12/site-packages/airflow/example_dags/example_bash_operator.py
[2026-05-09T16:32:04.939+0100] {logging_mixin.py:188} INFO - [2026-05-09T16:32:04.939+0100] {dag.py:3096} INFO - Sync 1 DAGs
[2026-05-09T16:32:04.965+0100] {logging_mixin.py:188} INFO - [2026-05-09T16:32:04.965+0100] {dag.py:3954} INFO - Setting next_dagrun for example_bash_operator to 2026-05-08 00:00:00+00:00, run_after=2026-05-09 00:00:00+00:00
[2026-05-09T16:32:05.063+0100] {processor.py:183} INFO - Processing /home/najma/airflow-venv/lib/python3.12/site-packages/airflow/example_dags/example_bash_operator.py took 0.178 seconds
[2026-05-09T16:33:37.529+0100] {processor.py:161} INFO - Started process (PID=22832) to work on /home/najma/airflow-venv/lib/python3.12/site-packages/airflow/example_dags/example_bash_operator.py
[2026-05-09T16:33:37.532+0100] {processor.py:830} INFO - Processing file /home/najma/airflow-venv/lib/python3.12/site-packages/airflow/example_dags/example_bash_operator.py for tasks to queue
[2026-05-09T16:33:37.537+0100] {logging_mixin.py:188} INFO - [2026-05-09T16:33:37.536+0100] {dagbag.py:540} INFO - Filling up the DagBag from /home/najma/airflow-venv/lib/python3.12/site-packages/airflow/example_dags/example_bash_operator.py
[2026-05-09T16:33:37.552+0100] {processor.py:840} INFO - DAG(s) 'example_bash_operator' retrieved from /home/najma/airflow-venv/lib/python3.12/site-packages/airflow/example_dags/example_bash_operator.py
[2026-05-09T16:33:37.617+0100] {logging_mixin.py:188} INFO - [2026-05-09T16:33:37.617+0100] {dag.py:3096} INFO - Sync 1 DAGs
[2026-05-09T16:33:37.665+0100] {logging_mixin.py:188} INFO - [2026-05-09T16:33:37.661+0100] {dag.py:3954} INFO - Setting next_dagrun for example_bash_operator to 2026-05-08 00:00:00+00:00, run_after=2026-05-09 00:00:00+00:00
[2026-05-09T16:33:37.817+0100] {processor.py:183} INFO - Processing /home/najma/airflow-venv/lib/python3.12/site-packages/airflow/example_dags/example_bash_operator.py took 0.293 seconds
[2026-05-09T16:33:40.546+0100] {processor.py:161} INFO - Started process (PID=22836) to work on /home/najma/airflow-venv/lib/python3.12/site-packages/airflow/example_dags/example_bash_operator.py
[2026-05-09T16:33:40.548+0100] {processor.py:830} INFO - Processing file /home/najma/airflow-venv/lib/python3.12/site-packages/airflow/example_dags/example_bash_operator.py for tasks to queue
[2026-05-09T16:33:40.549+0100] {logging_mixin.py:188} INFO - [2026-05-09T16:33:40.549+0100] {dagbag.py:540} INFO - Filling up the DagBag from /home/najma/airflow-venv/lib/python3.12/site-packages/airflow/example_dags/example_bash_operator.py
[2026-05-09T16:33:40.559+0100] {processor.py:840} INFO - DAG(s) 'example_bash_operator' retrieved from /home/najma/airflow-venv/lib/python3.12/site-packages/airflow/example_dags/example_bash_operator.py
[2026-05-09T16:33:40.605+0100] {logging_mixin.py:188} INFO - [2026-05-09T16:33:40.605+0100] {dag.py:3096} INFO - Sync 1 DAGs
[2026-05-09T16:33:40.653+0100] {logging_mixin.py:188} INFO - [2026-05-09T16:33:40.653+0100] {dag.py:3954} INFO - Setting next_dagrun for example_bash_operator to 2026-05-08 00:00:00+00:00, run_after=2026-05-09 00:00:00+00:00
[2026-05-09T16:33:40.818+0100] {processor.py:183} INFO - Processing /home/najma/airflow-venv/lib/python3.12/site-packages/airflow/example_dags/example_bash_operator.py took 0.276 seconds
[2026-05-09T16:34:59.121+0100] {processor.py:161} INFO - Started process (PID=22961) to work on /home/najma/airflow-venv/lib/python3.12/site-packages/airflow/example_dags/example_bash_operator.py
[2026-05-09T16:34:59.124+0100] {processor.py:830} INFO - Processing file /home/najma/airflow-venv/lib/python3.12/site-packages/airflow/example_dags/example_bash_operator.py for tasks to queue
[2026-05-09T16:34:59.128+0100] {logging_mixin.py:188} INFO - [2026-05-09T16:34:59.127+0100] {dagbag.py:540} INFO - Filling up the DagBag from /home/najma/airflow-venv/lib/python3.12/site-packages/airflow/example_dags/example_bash_operator.py
[2026-05-09T16:34:59.150+0100] {processor.py:840} INFO - DAG(s) 'example_bash_operator' retrieved from /home/najma/airflow-venv/lib/python3.12/site-packages/airflow/example_dags/example_bash_operator.py
[2026-05-09T16:34:59.228+0100] {logging_mixin.py:188} INFO - [2026-05-09T16:34:59.228+0100] {dag.py:3096} INFO - Sync 1 DAGs
[2026-05-09T16:34:59.289+0100] {logging_mixin.py:188} INFO - [2026-05-09T16:34:59.289+0100] {dag.py:3954} INFO - Setting next_dagrun for example_bash_operator to 2026-05-08 00:00:00+00:00, run_after=2026-05-09 00:00:00+00:00
[2026-05-09T16:34:59.442+0100] {processor.py:183} INFO - Processing /home/najma/airflow-venv/lib/python3.12/site-packages/airflow/example_dags/example_bash_operator.py took 0.330 seconds
[2026-05-09T16:35:02.096+0100] {processor.py:161} INFO - Started process (PID=22977) to work on /home/najma/airflow-venv/lib/python3.12/site-packages/airflow/example_dags/example_bash_operator.py
[2026-05-09T16:35:02.098+0100] {processor.py:830} INFO - Processing file /home/najma/airflow-venv/lib/python3.12/site-packages/airflow/example_dags/example_bash_operator.py for tasks to queue
[2026-05-09T16:35:02.100+0100] {logging_mixin.py:188} INFO - [2026-05-09T16:35:02.099+0100] {dagbag.py:540} INFO - Filling up the DagBag from /home/najma/airflow-venv/lib/python3.12/site-packages/airflow/example_dags/example_bash_operator.py
[2026-05-09T16:35:02.116+0100] {processor.py:840} INFO - DAG(s) 'example_bash_operator' retrieved from /home/najma/airflow-venv/lib/python3.12/site-packages/airflow/example_dags/example_bash_operator.py
[2026-05-09T16:35:02.159+0100] {logging_mixin.py:188} INFO - [2026-05-09T16:35:02.159+0100] {dag.py:3096} INFO - Sync 1 DAGs
[2026-05-09T16:35:02.191+0100] {logging_mixin.py:188} INFO - [2026-05-09T16:35:02.191+0100] {dag.py:3954} INFO - Setting next_dagrun for example_bash_operator to 2026-05-08 00:00:00+00:00, run_after=2026-05-09 00:00:00+00:00
[2026-05-09T16:35:02.278+0100] {processor.py:183} INFO - Processing /home/najma/airflow-venv/lib/python3.12/site-packages/airflow/example_dags/example_bash_operator.py took 0.187 seconds
[2026-05-09T16:36:21.197+0100] {processor.py:161} INFO - Started process (PID=23101) to work on /home/najma/airflow-venv/lib/python3.12/site-packages/airflow/example_dags/example_bash_operator.py
[2026-05-09T16:36:21.199+0100] {processor.py:830} INFO - Processing file /home/najma/airflow-venv/lib/python3.12/site-packages/airflow/example_dags/example_bash_operator.py for tasks to queue
[2026-05-09T16:36:21.203+0100] {logging_mixin.py:188} INFO - [2026-05-09T16:36:21.203+0100] {dagbag.py:540} INFO - Filling up the DagBag from /home/najma/airflow-venv/lib/python3.12/site-packages/airflow/example_dags/example_bash_operator.py
[2026-05-09T16:36:21.215+0100] {processor.py:840} INFO - DAG(s) 'example_bash_operator' retrieved from /home/najma/airflow-venv/lib/python3.12/site-packages/airflow/example_dags/example_bash_operator.py
[2026-05-09T16:36:21.257+0100] {logging_mixin.py:188} INFO - [2026-05-09T16:36:21.257+0100] {dag.py:3096} INFO - Sync 1 DAGs
[2026-05-09T16:36:21.292+0100] {logging_mixin.py:188} INFO - [2026-05-09T16:36:21.292+0100] {dag.py:3954} INFO - Setting next_dagrun for example_bash_operator to 2026-05-08 00:00:00+00:00, run_after=2026-05-09 00:00:00+00:00
[2026-05-09T16:36:21.404+0100] {processor.py:183} INFO - Processing /home/najma/airflow-venv/lib/python3.12/site-packages/airflow/example_dags/example_bash_operator.py took 0.212 seconds
[2026-05-09T16:36:24.047+0100] {processor.py:161} INFO - Started process (PID=23105) to work on /home/najma/airflow-venv/lib/python3.12/site-packages/airflow/example_dags/example_bash_operator.py
[2026-05-09T16:36:24.048+0100] {processor.py:830} INFO - Processing file /home/najma/airflow-venv/lib/python3.12/site-packages/airflow/example_dags/example_bash_operator.py for tasks to queue
[2026-05-09T16:36:24.050+0100] {logging_mixin.py:188} INFO - [2026-05-09T16:36:24.050+0100] {dagbag.py:540} INFO - Filling up the DagBag from /home/najma/airflow-venv/lib/python3.12/site-packages/airflow/example_dags/example_bash_operator.py
[2026-05-09T16:36:24.059+0100] {processor.py:840} INFO - DAG(s) 'example_bash_operator' retrieved from /home/najma/airflow-venv/lib/python3.12/site-packages/airflow/example_dags/example_bash_operator.py
[2026-05-09T16:36:24.100+0100] {logging_mixin.py:188} INFO - [2026-05-09T16:36:24.100+0100] {dag.py:3096} INFO - Sync 1 DAGs
[2026-05-09T16:36:24.129+0100] {logging_mixin.py:188} INFO - [2026-05-09T16:36:24.129+0100] {dag.py:3954} INFO - Setting next_dagrun for example_bash_operator to 2026-05-08 00:00:00+00:00, run_after=2026-05-09 00:00:00+00:00
[2026-05-09T16:36:24.230+0100] {processor.py:183} INFO - Processing /home/najma/airflow-venv/lib/python3.12/site-packages/airflow/example_dags/example_bash_operator.py took 0.187 seconds
[2026-05-09T16:37:49.471+0100] {processor.py:161} INFO - Started process (PID=23230) to work on /home/najma/airflow-venv/lib/python3.12/site-packages/airflow/example_dags/example_bash_operator.py
[2026-05-09T16:37:49.480+0100] {processor.py:830} INFO - Processing file /home/najma/airflow-venv/lib/python3.12/site-packages/airflow/example_dags/example_bash_operator.py for tasks to queue
[2026-05-09T16:37:49.483+0100] {logging_mixin.py:188} INFO - [2026-05-09T16:37:49.483+0100] {dagbag.py:540} INFO - Filling up the DagBag from /home/najma/airflow-venv/lib/python3.12/site-packages/airflow/example_dags/example_bash_operator.py
[2026-05-09T16:37:49.506+0100] {processor.py:840} INFO - DAG(s) 'example_bash_operator' retrieved from /home/najma/airflow-venv/lib/python3.12/site-packages/airflow/example_dags/example_bash_operator.py
[2026-05-09T16:37:49.590+0100] {logging_mixin.py:188} INFO - [2026-05-09T16:37:49.590+0100] {dag.py:3096} INFO - Sync 1 DAGs
[2026-05-09T16:37:49.656+0100] {logging_mixin.py:188} INFO - [2026-05-09T16:37:49.655+0100] {dag.py:3954} INFO - Setting next_dagrun for example_bash_operator to 2026-05-08 00:00:00+00:00, run_after=2026-05-09 00:00:00+00:00
[2026-05-09T16:37:49.769+0100] {processor.py:183} INFO - Processing /home/najma/airflow-venv/lib/python3.12/site-packages/airflow/example_dags/example_bash_operator.py took 0.307 seconds
[2026-05-09T16:37:57.151+0100] {processor.py:161} INFO - Started process (PID=23242) to work on /home/najma/airflow-venv/lib/python3.12/site-packages/airflow/example_dags/example_bash_operator.py
[2026-05-09T16:37:57.152+0100] {processor.py:830} INFO - Processing file /home/najma/airflow-venv/lib/python3.12/site-packages/airflow/example_dags/example_bash_operator.py for tasks to queue
[2026-05-09T16:37:57.155+0100] {logging_mixin.py:188} INFO - [2026-05-09T16:37:57.154+0100] {dagbag.py:540} INFO - Filling up the DagBag from /home/najma/airflow-venv/lib/python3.12/site-packages/airflow/example_dags/example_bash_operator.py
[2026-05-09T16:37:57.165+0100] {processor.py:840} INFO - DAG(s) 'example_bash_operator' retrieved from /home/najma/airflow-venv/lib/python3.12/site-packages/airflow/example_dags/example_bash_operator.py
[2026-05-09T16:37:57.201+0100] {logging_mixin.py:188} INFO - [2026-05-09T16:37:57.201+0100] {dag.py:3096} INFO - Sync 1 DAGs
[2026-05-09T16:37:57.229+0100] {logging_mixin.py:188} INFO - [2026-05-09T16:37:57.228+0100] {dag.py:3954} INFO - Setting next_dagrun for example_bash_operator to 2026-05-08 00:00:00+00:00, run_after=2026-05-09 00:00:00+00:00
[2026-05-09T16:37:57.312+0100] {processor.py:183} INFO - Processing /home/najma/airflow-venv/lib/python3.12/site-packages/airflow/example_dags/example_bash_operator.py took 0.165 seconds
[2026-05-09T16:39:22.526+0100] {processor.py:161} INFO - Started process (PID=23354) to work on /home/najma/airflow-venv/lib/python3.12/site-packages/airflow/example_dags/example_bash_operator.py
[2026-05-09T16:39:22.530+0100] {processor.py:830} INFO - Processing file /home/najma/airflow-venv/lib/python3.12/site-packages/airflow/example_dags/example_bash_operator.py for tasks to queue
[2026-05-09T16:39:22.534+0100] {logging_mixin.py:188} INFO - [2026-05-09T16:39:22.533+0100] {dagbag.py:540} INFO - Filling up the DagBag from /home/najma/airflow-venv/lib/python3.12/site-packages/airflow/example_dags/example_bash_operator.py
[2026-05-09T16:39:22.557+0100] {processor.py:840} INFO - DAG(s) 'example_bash_operator' retrieved from /home/najma/airflow-venv/lib/python3.12/site-packages/airflow/example_dags/example_bash_operator.py
[2026-05-09T16:39:22.617+0100] {logging_mixin.py:188} INFO - [2026-05-09T16:39:22.617+0100] {dag.py:3096} INFO - Sync 1 DAGs
[2026-05-09T16:39:22.680+0100] {logging_mixin.py:188} INFO - [2026-05-09T16:39:22.680+0100] {dag.py:3954} INFO - Setting next_dagrun for example_bash_operator to 2026-05-08 00:00:00+00:00, run_after=2026-05-09 00:00:00+00:00
[2026-05-09T16:39:22.824+0100] {processor.py:183} INFO - Processing /home/najma/airflow-venv/lib/python3.12/site-packages/airflow/example_dags/example_bash_operator.py took 0.309 seconds
[2026-05-09T16:39:39.388+0100] {processor.py:161} INFO - Started process (PID=23378) to work on /home/najma/airflow-venv/lib/python3.12/site-packages/airflow/example_dags/example_bash_operator.py
[2026-05-09T16:39:39.390+0100] {processor.py:830} INFO - Processing file /home/najma/airflow-venv/lib/python3.12/site-packages/airflow/example_dags/example_bash_operator.py for tasks to queue
[2026-05-09T16:39:39.394+0100] {logging_mixin.py:188} INFO - [2026-05-09T16:39:39.393+0100] {dagbag.py:540} INFO - Filling up the DagBag from /home/najma/airflow-venv/lib/python3.12/site-packages/airflow/example_dags/example_bash_operator.py
[2026-05-09T16:39:39.413+0100] {processor.py:840} INFO - DAG(s) 'example_bash_operator' retrieved from /home/najma/airflow-venv/lib/python3.12/site-packages/airflow/example_dags/example_bash_operator.py
[2026-05-09T16:39:39.487+0100] {logging_mixin.py:188} INFO - [2026-05-09T16:39:39.487+0100] {dag.py:3096} INFO - Sync 1 DAGs
[2026-05-09T16:39:39.545+0100] {logging_mixin.py:188} INFO - [2026-05-09T16:39:39.544+0100] {dag.py:3954} INFO - Setting next_dagrun for example_bash_operator to 2026-05-08 00:00:00+00:00, run_after=2026-05-09 00:00:00+00:00
[2026-05-09T16:39:40.473+0100] {processor.py:183} INFO - Processing /home/najma/airflow-venv/lib/python3.12/site-packages/airflow/example_dags/example_bash_operator.py took 0.354 seconds
[2026-05-09T16:41:07.093+0100] {processor.py:161} INFO - Started process (PID=23500) to work on /home/najma/airflow-venv/lib/python3.12/site-packages/airflow/example_dags/example_bash_operator.py
[2026-05-09T16:41:07.096+0100] {processor.py:830} INFO - Processing file /home/najma/airflow-venv/lib/python3.12/site-packages/airflow/example_dags/example_bash_operator.py for tasks to queue
[2026-05-09T16:41:07.099+0100] {logging_mixin.py:188} INFO - [2026-05-09T16:41:07.099+0100] {dagbag.py:540} INFO - Filling up the DagBag from /home/najma/airflow-venv/lib/python3.12/site-packages/airflow/example_dags/example_bash_operator.py
[2026-05-09T16:41:07.120+0100] {processor.py:840} INFO - DAG(s) 'example_bash_operator' retrieved from /home/najma/airflow-venv/lib/python3.12/site-packages/airflow/example_dags/example_bash_operator.py
[2026-05-09T16:41:07.239+0100] {logging_mixin.py:188} INFO - [2026-05-09T16:41:07.239+0100] {dag.py:3096} INFO - Sync 1 DAGs
[2026-05-09T16:41:07.307+0100] {logging_mixin.py:188} INFO - [2026-05-09T16:41:07.307+0100] {dag.py:3954} INFO - Setting next_dagrun for example_bash_operator to 2026-05-08 00:00:00+00:00, run_after=2026-05-09 00:00:00+00:00
[2026-05-09T16:41:07.490+0100] {processor.py:183} INFO - Processing /home/najma/airflow-venv/lib/python3.12/site-packages/airflow/example_dags/example_bash_operator.py took 0.405 seconds
[2026-05-09T16:41:30.355+0100] {processor.py:161} INFO - Started process (PID=23530) to work on /home/najma/airflow-venv/lib/python3.12/site-packages/airflow/example_dags/example_bash_operator.py
[2026-05-09T16:41:30.357+0100] {processor.py:830} INFO - Processing file /home/najma/airflow-venv/lib/python3.12/site-packages/airflow/example_dags/example_bash_operator.py for tasks to queue
[2026-05-09T16:41:30.360+0100] {logging_mixin.py:188} INFO - [2026-05-09T16:41:30.359+0100] {dagbag.py:540} INFO - Filling up the DagBag from /home/najma/airflow-venv/lib/python3.12/site-packages/airflow/example_dags/example_bash_operator.py
[2026-05-09T16:41:30.376+0100] {processor.py:840} INFO - DAG(s) 'example_bash_operator' retrieved from /home/najma/airflow-venv/lib/python3.12/site-packages/airflow/example_dags/example_bash_operator.py
[2026-05-09T16:41:30.440+0100] {logging_mixin.py:188} INFO - [2026-05-09T16:41:30.439+0100] {dag.py:3096} INFO - Sync 1 DAGs
[2026-05-09T16:41:30.492+0100] {logging_mixin.py:188} INFO - [2026-05-09T16:41:30.490+0100] {dag.py:3954} INFO - Setting next_dagrun for example_bash_operator to 2026-05-08 00:00:00+00:00, run_after=2026-05-09 00:00:00+00:00
[2026-05-09T16:41:30.794+0100] {processor.py:183} INFO - Processing /home/najma/airflow-venv/lib/python3.12/site-packages/airflow/example_dags/example_bash_operator.py took 0.445 seconds
[2026-05-09T16:42:56.530+0100] {processor.py:161} INFO - Started process (PID=23639) to work on /home/najma/airflow-venv/lib/python3.12/site-packages/airflow/example_dags/example_bash_operator.py
[2026-05-09T16:42:56.533+0100] {processor.py:830} INFO - Processing file /home/najma/airflow-venv/lib/python3.12/site-packages/airflow/example_dags/example_bash_operator.py for tasks to queue
[2026-05-09T16:42:56.536+0100] {logging_mixin.py:188} INFO - [2026-05-09T16:42:56.535+0100] {dagbag.py:540} INFO - Filling up the DagBag from /home/najma/airflow-venv/lib/python3.12/site-packages/airflow/example_dags/example_bash_operator.py
[2026-05-09T16:42:56.555+0100] {processor.py:840} INFO - DAG(s) 'example_bash_operator' retrieved from /home/najma/airflow-venv/lib/python3.12/site-packages/airflow/example_dags/example_bash_operator.py
[2026-05-09T16:42:56.620+0100] {logging_mixin.py:188} INFO - [2026-05-09T16:42:56.619+0100] {dag.py:3096} INFO - Sync 1 DAGs
[2026-05-09T16:42:56.669+0100] {logging_mixin.py:188} INFO - [2026-05-09T16:42:56.669+0100] {dag.py:3954} INFO - Setting next_dagrun for example_bash_operator to 2026-05-08 00:00:00+00:00, run_after=2026-05-09 00:00:00+00:00
[2026-05-09T16:42:56.850+0100] {processor.py:183} INFO - Processing /home/najma/airflow-venv/lib/python3.12/site-packages/airflow/example_dags/example_bash_operator.py took 0.328 seconds
[2026-05-09T16:43:26.355+0100] {processor.py:161} INFO - Started process (PID=23679) to work on /home/najma/airflow-venv/lib/python3.12/site-packages/airflow/example_dags/example_bash_operator.py
[2026-05-09T16:43:26.358+0100] {processor.py:830} INFO - Processing file /home/najma/airflow-venv/lib/python3.12/site-packages/airflow/example_dags/example_bash_operator.py for tasks to queue
[2026-05-09T16:43:26.362+0100] {logging_mixin.py:188} INFO - [2026-05-09T16:43:26.361+0100] {dagbag.py:540} INFO - Filling up the DagBag from /home/najma/airflow-venv/lib/python3.12/site-packages/airflow/example_dags/example_bash_operator.py
[2026-05-09T16:43:26.384+0100] {processor.py:840} INFO - DAG(s) 'example_bash_operator' retrieved from /home/najma/airflow-venv/lib/python3.12/site-packages/airflow/example_dags/example_bash_operator.py
[2026-05-09T16:43:26.457+0100] {logging_mixin.py:188} INFO - [2026-05-09T16:43:26.456+0100] {dag.py:3096} INFO - Sync 1 DAGs
[2026-05-09T16:43:26.633+0100] {logging_mixin.py:188} INFO - [2026-05-09T16:43:26.633+0100] {dag.py:3954} INFO - Setting next_dagrun for example_bash_operator to 2026-05-08 00:00:00+00:00, run_after=2026-05-09 00:00:00+00:00
[2026-05-09T16:43:26.792+0100] {processor.py:183} INFO - Processing /home/najma/airflow-venv/lib/python3.12/site-packages/airflow/example_dags/example_bash_operator.py took 0.443 seconds
[2026-05-09T16:44:46.343+0100] {processor.py:161} INFO - Started process (PID=23785) to work on /home/najma/airflow-venv/lib/python3.12/site-packages/airflow/example_dags/example_bash_operator.py
[2026-05-09T16:44:46.345+0100] {processor.py:830} INFO - Processing file /home/najma/airflow-venv/lib/python3.12/site-packages/airflow/example_dags/example_bash_operator.py for tasks to queue
[2026-05-09T16:44:46.348+0100] {logging_mixin.py:188} INFO - [2026-05-09T16:44:46.347+0100] {dagbag.py:540} INFO - Filling up the DagBag from /home/najma/airflow-venv/lib/python3.12/site-packages/airflow/example_dags/example_bash_operator.py
[2026-05-09T16:44:46.368+0100] {processor.py:840} INFO - DAG(s) 'example_bash_operator' retrieved from /home/najma/airflow-venv/lib/python3.12/site-packages/airflow/example_dags/example_bash_operator.py
[2026-05-09T16:44:46.431+0100] {logging_mixin.py:188} INFO - [2026-05-09T16:44:46.431+0100] {dag.py:3096} INFO - Sync 1 DAGs
[2026-05-09T16:44:46.480+0100] {logging_mixin.py:188} INFO - [2026-05-09T16:44:46.479+0100] {dag.py:3954} INFO - Setting next_dagrun for example_bash_operator to 2026-05-08 00:00:00+00:00, run_after=2026-05-09 00:00:00+00:00
[2026-05-09T16:44:46.897+0100] {processor.py:183} INFO - Processing /home/najma/airflow-venv/lib/python3.12/site-packages/airflow/example_dags/example_bash_operator.py took 0.560 seconds
[2026-05-09T16:45:25.173+0100] {processor.py:161} INFO - Started process (PID=23836) to work on /home/najma/airflow-venv/lib/python3.12/site-packages/airflow/example_dags/example_bash_operator.py
[2026-05-09T16:45:25.185+0100] {processor.py:830} INFO - Processing file /home/najma/airflow-venv/lib/python3.12/site-packages/airflow/example_dags/example_bash_operator.py for tasks to queue
[2026-05-09T16:45:25.188+0100] {logging_mixin.py:188} INFO - [2026-05-09T16:45:25.187+0100] {dagbag.py:540} INFO - Filling up the DagBag from /home/najma/airflow-venv/lib/python3.12/site-packages/airflow/example_dags/example_bash_operator.py
[2026-05-09T16:45:25.234+0100] {processor.py:840} INFO - DAG(s) 'example_bash_operator' retrieved from /home/najma/airflow-venv/lib/python3.12/site-packages/airflow/example_dags/example_bash_operator.py
[2026-05-09T16:45:25.339+0100] {logging_mixin.py:188} INFO - [2026-05-09T16:45:25.339+0100] {dag.py:3096} INFO - Sync 1 DAGs
[2026-05-09T16:45:25.553+0100] {logging_mixin.py:188} INFO - [2026-05-09T16:45:25.552+0100] {dag.py:3954} INFO - Setting next_dagrun for example_bash_operator to 2026-05-08 00:00:00+00:00, run_after=2026-05-09 00:00:00+00:00
[2026-05-09T16:45:25.727+0100] {processor.py:183} INFO - Processing /home/najma/airflow-venv/lib/python3.12/site-packages/airflow/example_dags/example_bash_operator.py took 0.561 seconds
[2026-05-09T16:46:40.421+0100] {processor.py:161} INFO - Started process (PID=23929) to work on /home/najma/airflow-venv/lib/python3.12/site-packages/airflow/example_dags/example_bash_operator.py
[2026-05-09T16:46:40.424+0100] {processor.py:830} INFO - Processing file /home/najma/airflow-venv/lib/python3.12/site-packages/airflow/example_dags/example_bash_operator.py for tasks to queue
[2026-05-09T16:46:40.427+0100] {logging_mixin.py:188} INFO - [2026-05-09T16:46:40.426+0100] {dagbag.py:540} INFO - Filling up the DagBag from /home/najma/airflow-venv/lib/python3.12/site-packages/airflow/example_dags/example_bash_operator.py
[2026-05-09T16:46:40.445+0100] {processor.py:840} INFO - DAG(s) 'example_bash_operator' retrieved from /home/najma/airflow-venv/lib/python3.12/site-packages/airflow/example_dags/example_bash_operator.py
[2026-05-09T16:46:40.516+0100] {logging_mixin.py:188} INFO - [2026-05-09T16:46:40.516+0100] {dag.py:3096} INFO - Sync 1 DAGs
[2026-05-09T16:46:40.596+0100] {logging_mixin.py:188} INFO - [2026-05-09T16:46:40.596+0100] {dag.py:3954} INFO - Setting next_dagrun for example_bash_operator to 2026-05-08 00:00:00+00:00, run_after=2026-05-09 00:00:00+00:00
[2026-05-09T16:46:41.124+0100] {processor.py:183} INFO - Processing /home/najma/airflow-venv/lib/python3.12/site-packages/airflow/example_dags/example_bash_operator.py took 0.711 seconds
[2026-05-09T16:47:40.909+0100] {processor.py:161} INFO - Started process (PID=23996) to work on /home/najma/airflow-venv/lib/python3.12/site-packages/airflow/example_dags/example_bash_operator.py
[2026-05-09T16:47:40.920+0100] {processor.py:830} INFO - Processing file /home/najma/airflow-venv/lib/python3.12/site-packages/airflow/example_dags/example_bash_operator.py for tasks to queue
[2026-05-09T16:47:40.923+0100] {logging_mixin.py:188} INFO - [2026-05-09T16:47:40.923+0100] {dagbag.py:540} INFO - Filling up the DagBag from /home/najma/airflow-venv/lib/python3.12/site-packages/airflow/example_dags/example_bash_operator.py
[2026-05-09T16:47:40.969+0100] {processor.py:840} INFO - DAG(s) 'example_bash_operator' retrieved from /home/najma/airflow-venv/lib/python3.12/site-packages/airflow/example_dags/example_bash_operator.py
[2026-05-09T16:47:41.419+0100] {logging_mixin.py:188} INFO - [2026-05-09T16:47:41.419+0100] {dag.py:3096} INFO - Sync 1 DAGs
[2026-05-09T16:47:41.499+0100] {logging_mixin.py:188} INFO - [2026-05-09T16:47:41.499+0100] {dag.py:3954} INFO - Setting next_dagrun for example_bash_operator to 2026-05-08 00:00:00+00:00, run_after=2026-05-09 00:00:00+00:00
[2026-05-09T16:47:41.677+0100] {processor.py:183} INFO - Processing /home/najma/airflow-venv/lib/python3.12/site-packages/airflow/example_dags/example_bash_operator.py took 0.777 seconds
[2026-05-09T16:48:53.172+0100] {processor.py:161} INFO - Started process (PID=24085) to work on /home/najma/airflow-venv/lib/python3.12/site-packages/airflow/example_dags/example_bash_operator.py
[2026-05-09T16:48:53.174+0100] {processor.py:830} INFO - Processing file /home/najma/airflow-venv/lib/python3.12/site-packages/airflow/example_dags/example_bash_operator.py for tasks to queue
[2026-05-09T16:48:53.178+0100] {logging_mixin.py:188} INFO - [2026-05-09T16:48:53.178+0100] {dagbag.py:540} INFO - Filling up the DagBag from /home/najma/airflow-venv/lib/python3.12/site-packages/airflow/example_dags/example_bash_operator.py
[2026-05-09T16:48:53.198+0100] {processor.py:840} INFO - DAG(s) 'example_bash_operator' retrieved from /home/najma/airflow-venv/lib/python3.12/site-packages/airflow/example_dags/example_bash_operator.py
[2026-05-09T16:48:53.265+0100] {logging_mixin.py:188} INFO - [2026-05-09T16:48:53.265+0100] {dag.py:3096} INFO - Sync 1 DAGs
[2026-05-09T16:48:53.321+0100] {logging_mixin.py:188} INFO - [2026-05-09T16:48:53.320+0100] {dag.py:3954} INFO - Setting next_dagrun for example_bash_operator to 2026-05-08 00:00:00+00:00, run_after=2026-05-09 00:00:00+00:00
[2026-05-09T16:48:53.497+0100] {processor.py:183} INFO - Processing /home/najma/airflow-venv/lib/python3.12/site-packages/airflow/example_dags/example_bash_operator.py took 0.333 seconds
[2026-05-09T16:50:01.494+0100] {processor.py:161} INFO - Started process (PID=24152) to work on /home/najma/airflow-venv/lib/python3.12/site-packages/airflow/example_dags/example_bash_operator.py
[2026-05-09T16:50:01.497+0100] {processor.py:830} INFO - Processing file /home/najma/airflow-venv/lib/python3.12/site-packages/airflow/example_dags/example_bash_operator.py for tasks to queue
[2026-05-09T16:50:01.501+0100] {logging_mixin.py:188} INFO - [2026-05-09T16:50:01.500+0100] {dagbag.py:540} INFO - Filling up the DagBag from /home/najma/airflow-venv/lib/python3.12/site-packages/airflow/example_dags/example_bash_operator.py
[2026-05-09T16:50:01.522+0100] {processor.py:840} INFO - DAG(s) 'example_bash_operator' retrieved from /home/najma/airflow-venv/lib/python3.12/site-packages/airflow/example_dags/example_bash_operator.py
[2026-05-09T16:50:01.601+0100] {logging_mixin.py:188} INFO - [2026-05-09T16:50:01.600+0100] {dag.py:3096} INFO - Sync 1 DAGs
[2026-05-09T16:50:01.663+0100] {logging_mixin.py:188} INFO - [2026-05-09T16:50:01.662+0100] {dag.py:3954} INFO - Setting next_dagrun for example_bash_operator to 2026-05-08 00:00:00+00:00, run_after=2026-05-09 00:00:00+00:00
[2026-05-09T16:50:01.901+0100] {processor.py:183} INFO - Processing /home/najma/airflow-venv/lib/python3.12/site-packages/airflow/example_dags/example_bash_operator.py took 0.416 seconds
[2026-05-09T16:51:08.997+0100] {processor.py:161} INFO - Started process (PID=24242) to work on /home/najma/airflow-venv/lib/python3.12/site-packages/airflow/example_dags/example_bash_operator.py
[2026-05-09T16:51:08.999+0100] {processor.py:830} INFO - Processing file /home/najma/airflow-venv/lib/python3.12/site-packages/airflow/example_dags/example_bash_operator.py for tasks to queue
[2026-05-09T16:51:09.010+0100] {logging_mixin.py:188} INFO - [2026-05-09T16:51:09.009+0100] {dagbag.py:540} INFO - Filling up the DagBag from /home/najma/airflow-venv/lib/python3.12/site-packages/airflow/example_dags/example_bash_operator.py
[2026-05-09T16:51:09.033+0100] {processor.py:840} INFO - DAG(s) 'example_bash_operator' retrieved from /home/najma/airflow-venv/lib/python3.12/site-packages/airflow/example_dags/example_bash_operator.py
[2026-05-09T16:51:09.100+0100] {logging_mixin.py:188} INFO - [2026-05-09T16:51:09.099+0100] {dag.py:3096} INFO - Sync 1 DAGs
[2026-05-09T16:51:09.149+0100] {logging_mixin.py:188} INFO - [2026-05-09T16:51:09.149+0100] {dag.py:3954} INFO - Setting next_dagrun for example_bash_operator to 2026-05-08 00:00:00+00:00, run_after=2026-05-09 00:00:00+00:00
[2026-05-09T16:51:09.356+0100] {processor.py:183} INFO - Processing /home/najma/airflow-venv/lib/python3.12/site-packages/airflow/example_dags/example_bash_operator.py took 0.368 seconds
[2026-05-09T16:52:06.768+0100] {processor.py:161} INFO - Started process (PID=24304) to work on /home/najma/airflow-venv/lib/python3.12/site-packages/airflow/example_dags/example_bash_operator.py
[2026-05-09T16:52:06.770+0100] {processor.py:830} INFO - Processing file /home/najma/airflow-venv/lib/python3.12/site-packages/airflow/example_dags/example_bash_operator.py for tasks to queue
[2026-05-09T16:52:06.781+0100] {logging_mixin.py:188} INFO - [2026-05-09T16:52:06.781+0100] {dagbag.py:540} INFO - Filling up the DagBag from /home/najma/airflow-venv/lib/python3.12/site-packages/airflow/example_dags/example_bash_operator.py
[2026-05-09T16:52:06.829+0100] {processor.py:840} INFO - DAG(s) 'example_bash_operator' retrieved from /home/najma/airflow-venv/lib/python3.12/site-packages/airflow/example_dags/example_bash_operator.py
[2026-05-09T16:52:06.918+0100] {logging_mixin.py:188} INFO - [2026-05-09T16:52:06.917+0100] {dag.py:3096} INFO - Sync 1 DAGs
[2026-05-09T16:52:07.005+0100] {logging_mixin.py:188} INFO - [2026-05-09T16:52:07.004+0100] {dag.py:3954} INFO - Setting next_dagrun for example_bash_operator to 2026-05-08 00:00:00+00:00, run_after=2026-05-09 00:00:00+00:00
[2026-05-09T16:52:07.216+0100] {processor.py:183} INFO - Processing /home/najma/airflow-venv/lib/python3.12/site-packages/airflow/example_dags/example_bash_operator.py took 0.463 seconds
[2026-05-09T16:53:51.158+0100] {processor.py:161} INFO - Started process (PID=24406) to work on /home/najma/airflow-venv/lib/python3.12/site-packages/airflow/example_dags/example_bash_operator.py
[2026-05-09T16:53:51.173+0100] {processor.py:830} INFO - Processing file /home/najma/airflow-venv/lib/python3.12/site-packages/airflow/example_dags/example_bash_operator.py for tasks to queue
[2026-05-09T16:53:51.177+0100] {logging_mixin.py:188} INFO - [2026-05-09T16:53:51.176+0100] {dagbag.py:540} INFO - Filling up the DagBag from /home/najma/airflow-venv/lib/python3.12/site-packages/airflow/example_dags/example_bash_operator.py
[2026-05-09T16:53:51.195+0100] {processor.py:840} INFO - DAG(s) 'example_bash_operator' retrieved from /home/najma/airflow-venv/lib/python3.12/site-packages/airflow/example_dags/example_bash_operator.py
[2026-05-09T16:53:51.283+0100] {logging_mixin.py:188} INFO - [2026-05-09T16:53:51.283+0100] {dag.py:3096} INFO - Sync 1 DAGs
[2026-05-09T16:53:51.385+0100] {logging_mixin.py:188} INFO - [2026-05-09T16:53:51.384+0100] {dag.py:3954} INFO - Setting next_dagrun for example_bash_operator to 2026-05-08 00:00:00+00:00, run_after=2026-05-09 00:00:00+00:00
[2026-05-09T16:53:51.626+0100] {processor.py:183} INFO - Processing /home/najma/airflow-venv/lib/python3.12/site-packages/airflow/example_dags/example_bash_operator.py took 0.475 seconds
[2026-05-09T16:55:16.749+0100] {processor.py:161} INFO - Started process (PID=24475) to work on /home/najma/airflow-venv/lib/python3.12/site-packages/airflow/example_dags/example_bash_operator.py
[2026-05-09T16:55:16.762+0100] {processor.py:830} INFO - Processing file /home/najma/airflow-venv/lib/python3.12/site-packages/airflow/example_dags/example_bash_operator.py for tasks to queue
[2026-05-09T16:55:16.771+0100] {logging_mixin.py:188} INFO - [2026-05-09T16:55:16.770+0100] {dagbag.py:540} INFO - Filling up the DagBag from /home/najma/airflow-venv/lib/python3.12/site-packages/airflow/example_dags/example_bash_operator.py
[2026-05-09T16:55:16.853+0100] {processor.py:840} INFO - DAG(s) 'example_bash_operator' retrieved from /home/najma/airflow-venv/lib/python3.12/site-packages/airflow/example_dags/example_bash_operator.py
[2026-05-09T16:55:17.054+0100] {logging_mixin.py:188} INFO - [2026-05-09T16:55:17.054+0100] {dag.py:3096} INFO - Sync 1 DAGs
[2026-05-09T16:55:17.188+0100] {logging_mixin.py:188} INFO - [2026-05-09T16:55:17.187+0100] {dag.py:3954} INFO - Setting next_dagrun for example_bash_operator to 2026-05-08 00:00:00+00:00, run_after=2026-05-09 00:00:00+00:00
[2026-05-09T16:55:17.517+0100] {processor.py:183} INFO - Processing /home/najma/airflow-venv/lib/python3.12/site-packages/airflow/example_dags/example_bash_operator.py took 0.864 seconds
[2026-05-09T16:57:13.259+0100] {processor.py:161} INFO - Started process (PID=24583) to work on /home/najma/airflow-venv/lib/python3.12/site-packages/airflow/example_dags/example_bash_operator.py
[2026-05-09T16:57:13.318+0100] {processor.py:830} INFO - Processing file /home/najma/airflow-venv/lib/python3.12/site-packages/airflow/example_dags/example_bash_operator.py for tasks to queue
[2026-05-09T16:57:13.321+0100] {logging_mixin.py:188} INFO - [2026-05-09T16:57:13.321+0100] {dagbag.py:540} INFO - Filling up the DagBag from /home/najma/airflow-venv/lib/python3.12/site-packages/airflow/example_dags/example_bash_operator.py
[2026-05-09T16:57:13.351+0100] {processor.py:840} INFO - DAG(s) 'example_bash_operator' retrieved from /home/najma/airflow-venv/lib/python3.12/site-packages/airflow/example_dags/example_bash_operator.py
[2026-05-09T16:57:13.789+0100] {logging_mixin.py:188} INFO - [2026-05-09T16:57:13.788+0100] {dag.py:3096} INFO - Sync 1 DAGs
[2026-05-09T16:57:14.304+0100] {logging_mixin.py:188} INFO - [2026-05-09T16:57:14.304+0100] {dag.py:3954} INFO - Setting next_dagrun for example_bash_operator to 2026-05-08 00:00:00+00:00, run_after=2026-05-09 00:00:00+00:00
[2026-05-09T16:57:16.483+0100] {processor.py:183} INFO - Processing /home/najma/airflow-venv/lib/python3.12/site-packages/airflow/example_dags/example_bash_operator.py took 3.233 seconds
[2026-05-09T16:57:34.050+0100] {processor.py:161} INFO - Started process (PID=24607) to work on /home/najma/airflow-venv/lib/python3.12/site-packages/airflow/example_dags/example_bash_operator.py
[2026-05-09T16:57:34.052+0100] {processor.py:830} INFO - Processing file /home/najma/airflow-venv/lib/python3.12/site-packages/airflow/example_dags/example_bash_operator.py for tasks to queue
[2026-05-09T16:57:34.059+0100] {logging_mixin.py:188} INFO - [2026-05-09T16:57:34.059+0100] {dagbag.py:540} INFO - Filling up the DagBag from /home/najma/airflow-venv/lib/python3.12/site-packages/airflow/example_dags/example_bash_operator.py
[2026-05-09T16:57:34.071+0100] {processor.py:840} INFO - DAG(s) 'example_bash_operator' retrieved from /home/najma/airflow-venv/lib/python3.12/site-packages/airflow/example_dags/example_bash_operator.py
[2026-05-09T16:57:34.136+0100] {logging_mixin.py:188} INFO - [2026-05-09T16:57:34.136+0100] {dag.py:3096} INFO - Sync 1 DAGs
[2026-05-09T16:57:34.189+0100] {logging_mixin.py:188} INFO - [2026-05-09T16:57:34.189+0100] {dag.py:3954} INFO - Setting next_dagrun for example_bash_operator to 2026-05-08 00:00:00+00:00, run_after=2026-05-09 00:00:00+00:00
[2026-05-09T16:57:34.329+0100] {processor.py:183} INFO - Processing /home/najma/airflow-venv/lib/python3.12/site-packages/airflow/example_dags/example_bash_operator.py took 0.285 seconds
[2026-05-09T16:58:48.499+0100] {processor.py:161} INFO - Started process (PID=24693) to work on /home/najma/airflow-venv/lib/python3.12/site-packages/airflow/example_dags/example_bash_operator.py
[2026-05-09T16:58:48.502+0100] {processor.py:830} INFO - Processing file /home/najma/airflow-venv/lib/python3.12/site-packages/airflow/example_dags/example_bash_operator.py for tasks to queue
[2026-05-09T16:58:48.504+0100] {logging_mixin.py:188} INFO - [2026-05-09T16:58:48.504+0100] {dagbag.py:540} INFO - Filling up the DagBag from /home/najma/airflow-venv/lib/python3.12/site-packages/airflow/example_dags/example_bash_operator.py
[2026-05-09T16:58:48.515+0100] {processor.py:840} INFO - DAG(s) 'example_bash_operator' retrieved from /home/najma/airflow-venv/lib/python3.12/site-packages/airflow/example_dags/example_bash_operator.py
[2026-05-09T16:58:48.564+0100] {logging_mixin.py:188} INFO - [2026-05-09T16:58:48.564+0100] {dag.py:3096} INFO - Sync 1 DAGs
[2026-05-09T16:58:48.600+0100] {logging_mixin.py:188} INFO - [2026-05-09T16:58:48.600+0100] {dag.py:3954} INFO - Setting next_dagrun for example_bash_operator to 2026-05-08 00:00:00+00:00, run_after=2026-05-09 00:00:00+00:00
[2026-05-09T16:58:48.807+0100] {processor.py:183} INFO - Processing /home/najma/airflow-venv/lib/python3.12/site-packages/airflow/example_dags/example_bash_operator.py took 0.312 seconds
[2026-05-09T16:59:37.459+0100] {processor.py:161} INFO - Started process (PID=24774) to work on /home/najma/airflow-venv/lib/python3.12/site-packages/airflow/example_dags/example_bash_operator.py
[2026-05-09T16:59:37.460+0100] {processor.py:830} INFO - Processing file /home/najma/airflow-venv/lib/python3.12/site-packages/airflow/example_dags/example_bash_operator.py for tasks to queue
[2026-05-09T16:59:37.462+0100] {logging_mixin.py:188} INFO - [2026-05-09T16:59:37.462+0100] {dagbag.py:540} INFO - Filling up the DagBag from /home/najma/airflow-venv/lib/python3.12/site-packages/airflow/example_dags/example_bash_operator.py
[2026-05-09T16:59:37.471+0100] {processor.py:840} INFO - DAG(s) 'example_bash_operator' retrieved from /home/najma/airflow-venv/lib/python3.12/site-packages/airflow/example_dags/example_bash_operator.py
[2026-05-09T16:59:37.508+0100] {logging_mixin.py:188} INFO - [2026-05-09T16:59:37.507+0100] {dag.py:3096} INFO - Sync 1 DAGs
[2026-05-09T16:59:37.536+0100] {logging_mixin.py:188} INFO - [2026-05-09T16:59:37.536+0100] {dag.py:3954} INFO - Setting next_dagrun for example_bash_operator to 2026-05-08 00:00:00+00:00, run_after=2026-05-09 00:00:00+00:00
[2026-05-09T16:59:37.630+0100] {processor.py:183} INFO - Processing /home/najma/airflow-venv/lib/python3.12/site-packages/airflow/example_dags/example_bash_operator.py took 0.175 seconds
[2026-05-09T17:00:16.970+0100] {processor.py:161} INFO - Started process (PID=24844) to work on /home/najma/airflow-venv/lib/python3.12/site-packages/airflow/example_dags/example_bash_operator.py
[2026-05-09T17:00:16.972+0100] {processor.py:830} INFO - Processing file /home/najma/airflow-venv/lib/python3.12/site-packages/airflow/example_dags/example_bash_operator.py for tasks to queue
[2026-05-09T17:00:16.974+0100] {logging_mixin.py:188} INFO - [2026-05-09T17:00:16.974+0100] {dagbag.py:540} INFO - Filling up the DagBag from /home/najma/airflow-venv/lib/python3.12/site-packages/airflow/example_dags/example_bash_operator.py
[2026-05-09T17:00:16.984+0100] {processor.py:840} INFO - DAG(s) 'example_bash_operator' retrieved from /home/najma/airflow-venv/lib/python3.12/site-packages/airflow/example_dags/example_bash_operator.py
[2026-05-09T17:00:17.017+0100] {logging_mixin.py:188} INFO - [2026-05-09T17:00:17.017+0100] {dag.py:3096} INFO - Sync 1 DAGs
[2026-05-09T17:00:17.045+0100] {logging_mixin.py:188} INFO - [2026-05-09T17:00:17.045+0100] {dag.py:3954} INFO - Setting next_dagrun for example_bash_operator to 2026-05-08 00:00:00+00:00, run_after=2026-05-09 00:00:00+00:00
[2026-05-09T17:00:17.139+0100] {processor.py:183} INFO - Processing /home/najma/airflow-venv/lib/python3.12/site-packages/airflow/example_dags/example_bash_operator.py took 0.172 seconds
[2026-05-09T17:00:44.708+0100] {processor.py:161} INFO - Started process (PID=24892) to work on /home/najma/airflow-venv/lib/python3.12/site-packages/airflow/example_dags/example_bash_operator.py
[2026-05-09T17:00:44.710+0100] {processor.py:830} INFO - Processing file /home/najma/airflow-venv/lib/python3.12/site-packages/airflow/example_dags/example_bash_operator.py for tasks to queue
[2026-05-09T17:00:44.712+0100] {logging_mixin.py:188} INFO - [2026-05-09T17:00:44.712+0100] {dagbag.py:540} INFO - Filling up the DagBag from /home/najma/airflow-venv/lib/python3.12/site-packages/airflow/example_dags/example_bash_operator.py
[2026-05-09T17:00:44.720+0100] {processor.py:840} INFO - DAG(s) 'example_bash_operator' retrieved from /home/najma/airflow-venv/lib/python3.12/site-packages/airflow/example_dags/example_bash_operator.py
[2026-05-09T17:00:44.756+0100] {logging_mixin.py:188} INFO - [2026-05-09T17:00:44.756+0100] {dag.py:3096} INFO - Sync 1 DAGs
[2026-05-09T17:00:44.791+0100] {logging_mixin.py:188} INFO - [2026-05-09T17:00:44.791+0100] {dag.py:3954} INFO - Setting next_dagrun for example_bash_operator to 2026-05-08 00:00:00+00:00, run_after=2026-05-09 00:00:00+00:00
[2026-05-09T17:00:44.892+0100] {processor.py:183} INFO - Processing /home/najma/airflow-venv/lib/python3.12/site-packages/airflow/example_dags/example_bash_operator.py took 0.187 seconds
[2026-05-09T17:01:24.495+0100] {processor.py:161} INFO - Started process (PID=24963) to work on /home/najma/airflow-venv/lib/python3.12/site-packages/airflow/example_dags/example_bash_operator.py
[2026-05-09T17:01:24.496+0100] {processor.py:830} INFO - Processing file /home/najma/airflow-venv/lib/python3.12/site-packages/airflow/example_dags/example_bash_operator.py for tasks to queue
[2026-05-09T17:01:24.498+0100] {logging_mixin.py:188} INFO - [2026-05-09T17:01:24.498+0100] {dagbag.py:540} INFO - Filling up the DagBag from /home/najma/airflow-venv/lib/python3.12/site-packages/airflow/example_dags/example_bash_operator.py
[2026-05-09T17:01:24.508+0100] {processor.py:840} INFO - DAG(s) 'example_bash_operator' retrieved from /home/najma/airflow-venv/lib/python3.12/site-packages/airflow/example_dags/example_bash_operator.py
[2026-05-09T17:01:24.538+0100] {logging_mixin.py:188} INFO - [2026-05-09T17:01:24.538+0100] {dag.py:3096} INFO - Sync 1 DAGs
[2026-05-09T17:01:24.560+0100] {logging_mixin.py:188} INFO - [2026-05-09T17:01:24.560+0100] {dag.py:3954} INFO - Setting next_dagrun for example_bash_operator to 2026-05-08 00:00:00+00:00, run_after=2026-05-09 00:00:00+00:00
[2026-05-09T17:01:24.646+0100] {processor.py:183} INFO - Processing /home/najma/airflow-venv/lib/python3.12/site-packages/airflow/example_dags/example_bash_operator.py took 0.155 seconds
[2026-05-09T17:02:03.759+0100] {processor.py:161} INFO - Started process (PID=25023) to work on /home/najma/airflow-venv/lib/python3.12/site-packages/airflow/example_dags/example_bash_operator.py
[2026-05-09T17:02:03.760+0100] {processor.py:830} INFO - Processing file /home/najma/airflow-venv/lib/python3.12/site-packages/airflow/example_dags/example_bash_operator.py for tasks to queue
[2026-05-09T17:02:03.762+0100] {logging_mixin.py:188} INFO - [2026-05-09T17:02:03.762+0100] {dagbag.py:540} INFO - Filling up the DagBag from /home/najma/airflow-venv/lib/python3.12/site-packages/airflow/example_dags/example_bash_operator.py
[2026-05-09T17:02:03.788+0100] {processor.py:840} INFO - DAG(s) 'example_bash_operator' retrieved from /home/najma/airflow-venv/lib/python3.12/site-packages/airflow/example_dags/example_bash_operator.py
[2026-05-09T17:02:03.840+0100] {logging_mixin.py:188} INFO - [2026-05-09T17:02:03.839+0100] {dag.py:3096} INFO - Sync 1 DAGs
[2026-05-09T17:02:03.871+0100] {logging_mixin.py:188} INFO - [2026-05-09T17:02:03.870+0100] {dag.py:3954} INFO - Setting next_dagrun for example_bash_operator to 2026-05-08 00:00:00+00:00, run_after=2026-05-09 00:00:00+00:00
[2026-05-09T17:02:03.970+0100] {processor.py:183} INFO - Processing /home/najma/airflow-venv/lib/python3.12/site-packages/airflow/example_dags/example_bash_operator.py took 0.216 seconds
[2026-05-09T17:02:56.830+0100] {processor.py:161} INFO - Started process (PID=25107) to work on /home/najma/airflow-venv/lib/python3.12/site-packages/airflow/example_dags/example_bash_operator.py
[2026-05-09T17:02:56.831+0100] {processor.py:830} INFO - Processing file /home/najma/airflow-venv/lib/python3.12/site-packages/airflow/example_dags/example_bash_operator.py for tasks to queue
[2026-05-09T17:02:56.834+0100] {logging_mixin.py:188} INFO - [2026-05-09T17:02:56.833+0100] {dagbag.py:540} INFO - Filling up the DagBag from /home/najma/airflow-venv/lib/python3.12/site-packages/airflow/example_dags/example_bash_operator.py
[2026-05-09T17:02:56.851+0100] {processor.py:840} INFO - DAG(s) 'example_bash_operator' retrieved from /home/najma/airflow-venv/lib/python3.12/site-packages/airflow/example_dags/example_bash_operator.py
[2026-05-09T17:02:56.894+0100] {logging_mixin.py:188} INFO - [2026-05-09T17:02:56.893+0100] {dag.py:3096} INFO - Sync 1 DAGs
[2026-05-09T17:02:56.918+0100] {logging_mixin.py:188} INFO - [2026-05-09T17:02:56.917+0100] {dag.py:3954} INFO - Setting next_dagrun for example_bash_operator to 2026-05-08 00:00:00+00:00, run_after=2026-05-09 00:00:00+00:00
[2026-05-09T17:02:56.997+0100] {processor.py:183} INFO - Processing /home/najma/airflow-venv/lib/python3.12/site-packages/airflow/example_dags/example_bash_operator.py took 0.173 seconds
[2026-05-09T17:03:34.715+0100] {processor.py:161} INFO - Started process (PID=25165) to work on /home/najma/airflow-venv/lib/python3.12/site-packages/airflow/example_dags/example_bash_operator.py
[2026-05-09T17:03:34.720+0100] {processor.py:830} INFO - Processing file /home/najma/airflow-venv/lib/python3.12/site-packages/airflow/example_dags/example_bash_operator.py for tasks to queue
[2026-05-09T17:03:34.744+0100] {logging_mixin.py:188} INFO - [2026-05-09T17:03:34.729+0100] {dagbag.py:540} INFO - Filling up the DagBag from /home/najma/airflow-venv/lib/python3.12/site-packages/airflow/example_dags/example_bash_operator.py
[2026-05-09T17:03:34.762+0100] {processor.py:840} INFO - DAG(s) 'example_bash_operator' retrieved from /home/najma/airflow-venv/lib/python3.12/site-packages/airflow/example_dags/example_bash_operator.py
[2026-05-09T17:03:34.828+0100] {logging_mixin.py:188} INFO - [2026-05-09T17:03:34.828+0100] {dag.py:3096} INFO - Sync 1 DAGs
[2026-05-09T17:03:34.882+0100] {logging_mixin.py:188} INFO - [2026-05-09T17:03:34.882+0100] {dag.py:3954} INFO - Setting next_dagrun for example_bash_operator to 2026-05-08 00:00:00+00:00, run_after=2026-05-09 00:00:00+00:00
[2026-05-09T17:03:35.013+0100] {processor.py:183} INFO - Processing /home/najma/airflow-venv/lib/python3.12/site-packages/airflow/example_dags/example_bash_operator.py took 0.303 seconds
[2026-05-09T17:04:13.683+0100] {processor.py:161} INFO - Started process (PID=25235) to work on /home/najma/airflow-venv/lib/python3.12/site-packages/airflow/example_dags/example_bash_operator.py
[2026-05-09T17:04:13.685+0100] {processor.py:830} INFO - Processing file /home/najma/airflow-venv/lib/python3.12/site-packages/airflow/example_dags/example_bash_operator.py for tasks to queue
[2026-05-09T17:04:13.689+0100] {logging_mixin.py:188} INFO - [2026-05-09T17:04:13.689+0100] {dagbag.py:540} INFO - Filling up the DagBag from /home/najma/airflow-venv/lib/python3.12/site-packages/airflow/example_dags/example_bash_operator.py
[2026-05-09T17:04:13.700+0100] {processor.py:840} INFO - DAG(s) 'example_bash_operator' retrieved from /home/najma/airflow-venv/lib/python3.12/site-packages/airflow/example_dags/example_bash_operator.py
[2026-05-09T17:04:13.732+0100] {logging_mixin.py:188} INFO - [2026-05-09T17:04:13.732+0100] {dag.py:3096} INFO - Sync 1 DAGs
[2026-05-09T17:04:13.760+0100] {logging_mixin.py:188} INFO - [2026-05-09T17:04:13.759+0100] {dag.py:3954} INFO - Setting next_dagrun for example_bash_operator to 2026-05-08 00:00:00+00:00, run_after=2026-05-09 00:00:00+00:00
[2026-05-09T17:04:13.854+0100] {processor.py:183} INFO - Processing /home/najma/airflow-venv/lib/python3.12/site-packages/airflow/example_dags/example_bash_operator.py took 0.174 seconds
[2026-05-09T17:52:38.004+0100] {processor.py:161} INFO - Started process (PID=25323) to work on /home/najma/airflow-venv/lib/python3.12/site-packages/airflow/example_dags/example_bash_operator.py
[2026-05-09T17:52:38.006+0100] {processor.py:830} INFO - Processing file /home/najma/airflow-venv/lib/python3.12/site-packages/airflow/example_dags/example_bash_operator.py for tasks to queue
[2026-05-09T17:52:38.009+0100] {logging_mixin.py:188} INFO - [2026-05-09T17:52:38.009+0100] {dagbag.py:540} INFO - Filling up the DagBag from /home/najma/airflow-venv/lib/python3.12/site-packages/airflow/example_dags/example_bash_operator.py
[2026-05-09T17:52:38.056+0100] {processor.py:840} INFO - DAG(s) 'example_bash_operator' retrieved from /home/najma/airflow-venv/lib/python3.12/site-packages/airflow/example_dags/example_bash_operator.py
[2026-05-09T17:52:38.457+0100] {logging_mixin.py:188} INFO - [2026-05-09T17:52:38.456+0100] {dag.py:3096} INFO - Sync 1 DAGs
[2026-05-09T17:52:38.590+0100] {logging_mixin.py:188} INFO - [2026-05-09T17:52:38.589+0100] {dag.py:3954} INFO - Setting next_dagrun for example_bash_operator to 2026-05-08 00:00:00+00:00, run_after=2026-05-09 00:00:00+00:00
[2026-05-09T17:52:38.810+0100] {processor.py:183} INFO - Processing /home/najma/airflow-venv/lib/python3.12/site-packages/airflow/example_dags/example_bash_operator.py took 0.812 seconds
[2026-05-09T17:53:37.936+0100] {processor.py:161} INFO - Started process (PID=25396) to work on /home/najma/airflow-venv/lib/python3.12/site-packages/airflow/example_dags/example_bash_operator.py
[2026-05-09T17:53:37.940+0100] {processor.py:830} INFO - Processing file /home/najma/airflow-venv/lib/python3.12/site-packages/airflow/example_dags/example_bash_operator.py for tasks to queue
[2026-05-09T17:53:37.943+0100] {logging_mixin.py:188} INFO - [2026-05-09T17:53:37.942+0100] {dagbag.py:540} INFO - Filling up the DagBag from /home/najma/airflow-venv/lib/python3.12/site-packages/airflow/example_dags/example_bash_operator.py
[2026-05-09T17:53:37.982+0100] {processor.py:840} INFO - DAG(s) 'example_bash_operator' retrieved from /home/najma/airflow-venv/lib/python3.12/site-packages/airflow/example_dags/example_bash_operator.py
[2026-05-09T17:53:38.074+0100] {logging_mixin.py:188} INFO - [2026-05-09T17:53:38.074+0100] {dag.py:3096} INFO - Sync 1 DAGs
[2026-05-09T17:53:38.117+0100] {logging_mixin.py:188} INFO - [2026-05-09T17:53:38.117+0100] {dag.py:3954} INFO - Setting next_dagrun for example_bash_operator to 2026-05-08 00:00:00+00:00, run_after=2026-05-09 00:00:00+00:00
[2026-05-09T17:53:38.253+0100] {processor.py:183} INFO - Processing /home/najma/airflow-venv/lib/python3.12/site-packages/airflow/example_dags/example_bash_operator.py took 0.327 seconds
[2026-05-09T17:54:29.671+0100] {processor.py:161} INFO - Started process (PID=25471) to work on /home/najma/airflow-venv/lib/python3.12/site-packages/airflow/example_dags/example_bash_operator.py
[2026-05-09T17:54:29.672+0100] {processor.py:830} INFO - Processing file /home/najma/airflow-venv/lib/python3.12/site-packages/airflow/example_dags/example_bash_operator.py for tasks to queue
[2026-05-09T17:54:29.675+0100] {logging_mixin.py:188} INFO - [2026-05-09T17:54:29.674+0100] {dagbag.py:540} INFO - Filling up the DagBag from /home/najma/airflow-venv/lib/python3.12/site-packages/airflow/example_dags/example_bash_operator.py
[2026-05-09T17:54:29.692+0100] {processor.py:840} INFO - DAG(s) 'example_bash_operator' retrieved from /home/najma/airflow-venv/lib/python3.12/site-packages/airflow/example_dags/example_bash_operator.py
[2026-05-09T17:54:29.732+0100] {logging_mixin.py:188} INFO - [2026-05-09T17:54:29.732+0100] {dag.py:3096} INFO - Sync 1 DAGs
[2026-05-09T17:54:29.762+0100] {logging_mixin.py:188} INFO - [2026-05-09T17:54:29.762+0100] {dag.py:3954} INFO - Setting next_dagrun for example_bash_operator to 2026-05-08 00:00:00+00:00, run_after=2026-05-09 00:00:00+00:00
[2026-05-09T17:54:29.929+0100] {processor.py:183} INFO - Processing /home/najma/airflow-venv/lib/python3.12/site-packages/airflow/example_dags/example_bash_operator.py took 0.263 seconds
[2026-05-09T17:55:15.084+0100] {processor.py:161} INFO - Started process (PID=25541) to work on /home/najma/airflow-venv/lib/python3.12/site-packages/airflow/example_dags/example_bash_operator.py
[2026-05-09T17:55:15.086+0100] {processor.py:830} INFO - Processing file /home/najma/airflow-venv/lib/python3.12/site-packages/airflow/example_dags/example_bash_operator.py for tasks to queue
[2026-05-09T17:55:15.088+0100] {logging_mixin.py:188} INFO - [2026-05-09T17:55:15.087+0100] {dagbag.py:540} INFO - Filling up the DagBag from /home/najma/airflow-venv/lib/python3.12/site-packages/airflow/example_dags/example_bash_operator.py
[2026-05-09T17:55:15.103+0100] {processor.py:840} INFO - DAG(s) 'example_bash_operator' retrieved from /home/najma/airflow-venv/lib/python3.12/site-packages/airflow/example_dags/example_bash_operator.py
[2026-05-09T17:55:15.185+0100] {logging_mixin.py:188} INFO - [2026-05-09T17:55:15.185+0100] {dag.py:3096} INFO - Sync 1 DAGs
[2026-05-09T17:55:15.227+0100] {logging_mixin.py:188} INFO - [2026-05-09T17:55:15.227+0100] {dag.py:3954} INFO - Setting next_dagrun for example_bash_operator to 2026-05-08 00:00:00+00:00, run_after=2026-05-09 00:00:00+00:00
[2026-05-09T17:55:15.350+0100] {processor.py:183} INFO - Processing /home/najma/airflow-venv/lib/python3.12/site-packages/airflow/example_dags/example_bash_operator.py took 0.271 seconds
[2026-05-09T17:55:53.171+0100] {processor.py:161} INFO - Started process (PID=25598) to work on /home/najma/airflow-venv/lib/python3.12/site-packages/airflow/example_dags/example_bash_operator.py
[2026-05-09T17:55:53.172+0100] {processor.py:830} INFO - Processing file /home/najma/airflow-venv/lib/python3.12/site-packages/airflow/example_dags/example_bash_operator.py for tasks to queue
[2026-05-09T17:55:53.174+0100] {logging_mixin.py:188} INFO - [2026-05-09T17:55:53.174+0100] {dagbag.py:540} INFO - Filling up the DagBag from /home/najma/airflow-venv/lib/python3.12/site-packages/airflow/example_dags/example_bash_operator.py
[2026-05-09T17:55:53.184+0100] {processor.py:840} INFO - DAG(s) 'example_bash_operator' retrieved from /home/najma/airflow-venv/lib/python3.12/site-packages/airflow/example_dags/example_bash_operator.py
[2026-05-09T17:55:53.223+0100] {logging_mixin.py:188} INFO - [2026-05-09T17:55:53.222+0100] {dag.py:3096} INFO - Sync 1 DAGs
[2026-05-09T17:55:53.253+0100] {logging_mixin.py:188} INFO - [2026-05-09T17:55:53.253+0100] {dag.py:3954} INFO - Setting next_dagrun for example_bash_operator to 2026-05-08 00:00:00+00:00, run_after=2026-05-09 00:00:00+00:00
[2026-05-09T17:55:53.366+0100] {processor.py:183} INFO - Processing /home/najma/airflow-venv/lib/python3.12/site-packages/airflow/example_dags/example_bash_operator.py took 0.199 seconds
[2026-05-09T17:56:34.873+0100] {processor.py:161} INFO - Started process (PID=25668) to work on /home/najma/airflow-venv/lib/python3.12/site-packages/airflow/example_dags/example_bash_operator.py
[2026-05-09T17:56:34.874+0100] {processor.py:830} INFO - Processing file /home/najma/airflow-venv/lib/python3.12/site-packages/airflow/example_dags/example_bash_operator.py for tasks to queue
[2026-05-09T17:56:34.876+0100] {logging_mixin.py:188} INFO - [2026-05-09T17:56:34.876+0100] {dagbag.py:540} INFO - Filling up the DagBag from /home/najma/airflow-venv/lib/python3.12/site-packages/airflow/example_dags/example_bash_operator.py
[2026-05-09T17:56:34.887+0100] {processor.py:840} INFO - DAG(s) 'example_bash_operator' retrieved from /home/najma/airflow-venv/lib/python3.12/site-packages/airflow/example_dags/example_bash_operator.py
[2026-05-09T17:56:34.930+0100] {logging_mixin.py:188} INFO - [2026-05-09T17:56:34.930+0100] {dag.py:3096} INFO - Sync 1 DAGs
[2026-05-09T17:56:34.980+0100] {logging_mixin.py:188} INFO - [2026-05-09T17:56:34.980+0100] {dag.py:3954} INFO - Setting next_dagrun for example_bash_operator to 2026-05-08 00:00:00+00:00, run_after=2026-05-09 00:00:00+00:00
[2026-05-09T17:56:35.094+0100] {processor.py:183} INFO - Processing /home/najma/airflow-venv/lib/python3.12/site-packages/airflow/example_dags/example_bash_operator.py took 0.226 seconds
[2026-05-09T17:57:07.960+0100] {processor.py:161} INFO - Started process (PID=25725) to work on /home/najma/airflow-venv/lib/python3.12/site-packages/airflow/example_dags/example_bash_operator.py
[2026-05-09T17:57:07.962+0100] {processor.py:830} INFO - Processing file /home/najma/airflow-venv/lib/python3.12/site-packages/airflow/example_dags/example_bash_operator.py for tasks to queue
[2026-05-09T17:57:07.963+0100] {logging_mixin.py:188} INFO - [2026-05-09T17:57:07.963+0100] {dagbag.py:540} INFO - Filling up the DagBag from /home/najma/airflow-venv/lib/python3.12/site-packages/airflow/example_dags/example_bash_operator.py
[2026-05-09T17:57:07.976+0100] {processor.py:840} INFO - DAG(s) 'example_bash_operator' retrieved from /home/najma/airflow-venv/lib/python3.12/site-packages/airflow/example_dags/example_bash_operator.py
[2026-05-09T17:57:08.029+0100] {logging_mixin.py:188} INFO - [2026-05-09T17:57:08.029+0100] {dag.py:3096} INFO - Sync 1 DAGs
[2026-05-09T17:57:08.072+0100] {logging_mixin.py:188} INFO - [2026-05-09T17:57:08.072+0100] {dag.py:3954} INFO - Setting next_dagrun for example_bash_operator to 2026-05-08 00:00:00+00:00, run_after=2026-05-09 00:00:00+00:00
[2026-05-09T17:57:08.372+0100] {processor.py:183} INFO - Processing /home/najma/airflow-venv/lib/python3.12/site-packages/airflow/example_dags/example_bash_operator.py took 0.416 seconds
[2026-05-09T17:57:54.115+0100] {processor.py:161} INFO - Started process (PID=25792) to work on /home/najma/airflow-venv/lib/python3.12/site-packages/airflow/example_dags/example_bash_operator.py
[2026-05-09T17:57:54.117+0100] {processor.py:830} INFO - Processing file /home/najma/airflow-venv/lib/python3.12/site-packages/airflow/example_dags/example_bash_operator.py for tasks to queue
[2026-05-09T17:57:54.119+0100] {logging_mixin.py:188} INFO - [2026-05-09T17:57:54.118+0100] {dagbag.py:540} INFO - Filling up the DagBag from /home/najma/airflow-venv/lib/python3.12/site-packages/airflow/example_dags/example_bash_operator.py
[2026-05-09T17:57:54.131+0100] {processor.py:840} INFO - DAG(s) 'example_bash_operator' retrieved from /home/najma/airflow-venv/lib/python3.12/site-packages/airflow/example_dags/example_bash_operator.py
[2026-05-09T17:57:54.170+0100] {logging_mixin.py:188} INFO - [2026-05-09T17:57:54.170+0100] {dag.py:3096} INFO - Sync 1 DAGs
[2026-05-09T17:57:54.208+0100] {logging_mixin.py:188} INFO - [2026-05-09T17:57:54.207+0100] {dag.py:3954} INFO - Setting next_dagrun for example_bash_operator to 2026-05-08 00:00:00+00:00, run_after=2026-05-09 00:00:00+00:00
[2026-05-09T17:57:54.332+0100] {processor.py:183} INFO - Processing /home/najma/airflow-venv/lib/python3.12/site-packages/airflow/example_dags/example_bash_operator.py took 0.221 seconds
[2026-05-09T17:58:26.868+0100] {processor.py:161} INFO - Started process (PID=25845) to work on /home/najma/airflow-venv/lib/python3.12/site-packages/airflow/example_dags/example_bash_operator.py
[2026-05-09T17:58:26.869+0100] {processor.py:830} INFO - Processing file /home/najma/airflow-venv/lib/python3.12/site-packages/airflow/example_dags/example_bash_operator.py for tasks to queue
[2026-05-09T17:58:26.871+0100] {logging_mixin.py:188} INFO - [2026-05-09T17:58:26.871+0100] {dagbag.py:540} INFO - Filling up the DagBag from /home/najma/airflow-venv/lib/python3.12/site-packages/airflow/example_dags/example_bash_operator.py
[2026-05-09T17:58:26.880+0100] {processor.py:840} INFO - DAG(s) 'example_bash_operator' retrieved from /home/najma/airflow-venv/lib/python3.12/site-packages/airflow/example_dags/example_bash_operator.py
[2026-05-09T17:58:26.914+0100] {logging_mixin.py:188} INFO - [2026-05-09T17:58:26.914+0100] {dag.py:3096} INFO - Sync 1 DAGs
[2026-05-09T17:58:26.944+0100] {logging_mixin.py:188} INFO - [2026-05-09T17:58:26.943+0100] {dag.py:3954} INFO - Setting next_dagrun for example_bash_operator to 2026-05-08 00:00:00+00:00, run_after=2026-05-09 00:00:00+00:00
[2026-05-09T17:58:27.071+0100] {processor.py:183} INFO - Processing /home/najma/airflow-venv/lib/python3.12/site-packages/airflow/example_dags/example_bash_operator.py took 0.208 seconds
[2026-05-09T17:59:07.126+0100] {processor.py:161} INFO - Started process (PID=25914) to work on /home/najma/airflow-venv/lib/python3.12/site-packages/airflow/example_dags/example_bash_operator.py
[2026-05-09T17:59:07.127+0100] {processor.py:830} INFO - Processing file /home/najma/airflow-venv/lib/python3.12/site-packages/airflow/example_dags/example_bash_operator.py for tasks to queue
[2026-05-09T17:59:07.129+0100] {logging_mixin.py:188} INFO - [2026-05-09T17:59:07.129+0100] {dagbag.py:540} INFO - Filling up the DagBag from /home/najma/airflow-venv/lib/python3.12/site-packages/airflow/example_dags/example_bash_operator.py
[2026-05-09T17:59:07.149+0100] {processor.py:840} INFO - DAG(s) 'example_bash_operator' retrieved from /home/najma/airflow-venv/lib/python3.12/site-packages/airflow/example_dags/example_bash_operator.py
[2026-05-09T17:59:07.191+0100] {logging_mixin.py:188} INFO - [2026-05-09T17:59:07.191+0100] {dag.py:3096} INFO - Sync 1 DAGs
[2026-05-09T17:59:07.223+0100] {logging_mixin.py:188} INFO - [2026-05-09T17:59:07.223+0100] {dag.py:3954} INFO - Setting next_dagrun for example_bash_operator to 2026-05-08 00:00:00+00:00, run_after=2026-05-09 00:00:00+00:00
[2026-05-09T17:59:07.352+0100] {processor.py:183} INFO - Processing /home/najma/airflow-venv/lib/python3.12/site-packages/airflow/example_dags/example_bash_operator.py took 0.231 seconds
[2026-05-09T17:59:39.779+0100] {processor.py:161} INFO - Started process (PID=25965) to work on /home/najma/airflow-venv/lib/python3.12/site-packages/airflow/example_dags/example_bash_operator.py
[2026-05-09T17:59:39.781+0100] {processor.py:830} INFO - Processing file /home/najma/airflow-venv/lib/python3.12/site-packages/airflow/example_dags/example_bash_operator.py for tasks to queue
[2026-05-09T17:59:39.783+0100] {logging_mixin.py:188} INFO - [2026-05-09T17:59:39.782+0100] {dagbag.py:540} INFO - Filling up the DagBag from /home/najma/airflow-venv/lib/python3.12/site-packages/airflow/example_dags/example_bash_operator.py
[2026-05-09T17:59:39.795+0100] {processor.py:840} INFO - DAG(s) 'example_bash_operator' retrieved from /home/najma/airflow-venv/lib/python3.12/site-packages/airflow/example_dags/example_bash_operator.py
[2026-05-09T17:59:39.830+0100] {logging_mixin.py:188} INFO - [2026-05-09T17:59:39.830+0100] {dag.py:3096} INFO - Sync 1 DAGs
[2026-05-09T17:59:39.857+0100] {logging_mixin.py:188} INFO - [2026-05-09T17:59:39.856+0100] {dag.py:3954} INFO - Setting next_dagrun for example_bash_operator to 2026-05-08 00:00:00+00:00, run_after=2026-05-09 00:00:00+00:00
[2026-05-09T17:59:39.951+0100] {processor.py:183} INFO - Processing /home/najma/airflow-venv/lib/python3.12/site-packages/airflow/example_dags/example_bash_operator.py took 0.178 seconds
[2026-05-09T18:00:15.860+0100] {processor.py:161} INFO - Started process (PID=26028) to work on /home/najma/airflow-venv/lib/python3.12/site-packages/airflow/example_dags/example_bash_operator.py
[2026-05-09T18:00:15.861+0100] {processor.py:830} INFO - Processing file /home/najma/airflow-venv/lib/python3.12/site-packages/airflow/example_dags/example_bash_operator.py for tasks to queue
[2026-05-09T18:00:15.863+0100] {logging_mixin.py:188} INFO - [2026-05-09T18:00:15.863+0100] {dagbag.py:540} INFO - Filling up the DagBag from /home/najma/airflow-venv/lib/python3.12/site-packages/airflow/example_dags/example_bash_operator.py
[2026-05-09T18:00:15.876+0100] {processor.py:840} INFO - DAG(s) 'example_bash_operator' retrieved from /home/najma/airflow-venv/lib/python3.12/site-packages/airflow/example_dags/example_bash_operator.py
[2026-05-09T18:00:15.923+0100] {logging_mixin.py:188} INFO - [2026-05-09T18:00:15.923+0100] {dag.py:3096} INFO - Sync 1 DAGs
[2026-05-09T18:00:15.954+0100] {logging_mixin.py:188} INFO - [2026-05-09T18:00:15.953+0100] {dag.py:3954} INFO - Setting next_dagrun for example_bash_operator to 2026-05-08 00:00:00+00:00, run_after=2026-05-09 00:00:00+00:00
[2026-05-09T18:00:16.050+0100] {processor.py:183} INFO - Processing /home/najma/airflow-venv/lib/python3.12/site-packages/airflow/example_dags/example_bash_operator.py took 0.194 seconds
[2026-05-09T18:00:55.858+0100] {processor.py:161} INFO - Started process (PID=26091) to work on /home/najma/airflow-venv/lib/python3.12/site-packages/airflow/example_dags/example_bash_operator.py
[2026-05-09T18:00:55.860+0100] {processor.py:830} INFO - Processing file /home/najma/airflow-venv/lib/python3.12/site-packages/airflow/example_dags/example_bash_operator.py for tasks to queue
[2026-05-09T18:00:55.861+0100] {logging_mixin.py:188} INFO - [2026-05-09T18:00:55.861+0100] {dagbag.py:540} INFO - Filling up the DagBag from /home/najma/airflow-venv/lib/python3.12/site-packages/airflow/example_dags/example_bash_operator.py
[2026-05-09T18:00:55.872+0100] {processor.py:840} INFO - DAG(s) 'example_bash_operator' retrieved from /home/najma/airflow-venv/lib/python3.12/site-packages/airflow/example_dags/example_bash_operator.py
[2026-05-09T18:00:55.902+0100] {logging_mixin.py:188} INFO - [2026-05-09T18:00:55.902+0100] {dag.py:3096} INFO - Sync 1 DAGs
[2026-05-09T18:00:55.929+0100] {logging_mixin.py:188} INFO - [2026-05-09T18:00:55.929+0100] {dag.py:3954} INFO - Setting next_dagrun for example_bash_operator to 2026-05-08 00:00:00+00:00, run_after=2026-05-09 00:00:00+00:00
[2026-05-09T18:00:56.004+0100] {processor.py:183} INFO - Processing /home/najma/airflow-venv/lib/python3.12/site-packages/airflow/example_dags/example_bash_operator.py took 0.150 seconds
[2026-05-09T18:01:29.231+0100] {processor.py:161} INFO - Started process (PID=26142) to work on /home/najma/airflow-venv/lib/python3.12/site-packages/airflow/example_dags/example_bash_operator.py
[2026-05-09T18:01:29.232+0100] {processor.py:830} INFO - Processing file /home/najma/airflow-venv/lib/python3.12/site-packages/airflow/example_dags/example_bash_operator.py for tasks to queue
[2026-05-09T18:01:29.235+0100] {logging_mixin.py:188} INFO - [2026-05-09T18:01:29.234+0100] {dagbag.py:540} INFO - Filling up the DagBag from /home/najma/airflow-venv/lib/python3.12/site-packages/airflow/example_dags/example_bash_operator.py
[2026-05-09T18:01:29.249+0100] {processor.py:840} INFO - DAG(s) 'example_bash_operator' retrieved from /home/najma/airflow-venv/lib/python3.12/site-packages/airflow/example_dags/example_bash_operator.py
[2026-05-09T18:01:29.296+0100] {logging_mixin.py:188} INFO - [2026-05-09T18:01:29.296+0100] {dag.py:3096} INFO - Sync 1 DAGs
[2026-05-09T18:01:29.345+0100] {logging_mixin.py:188} INFO - [2026-05-09T18:01:29.345+0100] {dag.py:3954} INFO - Setting next_dagrun for example_bash_operator to 2026-05-08 00:00:00+00:00, run_after=2026-05-09 00:00:00+00:00
[2026-05-09T18:01:29.460+0100] {processor.py:183} INFO - Processing /home/najma/airflow-venv/lib/python3.12/site-packages/airflow/example_dags/example_bash_operator.py took 0.234 seconds
[2026-05-09T18:02:39.333+0100] {processor.py:161} INFO - Started process (PID=26236) to work on /home/najma/airflow-venv/lib/python3.12/site-packages/airflow/example_dags/example_bash_operator.py
[2026-05-09T18:02:39.334+0100] {processor.py:830} INFO - Processing file /home/najma/airflow-venv/lib/python3.12/site-packages/airflow/example_dags/example_bash_operator.py for tasks to queue
[2026-05-09T18:02:39.339+0100] {logging_mixin.py:188} INFO - [2026-05-09T18:02:39.339+0100] {dagbag.py:540} INFO - Filling up the DagBag from /home/najma/airflow-venv/lib/python3.12/site-packages/airflow/example_dags/example_bash_operator.py
[2026-05-09T18:02:39.353+0100] {processor.py:840} INFO - DAG(s) 'example_bash_operator' retrieved from /home/najma/airflow-venv/lib/python3.12/site-packages/airflow/example_dags/example_bash_operator.py
[2026-05-09T18:02:39.390+0100] {logging_mixin.py:188} INFO - [2026-05-09T18:02:39.389+0100] {dag.py:3096} INFO - Sync 1 DAGs
[2026-05-09T18:02:39.417+0100] {logging_mixin.py:188} INFO - [2026-05-09T18:02:39.417+0100] {dag.py:3954} INFO - Setting next_dagrun for example_bash_operator to 2026-05-08 00:00:00+00:00, run_after=2026-05-09 00:00:00+00:00
[2026-05-09T18:02:39.565+0100] {processor.py:183} INFO - Processing /home/najma/airflow-venv/lib/python3.12/site-packages/airflow/example_dags/example_bash_operator.py took 0.237 seconds
