[2026-05-09T16:16:54.296+0100] {processor.py:161} INFO - Started process (PID=21499) to work on /home/najma/airflow-venv/lib/python3.12/site-packages/airflow/example_dags/example_complex.py
[2026-05-09T16:16:54.298+0100] {processor.py:830} INFO - Processing file /home/najma/airflow-venv/lib/python3.12/site-packages/airflow/example_dags/example_complex.py for tasks to queue
[2026-05-09T16:16:54.300+0100] {logging_mixin.py:188} INFO - [2026-05-09T16:16:54.299+0100] {dagbag.py:540} INFO - Filling up the DagBag from /home/najma/airflow-venv/lib/python3.12/site-packages/airflow/example_dags/example_complex.py
[2026-05-09T16:16:54.315+0100] {processor.py:840} INFO - DAG(s) 'example_complex' retrieved from /home/najma/airflow-venv/lib/python3.12/site-packages/airflow/example_dags/example_complex.py
[2026-05-09T16:16:54.448+0100] {logging_mixin.py:188} INFO - [2026-05-09T16:16:54.448+0100] {dag.py:3096} INFO - Sync 1 DAGs
[2026-05-09T16:16:54.462+0100] {logging_mixin.py:188} INFO - [2026-05-09T16:16:54.461+0100] {dag.py:3954} INFO - Setting next_dagrun for example_complex to None, run_after=None
[2026-05-09T16:16:54.602+0100] {processor.py:183} INFO - Processing /home/najma/airflow-venv/lib/python3.12/site-packages/airflow/example_dags/example_complex.py took 0.310 seconds
[2026-05-09T16:18:30.074+0100] {processor.py:161} INFO - Started process (PID=21576) to work on /home/najma/airflow-venv/lib/python3.12/site-packages/airflow/example_dags/example_complex.py
[2026-05-09T16:18:30.079+0100] {processor.py:830} INFO - Processing file /home/najma/airflow-venv/lib/python3.12/site-packages/airflow/example_dags/example_complex.py for tasks to queue
[2026-05-09T16:18:30.082+0100] {logging_mixin.py:188} INFO - [2026-05-09T16:18:30.081+0100] {dagbag.py:540} INFO - Filling up the DagBag from /home/najma/airflow-venv/lib/python3.12/site-packages/airflow/example_dags/example_complex.py
[2026-05-09T16:18:30.093+0100] {processor.py:840} INFO - DAG(s) 'example_complex' retrieved from /home/najma/airflow-venv/lib/python3.12/site-packages/airflow/example_dags/example_complex.py
[2026-05-09T16:18:30.146+0100] {logging_mixin.py:188} INFO - [2026-05-09T16:18:30.146+0100] {dag.py:3096} INFO - Sync 1 DAGs
[2026-05-09T16:18:30.162+0100] {logging_mixin.py:188} INFO - [2026-05-09T16:18:30.162+0100] {dag.py:3954} INFO - Setting next_dagrun for example_complex to None, run_after=None
[2026-05-09T16:18:30.284+0100] {processor.py:183} INFO - Processing /home/najma/airflow-venv/lib/python3.12/site-packages/airflow/example_dags/example_complex.py took 0.216 seconds
[2026-05-09T16:19:52.577+0100] {processor.py:161} INFO - Started process (PID=21647) to work on /home/najma/airflow-venv/lib/python3.12/site-packages/airflow/example_dags/example_complex.py
[2026-05-09T16:19:52.580+0100] {processor.py:830} INFO - Processing file /home/najma/airflow-venv/lib/python3.12/site-packages/airflow/example_dags/example_complex.py for tasks to queue
[2026-05-09T16:19:52.584+0100] {logging_mixin.py:188} INFO - [2026-05-09T16:19:52.583+0100] {dagbag.py:540} INFO - Filling up the DagBag from /home/najma/airflow-venv/lib/python3.12/site-packages/airflow/example_dags/example_complex.py
[2026-05-09T16:19:52.603+0100] {processor.py:840} INFO - DAG(s) 'example_complex' retrieved from /home/najma/airflow-venv/lib/python3.12/site-packages/airflow/example_dags/example_complex.py
[2026-05-09T16:19:52.696+0100] {logging_mixin.py:188} INFO - [2026-05-09T16:19:52.695+0100] {dag.py:3096} INFO - Sync 1 DAGs
[2026-05-09T16:19:52.728+0100] {logging_mixin.py:188} INFO - [2026-05-09T16:19:52.727+0100] {dag.py:3954} INFO - Setting next_dagrun for example_complex to None, run_after=None
[2026-05-09T16:19:52.866+0100] {processor.py:183} INFO - Processing /home/najma/airflow-venv/lib/python3.12/site-packages/airflow/example_dags/example_complex.py took 0.296 seconds
[2026-05-09T16:21:13.284+0100] {processor.py:161} INFO - Started process (PID=21722) to work on /home/najma/airflow-venv/lib/python3.12/site-packages/airflow/example_dags/example_complex.py
[2026-05-09T16:21:13.286+0100] {processor.py:830} INFO - Processing file /home/najma/airflow-venv/lib/python3.12/site-packages/airflow/example_dags/example_complex.py for tasks to queue
[2026-05-09T16:21:13.290+0100] {logging_mixin.py:188} INFO - [2026-05-09T16:21:13.289+0100] {dagbag.py:540} INFO - Filling up the DagBag from /home/najma/airflow-venv/lib/python3.12/site-packages/airflow/example_dags/example_complex.py
[2026-05-09T16:21:13.308+0100] {processor.py:840} INFO - DAG(s) 'example_complex' retrieved from /home/najma/airflow-venv/lib/python3.12/site-packages/airflow/example_dags/example_complex.py
[2026-05-09T16:21:13.399+0100] {logging_mixin.py:188} INFO - [2026-05-09T16:21:13.399+0100] {dag.py:3096} INFO - Sync 1 DAGs
[2026-05-09T16:21:13.432+0100] {logging_mixin.py:188} INFO - [2026-05-09T16:21:13.431+0100] {dag.py:3954} INFO - Setting next_dagrun for example_complex to None, run_after=None
[2026-05-09T16:21:13.549+0100] {processor.py:183} INFO - Processing /home/najma/airflow-venv/lib/python3.12/site-packages/airflow/example_dags/example_complex.py took 0.274 seconds
[2026-05-09T16:22:37.680+0100] {processor.py:161} INFO - Started process (PID=21795) to work on /home/najma/airflow-venv/lib/python3.12/site-packages/airflow/example_dags/example_complex.py
[2026-05-09T16:22:37.695+0100] {processor.py:830} INFO - Processing file /home/najma/airflow-venv/lib/python3.12/site-packages/airflow/example_dags/example_complex.py for tasks to queue
[2026-05-09T16:22:37.697+0100] {logging_mixin.py:188} INFO - [2026-05-09T16:22:37.697+0100] {dagbag.py:540} INFO - Filling up the DagBag from /home/najma/airflow-venv/lib/python3.12/site-packages/airflow/example_dags/example_complex.py
[2026-05-09T16:22:37.708+0100] {processor.py:840} INFO - DAG(s) 'example_complex' retrieved from /home/najma/airflow-venv/lib/python3.12/site-packages/airflow/example_dags/example_complex.py
[2026-05-09T16:22:37.763+0100] {logging_mixin.py:188} INFO - [2026-05-09T16:22:37.763+0100] {dag.py:3096} INFO - Sync 1 DAGs
[2026-05-09T16:22:37.780+0100] {logging_mixin.py:188} INFO - [2026-05-09T16:22:37.780+0100] {dag.py:3954} INFO - Setting next_dagrun for example_complex to None, run_after=None
[2026-05-09T16:22:37.904+0100] {processor.py:183} INFO - Processing /home/najma/airflow-venv/lib/python3.12/site-packages/airflow/example_dags/example_complex.py took 0.228 seconds
[2026-05-09T16:23:59.072+0100] {processor.py:161} INFO - Started process (PID=21907) to work on /home/najma/airflow-venv/lib/python3.12/site-packages/airflow/example_dags/example_complex.py
[2026-05-09T16:23:59.074+0100] {processor.py:830} INFO - Processing file /home/najma/airflow-venv/lib/python3.12/site-packages/airflow/example_dags/example_complex.py for tasks to queue
[2026-05-09T16:23:59.077+0100] {logging_mixin.py:188} INFO - [2026-05-09T16:23:59.077+0100] {dagbag.py:540} INFO - Filling up the DagBag from /home/najma/airflow-venv/lib/python3.12/site-packages/airflow/example_dags/example_complex.py
[2026-05-09T16:23:59.093+0100] {processor.py:840} INFO - DAG(s) 'example_complex' retrieved from /home/najma/airflow-venv/lib/python3.12/site-packages/airflow/example_dags/example_complex.py
[2026-05-09T16:23:59.166+0100] {logging_mixin.py:188} INFO - [2026-05-09T16:23:59.166+0100] {dag.py:3096} INFO - Sync 1 DAGs
[2026-05-09T16:23:59.182+0100] {logging_mixin.py:188} INFO - [2026-05-09T16:23:59.182+0100] {dag.py:3954} INFO - Setting next_dagrun for example_complex to None, run_after=None
[2026-05-09T16:23:59.284+0100] {processor.py:183} INFO - Processing /home/najma/airflow-venv/lib/python3.12/site-packages/airflow/example_dags/example_complex.py took 0.216 seconds
[2026-05-09T16:24:06.741+0100] {processor.py:161} INFO - Started process (PID=21918) to work on /home/najma/airflow-venv/lib/python3.12/site-packages/airflow/example_dags/example_complex.py
[2026-05-09T16:24:06.742+0100] {processor.py:830} INFO - Processing file /home/najma/airflow-venv/lib/python3.12/site-packages/airflow/example_dags/example_complex.py for tasks to queue
[2026-05-09T16:24:06.744+0100] {logging_mixin.py:188} INFO - [2026-05-09T16:24:06.743+0100] {dagbag.py:540} INFO - Filling up the DagBag from /home/najma/airflow-venv/lib/python3.12/site-packages/airflow/example_dags/example_complex.py
[2026-05-09T16:24:06.755+0100] {processor.py:840} INFO - DAG(s) 'example_complex' retrieved from /home/najma/airflow-venv/lib/python3.12/site-packages/airflow/example_dags/example_complex.py
[2026-05-09T16:24:06.797+0100] {logging_mixin.py:188} INFO - [2026-05-09T16:24:06.797+0100] {dag.py:3096} INFO - Sync 1 DAGs
[2026-05-09T16:24:06.812+0100] {logging_mixin.py:188} INFO - [2026-05-09T16:24:06.811+0100] {dag.py:3954} INFO - Setting next_dagrun for example_complex to None, run_after=None
[2026-05-09T16:24:06.912+0100] {processor.py:183} INFO - Processing /home/najma/airflow-venv/lib/python3.12/site-packages/airflow/example_dags/example_complex.py took 0.176 seconds
[2026-05-09T16:25:19.824+0100] {processor.py:161} INFO - Started process (PID=22038) to work on /home/najma/airflow-venv/lib/python3.12/site-packages/airflow/example_dags/example_complex.py
[2026-05-09T16:25:19.838+0100] {processor.py:830} INFO - Processing file /home/najma/airflow-venv/lib/python3.12/site-packages/airflow/example_dags/example_complex.py for tasks to queue
[2026-05-09T16:25:19.840+0100] {logging_mixin.py:188} INFO - [2026-05-09T16:25:19.840+0100] {dagbag.py:540} INFO - Filling up the DagBag from /home/najma/airflow-venv/lib/python3.12/site-packages/airflow/example_dags/example_complex.py
[2026-05-09T16:25:19.852+0100] {processor.py:840} INFO - DAG(s) 'example_complex' retrieved from /home/najma/airflow-venv/lib/python3.12/site-packages/airflow/example_dags/example_complex.py
[2026-05-09T16:25:19.918+0100] {logging_mixin.py:188} INFO - [2026-05-09T16:25:19.918+0100] {dag.py:3096} INFO - Sync 1 DAGs
[2026-05-09T16:25:19.949+0100] {logging_mixin.py:188} INFO - [2026-05-09T16:25:19.949+0100] {dag.py:3954} INFO - Setting next_dagrun for example_complex to None, run_after=None
[2026-05-09T16:25:20.138+0100] {processor.py:183} INFO - Processing /home/najma/airflow-venv/lib/python3.12/site-packages/airflow/example_dags/example_complex.py took 0.318 seconds
[2026-05-09T16:25:28.710+0100] {processor.py:161} INFO - Started process (PID=22054) to work on /home/najma/airflow-venv/lib/python3.12/site-packages/airflow/example_dags/example_complex.py
[2026-05-09T16:25:28.711+0100] {processor.py:830} INFO - Processing file /home/najma/airflow-venv/lib/python3.12/site-packages/airflow/example_dags/example_complex.py for tasks to queue
[2026-05-09T16:25:28.713+0100] {logging_mixin.py:188} INFO - [2026-05-09T16:25:28.713+0100] {dagbag.py:540} INFO - Filling up the DagBag from /home/najma/airflow-venv/lib/python3.12/site-packages/airflow/example_dags/example_complex.py
[2026-05-09T16:25:28.729+0100] {processor.py:840} INFO - DAG(s) 'example_complex' retrieved from /home/najma/airflow-venv/lib/python3.12/site-packages/airflow/example_dags/example_complex.py
[2026-05-09T16:25:28.787+0100] {logging_mixin.py:188} INFO - [2026-05-09T16:25:28.786+0100] {dag.py:3096} INFO - Sync 1 DAGs
[2026-05-09T16:25:28.821+0100] {logging_mixin.py:188} INFO - [2026-05-09T16:25:28.820+0100] {dag.py:3954} INFO - Setting next_dagrun for example_complex to None, run_after=None
[2026-05-09T16:25:28.944+0100] {processor.py:183} INFO - Processing /home/najma/airflow-venv/lib/python3.12/site-packages/airflow/example_dags/example_complex.py took 0.239 seconds
[2026-05-09T16:26:40.862+0100] {processor.py:161} INFO - Started process (PID=22171) to work on /home/najma/airflow-venv/lib/python3.12/site-packages/airflow/example_dags/example_complex.py
[2026-05-09T16:26:40.865+0100] {processor.py:830} INFO - Processing file /home/najma/airflow-venv/lib/python3.12/site-packages/airflow/example_dags/example_complex.py for tasks to queue
[2026-05-09T16:26:40.868+0100] {logging_mixin.py:188} INFO - [2026-05-09T16:26:40.868+0100] {dagbag.py:540} INFO - Filling up the DagBag from /home/najma/airflow-venv/lib/python3.12/site-packages/airflow/example_dags/example_complex.py
[2026-05-09T16:26:40.888+0100] {processor.py:840} INFO - DAG(s) 'example_complex' retrieved from /home/najma/airflow-venv/lib/python3.12/site-packages/airflow/example_dags/example_complex.py
[2026-05-09T16:26:40.985+0100] {logging_mixin.py:188} INFO - [2026-05-09T16:26:40.985+0100] {dag.py:3096} INFO - Sync 1 DAGs
[2026-05-09T16:26:41.023+0100] {logging_mixin.py:188} INFO - [2026-05-09T16:26:41.023+0100] {dag.py:3954} INFO - Setting next_dagrun for example_complex to None, run_after=None
[2026-05-09T16:26:41.196+0100] {processor.py:183} INFO - Processing /home/najma/airflow-venv/lib/python3.12/site-packages/airflow/example_dags/example_complex.py took 0.342 seconds
[2026-05-09T16:26:50.833+0100] {processor.py:161} INFO - Started process (PID=22185) to work on /home/najma/airflow-venv/lib/python3.12/site-packages/airflow/example_dags/example_complex.py
[2026-05-09T16:26:50.834+0100] {processor.py:830} INFO - Processing file /home/najma/airflow-venv/lib/python3.12/site-packages/airflow/example_dags/example_complex.py for tasks to queue
[2026-05-09T16:26:50.836+0100] {logging_mixin.py:188} INFO - [2026-05-09T16:26:50.835+0100] {dagbag.py:540} INFO - Filling up the DagBag from /home/najma/airflow-venv/lib/python3.12/site-packages/airflow/example_dags/example_complex.py
[2026-05-09T16:26:50.849+0100] {processor.py:840} INFO - DAG(s) 'example_complex' retrieved from /home/najma/airflow-venv/lib/python3.12/site-packages/airflow/example_dags/example_complex.py
[2026-05-09T16:26:50.890+0100] {logging_mixin.py:188} INFO - [2026-05-09T16:26:50.889+0100] {dag.py:3096} INFO - Sync 1 DAGs
[2026-05-09T16:26:50.903+0100] {logging_mixin.py:188} INFO - [2026-05-09T16:26:50.902+0100] {dag.py:3954} INFO - Setting next_dagrun for example_complex to None, run_after=None
[2026-05-09T16:26:50.982+0100] {processor.py:183} INFO - Processing /home/najma/airflow-venv/lib/python3.12/site-packages/airflow/example_dags/example_complex.py took 0.153 seconds
[2026-05-09T16:28:04.737+0100] {processor.py:161} INFO - Started process (PID=22301) to work on /home/najma/airflow-venv/lib/python3.12/site-packages/airflow/example_dags/example_complex.py
[2026-05-09T16:28:04.752+0100] {processor.py:830} INFO - Processing file /home/najma/airflow-venv/lib/python3.12/site-packages/airflow/example_dags/example_complex.py for tasks to queue
[2026-05-09T16:28:04.753+0100] {logging_mixin.py:188} INFO - [2026-05-09T16:28:04.753+0100] {dagbag.py:540} INFO - Filling up the DagBag from /home/najma/airflow-venv/lib/python3.12/site-packages/airflow/example_dags/example_complex.py
[2026-05-09T16:28:04.760+0100] {processor.py:840} INFO - DAG(s) 'example_complex' retrieved from /home/najma/airflow-venv/lib/python3.12/site-packages/airflow/example_dags/example_complex.py
[2026-05-09T16:28:04.794+0100] {logging_mixin.py:188} INFO - [2026-05-09T16:28:04.794+0100] {dag.py:3096} INFO - Sync 1 DAGs
[2026-05-09T16:28:04.806+0100] {logging_mixin.py:188} INFO - [2026-05-09T16:28:04.806+0100] {dag.py:3954} INFO - Setting next_dagrun for example_complex to None, run_after=None
[2026-05-09T16:28:04.889+0100] {processor.py:183} INFO - Processing /home/najma/airflow-venv/lib/python3.12/site-packages/airflow/example_dags/example_complex.py took 0.156 seconds
[2026-05-09T16:28:15.995+0100] {processor.py:161} INFO - Started process (PID=22323) to work on /home/najma/airflow-venv/lib/python3.12/site-packages/airflow/example_dags/example_complex.py
[2026-05-09T16:28:15.996+0100] {processor.py:830} INFO - Processing file /home/najma/airflow-venv/lib/python3.12/site-packages/airflow/example_dags/example_complex.py for tasks to queue
[2026-05-09T16:28:15.998+0100] {logging_mixin.py:188} INFO - [2026-05-09T16:28:15.998+0100] {dagbag.py:540} INFO - Filling up the DagBag from /home/najma/airflow-venv/lib/python3.12/site-packages/airflow/example_dags/example_complex.py
[2026-05-09T16:28:16.007+0100] {processor.py:840} INFO - DAG(s) 'example_complex' retrieved from /home/najma/airflow-venv/lib/python3.12/site-packages/airflow/example_dags/example_complex.py
[2026-05-09T16:28:16.050+0100] {logging_mixin.py:188} INFO - [2026-05-09T16:28:16.049+0100] {dag.py:3096} INFO - Sync 1 DAGs
[2026-05-09T16:28:16.071+0100] {logging_mixin.py:188} INFO - [2026-05-09T16:28:16.071+0100] {dag.py:3954} INFO - Setting next_dagrun for example_complex to None, run_after=None
[2026-05-09T16:28:16.159+0100] {processor.py:183} INFO - Processing /home/najma/airflow-venv/lib/python3.12/site-packages/airflow/example_dags/example_complex.py took 0.169 seconds
[2026-05-09T16:29:23.025+0100] {processor.py:161} INFO - Started process (PID=22430) to work on /home/najma/airflow-venv/lib/python3.12/site-packages/airflow/example_dags/example_complex.py
[2026-05-09T16:29:23.027+0100] {processor.py:830} INFO - Processing file /home/najma/airflow-venv/lib/python3.12/site-packages/airflow/example_dags/example_complex.py for tasks to queue
[2026-05-09T16:29:23.029+0100] {logging_mixin.py:188} INFO - [2026-05-09T16:29:23.028+0100] {dagbag.py:540} INFO - Filling up the DagBag from /home/najma/airflow-venv/lib/python3.12/site-packages/airflow/example_dags/example_complex.py
[2026-05-09T16:29:23.040+0100] {processor.py:840} INFO - DAG(s) 'example_complex' retrieved from /home/najma/airflow-venv/lib/python3.12/site-packages/airflow/example_dags/example_complex.py
[2026-05-09T16:29:23.081+0100] {logging_mixin.py:188} INFO - [2026-05-09T16:29:23.081+0100] {dag.py:3096} INFO - Sync 1 DAGs
[2026-05-09T16:29:23.096+0100] {logging_mixin.py:188} INFO - [2026-05-09T16:29:23.095+0100] {dag.py:3954} INFO - Setting next_dagrun for example_complex to None, run_after=None
[2026-05-09T16:29:23.192+0100] {processor.py:183} INFO - Processing /home/najma/airflow-venv/lib/python3.12/site-packages/airflow/example_dags/example_complex.py took 0.173 seconds
[2026-05-09T16:29:34.640+0100] {processor.py:161} INFO - Started process (PID=22449) to work on /home/najma/airflow-venv/lib/python3.12/site-packages/airflow/example_dags/example_complex.py
[2026-05-09T16:29:34.641+0100] {processor.py:830} INFO - Processing file /home/najma/airflow-venv/lib/python3.12/site-packages/airflow/example_dags/example_complex.py for tasks to queue
[2026-05-09T16:29:34.643+0100] {logging_mixin.py:188} INFO - [2026-05-09T16:29:34.642+0100] {dagbag.py:540} INFO - Filling up the DagBag from /home/najma/airflow-venv/lib/python3.12/site-packages/airflow/example_dags/example_complex.py
[2026-05-09T16:29:34.656+0100] {processor.py:840} INFO - DAG(s) 'example_complex' retrieved from /home/najma/airflow-venv/lib/python3.12/site-packages/airflow/example_dags/example_complex.py
[2026-05-09T16:29:34.695+0100] {logging_mixin.py:188} INFO - [2026-05-09T16:29:34.695+0100] {dag.py:3096} INFO - Sync 1 DAGs
[2026-05-09T16:29:34.709+0100] {logging_mixin.py:188} INFO - [2026-05-09T16:29:34.709+0100] {dag.py:3954} INFO - Setting next_dagrun for example_complex to None, run_after=None
[2026-05-09T16:29:34.802+0100] {processor.py:183} INFO - Processing /home/najma/airflow-venv/lib/python3.12/site-packages/airflow/example_dags/example_complex.py took 0.166 seconds
[2026-05-09T16:30:46.927+0100] {processor.py:161} INFO - Started process (PID=22565) to work on /home/najma/airflow-venv/lib/python3.12/site-packages/airflow/example_dags/example_complex.py
[2026-05-09T16:30:46.929+0100] {processor.py:830} INFO - Processing file /home/najma/airflow-venv/lib/python3.12/site-packages/airflow/example_dags/example_complex.py for tasks to queue
[2026-05-09T16:30:46.931+0100] {logging_mixin.py:188} INFO - [2026-05-09T16:30:46.931+0100] {dagbag.py:540} INFO - Filling up the DagBag from /home/najma/airflow-venv/lib/python3.12/site-packages/airflow/example_dags/example_complex.py
[2026-05-09T16:30:46.941+0100] {processor.py:840} INFO - DAG(s) 'example_complex' retrieved from /home/najma/airflow-venv/lib/python3.12/site-packages/airflow/example_dags/example_complex.py
[2026-05-09T16:30:46.983+0100] {logging_mixin.py:188} INFO - [2026-05-09T16:30:46.983+0100] {dag.py:3096} INFO - Sync 1 DAGs
[2026-05-09T16:30:46.996+0100] {logging_mixin.py:188} INFO - [2026-05-09T16:30:46.996+0100] {dag.py:3954} INFO - Setting next_dagrun for example_complex to None, run_after=None
[2026-05-09T16:30:47.101+0100] {processor.py:183} INFO - Processing /home/najma/airflow-venv/lib/python3.12/site-packages/airflow/example_dags/example_complex.py took 0.178 seconds
[2026-05-09T16:30:53.227+0100] {processor.py:161} INFO - Started process (PID=22575) to work on /home/najma/airflow-venv/lib/python3.12/site-packages/airflow/example_dags/example_complex.py
[2026-05-09T16:30:53.228+0100] {processor.py:830} INFO - Processing file /home/najma/airflow-venv/lib/python3.12/site-packages/airflow/example_dags/example_complex.py for tasks to queue
[2026-05-09T16:30:53.230+0100] {logging_mixin.py:188} INFO - [2026-05-09T16:30:53.230+0100] {dagbag.py:540} INFO - Filling up the DagBag from /home/najma/airflow-venv/lib/python3.12/site-packages/airflow/example_dags/example_complex.py
[2026-05-09T16:30:53.239+0100] {processor.py:840} INFO - DAG(s) 'example_complex' retrieved from /home/najma/airflow-venv/lib/python3.12/site-packages/airflow/example_dags/example_complex.py
[2026-05-09T16:30:53.283+0100] {logging_mixin.py:188} INFO - [2026-05-09T16:30:53.283+0100] {dag.py:3096} INFO - Sync 1 DAGs
[2026-05-09T16:30:53.300+0100] {logging_mixin.py:188} INFO - [2026-05-09T16:30:53.299+0100] {dag.py:3954} INFO - Setting next_dagrun for example_complex to None, run_after=None
[2026-05-09T16:30:53.405+0100] {processor.py:183} INFO - Processing /home/najma/airflow-venv/lib/python3.12/site-packages/airflow/example_dags/example_complex.py took 0.183 seconds
[2026-05-09T16:32:01.969+0100] {processor.py:161} INFO - Started process (PID=22688) to work on /home/najma/airflow-venv/lib/python3.12/site-packages/airflow/example_dags/example_complex.py
[2026-05-09T16:32:01.970+0100] {processor.py:830} INFO - Processing file /home/najma/airflow-venv/lib/python3.12/site-packages/airflow/example_dags/example_complex.py for tasks to queue
[2026-05-09T16:32:01.972+0100] {logging_mixin.py:188} INFO - [2026-05-09T16:32:01.972+0100] {dagbag.py:540} INFO - Filling up the DagBag from /home/najma/airflow-venv/lib/python3.12/site-packages/airflow/example_dags/example_complex.py
[2026-05-09T16:32:01.981+0100] {processor.py:840} INFO - DAG(s) 'example_complex' retrieved from /home/najma/airflow-venv/lib/python3.12/site-packages/airflow/example_dags/example_complex.py
[2026-05-09T16:32:02.045+0100] {logging_mixin.py:188} INFO - [2026-05-09T16:32:02.044+0100] {dag.py:3096} INFO - Sync 1 DAGs
[2026-05-09T16:32:02.059+0100] {logging_mixin.py:188} INFO - [2026-05-09T16:32:02.059+0100] {dag.py:3954} INFO - Setting next_dagrun for example_complex to None, run_after=None
[2026-05-09T16:32:02.158+0100] {processor.py:183} INFO - Processing /home/najma/airflow-venv/lib/python3.12/site-packages/airflow/example_dags/example_complex.py took 0.197 seconds
[2026-05-09T16:32:09.142+0100] {processor.py:161} INFO - Started process (PID=22702) to work on /home/najma/airflow-venv/lib/python3.12/site-packages/airflow/example_dags/example_complex.py
[2026-05-09T16:32:09.143+0100] {processor.py:830} INFO - Processing file /home/najma/airflow-venv/lib/python3.12/site-packages/airflow/example_dags/example_complex.py for tasks to queue
[2026-05-09T16:32:09.145+0100] {logging_mixin.py:188} INFO - [2026-05-09T16:32:09.145+0100] {dagbag.py:540} INFO - Filling up the DagBag from /home/najma/airflow-venv/lib/python3.12/site-packages/airflow/example_dags/example_complex.py
[2026-05-09T16:32:09.165+0100] {processor.py:840} INFO - DAG(s) 'example_complex' retrieved from /home/najma/airflow-venv/lib/python3.12/site-packages/airflow/example_dags/example_complex.py
[2026-05-09T16:32:09.241+0100] {logging_mixin.py:188} INFO - [2026-05-09T16:32:09.241+0100] {dag.py:3096} INFO - Sync 1 DAGs
[2026-05-09T16:32:09.257+0100] {logging_mixin.py:188} INFO - [2026-05-09T16:32:09.257+0100] {dag.py:3954} INFO - Setting next_dagrun for example_complex to None, run_after=None
[2026-05-09T16:32:09.352+0100] {processor.py:183} INFO - Processing /home/najma/airflow-venv/lib/python3.12/site-packages/airflow/example_dags/example_complex.py took 0.216 seconds
[2026-05-09T16:33:43.802+0100] {processor.py:161} INFO - Started process (PID=22841) to work on /home/najma/airflow-venv/lib/python3.12/site-packages/airflow/example_dags/example_complex.py
[2026-05-09T16:33:43.824+0100] {processor.py:830} INFO - Processing file /home/najma/airflow-venv/lib/python3.12/site-packages/airflow/example_dags/example_complex.py for tasks to queue
[2026-05-09T16:33:43.826+0100] {logging_mixin.py:188} INFO - [2026-05-09T16:33:43.826+0100] {dagbag.py:540} INFO - Filling up the DagBag from /home/najma/airflow-venv/lib/python3.12/site-packages/airflow/example_dags/example_complex.py
[2026-05-09T16:33:43.838+0100] {processor.py:840} INFO - DAG(s) 'example_complex' retrieved from /home/najma/airflow-venv/lib/python3.12/site-packages/airflow/example_dags/example_complex.py
[2026-05-09T16:33:43.935+0100] {logging_mixin.py:188} INFO - [2026-05-09T16:33:43.935+0100] {dag.py:3096} INFO - Sync 1 DAGs
[2026-05-09T16:33:43.961+0100] {logging_mixin.py:188} INFO - [2026-05-09T16:33:43.961+0100] {dag.py:3954} INFO - Setting next_dagrun for example_complex to None, run_after=None
[2026-05-09T16:33:44.092+0100] {processor.py:183} INFO - Processing /home/najma/airflow-venv/lib/python3.12/site-packages/airflow/example_dags/example_complex.py took 0.297 seconds
[2026-05-09T16:33:45.451+0100] {processor.py:161} INFO - Started process (PID=22842) to work on /home/najma/airflow-venv/lib/python3.12/site-packages/airflow/example_dags/example_complex.py
[2026-05-09T16:33:45.452+0100] {processor.py:830} INFO - Processing file /home/najma/airflow-venv/lib/python3.12/site-packages/airflow/example_dags/example_complex.py for tasks to queue
[2026-05-09T16:33:45.457+0100] {logging_mixin.py:188} INFO - [2026-05-09T16:33:45.457+0100] {dagbag.py:540} INFO - Filling up the DagBag from /home/najma/airflow-venv/lib/python3.12/site-packages/airflow/example_dags/example_complex.py
[2026-05-09T16:33:45.471+0100] {processor.py:840} INFO - DAG(s) 'example_complex' retrieved from /home/najma/airflow-venv/lib/python3.12/site-packages/airflow/example_dags/example_complex.py
[2026-05-09T16:33:45.567+0100] {logging_mixin.py:188} INFO - [2026-05-09T16:33:45.566+0100] {dag.py:3096} INFO - Sync 1 DAGs
[2026-05-09T16:33:45.595+0100] {logging_mixin.py:188} INFO - [2026-05-09T16:33:45.595+0100] {dag.py:3954} INFO - Setting next_dagrun for example_complex to None, run_after=None
[2026-05-09T16:33:45.752+0100] {processor.py:183} INFO - Processing /home/najma/airflow-venv/lib/python3.12/site-packages/airflow/example_dags/example_complex.py took 0.306 seconds
[2026-05-09T16:35:04.714+0100] {processor.py:161} INFO - Started process (PID=22982) to work on /home/najma/airflow-venv/lib/python3.12/site-packages/airflow/example_dags/example_complex.py
[2026-05-09T16:35:04.716+0100] {processor.py:830} INFO - Processing file /home/najma/airflow-venv/lib/python3.12/site-packages/airflow/example_dags/example_complex.py for tasks to queue
[2026-05-09T16:35:04.718+0100] {logging_mixin.py:188} INFO - [2026-05-09T16:35:04.717+0100] {dagbag.py:540} INFO - Filling up the DagBag from /home/najma/airflow-venv/lib/python3.12/site-packages/airflow/example_dags/example_complex.py
[2026-05-09T16:35:04.726+0100] {processor.py:840} INFO - DAG(s) 'example_complex' retrieved from /home/najma/airflow-venv/lib/python3.12/site-packages/airflow/example_dags/example_complex.py
[2026-05-09T16:35:04.771+0100] {logging_mixin.py:188} INFO - [2026-05-09T16:35:04.771+0100] {dag.py:3096} INFO - Sync 1 DAGs
[2026-05-09T16:35:04.803+0100] {logging_mixin.py:188} INFO - [2026-05-09T16:35:04.802+0100] {dag.py:3954} INFO - Setting next_dagrun for example_complex to None, run_after=None
[2026-05-09T16:35:04.915+0100] {processor.py:183} INFO - Processing /home/najma/airflow-venv/lib/python3.12/site-packages/airflow/example_dags/example_complex.py took 0.204 seconds
[2026-05-09T16:35:07.830+0100] {processor.py:161} INFO - Started process (PID=22987) to work on /home/najma/airflow-venv/lib/python3.12/site-packages/airflow/example_dags/example_complex.py
[2026-05-09T16:35:07.831+0100] {processor.py:830} INFO - Processing file /home/najma/airflow-venv/lib/python3.12/site-packages/airflow/example_dags/example_complex.py for tasks to queue
[2026-05-09T16:35:07.833+0100] {logging_mixin.py:188} INFO - [2026-05-09T16:35:07.833+0100] {dagbag.py:540} INFO - Filling up the DagBag from /home/najma/airflow-venv/lib/python3.12/site-packages/airflow/example_dags/example_complex.py
[2026-05-09T16:35:07.840+0100] {processor.py:840} INFO - DAG(s) 'example_complex' retrieved from /home/najma/airflow-venv/lib/python3.12/site-packages/airflow/example_dags/example_complex.py
[2026-05-09T16:35:07.884+0100] {logging_mixin.py:188} INFO - [2026-05-09T16:35:07.884+0100] {dag.py:3096} INFO - Sync 1 DAGs
[2026-05-09T16:35:07.901+0100] {logging_mixin.py:188} INFO - [2026-05-09T16:35:07.900+0100] {dag.py:3954} INFO - Setting next_dagrun for example_complex to None, run_after=None
[2026-05-09T16:35:08.009+0100] {processor.py:183} INFO - Processing /home/najma/airflow-venv/lib/python3.12/site-packages/airflow/example_dags/example_complex.py took 0.183 seconds
[2026-05-09T16:36:26.862+0100] {processor.py:161} INFO - Started process (PID=23112) to work on /home/najma/airflow-venv/lib/python3.12/site-packages/airflow/example_dags/example_complex.py
[2026-05-09T16:36:26.865+0100] {processor.py:830} INFO - Processing file /home/najma/airflow-venv/lib/python3.12/site-packages/airflow/example_dags/example_complex.py for tasks to queue
[2026-05-09T16:36:26.868+0100] {logging_mixin.py:188} INFO - [2026-05-09T16:36:26.867+0100] {dagbag.py:540} INFO - Filling up the DagBag from /home/najma/airflow-venv/lib/python3.12/site-packages/airflow/example_dags/example_complex.py
[2026-05-09T16:36:26.887+0100] {processor.py:840} INFO - DAG(s) 'example_complex' retrieved from /home/najma/airflow-venv/lib/python3.12/site-packages/airflow/example_dags/example_complex.py
[2026-05-09T16:36:26.945+0100] {logging_mixin.py:188} INFO - [2026-05-09T16:36:26.945+0100] {dag.py:3096} INFO - Sync 1 DAGs
[2026-05-09T16:36:26.978+0100] {logging_mixin.py:188} INFO - [2026-05-09T16:36:26.977+0100] {dag.py:3954} INFO - Setting next_dagrun for example_complex to None, run_after=None
[2026-05-09T16:36:27.134+0100] {processor.py:183} INFO - Processing /home/najma/airflow-venv/lib/python3.12/site-packages/airflow/example_dags/example_complex.py took 0.278 seconds
[2026-05-09T16:36:30.180+0100] {processor.py:161} INFO - Started process (PID=23117) to work on /home/najma/airflow-venv/lib/python3.12/site-packages/airflow/example_dags/example_complex.py
[2026-05-09T16:36:30.182+0100] {processor.py:830} INFO - Processing file /home/najma/airflow-venv/lib/python3.12/site-packages/airflow/example_dags/example_complex.py for tasks to queue
[2026-05-09T16:36:30.184+0100] {logging_mixin.py:188} INFO - [2026-05-09T16:36:30.183+0100] {dagbag.py:540} INFO - Filling up the DagBag from /home/najma/airflow-venv/lib/python3.12/site-packages/airflow/example_dags/example_complex.py
[2026-05-09T16:36:30.194+0100] {processor.py:840} INFO - DAG(s) 'example_complex' retrieved from /home/najma/airflow-venv/lib/python3.12/site-packages/airflow/example_dags/example_complex.py
[2026-05-09T16:36:30.235+0100] {logging_mixin.py:188} INFO - [2026-05-09T16:36:30.235+0100] {dag.py:3096} INFO - Sync 1 DAGs
[2026-05-09T16:36:30.251+0100] {logging_mixin.py:188} INFO - [2026-05-09T16:36:30.251+0100] {dag.py:3954} INFO - Setting next_dagrun for example_complex to None, run_after=None
[2026-05-09T16:36:30.416+0100] {processor.py:183} INFO - Processing /home/najma/airflow-venv/lib/python3.12/site-packages/airflow/example_dags/example_complex.py took 0.240 seconds
[2026-05-09T16:37:55.257+0100] {processor.py:161} INFO - Started process (PID=23238) to work on /home/najma/airflow-venv/lib/python3.12/site-packages/airflow/example_dags/example_complex.py
[2026-05-09T16:37:55.259+0100] {processor.py:830} INFO - Processing file /home/najma/airflow-venv/lib/python3.12/site-packages/airflow/example_dags/example_complex.py for tasks to queue
[2026-05-09T16:37:55.261+0100] {logging_mixin.py:188} INFO - [2026-05-09T16:37:55.260+0100] {dagbag.py:540} INFO - Filling up the DagBag from /home/najma/airflow-venv/lib/python3.12/site-packages/airflow/example_dags/example_complex.py
[2026-05-09T16:37:55.274+0100] {processor.py:840} INFO - DAG(s) 'example_complex' retrieved from /home/najma/airflow-venv/lib/python3.12/site-packages/airflow/example_dags/example_complex.py
[2026-05-09T16:37:55.335+0100] {logging_mixin.py:188} INFO - [2026-05-09T16:37:55.334+0100] {dag.py:3096} INFO - Sync 1 DAGs
[2026-05-09T16:37:55.361+0100] {logging_mixin.py:188} INFO - [2026-05-09T16:37:55.361+0100] {dag.py:3954} INFO - Setting next_dagrun for example_complex to None, run_after=None
[2026-05-09T16:37:55.513+0100] {processor.py:183} INFO - Processing /home/najma/airflow-venv/lib/python3.12/site-packages/airflow/example_dags/example_complex.py took 0.271 seconds
[2026-05-09T16:38:02.482+0100] {processor.py:161} INFO - Started process (PID=23250) to work on /home/najma/airflow-venv/lib/python3.12/site-packages/airflow/example_dags/example_complex.py
[2026-05-09T16:38:02.484+0100] {processor.py:830} INFO - Processing file /home/najma/airflow-venv/lib/python3.12/site-packages/airflow/example_dags/example_complex.py for tasks to queue
[2026-05-09T16:38:02.487+0100] {logging_mixin.py:188} INFO - [2026-05-09T16:38:02.487+0100] {dagbag.py:540} INFO - Filling up the DagBag from /home/najma/airflow-venv/lib/python3.12/site-packages/airflow/example_dags/example_complex.py
[2026-05-09T16:38:02.504+0100] {processor.py:840} INFO - DAG(s) 'example_complex' retrieved from /home/najma/airflow-venv/lib/python3.12/site-packages/airflow/example_dags/example_complex.py
[2026-05-09T16:38:02.550+0100] {logging_mixin.py:188} INFO - [2026-05-09T16:38:02.550+0100] {dag.py:3096} INFO - Sync 1 DAGs
[2026-05-09T16:38:02.568+0100] {logging_mixin.py:188} INFO - [2026-05-09T16:38:02.568+0100] {dag.py:3954} INFO - Setting next_dagrun for example_complex to None, run_after=None
[2026-05-09T16:38:02.666+0100] {processor.py:183} INFO - Processing /home/najma/airflow-venv/lib/python3.12/site-packages/airflow/example_dags/example_complex.py took 0.192 seconds
[2026-05-09T16:39:47.019+0100] {processor.py:161} INFO - Started process (PID=23386) to work on /home/najma/airflow-venv/lib/python3.12/site-packages/airflow/example_dags/example_complex.py
[2026-05-09T16:39:47.021+0100] {processor.py:830} INFO - Processing file /home/najma/airflow-venv/lib/python3.12/site-packages/airflow/example_dags/example_complex.py for tasks to queue
[2026-05-09T16:39:47.026+0100] {logging_mixin.py:188} INFO - [2026-05-09T16:39:47.025+0100] {dagbag.py:540} INFO - Filling up the DagBag from /home/najma/airflow-venv/lib/python3.12/site-packages/airflow/example_dags/example_complex.py
[2026-05-09T16:39:47.044+0100] {processor.py:840} INFO - DAG(s) 'example_complex' retrieved from /home/najma/airflow-venv/lib/python3.12/site-packages/airflow/example_dags/example_complex.py
[2026-05-09T16:39:47.126+0100] {logging_mixin.py:188} INFO - [2026-05-09T16:39:47.126+0100] {dag.py:3096} INFO - Sync 1 DAGs
[2026-05-09T16:39:47.155+0100] {logging_mixin.py:188} INFO - [2026-05-09T16:39:47.155+0100] {dag.py:3954} INFO - Setting next_dagrun for example_complex to None, run_after=None
[2026-05-09T16:39:47.464+0100] {processor.py:183} INFO - Processing /home/najma/airflow-venv/lib/python3.12/site-packages/airflow/example_dags/example_complex.py took 0.454 seconds
[2026-05-09T16:39:52.823+0100] {processor.py:161} INFO - Started process (PID=23394) to work on /home/najma/airflow-venv/lib/python3.12/site-packages/airflow/example_dags/example_complex.py
[2026-05-09T16:39:52.825+0100] {processor.py:830} INFO - Processing file /home/najma/airflow-venv/lib/python3.12/site-packages/airflow/example_dags/example_complex.py for tasks to queue
[2026-05-09T16:39:52.829+0100] {logging_mixin.py:188} INFO - [2026-05-09T16:39:52.828+0100] {dagbag.py:540} INFO - Filling up the DagBag from /home/najma/airflow-venv/lib/python3.12/site-packages/airflow/example_dags/example_complex.py
[2026-05-09T16:39:52.846+0100] {processor.py:840} INFO - DAG(s) 'example_complex' retrieved from /home/najma/airflow-venv/lib/python3.12/site-packages/airflow/example_dags/example_complex.py
[2026-05-09T16:39:52.914+0100] {logging_mixin.py:188} INFO - [2026-05-09T16:39:52.914+0100] {dag.py:3096} INFO - Sync 1 DAGs
[2026-05-09T16:39:52.937+0100] {logging_mixin.py:188} INFO - [2026-05-09T16:39:52.936+0100] {dag.py:3954} INFO - Setting next_dagrun for example_complex to None, run_after=None
[2026-05-09T16:39:53.114+0100] {processor.py:183} INFO - Processing /home/najma/airflow-venv/lib/python3.12/site-packages/airflow/example_dags/example_complex.py took 0.299 seconds
[2026-05-09T16:41:37.418+0100] {processor.py:161} INFO - Started process (PID=23539) to work on /home/najma/airflow-venv/lib/python3.12/site-packages/airflow/example_dags/example_complex.py
[2026-05-09T16:41:37.420+0100] {processor.py:830} INFO - Processing file /home/najma/airflow-venv/lib/python3.12/site-packages/airflow/example_dags/example_complex.py for tasks to queue
[2026-05-09T16:41:37.425+0100] {logging_mixin.py:188} INFO - [2026-05-09T16:41:37.424+0100] {dagbag.py:540} INFO - Filling up the DagBag from /home/najma/airflow-venv/lib/python3.12/site-packages/airflow/example_dags/example_complex.py
[2026-05-09T16:41:37.445+0100] {processor.py:840} INFO - DAG(s) 'example_complex' retrieved from /home/najma/airflow-venv/lib/python3.12/site-packages/airflow/example_dags/example_complex.py
[2026-05-09T16:41:37.507+0100] {logging_mixin.py:188} INFO - [2026-05-09T16:41:37.506+0100] {dag.py:3096} INFO - Sync 1 DAGs
[2026-05-09T16:41:37.531+0100] {logging_mixin.py:188} INFO - [2026-05-09T16:41:37.530+0100] {dag.py:3954} INFO - Setting next_dagrun for example_complex to None, run_after=None
[2026-05-09T16:41:37.719+0100] {processor.py:183} INFO - Processing /home/najma/airflow-venv/lib/python3.12/site-packages/airflow/example_dags/example_complex.py took 0.309 seconds
[2026-05-09T16:41:37.796+0100] {processor.py:161} INFO - Started process (PID=23540) to work on /home/najma/airflow-venv/lib/python3.12/site-packages/airflow/example_dags/example_complex.py
[2026-05-09T16:41:37.798+0100] {processor.py:830} INFO - Processing file /home/najma/airflow-venv/lib/python3.12/site-packages/airflow/example_dags/example_complex.py for tasks to queue
[2026-05-09T16:41:37.801+0100] {logging_mixin.py:188} INFO - [2026-05-09T16:41:37.801+0100] {dagbag.py:540} INFO - Filling up the DagBag from /home/najma/airflow-venv/lib/python3.12/site-packages/airflow/example_dags/example_complex.py
[2026-05-09T16:41:37.817+0100] {processor.py:840} INFO - DAG(s) 'example_complex' retrieved from /home/najma/airflow-venv/lib/python3.12/site-packages/airflow/example_dags/example_complex.py
[2026-05-09T16:41:37.877+0100] {logging_mixin.py:188} INFO - [2026-05-09T16:41:37.877+0100] {dag.py:3096} INFO - Sync 1 DAGs
[2026-05-09T16:41:37.902+0100] {logging_mixin.py:188} INFO - [2026-05-09T16:41:37.902+0100] {dag.py:3954} INFO - Setting next_dagrun for example_complex to None, run_after=None
[2026-05-09T16:41:38.068+0100] {processor.py:183} INFO - Processing /home/najma/airflow-venv/lib/python3.12/site-packages/airflow/example_dags/example_complex.py took 0.280 seconds
[2026-05-09T16:43:32.300+0100] {processor.py:161} INFO - Started process (PID=23686) to work on /home/najma/airflow-venv/lib/python3.12/site-packages/airflow/example_dags/example_complex.py
[2026-05-09T16:43:32.303+0100] {processor.py:830} INFO - Processing file /home/najma/airflow-venv/lib/python3.12/site-packages/airflow/example_dags/example_complex.py for tasks to queue
[2026-05-09T16:43:32.306+0100] {logging_mixin.py:188} INFO - [2026-05-09T16:43:32.306+0100] {dagbag.py:540} INFO - Filling up the DagBag from /home/najma/airflow-venv/lib/python3.12/site-packages/airflow/example_dags/example_complex.py
[2026-05-09T16:43:32.324+0100] {processor.py:840} INFO - DAG(s) 'example_complex' retrieved from /home/najma/airflow-venv/lib/python3.12/site-packages/airflow/example_dags/example_complex.py
[2026-05-09T16:43:32.396+0100] {logging_mixin.py:188} INFO - [2026-05-09T16:43:32.395+0100] {dag.py:3096} INFO - Sync 1 DAGs
[2026-05-09T16:43:32.421+0100] {logging_mixin.py:188} INFO - [2026-05-09T16:43:32.421+0100] {dag.py:3954} INFO - Setting next_dagrun for example_complex to None, run_after=None
[2026-05-09T16:43:32.581+0100] {processor.py:183} INFO - Processing /home/najma/airflow-venv/lib/python3.12/site-packages/airflow/example_dags/example_complex.py took 0.292 seconds
[2026-05-09T16:43:33.251+0100] {processor.py:161} INFO - Started process (PID=23687) to work on /home/najma/airflow-venv/lib/python3.12/site-packages/airflow/example_dags/example_complex.py
[2026-05-09T16:43:33.255+0100] {processor.py:830} INFO - Processing file /home/najma/airflow-venv/lib/python3.12/site-packages/airflow/example_dags/example_complex.py for tasks to queue
[2026-05-09T16:43:33.258+0100] {logging_mixin.py:188} INFO - [2026-05-09T16:43:33.257+0100] {dagbag.py:540} INFO - Filling up the DagBag from /home/najma/airflow-venv/lib/python3.12/site-packages/airflow/example_dags/example_complex.py
[2026-05-09T16:43:33.280+0100] {processor.py:840} INFO - DAG(s) 'example_complex' retrieved from /home/najma/airflow-venv/lib/python3.12/site-packages/airflow/example_dags/example_complex.py
[2026-05-09T16:43:33.355+0100] {logging_mixin.py:188} INFO - [2026-05-09T16:43:33.354+0100] {dag.py:3096} INFO - Sync 1 DAGs
[2026-05-09T16:43:33.389+0100] {logging_mixin.py:188} INFO - [2026-05-09T16:43:33.389+0100] {dag.py:3954} INFO - Setting next_dagrun for example_complex to None, run_after=None
[2026-05-09T16:43:33.611+0100] {processor.py:183} INFO - Processing /home/najma/airflow-venv/lib/python3.12/site-packages/airflow/example_dags/example_complex.py took 0.368 seconds
[2026-05-09T16:45:17.583+0100] {processor.py:161} INFO - Started process (PID=23825) to work on /home/najma/airflow-venv/lib/python3.12/site-packages/airflow/example_dags/example_complex.py
[2026-05-09T16:45:17.585+0100] {processor.py:830} INFO - Processing file /home/najma/airflow-venv/lib/python3.12/site-packages/airflow/example_dags/example_complex.py for tasks to queue
[2026-05-09T16:45:17.590+0100] {logging_mixin.py:188} INFO - [2026-05-09T16:45:17.589+0100] {dagbag.py:540} INFO - Filling up the DagBag from /home/najma/airflow-venv/lib/python3.12/site-packages/airflow/example_dags/example_complex.py
[2026-05-09T16:45:17.609+0100] {processor.py:840} INFO - DAG(s) 'example_complex' retrieved from /home/najma/airflow-venv/lib/python3.12/site-packages/airflow/example_dags/example_complex.py
[2026-05-09T16:45:17.684+0100] {logging_mixin.py:188} INFO - [2026-05-09T16:45:17.684+0100] {dag.py:3096} INFO - Sync 1 DAGs
[2026-05-09T16:45:17.709+0100] {logging_mixin.py:188} INFO - [2026-05-09T16:45:17.709+0100] {dag.py:3954} INFO - Setting next_dagrun for example_complex to None, run_after=None
[2026-05-09T16:45:17.889+0100] {processor.py:183} INFO - Processing /home/najma/airflow-venv/lib/python3.12/site-packages/airflow/example_dags/example_complex.py took 0.314 seconds
[2026-05-09T16:45:31.970+0100] {processor.py:161} INFO - Started process (PID=23846) to work on /home/najma/airflow-venv/lib/python3.12/site-packages/airflow/example_dags/example_complex.py
[2026-05-09T16:45:31.972+0100] {processor.py:830} INFO - Processing file /home/najma/airflow-venv/lib/python3.12/site-packages/airflow/example_dags/example_complex.py for tasks to queue
[2026-05-09T16:45:31.982+0100] {logging_mixin.py:188} INFO - [2026-05-09T16:45:31.982+0100] {dagbag.py:540} INFO - Filling up the DagBag from /home/najma/airflow-venv/lib/python3.12/site-packages/airflow/example_dags/example_complex.py
[2026-05-09T16:45:32.007+0100] {processor.py:840} INFO - DAG(s) 'example_complex' retrieved from /home/najma/airflow-venv/lib/python3.12/site-packages/airflow/example_dags/example_complex.py
[2026-05-09T16:45:32.100+0100] {logging_mixin.py:188} INFO - [2026-05-09T16:45:32.100+0100] {dag.py:3096} INFO - Sync 1 DAGs
[2026-05-09T16:45:32.133+0100] {logging_mixin.py:188} INFO - [2026-05-09T16:45:32.133+0100] {dag.py:3954} INFO - Setting next_dagrun for example_complex to None, run_after=None
[2026-05-09T16:45:32.282+0100] {processor.py:183} INFO - Processing /home/najma/airflow-venv/lib/python3.12/site-packages/airflow/example_dags/example_complex.py took 0.319 seconds
[2026-05-09T16:47:22.579+0100] {processor.py:161} INFO - Started process (PID=23977) to work on /home/najma/airflow-venv/lib/python3.12/site-packages/airflow/example_dags/example_complex.py
[2026-05-09T16:47:22.583+0100] {processor.py:830} INFO - Processing file /home/najma/airflow-venv/lib/python3.12/site-packages/airflow/example_dags/example_complex.py for tasks to queue
[2026-05-09T16:47:22.595+0100] {logging_mixin.py:188} INFO - [2026-05-09T16:47:22.594+0100] {dagbag.py:540} INFO - Filling up the DagBag from /home/najma/airflow-venv/lib/python3.12/site-packages/airflow/example_dags/example_complex.py
[2026-05-09T16:47:22.622+0100] {processor.py:840} INFO - DAG(s) 'example_complex' retrieved from /home/najma/airflow-venv/lib/python3.12/site-packages/airflow/example_dags/example_complex.py
[2026-05-09T16:47:22.724+0100] {logging_mixin.py:188} INFO - [2026-05-09T16:47:22.723+0100] {dag.py:3096} INFO - Sync 1 DAGs
[2026-05-09T16:47:22.749+0100] {logging_mixin.py:188} INFO - [2026-05-09T16:47:22.749+0100] {dag.py:3954} INFO - Setting next_dagrun for example_complex to None, run_after=None
[2026-05-09T16:47:22.894+0100] {processor.py:183} INFO - Processing /home/najma/airflow-venv/lib/python3.12/site-packages/airflow/example_dags/example_complex.py took 0.327 seconds
[2026-05-09T16:47:47.366+0100] {processor.py:161} INFO - Started process (PID=24004) to work on /home/najma/airflow-venv/lib/python3.12/site-packages/airflow/example_dags/example_complex.py
[2026-05-09T16:47:47.377+0100] {processor.py:830} INFO - Processing file /home/najma/airflow-venv/lib/python3.12/site-packages/airflow/example_dags/example_complex.py for tasks to queue
[2026-05-09T16:47:47.381+0100] {logging_mixin.py:188} INFO - [2026-05-09T16:47:47.380+0100] {dagbag.py:540} INFO - Filling up the DagBag from /home/najma/airflow-venv/lib/python3.12/site-packages/airflow/example_dags/example_complex.py
[2026-05-09T16:47:47.427+0100] {processor.py:840} INFO - DAG(s) 'example_complex' retrieved from /home/najma/airflow-venv/lib/python3.12/site-packages/airflow/example_dags/example_complex.py
[2026-05-09T16:47:47.560+0100] {logging_mixin.py:188} INFO - [2026-05-09T16:47:47.559+0100] {dag.py:3096} INFO - Sync 1 DAGs
[2026-05-09T16:47:47.625+0100] {logging_mixin.py:188} INFO - [2026-05-09T16:47:47.624+0100] {dag.py:3954} INFO - Setting next_dagrun for example_complex to None, run_after=None
[2026-05-09T16:47:47.843+0100] {processor.py:183} INFO - Processing /home/najma/airflow-venv/lib/python3.12/site-packages/airflow/example_dags/example_complex.py took 0.494 seconds
[2026-05-09T16:48:59.663+0100] {processor.py:161} INFO - Started process (PID=24092) to work on /home/najma/airflow-venv/lib/python3.12/site-packages/airflow/example_dags/example_complex.py
[2026-05-09T16:48:59.665+0100] {processor.py:830} INFO - Processing file /home/najma/airflow-venv/lib/python3.12/site-packages/airflow/example_dags/example_complex.py for tasks to queue
[2026-05-09T16:48:59.677+0100] {logging_mixin.py:188} INFO - [2026-05-09T16:48:59.676+0100] {dagbag.py:540} INFO - Filling up the DagBag from /home/najma/airflow-venv/lib/python3.12/site-packages/airflow/example_dags/example_complex.py
[2026-05-09T16:48:59.710+0100] {processor.py:840} INFO - DAG(s) 'example_complex' retrieved from /home/najma/airflow-venv/lib/python3.12/site-packages/airflow/example_dags/example_complex.py
[2026-05-09T16:48:59.796+0100] {logging_mixin.py:188} INFO - [2026-05-09T16:48:59.796+0100] {dag.py:3096} INFO - Sync 1 DAGs
[2026-05-09T16:48:59.834+0100] {logging_mixin.py:188} INFO - [2026-05-09T16:48:59.834+0100] {dag.py:3954} INFO - Setting next_dagrun for example_complex to None, run_after=None
[2026-05-09T16:49:00.069+0100] {processor.py:183} INFO - Processing /home/najma/airflow-venv/lib/python3.12/site-packages/airflow/example_dags/example_complex.py took 0.413 seconds
[2026-05-09T16:50:08.591+0100] {processor.py:161} INFO - Started process (PID=24162) to work on /home/najma/airflow-venv/lib/python3.12/site-packages/airflow/example_dags/example_complex.py
[2026-05-09T16:50:08.594+0100] {processor.py:830} INFO - Processing file /home/najma/airflow-venv/lib/python3.12/site-packages/airflow/example_dags/example_complex.py for tasks to queue
[2026-05-09T16:50:08.598+0100] {logging_mixin.py:188} INFO - [2026-05-09T16:50:08.597+0100] {dagbag.py:540} INFO - Filling up the DagBag from /home/najma/airflow-venv/lib/python3.12/site-packages/airflow/example_dags/example_complex.py
[2026-05-09T16:50:08.618+0100] {processor.py:840} INFO - DAG(s) 'example_complex' retrieved from /home/najma/airflow-venv/lib/python3.12/site-packages/airflow/example_dags/example_complex.py
[2026-05-09T16:50:08.757+0100] {logging_mixin.py:188} INFO - [2026-05-09T16:50:08.757+0100] {dag.py:3096} INFO - Sync 1 DAGs
[2026-05-09T16:50:08.798+0100] {logging_mixin.py:188} INFO - [2026-05-09T16:50:08.798+0100] {dag.py:3954} INFO - Setting next_dagrun for example_complex to None, run_after=None
[2026-05-09T16:50:08.988+0100] {processor.py:183} INFO - Processing /home/najma/airflow-venv/lib/python3.12/site-packages/airflow/example_dags/example_complex.py took 0.408 seconds
[2026-05-09T16:51:16.574+0100] {processor.py:161} INFO - Started process (PID=24250) to work on /home/najma/airflow-venv/lib/python3.12/site-packages/airflow/example_dags/example_complex.py
[2026-05-09T16:51:16.576+0100] {processor.py:830} INFO - Processing file /home/najma/airflow-venv/lib/python3.12/site-packages/airflow/example_dags/example_complex.py for tasks to queue
[2026-05-09T16:51:16.580+0100] {logging_mixin.py:188} INFO - [2026-05-09T16:51:16.579+0100] {dagbag.py:540} INFO - Filling up the DagBag from /home/najma/airflow-venv/lib/python3.12/site-packages/airflow/example_dags/example_complex.py
[2026-05-09T16:51:16.596+0100] {processor.py:840} INFO - DAG(s) 'example_complex' retrieved from /home/najma/airflow-venv/lib/python3.12/site-packages/airflow/example_dags/example_complex.py
[2026-05-09T16:51:16.687+0100] {logging_mixin.py:188} INFO - [2026-05-09T16:51:16.686+0100] {dag.py:3096} INFO - Sync 1 DAGs
[2026-05-09T16:51:16.738+0100] {logging_mixin.py:188} INFO - [2026-05-09T16:51:16.737+0100] {dag.py:3954} INFO - Setting next_dagrun for example_complex to None, run_after=None
[2026-05-09T16:51:16.963+0100] {processor.py:183} INFO - Processing /home/najma/airflow-venv/lib/python3.12/site-packages/airflow/example_dags/example_complex.py took 0.400 seconds
[2026-05-09T16:52:14.573+0100] {processor.py:161} INFO - Started process (PID=24313) to work on /home/najma/airflow-venv/lib/python3.12/site-packages/airflow/example_dags/example_complex.py
[2026-05-09T16:52:14.575+0100] {processor.py:830} INFO - Processing file /home/najma/airflow-venv/lib/python3.12/site-packages/airflow/example_dags/example_complex.py for tasks to queue
[2026-05-09T16:52:14.585+0100] {logging_mixin.py:188} INFO - [2026-05-09T16:52:14.585+0100] {dagbag.py:540} INFO - Filling up the DagBag from /home/najma/airflow-venv/lib/python3.12/site-packages/airflow/example_dags/example_complex.py
[2026-05-09T16:52:14.626+0100] {processor.py:840} INFO - DAG(s) 'example_complex' retrieved from /home/najma/airflow-venv/lib/python3.12/site-packages/airflow/example_dags/example_complex.py
[2026-05-09T16:52:14.707+0100] {logging_mixin.py:188} INFO - [2026-05-09T16:52:14.706+0100] {dag.py:3096} INFO - Sync 1 DAGs
[2026-05-09T16:52:14.733+0100] {logging_mixin.py:188} INFO - [2026-05-09T16:52:14.733+0100] {dag.py:3954} INFO - Setting next_dagrun for example_complex to None, run_after=None
[2026-05-09T16:52:14.914+0100] {processor.py:183} INFO - Processing /home/najma/airflow-venv/lib/python3.12/site-packages/airflow/example_dags/example_complex.py took 0.349 seconds
[2026-05-09T16:54:02.420+0100] {processor.py:161} INFO - Started process (PID=24413) to work on /home/najma/airflow-venv/lib/python3.12/site-packages/airflow/example_dags/example_complex.py
[2026-05-09T16:54:02.445+0100] {processor.py:830} INFO - Processing file /home/najma/airflow-venv/lib/python3.12/site-packages/airflow/example_dags/example_complex.py for tasks to queue
[2026-05-09T16:54:02.455+0100] {logging_mixin.py:188} INFO - [2026-05-09T16:54:02.455+0100] {dagbag.py:540} INFO - Filling up the DagBag from /home/najma/airflow-venv/lib/python3.12/site-packages/airflow/example_dags/example_complex.py
[2026-05-09T16:54:02.490+0100] {processor.py:840} INFO - DAG(s) 'example_complex' retrieved from /home/najma/airflow-venv/lib/python3.12/site-packages/airflow/example_dags/example_complex.py
[2026-05-09T16:54:02.632+0100] {logging_mixin.py:188} INFO - [2026-05-09T16:54:02.632+0100] {dag.py:3096} INFO - Sync 1 DAGs
[2026-05-09T16:54:02.660+0100] {logging_mixin.py:188} INFO - [2026-05-09T16:54:02.659+0100] {dag.py:3954} INFO - Setting next_dagrun for example_complex to None, run_after=None
[2026-05-09T16:54:02.885+0100] {processor.py:183} INFO - Processing /home/najma/airflow-venv/lib/python3.12/site-packages/airflow/example_dags/example_complex.py took 0.472 seconds
[2026-05-09T16:55:32.185+0100] {processor.py:161} INFO - Started process (PID=24500) to work on /home/najma/airflow-venv/lib/python3.12/site-packages/airflow/example_dags/example_complex.py
[2026-05-09T16:55:32.189+0100] {processor.py:830} INFO - Processing file /home/najma/airflow-venv/lib/python3.12/site-packages/airflow/example_dags/example_complex.py for tasks to queue
[2026-05-09T16:55:32.193+0100] {logging_mixin.py:188} INFO - [2026-05-09T16:55:32.192+0100] {dagbag.py:540} INFO - Filling up the DagBag from /home/najma/airflow-venv/lib/python3.12/site-packages/airflow/example_dags/example_complex.py
[2026-05-09T16:55:32.231+0100] {processor.py:840} INFO - DAG(s) 'example_complex' retrieved from /home/najma/airflow-venv/lib/python3.12/site-packages/airflow/example_dags/example_complex.py
[2026-05-09T16:55:32.485+0100] {logging_mixin.py:188} INFO - [2026-05-09T16:55:32.485+0100] {dag.py:3096} INFO - Sync 1 DAGs
[2026-05-09T16:55:32.569+0100] {logging_mixin.py:188} INFO - [2026-05-09T16:55:32.568+0100] {dag.py:3954} INFO - Setting next_dagrun for example_complex to None, run_after=None
[2026-05-09T16:55:32.837+0100] {processor.py:183} INFO - Processing /home/najma/airflow-venv/lib/python3.12/site-packages/airflow/example_dags/example_complex.py took 0.670 seconds
[2026-05-09T16:57:45.322+0100] {processor.py:161} INFO - Started process (PID=24616) to work on /home/najma/airflow-venv/lib/python3.12/site-packages/airflow/example_dags/example_complex.py
[2026-05-09T16:57:45.323+0100] {processor.py:830} INFO - Processing file /home/najma/airflow-venv/lib/python3.12/site-packages/airflow/example_dags/example_complex.py for tasks to queue
[2026-05-09T16:57:45.333+0100] {logging_mixin.py:188} INFO - [2026-05-09T16:57:45.333+0100] {dagbag.py:540} INFO - Filling up the DagBag from /home/najma/airflow-venv/lib/python3.12/site-packages/airflow/example_dags/example_complex.py
[2026-05-09T16:57:45.467+0100] {processor.py:840} INFO - DAG(s) 'example_complex' retrieved from /home/najma/airflow-venv/lib/python3.12/site-packages/airflow/example_dags/example_complex.py
[2026-05-09T16:57:45.670+0100] {logging_mixin.py:188} INFO - [2026-05-09T16:57:45.670+0100] {dag.py:3096} INFO - Sync 1 DAGs
[2026-05-09T16:57:45.713+0100] {logging_mixin.py:188} INFO - [2026-05-09T16:57:45.713+0100] {dag.py:3954} INFO - Setting next_dagrun for example_complex to None, run_after=None
[2026-05-09T16:57:45.968+0100] {processor.py:183} INFO - Processing /home/najma/airflow-venv/lib/python3.12/site-packages/airflow/example_dags/example_complex.py took 0.653 seconds
[2026-05-09T16:58:53.225+0100] {processor.py:161} INFO - Started process (PID=24698) to work on /home/najma/airflow-venv/lib/python3.12/site-packages/airflow/example_dags/example_complex.py
[2026-05-09T16:58:53.227+0100] {processor.py:830} INFO - Processing file /home/najma/airflow-venv/lib/python3.12/site-packages/airflow/example_dags/example_complex.py for tasks to queue
[2026-05-09T16:58:53.230+0100] {logging_mixin.py:188} INFO - [2026-05-09T16:58:53.229+0100] {dagbag.py:540} INFO - Filling up the DagBag from /home/najma/airflow-venv/lib/python3.12/site-packages/airflow/example_dags/example_complex.py
[2026-05-09T16:58:53.247+0100] {processor.py:840} INFO - DAG(s) 'example_complex' retrieved from /home/najma/airflow-venv/lib/python3.12/site-packages/airflow/example_dags/example_complex.py
[2026-05-09T16:58:53.310+0100] {logging_mixin.py:188} INFO - [2026-05-09T16:58:53.309+0100] {dag.py:3096} INFO - Sync 1 DAGs
[2026-05-09T16:58:53.332+0100] {logging_mixin.py:188} INFO - [2026-05-09T16:58:53.331+0100] {dag.py:3954} INFO - Setting next_dagrun for example_complex to None, run_after=None
[2026-05-09T16:58:53.485+0100] {processor.py:183} INFO - Processing /home/najma/airflow-venv/lib/python3.12/site-packages/airflow/example_dags/example_complex.py took 0.265 seconds
[2026-05-09T16:59:42.706+0100] {processor.py:161} INFO - Started process (PID=24783) to work on /home/najma/airflow-venv/lib/python3.12/site-packages/airflow/example_dags/example_complex.py
[2026-05-09T16:59:42.707+0100] {processor.py:830} INFO - Processing file /home/najma/airflow-venv/lib/python3.12/site-packages/airflow/example_dags/example_complex.py for tasks to queue
[2026-05-09T16:59:42.710+0100] {logging_mixin.py:188} INFO - [2026-05-09T16:59:42.709+0100] {dagbag.py:540} INFO - Filling up the DagBag from /home/najma/airflow-venv/lib/python3.12/site-packages/airflow/example_dags/example_complex.py
[2026-05-09T16:59:42.719+0100] {processor.py:840} INFO - DAG(s) 'example_complex' retrieved from /home/najma/airflow-venv/lib/python3.12/site-packages/airflow/example_dags/example_complex.py
[2026-05-09T16:59:42.758+0100] {logging_mixin.py:188} INFO - [2026-05-09T16:59:42.758+0100] {dag.py:3096} INFO - Sync 1 DAGs
[2026-05-09T16:59:42.772+0100] {logging_mixin.py:188} INFO - [2026-05-09T16:59:42.772+0100] {dag.py:3954} INFO - Setting next_dagrun for example_complex to None, run_after=None
[2026-05-09T16:59:42.863+0100] {processor.py:183} INFO - Processing /home/najma/airflow-venv/lib/python3.12/site-packages/airflow/example_dags/example_complex.py took 0.161 seconds
[2026-05-09T17:00:21.047+0100] {processor.py:161} INFO - Started process (PID=24853) to work on /home/najma/airflow-venv/lib/python3.12/site-packages/airflow/example_dags/example_complex.py
[2026-05-09T17:00:21.048+0100] {processor.py:830} INFO - Processing file /home/najma/airflow-venv/lib/python3.12/site-packages/airflow/example_dags/example_complex.py for tasks to queue
[2026-05-09T17:00:21.050+0100] {logging_mixin.py:188} INFO - [2026-05-09T17:00:21.049+0100] {dagbag.py:540} INFO - Filling up the DagBag from /home/najma/airflow-venv/lib/python3.12/site-packages/airflow/example_dags/example_complex.py
[2026-05-09T17:00:21.059+0100] {processor.py:840} INFO - DAG(s) 'example_complex' retrieved from /home/najma/airflow-venv/lib/python3.12/site-packages/airflow/example_dags/example_complex.py
[2026-05-09T17:00:21.099+0100] {logging_mixin.py:188} INFO - [2026-05-09T17:00:21.099+0100] {dag.py:3096} INFO - Sync 1 DAGs
[2026-05-09T17:00:21.115+0100] {logging_mixin.py:188} INFO - [2026-05-09T17:00:21.115+0100] {dag.py:3954} INFO - Setting next_dagrun for example_complex to None, run_after=None
[2026-05-09T17:00:21.197+0100] {processor.py:183} INFO - Processing /home/najma/airflow-venv/lib/python3.12/site-packages/airflow/example_dags/example_complex.py took 0.156 seconds
[2026-05-09T17:00:50.307+0100] {processor.py:161} INFO - Started process (PID=24901) to work on /home/najma/airflow-venv/lib/python3.12/site-packages/airflow/example_dags/example_complex.py
[2026-05-09T17:00:50.308+0100] {processor.py:830} INFO - Processing file /home/najma/airflow-venv/lib/python3.12/site-packages/airflow/example_dags/example_complex.py for tasks to queue
[2026-05-09T17:00:50.311+0100] {logging_mixin.py:188} INFO - [2026-05-09T17:00:50.309+0100] {dagbag.py:540} INFO - Filling up the DagBag from /home/najma/airflow-venv/lib/python3.12/site-packages/airflow/example_dags/example_complex.py
[2026-05-09T17:00:50.320+0100] {processor.py:840} INFO - DAG(s) 'example_complex' retrieved from /home/najma/airflow-venv/lib/python3.12/site-packages/airflow/example_dags/example_complex.py
[2026-05-09T17:00:50.358+0100] {logging_mixin.py:188} INFO - [2026-05-09T17:00:50.358+0100] {dag.py:3096} INFO - Sync 1 DAGs
[2026-05-09T17:00:50.374+0100] {logging_mixin.py:188} INFO - [2026-05-09T17:00:50.374+0100] {dag.py:3954} INFO - Setting next_dagrun for example_complex to None, run_after=None
[2026-05-09T17:00:50.473+0100] {processor.py:183} INFO - Processing /home/najma/airflow-venv/lib/python3.12/site-packages/airflow/example_dags/example_complex.py took 0.171 seconds
[2026-05-09T17:01:28.708+0100] {processor.py:161} INFO - Started process (PID=24971) to work on /home/najma/airflow-venv/lib/python3.12/site-packages/airflow/example_dags/example_complex.py
[2026-05-09T17:01:28.710+0100] {processor.py:830} INFO - Processing file /home/najma/airflow-venv/lib/python3.12/site-packages/airflow/example_dags/example_complex.py for tasks to queue
[2026-05-09T17:01:28.712+0100] {logging_mixin.py:188} INFO - [2026-05-09T17:01:28.712+0100] {dagbag.py:540} INFO - Filling up the DagBag from /home/najma/airflow-venv/lib/python3.12/site-packages/airflow/example_dags/example_complex.py
[2026-05-09T17:01:28.726+0100] {processor.py:840} INFO - DAG(s) 'example_complex' retrieved from /home/najma/airflow-venv/lib/python3.12/site-packages/airflow/example_dags/example_complex.py
[2026-05-09T17:01:28.764+0100] {logging_mixin.py:188} INFO - [2026-05-09T17:01:28.764+0100] {dag.py:3096} INFO - Sync 1 DAGs
[2026-05-09T17:01:28.778+0100] {logging_mixin.py:188} INFO - [2026-05-09T17:01:28.777+0100] {dag.py:3954} INFO - Setting next_dagrun for example_complex to None, run_after=None
[2026-05-09T17:01:28.858+0100] {processor.py:183} INFO - Processing /home/najma/airflow-venv/lib/python3.12/site-packages/airflow/example_dags/example_complex.py took 0.154 seconds
[2026-05-09T17:02:11.206+0100] {processor.py:161} INFO - Started process (PID=25033) to work on /home/najma/airflow-venv/lib/python3.12/site-packages/airflow/example_dags/example_complex.py
[2026-05-09T17:02:11.208+0100] {processor.py:830} INFO - Processing file /home/najma/airflow-venv/lib/python3.12/site-packages/airflow/example_dags/example_complex.py for tasks to queue
[2026-05-09T17:02:11.210+0100] {logging_mixin.py:188} INFO - [2026-05-09T17:02:11.210+0100] {dagbag.py:540} INFO - Filling up the DagBag from /home/najma/airflow-venv/lib/python3.12/site-packages/airflow/example_dags/example_complex.py
[2026-05-09T17:02:11.238+0100] {processor.py:840} INFO - DAG(s) 'example_complex' retrieved from /home/najma/airflow-venv/lib/python3.12/site-packages/airflow/example_dags/example_complex.py
[2026-05-09T17:02:11.351+0100] {logging_mixin.py:188} INFO - [2026-05-09T17:02:11.351+0100] {dag.py:3096} INFO - Sync 1 DAGs
[2026-05-09T17:02:11.380+0100] {logging_mixin.py:188} INFO - [2026-05-09T17:02:11.380+0100] {dag.py:3954} INFO - Setting next_dagrun for example_complex to None, run_after=None
[2026-05-09T17:02:11.495+0100] {processor.py:183} INFO - Processing /home/najma/airflow-venv/lib/python3.12/site-packages/airflow/example_dags/example_complex.py took 0.298 seconds
[2026-05-09T17:03:00.960+0100] {processor.py:161} INFO - Started process (PID=25113) to work on /home/najma/airflow-venv/lib/python3.12/site-packages/airflow/example_dags/example_complex.py
[2026-05-09T17:03:00.961+0100] {processor.py:830} INFO - Processing file /home/najma/airflow-venv/lib/python3.12/site-packages/airflow/example_dags/example_complex.py for tasks to queue
[2026-05-09T17:03:00.963+0100] {logging_mixin.py:188} INFO - [2026-05-09T17:03:00.963+0100] {dagbag.py:540} INFO - Filling up the DagBag from /home/najma/airflow-venv/lib/python3.12/site-packages/airflow/example_dags/example_complex.py
[2026-05-09T17:03:00.970+0100] {processor.py:840} INFO - DAG(s) 'example_complex' retrieved from /home/najma/airflow-venv/lib/python3.12/site-packages/airflow/example_dags/example_complex.py
[2026-05-09T17:03:01.002+0100] {logging_mixin.py:188} INFO - [2026-05-09T17:03:01.001+0100] {dag.py:3096} INFO - Sync 1 DAGs
[2026-05-09T17:03:01.014+0100] {logging_mixin.py:188} INFO - [2026-05-09T17:03:01.014+0100] {dag.py:3954} INFO - Setting next_dagrun for example_complex to None, run_after=None
[2026-05-09T17:03:01.091+0100] {processor.py:183} INFO - Processing /home/najma/airflow-venv/lib/python3.12/site-packages/airflow/example_dags/example_complex.py took 0.135 seconds
[2026-05-09T17:03:39.873+0100] {processor.py:161} INFO - Started process (PID=25178) to work on /home/najma/airflow-venv/lib/python3.12/site-packages/airflow/example_dags/example_complex.py
[2026-05-09T17:03:39.874+0100] {processor.py:830} INFO - Processing file /home/najma/airflow-venv/lib/python3.12/site-packages/airflow/example_dags/example_complex.py for tasks to queue
[2026-05-09T17:03:39.876+0100] {logging_mixin.py:188} INFO - [2026-05-09T17:03:39.876+0100] {dagbag.py:540} INFO - Filling up the DagBag from /home/najma/airflow-venv/lib/python3.12/site-packages/airflow/example_dags/example_complex.py
[2026-05-09T17:03:39.885+0100] {processor.py:840} INFO - DAG(s) 'example_complex' retrieved from /home/najma/airflow-venv/lib/python3.12/site-packages/airflow/example_dags/example_complex.py
[2026-05-09T17:03:39.922+0100] {logging_mixin.py:188} INFO - [2026-05-09T17:03:39.921+0100] {dag.py:3096} INFO - Sync 1 DAGs
[2026-05-09T17:03:39.937+0100] {logging_mixin.py:188} INFO - [2026-05-09T17:03:39.936+0100] {dag.py:3954} INFO - Setting next_dagrun for example_complex to None, run_after=None
[2026-05-09T17:03:40.024+0100] {processor.py:183} INFO - Processing /home/najma/airflow-venv/lib/python3.12/site-packages/airflow/example_dags/example_complex.py took 0.157 seconds
[2026-05-09T17:04:17.678+0100] {processor.py:161} INFO - Started process (PID=25243) to work on /home/najma/airflow-venv/lib/python3.12/site-packages/airflow/example_dags/example_complex.py
[2026-05-09T17:04:17.679+0100] {processor.py:830} INFO - Processing file /home/najma/airflow-venv/lib/python3.12/site-packages/airflow/example_dags/example_complex.py for tasks to queue
[2026-05-09T17:04:17.681+0100] {logging_mixin.py:188} INFO - [2026-05-09T17:04:17.681+0100] {dagbag.py:540} INFO - Filling up the DagBag from /home/najma/airflow-venv/lib/python3.12/site-packages/airflow/example_dags/example_complex.py
[2026-05-09T17:04:17.688+0100] {processor.py:840} INFO - DAG(s) 'example_complex' retrieved from /home/najma/airflow-venv/lib/python3.12/site-packages/airflow/example_dags/example_complex.py
[2026-05-09T17:04:17.723+0100] {logging_mixin.py:188} INFO - [2026-05-09T17:04:17.723+0100] {dag.py:3096} INFO - Sync 1 DAGs
[2026-05-09T17:04:17.737+0100] {logging_mixin.py:188} INFO - [2026-05-09T17:04:17.737+0100] {dag.py:3954} INFO - Setting next_dagrun for example_complex to None, run_after=None
[2026-05-09T17:04:17.821+0100] {processor.py:183} INFO - Processing /home/najma/airflow-venv/lib/python3.12/site-packages/airflow/example_dags/example_complex.py took 0.147 seconds
[2026-05-09T17:52:44.177+0100] {processor.py:161} INFO - Started process (PID=25330) to work on /home/najma/airflow-venv/lib/python3.12/site-packages/airflow/example_dags/example_complex.py
[2026-05-09T17:52:44.180+0100] {processor.py:830} INFO - Processing file /home/najma/airflow-venv/lib/python3.12/site-packages/airflow/example_dags/example_complex.py for tasks to queue
[2026-05-09T17:52:44.183+0100] {logging_mixin.py:188} INFO - [2026-05-09T17:52:44.182+0100] {dagbag.py:540} INFO - Filling up the DagBag from /home/najma/airflow-venv/lib/python3.12/site-packages/airflow/example_dags/example_complex.py
[2026-05-09T17:52:44.199+0100] {processor.py:840} INFO - DAG(s) 'example_complex' retrieved from /home/najma/airflow-venv/lib/python3.12/site-packages/airflow/example_dags/example_complex.py
[2026-05-09T17:52:44.272+0100] {logging_mixin.py:188} INFO - [2026-05-09T17:52:44.272+0100] {dag.py:3096} INFO - Sync 1 DAGs
[2026-05-09T17:52:44.299+0100] {logging_mixin.py:188} INFO - [2026-05-09T17:52:44.299+0100] {dag.py:3954} INFO - Setting next_dagrun for example_complex to None, run_after=None
[2026-05-09T17:52:44.459+0100] {processor.py:183} INFO - Processing /home/najma/airflow-venv/lib/python3.12/site-packages/airflow/example_dags/example_complex.py took 0.289 seconds
[2026-05-09T17:53:43.663+0100] {processor.py:161} INFO - Started process (PID=25403) to work on /home/najma/airflow-venv/lib/python3.12/site-packages/airflow/example_dags/example_complex.py
[2026-05-09T17:53:43.665+0100] {processor.py:830} INFO - Processing file /home/najma/airflow-venv/lib/python3.12/site-packages/airflow/example_dags/example_complex.py for tasks to queue
[2026-05-09T17:53:43.667+0100] {logging_mixin.py:188} INFO - [2026-05-09T17:53:43.666+0100] {dagbag.py:540} INFO - Filling up the DagBag from /home/najma/airflow-venv/lib/python3.12/site-packages/airflow/example_dags/example_complex.py
[2026-05-09T17:53:43.677+0100] {processor.py:840} INFO - DAG(s) 'example_complex' retrieved from /home/najma/airflow-venv/lib/python3.12/site-packages/airflow/example_dags/example_complex.py
[2026-05-09T17:53:43.721+0100] {logging_mixin.py:188} INFO - [2026-05-09T17:53:43.721+0100] {dag.py:3096} INFO - Sync 1 DAGs
[2026-05-09T17:53:43.754+0100] {logging_mixin.py:188} INFO - [2026-05-09T17:53:43.754+0100] {dag.py:3954} INFO - Setting next_dagrun for example_complex to None, run_after=None
[2026-05-09T17:53:43.917+0100] {processor.py:183} INFO - Processing /home/najma/airflow-venv/lib/python3.12/site-packages/airflow/example_dags/example_complex.py took 0.258 seconds
[2026-05-09T17:54:35.180+0100] {processor.py:161} INFO - Started process (PID=25478) to work on /home/najma/airflow-venv/lib/python3.12/site-packages/airflow/example_dags/example_complex.py
[2026-05-09T17:54:35.183+0100] {processor.py:830} INFO - Processing file /home/najma/airflow-venv/lib/python3.12/site-packages/airflow/example_dags/example_complex.py for tasks to queue
[2026-05-09T17:54:35.185+0100] {logging_mixin.py:188} INFO - [2026-05-09T17:54:35.185+0100] {dagbag.py:540} INFO - Filling up the DagBag from /home/najma/airflow-venv/lib/python3.12/site-packages/airflow/example_dags/example_complex.py
[2026-05-09T17:54:35.194+0100] {processor.py:840} INFO - DAG(s) 'example_complex' retrieved from /home/najma/airflow-venv/lib/python3.12/site-packages/airflow/example_dags/example_complex.py
[2026-05-09T17:54:35.238+0100] {logging_mixin.py:188} INFO - [2026-05-09T17:54:35.237+0100] {dag.py:3096} INFO - Sync 1 DAGs
[2026-05-09T17:54:35.255+0100] {logging_mixin.py:188} INFO - [2026-05-09T17:54:35.254+0100] {dag.py:3954} INFO - Setting next_dagrun for example_complex to None, run_after=None
[2026-05-09T17:54:35.380+0100] {processor.py:183} INFO - Processing /home/najma/airflow-venv/lib/python3.12/site-packages/airflow/example_dags/example_complex.py took 0.203 seconds
[2026-05-09T17:55:20.199+0100] {processor.py:161} INFO - Started process (PID=25548) to work on /home/najma/airflow-venv/lib/python3.12/site-packages/airflow/example_dags/example_complex.py
[2026-05-09T17:55:20.200+0100] {processor.py:830} INFO - Processing file /home/najma/airflow-venv/lib/python3.12/site-packages/airflow/example_dags/example_complex.py for tasks to queue
[2026-05-09T17:55:20.204+0100] {logging_mixin.py:188} INFO - [2026-05-09T17:55:20.203+0100] {dagbag.py:540} INFO - Filling up the DagBag from /home/najma/airflow-venv/lib/python3.12/site-packages/airflow/example_dags/example_complex.py
[2026-05-09T17:55:20.216+0100] {processor.py:840} INFO - DAG(s) 'example_complex' retrieved from /home/najma/airflow-venv/lib/python3.12/site-packages/airflow/example_dags/example_complex.py
[2026-05-09T17:55:20.260+0100] {logging_mixin.py:188} INFO - [2026-05-09T17:55:20.259+0100] {dag.py:3096} INFO - Sync 1 DAGs
[2026-05-09T17:55:20.278+0100] {logging_mixin.py:188} INFO - [2026-05-09T17:55:20.277+0100] {dag.py:3954} INFO - Setting next_dagrun for example_complex to None, run_after=None
[2026-05-09T17:55:20.383+0100] {processor.py:183} INFO - Processing /home/najma/airflow-venv/lib/python3.12/site-packages/airflow/example_dags/example_complex.py took 0.190 seconds
[2026-05-09T17:55:58.728+0100] {processor.py:161} INFO - Started process (PID=25606) to work on /home/najma/airflow-venv/lib/python3.12/site-packages/airflow/example_dags/example_complex.py
[2026-05-09T17:55:58.730+0100] {processor.py:830} INFO - Processing file /home/najma/airflow-venv/lib/python3.12/site-packages/airflow/example_dags/example_complex.py for tasks to queue
[2026-05-09T17:55:58.733+0100] {logging_mixin.py:188} INFO - [2026-05-09T17:55:58.733+0100] {dagbag.py:540} INFO - Filling up the DagBag from /home/najma/airflow-venv/lib/python3.12/site-packages/airflow/example_dags/example_complex.py
[2026-05-09T17:55:58.741+0100] {processor.py:840} INFO - DAG(s) 'example_complex' retrieved from /home/najma/airflow-venv/lib/python3.12/site-packages/airflow/example_dags/example_complex.py
[2026-05-09T17:55:58.777+0100] {logging_mixin.py:188} INFO - [2026-05-09T17:55:58.777+0100] {dag.py:3096} INFO - Sync 1 DAGs
[2026-05-09T17:55:58.795+0100] {logging_mixin.py:188} INFO - [2026-05-09T17:55:58.794+0100] {dag.py:3954} INFO - Setting next_dagrun for example_complex to None, run_after=None
[2026-05-09T17:55:58.883+0100] {processor.py:183} INFO - Processing /home/najma/airflow-venv/lib/python3.12/site-packages/airflow/example_dags/example_complex.py took 0.159 seconds
[2026-05-09T17:56:40.548+0100] {processor.py:161} INFO - Started process (PID=25676) to work on /home/najma/airflow-venv/lib/python3.12/site-packages/airflow/example_dags/example_complex.py
[2026-05-09T17:56:40.550+0100] {processor.py:830} INFO - Processing file /home/najma/airflow-venv/lib/python3.12/site-packages/airflow/example_dags/example_complex.py for tasks to queue
[2026-05-09T17:56:40.552+0100] {logging_mixin.py:188} INFO - [2026-05-09T17:56:40.551+0100] {dagbag.py:540} INFO - Filling up the DagBag from /home/najma/airflow-venv/lib/python3.12/site-packages/airflow/example_dags/example_complex.py
[2026-05-09T17:56:40.560+0100] {processor.py:840} INFO - DAG(s) 'example_complex' retrieved from /home/najma/airflow-venv/lib/python3.12/site-packages/airflow/example_dags/example_complex.py
[2026-05-09T17:56:40.598+0100] {logging_mixin.py:188} INFO - [2026-05-09T17:56:40.598+0100] {dag.py:3096} INFO - Sync 1 DAGs
[2026-05-09T17:56:40.612+0100] {logging_mixin.py:188} INFO - [2026-05-09T17:56:40.612+0100] {dag.py:3954} INFO - Setting next_dagrun for example_complex to None, run_after=None
[2026-05-09T17:56:40.710+0100] {processor.py:183} INFO - Processing /home/najma/airflow-venv/lib/python3.12/site-packages/airflow/example_dags/example_complex.py took 0.167 seconds
[2026-05-09T17:57:14.047+0100] {processor.py:161} INFO - Started process (PID=25733) to work on /home/najma/airflow-venv/lib/python3.12/site-packages/airflow/example_dags/example_complex.py
[2026-05-09T17:57:14.050+0100] {processor.py:830} INFO - Processing file /home/najma/airflow-venv/lib/python3.12/site-packages/airflow/example_dags/example_complex.py for tasks to queue
[2026-05-09T17:57:14.052+0100] {logging_mixin.py:188} INFO - [2026-05-09T17:57:14.052+0100] {dagbag.py:540} INFO - Filling up the DagBag from /home/najma/airflow-venv/lib/python3.12/site-packages/airflow/example_dags/example_complex.py
[2026-05-09T17:57:14.060+0100] {processor.py:840} INFO - DAG(s) 'example_complex' retrieved from /home/najma/airflow-venv/lib/python3.12/site-packages/airflow/example_dags/example_complex.py
[2026-05-09T17:57:14.110+0100] {logging_mixin.py:188} INFO - [2026-05-09T17:57:14.110+0100] {dag.py:3096} INFO - Sync 1 DAGs
[2026-05-09T17:57:14.132+0100] {logging_mixin.py:188} INFO - [2026-05-09T17:57:14.132+0100] {dag.py:3954} INFO - Setting next_dagrun for example_complex to None, run_after=None
[2026-05-09T17:57:14.255+0100] {processor.py:183} INFO - Processing /home/najma/airflow-venv/lib/python3.12/site-packages/airflow/example_dags/example_complex.py took 0.213 seconds
[2026-05-09T17:57:59.245+0100] {processor.py:161} INFO - Started process (PID=25801) to work on /home/najma/airflow-venv/lib/python3.12/site-packages/airflow/example_dags/example_complex.py
[2026-05-09T17:57:59.246+0100] {processor.py:830} INFO - Processing file /home/najma/airflow-venv/lib/python3.12/site-packages/airflow/example_dags/example_complex.py for tasks to queue
[2026-05-09T17:57:59.248+0100] {logging_mixin.py:188} INFO - [2026-05-09T17:57:59.247+0100] {dagbag.py:540} INFO - Filling up the DagBag from /home/najma/airflow-venv/lib/python3.12/site-packages/airflow/example_dags/example_complex.py
[2026-05-09T17:57:59.257+0100] {processor.py:840} INFO - DAG(s) 'example_complex' retrieved from /home/najma/airflow-venv/lib/python3.12/site-packages/airflow/example_dags/example_complex.py
[2026-05-09T17:57:59.297+0100] {logging_mixin.py:188} INFO - [2026-05-09T17:57:59.297+0100] {dag.py:3096} INFO - Sync 1 DAGs
[2026-05-09T17:57:59.313+0100] {logging_mixin.py:188} INFO - [2026-05-09T17:57:59.313+0100] {dag.py:3954} INFO - Setting next_dagrun for example_complex to None, run_after=None
[2026-05-09T17:57:59.469+0100] {processor.py:183} INFO - Processing /home/najma/airflow-venv/lib/python3.12/site-packages/airflow/example_dags/example_complex.py took 0.229 seconds
[2026-05-09T17:58:31.757+0100] {processor.py:161} INFO - Started process (PID=25853) to work on /home/najma/airflow-venv/lib/python3.12/site-packages/airflow/example_dags/example_complex.py
[2026-05-09T17:58:31.758+0100] {processor.py:830} INFO - Processing file /home/najma/airflow-venv/lib/python3.12/site-packages/airflow/example_dags/example_complex.py for tasks to queue
[2026-05-09T17:58:31.760+0100] {logging_mixin.py:188} INFO - [2026-05-09T17:58:31.759+0100] {dagbag.py:540} INFO - Filling up the DagBag from /home/najma/airflow-venv/lib/python3.12/site-packages/airflow/example_dags/example_complex.py
[2026-05-09T17:58:31.770+0100] {processor.py:840} INFO - DAG(s) 'example_complex' retrieved from /home/najma/airflow-venv/lib/python3.12/site-packages/airflow/example_dags/example_complex.py
[2026-05-09T17:58:31.804+0100] {logging_mixin.py:188} INFO - [2026-05-09T17:58:31.804+0100] {dag.py:3096} INFO - Sync 1 DAGs
[2026-05-09T17:58:31.821+0100] {logging_mixin.py:188} INFO - [2026-05-09T17:58:31.821+0100] {dag.py:3954} INFO - Setting next_dagrun for example_complex to None, run_after=None
[2026-05-09T17:58:31.915+0100] {processor.py:183} INFO - Processing /home/najma/airflow-venv/lib/python3.12/site-packages/airflow/example_dags/example_complex.py took 0.163 seconds
[2026-05-09T17:59:12.308+0100] {processor.py:161} INFO - Started process (PID=25921) to work on /home/najma/airflow-venv/lib/python3.12/site-packages/airflow/example_dags/example_complex.py
[2026-05-09T17:59:12.310+0100] {processor.py:830} INFO - Processing file /home/najma/airflow-venv/lib/python3.12/site-packages/airflow/example_dags/example_complex.py for tasks to queue
[2026-05-09T17:59:12.311+0100] {logging_mixin.py:188} INFO - [2026-05-09T17:59:12.311+0100] {dagbag.py:540} INFO - Filling up the DagBag from /home/najma/airflow-venv/lib/python3.12/site-packages/airflow/example_dags/example_complex.py
[2026-05-09T17:59:12.321+0100] {processor.py:840} INFO - DAG(s) 'example_complex' retrieved from /home/najma/airflow-venv/lib/python3.12/site-packages/airflow/example_dags/example_complex.py
[2026-05-09T17:59:12.360+0100] {logging_mixin.py:188} INFO - [2026-05-09T17:59:12.360+0100] {dag.py:3096} INFO - Sync 1 DAGs
[2026-05-09T17:59:12.376+0100] {logging_mixin.py:188} INFO - [2026-05-09T17:59:12.376+0100] {dag.py:3954} INFO - Setting next_dagrun for example_complex to None, run_after=None
[2026-05-09T17:59:12.502+0100] {processor.py:183} INFO - Processing /home/najma/airflow-venv/lib/python3.12/site-packages/airflow/example_dags/example_complex.py took 0.198 seconds
[2026-05-09T17:59:45.108+0100] {processor.py:161} INFO - Started process (PID=25973) to work on /home/najma/airflow-venv/lib/python3.12/site-packages/airflow/example_dags/example_complex.py
[2026-05-09T17:59:45.109+0100] {processor.py:830} INFO - Processing file /home/najma/airflow-venv/lib/python3.12/site-packages/airflow/example_dags/example_complex.py for tasks to queue
[2026-05-09T17:59:45.112+0100] {logging_mixin.py:188} INFO - [2026-05-09T17:59:45.111+0100] {dagbag.py:540} INFO - Filling up the DagBag from /home/najma/airflow-venv/lib/python3.12/site-packages/airflow/example_dags/example_complex.py
[2026-05-09T17:59:45.122+0100] {processor.py:840} INFO - DAG(s) 'example_complex' retrieved from /home/najma/airflow-venv/lib/python3.12/site-packages/airflow/example_dags/example_complex.py
[2026-05-09T17:59:45.164+0100] {logging_mixin.py:188} INFO - [2026-05-09T17:59:45.164+0100] {dag.py:3096} INFO - Sync 1 DAGs
[2026-05-09T17:59:45.181+0100] {logging_mixin.py:188} INFO - [2026-05-09T17:59:45.180+0100] {dag.py:3954} INFO - Setting next_dagrun for example_complex to None, run_after=None
[2026-05-09T17:59:45.272+0100] {processor.py:183} INFO - Processing /home/najma/airflow-venv/lib/python3.12/site-packages/airflow/example_dags/example_complex.py took 0.168 seconds
[2026-05-09T18:00:21.378+0100] {processor.py:161} INFO - Started process (PID=26036) to work on /home/najma/airflow-venv/lib/python3.12/site-packages/airflow/example_dags/example_complex.py
[2026-05-09T18:00:21.379+0100] {processor.py:830} INFO - Processing file /home/najma/airflow-venv/lib/python3.12/site-packages/airflow/example_dags/example_complex.py for tasks to queue
[2026-05-09T18:00:21.381+0100] {logging_mixin.py:188} INFO - [2026-05-09T18:00:21.380+0100] {dagbag.py:540} INFO - Filling up the DagBag from /home/najma/airflow-venv/lib/python3.12/site-packages/airflow/example_dags/example_complex.py
[2026-05-09T18:00:21.392+0100] {processor.py:840} INFO - DAG(s) 'example_complex' retrieved from /home/najma/airflow-venv/lib/python3.12/site-packages/airflow/example_dags/example_complex.py
[2026-05-09T18:00:21.427+0100] {logging_mixin.py:188} INFO - [2026-05-09T18:00:21.427+0100] {dag.py:3096} INFO - Sync 1 DAGs
[2026-05-09T18:00:21.441+0100] {logging_mixin.py:188} INFO - [2026-05-09T18:00:21.441+0100] {dag.py:3954} INFO - Setting next_dagrun for example_complex to None, run_after=None
[2026-05-09T18:00:21.525+0100] {processor.py:183} INFO - Processing /home/najma/airflow-venv/lib/python3.12/site-packages/airflow/example_dags/example_complex.py took 0.152 seconds
[2026-05-09T18:01:01.212+0100] {processor.py:161} INFO - Started process (PID=26100) to work on /home/najma/airflow-venv/lib/python3.12/site-packages/airflow/example_dags/example_complex.py
[2026-05-09T18:01:01.214+0100] {processor.py:830} INFO - Processing file /home/najma/airflow-venv/lib/python3.12/site-packages/airflow/example_dags/example_complex.py for tasks to queue
[2026-05-09T18:01:01.215+0100] {logging_mixin.py:188} INFO - [2026-05-09T18:01:01.215+0100] {dagbag.py:540} INFO - Filling up the DagBag from /home/najma/airflow-venv/lib/python3.12/site-packages/airflow/example_dags/example_complex.py
[2026-05-09T18:01:01.224+0100] {processor.py:840} INFO - DAG(s) 'example_complex' retrieved from /home/najma/airflow-venv/lib/python3.12/site-packages/airflow/example_dags/example_complex.py
[2026-05-09T18:01:01.261+0100] {logging_mixin.py:188} INFO - [2026-05-09T18:01:01.261+0100] {dag.py:3096} INFO - Sync 1 DAGs
[2026-05-09T18:01:01.275+0100] {logging_mixin.py:188} INFO - [2026-05-09T18:01:01.275+0100] {dag.py:3954} INFO - Setting next_dagrun for example_complex to None, run_after=None
[2026-05-09T18:01:01.368+0100] {processor.py:183} INFO - Processing /home/najma/airflow-venv/lib/python3.12/site-packages/airflow/example_dags/example_complex.py took 0.160 seconds
[2026-05-09T18:01:37.620+0100] {processor.py:161} INFO - Started process (PID=26151) to work on /home/najma/airflow-venv/lib/python3.12/site-packages/airflow/example_dags/example_complex.py
[2026-05-09T18:01:37.622+0100] {processor.py:830} INFO - Processing file /home/najma/airflow-venv/lib/python3.12/site-packages/airflow/example_dags/example_complex.py for tasks to queue
[2026-05-09T18:01:37.624+0100] {logging_mixin.py:188} INFO - [2026-05-09T18:01:37.624+0100] {dagbag.py:540} INFO - Filling up the DagBag from /home/najma/airflow-venv/lib/python3.12/site-packages/airflow/example_dags/example_complex.py
[2026-05-09T18:01:37.639+0100] {processor.py:840} INFO - DAG(s) 'example_complex' retrieved from /home/najma/airflow-venv/lib/python3.12/site-packages/airflow/example_dags/example_complex.py
[2026-05-09T18:01:37.702+0100] {logging_mixin.py:188} INFO - [2026-05-09T18:01:37.701+0100] {dag.py:3096} INFO - Sync 1 DAGs
[2026-05-09T18:01:37.724+0100] {logging_mixin.py:188} INFO - [2026-05-09T18:01:37.723+0100] {dag.py:3954} INFO - Setting next_dagrun for example_complex to None, run_after=None
[2026-05-09T18:01:37.838+0100] {processor.py:183} INFO - Processing /home/najma/airflow-venv/lib/python3.12/site-packages/airflow/example_dags/example_complex.py took 0.225 seconds
[2026-05-09T18:02:45.032+0100] {processor.py:161} INFO - Started process (PID=26244) to work on /home/najma/airflow-venv/lib/python3.12/site-packages/airflow/example_dags/example_complex.py
[2026-05-09T18:02:45.034+0100] {processor.py:830} INFO - Processing file /home/najma/airflow-venv/lib/python3.12/site-packages/airflow/example_dags/example_complex.py for tasks to queue
[2026-05-09T18:02:45.044+0100] {logging_mixin.py:188} INFO - [2026-05-09T18:02:45.043+0100] {dagbag.py:540} INFO - Filling up the DagBag from /home/najma/airflow-venv/lib/python3.12/site-packages/airflow/example_dags/example_complex.py
[2026-05-09T18:02:45.052+0100] {processor.py:840} INFO - DAG(s) 'example_complex' retrieved from /home/najma/airflow-venv/lib/python3.12/site-packages/airflow/example_dags/example_complex.py
[2026-05-09T18:02:45.129+0100] {logging_mixin.py:188} INFO - [2026-05-09T18:02:45.129+0100] {dag.py:3096} INFO - Sync 1 DAGs
[2026-05-09T18:02:45.153+0100] {logging_mixin.py:188} INFO - [2026-05-09T18:02:45.152+0100] {dag.py:3954} INFO - Setting next_dagrun for example_complex to None, run_after=None
[2026-05-09T18:02:45.277+0100] {processor.py:183} INFO - Processing /home/najma/airflow-venv/lib/python3.12/site-packages/airflow/example_dags/example_complex.py took 0.249 seconds
