[2026-05-09T16:17:19.934+0100] {processor.py:161} INFO - Started process (PID=21521) to work on /home/najma/airflow-venv/lib/python3.12/site-packages/airflow/example_dags/example_dag_decorator.py
[2026-05-09T16:17:19.935+0100] {processor.py:830} INFO - Processing file /home/najma/airflow-venv/lib/python3.12/site-packages/airflow/example_dags/example_dag_decorator.py for tasks to queue
[2026-05-09T16:17:19.937+0100] {logging_mixin.py:188} INFO - [2026-05-09T16:17:19.937+0100] {dagbag.py:540} INFO - Filling up the DagBag from /home/najma/airflow-venv/lib/python3.12/site-packages/airflow/example_dags/example_dag_decorator.py
[2026-05-09T16:17:20.075+0100] {processor.py:840} INFO - DAG(s) 'example_dag_decorator' retrieved from /home/najma/airflow-venv/lib/python3.12/site-packages/airflow/example_dags/example_dag_decorator.py
[2026-05-09T16:17:20.318+0100] {logging_mixin.py:188} INFO - [2026-05-09T16:17:20.317+0100] {dag.py:3096} INFO - Sync 1 DAGs
[2026-05-09T16:17:20.335+0100] {logging_mixin.py:188} INFO - [2026-05-09T16:17:20.335+0100] {dag.py:3954} INFO - Setting next_dagrun for example_dag_decorator to None, run_after=None
[2026-05-09T16:17:21.767+0100] {processor.py:183} INFO - Processing /home/najma/airflow-venv/lib/python3.12/site-packages/airflow/example_dags/example_dag_decorator.py took 1.836 seconds
[2026-05-09T16:19:12.709+0100] {processor.py:161} INFO - Started process (PID=21611) to work on /home/najma/airflow-venv/lib/python3.12/site-packages/airflow/example_dags/example_dag_decorator.py
[2026-05-09T16:19:12.724+0100] {processor.py:830} INFO - Processing file /home/najma/airflow-venv/lib/python3.12/site-packages/airflow/example_dags/example_dag_decorator.py for tasks to queue
[2026-05-09T16:19:12.726+0100] {logging_mixin.py:188} INFO - [2026-05-09T16:19:12.726+0100] {dagbag.py:540} INFO - Filling up the DagBag from /home/najma/airflow-venv/lib/python3.12/site-packages/airflow/example_dags/example_dag_decorator.py
[2026-05-09T16:19:12.825+0100] {processor.py:840} INFO - DAG(s) 'example_dag_decorator' retrieved from /home/najma/airflow-venv/lib/python3.12/site-packages/airflow/example_dags/example_dag_decorator.py
[2026-05-09T16:19:12.997+0100] {logging_mixin.py:188} INFO - [2026-05-09T16:19:12.996+0100] {dag.py:3096} INFO - Sync 1 DAGs
[2026-05-09T16:19:13.008+0100] {logging_mixin.py:188} INFO - [2026-05-09T16:19:13.008+0100] {dag.py:3954} INFO - Setting next_dagrun for example_dag_decorator to None, run_after=None
[2026-05-09T16:19:13.088+0100] {processor.py:183} INFO - Processing /home/najma/airflow-venv/lib/python3.12/site-packages/airflow/example_dags/example_dag_decorator.py took 0.383 seconds
[2026-05-09T16:20:33.121+0100] {processor.py:161} INFO - Started process (PID=21687) to work on /home/najma/airflow-venv/lib/python3.12/site-packages/airflow/example_dags/example_dag_decorator.py
[2026-05-09T16:20:33.123+0100] {processor.py:830} INFO - Processing file /home/najma/airflow-venv/lib/python3.12/site-packages/airflow/example_dags/example_dag_decorator.py for tasks to queue
[2026-05-09T16:20:33.127+0100] {logging_mixin.py:188} INFO - [2026-05-09T16:20:33.126+0100] {dagbag.py:540} INFO - Filling up the DagBag from /home/najma/airflow-venv/lib/python3.12/site-packages/airflow/example_dags/example_dag_decorator.py
[2026-05-09T16:20:33.228+0100] {processor.py:840} INFO - DAG(s) 'example_dag_decorator' retrieved from /home/najma/airflow-venv/lib/python3.12/site-packages/airflow/example_dags/example_dag_decorator.py
[2026-05-09T16:20:33.346+0100] {logging_mixin.py:188} INFO - [2026-05-09T16:20:33.346+0100] {dag.py:3096} INFO - Sync 1 DAGs
[2026-05-09T16:20:33.358+0100] {logging_mixin.py:188} INFO - [2026-05-09T16:20:33.358+0100] {dag.py:3954} INFO - Setting next_dagrun for example_dag_decorator to None, run_after=None
[2026-05-09T16:20:33.459+0100] {processor.py:183} INFO - Processing /home/najma/airflow-venv/lib/python3.12/site-packages/airflow/example_dags/example_dag_decorator.py took 0.344 seconds
[2026-05-09T16:21:53.400+0100] {processor.py:161} INFO - Started process (PID=21755) to work on /home/najma/airflow-venv/lib/python3.12/site-packages/airflow/example_dags/example_dag_decorator.py
[2026-05-09T16:21:53.401+0100] {processor.py:830} INFO - Processing file /home/najma/airflow-venv/lib/python3.12/site-packages/airflow/example_dags/example_dag_decorator.py for tasks to queue
[2026-05-09T16:21:53.403+0100] {logging_mixin.py:188} INFO - [2026-05-09T16:21:53.403+0100] {dagbag.py:540} INFO - Filling up the DagBag from /home/najma/airflow-venv/lib/python3.12/site-packages/airflow/example_dags/example_dag_decorator.py
[2026-05-09T16:21:53.507+0100] {processor.py:840} INFO - DAG(s) 'example_dag_decorator' retrieved from /home/najma/airflow-venv/lib/python3.12/site-packages/airflow/example_dags/example_dag_decorator.py
[2026-05-09T16:21:53.665+0100] {logging_mixin.py:188} INFO - [2026-05-09T16:21:53.665+0100] {dag.py:3096} INFO - Sync 1 DAGs
[2026-05-09T16:21:53.721+0100] {logging_mixin.py:188} INFO - [2026-05-09T16:21:53.721+0100] {dag.py:3954} INFO - Setting next_dagrun for example_dag_decorator to None, run_after=None
[2026-05-09T16:21:53.849+0100] {processor.py:183} INFO - Processing /home/najma/airflow-venv/lib/python3.12/site-packages/airflow/example_dags/example_dag_decorator.py took 0.454 seconds
[2026-05-09T16:23:21.890+0100] {processor.py:161} INFO - Started process (PID=21841) to work on /home/najma/airflow-venv/lib/python3.12/site-packages/airflow/example_dags/example_dag_decorator.py
[2026-05-09T16:23:21.925+0100] {processor.py:830} INFO - Processing file /home/najma/airflow-venv/lib/python3.12/site-packages/airflow/example_dags/example_dag_decorator.py for tasks to queue
[2026-05-09T16:23:21.927+0100] {logging_mixin.py:188} INFO - [2026-05-09T16:23:21.927+0100] {dagbag.py:540} INFO - Filling up the DagBag from /home/najma/airflow-venv/lib/python3.12/site-packages/airflow/example_dags/example_dag_decorator.py
[2026-05-09T16:23:22.070+0100] {processor.py:840} INFO - DAG(s) 'example_dag_decorator' retrieved from /home/najma/airflow-venv/lib/python3.12/site-packages/airflow/example_dags/example_dag_decorator.py
[2026-05-09T16:23:22.277+0100] {logging_mixin.py:188} INFO - [2026-05-09T16:23:22.277+0100] {dag.py:3096} INFO - Sync 1 DAGs
[2026-05-09T16:23:22.293+0100] {logging_mixin.py:188} INFO - [2026-05-09T16:23:22.293+0100] {dag.py:3954} INFO - Setting next_dagrun for example_dag_decorator to None, run_after=None
[2026-05-09T16:23:22.386+0100] {processor.py:183} INFO - Processing /home/najma/airflow-venv/lib/python3.12/site-packages/airflow/example_dags/example_dag_decorator.py took 0.500 seconds
[2026-05-09T16:24:15.955+0100] {processor.py:161} INFO - Started process (PID=21934) to work on /home/najma/airflow-venv/lib/python3.12/site-packages/airflow/example_dags/example_dag_decorator.py
[2026-05-09T16:24:15.970+0100] {processor.py:830} INFO - Processing file /home/najma/airflow-venv/lib/python3.12/site-packages/airflow/example_dags/example_dag_decorator.py for tasks to queue
[2026-05-09T16:24:15.973+0100] {logging_mixin.py:188} INFO - [2026-05-09T16:24:15.972+0100] {dagbag.py:540} INFO - Filling up the DagBag from /home/najma/airflow-venv/lib/python3.12/site-packages/airflow/example_dags/example_dag_decorator.py
[2026-05-09T16:24:16.100+0100] {processor.py:840} INFO - DAG(s) 'example_dag_decorator' retrieved from /home/najma/airflow-venv/lib/python3.12/site-packages/airflow/example_dags/example_dag_decorator.py
[2026-05-09T16:24:16.257+0100] {logging_mixin.py:188} INFO - [2026-05-09T16:24:16.257+0100] {dag.py:3096} INFO - Sync 1 DAGs
[2026-05-09T16:24:16.271+0100] {logging_mixin.py:188} INFO - [2026-05-09T16:24:16.270+0100] {dag.py:3954} INFO - Setting next_dagrun for example_dag_decorator to None, run_after=None
[2026-05-09T16:24:16.365+0100] {processor.py:183} INFO - Processing /home/najma/airflow-venv/lib/python3.12/site-packages/airflow/example_dags/example_dag_decorator.py took 0.415 seconds
[2026-05-09T16:24:50.664+0100] {processor.py:161} INFO - Started process (PID=21988) to work on /home/najma/airflow-venv/lib/python3.12/site-packages/airflow/example_dags/example_dag_decorator.py
[2026-05-09T16:24:50.665+0100] {processor.py:830} INFO - Processing file /home/najma/airflow-venv/lib/python3.12/site-packages/airflow/example_dags/example_dag_decorator.py for tasks to queue
[2026-05-09T16:24:50.666+0100] {logging_mixin.py:188} INFO - [2026-05-09T16:24:50.666+0100] {dagbag.py:540} INFO - Filling up the DagBag from /home/najma/airflow-venv/lib/python3.12/site-packages/airflow/example_dags/example_dag_decorator.py
[2026-05-09T16:24:50.757+0100] {processor.py:840} INFO - DAG(s) 'example_dag_decorator' retrieved from /home/najma/airflow-venv/lib/python3.12/site-packages/airflow/example_dags/example_dag_decorator.py
[2026-05-09T16:24:51.012+0100] {logging_mixin.py:188} INFO - [2026-05-09T16:24:51.012+0100] {dag.py:3096} INFO - Sync 1 DAGs
[2026-05-09T16:24:51.023+0100] {logging_mixin.py:188} INFO - [2026-05-09T16:24:51.023+0100] {dag.py:3954} INFO - Setting next_dagrun for example_dag_decorator to None, run_after=None
[2026-05-09T16:24:51.128+0100] {processor.py:183} INFO - Processing /home/najma/airflow-venv/lib/python3.12/site-packages/airflow/example_dags/example_dag_decorator.py took 0.468 seconds
[2026-05-09T16:25:34.928+0100] {processor.py:161} INFO - Started process (PID=22064) to work on /home/najma/airflow-venv/lib/python3.12/site-packages/airflow/example_dags/example_dag_decorator.py
[2026-05-09T16:25:34.931+0100] {processor.py:830} INFO - Processing file /home/najma/airflow-venv/lib/python3.12/site-packages/airflow/example_dags/example_dag_decorator.py for tasks to queue
[2026-05-09T16:25:34.940+0100] {logging_mixin.py:188} INFO - [2026-05-09T16:25:34.939+0100] {dagbag.py:540} INFO - Filling up the DagBag from /home/najma/airflow-venv/lib/python3.12/site-packages/airflow/example_dags/example_dag_decorator.py
[2026-05-09T16:25:35.052+0100] {processor.py:840} INFO - DAG(s) 'example_dag_decorator' retrieved from /home/najma/airflow-venv/lib/python3.12/site-packages/airflow/example_dags/example_dag_decorator.py
[2026-05-09T16:25:35.197+0100] {logging_mixin.py:188} INFO - [2026-05-09T16:25:35.196+0100] {dag.py:3096} INFO - Sync 1 DAGs
[2026-05-09T16:25:35.213+0100] {logging_mixin.py:188} INFO - [2026-05-09T16:25:35.213+0100] {dag.py:3954} INFO - Setting next_dagrun for example_dag_decorator to None, run_after=None
[2026-05-09T16:25:35.311+0100] {processor.py:183} INFO - Processing /home/najma/airflow-venv/lib/python3.12/site-packages/airflow/example_dags/example_dag_decorator.py took 0.391 seconds
[2026-05-09T16:26:08.284+0100] {processor.py:161} INFO - Started process (PID=22119) to work on /home/najma/airflow-venv/lib/python3.12/site-packages/airflow/example_dags/example_dag_decorator.py
[2026-05-09T16:26:08.285+0100] {processor.py:830} INFO - Processing file /home/najma/airflow-venv/lib/python3.12/site-packages/airflow/example_dags/example_dag_decorator.py for tasks to queue
[2026-05-09T16:26:08.287+0100] {logging_mixin.py:188} INFO - [2026-05-09T16:26:08.287+0100] {dagbag.py:540} INFO - Filling up the DagBag from /home/najma/airflow-venv/lib/python3.12/site-packages/airflow/example_dags/example_dag_decorator.py
[2026-05-09T16:26:08.366+0100] {processor.py:840} INFO - DAG(s) 'example_dag_decorator' retrieved from /home/najma/airflow-venv/lib/python3.12/site-packages/airflow/example_dags/example_dag_decorator.py
[2026-05-09T16:26:08.615+0100] {logging_mixin.py:188} INFO - [2026-05-09T16:26:08.615+0100] {dag.py:3096} INFO - Sync 1 DAGs
[2026-05-09T16:26:08.632+0100] {logging_mixin.py:188} INFO - [2026-05-09T16:26:08.632+0100] {dag.py:3954} INFO - Setting next_dagrun for example_dag_decorator to None, run_after=None
[2026-05-09T16:26:08.749+0100] {processor.py:183} INFO - Processing /home/najma/airflow-venv/lib/python3.12/site-packages/airflow/example_dags/example_dag_decorator.py took 0.469 seconds
[2026-05-09T16:26:56.874+0100] {processor.py:161} INFO - Started process (PID=22196) to work on /home/najma/airflow-venv/lib/python3.12/site-packages/airflow/example_dags/example_dag_decorator.py
[2026-05-09T16:26:56.875+0100] {processor.py:830} INFO - Processing file /home/najma/airflow-venv/lib/python3.12/site-packages/airflow/example_dags/example_dag_decorator.py for tasks to queue
[2026-05-09T16:26:56.877+0100] {logging_mixin.py:188} INFO - [2026-05-09T16:26:56.876+0100] {dagbag.py:540} INFO - Filling up the DagBag from /home/najma/airflow-venv/lib/python3.12/site-packages/airflow/example_dags/example_dag_decorator.py
[2026-05-09T16:26:56.994+0100] {processor.py:840} INFO - DAG(s) 'example_dag_decorator' retrieved from /home/najma/airflow-venv/lib/python3.12/site-packages/airflow/example_dags/example_dag_decorator.py
[2026-05-09T16:26:57.185+0100] {logging_mixin.py:188} INFO - [2026-05-09T16:26:57.184+0100] {dag.py:3096} INFO - Sync 1 DAGs
[2026-05-09T16:26:57.220+0100] {logging_mixin.py:188} INFO - [2026-05-09T16:26:57.219+0100] {dag.py:3954} INFO - Setting next_dagrun for example_dag_decorator to None, run_after=None
[2026-05-09T16:26:57.422+0100] {processor.py:183} INFO - Processing /home/najma/airflow-venv/lib/python3.12/site-packages/airflow/example_dags/example_dag_decorator.py took 0.552 seconds
[2026-05-09T16:27:33.796+0100] {processor.py:161} INFO - Started process (PID=22253) to work on /home/najma/airflow-venv/lib/python3.12/site-packages/airflow/example_dags/example_dag_decorator.py
[2026-05-09T16:27:33.798+0100] {processor.py:830} INFO - Processing file /home/najma/airflow-venv/lib/python3.12/site-packages/airflow/example_dags/example_dag_decorator.py for tasks to queue
[2026-05-09T16:27:33.800+0100] {logging_mixin.py:188} INFO - [2026-05-09T16:27:33.799+0100] {dagbag.py:540} INFO - Filling up the DagBag from /home/najma/airflow-venv/lib/python3.12/site-packages/airflow/example_dags/example_dag_decorator.py
[2026-05-09T16:27:33.882+0100] {processor.py:840} INFO - DAG(s) 'example_dag_decorator' retrieved from /home/najma/airflow-venv/lib/python3.12/site-packages/airflow/example_dags/example_dag_decorator.py
[2026-05-09T16:27:34.126+0100] {logging_mixin.py:188} INFO - [2026-05-09T16:27:34.125+0100] {dag.py:3096} INFO - Sync 1 DAGs
[2026-05-09T16:27:34.136+0100] {logging_mixin.py:188} INFO - [2026-05-09T16:27:34.136+0100] {dag.py:3954} INFO - Setting next_dagrun for example_dag_decorator to None, run_after=None
[2026-05-09T16:27:34.247+0100] {processor.py:183} INFO - Processing /home/najma/airflow-venv/lib/python3.12/site-packages/airflow/example_dags/example_dag_decorator.py took 0.458 seconds
[2026-05-09T16:28:18.169+0100] {processor.py:161} INFO - Started process (PID=22327) to work on /home/najma/airflow-venv/lib/python3.12/site-packages/airflow/example_dags/example_dag_decorator.py
[2026-05-09T16:28:18.170+0100] {processor.py:830} INFO - Processing file /home/najma/airflow-venv/lib/python3.12/site-packages/airflow/example_dags/example_dag_decorator.py for tasks to queue
[2026-05-09T16:28:18.172+0100] {logging_mixin.py:188} INFO - [2026-05-09T16:28:18.172+0100] {dagbag.py:540} INFO - Filling up the DagBag from /home/najma/airflow-venv/lib/python3.12/site-packages/airflow/example_dags/example_dag_decorator.py
[2026-05-09T16:28:18.269+0100] {processor.py:840} INFO - DAG(s) 'example_dag_decorator' retrieved from /home/najma/airflow-venv/lib/python3.12/site-packages/airflow/example_dags/example_dag_decorator.py
[2026-05-09T16:28:18.385+0100] {logging_mixin.py:188} INFO - [2026-05-09T16:28:18.384+0100] {dag.py:3096} INFO - Sync 1 DAGs
[2026-05-09T16:28:18.395+0100] {logging_mixin.py:188} INFO - [2026-05-09T16:28:18.395+0100] {dag.py:3954} INFO - Setting next_dagrun for example_dag_decorator to None, run_after=None
[2026-05-09T16:28:18.484+0100] {processor.py:183} INFO - Processing /home/najma/airflow-venv/lib/python3.12/site-packages/airflow/example_dags/example_dag_decorator.py took 0.318 seconds
[2026-05-09T16:28:53.214+0100] {processor.py:161} INFO - Started process (PID=22383) to work on /home/najma/airflow-venv/lib/python3.12/site-packages/airflow/example_dags/example_dag_decorator.py
[2026-05-09T16:28:53.215+0100] {processor.py:830} INFO - Processing file /home/najma/airflow-venv/lib/python3.12/site-packages/airflow/example_dags/example_dag_decorator.py for tasks to queue
[2026-05-09T16:28:53.216+0100] {logging_mixin.py:188} INFO - [2026-05-09T16:28:53.216+0100] {dagbag.py:540} INFO - Filling up the DagBag from /home/najma/airflow-venv/lib/python3.12/site-packages/airflow/example_dags/example_dag_decorator.py
[2026-05-09T16:28:53.302+0100] {processor.py:840} INFO - DAG(s) 'example_dag_decorator' retrieved from /home/najma/airflow-venv/lib/python3.12/site-packages/airflow/example_dags/example_dag_decorator.py
[2026-05-09T16:28:53.558+0100] {logging_mixin.py:188} INFO - [2026-05-09T16:28:53.557+0100] {dag.py:3096} INFO - Sync 1 DAGs
[2026-05-09T16:28:53.568+0100] {logging_mixin.py:188} INFO - [2026-05-09T16:28:53.568+0100] {dag.py:3954} INFO - Setting next_dagrun for example_dag_decorator to None, run_after=None
[2026-05-09T16:28:53.675+0100] {processor.py:183} INFO - Processing /home/najma/airflow-venv/lib/python3.12/site-packages/airflow/example_dags/example_dag_decorator.py took 0.465 seconds
[2026-05-09T16:29:38.937+0100] {processor.py:161} INFO - Started process (PID=22455) to work on /home/najma/airflow-venv/lib/python3.12/site-packages/airflow/example_dags/example_dag_decorator.py
[2026-05-09T16:29:38.940+0100] {processor.py:830} INFO - Processing file /home/najma/airflow-venv/lib/python3.12/site-packages/airflow/example_dags/example_dag_decorator.py for tasks to queue
[2026-05-09T16:29:38.946+0100] {logging_mixin.py:188} INFO - [2026-05-09T16:29:38.946+0100] {dagbag.py:540} INFO - Filling up the DagBag from /home/najma/airflow-venv/lib/python3.12/site-packages/airflow/example_dags/example_dag_decorator.py
[2026-05-09T16:29:39.051+0100] {processor.py:840} INFO - DAG(s) 'example_dag_decorator' retrieved from /home/najma/airflow-venv/lib/python3.12/site-packages/airflow/example_dags/example_dag_decorator.py
[2026-05-09T16:29:39.193+0100] {logging_mixin.py:188} INFO - [2026-05-09T16:29:39.193+0100] {dag.py:3096} INFO - Sync 1 DAGs
[2026-05-09T16:29:39.205+0100] {logging_mixin.py:188} INFO - [2026-05-09T16:29:39.205+0100] {dag.py:3954} INFO - Setting next_dagrun for example_dag_decorator to None, run_after=None
[2026-05-09T16:29:39.309+0100] {processor.py:183} INFO - Processing /home/najma/airflow-venv/lib/python3.12/site-packages/airflow/example_dags/example_dag_decorator.py took 0.379 seconds
[2026-05-09T16:30:13.386+0100] {processor.py:161} INFO - Started process (PID=22511) to work on /home/najma/airflow-venv/lib/python3.12/site-packages/airflow/example_dags/example_dag_decorator.py
[2026-05-09T16:30:13.387+0100] {processor.py:830} INFO - Processing file /home/najma/airflow-venv/lib/python3.12/site-packages/airflow/example_dags/example_dag_decorator.py for tasks to queue
[2026-05-09T16:30:13.389+0100] {logging_mixin.py:188} INFO - [2026-05-09T16:30:13.388+0100] {dagbag.py:540} INFO - Filling up the DagBag from /home/najma/airflow-venv/lib/python3.12/site-packages/airflow/example_dags/example_dag_decorator.py
[2026-05-09T16:30:13.489+0100] {processor.py:840} INFO - DAG(s) 'example_dag_decorator' retrieved from /home/najma/airflow-venv/lib/python3.12/site-packages/airflow/example_dags/example_dag_decorator.py
[2026-05-09T16:30:13.691+0100] {logging_mixin.py:188} INFO - [2026-05-09T16:30:13.691+0100] {dag.py:3096} INFO - Sync 1 DAGs
[2026-05-09T16:30:13.701+0100] {logging_mixin.py:188} INFO - [2026-05-09T16:30:13.701+0100] {dag.py:3954} INFO - Setting next_dagrun for example_dag_decorator to None, run_after=None
[2026-05-09T16:30:13.783+0100] {processor.py:183} INFO - Processing /home/najma/airflow-venv/lib/python3.12/site-packages/airflow/example_dags/example_dag_decorator.py took 0.402 seconds
[2026-05-09T16:31:02.118+0100] {processor.py:161} INFO - Started process (PID=22588) to work on /home/najma/airflow-venv/lib/python3.12/site-packages/airflow/example_dags/example_dag_decorator.py
[2026-05-09T16:31:02.119+0100] {processor.py:830} INFO - Processing file /home/najma/airflow-venv/lib/python3.12/site-packages/airflow/example_dags/example_dag_decorator.py for tasks to queue
[2026-05-09T16:31:02.121+0100] {logging_mixin.py:188} INFO - [2026-05-09T16:31:02.121+0100] {dagbag.py:540} INFO - Filling up the DagBag from /home/najma/airflow-venv/lib/python3.12/site-packages/airflow/example_dags/example_dag_decorator.py
[2026-05-09T16:31:02.220+0100] {processor.py:840} INFO - DAG(s) 'example_dag_decorator' retrieved from /home/najma/airflow-venv/lib/python3.12/site-packages/airflow/example_dags/example_dag_decorator.py
[2026-05-09T16:31:02.369+0100] {logging_mixin.py:188} INFO - [2026-05-09T16:31:02.369+0100] {dag.py:3096} INFO - Sync 1 DAGs
[2026-05-09T16:31:02.383+0100] {logging_mixin.py:188} INFO - [2026-05-09T16:31:02.383+0100] {dag.py:3954} INFO - Setting next_dagrun for example_dag_decorator to None, run_after=None
[2026-05-09T16:31:02.497+0100] {processor.py:183} INFO - Processing /home/najma/airflow-venv/lib/python3.12/site-packages/airflow/example_dags/example_dag_decorator.py took 0.384 seconds
[2026-05-09T16:31:31.502+0100] {processor.py:161} INFO - Started process (PID=22641) to work on /home/najma/airflow-venv/lib/python3.12/site-packages/airflow/example_dags/example_dag_decorator.py
[2026-05-09T16:31:31.503+0100] {processor.py:830} INFO - Processing file /home/najma/airflow-venv/lib/python3.12/site-packages/airflow/example_dags/example_dag_decorator.py for tasks to queue
[2026-05-09T16:31:31.505+0100] {logging_mixin.py:188} INFO - [2026-05-09T16:31:31.505+0100] {dagbag.py:540} INFO - Filling up the DagBag from /home/najma/airflow-venv/lib/python3.12/site-packages/airflow/example_dags/example_dag_decorator.py
[2026-05-09T16:31:31.588+0100] {processor.py:840} INFO - DAG(s) 'example_dag_decorator' retrieved from /home/najma/airflow-venv/lib/python3.12/site-packages/airflow/example_dags/example_dag_decorator.py
[2026-05-09T16:31:31.612+0100] {logging_mixin.py:188} INFO - [2026-05-09T16:31:31.612+0100] {dag.py:3096} INFO - Sync 1 DAGs
[2026-05-09T16:31:31.627+0100] {logging_mixin.py:188} INFO - [2026-05-09T16:31:31.627+0100] {dag.py:3954} INFO - Setting next_dagrun for example_dag_decorator to None, run_after=None
[2026-05-09T16:31:31.735+0100] {processor.py:183} INFO - Processing /home/najma/airflow-venv/lib/python3.12/site-packages/airflow/example_dags/example_dag_decorator.py took 0.239 seconds
[2026-05-09T16:32:18.387+0100] {processor.py:161} INFO - Started process (PID=22718) to work on /home/najma/airflow-venv/lib/python3.12/site-packages/airflow/example_dags/example_dag_decorator.py
[2026-05-09T16:32:18.388+0100] {processor.py:830} INFO - Processing file /home/najma/airflow-venv/lib/python3.12/site-packages/airflow/example_dags/example_dag_decorator.py for tasks to queue
[2026-05-09T16:32:18.390+0100] {logging_mixin.py:188} INFO - [2026-05-09T16:32:18.390+0100] {dagbag.py:540} INFO - Filling up the DagBag from /home/najma/airflow-venv/lib/python3.12/site-packages/airflow/example_dags/example_dag_decorator.py
[2026-05-09T16:32:18.486+0100] {processor.py:840} INFO - DAG(s) 'example_dag_decorator' retrieved from /home/najma/airflow-venv/lib/python3.12/site-packages/airflow/example_dags/example_dag_decorator.py
[2026-05-09T16:32:18.626+0100] {logging_mixin.py:188} INFO - [2026-05-09T16:32:18.626+0100] {dag.py:3096} INFO - Sync 1 DAGs
[2026-05-09T16:32:18.639+0100] {logging_mixin.py:188} INFO - [2026-05-09T16:32:18.639+0100] {dag.py:3954} INFO - Setting next_dagrun for example_dag_decorator to None, run_after=None
[2026-05-09T16:32:18.733+0100] {processor.py:183} INFO - Processing /home/najma/airflow-venv/lib/python3.12/site-packages/airflow/example_dags/example_dag_decorator.py took 0.350 seconds
[2026-05-09T16:32:48.426+0100] {processor.py:161} INFO - Started process (PID=22765) to work on /home/najma/airflow-venv/lib/python3.12/site-packages/airflow/example_dags/example_dag_decorator.py
[2026-05-09T16:32:48.433+0100] {processor.py:830} INFO - Processing file /home/najma/airflow-venv/lib/python3.12/site-packages/airflow/example_dags/example_dag_decorator.py for tasks to queue
[2026-05-09T16:32:48.438+0100] {logging_mixin.py:188} INFO - [2026-05-09T16:32:48.437+0100] {dagbag.py:540} INFO - Filling up the DagBag from /home/najma/airflow-venv/lib/python3.12/site-packages/airflow/example_dags/example_dag_decorator.py
[2026-05-09T16:32:48.576+0100] {processor.py:840} INFO - DAG(s) 'example_dag_decorator' retrieved from /home/najma/airflow-venv/lib/python3.12/site-packages/airflow/example_dags/example_dag_decorator.py
[2026-05-09T16:32:50.840+0100] {logging_mixin.py:188} INFO - [2026-05-09T16:32:50.840+0100] {dag.py:3096} INFO - Sync 1 DAGs
[2026-05-09T16:32:50.922+0100] {logging_mixin.py:188} INFO - [2026-05-09T16:32:50.922+0100] {dag.py:3954} INFO - Setting next_dagrun for example_dag_decorator to None, run_after=None
[2026-05-09T16:32:51.553+0100] {processor.py:183} INFO - Processing /home/najma/airflow-venv/lib/python3.12/site-packages/airflow/example_dags/example_dag_decorator.py took 3.132 seconds
[2026-05-09T16:33:59.887+0100] {processor.py:161} INFO - Started process (PID=22864) to work on /home/najma/airflow-venv/lib/python3.12/site-packages/airflow/example_dags/example_dag_decorator.py
[2026-05-09T16:33:59.891+0100] {processor.py:830} INFO - Processing file /home/najma/airflow-venv/lib/python3.12/site-packages/airflow/example_dags/example_dag_decorator.py for tasks to queue
[2026-05-09T16:33:59.895+0100] {logging_mixin.py:188} INFO - [2026-05-09T16:33:59.894+0100] {dagbag.py:540} INFO - Filling up the DagBag from /home/najma/airflow-venv/lib/python3.12/site-packages/airflow/example_dags/example_dag_decorator.py
[2026-05-09T16:34:00.087+0100] {processor.py:840} INFO - DAG(s) 'example_dag_decorator' retrieved from /home/najma/airflow-venv/lib/python3.12/site-packages/airflow/example_dags/example_dag_decorator.py
[2026-05-09T16:34:00.253+0100] {logging_mixin.py:188} INFO - [2026-05-09T16:34:00.253+0100] {dag.py:3096} INFO - Sync 1 DAGs
[2026-05-09T16:34:00.288+0100] {logging_mixin.py:188} INFO - [2026-05-09T16:34:00.288+0100] {dag.py:3954} INFO - Setting next_dagrun for example_dag_decorator to None, run_after=None
[2026-05-09T16:34:00.398+0100] {processor.py:183} INFO - Processing /home/najma/airflow-venv/lib/python3.12/site-packages/airflow/example_dags/example_dag_decorator.py took 0.517 seconds
[2026-05-09T16:34:25.250+0100] {processor.py:161} INFO - Started process (PID=22909) to work on /home/najma/airflow-venv/lib/python3.12/site-packages/airflow/example_dags/example_dag_decorator.py
[2026-05-09T16:34:25.251+0100] {processor.py:830} INFO - Processing file /home/najma/airflow-venv/lib/python3.12/site-packages/airflow/example_dags/example_dag_decorator.py for tasks to queue
[2026-05-09T16:34:25.255+0100] {logging_mixin.py:188} INFO - [2026-05-09T16:34:25.254+0100] {dagbag.py:540} INFO - Filling up the DagBag from /home/najma/airflow-venv/lib/python3.12/site-packages/airflow/example_dags/example_dag_decorator.py
[2026-05-09T16:34:25.350+0100] {processor.py:840} INFO - DAG(s) 'example_dag_decorator' retrieved from /home/najma/airflow-venv/lib/python3.12/site-packages/airflow/example_dags/example_dag_decorator.py
[2026-05-09T16:34:25.370+0100] {logging_mixin.py:188} INFO - [2026-05-09T16:34:25.370+0100] {dag.py:3096} INFO - Sync 1 DAGs
[2026-05-09T16:34:25.475+0100] {logging_mixin.py:188} INFO - [2026-05-09T16:34:25.475+0100] {dag.py:3954} INFO - Setting next_dagrun for example_dag_decorator to None, run_after=None
[2026-05-09T16:34:25.574+0100] {processor.py:183} INFO - Processing /home/najma/airflow-venv/lib/python3.12/site-packages/airflow/example_dags/example_dag_decorator.py took 0.330 seconds
[2026-05-09T16:35:23.030+0100] {processor.py:161} INFO - Started process (PID=23010) to work on /home/najma/airflow-venv/lib/python3.12/site-packages/airflow/example_dags/example_dag_decorator.py
[2026-05-09T16:35:23.031+0100] {processor.py:830} INFO - Processing file /home/najma/airflow-venv/lib/python3.12/site-packages/airflow/example_dags/example_dag_decorator.py for tasks to queue
[2026-05-09T16:35:23.034+0100] {logging_mixin.py:188} INFO - [2026-05-09T16:35:23.033+0100] {dagbag.py:540} INFO - Filling up the DagBag from /home/najma/airflow-venv/lib/python3.12/site-packages/airflow/example_dags/example_dag_decorator.py
[2026-05-09T16:35:23.151+0100] {processor.py:840} INFO - DAG(s) 'example_dag_decorator' retrieved from /home/najma/airflow-venv/lib/python3.12/site-packages/airflow/example_dags/example_dag_decorator.py
[2026-05-09T16:35:23.220+0100] {logging_mixin.py:188} INFO - [2026-05-09T16:35:23.219+0100] {dag.py:3096} INFO - Sync 1 DAGs
[2026-05-09T16:35:23.255+0100] {logging_mixin.py:188} INFO - [2026-05-09T16:35:23.255+0100] {dag.py:3954} INFO - Setting next_dagrun for example_dag_decorator to None, run_after=None
[2026-05-09T16:35:23.410+0100] {processor.py:183} INFO - Processing /home/najma/airflow-venv/lib/python3.12/site-packages/airflow/example_dags/example_dag_decorator.py took 0.384 seconds
[2026-05-09T16:35:43.681+0100] {processor.py:161} INFO - Started process (PID=23045) to work on /home/najma/airflow-venv/lib/python3.12/site-packages/airflow/example_dags/example_dag_decorator.py
[2026-05-09T16:35:43.682+0100] {processor.py:830} INFO - Processing file /home/najma/airflow-venv/lib/python3.12/site-packages/airflow/example_dags/example_dag_decorator.py for tasks to queue
[2026-05-09T16:35:43.684+0100] {logging_mixin.py:188} INFO - [2026-05-09T16:35:43.684+0100] {dagbag.py:540} INFO - Filling up the DagBag from /home/najma/airflow-venv/lib/python3.12/site-packages/airflow/example_dags/example_dag_decorator.py
[2026-05-09T16:35:43.828+0100] {processor.py:840} INFO - DAG(s) 'example_dag_decorator' retrieved from /home/najma/airflow-venv/lib/python3.12/site-packages/airflow/example_dags/example_dag_decorator.py
[2026-05-09T16:35:44.058+0100] {logging_mixin.py:188} INFO - [2026-05-09T16:35:44.058+0100] {dag.py:3096} INFO - Sync 1 DAGs
[2026-05-09T16:35:44.069+0100] {logging_mixin.py:188} INFO - [2026-05-09T16:35:44.069+0100] {dag.py:3954} INFO - Setting next_dagrun for example_dag_decorator to None, run_after=None
[2026-05-09T16:35:44.163+0100] {processor.py:183} INFO - Processing /home/najma/airflow-venv/lib/python3.12/site-packages/airflow/example_dags/example_dag_decorator.py took 0.487 seconds
[2026-05-09T16:36:46.138+0100] {processor.py:161} INFO - Started process (PID=23141) to work on /home/najma/airflow-venv/lib/python3.12/site-packages/airflow/example_dags/example_dag_decorator.py
[2026-05-09T16:36:46.140+0100] {processor.py:830} INFO - Processing file /home/najma/airflow-venv/lib/python3.12/site-packages/airflow/example_dags/example_dag_decorator.py for tasks to queue
[2026-05-09T16:36:46.142+0100] {logging_mixin.py:188} INFO - [2026-05-09T16:36:46.141+0100] {dagbag.py:540} INFO - Filling up the DagBag from /home/najma/airflow-venv/lib/python3.12/site-packages/airflow/example_dags/example_dag_decorator.py
[2026-05-09T16:36:46.255+0100] {processor.py:840} INFO - DAG(s) 'example_dag_decorator' retrieved from /home/najma/airflow-venv/lib/python3.12/site-packages/airflow/example_dags/example_dag_decorator.py
[2026-05-09T16:36:46.541+0100] {logging_mixin.py:188} INFO - [2026-05-09T16:36:46.541+0100] {dag.py:3096} INFO - Sync 1 DAGs
[2026-05-09T16:36:46.555+0100] {logging_mixin.py:188} INFO - [2026-05-09T16:36:46.555+0100] {dag.py:3954} INFO - Setting next_dagrun for example_dag_decorator to None, run_after=None
[2026-05-09T16:36:46.667+0100] {processor.py:183} INFO - Processing /home/najma/airflow-venv/lib/python3.12/site-packages/airflow/example_dags/example_dag_decorator.py took 0.534 seconds
[2026-05-09T16:37:10.088+0100] {processor.py:161} INFO - Started process (PID=23170) to work on /home/najma/airflow-venv/lib/python3.12/site-packages/airflow/example_dags/example_dag_decorator.py
[2026-05-09T16:37:10.090+0100] {processor.py:830} INFO - Processing file /home/najma/airflow-venv/lib/python3.12/site-packages/airflow/example_dags/example_dag_decorator.py for tasks to queue
[2026-05-09T16:37:10.092+0100] {logging_mixin.py:188} INFO - [2026-05-09T16:37:10.091+0100] {dagbag.py:540} INFO - Filling up the DagBag from /home/najma/airflow-venv/lib/python3.12/site-packages/airflow/example_dags/example_dag_decorator.py
[2026-05-09T16:37:10.255+0100] {processor.py:840} INFO - DAG(s) 'example_dag_decorator' retrieved from /home/najma/airflow-venv/lib/python3.12/site-packages/airflow/example_dags/example_dag_decorator.py
[2026-05-09T16:37:10.545+0100] {logging_mixin.py:188} INFO - [2026-05-09T16:37:10.545+0100] {dag.py:3096} INFO - Sync 1 DAGs
[2026-05-09T16:37:10.563+0100] {logging_mixin.py:188} INFO - [2026-05-09T16:37:10.563+0100] {dag.py:3954} INFO - Setting next_dagrun for example_dag_decorator to None, run_after=None
[2026-05-09T16:37:10.988+0100] {processor.py:183} INFO - Processing /home/najma/airflow-venv/lib/python3.12/site-packages/airflow/example_dags/example_dag_decorator.py took 0.904 seconds
[2026-05-09T16:38:20.437+0100] {processor.py:161} INFO - Started process (PID=23277) to work on /home/najma/airflow-venv/lib/python3.12/site-packages/airflow/example_dags/example_dag_decorator.py
[2026-05-09T16:38:20.439+0100] {processor.py:830} INFO - Processing file /home/najma/airflow-venv/lib/python3.12/site-packages/airflow/example_dags/example_dag_decorator.py for tasks to queue
[2026-05-09T16:38:20.442+0100] {logging_mixin.py:188} INFO - [2026-05-09T16:38:20.442+0100] {dagbag.py:540} INFO - Filling up the DagBag from /home/najma/airflow-venv/lib/python3.12/site-packages/airflow/example_dags/example_dag_decorator.py
[2026-05-09T16:38:20.612+0100] {processor.py:840} INFO - DAG(s) 'example_dag_decorator' retrieved from /home/najma/airflow-venv/lib/python3.12/site-packages/airflow/example_dags/example_dag_decorator.py
[2026-05-09T16:38:21.229+0100] {logging_mixin.py:188} INFO - [2026-05-09T16:38:21.229+0100] {dag.py:3096} INFO - Sync 1 DAGs
[2026-05-09T16:38:21.257+0100] {logging_mixin.py:188} INFO - [2026-05-09T16:38:21.257+0100] {dag.py:3954} INFO - Setting next_dagrun for example_dag_decorator to None, run_after=None
[2026-05-09T16:38:21.411+0100] {processor.py:183} INFO - Processing /home/najma/airflow-venv/lib/python3.12/site-packages/airflow/example_dags/example_dag_decorator.py took 0.984 seconds
[2026-05-09T16:38:47.690+0100] {processor.py:161} INFO - Started process (PID=23308) to work on /home/najma/airflow-venv/lib/python3.12/site-packages/airflow/example_dags/example_dag_decorator.py
[2026-05-09T16:38:47.691+0100] {processor.py:830} INFO - Processing file /home/najma/airflow-venv/lib/python3.12/site-packages/airflow/example_dags/example_dag_decorator.py for tasks to queue
[2026-05-09T16:38:47.695+0100] {logging_mixin.py:188} INFO - [2026-05-09T16:38:47.694+0100] {dagbag.py:540} INFO - Filling up the DagBag from /home/najma/airflow-venv/lib/python3.12/site-packages/airflow/example_dags/example_dag_decorator.py
[2026-05-09T16:38:47.867+0100] {processor.py:840} INFO - DAG(s) 'example_dag_decorator' retrieved from /home/najma/airflow-venv/lib/python3.12/site-packages/airflow/example_dags/example_dag_decorator.py
[2026-05-09T16:38:48.092+0100] {logging_mixin.py:188} INFO - [2026-05-09T16:38:48.092+0100] {dag.py:3096} INFO - Sync 1 DAGs
[2026-05-09T16:38:48.115+0100] {logging_mixin.py:188} INFO - [2026-05-09T16:38:48.114+0100] {dag.py:3954} INFO - Setting next_dagrun for example_dag_decorator to None, run_after=None
[2026-05-09T16:38:48.263+0100] {processor.py:183} INFO - Processing /home/najma/airflow-venv/lib/python3.12/site-packages/airflow/example_dags/example_dag_decorator.py took 0.580 seconds
[2026-05-09T16:40:10.941+0100] {processor.py:161} INFO - Started process (PID=23421) to work on /home/najma/airflow-venv/lib/python3.12/site-packages/airflow/example_dags/example_dag_decorator.py
[2026-05-09T16:40:10.943+0100] {processor.py:830} INFO - Processing file /home/najma/airflow-venv/lib/python3.12/site-packages/airflow/example_dags/example_dag_decorator.py for tasks to queue
[2026-05-09T16:40:10.946+0100] {logging_mixin.py:188} INFO - [2026-05-09T16:40:10.946+0100] {dagbag.py:540} INFO - Filling up the DagBag from /home/najma/airflow-venv/lib/python3.12/site-packages/airflow/example_dags/example_dag_decorator.py
[2026-05-09T16:40:11.120+0100] {processor.py:840} INFO - DAG(s) 'example_dag_decorator' retrieved from /home/najma/airflow-venv/lib/python3.12/site-packages/airflow/example_dags/example_dag_decorator.py
[2026-05-09T16:40:11.452+0100] {logging_mixin.py:188} INFO - [2026-05-09T16:40:11.451+0100] {dag.py:3096} INFO - Sync 1 DAGs
[2026-05-09T16:40:11.474+0100] {logging_mixin.py:188} INFO - [2026-05-09T16:40:11.474+0100] {dag.py:3954} INFO - Setting next_dagrun for example_dag_decorator to None, run_after=None
[2026-05-09T16:40:11.632+0100] {processor.py:183} INFO - Processing /home/najma/airflow-venv/lib/python3.12/site-packages/airflow/example_dags/example_dag_decorator.py took 0.700 seconds
[2026-05-09T16:40:40.305+0100] {processor.py:161} INFO - Started process (PID=23462) to work on /home/najma/airflow-venv/lib/python3.12/site-packages/airflow/example_dags/example_dag_decorator.py
[2026-05-09T16:40:40.306+0100] {processor.py:830} INFO - Processing file /home/najma/airflow-venv/lib/python3.12/site-packages/airflow/example_dags/example_dag_decorator.py for tasks to queue
[2026-05-09T16:40:40.309+0100] {logging_mixin.py:188} INFO - [2026-05-09T16:40:40.309+0100] {dagbag.py:540} INFO - Filling up the DagBag from /home/najma/airflow-venv/lib/python3.12/site-packages/airflow/example_dags/example_dag_decorator.py
[2026-05-09T16:40:40.623+0100] {processor.py:840} INFO - DAG(s) 'example_dag_decorator' retrieved from /home/najma/airflow-venv/lib/python3.12/site-packages/airflow/example_dags/example_dag_decorator.py
[2026-05-09T16:40:40.660+0100] {logging_mixin.py:188} INFO - [2026-05-09T16:40:40.659+0100] {dag.py:3096} INFO - Sync 1 DAGs
[2026-05-09T16:40:40.686+0100] {logging_mixin.py:188} INFO - [2026-05-09T16:40:40.686+0100] {dag.py:3954} INFO - Setting next_dagrun for example_dag_decorator to None, run_after=None
[2026-05-09T16:40:40.882+0100] {processor.py:183} INFO - Processing /home/najma/airflow-venv/lib/python3.12/site-packages/airflow/example_dags/example_dag_decorator.py took 0.585 seconds
[2026-05-09T16:41:56.453+0100] {processor.py:161} INFO - Started process (PID=23563) to work on /home/najma/airflow-venv/lib/python3.12/site-packages/airflow/example_dags/example_dag_decorator.py
[2026-05-09T16:41:56.455+0100] {processor.py:830} INFO - Processing file /home/najma/airflow-venv/lib/python3.12/site-packages/airflow/example_dags/example_dag_decorator.py for tasks to queue
[2026-05-09T16:41:56.458+0100] {logging_mixin.py:188} INFO - [2026-05-09T16:41:56.458+0100] {dagbag.py:540} INFO - Filling up the DagBag from /home/najma/airflow-venv/lib/python3.12/site-packages/airflow/example_dags/example_dag_decorator.py
[2026-05-09T16:41:56.611+0100] {processor.py:840} INFO - DAG(s) 'example_dag_decorator' retrieved from /home/najma/airflow-venv/lib/python3.12/site-packages/airflow/example_dags/example_dag_decorator.py
[2026-05-09T16:41:57.026+0100] {logging_mixin.py:188} INFO - [2026-05-09T16:41:57.025+0100] {dag.py:3096} INFO - Sync 1 DAGs
[2026-05-09T16:41:57.046+0100] {logging_mixin.py:188} INFO - [2026-05-09T16:41:57.046+0100] {dag.py:3954} INFO - Setting next_dagrun for example_dag_decorator to None, run_after=None
[2026-05-09T16:41:57.208+0100] {processor.py:183} INFO - Processing /home/najma/airflow-venv/lib/python3.12/site-packages/airflow/example_dags/example_dag_decorator.py took 0.772 seconds
[2026-05-09T16:42:29.492+0100] {processor.py:161} INFO - Started process (PID=23610) to work on /home/najma/airflow-venv/lib/python3.12/site-packages/airflow/example_dags/example_dag_decorator.py
[2026-05-09T16:42:29.494+0100] {processor.py:830} INFO - Processing file /home/najma/airflow-venv/lib/python3.12/site-packages/airflow/example_dags/example_dag_decorator.py for tasks to queue
[2026-05-09T16:42:29.497+0100] {logging_mixin.py:188} INFO - [2026-05-09T16:42:29.497+0100] {dagbag.py:540} INFO - Filling up the DagBag from /home/najma/airflow-venv/lib/python3.12/site-packages/airflow/example_dags/example_dag_decorator.py
[2026-05-09T16:42:30.075+0100] {processor.py:840} INFO - DAG(s) 'example_dag_decorator' retrieved from /home/najma/airflow-venv/lib/python3.12/site-packages/airflow/example_dags/example_dag_decorator.py
[2026-05-09T16:42:30.561+0100] {logging_mixin.py:188} INFO - [2026-05-09T16:42:30.561+0100] {dag.py:3096} INFO - Sync 1 DAGs
[2026-05-09T16:42:30.605+0100] {logging_mixin.py:188} INFO - [2026-05-09T16:42:30.604+0100] {dag.py:3954} INFO - Setting next_dagrun for example_dag_decorator to None, run_after=None
[2026-05-09T16:42:30.849+0100] {processor.py:183} INFO - Processing /home/najma/airflow-venv/lib/python3.12/site-packages/airflow/example_dags/example_dag_decorator.py took 1.367 seconds
[2026-05-09T16:43:50.197+0100] {processor.py:161} INFO - Started process (PID=23709) to work on /home/najma/airflow-venv/lib/python3.12/site-packages/airflow/example_dags/example_dag_decorator.py
[2026-05-09T16:43:50.199+0100] {processor.py:830} INFO - Processing file /home/najma/airflow-venv/lib/python3.12/site-packages/airflow/example_dags/example_dag_decorator.py for tasks to queue
[2026-05-09T16:43:50.203+0100] {logging_mixin.py:188} INFO - [2026-05-09T16:43:50.202+0100] {dagbag.py:540} INFO - Filling up the DagBag from /home/najma/airflow-venv/lib/python3.12/site-packages/airflow/example_dags/example_dag_decorator.py
[2026-05-09T16:43:50.451+0100] {processor.py:840} INFO - DAG(s) 'example_dag_decorator' retrieved from /home/najma/airflow-venv/lib/python3.12/site-packages/airflow/example_dags/example_dag_decorator.py
[2026-05-09T16:43:51.005+0100] {logging_mixin.py:188} INFO - [2026-05-09T16:43:51.005+0100] {dag.py:3096} INFO - Sync 1 DAGs
[2026-05-09T16:43:51.026+0100] {logging_mixin.py:188} INFO - [2026-05-09T16:43:51.026+0100] {dag.py:3954} INFO - Setting next_dagrun for example_dag_decorator to None, run_after=None
[2026-05-09T16:43:51.192+0100] {processor.py:183} INFO - Processing /home/najma/airflow-venv/lib/python3.12/site-packages/airflow/example_dags/example_dag_decorator.py took 1.003 seconds
[2026-05-09T16:44:33.857+0100] {processor.py:161} INFO - Started process (PID=23770) to work on /home/najma/airflow-venv/lib/python3.12/site-packages/airflow/example_dags/example_dag_decorator.py
[2026-05-09T16:44:33.859+0100] {processor.py:830} INFO - Processing file /home/najma/airflow-venv/lib/python3.12/site-packages/airflow/example_dags/example_dag_decorator.py for tasks to queue
[2026-05-09T16:44:33.863+0100] {logging_mixin.py:188} INFO - [2026-05-09T16:44:33.862+0100] {dagbag.py:540} INFO - Filling up the DagBag from /home/najma/airflow-venv/lib/python3.12/site-packages/airflow/example_dags/example_dag_decorator.py
[2026-05-09T16:44:34.233+0100] {processor.py:840} INFO - DAG(s) 'example_dag_decorator' retrieved from /home/najma/airflow-venv/lib/python3.12/site-packages/airflow/example_dags/example_dag_decorator.py
[2026-05-09T16:44:34.520+0100] {logging_mixin.py:188} INFO - [2026-05-09T16:44:34.520+0100] {dag.py:3096} INFO - Sync 1 DAGs
[2026-05-09T16:44:34.543+0100] {logging_mixin.py:188} INFO - [2026-05-09T16:44:34.542+0100] {dag.py:3954} INFO - Setting next_dagrun for example_dag_decorator to None, run_after=None
[2026-05-09T16:44:34.714+0100] {processor.py:183} INFO - Processing /home/najma/airflow-venv/lib/python3.12/site-packages/airflow/example_dags/example_dag_decorator.py took 0.867 seconds
[2026-05-09T16:45:35.951+0100] {processor.py:161} INFO - Started process (PID=23851) to work on /home/najma/airflow-venv/lib/python3.12/site-packages/airflow/example_dags/example_dag_decorator.py
[2026-05-09T16:45:35.953+0100] {processor.py:830} INFO - Processing file /home/najma/airflow-venv/lib/python3.12/site-packages/airflow/example_dags/example_dag_decorator.py for tasks to queue
[2026-05-09T16:45:35.956+0100] {logging_mixin.py:188} INFO - [2026-05-09T16:45:35.955+0100] {dagbag.py:540} INFO - Filling up the DagBag from /home/najma/airflow-venv/lib/python3.12/site-packages/airflow/example_dags/example_dag_decorator.py
[2026-05-09T16:45:36.279+0100] {processor.py:840} INFO - DAG(s) 'example_dag_decorator' retrieved from /home/najma/airflow-venv/lib/python3.12/site-packages/airflow/example_dags/example_dag_decorator.py
[2026-05-09T16:45:36.511+0100] {logging_mixin.py:188} INFO - [2026-05-09T16:45:36.510+0100] {dag.py:3096} INFO - Sync 1 DAGs
[2026-05-09T16:45:36.537+0100] {logging_mixin.py:188} INFO - [2026-05-09T16:45:36.537+0100] {dag.py:3954} INFO - Setting next_dagrun for example_dag_decorator to None, run_after=None
[2026-05-09T16:45:36.735+0100] {processor.py:183} INFO - Processing /home/najma/airflow-venv/lib/python3.12/site-packages/airflow/example_dags/example_dag_decorator.py took 0.791 seconds
[2026-05-09T16:46:36.430+0100] {processor.py:161} INFO - Started process (PID=23926) to work on /home/najma/airflow-venv/lib/python3.12/site-packages/airflow/example_dags/example_dag_decorator.py
[2026-05-09T16:46:36.467+0100] {processor.py:830} INFO - Processing file /home/najma/airflow-venv/lib/python3.12/site-packages/airflow/example_dags/example_dag_decorator.py for tasks to queue
[2026-05-09T16:46:36.470+0100] {logging_mixin.py:188} INFO - [2026-05-09T16:46:36.469+0100] {dagbag.py:540} INFO - Filling up the DagBag from /home/najma/airflow-venv/lib/python3.12/site-packages/airflow/example_dags/example_dag_decorator.py
[2026-05-09T16:46:37.120+0100] {processor.py:840} INFO - DAG(s) 'example_dag_decorator' retrieved from /home/najma/airflow-venv/lib/python3.12/site-packages/airflow/example_dags/example_dag_decorator.py
[2026-05-09T16:46:37.526+0100] {logging_mixin.py:188} INFO - [2026-05-09T16:46:37.525+0100] {dag.py:3096} INFO - Sync 1 DAGs
[2026-05-09T16:46:37.563+0100] {logging_mixin.py:188} INFO - [2026-05-09T16:46:37.563+0100] {dag.py:3954} INFO - Setting next_dagrun for example_dag_decorator to None, run_after=None
[2026-05-09T16:46:37.742+0100] {processor.py:183} INFO - Processing /home/najma/airflow-venv/lib/python3.12/site-packages/airflow/example_dags/example_dag_decorator.py took 1.324 seconds
[2026-05-09T16:47:47.130+0100] {processor.py:161} INFO - Started process (PID=24003) to work on /home/najma/airflow-venv/lib/python3.12/site-packages/airflow/example_dags/example_dag_decorator.py
[2026-05-09T16:47:47.143+0100] {processor.py:830} INFO - Processing file /home/najma/airflow-venv/lib/python3.12/site-packages/airflow/example_dags/example_dag_decorator.py for tasks to queue
[2026-05-09T16:47:47.146+0100] {logging_mixin.py:188} INFO - [2026-05-09T16:47:47.146+0100] {dagbag.py:540} INFO - Filling up the DagBag from /home/najma/airflow-venv/lib/python3.12/site-packages/airflow/example_dags/example_dag_decorator.py
[2026-05-09T16:47:47.585+0100] {processor.py:840} INFO - DAG(s) 'example_dag_decorator' retrieved from /home/najma/airflow-venv/lib/python3.12/site-packages/airflow/example_dags/example_dag_decorator.py
[2026-05-09T16:47:48.008+0100] {logging_mixin.py:188} INFO - [2026-05-09T16:47:48.008+0100] {dag.py:3096} INFO - Sync 1 DAGs
[2026-05-09T16:47:48.031+0100] {logging_mixin.py:188} INFO - [2026-05-09T16:47:48.030+0100] {dag.py:3954} INFO - Setting next_dagrun for example_dag_decorator to None, run_after=None
[2026-05-09T16:47:48.256+0100] {processor.py:183} INFO - Processing /home/najma/airflow-venv/lib/python3.12/site-packages/airflow/example_dags/example_dag_decorator.py took 1.133 seconds
[2026-05-09T16:48:52.355+0100] {processor.py:161} INFO - Started process (PID=24084) to work on /home/najma/airflow-venv/lib/python3.12/site-packages/airflow/example_dags/example_dag_decorator.py
[2026-05-09T16:48:52.357+0100] {processor.py:830} INFO - Processing file /home/najma/airflow-venv/lib/python3.12/site-packages/airflow/example_dags/example_dag_decorator.py for tasks to queue
[2026-05-09T16:48:52.363+0100] {logging_mixin.py:188} INFO - [2026-05-09T16:48:52.360+0100] {dagbag.py:540} INFO - Filling up the DagBag from /home/najma/airflow-venv/lib/python3.12/site-packages/airflow/example_dags/example_dag_decorator.py
[2026-05-09T16:48:52.554+0100] {processor.py:840} INFO - DAG(s) 'example_dag_decorator' retrieved from /home/najma/airflow-venv/lib/python3.12/site-packages/airflow/example_dags/example_dag_decorator.py
[2026-05-09T16:48:52.823+0100] {logging_mixin.py:188} INFO - [2026-05-09T16:48:52.822+0100] {dag.py:3096} INFO - Sync 1 DAGs
[2026-05-09T16:48:52.852+0100] {logging_mixin.py:188} INFO - [2026-05-09T16:48:52.852+0100] {dag.py:3954} INFO - Setting next_dagrun for example_dag_decorator to None, run_after=None
[2026-05-09T16:48:53.030+0100] {processor.py:183} INFO - Processing /home/najma/airflow-venv/lib/python3.12/site-packages/airflow/example_dags/example_dag_decorator.py took 0.683 seconds
[2026-05-09T16:50:09.870+0100] {processor.py:161} INFO - Started process (PID=24163) to work on /home/najma/airflow-venv/lib/python3.12/site-packages/airflow/example_dags/example_dag_decorator.py
[2026-05-09T16:50:09.873+0100] {processor.py:830} INFO - Processing file /home/najma/airflow-venv/lib/python3.12/site-packages/airflow/example_dags/example_dag_decorator.py for tasks to queue
[2026-05-09T16:50:09.876+0100] {logging_mixin.py:188} INFO - [2026-05-09T16:50:09.875+0100] {dagbag.py:540} INFO - Filling up the DagBag from /home/najma/airflow-venv/lib/python3.12/site-packages/airflow/example_dags/example_dag_decorator.py
[2026-05-09T16:50:10.368+0100] {processor.py:840} INFO - DAG(s) 'example_dag_decorator' retrieved from /home/najma/airflow-venv/lib/python3.12/site-packages/airflow/example_dags/example_dag_decorator.py
[2026-05-09T16:50:10.687+0100] {logging_mixin.py:188} INFO - [2026-05-09T16:50:10.687+0100] {dag.py:3096} INFO - Sync 1 DAGs
[2026-05-09T16:50:10.713+0100] {logging_mixin.py:188} INFO - [2026-05-09T16:50:10.712+0100] {dag.py:3954} INFO - Setting next_dagrun for example_dag_decorator to None, run_after=None
[2026-05-09T16:50:11.173+0100] {processor.py:183} INFO - Processing /home/najma/airflow-venv/lib/python3.12/site-packages/airflow/example_dags/example_dag_decorator.py took 1.312 seconds
[2026-05-09T16:51:06.194+0100] {processor.py:161} INFO - Started process (PID=24238) to work on /home/najma/airflow-venv/lib/python3.12/site-packages/airflow/example_dags/example_dag_decorator.py
[2026-05-09T16:51:06.196+0100] {processor.py:830} INFO - Processing file /home/najma/airflow-venv/lib/python3.12/site-packages/airflow/example_dags/example_dag_decorator.py for tasks to queue
[2026-05-09T16:51:06.199+0100] {logging_mixin.py:188} INFO - [2026-05-09T16:51:06.198+0100] {dagbag.py:540} INFO - Filling up the DagBag from /home/najma/airflow-venv/lib/python3.12/site-packages/airflow/example_dags/example_dag_decorator.py
[2026-05-09T16:51:06.358+0100] {processor.py:840} INFO - DAG(s) 'example_dag_decorator' retrieved from /home/najma/airflow-venv/lib/python3.12/site-packages/airflow/example_dags/example_dag_decorator.py
[2026-05-09T16:51:06.593+0100] {logging_mixin.py:188} INFO - [2026-05-09T16:51:06.593+0100] {dag.py:3096} INFO - Sync 1 DAGs
[2026-05-09T16:51:06.618+0100] {logging_mixin.py:188} INFO - [2026-05-09T16:51:06.617+0100] {dag.py:3954} INFO - Setting next_dagrun for example_dag_decorator to None, run_after=None
[2026-05-09T16:51:06.817+0100] {processor.py:183} INFO - Processing /home/najma/airflow-venv/lib/python3.12/site-packages/airflow/example_dags/example_dag_decorator.py took 0.631 seconds
[2026-05-09T16:52:19.394+0100] {processor.py:161} INFO - Started process (PID=24320) to work on /home/najma/airflow-venv/lib/python3.12/site-packages/airflow/example_dags/example_dag_decorator.py
[2026-05-09T16:52:19.399+0100] {processor.py:830} INFO - Processing file /home/najma/airflow-venv/lib/python3.12/site-packages/airflow/example_dags/example_dag_decorator.py for tasks to queue
[2026-05-09T16:52:19.405+0100] {logging_mixin.py:188} INFO - [2026-05-09T16:52:19.404+0100] {dagbag.py:540} INFO - Filling up the DagBag from /home/najma/airflow-venv/lib/python3.12/site-packages/airflow/example_dags/example_dag_decorator.py
[2026-05-09T16:52:19.979+0100] {processor.py:840} INFO - DAG(s) 'example_dag_decorator' retrieved from /home/najma/airflow-venv/lib/python3.12/site-packages/airflow/example_dags/example_dag_decorator.py
[2026-05-09T16:52:20.339+0100] {logging_mixin.py:188} INFO - [2026-05-09T16:52:20.339+0100] {dag.py:3096} INFO - Sync 1 DAGs
[2026-05-09T16:52:20.388+0100] {logging_mixin.py:188} INFO - [2026-05-09T16:52:20.387+0100] {dag.py:3954} INFO - Setting next_dagrun for example_dag_decorator to None, run_after=None
[2026-05-09T16:52:20.603+0100] {processor.py:183} INFO - Processing /home/najma/airflow-venv/lib/python3.12/site-packages/airflow/example_dags/example_dag_decorator.py took 1.219 seconds
[2026-05-09T16:53:43.052+0100] {processor.py:161} INFO - Started process (PID=24398) to work on /home/najma/airflow-venv/lib/python3.12/site-packages/airflow/example_dags/example_dag_decorator.py
[2026-05-09T16:53:43.054+0100] {processor.py:830} INFO - Processing file /home/najma/airflow-venv/lib/python3.12/site-packages/airflow/example_dags/example_dag_decorator.py for tasks to queue
[2026-05-09T16:53:43.059+0100] {logging_mixin.py:188} INFO - [2026-05-09T16:53:43.058+0100] {dagbag.py:540} INFO - Filling up the DagBag from /home/najma/airflow-venv/lib/python3.12/site-packages/airflow/example_dags/example_dag_decorator.py
[2026-05-09T16:53:43.513+0100] {processor.py:840} INFO - DAG(s) 'example_dag_decorator' retrieved from /home/najma/airflow-venv/lib/python3.12/site-packages/airflow/example_dags/example_dag_decorator.py
[2026-05-09T16:53:44.045+0100] {logging_mixin.py:188} INFO - [2026-05-09T16:53:44.045+0100] {dag.py:3096} INFO - Sync 1 DAGs
[2026-05-09T16:53:44.081+0100] {logging_mixin.py:188} INFO - [2026-05-09T16:53:44.080+0100] {dag.py:3954} INFO - Setting next_dagrun for example_dag_decorator to None, run_after=None
[2026-05-09T16:53:44.713+0100] {processor.py:183} INFO - Processing /home/najma/airflow-venv/lib/python3.12/site-packages/airflow/example_dags/example_dag_decorator.py took 1.669 seconds
[2026-05-09T16:56:06.226+0100] {processor.py:161} INFO - Started process (PID=24518) to work on /home/najma/airflow-venv/lib/python3.12/site-packages/airflow/example_dags/example_dag_decorator.py
[2026-05-09T16:56:06.230+0100] {processor.py:830} INFO - Processing file /home/najma/airflow-venv/lib/python3.12/site-packages/airflow/example_dags/example_dag_decorator.py for tasks to queue
[2026-05-09T16:56:06.235+0100] {logging_mixin.py:188} INFO - [2026-05-09T16:56:06.234+0100] {dagbag.py:540} INFO - Filling up the DagBag from /home/najma/airflow-venv/lib/python3.12/site-packages/airflow/example_dags/example_dag_decorator.py
[2026-05-09T16:56:07.111+0100] {processor.py:840} INFO - DAG(s) 'example_dag_decorator' retrieved from /home/najma/airflow-venv/lib/python3.12/site-packages/airflow/example_dags/example_dag_decorator.py
[2026-05-09T16:56:07.756+0100] {logging_mixin.py:188} INFO - [2026-05-09T16:56:07.755+0100] {dag.py:3096} INFO - Sync 1 DAGs
[2026-05-09T16:56:07.816+0100] {logging_mixin.py:188} INFO - [2026-05-09T16:56:07.816+0100] {dag.py:3954} INFO - Setting next_dagrun for example_dag_decorator to None, run_after=None
[2026-05-09T16:56:08.260+0100] {processor.py:183} INFO - Processing /home/najma/airflow-venv/lib/python3.12/site-packages/airflow/example_dags/example_dag_decorator.py took 2.045 seconds
[2026-05-09T16:57:33.414+0100] {processor.py:161} INFO - Started process (PID=24606) to work on /home/najma/airflow-venv/lib/python3.12/site-packages/airflow/example_dags/example_dag_decorator.py
[2026-05-09T16:57:33.418+0100] {processor.py:830} INFO - Processing file /home/najma/airflow-venv/lib/python3.12/site-packages/airflow/example_dags/example_dag_decorator.py for tasks to queue
[2026-05-09T16:57:33.423+0100] {logging_mixin.py:188} INFO - [2026-05-09T16:57:33.422+0100] {dagbag.py:540} INFO - Filling up the DagBag from /home/najma/airflow-venv/lib/python3.12/site-packages/airflow/example_dags/example_dag_decorator.py
[2026-05-09T16:57:34.105+0100] {processor.py:840} INFO - DAG(s) 'example_dag_decorator' retrieved from /home/najma/airflow-venv/lib/python3.12/site-packages/airflow/example_dags/example_dag_decorator.py
[2026-05-09T16:57:34.332+0100] {logging_mixin.py:188} INFO - [2026-05-09T16:57:34.332+0100] {dag.py:3096} INFO - Sync 1 DAGs
[2026-05-09T16:57:34.353+0100] {logging_mixin.py:188} INFO - [2026-05-09T16:57:34.353+0100] {dag.py:3954} INFO - Setting next_dagrun for example_dag_decorator to None, run_after=None
[2026-05-09T16:57:34.466+0100] {processor.py:183} INFO - Processing /home/najma/airflow-venv/lib/python3.12/site-packages/airflow/example_dags/example_dag_decorator.py took 1.057 seconds
[2026-05-09T16:58:57.888+0100] {processor.py:161} INFO - Started process (PID=24706) to work on /home/najma/airflow-venv/lib/python3.12/site-packages/airflow/example_dags/example_dag_decorator.py
[2026-05-09T16:58:57.889+0100] {processor.py:830} INFO - Processing file /home/najma/airflow-venv/lib/python3.12/site-packages/airflow/example_dags/example_dag_decorator.py for tasks to queue
[2026-05-09T16:58:57.892+0100] {logging_mixin.py:188} INFO - [2026-05-09T16:58:57.891+0100] {dagbag.py:540} INFO - Filling up the DagBag from /home/najma/airflow-venv/lib/python3.12/site-packages/airflow/example_dags/example_dag_decorator.py
[2026-05-09T16:58:57.989+0100] {processor.py:840} INFO - DAG(s) 'example_dag_decorator' retrieved from /home/najma/airflow-venv/lib/python3.12/site-packages/airflow/example_dags/example_dag_decorator.py
[2026-05-09T16:58:58.103+0100] {logging_mixin.py:188} INFO - [2026-05-09T16:58:58.103+0100] {dag.py:3096} INFO - Sync 1 DAGs
[2026-05-09T16:58:58.116+0100] {logging_mixin.py:188} INFO - [2026-05-09T16:58:58.116+0100] {dag.py:3954} INFO - Setting next_dagrun for example_dag_decorator to None, run_after=None
[2026-05-09T16:58:58.224+0100] {processor.py:183} INFO - Processing /home/najma/airflow-venv/lib/python3.12/site-packages/airflow/example_dags/example_dag_decorator.py took 0.341 seconds
[2026-05-09T16:59:44.464+0100] {processor.py:161} INFO - Started process (PID=24786) to work on /home/najma/airflow-venv/lib/python3.12/site-packages/airflow/example_dags/example_dag_decorator.py
[2026-05-09T16:59:44.467+0100] {processor.py:830} INFO - Processing file /home/najma/airflow-venv/lib/python3.12/site-packages/airflow/example_dags/example_dag_decorator.py for tasks to queue
[2026-05-09T16:59:44.469+0100] {logging_mixin.py:188} INFO - [2026-05-09T16:59:44.468+0100] {dagbag.py:540} INFO - Filling up the DagBag from /home/najma/airflow-venv/lib/python3.12/site-packages/airflow/example_dags/example_dag_decorator.py
[2026-05-09T16:59:44.568+0100] {processor.py:840} INFO - DAG(s) 'example_dag_decorator' retrieved from /home/najma/airflow-venv/lib/python3.12/site-packages/airflow/example_dags/example_dag_decorator.py
[2026-05-09T16:59:44.698+0100] {logging_mixin.py:188} INFO - [2026-05-09T16:59:44.698+0100] {dag.py:3096} INFO - Sync 1 DAGs
[2026-05-09T16:59:44.712+0100] {logging_mixin.py:188} INFO - [2026-05-09T16:59:44.712+0100] {dag.py:3954} INFO - Setting next_dagrun for example_dag_decorator to None, run_after=None
[2026-05-09T16:59:44.814+0100] {processor.py:183} INFO - Processing /home/najma/airflow-venv/lib/python3.12/site-packages/airflow/example_dags/example_dag_decorator.py took 0.354 seconds
[2026-05-09T17:00:17.837+0100] {processor.py:161} INFO - Started process (PID=24845) to work on /home/najma/airflow-venv/lib/python3.12/site-packages/airflow/example_dags/example_dag_decorator.py
[2026-05-09T17:00:17.839+0100] {processor.py:830} INFO - Processing file /home/najma/airflow-venv/lib/python3.12/site-packages/airflow/example_dags/example_dag_decorator.py for tasks to queue
[2026-05-09T17:00:17.840+0100] {logging_mixin.py:188} INFO - [2026-05-09T17:00:17.840+0100] {dagbag.py:540} INFO - Filling up the DagBag from /home/najma/airflow-venv/lib/python3.12/site-packages/airflow/example_dags/example_dag_decorator.py
[2026-05-09T17:00:17.924+0100] {processor.py:840} INFO - DAG(s) 'example_dag_decorator' retrieved from /home/najma/airflow-venv/lib/python3.12/site-packages/airflow/example_dags/example_dag_decorator.py
[2026-05-09T17:00:18.039+0100] {logging_mixin.py:188} INFO - [2026-05-09T17:00:18.039+0100] {dag.py:3096} INFO - Sync 1 DAGs
[2026-05-09T17:00:18.052+0100] {logging_mixin.py:188} INFO - [2026-05-09T17:00:18.052+0100] {dag.py:3954} INFO - Setting next_dagrun for example_dag_decorator to None, run_after=None
[2026-05-09T17:00:18.152+0100] {processor.py:183} INFO - Processing /home/najma/airflow-venv/lib/python3.12/site-packages/airflow/example_dags/example_dag_decorator.py took 0.318 seconds
[2026-05-09T17:00:56.023+0100] {processor.py:161} INFO - Started process (PID=24913) to work on /home/najma/airflow-venv/lib/python3.12/site-packages/airflow/example_dags/example_dag_decorator.py
[2026-05-09T17:00:56.024+0100] {processor.py:830} INFO - Processing file /home/najma/airflow-venv/lib/python3.12/site-packages/airflow/example_dags/example_dag_decorator.py for tasks to queue
[2026-05-09T17:00:56.026+0100] {logging_mixin.py:188} INFO - [2026-05-09T17:00:56.026+0100] {dagbag.py:540} INFO - Filling up the DagBag from /home/najma/airflow-venv/lib/python3.12/site-packages/airflow/example_dags/example_dag_decorator.py
[2026-05-09T17:00:56.116+0100] {processor.py:840} INFO - DAG(s) 'example_dag_decorator' retrieved from /home/najma/airflow-venv/lib/python3.12/site-packages/airflow/example_dags/example_dag_decorator.py
[2026-05-09T17:00:56.267+0100] {logging_mixin.py:188} INFO - [2026-05-09T17:00:56.267+0100] {dag.py:3096} INFO - Sync 1 DAGs
[2026-05-09T17:00:56.303+0100] {logging_mixin.py:188} INFO - [2026-05-09T17:00:56.303+0100] {dag.py:3954} INFO - Setting next_dagrun for example_dag_decorator to None, run_after=None
[2026-05-09T17:00:56.419+0100] {processor.py:183} INFO - Processing /home/najma/airflow-venv/lib/python3.12/site-packages/airflow/example_dags/example_dag_decorator.py took 0.400 seconds
[2026-05-09T17:01:25.388+0100] {processor.py:161} INFO - Started process (PID=24966) to work on /home/najma/airflow-venv/lib/python3.12/site-packages/airflow/example_dags/example_dag_decorator.py
[2026-05-09T17:01:25.389+0100] {processor.py:830} INFO - Processing file /home/najma/airflow-venv/lib/python3.12/site-packages/airflow/example_dags/example_dag_decorator.py for tasks to queue
[2026-05-09T17:01:25.391+0100] {logging_mixin.py:188} INFO - [2026-05-09T17:01:25.390+0100] {dagbag.py:540} INFO - Filling up the DagBag from /home/najma/airflow-venv/lib/python3.12/site-packages/airflow/example_dags/example_dag_decorator.py
[2026-05-09T17:01:25.473+0100] {processor.py:840} INFO - DAG(s) 'example_dag_decorator' retrieved from /home/najma/airflow-venv/lib/python3.12/site-packages/airflow/example_dags/example_dag_decorator.py
[2026-05-09T17:01:25.494+0100] {logging_mixin.py:188} INFO - [2026-05-09T17:01:25.493+0100] {dag.py:3096} INFO - Sync 1 DAGs
[2026-05-09T17:01:25.509+0100] {logging_mixin.py:188} INFO - [2026-05-09T17:01:25.509+0100] {dag.py:3954} INFO - Setting next_dagrun for example_dag_decorator to None, run_after=None
[2026-05-09T17:01:25.591+0100] {processor.py:183} INFO - Processing /home/najma/airflow-venv/lib/python3.12/site-packages/airflow/example_dags/example_dag_decorator.py took 0.207 seconds
[2026-05-09T17:02:15.697+0100] {processor.py:161} INFO - Started process (PID=25039) to work on /home/najma/airflow-venv/lib/python3.12/site-packages/airflow/example_dags/example_dag_decorator.py
[2026-05-09T17:02:15.699+0100] {processor.py:830} INFO - Processing file /home/najma/airflow-venv/lib/python3.12/site-packages/airflow/example_dags/example_dag_decorator.py for tasks to queue
[2026-05-09T17:02:15.709+0100] {logging_mixin.py:188} INFO - [2026-05-09T17:02:15.709+0100] {dagbag.py:540} INFO - Filling up the DagBag from /home/najma/airflow-venv/lib/python3.12/site-packages/airflow/example_dags/example_dag_decorator.py
[2026-05-09T17:02:16.024+0100] {processor.py:840} INFO - DAG(s) 'example_dag_decorator' retrieved from /home/najma/airflow-venv/lib/python3.12/site-packages/airflow/example_dags/example_dag_decorator.py
[2026-05-09T17:02:16.447+0100] {logging_mixin.py:188} INFO - [2026-05-09T17:02:16.447+0100] {dag.py:3096} INFO - Sync 1 DAGs
[2026-05-09T17:02:16.465+0100] {logging_mixin.py:188} INFO - [2026-05-09T17:02:16.464+0100] {dag.py:3954} INFO - Setting next_dagrun for example_dag_decorator to None, run_after=None
[2026-05-09T17:02:16.642+0100] {processor.py:183} INFO - Processing /home/najma/airflow-venv/lib/python3.12/site-packages/airflow/example_dags/example_dag_decorator.py took 0.952 seconds
[2026-05-09T17:02:59.171+0100] {processor.py:161} INFO - Started process (PID=25110) to work on /home/najma/airflow-venv/lib/python3.12/site-packages/airflow/example_dags/example_dag_decorator.py
[2026-05-09T17:02:59.172+0100] {processor.py:830} INFO - Processing file /home/najma/airflow-venv/lib/python3.12/site-packages/airflow/example_dags/example_dag_decorator.py for tasks to queue
[2026-05-09T17:02:59.173+0100] {logging_mixin.py:188} INFO - [2026-05-09T17:02:59.173+0100] {dagbag.py:540} INFO - Filling up the DagBag from /home/najma/airflow-venv/lib/python3.12/site-packages/airflow/example_dags/example_dag_decorator.py
[2026-05-09T17:02:59.244+0100] {processor.py:840} INFO - DAG(s) 'example_dag_decorator' retrieved from /home/najma/airflow-venv/lib/python3.12/site-packages/airflow/example_dags/example_dag_decorator.py
[2026-05-09T17:02:59.357+0100] {logging_mixin.py:188} INFO - [2026-05-09T17:02:59.357+0100] {dag.py:3096} INFO - Sync 1 DAGs
[2026-05-09T17:02:59.368+0100] {logging_mixin.py:188} INFO - [2026-05-09T17:02:59.368+0100] {dag.py:3954} INFO - Setting next_dagrun for example_dag_decorator to None, run_after=None
[2026-05-09T17:02:59.449+0100] {processor.py:183} INFO - Processing /home/najma/airflow-venv/lib/python3.12/site-packages/airflow/example_dags/example_dag_decorator.py took 0.283 seconds
[2026-05-09T17:03:37.718+0100] {processor.py:161} INFO - Started process (PID=25174) to work on /home/najma/airflow-venv/lib/python3.12/site-packages/airflow/example_dags/example_dag_decorator.py
[2026-05-09T17:03:37.720+0100] {processor.py:830} INFO - Processing file /home/najma/airflow-venv/lib/python3.12/site-packages/airflow/example_dags/example_dag_decorator.py for tasks to queue
[2026-05-09T17:03:37.721+0100] {logging_mixin.py:188} INFO - [2026-05-09T17:03:37.721+0100] {dagbag.py:540} INFO - Filling up the DagBag from /home/najma/airflow-venv/lib/python3.12/site-packages/airflow/example_dags/example_dag_decorator.py
[2026-05-09T17:03:37.797+0100] {processor.py:840} INFO - DAG(s) 'example_dag_decorator' retrieved from /home/najma/airflow-venv/lib/python3.12/site-packages/airflow/example_dags/example_dag_decorator.py
[2026-05-09T17:03:37.904+0100] {logging_mixin.py:188} INFO - [2026-05-09T17:03:37.904+0100] {dag.py:3096} INFO - Sync 1 DAGs
[2026-05-09T17:03:37.916+0100] {logging_mixin.py:188} INFO - [2026-05-09T17:03:37.915+0100] {dag.py:3954} INFO - Setting next_dagrun for example_dag_decorator to None, run_after=None
[2026-05-09T17:03:38.003+0100] {processor.py:183} INFO - Processing /home/najma/airflow-venv/lib/python3.12/site-packages/airflow/example_dags/example_dag_decorator.py took 0.289 seconds
[2026-05-09T17:04:23.452+0100] {processor.py:161} INFO - Started process (PID=25254) to work on /home/najma/airflow-venv/lib/python3.12/site-packages/airflow/example_dags/example_dag_decorator.py
[2026-05-09T17:04:23.454+0100] {processor.py:830} INFO - Processing file /home/najma/airflow-venv/lib/python3.12/site-packages/airflow/example_dags/example_dag_decorator.py for tasks to queue
[2026-05-09T17:04:23.455+0100] {logging_mixin.py:188} INFO - [2026-05-09T17:04:23.455+0100] {dagbag.py:540} INFO - Filling up the DagBag from /home/najma/airflow-venv/lib/python3.12/site-packages/airflow/example_dags/example_dag_decorator.py
[2026-05-09T17:04:23.538+0100] {processor.py:840} INFO - DAG(s) 'example_dag_decorator' retrieved from /home/najma/airflow-venv/lib/python3.12/site-packages/airflow/example_dags/example_dag_decorator.py
[2026-05-09T17:04:23.677+0100] {logging_mixin.py:188} INFO - [2026-05-09T17:04:23.677+0100] {dag.py:3096} INFO - Sync 1 DAGs
[2026-05-09T17:04:23.691+0100] {logging_mixin.py:188} INFO - [2026-05-09T17:04:23.691+0100] {dag.py:3954} INFO - Setting next_dagrun for example_dag_decorator to None, run_after=None
[2026-05-09T17:04:23.787+0100] {processor.py:183} INFO - Processing /home/najma/airflow-venv/lib/python3.12/site-packages/airflow/example_dags/example_dag_decorator.py took 0.339 seconds
[2026-05-09T17:52:36.376+0100] {processor.py:161} INFO - Started process (PID=25320) to work on /home/najma/airflow-venv/lib/python3.12/site-packages/airflow/example_dags/example_dag_decorator.py
[2026-05-09T17:52:36.384+0100] {processor.py:830} INFO - Processing file /home/najma/airflow-venv/lib/python3.12/site-packages/airflow/example_dags/example_dag_decorator.py for tasks to queue
[2026-05-09T17:52:36.386+0100] {logging_mixin.py:188} INFO - [2026-05-09T17:52:36.386+0100] {dagbag.py:540} INFO - Filling up the DagBag from /home/najma/airflow-venv/lib/python3.12/site-packages/airflow/example_dags/example_dag_decorator.py
[2026-05-09T17:52:36.776+0100] {processor.py:840} INFO - DAG(s) 'example_dag_decorator' retrieved from /home/najma/airflow-venv/lib/python3.12/site-packages/airflow/example_dags/example_dag_decorator.py
[2026-05-09T17:52:38.526+0100] {logging_mixin.py:188} INFO - [2026-05-09T17:52:38.525+0100] {dag.py:3096} INFO - Sync 1 DAGs
[2026-05-09T17:52:38.580+0100] {logging_mixin.py:188} INFO - [2026-05-09T17:52:38.580+0100] {dag.py:3954} INFO - Setting next_dagrun for example_dag_decorator to None, run_after=None
[2026-05-09T17:52:38.935+0100] {processor.py:183} INFO - Processing /home/najma/airflow-venv/lib/python3.12/site-packages/airflow/example_dags/example_dag_decorator.py took 2.565 seconds
[2026-05-09T17:53:46.113+0100] {processor.py:161} INFO - Started process (PID=25407) to work on /home/najma/airflow-venv/lib/python3.12/site-packages/airflow/example_dags/example_dag_decorator.py
[2026-05-09T17:53:46.114+0100] {processor.py:830} INFO - Processing file /home/najma/airflow-venv/lib/python3.12/site-packages/airflow/example_dags/example_dag_decorator.py for tasks to queue
[2026-05-09T17:53:46.116+0100] {logging_mixin.py:188} INFO - [2026-05-09T17:53:46.116+0100] {dagbag.py:540} INFO - Filling up the DagBag from /home/najma/airflow-venv/lib/python3.12/site-packages/airflow/example_dags/example_dag_decorator.py
[2026-05-09T17:53:46.226+0100] {processor.py:840} INFO - DAG(s) 'example_dag_decorator' retrieved from /home/najma/airflow-venv/lib/python3.12/site-packages/airflow/example_dags/example_dag_decorator.py
[2026-05-09T17:53:46.473+0100] {logging_mixin.py:188} INFO - [2026-05-09T17:53:46.473+0100] {dag.py:3096} INFO - Sync 1 DAGs
[2026-05-09T17:53:46.498+0100] {logging_mixin.py:188} INFO - [2026-05-09T17:53:46.497+0100] {dag.py:3954} INFO - Setting next_dagrun for example_dag_decorator to None, run_after=None
[2026-05-09T17:53:46.673+0100] {processor.py:183} INFO - Processing /home/najma/airflow-venv/lib/python3.12/site-packages/airflow/example_dags/example_dag_decorator.py took 0.564 seconds
[2026-05-09T17:54:35.256+0100] {processor.py:161} INFO - Started process (PID=25479) to work on /home/najma/airflow-venv/lib/python3.12/site-packages/airflow/example_dags/example_dag_decorator.py
[2026-05-09T17:54:35.258+0100] {processor.py:830} INFO - Processing file /home/najma/airflow-venv/lib/python3.12/site-packages/airflow/example_dags/example_dag_decorator.py for tasks to queue
[2026-05-09T17:54:35.260+0100] {logging_mixin.py:188} INFO - [2026-05-09T17:54:35.260+0100] {dagbag.py:540} INFO - Filling up the DagBag from /home/najma/airflow-venv/lib/python3.12/site-packages/airflow/example_dags/example_dag_decorator.py
[2026-05-09T17:54:35.427+0100] {processor.py:840} INFO - DAG(s) 'example_dag_decorator' retrieved from /home/najma/airflow-venv/lib/python3.12/site-packages/airflow/example_dags/example_dag_decorator.py
[2026-05-09T17:54:35.633+0100] {logging_mixin.py:188} INFO - [2026-05-09T17:54:35.632+0100] {dag.py:3096} INFO - Sync 1 DAGs
[2026-05-09T17:54:35.643+0100] {logging_mixin.py:188} INFO - [2026-05-09T17:54:35.643+0100] {dag.py:3954} INFO - Setting next_dagrun for example_dag_decorator to None, run_after=None
[2026-05-09T17:54:35.740+0100] {processor.py:183} INFO - Processing /home/najma/airflow-venv/lib/python3.12/site-packages/airflow/example_dags/example_dag_decorator.py took 0.488 seconds
[2026-05-09T17:55:19.090+0100] {processor.py:161} INFO - Started process (PID=25547) to work on /home/najma/airflow-venv/lib/python3.12/site-packages/airflow/example_dags/example_dag_decorator.py
[2026-05-09T17:55:19.091+0100] {processor.py:830} INFO - Processing file /home/najma/airflow-venv/lib/python3.12/site-packages/airflow/example_dags/example_dag_decorator.py for tasks to queue
[2026-05-09T17:55:19.093+0100] {logging_mixin.py:188} INFO - [2026-05-09T17:55:19.092+0100] {dagbag.py:540} INFO - Filling up the DagBag from /home/najma/airflow-venv/lib/python3.12/site-packages/airflow/example_dags/example_dag_decorator.py
[2026-05-09T17:55:19.189+0100] {processor.py:840} INFO - DAG(s) 'example_dag_decorator' retrieved from /home/najma/airflow-venv/lib/python3.12/site-packages/airflow/example_dags/example_dag_decorator.py
[2026-05-09T17:55:19.355+0100] {logging_mixin.py:188} INFO - [2026-05-09T17:55:19.355+0100] {dag.py:3096} INFO - Sync 1 DAGs
[2026-05-09T17:55:19.372+0100] {logging_mixin.py:188} INFO - [2026-05-09T17:55:19.371+0100] {dag.py:3954} INFO - Setting next_dagrun for example_dag_decorator to None, run_after=None
[2026-05-09T17:55:19.463+0100] {processor.py:183} INFO - Processing /home/najma/airflow-venv/lib/python3.12/site-packages/airflow/example_dags/example_dag_decorator.py took 0.377 seconds
[2026-05-09T17:56:01.732+0100] {processor.py:161} INFO - Started process (PID=25611) to work on /home/najma/airflow-venv/lib/python3.12/site-packages/airflow/example_dags/example_dag_decorator.py
[2026-05-09T17:56:01.735+0100] {processor.py:830} INFO - Processing file /home/najma/airflow-venv/lib/python3.12/site-packages/airflow/example_dags/example_dag_decorator.py for tasks to queue
[2026-05-09T17:56:01.744+0100] {logging_mixin.py:188} INFO - [2026-05-09T17:56:01.737+0100] {dagbag.py:540} INFO - Filling up the DagBag from /home/najma/airflow-venv/lib/python3.12/site-packages/airflow/example_dags/example_dag_decorator.py
[2026-05-09T17:56:01.868+0100] {processor.py:840} INFO - DAG(s) 'example_dag_decorator' retrieved from /home/najma/airflow-venv/lib/python3.12/site-packages/airflow/example_dags/example_dag_decorator.py
[2026-05-09T17:56:01.993+0100] {logging_mixin.py:188} INFO - [2026-05-09T17:56:01.992+0100] {dag.py:3096} INFO - Sync 1 DAGs
[2026-05-09T17:56:02.004+0100] {logging_mixin.py:188} INFO - [2026-05-09T17:56:02.003+0100] {dag.py:3954} INFO - Setting next_dagrun for example_dag_decorator to None, run_after=None
[2026-05-09T17:56:02.091+0100] {processor.py:183} INFO - Processing /home/najma/airflow-venv/lib/python3.12/site-packages/airflow/example_dags/example_dag_decorator.py took 0.364 seconds
[2026-05-09T17:56:37.219+0100] {processor.py:161} INFO - Started process (PID=25671) to work on /home/najma/airflow-venv/lib/python3.12/site-packages/airflow/example_dags/example_dag_decorator.py
[2026-05-09T17:56:37.220+0100] {processor.py:830} INFO - Processing file /home/najma/airflow-venv/lib/python3.12/site-packages/airflow/example_dags/example_dag_decorator.py for tasks to queue
[2026-05-09T17:56:37.222+0100] {logging_mixin.py:188} INFO - [2026-05-09T17:56:37.222+0100] {dagbag.py:540} INFO - Filling up the DagBag from /home/najma/airflow-venv/lib/python3.12/site-packages/airflow/example_dags/example_dag_decorator.py
[2026-05-09T17:56:37.309+0100] {processor.py:840} INFO - DAG(s) 'example_dag_decorator' retrieved from /home/najma/airflow-venv/lib/python3.12/site-packages/airflow/example_dags/example_dag_decorator.py
[2026-05-09T17:56:37.514+0100] {logging_mixin.py:188} INFO - [2026-05-09T17:56:37.514+0100] {dag.py:3096} INFO - Sync 1 DAGs
[2026-05-09T17:56:37.589+0100] {logging_mixin.py:188} INFO - [2026-05-09T17:56:37.588+0100] {dag.py:3954} INFO - Setting next_dagrun for example_dag_decorator to None, run_after=None
[2026-05-09T17:56:37.717+0100] {processor.py:183} INFO - Processing /home/najma/airflow-venv/lib/python3.12/site-packages/airflow/example_dags/example_dag_decorator.py took 0.503 seconds
[2026-05-09T17:57:16.020+0100] {processor.py:161} INFO - Started process (PID=25736) to work on /home/najma/airflow-venv/lib/python3.12/site-packages/airflow/example_dags/example_dag_decorator.py
[2026-05-09T17:57:16.022+0100] {processor.py:830} INFO - Processing file /home/najma/airflow-venv/lib/python3.12/site-packages/airflow/example_dags/example_dag_decorator.py for tasks to queue
[2026-05-09T17:57:16.025+0100] {logging_mixin.py:188} INFO - [2026-05-09T17:57:16.024+0100] {dagbag.py:540} INFO - Filling up the DagBag from /home/najma/airflow-venv/lib/python3.12/site-packages/airflow/example_dags/example_dag_decorator.py
[2026-05-09T17:57:16.265+0100] {processor.py:840} INFO - DAG(s) 'example_dag_decorator' retrieved from /home/najma/airflow-venv/lib/python3.12/site-packages/airflow/example_dags/example_dag_decorator.py
[2026-05-09T17:57:16.663+0100] {logging_mixin.py:188} INFO - [2026-05-09T17:57:16.662+0100] {dag.py:3096} INFO - Sync 1 DAGs
[2026-05-09T17:57:16.694+0100] {logging_mixin.py:188} INFO - [2026-05-09T17:57:16.693+0100] {dag.py:3954} INFO - Setting next_dagrun for example_dag_decorator to None, run_after=None
[2026-05-09T17:57:16.872+0100] {processor.py:183} INFO - Processing /home/najma/airflow-venv/lib/python3.12/site-packages/airflow/example_dags/example_dag_decorator.py took 0.863 seconds
[2026-05-09T17:57:55.745+0100] {processor.py:161} INFO - Started process (PID=25795) to work on /home/najma/airflow-venv/lib/python3.12/site-packages/airflow/example_dags/example_dag_decorator.py
[2026-05-09T17:57:55.746+0100] {processor.py:830} INFO - Processing file /home/najma/airflow-venv/lib/python3.12/site-packages/airflow/example_dags/example_dag_decorator.py for tasks to queue
[2026-05-09T17:57:55.747+0100] {logging_mixin.py:188} INFO - [2026-05-09T17:57:55.747+0100] {dagbag.py:540} INFO - Filling up the DagBag from /home/najma/airflow-venv/lib/python3.12/site-packages/airflow/example_dags/example_dag_decorator.py
[2026-05-09T17:57:55.835+0100] {processor.py:840} INFO - DAG(s) 'example_dag_decorator' retrieved from /home/najma/airflow-venv/lib/python3.12/site-packages/airflow/example_dags/example_dag_decorator.py
[2026-05-09T17:57:55.952+0100] {logging_mixin.py:188} INFO - [2026-05-09T17:57:55.951+0100] {dag.py:3096} INFO - Sync 1 DAGs
[2026-05-09T17:57:55.963+0100] {logging_mixin.py:188} INFO - [2026-05-09T17:57:55.963+0100] {dag.py:3954} INFO - Setting next_dagrun for example_dag_decorator to None, run_after=None
[2026-05-09T17:57:56.065+0100] {processor.py:183} INFO - Processing /home/najma/airflow-venv/lib/python3.12/site-packages/airflow/example_dags/example_dag_decorator.py took 0.325 seconds
[2026-05-09T17:58:37.082+0100] {processor.py:161} INFO - Started process (PID=25862) to work on /home/najma/airflow-venv/lib/python3.12/site-packages/airflow/example_dags/example_dag_decorator.py
[2026-05-09T17:58:37.084+0100] {processor.py:830} INFO - Processing file /home/najma/airflow-venv/lib/python3.12/site-packages/airflow/example_dags/example_dag_decorator.py for tasks to queue
[2026-05-09T17:58:37.086+0100] {logging_mixin.py:188} INFO - [2026-05-09T17:58:37.086+0100] {dagbag.py:540} INFO - Filling up the DagBag from /home/najma/airflow-venv/lib/python3.12/site-packages/airflow/example_dags/example_dag_decorator.py
[2026-05-09T17:58:37.212+0100] {processor.py:840} INFO - DAG(s) 'example_dag_decorator' retrieved from /home/najma/airflow-venv/lib/python3.12/site-packages/airflow/example_dags/example_dag_decorator.py
[2026-05-09T17:58:37.361+0100] {logging_mixin.py:188} INFO - [2026-05-09T17:58:37.360+0100] {dag.py:3096} INFO - Sync 1 DAGs
[2026-05-09T17:58:37.373+0100] {logging_mixin.py:188} INFO - [2026-05-09T17:58:37.373+0100] {dag.py:3954} INFO - Setting next_dagrun for example_dag_decorator to None, run_after=None
[2026-05-09T17:58:37.453+0100] {processor.py:183} INFO - Processing /home/najma/airflow-venv/lib/python3.12/site-packages/airflow/example_dags/example_dag_decorator.py took 0.375 seconds
[2026-05-09T17:59:09.838+0100] {processor.py:161} INFO - Started process (PID=25917) to work on /home/najma/airflow-venv/lib/python3.12/site-packages/airflow/example_dags/example_dag_decorator.py
[2026-05-09T17:59:09.840+0100] {processor.py:830} INFO - Processing file /home/najma/airflow-venv/lib/python3.12/site-packages/airflow/example_dags/example_dag_decorator.py for tasks to queue
[2026-05-09T17:59:09.841+0100] {logging_mixin.py:188} INFO - [2026-05-09T17:59:09.841+0100] {dagbag.py:540} INFO - Filling up the DagBag from /home/najma/airflow-venv/lib/python3.12/site-packages/airflow/example_dags/example_dag_decorator.py
[2026-05-09T17:59:09.934+0100] {processor.py:840} INFO - DAG(s) 'example_dag_decorator' retrieved from /home/najma/airflow-venv/lib/python3.12/site-packages/airflow/example_dags/example_dag_decorator.py
[2026-05-09T17:59:10.063+0100] {logging_mixin.py:188} INFO - [2026-05-09T17:59:10.063+0100] {dag.py:3096} INFO - Sync 1 DAGs
[2026-05-09T17:59:10.082+0100] {logging_mixin.py:188} INFO - [2026-05-09T17:59:10.081+0100] {dag.py:3954} INFO - Setting next_dagrun for example_dag_decorator to None, run_after=None
[2026-05-09T17:59:10.199+0100] {processor.py:183} INFO - Processing /home/najma/airflow-venv/lib/python3.12/site-packages/airflow/example_dags/example_dag_decorator.py took 0.365 seconds
[2026-05-09T17:59:47.368+0100] {processor.py:161} INFO - Started process (PID=25976) to work on /home/najma/airflow-venv/lib/python3.12/site-packages/airflow/example_dags/example_dag_decorator.py
[2026-05-09T17:59:47.370+0100] {processor.py:830} INFO - Processing file /home/najma/airflow-venv/lib/python3.12/site-packages/airflow/example_dags/example_dag_decorator.py for tasks to queue
[2026-05-09T17:59:47.372+0100] {logging_mixin.py:188} INFO - [2026-05-09T17:59:47.372+0100] {dagbag.py:540} INFO - Filling up the DagBag from /home/najma/airflow-venv/lib/python3.12/site-packages/airflow/example_dags/example_dag_decorator.py
[2026-05-09T17:59:47.474+0100] {processor.py:840} INFO - DAG(s) 'example_dag_decorator' retrieved from /home/najma/airflow-venv/lib/python3.12/site-packages/airflow/example_dags/example_dag_decorator.py
[2026-05-09T17:59:47.620+0100] {logging_mixin.py:188} INFO - [2026-05-09T17:59:47.620+0100] {dag.py:3096} INFO - Sync 1 DAGs
[2026-05-09T17:59:47.633+0100] {logging_mixin.py:188} INFO - [2026-05-09T17:59:47.633+0100] {dag.py:3954} INFO - Setting next_dagrun for example_dag_decorator to None, run_after=None
[2026-05-09T17:59:47.723+0100] {processor.py:183} INFO - Processing /home/najma/airflow-venv/lib/python3.12/site-packages/airflow/example_dags/example_dag_decorator.py took 0.360 seconds
[2026-05-09T18:00:23.643+0100] {processor.py:161} INFO - Started process (PID=26040) to work on /home/najma/airflow-venv/lib/python3.12/site-packages/airflow/example_dags/example_dag_decorator.py
[2026-05-09T18:00:23.644+0100] {processor.py:830} INFO - Processing file /home/najma/airflow-venv/lib/python3.12/site-packages/airflow/example_dags/example_dag_decorator.py for tasks to queue
[2026-05-09T18:00:23.645+0100] {logging_mixin.py:188} INFO - [2026-05-09T18:00:23.645+0100] {dagbag.py:540} INFO - Filling up the DagBag from /home/najma/airflow-venv/lib/python3.12/site-packages/airflow/example_dags/example_dag_decorator.py
[2026-05-09T18:00:23.783+0100] {processor.py:840} INFO - DAG(s) 'example_dag_decorator' retrieved from /home/najma/airflow-venv/lib/python3.12/site-packages/airflow/example_dags/example_dag_decorator.py
[2026-05-09T18:00:23.978+0100] {logging_mixin.py:188} INFO - [2026-05-09T18:00:23.978+0100] {dag.py:3096} INFO - Sync 1 DAGs
[2026-05-09T18:00:24.004+0100] {logging_mixin.py:188} INFO - [2026-05-09T18:00:24.004+0100] {dag.py:3954} INFO - Setting next_dagrun for example_dag_decorator to None, run_after=None
[2026-05-09T18:00:24.102+0100] {processor.py:183} INFO - Processing /home/najma/airflow-venv/lib/python3.12/site-packages/airflow/example_dags/example_dag_decorator.py took 0.464 seconds
[2026-05-09T18:00:54.942+0100] {processor.py:161} INFO - Started process (PID=26090) to work on /home/najma/airflow-venv/lib/python3.12/site-packages/airflow/example_dags/example_dag_decorator.py
[2026-05-09T18:00:54.943+0100] {processor.py:830} INFO - Processing file /home/najma/airflow-venv/lib/python3.12/site-packages/airflow/example_dags/example_dag_decorator.py for tasks to queue
[2026-05-09T18:00:54.945+0100] {logging_mixin.py:188} INFO - [2026-05-09T18:00:54.944+0100] {dagbag.py:540} INFO - Filling up the DagBag from /home/najma/airflow-venv/lib/python3.12/site-packages/airflow/example_dags/example_dag_decorator.py
[2026-05-09T18:00:55.026+0100] {processor.py:840} INFO - DAG(s) 'example_dag_decorator' retrieved from /home/najma/airflow-venv/lib/python3.12/site-packages/airflow/example_dags/example_dag_decorator.py
[2026-05-09T18:00:55.143+0100] {logging_mixin.py:188} INFO - [2026-05-09T18:00:55.142+0100] {dag.py:3096} INFO - Sync 1 DAGs
[2026-05-09T18:00:55.155+0100] {logging_mixin.py:188} INFO - [2026-05-09T18:00:55.155+0100] {dag.py:3954} INFO - Setting next_dagrun for example_dag_decorator to None, run_after=None
[2026-05-09T18:00:55.241+0100] {processor.py:183} INFO - Processing /home/najma/airflow-venv/lib/python3.12/site-packages/airflow/example_dags/example_dag_decorator.py took 0.303 seconds
[2026-05-09T18:01:51.150+0100] {processor.py:161} INFO - Started process (PID=26168) to work on /home/najma/airflow-venv/lib/python3.12/site-packages/airflow/example_dags/example_dag_decorator.py
[2026-05-09T18:01:51.153+0100] {processor.py:830} INFO - Processing file /home/najma/airflow-venv/lib/python3.12/site-packages/airflow/example_dags/example_dag_decorator.py for tasks to queue
[2026-05-09T18:01:51.155+0100] {logging_mixin.py:188} INFO - [2026-05-09T18:01:51.155+0100] {dagbag.py:540} INFO - Filling up the DagBag from /home/najma/airflow-venv/lib/python3.12/site-packages/airflow/example_dags/example_dag_decorator.py
[2026-05-09T18:01:51.295+0100] {processor.py:840} INFO - DAG(s) 'example_dag_decorator' retrieved from /home/najma/airflow-venv/lib/python3.12/site-packages/airflow/example_dags/example_dag_decorator.py
[2026-05-09T18:01:51.581+0100] {logging_mixin.py:188} INFO - [2026-05-09T18:01:51.581+0100] {dag.py:3096} INFO - Sync 1 DAGs
[2026-05-09T18:01:51.600+0100] {logging_mixin.py:188} INFO - [2026-05-09T18:01:51.599+0100] {dag.py:3954} INFO - Setting next_dagrun for example_dag_decorator to None, run_after=None
[2026-05-09T18:01:51.744+0100] {processor.py:183} INFO - Processing /home/najma/airflow-venv/lib/python3.12/site-packages/airflow/example_dags/example_dag_decorator.py took 0.599 seconds
[2026-05-09T18:02:33.049+0100] {processor.py:161} INFO - Started process (PID=26227) to work on /home/najma/airflow-venv/lib/python3.12/site-packages/airflow/example_dags/example_dag_decorator.py
[2026-05-09T18:02:33.050+0100] {processor.py:830} INFO - Processing file /home/najma/airflow-venv/lib/python3.12/site-packages/airflow/example_dags/example_dag_decorator.py for tasks to queue
[2026-05-09T18:02:33.052+0100] {logging_mixin.py:188} INFO - [2026-05-09T18:02:33.052+0100] {dagbag.py:540} INFO - Filling up the DagBag from /home/najma/airflow-venv/lib/python3.12/site-packages/airflow/example_dags/example_dag_decorator.py
[2026-05-09T18:02:33.138+0100] {processor.py:840} INFO - DAG(s) 'example_dag_decorator' retrieved from /home/najma/airflow-venv/lib/python3.12/site-packages/airflow/example_dags/example_dag_decorator.py
[2026-05-09T18:02:33.274+0100] {logging_mixin.py:188} INFO - [2026-05-09T18:02:33.274+0100] {dag.py:3096} INFO - Sync 1 DAGs
[2026-05-09T18:02:33.292+0100] {logging_mixin.py:188} INFO - [2026-05-09T18:02:33.292+0100] {dag.py:3954} INFO - Setting next_dagrun for example_dag_decorator to None, run_after=None
[2026-05-09T18:02:33.401+0100] {processor.py:183} INFO - Processing /home/najma/airflow-venv/lib/python3.12/site-packages/airflow/example_dags/example_dag_decorator.py took 0.357 seconds
[2026-05-09T18:10:00.626+0100] {processor.py:161} INFO - Started process (PID=26798) to work on /home/najma/airflow-venv/lib/python3.12/site-packages/airflow/example_dags/example_dag_decorator.py
[2026-05-09T18:10:00.629+0100] {processor.py:830} INFO - Processing file /home/najma/airflow-venv/lib/python3.12/site-packages/airflow/example_dags/example_dag_decorator.py for tasks to queue
[2026-05-09T18:10:00.631+0100] {logging_mixin.py:188} INFO - [2026-05-09T18:10:00.631+0100] {dagbag.py:540} INFO - Filling up the DagBag from /home/najma/airflow-venv/lib/python3.12/site-packages/airflow/example_dags/example_dag_decorator.py
[2026-05-09T18:10:00.795+0100] {processor.py:840} INFO - DAG(s) 'example_dag_decorator' retrieved from /home/najma/airflow-venv/lib/python3.12/site-packages/airflow/example_dags/example_dag_decorator.py
[2026-05-09T18:10:01.090+0100] {logging_mixin.py:188} INFO - [2026-05-09T18:10:01.090+0100] {dag.py:3096} INFO - Sync 1 DAGs
[2026-05-09T18:10:01.105+0100] {logging_mixin.py:188} INFO - [2026-05-09T18:10:01.105+0100] {dag.py:3954} INFO - Setting next_dagrun for example_dag_decorator to None, run_after=None
[2026-05-09T18:10:01.237+0100] {processor.py:183} INFO - Processing /home/najma/airflow-venv/lib/python3.12/site-packages/airflow/example_dags/example_dag_decorator.py took 0.617 seconds
[2026-05-09T18:10:08.778+0100] {processor.py:161} INFO - Started process (PID=26805) to work on /home/najma/airflow-venv/lib/python3.12/site-packages/airflow/example_dags/example_dag_decorator.py
[2026-05-09T18:10:08.785+0100] {processor.py:830} INFO - Processing file /home/najma/airflow-venv/lib/python3.12/site-packages/airflow/example_dags/example_dag_decorator.py for tasks to queue
[2026-05-09T18:10:08.788+0100] {logging_mixin.py:188} INFO - [2026-05-09T18:10:08.788+0100] {dagbag.py:540} INFO - Filling up the DagBag from /home/najma/airflow-venv/lib/python3.12/site-packages/airflow/example_dags/example_dag_decorator.py
[2026-05-09T18:10:09.112+0100] {processor.py:840} INFO - DAG(s) 'example_dag_decorator' retrieved from /home/najma/airflow-venv/lib/python3.12/site-packages/airflow/example_dags/example_dag_decorator.py
[2026-05-09T18:10:09.266+0100] {logging_mixin.py:188} INFO - [2026-05-09T18:10:09.266+0100] {dag.py:3096} INFO - Sync 1 DAGs
[2026-05-09T18:10:09.303+0100] {logging_mixin.py:188} INFO - [2026-05-09T18:10:09.302+0100] {dag.py:3954} INFO - Setting next_dagrun for example_dag_decorator to None, run_after=None
[2026-05-09T18:10:09.460+0100] {processor.py:183} INFO - Processing /home/najma/airflow-venv/lib/python3.12/site-packages/airflow/example_dags/example_dag_decorator.py took 0.688 seconds
[2026-05-09T18:11:58.734+0100] {processor.py:161} INFO - Started process (PID=26952) to work on /home/najma/airflow-venv/lib/python3.12/site-packages/airflow/example_dags/example_dag_decorator.py
[2026-05-09T18:11:58.737+0100] {processor.py:830} INFO - Processing file /home/najma/airflow-venv/lib/python3.12/site-packages/airflow/example_dags/example_dag_decorator.py for tasks to queue
[2026-05-09T18:11:58.740+0100] {logging_mixin.py:188} INFO - [2026-05-09T18:11:58.740+0100] {dagbag.py:540} INFO - Filling up the DagBag from /home/najma/airflow-venv/lib/python3.12/site-packages/airflow/example_dags/example_dag_decorator.py
[2026-05-09T18:11:58.890+0100] {processor.py:840} INFO - DAG(s) 'example_dag_decorator' retrieved from /home/najma/airflow-venv/lib/python3.12/site-packages/airflow/example_dags/example_dag_decorator.py
[2026-05-09T18:11:59.141+0100] {logging_mixin.py:188} INFO - [2026-05-09T18:11:59.140+0100] {dag.py:3096} INFO - Sync 1 DAGs
[2026-05-09T18:11:59.168+0100] {logging_mixin.py:188} INFO - [2026-05-09T18:11:59.167+0100] {dag.py:3954} INFO - Setting next_dagrun for example_dag_decorator to None, run_after=None
[2026-05-09T18:11:59.341+0100] {processor.py:183} INFO - Processing /home/najma/airflow-venv/lib/python3.12/site-packages/airflow/example_dags/example_dag_decorator.py took 0.614 seconds
[2026-05-09T18:12:02.452+0100] {processor.py:161} INFO - Started process (PID=26957) to work on /home/najma/airflow-venv/lib/python3.12/site-packages/airflow/example_dags/example_dag_decorator.py
[2026-05-09T18:12:02.453+0100] {processor.py:830} INFO - Processing file /home/najma/airflow-venv/lib/python3.12/site-packages/airflow/example_dags/example_dag_decorator.py for tasks to queue
[2026-05-09T18:12:02.455+0100] {logging_mixin.py:188} INFO - [2026-05-09T18:12:02.455+0100] {dagbag.py:540} INFO - Filling up the DagBag from /home/najma/airflow-venv/lib/python3.12/site-packages/airflow/example_dags/example_dag_decorator.py
[2026-05-09T18:12:02.696+0100] {processor.py:840} INFO - DAG(s) 'example_dag_decorator' retrieved from /home/najma/airflow-venv/lib/python3.12/site-packages/airflow/example_dags/example_dag_decorator.py
[2026-05-09T18:12:02.729+0100] {logging_mixin.py:188} INFO - [2026-05-09T18:12:02.728+0100] {dag.py:3096} INFO - Sync 1 DAGs
[2026-05-09T18:12:02.756+0100] {logging_mixin.py:188} INFO - [2026-05-09T18:12:02.756+0100] {dag.py:3954} INFO - Setting next_dagrun for example_dag_decorator to None, run_after=None
[2026-05-09T18:12:03.830+0100] {processor.py:183} INFO - Processing /home/najma/airflow-venv/lib/python3.12/site-packages/airflow/example_dags/example_dag_decorator.py took 1.384 seconds
[2026-05-09T18:13:56.633+0100] {processor.py:161} INFO - Started process (PID=27098) to work on /home/najma/airflow-venv/lib/python3.12/site-packages/airflow/example_dags/example_dag_decorator.py
[2026-05-09T18:13:56.636+0100] {processor.py:830} INFO - Processing file /home/najma/airflow-venv/lib/python3.12/site-packages/airflow/example_dags/example_dag_decorator.py for tasks to queue
[2026-05-09T18:13:56.639+0100] {logging_mixin.py:188} INFO - [2026-05-09T18:13:56.639+0100] {dagbag.py:540} INFO - Filling up the DagBag from /home/najma/airflow-venv/lib/python3.12/site-packages/airflow/example_dags/example_dag_decorator.py
[2026-05-09T18:13:56.788+0100] {processor.py:840} INFO - DAG(s) 'example_dag_decorator' retrieved from /home/najma/airflow-venv/lib/python3.12/site-packages/airflow/example_dags/example_dag_decorator.py
[2026-05-09T18:13:56.969+0100] {logging_mixin.py:188} INFO - [2026-05-09T18:13:56.968+0100] {dag.py:3096} INFO - Sync 1 DAGs
[2026-05-09T18:13:56.999+0100] {logging_mixin.py:188} INFO - [2026-05-09T18:13:56.998+0100] {dag.py:3954} INFO - Setting next_dagrun for example_dag_decorator to None, run_after=None
[2026-05-09T18:13:57.137+0100] {processor.py:183} INFO - Processing /home/najma/airflow-venv/lib/python3.12/site-packages/airflow/example_dags/example_dag_decorator.py took 0.510 seconds
[2026-05-09T18:14:09.516+0100] {processor.py:161} INFO - Started process (PID=27112) to work on /home/najma/airflow-venv/lib/python3.12/site-packages/airflow/example_dags/example_dag_decorator.py
[2026-05-09T18:14:09.518+0100] {processor.py:830} INFO - Processing file /home/najma/airflow-venv/lib/python3.12/site-packages/airflow/example_dags/example_dag_decorator.py for tasks to queue
[2026-05-09T18:14:09.520+0100] {logging_mixin.py:188} INFO - [2026-05-09T18:14:09.520+0100] {dagbag.py:540} INFO - Filling up the DagBag from /home/najma/airflow-venv/lib/python3.12/site-packages/airflow/example_dags/example_dag_decorator.py
[2026-05-09T18:14:09.705+0100] {processor.py:840} INFO - DAG(s) 'example_dag_decorator' retrieved from /home/najma/airflow-venv/lib/python3.12/site-packages/airflow/example_dags/example_dag_decorator.py
[2026-05-09T18:14:09.817+0100] {logging_mixin.py:188} INFO - [2026-05-09T18:14:09.816+0100] {dag.py:3096} INFO - Sync 1 DAGs
[2026-05-09T18:14:09.846+0100] {logging_mixin.py:188} INFO - [2026-05-09T18:14:09.846+0100] {dag.py:3954} INFO - Setting next_dagrun for example_dag_decorator to None, run_after=None
[2026-05-09T18:14:09.968+0100] {processor.py:183} INFO - Processing /home/najma/airflow-venv/lib/python3.12/site-packages/airflow/example_dags/example_dag_decorator.py took 0.459 seconds
