[2026-05-09T16:16:29.427+0100] {processor.py:161} INFO - Started process (PID=21424) to work on /home/najma/airflow-venv/lib/python3.12/site-packages/airflow/example_dags/tutorial_dag.py
[2026-05-09T16:16:29.431+0100] {processor.py:830} INFO - Processing file /home/najma/airflow-venv/lib/python3.12/site-packages/airflow/example_dags/tutorial_dag.py for tasks to queue
[2026-05-09T16:16:29.433+0100] {logging_mixin.py:188} INFO - [2026-05-09T16:16:29.433+0100] {dagbag.py:540} INFO - Filling up the DagBag from /home/najma/airflow-venv/lib/python3.12/site-packages/airflow/example_dags/tutorial_dag.py
[2026-05-09T16:16:29.438+0100] {processor.py:840} INFO - DAG(s) 'tutorial_dag' retrieved from /home/najma/airflow-venv/lib/python3.12/site-packages/airflow/example_dags/tutorial_dag.py
[2026-05-09T16:16:29.549+0100] {logging_mixin.py:188} INFO - [2026-05-09T16:16:29.548+0100] {dag.py:3096} INFO - Sync 1 DAGs
[2026-05-09T16:16:29.559+0100] {logging_mixin.py:188} INFO - [2026-05-09T16:16:29.559+0100] {dag.py:3954} INFO - Setting next_dagrun for tutorial_dag to None, run_after=None
[2026-05-09T16:16:29.634+0100] {processor.py:183} INFO - Processing /home/najma/airflow-venv/lib/python3.12/site-packages/airflow/example_dags/tutorial_dag.py took 0.212 seconds
[2026-05-09T16:18:06.811+0100] {processor.py:161} INFO - Started process (PID=21554) to work on /home/najma/airflow-venv/lib/python3.12/site-packages/airflow/example_dags/tutorial_dag.py
[2026-05-09T16:18:06.835+0100] {processor.py:830} INFO - Processing file /home/najma/airflow-venv/lib/python3.12/site-packages/airflow/example_dags/tutorial_dag.py for tasks to queue
[2026-05-09T16:18:06.837+0100] {logging_mixin.py:188} INFO - [2026-05-09T16:18:06.837+0100] {dagbag.py:540} INFO - Filling up the DagBag from /home/najma/airflow-venv/lib/python3.12/site-packages/airflow/example_dags/tutorial_dag.py
[2026-05-09T16:18:06.842+0100] {processor.py:840} INFO - DAG(s) 'tutorial_dag' retrieved from /home/najma/airflow-venv/lib/python3.12/site-packages/airflow/example_dags/tutorial_dag.py
[2026-05-09T16:18:06.930+0100] {logging_mixin.py:188} INFO - [2026-05-09T16:18:06.929+0100] {dag.py:3096} INFO - Sync 1 DAGs
[2026-05-09T16:18:06.953+0100] {logging_mixin.py:188} INFO - [2026-05-09T16:18:06.952+0100] {dag.py:3954} INFO - Setting next_dagrun for tutorial_dag to None, run_after=None
[2026-05-09T16:18:07.796+0100] {processor.py:183} INFO - Processing /home/najma/airflow-venv/lib/python3.12/site-packages/airflow/example_dags/tutorial_dag.py took 0.989 seconds
[2026-05-09T16:19:32.451+0100] {processor.py:161} INFO - Started process (PID=21628) to work on /home/najma/airflow-venv/lib/python3.12/site-packages/airflow/example_dags/tutorial_dag.py
[2026-05-09T16:19:32.453+0100] {processor.py:830} INFO - Processing file /home/najma/airflow-venv/lib/python3.12/site-packages/airflow/example_dags/tutorial_dag.py for tasks to queue
[2026-05-09T16:19:32.457+0100] {logging_mixin.py:188} INFO - [2026-05-09T16:19:32.457+0100] {dagbag.py:540} INFO - Filling up the DagBag from /home/najma/airflow-venv/lib/python3.12/site-packages/airflow/example_dags/tutorial_dag.py
[2026-05-09T16:19:32.467+0100] {processor.py:840} INFO - DAG(s) 'tutorial_dag' retrieved from /home/najma/airflow-venv/lib/python3.12/site-packages/airflow/example_dags/tutorial_dag.py
[2026-05-09T16:19:32.512+0100] {logging_mixin.py:188} INFO - [2026-05-09T16:19:32.512+0100] {dag.py:3096} INFO - Sync 1 DAGs
[2026-05-09T16:19:32.527+0100] {logging_mixin.py:188} INFO - [2026-05-09T16:19:32.527+0100] {dag.py:3954} INFO - Setting next_dagrun for tutorial_dag to None, run_after=None
[2026-05-09T16:19:32.628+0100] {processor.py:183} INFO - Processing /home/najma/airflow-venv/lib/python3.12/site-packages/airflow/example_dags/tutorial_dag.py took 0.185 seconds
[2026-05-09T16:20:51.926+0100] {processor.py:161} INFO - Started process (PID=21703) to work on /home/najma/airflow-venv/lib/python3.12/site-packages/airflow/example_dags/tutorial_dag.py
[2026-05-09T16:20:51.928+0100] {processor.py:830} INFO - Processing file /home/najma/airflow-venv/lib/python3.12/site-packages/airflow/example_dags/tutorial_dag.py for tasks to queue
[2026-05-09T16:20:51.930+0100] {logging_mixin.py:188} INFO - [2026-05-09T16:20:51.930+0100] {dagbag.py:540} INFO - Filling up the DagBag from /home/najma/airflow-venv/lib/python3.12/site-packages/airflow/example_dags/tutorial_dag.py
[2026-05-09T16:20:51.936+0100] {processor.py:840} INFO - DAG(s) 'tutorial_dag' retrieved from /home/najma/airflow-venv/lib/python3.12/site-packages/airflow/example_dags/tutorial_dag.py
[2026-05-09T16:20:51.965+0100] {logging_mixin.py:188} INFO - [2026-05-09T16:20:51.965+0100] {dag.py:3096} INFO - Sync 1 DAGs
[2026-05-09T16:20:51.978+0100] {logging_mixin.py:188} INFO - [2026-05-09T16:20:51.978+0100] {dag.py:3954} INFO - Setting next_dagrun for tutorial_dag to None, run_after=None
[2026-05-09T16:20:52.076+0100] {processor.py:183} INFO - Processing /home/najma/airflow-venv/lib/python3.12/site-packages/airflow/example_dags/tutorial_dag.py took 0.154 seconds
[2026-05-09T16:22:16.348+0100] {processor.py:161} INFO - Started process (PID=21776) to work on /home/najma/airflow-venv/lib/python3.12/site-packages/airflow/example_dags/tutorial_dag.py
[2026-05-09T16:22:16.350+0100] {processor.py:830} INFO - Processing file /home/najma/airflow-venv/lib/python3.12/site-packages/airflow/example_dags/tutorial_dag.py for tasks to queue
[2026-05-09T16:22:16.352+0100] {logging_mixin.py:188} INFO - [2026-05-09T16:22:16.351+0100] {dagbag.py:540} INFO - Filling up the DagBag from /home/najma/airflow-venv/lib/python3.12/site-packages/airflow/example_dags/tutorial_dag.py
[2026-05-09T16:22:16.356+0100] {processor.py:840} INFO - DAG(s) 'tutorial_dag' retrieved from /home/najma/airflow-venv/lib/python3.12/site-packages/airflow/example_dags/tutorial_dag.py
[2026-05-09T16:22:16.387+0100] {logging_mixin.py:188} INFO - [2026-05-09T16:22:16.387+0100] {dag.py:3096} INFO - Sync 1 DAGs
[2026-05-09T16:22:16.401+0100] {logging_mixin.py:188} INFO - [2026-05-09T16:22:16.401+0100] {dag.py:3954} INFO - Setting next_dagrun for tutorial_dag to None, run_after=None
[2026-05-09T16:22:16.498+0100] {processor.py:183} INFO - Processing /home/najma/airflow-venv/lib/python3.12/site-packages/airflow/example_dags/tutorial_dag.py took 0.155 seconds
[2026-05-09T16:23:37.234+0100] {processor.py:161} INFO - Started process (PID=21866) to work on /home/najma/airflow-venv/lib/python3.12/site-packages/airflow/example_dags/tutorial_dag.py
[2026-05-09T16:23:37.236+0100] {processor.py:830} INFO - Processing file /home/najma/airflow-venv/lib/python3.12/site-packages/airflow/example_dags/tutorial_dag.py for tasks to queue
[2026-05-09T16:23:37.238+0100] {logging_mixin.py:188} INFO - [2026-05-09T16:23:37.238+0100] {dagbag.py:540} INFO - Filling up the DagBag from /home/najma/airflow-venv/lib/python3.12/site-packages/airflow/example_dags/tutorial_dag.py
[2026-05-09T16:23:37.243+0100] {processor.py:840} INFO - DAG(s) 'tutorial_dag' retrieved from /home/najma/airflow-venv/lib/python3.12/site-packages/airflow/example_dags/tutorial_dag.py
[2026-05-09T16:23:37.276+0100] {logging_mixin.py:188} INFO - [2026-05-09T16:23:37.275+0100] {dag.py:3096} INFO - Sync 1 DAGs
[2026-05-09T16:23:37.291+0100] {logging_mixin.py:188} INFO - [2026-05-09T16:23:37.290+0100] {dag.py:3954} INFO - Setting next_dagrun for tutorial_dag to None, run_after=None
[2026-05-09T16:23:37.379+0100] {processor.py:183} INFO - Processing /home/najma/airflow-venv/lib/python3.12/site-packages/airflow/example_dags/tutorial_dag.py took 0.148 seconds
[2026-05-09T16:23:43.143+0100] {processor.py:161} INFO - Started process (PID=21880) to work on /home/najma/airflow-venv/lib/python3.12/site-packages/airflow/example_dags/tutorial_dag.py
[2026-05-09T16:23:43.145+0100] {processor.py:830} INFO - Processing file /home/najma/airflow-venv/lib/python3.12/site-packages/airflow/example_dags/tutorial_dag.py for tasks to queue
[2026-05-09T16:23:43.147+0100] {logging_mixin.py:188} INFO - [2026-05-09T16:23:43.147+0100] {dagbag.py:540} INFO - Filling up the DagBag from /home/najma/airflow-venv/lib/python3.12/site-packages/airflow/example_dags/tutorial_dag.py
[2026-05-09T16:23:43.153+0100] {processor.py:840} INFO - DAG(s) 'tutorial_dag' retrieved from /home/najma/airflow-venv/lib/python3.12/site-packages/airflow/example_dags/tutorial_dag.py
[2026-05-09T16:23:43.192+0100] {logging_mixin.py:188} INFO - [2026-05-09T16:23:43.191+0100] {dag.py:3096} INFO - Sync 1 DAGs
[2026-05-09T16:23:43.222+0100] {logging_mixin.py:188} INFO - [2026-05-09T16:23:43.222+0100] {dag.py:3954} INFO - Setting next_dagrun for tutorial_dag to None, run_after=None
[2026-05-09T16:23:43.327+0100] {processor.py:183} INFO - Processing /home/najma/airflow-venv/lib/python3.12/site-packages/airflow/example_dags/tutorial_dag.py took 0.188 seconds
[2026-05-09T16:24:40.747+0100] {processor.py:161} INFO - Started process (PID=21972) to work on /home/najma/airflow-venv/lib/python3.12/site-packages/airflow/example_dags/tutorial_dag.py
[2026-05-09T16:24:40.748+0100] {processor.py:830} INFO - Processing file /home/najma/airflow-venv/lib/python3.12/site-packages/airflow/example_dags/tutorial_dag.py for tasks to queue
[2026-05-09T16:24:40.750+0100] {logging_mixin.py:188} INFO - [2026-05-09T16:24:40.750+0100] {dagbag.py:540} INFO - Filling up the DagBag from /home/najma/airflow-venv/lib/python3.12/site-packages/airflow/example_dags/tutorial_dag.py
[2026-05-09T16:24:40.755+0100] {processor.py:840} INFO - DAG(s) 'tutorial_dag' retrieved from /home/najma/airflow-venv/lib/python3.12/site-packages/airflow/example_dags/tutorial_dag.py
[2026-05-09T16:24:40.783+0100] {logging_mixin.py:188} INFO - [2026-05-09T16:24:40.782+0100] {dag.py:3096} INFO - Sync 1 DAGs
[2026-05-09T16:24:40.813+0100] {logging_mixin.py:188} INFO - [2026-05-09T16:24:40.813+0100] {dag.py:3954} INFO - Setting next_dagrun for tutorial_dag to None, run_after=None
[2026-05-09T16:24:40.971+0100] {processor.py:183} INFO - Processing /home/najma/airflow-venv/lib/python3.12/site-packages/airflow/example_dags/tutorial_dag.py took 0.228 seconds
[2026-05-09T16:24:50.446+0100] {processor.py:161} INFO - Started process (PID=21987) to work on /home/najma/airflow-venv/lib/python3.12/site-packages/airflow/example_dags/tutorial_dag.py
[2026-05-09T16:24:50.447+0100] {processor.py:830} INFO - Processing file /home/najma/airflow-venv/lib/python3.12/site-packages/airflow/example_dags/tutorial_dag.py for tasks to queue
[2026-05-09T16:24:50.449+0100] {logging_mixin.py:188} INFO - [2026-05-09T16:24:50.448+0100] {dagbag.py:540} INFO - Filling up the DagBag from /home/najma/airflow-venv/lib/python3.12/site-packages/airflow/example_dags/tutorial_dag.py
[2026-05-09T16:24:50.453+0100] {processor.py:840} INFO - DAG(s) 'tutorial_dag' retrieved from /home/najma/airflow-venv/lib/python3.12/site-packages/airflow/example_dags/tutorial_dag.py
[2026-05-09T16:24:50.481+0100] {logging_mixin.py:188} INFO - [2026-05-09T16:24:50.480+0100] {dag.py:3096} INFO - Sync 1 DAGs
[2026-05-09T16:24:50.494+0100] {logging_mixin.py:188} INFO - [2026-05-09T16:24:50.494+0100] {dag.py:3954} INFO - Setting next_dagrun for tutorial_dag to None, run_after=None
[2026-05-09T16:24:50.582+0100] {processor.py:183} INFO - Processing /home/najma/airflow-venv/lib/python3.12/site-packages/airflow/example_dags/tutorial_dag.py took 0.140 seconds
[2026-05-09T16:25:57.931+0100] {processor.py:161} INFO - Started process (PID=22101) to work on /home/najma/airflow-venv/lib/python3.12/site-packages/airflow/example_dags/tutorial_dag.py
[2026-05-09T16:25:57.934+0100] {processor.py:830} INFO - Processing file /home/najma/airflow-venv/lib/python3.12/site-packages/airflow/example_dags/tutorial_dag.py for tasks to queue
[2026-05-09T16:25:57.937+0100] {logging_mixin.py:188} INFO - [2026-05-09T16:25:57.936+0100] {dagbag.py:540} INFO - Filling up the DagBag from /home/najma/airflow-venv/lib/python3.12/site-packages/airflow/example_dags/tutorial_dag.py
[2026-05-09T16:25:57.941+0100] {processor.py:840} INFO - DAG(s) 'tutorial_dag' retrieved from /home/najma/airflow-venv/lib/python3.12/site-packages/airflow/example_dags/tutorial_dag.py
[2026-05-09T16:25:57.979+0100] {logging_mixin.py:188} INFO - [2026-05-09T16:25:57.978+0100] {dag.py:3096} INFO - Sync 1 DAGs
[2026-05-09T16:25:58.013+0100] {logging_mixin.py:188} INFO - [2026-05-09T16:25:58.013+0100] {dag.py:3954} INFO - Setting next_dagrun for tutorial_dag to None, run_after=None
[2026-05-09T16:25:58.115+0100] {processor.py:183} INFO - Processing /home/najma/airflow-venv/lib/python3.12/site-packages/airflow/example_dags/tutorial_dag.py took 0.188 seconds
[2026-05-09T16:26:05.267+0100] {processor.py:161} INFO - Started process (PID=22112) to work on /home/najma/airflow-venv/lib/python3.12/site-packages/airflow/example_dags/tutorial_dag.py
[2026-05-09T16:26:05.268+0100] {processor.py:830} INFO - Processing file /home/najma/airflow-venv/lib/python3.12/site-packages/airflow/example_dags/tutorial_dag.py for tasks to queue
[2026-05-09T16:26:05.270+0100] {logging_mixin.py:188} INFO - [2026-05-09T16:26:05.269+0100] {dagbag.py:540} INFO - Filling up the DagBag from /home/najma/airflow-venv/lib/python3.12/site-packages/airflow/example_dags/tutorial_dag.py
[2026-05-09T16:26:05.275+0100] {processor.py:840} INFO - DAG(s) 'tutorial_dag' retrieved from /home/najma/airflow-venv/lib/python3.12/site-packages/airflow/example_dags/tutorial_dag.py
[2026-05-09T16:26:05.304+0100] {logging_mixin.py:188} INFO - [2026-05-09T16:26:05.304+0100] {dag.py:3096} INFO - Sync 1 DAGs
[2026-05-09T16:26:05.317+0100] {logging_mixin.py:188} INFO - [2026-05-09T16:26:05.317+0100] {dag.py:3954} INFO - Setting next_dagrun for tutorial_dag to None, run_after=None
[2026-05-09T16:26:05.400+0100] {processor.py:183} INFO - Processing /home/najma/airflow-venv/lib/python3.12/site-packages/airflow/example_dags/tutorial_dag.py took 0.138 seconds
[2026-05-09T16:27:23.444+0100] {processor.py:161} INFO - Started process (PID=22235) to work on /home/najma/airflow-venv/lib/python3.12/site-packages/airflow/example_dags/tutorial_dag.py
[2026-05-09T16:27:23.453+0100] {processor.py:830} INFO - Processing file /home/najma/airflow-venv/lib/python3.12/site-packages/airflow/example_dags/tutorial_dag.py for tasks to queue
[2026-05-09T16:27:23.455+0100] {logging_mixin.py:188} INFO - [2026-05-09T16:27:23.455+0100] {dagbag.py:540} INFO - Filling up the DagBag from /home/najma/airflow-venv/lib/python3.12/site-packages/airflow/example_dags/tutorial_dag.py
[2026-05-09T16:27:23.459+0100] {processor.py:840} INFO - DAG(s) 'tutorial_dag' retrieved from /home/najma/airflow-venv/lib/python3.12/site-packages/airflow/example_dags/tutorial_dag.py
[2026-05-09T16:27:23.495+0100] {logging_mixin.py:188} INFO - [2026-05-09T16:27:23.494+0100] {dag.py:3096} INFO - Sync 1 DAGs
[2026-05-09T16:27:23.518+0100] {logging_mixin.py:188} INFO - [2026-05-09T16:27:23.517+0100] {dag.py:3954} INFO - Setting next_dagrun for tutorial_dag to None, run_after=None
[2026-05-09T16:27:23.675+0100] {processor.py:183} INFO - Processing /home/najma/airflow-venv/lib/python3.12/site-packages/airflow/example_dags/tutorial_dag.py took 0.237 seconds
[2026-05-09T16:27:29.651+0100] {processor.py:161} INFO - Started process (PID=22246) to work on /home/najma/airflow-venv/lib/python3.12/site-packages/airflow/example_dags/tutorial_dag.py
[2026-05-09T16:27:29.653+0100] {processor.py:830} INFO - Processing file /home/najma/airflow-venv/lib/python3.12/site-packages/airflow/example_dags/tutorial_dag.py for tasks to queue
[2026-05-09T16:27:29.655+0100] {logging_mixin.py:188} INFO - [2026-05-09T16:27:29.654+0100] {dagbag.py:540} INFO - Filling up the DagBag from /home/najma/airflow-venv/lib/python3.12/site-packages/airflow/example_dags/tutorial_dag.py
[2026-05-09T16:27:29.662+0100] {processor.py:840} INFO - DAG(s) 'tutorial_dag' retrieved from /home/najma/airflow-venv/lib/python3.12/site-packages/airflow/example_dags/tutorial_dag.py
[2026-05-09T16:27:29.693+0100] {logging_mixin.py:188} INFO - [2026-05-09T16:27:29.693+0100] {dag.py:3096} INFO - Sync 1 DAGs
[2026-05-09T16:27:29.708+0100] {logging_mixin.py:188} INFO - [2026-05-09T16:27:29.707+0100] {dag.py:3954} INFO - Setting next_dagrun for tutorial_dag to None, run_after=None
[2026-05-09T16:27:29.814+0100] {processor.py:183} INFO - Processing /home/najma/airflow-venv/lib/python3.12/site-packages/airflow/example_dags/tutorial_dag.py took 0.167 seconds
[2026-05-09T16:28:43.725+0100] {processor.py:161} INFO - Started process (PID=22368) to work on /home/najma/airflow-venv/lib/python3.12/site-packages/airflow/example_dags/tutorial_dag.py
[2026-05-09T16:28:43.727+0100] {processor.py:830} INFO - Processing file /home/najma/airflow-venv/lib/python3.12/site-packages/airflow/example_dags/tutorial_dag.py for tasks to queue
[2026-05-09T16:28:43.730+0100] {logging_mixin.py:188} INFO - [2026-05-09T16:28:43.729+0100] {dagbag.py:540} INFO - Filling up the DagBag from /home/najma/airflow-venv/lib/python3.12/site-packages/airflow/example_dags/tutorial_dag.py
[2026-05-09T16:28:43.737+0100] {processor.py:840} INFO - DAG(s) 'tutorial_dag' retrieved from /home/najma/airflow-venv/lib/python3.12/site-packages/airflow/example_dags/tutorial_dag.py
[2026-05-09T16:28:43.767+0100] {logging_mixin.py:188} INFO - [2026-05-09T16:28:43.767+0100] {dag.py:3096} INFO - Sync 1 DAGs
[2026-05-09T16:28:43.782+0100] {logging_mixin.py:188} INFO - [2026-05-09T16:28:43.781+0100] {dag.py:3954} INFO - Setting next_dagrun for tutorial_dag to None, run_after=None
[2026-05-09T16:28:43.874+0100] {processor.py:183} INFO - Processing /home/najma/airflow-venv/lib/python3.12/site-packages/airflow/example_dags/tutorial_dag.py took 0.153 seconds
[2026-05-09T16:28:48.636+0100] {processor.py:161} INFO - Started process (PID=22376) to work on /home/najma/airflow-venv/lib/python3.12/site-packages/airflow/example_dags/tutorial_dag.py
[2026-05-09T16:28:48.637+0100] {processor.py:830} INFO - Processing file /home/najma/airflow-venv/lib/python3.12/site-packages/airflow/example_dags/tutorial_dag.py for tasks to queue
[2026-05-09T16:28:48.639+0100] {logging_mixin.py:188} INFO - [2026-05-09T16:28:48.638+0100] {dagbag.py:540} INFO - Filling up the DagBag from /home/najma/airflow-venv/lib/python3.12/site-packages/airflow/example_dags/tutorial_dag.py
[2026-05-09T16:28:48.643+0100] {processor.py:840} INFO - DAG(s) 'tutorial_dag' retrieved from /home/najma/airflow-venv/lib/python3.12/site-packages/airflow/example_dags/tutorial_dag.py
[2026-05-09T16:28:48.671+0100] {logging_mixin.py:188} INFO - [2026-05-09T16:28:48.671+0100] {dag.py:3096} INFO - Sync 1 DAGs
[2026-05-09T16:28:48.685+0100] {logging_mixin.py:188} INFO - [2026-05-09T16:28:48.685+0100] {dag.py:3954} INFO - Setting next_dagrun for tutorial_dag to None, run_after=None
[2026-05-09T16:28:48.778+0100] {processor.py:183} INFO - Processing /home/najma/airflow-venv/lib/python3.12/site-packages/airflow/example_dags/tutorial_dag.py took 0.147 seconds
[2026-05-09T16:30:02.045+0100] {processor.py:161} INFO - Started process (PID=22493) to work on /home/najma/airflow-venv/lib/python3.12/site-packages/airflow/example_dags/tutorial_dag.py
[2026-05-09T16:30:02.046+0100] {processor.py:830} INFO - Processing file /home/najma/airflow-venv/lib/python3.12/site-packages/airflow/example_dags/tutorial_dag.py for tasks to queue
[2026-05-09T16:30:02.048+0100] {logging_mixin.py:188} INFO - [2026-05-09T16:30:02.048+0100] {dagbag.py:540} INFO - Filling up the DagBag from /home/najma/airflow-venv/lib/python3.12/site-packages/airflow/example_dags/tutorial_dag.py
[2026-05-09T16:30:02.052+0100] {processor.py:840} INFO - DAG(s) 'tutorial_dag' retrieved from /home/najma/airflow-venv/lib/python3.12/site-packages/airflow/example_dags/tutorial_dag.py
[2026-05-09T16:30:02.078+0100] {logging_mixin.py:188} INFO - [2026-05-09T16:30:02.078+0100] {dag.py:3096} INFO - Sync 1 DAGs
[2026-05-09T16:30:02.092+0100] {logging_mixin.py:188} INFO - [2026-05-09T16:30:02.091+0100] {dag.py:3954} INFO - Setting next_dagrun for tutorial_dag to None, run_after=None
[2026-05-09T16:30:02.188+0100] {processor.py:183} INFO - Processing /home/najma/airflow-venv/lib/python3.12/site-packages/airflow/example_dags/tutorial_dag.py took 0.147 seconds
[2026-05-09T16:30:11.924+0100] {processor.py:161} INFO - Started process (PID=22508) to work on /home/najma/airflow-venv/lib/python3.12/site-packages/airflow/example_dags/tutorial_dag.py
[2026-05-09T16:30:11.926+0100] {processor.py:830} INFO - Processing file /home/najma/airflow-venv/lib/python3.12/site-packages/airflow/example_dags/tutorial_dag.py for tasks to queue
[2026-05-09T16:30:11.927+0100] {logging_mixin.py:188} INFO - [2026-05-09T16:30:11.927+0100] {dagbag.py:540} INFO - Filling up the DagBag from /home/najma/airflow-venv/lib/python3.12/site-packages/airflow/example_dags/tutorial_dag.py
[2026-05-09T16:30:11.931+0100] {processor.py:840} INFO - DAG(s) 'tutorial_dag' retrieved from /home/najma/airflow-venv/lib/python3.12/site-packages/airflow/example_dags/tutorial_dag.py
[2026-05-09T16:30:11.957+0100] {logging_mixin.py:188} INFO - [2026-05-09T16:30:11.957+0100] {dag.py:3096} INFO - Sync 1 DAGs
[2026-05-09T16:30:11.976+0100] {logging_mixin.py:188} INFO - [2026-05-09T16:30:11.976+0100] {dag.py:3954} INFO - Setting next_dagrun for tutorial_dag to None, run_after=None
[2026-05-09T16:30:12.073+0100] {processor.py:183} INFO - Processing /home/najma/airflow-venv/lib/python3.12/site-packages/airflow/example_dags/tutorial_dag.py took 0.152 seconds
[2026-05-09T16:31:22.034+0100] {processor.py:161} INFO - Started process (PID=22623) to work on /home/najma/airflow-venv/lib/python3.12/site-packages/airflow/example_dags/tutorial_dag.py
[2026-05-09T16:31:22.035+0100] {processor.py:830} INFO - Processing file /home/najma/airflow-venv/lib/python3.12/site-packages/airflow/example_dags/tutorial_dag.py for tasks to queue
[2026-05-09T16:31:22.037+0100] {logging_mixin.py:188} INFO - [2026-05-09T16:31:22.036+0100] {dagbag.py:540} INFO - Filling up the DagBag from /home/najma/airflow-venv/lib/python3.12/site-packages/airflow/example_dags/tutorial_dag.py
[2026-05-09T16:31:22.041+0100] {processor.py:840} INFO - DAG(s) 'tutorial_dag' retrieved from /home/najma/airflow-venv/lib/python3.12/site-packages/airflow/example_dags/tutorial_dag.py
[2026-05-09T16:31:22.073+0100] {logging_mixin.py:188} INFO - [2026-05-09T16:31:22.072+0100] {dag.py:3096} INFO - Sync 1 DAGs
[2026-05-09T16:31:22.087+0100] {logging_mixin.py:188} INFO - [2026-05-09T16:31:22.086+0100] {dag.py:3954} INFO - Setting next_dagrun for tutorial_dag to None, run_after=None
[2026-05-09T16:31:22.190+0100] {processor.py:183} INFO - Processing /home/najma/airflow-venv/lib/python3.12/site-packages/airflow/example_dags/tutorial_dag.py took 0.160 seconds
[2026-05-09T16:31:32.590+0100] {processor.py:161} INFO - Started process (PID=22642) to work on /home/najma/airflow-venv/lib/python3.12/site-packages/airflow/example_dags/tutorial_dag.py
[2026-05-09T16:31:32.591+0100] {processor.py:830} INFO - Processing file /home/najma/airflow-venv/lib/python3.12/site-packages/airflow/example_dags/tutorial_dag.py for tasks to queue
[2026-05-09T16:31:32.592+0100] {logging_mixin.py:188} INFO - [2026-05-09T16:31:32.592+0100] {dagbag.py:540} INFO - Filling up the DagBag from /home/najma/airflow-venv/lib/python3.12/site-packages/airflow/example_dags/tutorial_dag.py
[2026-05-09T16:31:32.598+0100] {processor.py:840} INFO - DAG(s) 'tutorial_dag' retrieved from /home/najma/airflow-venv/lib/python3.12/site-packages/airflow/example_dags/tutorial_dag.py
[2026-05-09T16:31:32.628+0100] {logging_mixin.py:188} INFO - [2026-05-09T16:31:32.627+0100] {dag.py:3096} INFO - Sync 1 DAGs
[2026-05-09T16:31:32.649+0100] {logging_mixin.py:188} INFO - [2026-05-09T16:31:32.649+0100] {dag.py:3954} INFO - Setting next_dagrun for tutorial_dag to None, run_after=None
[2026-05-09T16:31:32.752+0100] {processor.py:183} INFO - Processing /home/najma/airflow-venv/lib/python3.12/site-packages/airflow/example_dags/tutorial_dag.py took 0.166 seconds
[2026-05-09T16:32:37.251+0100] {processor.py:161} INFO - Started process (PID=22746) to work on /home/najma/airflow-venv/lib/python3.12/site-packages/airflow/example_dags/tutorial_dag.py
[2026-05-09T16:32:37.254+0100] {processor.py:830} INFO - Processing file /home/najma/airflow-venv/lib/python3.12/site-packages/airflow/example_dags/tutorial_dag.py for tasks to queue
[2026-05-09T16:32:37.256+0100] {logging_mixin.py:188} INFO - [2026-05-09T16:32:37.256+0100] {dagbag.py:540} INFO - Filling up the DagBag from /home/najma/airflow-venv/lib/python3.12/site-packages/airflow/example_dags/tutorial_dag.py
[2026-05-09T16:32:37.261+0100] {processor.py:840} INFO - DAG(s) 'tutorial_dag' retrieved from /home/najma/airflow-venv/lib/python3.12/site-packages/airflow/example_dags/tutorial_dag.py
[2026-05-09T16:32:37.307+0100] {logging_mixin.py:188} INFO - [2026-05-09T16:32:37.307+0100] {dag.py:3096} INFO - Sync 1 DAGs
[2026-05-09T16:32:37.325+0100] {logging_mixin.py:188} INFO - [2026-05-09T16:32:37.325+0100] {dag.py:3954} INFO - Setting next_dagrun for tutorial_dag to None, run_after=None
[2026-05-09T16:32:37.483+0100] {processor.py:183} INFO - Processing /home/najma/airflow-venv/lib/python3.12/site-packages/airflow/example_dags/tutorial_dag.py took 0.237 seconds
[2026-05-09T16:32:55.934+0100] {processor.py:161} INFO - Started process (PID=22770) to work on /home/najma/airflow-venv/lib/python3.12/site-packages/airflow/example_dags/tutorial_dag.py
[2026-05-09T16:32:55.936+0100] {processor.py:830} INFO - Processing file /home/najma/airflow-venv/lib/python3.12/site-packages/airflow/example_dags/tutorial_dag.py for tasks to queue
[2026-05-09T16:32:55.938+0100] {logging_mixin.py:188} INFO - [2026-05-09T16:32:55.938+0100] {dagbag.py:540} INFO - Filling up the DagBag from /home/najma/airflow-venv/lib/python3.12/site-packages/airflow/example_dags/tutorial_dag.py
[2026-05-09T16:32:55.950+0100] {processor.py:840} INFO - DAG(s) 'tutorial_dag' retrieved from /home/najma/airflow-venv/lib/python3.12/site-packages/airflow/example_dags/tutorial_dag.py
[2026-05-09T16:32:56.034+0100] {logging_mixin.py:188} INFO - [2026-05-09T16:32:56.033+0100] {dag.py:3096} INFO - Sync 1 DAGs
[2026-05-09T16:32:56.079+0100] {logging_mixin.py:188} INFO - [2026-05-09T16:32:56.079+0100] {dag.py:3954} INFO - Setting next_dagrun for tutorial_dag to None, run_after=None
[2026-05-09T16:32:56.850+0100] {processor.py:183} INFO - Processing /home/najma/airflow-venv/lib/python3.12/site-packages/airflow/example_dags/tutorial_dag.py took 0.922 seconds
[2026-05-09T16:34:15.962+0100] {processor.py:161} INFO - Started process (PID=22891) to work on /home/najma/airflow-venv/lib/python3.12/site-packages/airflow/example_dags/tutorial_dag.py
[2026-05-09T16:34:15.964+0100] {processor.py:830} INFO - Processing file /home/najma/airflow-venv/lib/python3.12/site-packages/airflow/example_dags/tutorial_dag.py for tasks to queue
[2026-05-09T16:34:15.965+0100] {logging_mixin.py:188} INFO - [2026-05-09T16:34:15.965+0100] {dagbag.py:540} INFO - Filling up the DagBag from /home/najma/airflow-venv/lib/python3.12/site-packages/airflow/example_dags/tutorial_dag.py
[2026-05-09T16:34:15.970+0100] {processor.py:840} INFO - DAG(s) 'tutorial_dag' retrieved from /home/najma/airflow-venv/lib/python3.12/site-packages/airflow/example_dags/tutorial_dag.py
[2026-05-09T16:34:15.998+0100] {logging_mixin.py:188} INFO - [2026-05-09T16:34:15.997+0100] {dag.py:3096} INFO - Sync 1 DAGs
[2026-05-09T16:34:16.010+0100] {logging_mixin.py:188} INFO - [2026-05-09T16:34:16.010+0100] {dag.py:3954} INFO - Setting next_dagrun for tutorial_dag to None, run_after=None
[2026-05-09T16:34:16.096+0100] {processor.py:183} INFO - Processing /home/najma/airflow-venv/lib/python3.12/site-packages/airflow/example_dags/tutorial_dag.py took 0.138 seconds
[2026-05-09T16:34:32.389+0100] {processor.py:161} INFO - Started process (PID=22919) to work on /home/najma/airflow-venv/lib/python3.12/site-packages/airflow/example_dags/tutorial_dag.py
[2026-05-09T16:34:32.393+0100] {processor.py:830} INFO - Processing file /home/najma/airflow-venv/lib/python3.12/site-packages/airflow/example_dags/tutorial_dag.py for tasks to queue
[2026-05-09T16:34:32.398+0100] {logging_mixin.py:188} INFO - [2026-05-09T16:34:32.397+0100] {dagbag.py:540} INFO - Filling up the DagBag from /home/najma/airflow-venv/lib/python3.12/site-packages/airflow/example_dags/tutorial_dag.py
[2026-05-09T16:34:32.403+0100] {processor.py:840} INFO - DAG(s) 'tutorial_dag' retrieved from /home/najma/airflow-venv/lib/python3.12/site-packages/airflow/example_dags/tutorial_dag.py
[2026-05-09T16:34:32.450+0100] {logging_mixin.py:188} INFO - [2026-05-09T16:34:32.450+0100] {dag.py:3096} INFO - Sync 1 DAGs
[2026-05-09T16:34:32.469+0100] {logging_mixin.py:188} INFO - [2026-05-09T16:34:32.468+0100] {dag.py:3954} INFO - Setting next_dagrun for tutorial_dag to None, run_after=None
[2026-05-09T16:34:32.584+0100] {processor.py:183} INFO - Processing /home/najma/airflow-venv/lib/python3.12/site-packages/airflow/example_dags/tutorial_dag.py took 0.205 seconds
[2026-05-09T16:35:34.174+0100] {processor.py:161} INFO - Started process (PID=23029) to work on /home/najma/airflow-venv/lib/python3.12/site-packages/airflow/example_dags/tutorial_dag.py
[2026-05-09T16:35:34.176+0100] {processor.py:830} INFO - Processing file /home/najma/airflow-venv/lib/python3.12/site-packages/airflow/example_dags/tutorial_dag.py for tasks to queue
[2026-05-09T16:35:34.178+0100] {logging_mixin.py:188} INFO - [2026-05-09T16:35:34.178+0100] {dagbag.py:540} INFO - Filling up the DagBag from /home/najma/airflow-venv/lib/python3.12/site-packages/airflow/example_dags/tutorial_dag.py
[2026-05-09T16:35:34.184+0100] {processor.py:840} INFO - DAG(s) 'tutorial_dag' retrieved from /home/najma/airflow-venv/lib/python3.12/site-packages/airflow/example_dags/tutorial_dag.py
[2026-05-09T16:35:34.216+0100] {logging_mixin.py:188} INFO - [2026-05-09T16:35:34.215+0100] {dag.py:3096} INFO - Sync 1 DAGs
[2026-05-09T16:35:34.230+0100] {logging_mixin.py:188} INFO - [2026-05-09T16:35:34.230+0100] {dag.py:3954} INFO - Setting next_dagrun for tutorial_dag to None, run_after=None
[2026-05-09T16:35:34.357+0100] {processor.py:183} INFO - Processing /home/najma/airflow-venv/lib/python3.12/site-packages/airflow/example_dags/tutorial_dag.py took 0.186 seconds
[2026-05-09T16:35:50.405+0100] {processor.py:161} INFO - Started process (PID=23054) to work on /home/najma/airflow-venv/lib/python3.12/site-packages/airflow/example_dags/tutorial_dag.py
[2026-05-09T16:35:50.407+0100] {processor.py:830} INFO - Processing file /home/najma/airflow-venv/lib/python3.12/site-packages/airflow/example_dags/tutorial_dag.py for tasks to queue
[2026-05-09T16:35:50.409+0100] {logging_mixin.py:188} INFO - [2026-05-09T16:35:50.408+0100] {dagbag.py:540} INFO - Filling up the DagBag from /home/najma/airflow-venv/lib/python3.12/site-packages/airflow/example_dags/tutorial_dag.py
[2026-05-09T16:35:50.413+0100] {processor.py:840} INFO - DAG(s) 'tutorial_dag' retrieved from /home/najma/airflow-venv/lib/python3.12/site-packages/airflow/example_dags/tutorial_dag.py
[2026-05-09T16:35:50.444+0100] {logging_mixin.py:188} INFO - [2026-05-09T16:35:50.444+0100] {dag.py:3096} INFO - Sync 1 DAGs
[2026-05-09T16:35:50.460+0100] {logging_mixin.py:188} INFO - [2026-05-09T16:35:50.460+0100] {dag.py:3954} INFO - Setting next_dagrun for tutorial_dag to None, run_after=None
[2026-05-09T16:35:50.544+0100] {processor.py:183} INFO - Processing /home/najma/airflow-venv/lib/python3.12/site-packages/airflow/example_dags/tutorial_dag.py took 0.143 seconds
[2026-05-09T16:36:55.362+0100] {processor.py:161} INFO - Started process (PID=23153) to work on /home/najma/airflow-venv/lib/python3.12/site-packages/airflow/example_dags/tutorial_dag.py
[2026-05-09T16:36:55.367+0100] {processor.py:830} INFO - Processing file /home/najma/airflow-venv/lib/python3.12/site-packages/airflow/example_dags/tutorial_dag.py for tasks to queue
[2026-05-09T16:36:55.372+0100] {logging_mixin.py:188} INFO - [2026-05-09T16:36:55.369+0100] {dagbag.py:540} INFO - Filling up the DagBag from /home/najma/airflow-venv/lib/python3.12/site-packages/airflow/example_dags/tutorial_dag.py
[2026-05-09T16:36:55.379+0100] {processor.py:840} INFO - DAG(s) 'tutorial_dag' retrieved from /home/najma/airflow-venv/lib/python3.12/site-packages/airflow/example_dags/tutorial_dag.py
[2026-05-09T16:36:55.421+0100] {logging_mixin.py:188} INFO - [2026-05-09T16:36:55.420+0100] {dag.py:3096} INFO - Sync 1 DAGs
[2026-05-09T16:36:55.443+0100] {logging_mixin.py:188} INFO - [2026-05-09T16:36:55.442+0100] {dag.py:3954} INFO - Setting next_dagrun for tutorial_dag to None, run_after=None
[2026-05-09T16:36:55.567+0100] {processor.py:183} INFO - Processing /home/najma/airflow-venv/lib/python3.12/site-packages/airflow/example_dags/tutorial_dag.py took 0.209 seconds
[2026-05-09T16:37:25.637+0100] {processor.py:161} INFO - Started process (PID=23194) to work on /home/najma/airflow-venv/lib/python3.12/site-packages/airflow/example_dags/tutorial_dag.py
[2026-05-09T16:37:25.640+0100] {processor.py:830} INFO - Processing file /home/najma/airflow-venv/lib/python3.12/site-packages/airflow/example_dags/tutorial_dag.py for tasks to queue
[2026-05-09T16:37:25.643+0100] {logging_mixin.py:188} INFO - [2026-05-09T16:37:25.643+0100] {dagbag.py:540} INFO - Filling up the DagBag from /home/najma/airflow-venv/lib/python3.12/site-packages/airflow/example_dags/tutorial_dag.py
[2026-05-09T16:37:25.654+0100] {processor.py:840} INFO - DAG(s) 'tutorial_dag' retrieved from /home/najma/airflow-venv/lib/python3.12/site-packages/airflow/example_dags/tutorial_dag.py
[2026-05-09T16:37:25.712+0100] {logging_mixin.py:188} INFO - [2026-05-09T16:37:25.712+0100] {dag.py:3096} INFO - Sync 1 DAGs
[2026-05-09T16:37:25.728+0100] {logging_mixin.py:188} INFO - [2026-05-09T16:37:25.728+0100] {dag.py:3954} INFO - Setting next_dagrun for tutorial_dag to None, run_after=None
[2026-05-09T16:37:25.841+0100] {processor.py:183} INFO - Processing /home/najma/airflow-venv/lib/python3.12/site-packages/airflow/example_dags/tutorial_dag.py took 0.213 seconds
[2026-05-09T16:38:32.751+0100] {processor.py:161} INFO - Started process (PID=23291) to work on /home/najma/airflow-venv/lib/python3.12/site-packages/airflow/example_dags/tutorial_dag.py
[2026-05-09T16:38:32.753+0100] {processor.py:830} INFO - Processing file /home/najma/airflow-venv/lib/python3.12/site-packages/airflow/example_dags/tutorial_dag.py for tasks to queue
[2026-05-09T16:38:32.756+0100] {logging_mixin.py:188} INFO - [2026-05-09T16:38:32.755+0100] {dagbag.py:540} INFO - Filling up the DagBag from /home/najma/airflow-venv/lib/python3.12/site-packages/airflow/example_dags/tutorial_dag.py
[2026-05-09T16:38:32.772+0100] {processor.py:840} INFO - DAG(s) 'tutorial_dag' retrieved from /home/najma/airflow-venv/lib/python3.12/site-packages/airflow/example_dags/tutorial_dag.py
[2026-05-09T16:38:32.829+0100] {logging_mixin.py:188} INFO - [2026-05-09T16:38:32.828+0100] {dag.py:3096} INFO - Sync 1 DAGs
[2026-05-09T16:38:32.858+0100] {logging_mixin.py:188} INFO - [2026-05-09T16:38:32.858+0100] {dag.py:3954} INFO - Setting next_dagrun for tutorial_dag to None, run_after=None
[2026-05-09T16:38:33.038+0100] {processor.py:183} INFO - Processing /home/najma/airflow-venv/lib/python3.12/site-packages/airflow/example_dags/tutorial_dag.py took 0.295 seconds
[2026-05-09T16:39:02.400+0100] {processor.py:161} INFO - Started process (PID=23326) to work on /home/najma/airflow-venv/lib/python3.12/site-packages/airflow/example_dags/tutorial_dag.py
[2026-05-09T16:39:02.403+0100] {processor.py:830} INFO - Processing file /home/najma/airflow-venv/lib/python3.12/site-packages/airflow/example_dags/tutorial_dag.py for tasks to queue
[2026-05-09T16:39:02.406+0100] {logging_mixin.py:188} INFO - [2026-05-09T16:39:02.405+0100] {dagbag.py:540} INFO - Filling up the DagBag from /home/najma/airflow-venv/lib/python3.12/site-packages/airflow/example_dags/tutorial_dag.py
[2026-05-09T16:39:02.414+0100] {processor.py:840} INFO - DAG(s) 'tutorial_dag' retrieved from /home/najma/airflow-venv/lib/python3.12/site-packages/airflow/example_dags/tutorial_dag.py
[2026-05-09T16:39:02.477+0100] {logging_mixin.py:188} INFO - [2026-05-09T16:39:02.477+0100] {dag.py:3096} INFO - Sync 1 DAGs
[2026-05-09T16:39:02.514+0100] {logging_mixin.py:188} INFO - [2026-05-09T16:39:02.513+0100] {dag.py:3954} INFO - Setting next_dagrun for tutorial_dag to None, run_after=None
[2026-05-09T16:39:02.692+0100] {processor.py:183} INFO - Processing /home/najma/airflow-venv/lib/python3.12/site-packages/airflow/example_dags/tutorial_dag.py took 0.301 seconds
[2026-05-09T16:40:23.910+0100] {processor.py:161} INFO - Started process (PID=23438) to work on /home/najma/airflow-venv/lib/python3.12/site-packages/airflow/example_dags/tutorial_dag.py
[2026-05-09T16:40:23.912+0100] {processor.py:830} INFO - Processing file /home/najma/airflow-venv/lib/python3.12/site-packages/airflow/example_dags/tutorial_dag.py for tasks to queue
[2026-05-09T16:40:23.915+0100] {logging_mixin.py:188} INFO - [2026-05-09T16:40:23.914+0100] {dagbag.py:540} INFO - Filling up the DagBag from /home/najma/airflow-venv/lib/python3.12/site-packages/airflow/example_dags/tutorial_dag.py
[2026-05-09T16:40:23.929+0100] {processor.py:840} INFO - DAG(s) 'tutorial_dag' retrieved from /home/najma/airflow-venv/lib/python3.12/site-packages/airflow/example_dags/tutorial_dag.py
[2026-05-09T16:40:23.977+0100] {logging_mixin.py:188} INFO - [2026-05-09T16:40:23.977+0100] {dag.py:3096} INFO - Sync 1 DAGs
[2026-05-09T16:40:24.008+0100] {logging_mixin.py:188} INFO - [2026-05-09T16:40:24.008+0100] {dag.py:3954} INFO - Setting next_dagrun for tutorial_dag to None, run_after=None
[2026-05-09T16:40:24.158+0100] {processor.py:183} INFO - Processing /home/najma/airflow-venv/lib/python3.12/site-packages/airflow/example_dags/tutorial_dag.py took 0.262 seconds
[2026-05-09T16:40:48.604+0100] {processor.py:161} INFO - Started process (PID=23472) to work on /home/najma/airflow-venv/lib/python3.12/site-packages/airflow/example_dags/tutorial_dag.py
[2026-05-09T16:40:48.606+0100] {processor.py:830} INFO - Processing file /home/najma/airflow-venv/lib/python3.12/site-packages/airflow/example_dags/tutorial_dag.py for tasks to queue
[2026-05-09T16:40:48.610+0100] {logging_mixin.py:188} INFO - [2026-05-09T16:40:48.609+0100] {dagbag.py:540} INFO - Filling up the DagBag from /home/najma/airflow-venv/lib/python3.12/site-packages/airflow/example_dags/tutorial_dag.py
[2026-05-09T16:40:48.625+0100] {processor.py:840} INFO - DAG(s) 'tutorial_dag' retrieved from /home/najma/airflow-venv/lib/python3.12/site-packages/airflow/example_dags/tutorial_dag.py
[2026-05-09T16:40:48.691+0100] {logging_mixin.py:188} INFO - [2026-05-09T16:40:48.690+0100] {dag.py:3096} INFO - Sync 1 DAGs
[2026-05-09T16:40:48.724+0100] {logging_mixin.py:188} INFO - [2026-05-09T16:40:48.723+0100] {dag.py:3954} INFO - Setting next_dagrun for tutorial_dag to None, run_after=None
[2026-05-09T16:40:48.937+0100] {processor.py:183} INFO - Processing /home/najma/airflow-venv/lib/python3.12/site-packages/airflow/example_dags/tutorial_dag.py took 0.349 seconds
[2026-05-09T16:42:11.991+0100] {processor.py:161} INFO - Started process (PID=23585) to work on /home/najma/airflow-venv/lib/python3.12/site-packages/airflow/example_dags/tutorial_dag.py
[2026-05-09T16:42:11.993+0100] {processor.py:830} INFO - Processing file /home/najma/airflow-venv/lib/python3.12/site-packages/airflow/example_dags/tutorial_dag.py for tasks to queue
[2026-05-09T16:42:11.998+0100] {logging_mixin.py:188} INFO - [2026-05-09T16:42:11.997+0100] {dagbag.py:540} INFO - Filling up the DagBag from /home/najma/airflow-venv/lib/python3.12/site-packages/airflow/example_dags/tutorial_dag.py
[2026-05-09T16:42:12.010+0100] {processor.py:840} INFO - DAG(s) 'tutorial_dag' retrieved from /home/najma/airflow-venv/lib/python3.12/site-packages/airflow/example_dags/tutorial_dag.py
[2026-05-09T16:42:12.074+0100] {logging_mixin.py:188} INFO - [2026-05-09T16:42:12.074+0100] {dag.py:3096} INFO - Sync 1 DAGs
[2026-05-09T16:42:12.108+0100] {logging_mixin.py:188} INFO - [2026-05-09T16:42:12.108+0100] {dag.py:3954} INFO - Setting next_dagrun for tutorial_dag to None, run_after=None
[2026-05-09T16:42:12.304+0100] {processor.py:183} INFO - Processing /home/najma/airflow-venv/lib/python3.12/site-packages/airflow/example_dags/tutorial_dag.py took 0.324 seconds
[2026-05-09T16:42:33.935+0100] {processor.py:161} INFO - Started process (PID=23615) to work on /home/najma/airflow-venv/lib/python3.12/site-packages/airflow/example_dags/tutorial_dag.py
[2026-05-09T16:42:33.937+0100] {processor.py:830} INFO - Processing file /home/najma/airflow-venv/lib/python3.12/site-packages/airflow/example_dags/tutorial_dag.py for tasks to queue
[2026-05-09T16:42:33.940+0100] {logging_mixin.py:188} INFO - [2026-05-09T16:42:33.940+0100] {dagbag.py:540} INFO - Filling up the DagBag from /home/najma/airflow-venv/lib/python3.12/site-packages/airflow/example_dags/tutorial_dag.py
[2026-05-09T16:42:33.948+0100] {processor.py:840} INFO - DAG(s) 'tutorial_dag' retrieved from /home/najma/airflow-venv/lib/python3.12/site-packages/airflow/example_dags/tutorial_dag.py
[2026-05-09T16:42:34.000+0100] {logging_mixin.py:188} INFO - [2026-05-09T16:42:34.000+0100] {dag.py:3096} INFO - Sync 1 DAGs
[2026-05-09T16:42:34.027+0100] {logging_mixin.py:188} INFO - [2026-05-09T16:42:34.027+0100] {dag.py:3954} INFO - Setting next_dagrun for tutorial_dag to None, run_after=None
[2026-05-09T16:42:34.238+0100] {processor.py:183} INFO - Processing /home/najma/airflow-venv/lib/python3.12/site-packages/airflow/example_dags/tutorial_dag.py took 0.310 seconds
[2026-05-09T16:44:16.580+0100] {processor.py:161} INFO - Started process (PID=23742) to work on /home/najma/airflow-venv/lib/python3.12/site-packages/airflow/example_dags/tutorial_dag.py
[2026-05-09T16:44:16.584+0100] {processor.py:830} INFO - Processing file /home/najma/airflow-venv/lib/python3.12/site-packages/airflow/example_dags/tutorial_dag.py for tasks to queue
[2026-05-09T16:44:16.592+0100] {logging_mixin.py:188} INFO - [2026-05-09T16:44:16.591+0100] {dagbag.py:540} INFO - Filling up the DagBag from /home/najma/airflow-venv/lib/python3.12/site-packages/airflow/example_dags/tutorial_dag.py
[2026-05-09T16:44:16.602+0100] {processor.py:840} INFO - DAG(s) 'tutorial_dag' retrieved from /home/najma/airflow-venv/lib/python3.12/site-packages/airflow/example_dags/tutorial_dag.py
[2026-05-09T16:44:16.685+0100] {logging_mixin.py:188} INFO - [2026-05-09T16:44:16.684+0100] {dag.py:3096} INFO - Sync 1 DAGs
[2026-05-09T16:44:16.712+0100] {logging_mixin.py:188} INFO - [2026-05-09T16:44:16.711+0100] {dag.py:3954} INFO - Setting next_dagrun for tutorial_dag to None, run_after=None
[2026-05-09T16:44:16.896+0100] {processor.py:183} INFO - Processing /home/najma/airflow-venv/lib/python3.12/site-packages/airflow/example_dags/tutorial_dag.py took 0.332 seconds
[2026-05-09T16:44:27.315+0100] {processor.py:161} INFO - Started process (PID=23761) to work on /home/najma/airflow-venv/lib/python3.12/site-packages/airflow/example_dags/tutorial_dag.py
[2026-05-09T16:44:27.317+0100] {processor.py:830} INFO - Processing file /home/najma/airflow-venv/lib/python3.12/site-packages/airflow/example_dags/tutorial_dag.py for tasks to queue
[2026-05-09T16:44:27.322+0100] {logging_mixin.py:188} INFO - [2026-05-09T16:44:27.320+0100] {dagbag.py:540} INFO - Filling up the DagBag from /home/najma/airflow-venv/lib/python3.12/site-packages/airflow/example_dags/tutorial_dag.py
[2026-05-09T16:44:27.331+0100] {processor.py:840} INFO - DAG(s) 'tutorial_dag' retrieved from /home/najma/airflow-venv/lib/python3.12/site-packages/airflow/example_dags/tutorial_dag.py
[2026-05-09T16:44:27.384+0100] {logging_mixin.py:188} INFO - [2026-05-09T16:44:27.383+0100] {dag.py:3096} INFO - Sync 1 DAGs
[2026-05-09T16:44:27.413+0100] {logging_mixin.py:188} INFO - [2026-05-09T16:44:27.413+0100] {dag.py:3954} INFO - Setting next_dagrun for tutorial_dag to None, run_after=None
[2026-05-09T16:44:27.581+0100] {processor.py:183} INFO - Processing /home/najma/airflow-venv/lib/python3.12/site-packages/airflow/example_dags/tutorial_dag.py took 0.273 seconds
[2026-05-09T16:46:14.768+0100] {processor.py:161} INFO - Started process (PID=23898) to work on /home/najma/airflow-venv/lib/python3.12/site-packages/airflow/example_dags/tutorial_dag.py
[2026-05-09T16:46:14.773+0100] {processor.py:830} INFO - Processing file /home/najma/airflow-venv/lib/python3.12/site-packages/airflow/example_dags/tutorial_dag.py for tasks to queue
[2026-05-09T16:46:14.785+0100] {logging_mixin.py:188} INFO - [2026-05-09T16:46:14.784+0100] {dagbag.py:540} INFO - Filling up the DagBag from /home/najma/airflow-venv/lib/python3.12/site-packages/airflow/example_dags/tutorial_dag.py
[2026-05-09T16:46:14.800+0100] {processor.py:840} INFO - DAG(s) 'tutorial_dag' retrieved from /home/najma/airflow-venv/lib/python3.12/site-packages/airflow/example_dags/tutorial_dag.py
[2026-05-09T16:46:14.895+0100] {logging_mixin.py:188} INFO - [2026-05-09T16:46:14.895+0100] {dag.py:3096} INFO - Sync 1 DAGs
[2026-05-09T16:46:14.945+0100] {logging_mixin.py:188} INFO - [2026-05-09T16:46:14.944+0100] {dag.py:3954} INFO - Setting next_dagrun for tutorial_dag to None, run_after=None
[2026-05-09T16:46:15.162+0100] {processor.py:183} INFO - Processing /home/najma/airflow-venv/lib/python3.12/site-packages/airflow/example_dags/tutorial_dag.py took 0.401 seconds
[2026-05-09T16:46:16.223+0100] {processor.py:161} INFO - Started process (PID=23901) to work on /home/najma/airflow-venv/lib/python3.12/site-packages/airflow/example_dags/tutorial_dag.py
[2026-05-09T16:46:16.230+0100] {processor.py:830} INFO - Processing file /home/najma/airflow-venv/lib/python3.12/site-packages/airflow/example_dags/tutorial_dag.py for tasks to queue
[2026-05-09T16:46:16.235+0100] {logging_mixin.py:188} INFO - [2026-05-09T16:46:16.235+0100] {dagbag.py:540} INFO - Filling up the DagBag from /home/najma/airflow-venv/lib/python3.12/site-packages/airflow/example_dags/tutorial_dag.py
[2026-05-09T16:46:16.243+0100] {processor.py:840} INFO - DAG(s) 'tutorial_dag' retrieved from /home/najma/airflow-venv/lib/python3.12/site-packages/airflow/example_dags/tutorial_dag.py
[2026-05-09T16:46:16.317+0100] {logging_mixin.py:188} INFO - [2026-05-09T16:46:16.317+0100] {dag.py:3096} INFO - Sync 1 DAGs
[2026-05-09T16:46:16.353+0100] {logging_mixin.py:188} INFO - [2026-05-09T16:46:16.352+0100] {dag.py:3954} INFO - Setting next_dagrun for tutorial_dag to None, run_after=None
[2026-05-09T16:46:16.537+0100] {processor.py:183} INFO - Processing /home/najma/airflow-venv/lib/python3.12/site-packages/airflow/example_dags/tutorial_dag.py took 0.321 seconds
[2026-05-09T16:47:22.245+0100] {processor.py:161} INFO - Started process (PID=23976) to work on /home/najma/airflow-venv/lib/python3.12/site-packages/airflow/example_dags/tutorial_dag.py
[2026-05-09T16:47:22.247+0100] {processor.py:830} INFO - Processing file /home/najma/airflow-venv/lib/python3.12/site-packages/airflow/example_dags/tutorial_dag.py for tasks to queue
[2026-05-09T16:47:22.250+0100] {logging_mixin.py:188} INFO - [2026-05-09T16:47:22.249+0100] {dagbag.py:540} INFO - Filling up the DagBag from /home/najma/airflow-venv/lib/python3.12/site-packages/airflow/example_dags/tutorial_dag.py
[2026-05-09T16:47:22.259+0100] {processor.py:840} INFO - DAG(s) 'tutorial_dag' retrieved from /home/najma/airflow-venv/lib/python3.12/site-packages/airflow/example_dags/tutorial_dag.py
[2026-05-09T16:47:22.308+0100] {logging_mixin.py:188} INFO - [2026-05-09T16:47:22.308+0100] {dag.py:3096} INFO - Sync 1 DAGs
[2026-05-09T16:47:22.336+0100] {logging_mixin.py:188} INFO - [2026-05-09T16:47:22.335+0100] {dag.py:3954} INFO - Setting next_dagrun for tutorial_dag to None, run_after=None
[2026-05-09T16:47:22.696+0100] {processor.py:183} INFO - Processing /home/najma/airflow-venv/lib/python3.12/site-packages/airflow/example_dags/tutorial_dag.py took 0.458 seconds
[2026-05-09T16:48:31.920+0100] {processor.py:161} INFO - Started process (PID=24057) to work on /home/najma/airflow-venv/lib/python3.12/site-packages/airflow/example_dags/tutorial_dag.py
[2026-05-09T16:48:31.922+0100] {processor.py:830} INFO - Processing file /home/najma/airflow-venv/lib/python3.12/site-packages/airflow/example_dags/tutorial_dag.py for tasks to queue
[2026-05-09T16:48:31.926+0100] {logging_mixin.py:188} INFO - [2026-05-09T16:48:31.926+0100] {dagbag.py:540} INFO - Filling up the DagBag from /home/najma/airflow-venv/lib/python3.12/site-packages/airflow/example_dags/tutorial_dag.py
[2026-05-09T16:48:31.938+0100] {processor.py:840} INFO - DAG(s) 'tutorial_dag' retrieved from /home/najma/airflow-venv/lib/python3.12/site-packages/airflow/example_dags/tutorial_dag.py
[2026-05-09T16:48:31.988+0100] {logging_mixin.py:188} INFO - [2026-05-09T16:48:31.987+0100] {dag.py:3096} INFO - Sync 1 DAGs
[2026-05-09T16:48:32.017+0100] {logging_mixin.py:188} INFO - [2026-05-09T16:48:32.017+0100] {dag.py:3954} INFO - Setting next_dagrun for tutorial_dag to None, run_after=None
[2026-05-09T16:48:32.211+0100] {processor.py:183} INFO - Processing /home/najma/airflow-venv/lib/python3.12/site-packages/airflow/example_dags/tutorial_dag.py took 0.298 seconds
[2026-05-09T16:48:32.335+0100] {processor.py:161} INFO - Started process (PID=24058) to work on /home/najma/airflow-venv/lib/python3.12/site-packages/airflow/example_dags/tutorial_dag.py
[2026-05-09T16:48:32.337+0100] {processor.py:830} INFO - Processing file /home/najma/airflow-venv/lib/python3.12/site-packages/airflow/example_dags/tutorial_dag.py for tasks to queue
[2026-05-09T16:48:32.340+0100] {logging_mixin.py:188} INFO - [2026-05-09T16:48:32.340+0100] {dagbag.py:540} INFO - Filling up the DagBag from /home/najma/airflow-venv/lib/python3.12/site-packages/airflow/example_dags/tutorial_dag.py
[2026-05-09T16:48:32.366+0100] {processor.py:840} INFO - DAG(s) 'tutorial_dag' retrieved from /home/najma/airflow-venv/lib/python3.12/site-packages/airflow/example_dags/tutorial_dag.py
[2026-05-09T16:48:32.468+0100] {logging_mixin.py:188} INFO - [2026-05-09T16:48:32.467+0100] {dag.py:3096} INFO - Sync 1 DAGs
[2026-05-09T16:48:32.563+0100] {logging_mixin.py:188} INFO - [2026-05-09T16:48:32.563+0100] {dag.py:3954} INFO - Setting next_dagrun for tutorial_dag to None, run_after=None
[2026-05-09T16:48:32.839+0100] {processor.py:183} INFO - Processing /home/najma/airflow-venv/lib/python3.12/site-packages/airflow/example_dags/tutorial_dag.py took 0.522 seconds
[2026-05-09T16:49:48.469+0100] {processor.py:161} INFO - Started process (PID=24136) to work on /home/najma/airflow-venv/lib/python3.12/site-packages/airflow/example_dags/tutorial_dag.py
[2026-05-09T16:49:48.471+0100] {processor.py:830} INFO - Processing file /home/najma/airflow-venv/lib/python3.12/site-packages/airflow/example_dags/tutorial_dag.py for tasks to queue
[2026-05-09T16:49:48.474+0100] {logging_mixin.py:188} INFO - [2026-05-09T16:49:48.474+0100] {dagbag.py:540} INFO - Filling up the DagBag from /home/najma/airflow-venv/lib/python3.12/site-packages/airflow/example_dags/tutorial_dag.py
[2026-05-09T16:49:48.482+0100] {processor.py:840} INFO - DAG(s) 'tutorial_dag' retrieved from /home/najma/airflow-venv/lib/python3.12/site-packages/airflow/example_dags/tutorial_dag.py
[2026-05-09T16:49:48.528+0100] {logging_mixin.py:188} INFO - [2026-05-09T16:49:48.527+0100] {dag.py:3096} INFO - Sync 1 DAGs
[2026-05-09T16:49:48.553+0100] {logging_mixin.py:188} INFO - [2026-05-09T16:49:48.553+0100] {dag.py:3954} INFO - Setting next_dagrun for tutorial_dag to None, run_after=None
[2026-05-09T16:49:48.778+0100] {processor.py:183} INFO - Processing /home/najma/airflow-venv/lib/python3.12/site-packages/airflow/example_dags/tutorial_dag.py took 0.317 seconds
[2026-05-09T16:49:50.271+0100] {processor.py:161} INFO - Started process (PID=24139) to work on /home/najma/airflow-venv/lib/python3.12/site-packages/airflow/example_dags/tutorial_dag.py
[2026-05-09T16:49:50.273+0100] {processor.py:830} INFO - Processing file /home/najma/airflow-venv/lib/python3.12/site-packages/airflow/example_dags/tutorial_dag.py for tasks to queue
[2026-05-09T16:49:50.275+0100] {logging_mixin.py:188} INFO - [2026-05-09T16:49:50.275+0100] {dagbag.py:540} INFO - Filling up the DagBag from /home/najma/airflow-venv/lib/python3.12/site-packages/airflow/example_dags/tutorial_dag.py
[2026-05-09T16:49:50.285+0100] {processor.py:840} INFO - DAG(s) 'tutorial_dag' retrieved from /home/najma/airflow-venv/lib/python3.12/site-packages/airflow/example_dags/tutorial_dag.py
[2026-05-09T16:49:50.333+0100] {logging_mixin.py:188} INFO - [2026-05-09T16:49:50.332+0100] {dag.py:3096} INFO - Sync 1 DAGs
[2026-05-09T16:49:50.359+0100] {logging_mixin.py:188} INFO - [2026-05-09T16:49:50.359+0100] {dag.py:3954} INFO - Setting next_dagrun for tutorial_dag to None, run_after=None
[2026-05-09T16:49:50.538+0100] {processor.py:183} INFO - Processing /home/najma/airflow-venv/lib/python3.12/site-packages/airflow/example_dags/tutorial_dag.py took 0.275 seconds
[2026-05-09T16:51:52.661+0100] {processor.py:161} INFO - Started process (PID=24290) to work on /home/najma/airflow-venv/lib/python3.12/site-packages/airflow/example_dags/tutorial_dag.py
[2026-05-09T16:51:52.666+0100] {processor.py:830} INFO - Processing file /home/najma/airflow-venv/lib/python3.12/site-packages/airflow/example_dags/tutorial_dag.py for tasks to queue
[2026-05-09T16:51:52.676+0100] {logging_mixin.py:188} INFO - [2026-05-09T16:51:52.675+0100] {dagbag.py:540} INFO - Filling up the DagBag from /home/najma/airflow-venv/lib/python3.12/site-packages/airflow/example_dags/tutorial_dag.py
[2026-05-09T16:51:52.706+0100] {processor.py:840} INFO - DAG(s) 'tutorial_dag' retrieved from /home/najma/airflow-venv/lib/python3.12/site-packages/airflow/example_dags/tutorial_dag.py
[2026-05-09T16:51:52.809+0100] {logging_mixin.py:188} INFO - [2026-05-09T16:51:52.809+0100] {dag.py:3096} INFO - Sync 1 DAGs
[2026-05-09T16:51:52.855+0100] {logging_mixin.py:188} INFO - [2026-05-09T16:51:52.855+0100] {dag.py:3954} INFO - Setting next_dagrun for tutorial_dag to None, run_after=None
[2026-05-09T16:51:53.381+0100] {processor.py:183} INFO - Processing /home/najma/airflow-venv/lib/python3.12/site-packages/airflow/example_dags/tutorial_dag.py took 0.741 seconds
[2026-05-09T16:51:54.552+0100] {processor.py:161} INFO - Started process (PID=24291) to work on /home/najma/airflow-venv/lib/python3.12/site-packages/airflow/example_dags/tutorial_dag.py
[2026-05-09T16:51:54.554+0100] {processor.py:830} INFO - Processing file /home/najma/airflow-venv/lib/python3.12/site-packages/airflow/example_dags/tutorial_dag.py for tasks to queue
[2026-05-09T16:51:54.557+0100] {logging_mixin.py:188} INFO - [2026-05-09T16:51:54.556+0100] {dagbag.py:540} INFO - Filling up the DagBag from /home/najma/airflow-venv/lib/python3.12/site-packages/airflow/example_dags/tutorial_dag.py
[2026-05-09T16:51:54.571+0100] {processor.py:840} INFO - DAG(s) 'tutorial_dag' retrieved from /home/najma/airflow-venv/lib/python3.12/site-packages/airflow/example_dags/tutorial_dag.py
[2026-05-09T16:51:54.637+0100] {logging_mixin.py:188} INFO - [2026-05-09T16:51:54.636+0100] {dag.py:3096} INFO - Sync 1 DAGs
[2026-05-09T16:51:54.676+0100] {logging_mixin.py:188} INFO - [2026-05-09T16:51:54.675+0100] {dag.py:3954} INFO - Setting next_dagrun for tutorial_dag to None, run_after=None
[2026-05-09T16:51:54.871+0100] {processor.py:183} INFO - Processing /home/najma/airflow-venv/lib/python3.12/site-packages/airflow/example_dags/tutorial_dag.py took 0.329 seconds
[2026-05-09T16:53:10.823+0100] {processor.py:161} INFO - Started process (PID=24367) to work on /home/najma/airflow-venv/lib/python3.12/site-packages/airflow/example_dags/tutorial_dag.py
[2026-05-09T16:53:10.826+0100] {processor.py:830} INFO - Processing file /home/najma/airflow-venv/lib/python3.12/site-packages/airflow/example_dags/tutorial_dag.py for tasks to queue
[2026-05-09T16:53:10.837+0100] {logging_mixin.py:188} INFO - [2026-05-09T16:53:10.836+0100] {dagbag.py:540} INFO - Filling up the DagBag from /home/najma/airflow-venv/lib/python3.12/site-packages/airflow/example_dags/tutorial_dag.py
[2026-05-09T16:53:10.853+0100] {processor.py:840} INFO - DAG(s) 'tutorial_dag' retrieved from /home/najma/airflow-venv/lib/python3.12/site-packages/airflow/example_dags/tutorial_dag.py
[2026-05-09T16:53:10.935+0100] {logging_mixin.py:188} INFO - [2026-05-09T16:53:10.935+0100] {dag.py:3096} INFO - Sync 1 DAGs
[2026-05-09T16:53:10.979+0100] {logging_mixin.py:188} INFO - [2026-05-09T16:53:10.979+0100] {dag.py:3954} INFO - Setting next_dagrun for tutorial_dag to None, run_after=None
[2026-05-09T16:53:11.204+0100] {processor.py:183} INFO - Processing /home/najma/airflow-venv/lib/python3.12/site-packages/airflow/example_dags/tutorial_dag.py took 0.389 seconds
[2026-05-09T16:53:22.206+0100] {processor.py:161} INFO - Started process (PID=24379) to work on /home/najma/airflow-venv/lib/python3.12/site-packages/airflow/example_dags/tutorial_dag.py
[2026-05-09T16:53:22.211+0100] {processor.py:830} INFO - Processing file /home/najma/airflow-venv/lib/python3.12/site-packages/airflow/example_dags/tutorial_dag.py for tasks to queue
[2026-05-09T16:53:22.221+0100] {logging_mixin.py:188} INFO - [2026-05-09T16:53:22.220+0100] {dagbag.py:540} INFO - Filling up the DagBag from /home/najma/airflow-venv/lib/python3.12/site-packages/airflow/example_dags/tutorial_dag.py
[2026-05-09T16:53:22.238+0100] {processor.py:840} INFO - DAG(s) 'tutorial_dag' retrieved from /home/najma/airflow-venv/lib/python3.12/site-packages/airflow/example_dags/tutorial_dag.py
[2026-05-09T16:53:22.381+0100] {logging_mixin.py:188} INFO - [2026-05-09T16:53:22.381+0100] {dag.py:3096} INFO - Sync 1 DAGs
[2026-05-09T16:53:22.880+0100] {logging_mixin.py:188} INFO - [2026-05-09T16:53:22.880+0100] {dag.py:3954} INFO - Setting next_dagrun for tutorial_dag to None, run_after=None
[2026-05-09T16:53:25.510+0100] {processor.py:183} INFO - Processing /home/najma/airflow-venv/lib/python3.12/site-packages/airflow/example_dags/tutorial_dag.py took 3.312 seconds
[2026-05-09T16:54:41.793+0100] {processor.py:161} INFO - Started process (PID=24452) to work on /home/najma/airflow-venv/lib/python3.12/site-packages/airflow/example_dags/tutorial_dag.py
[2026-05-09T16:54:41.804+0100] {processor.py:830} INFO - Processing file /home/najma/airflow-venv/lib/python3.12/site-packages/airflow/example_dags/tutorial_dag.py for tasks to queue
[2026-05-09T16:54:41.809+0100] {logging_mixin.py:188} INFO - [2026-05-09T16:54:41.808+0100] {dagbag.py:540} INFO - Filling up the DagBag from /home/najma/airflow-venv/lib/python3.12/site-packages/airflow/example_dags/tutorial_dag.py
[2026-05-09T16:54:41.824+0100] {processor.py:840} INFO - DAG(s) 'tutorial_dag' retrieved from /home/najma/airflow-venv/lib/python3.12/site-packages/airflow/example_dags/tutorial_dag.py
[2026-05-09T16:54:41.951+0100] {logging_mixin.py:188} INFO - [2026-05-09T16:54:41.951+0100] {dag.py:3096} INFO - Sync 1 DAGs
[2026-05-09T16:54:41.986+0100] {logging_mixin.py:188} INFO - [2026-05-09T16:54:41.986+0100] {dag.py:3954} INFO - Setting next_dagrun for tutorial_dag to None, run_after=None
[2026-05-09T16:54:42.179+0100] {processor.py:183} INFO - Processing /home/najma/airflow-venv/lib/python3.12/site-packages/airflow/example_dags/tutorial_dag.py took 0.395 seconds
[2026-05-09T16:54:56.608+0100] {processor.py:161} INFO - Started process (PID=24469) to work on /home/najma/airflow-venv/lib/python3.12/site-packages/airflow/example_dags/tutorial_dag.py
[2026-05-09T16:54:56.616+0100] {processor.py:830} INFO - Processing file /home/najma/airflow-venv/lib/python3.12/site-packages/airflow/example_dags/tutorial_dag.py for tasks to queue
[2026-05-09T16:54:56.620+0100] {logging_mixin.py:188} INFO - [2026-05-09T16:54:56.619+0100] {dagbag.py:540} INFO - Filling up the DagBag from /home/najma/airflow-venv/lib/python3.12/site-packages/airflow/example_dags/tutorial_dag.py
[2026-05-09T16:54:56.638+0100] {processor.py:840} INFO - DAG(s) 'tutorial_dag' retrieved from /home/najma/airflow-venv/lib/python3.12/site-packages/airflow/example_dags/tutorial_dag.py
[2026-05-09T16:54:56.825+0100] {logging_mixin.py:188} INFO - [2026-05-09T16:54:56.822+0100] {dag.py:3096} INFO - Sync 1 DAGs
[2026-05-09T16:54:56.890+0100] {logging_mixin.py:188} INFO - [2026-05-09T16:54:56.889+0100] {dag.py:3954} INFO - Setting next_dagrun for tutorial_dag to None, run_after=None
[2026-05-09T16:54:57.546+0100] {processor.py:183} INFO - Processing /home/najma/airflow-venv/lib/python3.12/site-packages/airflow/example_dags/tutorial_dag.py took 0.956 seconds
[2026-05-09T16:56:42.253+0100] {processor.py:161} INFO - Started process (PID=24554) to work on /home/najma/airflow-venv/lib/python3.12/site-packages/airflow/example_dags/tutorial_dag.py
[2026-05-09T16:56:42.263+0100] {processor.py:830} INFO - Processing file /home/najma/airflow-venv/lib/python3.12/site-packages/airflow/example_dags/tutorial_dag.py for tasks to queue
[2026-05-09T16:56:42.267+0100] {logging_mixin.py:188} INFO - [2026-05-09T16:56:42.266+0100] {dagbag.py:540} INFO - Filling up the DagBag from /home/najma/airflow-venv/lib/python3.12/site-packages/airflow/example_dags/tutorial_dag.py
[2026-05-09T16:56:42.294+0100] {processor.py:840} INFO - DAG(s) 'tutorial_dag' retrieved from /home/najma/airflow-venv/lib/python3.12/site-packages/airflow/example_dags/tutorial_dag.py
[2026-05-09T16:56:42.392+0100] {logging_mixin.py:188} INFO - [2026-05-09T16:56:42.392+0100] {dag.py:3096} INFO - Sync 1 DAGs
[2026-05-09T16:56:44.665+0100] {logging_mixin.py:188} INFO - [2026-05-09T16:56:44.664+0100] {dag.py:3954} INFO - Setting next_dagrun for tutorial_dag to None, run_after=None
[2026-05-09T16:56:47.634+0100] {processor.py:183} INFO - Processing /home/najma/airflow-venv/lib/python3.12/site-packages/airflow/example_dags/tutorial_dag.py took 5.391 seconds
[2026-05-09T16:57:08.390+0100] {processor.py:161} INFO - Started process (PID=24578) to work on /home/najma/airflow-venv/lib/python3.12/site-packages/airflow/example_dags/tutorial_dag.py
[2026-05-09T16:57:08.393+0100] {processor.py:830} INFO - Processing file /home/najma/airflow-venv/lib/python3.12/site-packages/airflow/example_dags/tutorial_dag.py for tasks to queue
[2026-05-09T16:57:08.396+0100] {logging_mixin.py:188} INFO - [2026-05-09T16:57:08.396+0100] {dagbag.py:540} INFO - Filling up the DagBag from /home/najma/airflow-venv/lib/python3.12/site-packages/airflow/example_dags/tutorial_dag.py
[2026-05-09T16:57:08.411+0100] {processor.py:840} INFO - DAG(s) 'tutorial_dag' retrieved from /home/najma/airflow-venv/lib/python3.12/site-packages/airflow/example_dags/tutorial_dag.py
[2026-05-09T16:57:08.475+0100] {logging_mixin.py:188} INFO - [2026-05-09T16:57:08.474+0100] {dag.py:3096} INFO - Sync 1 DAGs
[2026-05-09T16:57:08.513+0100] {logging_mixin.py:188} INFO - [2026-05-09T16:57:08.512+0100] {dag.py:3954} INFO - Setting next_dagrun for tutorial_dag to None, run_after=None
[2026-05-09T16:57:08.928+0100] {processor.py:183} INFO - Processing /home/najma/airflow-venv/lib/python3.12/site-packages/airflow/example_dags/tutorial_dag.py took 0.549 seconds
[2026-05-09T16:58:21.788+0100] {processor.py:161} INFO - Started process (PID=24666) to work on /home/najma/airflow-venv/lib/python3.12/site-packages/airflow/example_dags/tutorial_dag.py
[2026-05-09T16:58:21.790+0100] {processor.py:830} INFO - Processing file /home/najma/airflow-venv/lib/python3.12/site-packages/airflow/example_dags/tutorial_dag.py for tasks to queue
[2026-05-09T16:58:21.791+0100] {logging_mixin.py:188} INFO - [2026-05-09T16:58:21.791+0100] {dagbag.py:540} INFO - Filling up the DagBag from /home/najma/airflow-venv/lib/python3.12/site-packages/airflow/example_dags/tutorial_dag.py
[2026-05-09T16:58:21.796+0100] {processor.py:840} INFO - DAG(s) 'tutorial_dag' retrieved from /home/najma/airflow-venv/lib/python3.12/site-packages/airflow/example_dags/tutorial_dag.py
[2026-05-09T16:58:21.822+0100] {logging_mixin.py:188} INFO - [2026-05-09T16:58:21.822+0100] {dag.py:3096} INFO - Sync 1 DAGs
[2026-05-09T16:58:21.836+0100] {logging_mixin.py:188} INFO - [2026-05-09T16:58:21.836+0100] {dag.py:3954} INFO - Setting next_dagrun for tutorial_dag to None, run_after=None
[2026-05-09T16:58:21.927+0100] {processor.py:183} INFO - Processing /home/najma/airflow-venv/lib/python3.12/site-packages/airflow/example_dags/tutorial_dag.py took 0.143 seconds
[2026-05-09T16:58:27.506+0100] {processor.py:161} INFO - Started process (PID=24676) to work on /home/najma/airflow-venv/lib/python3.12/site-packages/airflow/example_dags/tutorial_dag.py
[2026-05-09T16:58:27.507+0100] {processor.py:830} INFO - Processing file /home/najma/airflow-venv/lib/python3.12/site-packages/airflow/example_dags/tutorial_dag.py for tasks to queue
[2026-05-09T16:58:27.511+0100] {logging_mixin.py:188} INFO - [2026-05-09T16:58:27.511+0100] {dagbag.py:540} INFO - Filling up the DagBag from /home/najma/airflow-venv/lib/python3.12/site-packages/airflow/example_dags/tutorial_dag.py
[2026-05-09T16:58:27.522+0100] {processor.py:840} INFO - DAG(s) 'tutorial_dag' retrieved from /home/najma/airflow-venv/lib/python3.12/site-packages/airflow/example_dags/tutorial_dag.py
[2026-05-09T16:58:27.561+0100] {logging_mixin.py:188} INFO - [2026-05-09T16:58:27.561+0100] {dag.py:3096} INFO - Sync 1 DAGs
[2026-05-09T16:58:27.588+0100] {logging_mixin.py:188} INFO - [2026-05-09T16:58:27.587+0100] {dag.py:3954} INFO - Setting next_dagrun for tutorial_dag to None, run_after=None
[2026-05-09T16:58:27.689+0100] {processor.py:183} INFO - Processing /home/najma/airflow-venv/lib/python3.12/site-packages/airflow/example_dags/tutorial_dag.py took 0.188 seconds
[2026-05-09T16:59:27.286+0100] {processor.py:161} INFO - Started process (PID=24755) to work on /home/najma/airflow-venv/lib/python3.12/site-packages/airflow/example_dags/tutorial_dag.py
[2026-05-09T16:59:27.288+0100] {processor.py:830} INFO - Processing file /home/najma/airflow-venv/lib/python3.12/site-packages/airflow/example_dags/tutorial_dag.py for tasks to queue
[2026-05-09T16:59:27.290+0100] {logging_mixin.py:188} INFO - [2026-05-09T16:59:27.290+0100] {dagbag.py:540} INFO - Filling up the DagBag from /home/najma/airflow-venv/lib/python3.12/site-packages/airflow/example_dags/tutorial_dag.py
[2026-05-09T16:59:27.295+0100] {processor.py:840} INFO - DAG(s) 'tutorial_dag' retrieved from /home/najma/airflow-venv/lib/python3.12/site-packages/airflow/example_dags/tutorial_dag.py
[2026-05-09T16:59:27.328+0100] {logging_mixin.py:188} INFO - [2026-05-09T16:59:27.327+0100] {dag.py:3096} INFO - Sync 1 DAGs
[2026-05-09T16:59:27.344+0100] {logging_mixin.py:188} INFO - [2026-05-09T16:59:27.344+0100] {dag.py:3954} INFO - Setting next_dagrun for tutorial_dag to None, run_after=None
[2026-05-09T16:59:27.456+0100] {processor.py:183} INFO - Processing /home/najma/airflow-venv/lib/python3.12/site-packages/airflow/example_dags/tutorial_dag.py took 0.174 seconds
[2026-05-09T16:59:27.862+0100] {processor.py:161} INFO - Started process (PID=24756) to work on /home/najma/airflow-venv/lib/python3.12/site-packages/airflow/example_dags/tutorial_dag.py
[2026-05-09T16:59:27.864+0100] {processor.py:830} INFO - Processing file /home/najma/airflow-venv/lib/python3.12/site-packages/airflow/example_dags/tutorial_dag.py for tasks to queue
[2026-05-09T16:59:27.865+0100] {logging_mixin.py:188} INFO - [2026-05-09T16:59:27.865+0100] {dagbag.py:540} INFO - Filling up the DagBag from /home/najma/airflow-venv/lib/python3.12/site-packages/airflow/example_dags/tutorial_dag.py
[2026-05-09T16:59:27.875+0100] {processor.py:840} INFO - DAG(s) 'tutorial_dag' retrieved from /home/najma/airflow-venv/lib/python3.12/site-packages/airflow/example_dags/tutorial_dag.py
[2026-05-09T16:59:27.906+0100] {logging_mixin.py:188} INFO - [2026-05-09T16:59:27.906+0100] {dag.py:3096} INFO - Sync 1 DAGs
[2026-05-09T16:59:27.925+0100] {logging_mixin.py:188} INFO - [2026-05-09T16:59:27.924+0100] {dag.py:3954} INFO - Setting next_dagrun for tutorial_dag to None, run_after=None
[2026-05-09T16:59:28.018+0100] {processor.py:183} INFO - Processing /home/najma/airflow-venv/lib/python3.12/site-packages/airflow/example_dags/tutorial_dag.py took 0.160 seconds
[2026-05-09T17:00:34.739+0100] {processor.py:161} INFO - Started process (PID=24876) to work on /home/najma/airflow-venv/lib/python3.12/site-packages/airflow/example_dags/tutorial_dag.py
[2026-05-09T17:00:34.749+0100] {processor.py:830} INFO - Processing file /home/najma/airflow-venv/lib/python3.12/site-packages/airflow/example_dags/tutorial_dag.py for tasks to queue
[2026-05-09T17:00:34.760+0100] {logging_mixin.py:188} INFO - [2026-05-09T17:00:34.759+0100] {dagbag.py:540} INFO - Filling up the DagBag from /home/najma/airflow-venv/lib/python3.12/site-packages/airflow/example_dags/tutorial_dag.py
[2026-05-09T17:00:34.768+0100] {processor.py:840} INFO - DAG(s) 'tutorial_dag' retrieved from /home/najma/airflow-venv/lib/python3.12/site-packages/airflow/example_dags/tutorial_dag.py
[2026-05-09T17:00:34.868+0100] {logging_mixin.py:188} INFO - [2026-05-09T17:00:34.867+0100] {dag.py:3096} INFO - Sync 1 DAGs
[2026-05-09T17:00:34.890+0100] {logging_mixin.py:188} INFO - [2026-05-09T17:00:34.889+0100] {dag.py:3954} INFO - Setting next_dagrun for tutorial_dag to None, run_after=None
[2026-05-09T17:00:35.033+0100] {processor.py:183} INFO - Processing /home/najma/airflow-venv/lib/python3.12/site-packages/airflow/example_dags/tutorial_dag.py took 0.301 seconds
[2026-05-09T17:00:39.823+0100] {processor.py:161} INFO - Started process (PID=24883) to work on /home/najma/airflow-venv/lib/python3.12/site-packages/airflow/example_dags/tutorial_dag.py
[2026-05-09T17:00:39.825+0100] {processor.py:830} INFO - Processing file /home/najma/airflow-venv/lib/python3.12/site-packages/airflow/example_dags/tutorial_dag.py for tasks to queue
[2026-05-09T17:00:39.828+0100] {logging_mixin.py:188} INFO - [2026-05-09T17:00:39.827+0100] {dagbag.py:540} INFO - Filling up the DagBag from /home/najma/airflow-venv/lib/python3.12/site-packages/airflow/example_dags/tutorial_dag.py
[2026-05-09T17:00:39.832+0100] {processor.py:840} INFO - DAG(s) 'tutorial_dag' retrieved from /home/najma/airflow-venv/lib/python3.12/site-packages/airflow/example_dags/tutorial_dag.py
[2026-05-09T17:00:39.862+0100] {logging_mixin.py:188} INFO - [2026-05-09T17:00:39.861+0100] {dag.py:3096} INFO - Sync 1 DAGs
[2026-05-09T17:00:39.875+0100] {logging_mixin.py:188} INFO - [2026-05-09T17:00:39.875+0100] {dag.py:3954} INFO - Setting next_dagrun for tutorial_dag to None, run_after=None
[2026-05-09T17:00:39.976+0100] {processor.py:183} INFO - Processing /home/najma/airflow-venv/lib/python3.12/site-packages/airflow/example_dags/tutorial_dag.py took 0.157 seconds
[2026-05-09T17:01:52.074+0100] {processor.py:161} INFO - Started process (PID=25003) to work on /home/najma/airflow-venv/lib/python3.12/site-packages/airflow/example_dags/tutorial_dag.py
[2026-05-09T17:01:52.076+0100] {processor.py:830} INFO - Processing file /home/najma/airflow-venv/lib/python3.12/site-packages/airflow/example_dags/tutorial_dag.py for tasks to queue
[2026-05-09T17:01:52.078+0100] {logging_mixin.py:188} INFO - [2026-05-09T17:01:52.077+0100] {dagbag.py:540} INFO - Filling up the DagBag from /home/najma/airflow-venv/lib/python3.12/site-packages/airflow/example_dags/tutorial_dag.py
[2026-05-09T17:01:52.091+0100] {processor.py:840} INFO - DAG(s) 'tutorial_dag' retrieved from /home/najma/airflow-venv/lib/python3.12/site-packages/airflow/example_dags/tutorial_dag.py
[2026-05-09T17:01:52.140+0100] {logging_mixin.py:188} INFO - [2026-05-09T17:01:52.140+0100] {dag.py:3096} INFO - Sync 1 DAGs
[2026-05-09T17:01:52.172+0100] {logging_mixin.py:188} INFO - [2026-05-09T17:01:52.172+0100] {dag.py:3954} INFO - Setting next_dagrun for tutorial_dag to None, run_after=None
[2026-05-09T17:01:52.288+0100] {processor.py:183} INFO - Processing /home/najma/airflow-venv/lib/python3.12/site-packages/airflow/example_dags/tutorial_dag.py took 0.219 seconds
[2026-05-09T17:01:52.585+0100] {processor.py:161} INFO - Started process (PID=25004) to work on /home/najma/airflow-venv/lib/python3.12/site-packages/airflow/example_dags/tutorial_dag.py
[2026-05-09T17:01:52.586+0100] {processor.py:830} INFO - Processing file /home/najma/airflow-venv/lib/python3.12/site-packages/airflow/example_dags/tutorial_dag.py for tasks to queue
[2026-05-09T17:01:52.588+0100] {logging_mixin.py:188} INFO - [2026-05-09T17:01:52.588+0100] {dagbag.py:540} INFO - Filling up the DagBag from /home/najma/airflow-venv/lib/python3.12/site-packages/airflow/example_dags/tutorial_dag.py
[2026-05-09T17:01:52.603+0100] {processor.py:840} INFO - DAG(s) 'tutorial_dag' retrieved from /home/najma/airflow-venv/lib/python3.12/site-packages/airflow/example_dags/tutorial_dag.py
[2026-05-09T17:01:52.650+0100] {logging_mixin.py:188} INFO - [2026-05-09T17:01:52.649+0100] {dag.py:3096} INFO - Sync 1 DAGs
[2026-05-09T17:01:52.682+0100] {logging_mixin.py:188} INFO - [2026-05-09T17:01:52.682+0100] {dag.py:3954} INFO - Setting next_dagrun for tutorial_dag to None, run_after=None
[2026-05-09T17:01:52.797+0100] {processor.py:183} INFO - Processing /home/najma/airflow-venv/lib/python3.12/site-packages/airflow/example_dags/tutorial_dag.py took 0.222 seconds
[2026-05-09T17:02:47.754+0100] {processor.py:161} INFO - Started process (PID=25091) to work on /home/najma/airflow-venv/lib/python3.12/site-packages/airflow/example_dags/tutorial_dag.py
[2026-05-09T17:02:47.756+0100] {processor.py:830} INFO - Processing file /home/najma/airflow-venv/lib/python3.12/site-packages/airflow/example_dags/tutorial_dag.py for tasks to queue
[2026-05-09T17:02:47.758+0100] {logging_mixin.py:188} INFO - [2026-05-09T17:02:47.757+0100] {dagbag.py:540} INFO - Filling up the DagBag from /home/najma/airflow-venv/lib/python3.12/site-packages/airflow/example_dags/tutorial_dag.py
[2026-05-09T17:02:47.762+0100] {processor.py:840} INFO - DAG(s) 'tutorial_dag' retrieved from /home/najma/airflow-venv/lib/python3.12/site-packages/airflow/example_dags/tutorial_dag.py
[2026-05-09T17:02:47.791+0100] {logging_mixin.py:188} INFO - [2026-05-09T17:02:47.791+0100] {dag.py:3096} INFO - Sync 1 DAGs
[2026-05-09T17:02:47.812+0100] {logging_mixin.py:188} INFO - [2026-05-09T17:02:47.811+0100] {dag.py:3954} INFO - Setting next_dagrun for tutorial_dag to None, run_after=None
[2026-05-09T17:02:47.901+0100] {processor.py:183} INFO - Processing /home/najma/airflow-venv/lib/python3.12/site-packages/airflow/example_dags/tutorial_dag.py took 0.151 seconds
[2026-05-09T17:03:20.652+0100] {processor.py:161} INFO - Started process (PID=25143) to work on /home/najma/airflow-venv/lib/python3.12/site-packages/airflow/example_dags/tutorial_dag.py
[2026-05-09T17:03:20.654+0100] {processor.py:830} INFO - Processing file /home/najma/airflow-venv/lib/python3.12/site-packages/airflow/example_dags/tutorial_dag.py for tasks to queue
[2026-05-09T17:03:20.656+0100] {logging_mixin.py:188} INFO - [2026-05-09T17:03:20.655+0100] {dagbag.py:540} INFO - Filling up the DagBag from /home/najma/airflow-venv/lib/python3.12/site-packages/airflow/example_dags/tutorial_dag.py
[2026-05-09T17:03:20.660+0100] {processor.py:840} INFO - DAG(s) 'tutorial_dag' retrieved from /home/najma/airflow-venv/lib/python3.12/site-packages/airflow/example_dags/tutorial_dag.py
[2026-05-09T17:03:20.688+0100] {logging_mixin.py:188} INFO - [2026-05-09T17:03:20.688+0100] {dag.py:3096} INFO - Sync 1 DAGs
[2026-05-09T17:03:20.703+0100] {logging_mixin.py:188} INFO - [2026-05-09T17:03:20.703+0100] {dag.py:3954} INFO - Setting next_dagrun for tutorial_dag to None, run_after=None
[2026-05-09T17:03:20.804+0100] {processor.py:183} INFO - Processing /home/najma/airflow-venv/lib/python3.12/site-packages/airflow/example_dags/tutorial_dag.py took 0.156 seconds
[2026-05-09T17:04:04.183+0100] {processor.py:161} INFO - Started process (PID=25218) to work on /home/najma/airflow-venv/lib/python3.12/site-packages/airflow/example_dags/tutorial_dag.py
[2026-05-09T17:04:04.184+0100] {processor.py:830} INFO - Processing file /home/najma/airflow-venv/lib/python3.12/site-packages/airflow/example_dags/tutorial_dag.py for tasks to queue
[2026-05-09T17:04:04.186+0100] {logging_mixin.py:188} INFO - [2026-05-09T17:04:04.185+0100] {dagbag.py:540} INFO - Filling up the DagBag from /home/najma/airflow-venv/lib/python3.12/site-packages/airflow/example_dags/tutorial_dag.py
[2026-05-09T17:04:04.190+0100] {processor.py:840} INFO - DAG(s) 'tutorial_dag' retrieved from /home/najma/airflow-venv/lib/python3.12/site-packages/airflow/example_dags/tutorial_dag.py
[2026-05-09T17:04:04.218+0100] {logging_mixin.py:188} INFO - [2026-05-09T17:04:04.218+0100] {dag.py:3096} INFO - Sync 1 DAGs
[2026-05-09T17:04:04.231+0100] {logging_mixin.py:188} INFO - [2026-05-09T17:04:04.231+0100] {dag.py:3954} INFO - Setting next_dagrun for tutorial_dag to None, run_after=None
[2026-05-09T17:04:04.318+0100] {processor.py:183} INFO - Processing /home/najma/airflow-venv/lib/python3.12/site-packages/airflow/example_dags/tutorial_dag.py took 0.139 seconds
[2026-05-09T17:52:23.721+0100] {processor.py:161} INFO - Started process (PID=25304) to work on /home/najma/airflow-venv/lib/python3.12/site-packages/airflow/example_dags/tutorial_dag.py
[2026-05-09T17:52:23.723+0100] {processor.py:830} INFO - Processing file /home/najma/airflow-venv/lib/python3.12/site-packages/airflow/example_dags/tutorial_dag.py for tasks to queue
[2026-05-09T17:52:23.733+0100] {logging_mixin.py:188} INFO - [2026-05-09T17:52:23.733+0100] {dagbag.py:540} INFO - Filling up the DagBag from /home/najma/airflow-venv/lib/python3.12/site-packages/airflow/example_dags/tutorial_dag.py
[2026-05-09T17:52:23.750+0100] {processor.py:840} INFO - DAG(s) 'tutorial_dag' retrieved from /home/najma/airflow-venv/lib/python3.12/site-packages/airflow/example_dags/tutorial_dag.py
[2026-05-09T17:52:23.801+0100] {logging_mixin.py:188} INFO - [2026-05-09T17:52:23.800+0100] {dag.py:3096} INFO - Sync 1 DAGs
[2026-05-09T17:52:23.833+0100] {logging_mixin.py:188} INFO - [2026-05-09T17:52:23.833+0100] {dag.py:3954} INFO - Setting next_dagrun for tutorial_dag to None, run_after=None
[2026-05-09T17:52:24.088+0100] {processor.py:183} INFO - Processing /home/najma/airflow-venv/lib/python3.12/site-packages/airflow/example_dags/tutorial_dag.py took 0.373 seconds
[2026-05-09T17:53:17.549+0100] {processor.py:161} INFO - Started process (PID=25372) to work on /home/najma/airflow-venv/lib/python3.12/site-packages/airflow/example_dags/tutorial_dag.py
[2026-05-09T17:53:17.552+0100] {processor.py:830} INFO - Processing file /home/najma/airflow-venv/lib/python3.12/site-packages/airflow/example_dags/tutorial_dag.py for tasks to queue
[2026-05-09T17:53:17.555+0100] {logging_mixin.py:188} INFO - [2026-05-09T17:53:17.554+0100] {dagbag.py:540} INFO - Filling up the DagBag from /home/najma/airflow-venv/lib/python3.12/site-packages/airflow/example_dags/tutorial_dag.py
[2026-05-09T17:53:17.562+0100] {processor.py:840} INFO - DAG(s) 'tutorial_dag' retrieved from /home/najma/airflow-venv/lib/python3.12/site-packages/airflow/example_dags/tutorial_dag.py
[2026-05-09T17:53:17.624+0100] {logging_mixin.py:188} INFO - [2026-05-09T17:53:17.624+0100] {dag.py:3096} INFO - Sync 1 DAGs
[2026-05-09T17:53:17.647+0100] {logging_mixin.py:188} INFO - [2026-05-09T17:53:17.646+0100] {dag.py:3954} INFO - Setting next_dagrun for tutorial_dag to None, run_after=None
[2026-05-09T17:53:17.795+0100] {processor.py:183} INFO - Processing /home/najma/airflow-venv/lib/python3.12/site-packages/airflow/example_dags/tutorial_dag.py took 0.253 seconds
[2026-05-09T17:54:17.949+0100] {processor.py:161} INFO - Started process (PID=25455) to work on /home/najma/airflow-venv/lib/python3.12/site-packages/airflow/example_dags/tutorial_dag.py
[2026-05-09T17:54:17.951+0100] {processor.py:830} INFO - Processing file /home/najma/airflow-venv/lib/python3.12/site-packages/airflow/example_dags/tutorial_dag.py for tasks to queue
[2026-05-09T17:54:17.953+0100] {logging_mixin.py:188} INFO - [2026-05-09T17:54:17.952+0100] {dagbag.py:540} INFO - Filling up the DagBag from /home/najma/airflow-venv/lib/python3.12/site-packages/airflow/example_dags/tutorial_dag.py
[2026-05-09T17:54:17.957+0100] {processor.py:840} INFO - DAG(s) 'tutorial_dag' retrieved from /home/najma/airflow-venv/lib/python3.12/site-packages/airflow/example_dags/tutorial_dag.py
[2026-05-09T17:54:17.989+0100] {logging_mixin.py:188} INFO - [2026-05-09T17:54:17.989+0100] {dag.py:3096} INFO - Sync 1 DAGs
[2026-05-09T17:54:18.003+0100] {logging_mixin.py:188} INFO - [2026-05-09T17:54:18.003+0100] {dag.py:3954} INFO - Setting next_dagrun for tutorial_dag to None, run_after=None
[2026-05-09T17:54:18.105+0100] {processor.py:183} INFO - Processing /home/najma/airflow-venv/lib/python3.12/site-packages/airflow/example_dags/tutorial_dag.py took 0.161 seconds
[2026-05-09T17:54:20.045+0100] {processor.py:161} INFO - Started process (PID=25459) to work on /home/najma/airflow-venv/lib/python3.12/site-packages/airflow/example_dags/tutorial_dag.py
[2026-05-09T17:54:20.048+0100] {processor.py:830} INFO - Processing file /home/najma/airflow-venv/lib/python3.12/site-packages/airflow/example_dags/tutorial_dag.py for tasks to queue
[2026-05-09T17:54:20.050+0100] {logging_mixin.py:188} INFO - [2026-05-09T17:54:20.049+0100] {dagbag.py:540} INFO - Filling up the DagBag from /home/najma/airflow-venv/lib/python3.12/site-packages/airflow/example_dags/tutorial_dag.py
[2026-05-09T17:54:20.061+0100] {processor.py:840} INFO - DAG(s) 'tutorial_dag' retrieved from /home/najma/airflow-venv/lib/python3.12/site-packages/airflow/example_dags/tutorial_dag.py
[2026-05-09T17:54:20.127+0100] {logging_mixin.py:188} INFO - [2026-05-09T17:54:20.126+0100] {dag.py:3096} INFO - Sync 1 DAGs
[2026-05-09T17:54:20.155+0100] {logging_mixin.py:188} INFO - [2026-05-09T17:54:20.155+0100] {dag.py:3954} INFO - Setting next_dagrun for tutorial_dag to None, run_after=None
[2026-05-09T17:54:20.268+0100] {processor.py:183} INFO - Processing /home/najma/airflow-venv/lib/python3.12/site-packages/airflow/example_dags/tutorial_dag.py took 0.227 seconds
[2026-05-09T17:55:42.692+0100] {processor.py:161} INFO - Started process (PID=25583) to work on /home/najma/airflow-venv/lib/python3.12/site-packages/airflow/example_dags/tutorial_dag.py
[2026-05-09T17:55:42.694+0100] {processor.py:830} INFO - Processing file /home/najma/airflow-venv/lib/python3.12/site-packages/airflow/example_dags/tutorial_dag.py for tasks to queue
[2026-05-09T17:55:42.696+0100] {logging_mixin.py:188} INFO - [2026-05-09T17:55:42.695+0100] {dagbag.py:540} INFO - Filling up the DagBag from /home/najma/airflow-venv/lib/python3.12/site-packages/airflow/example_dags/tutorial_dag.py
[2026-05-09T17:55:42.704+0100] {processor.py:840} INFO - DAG(s) 'tutorial_dag' retrieved from /home/najma/airflow-venv/lib/python3.12/site-packages/airflow/example_dags/tutorial_dag.py
[2026-05-09T17:55:42.735+0100] {logging_mixin.py:188} INFO - [2026-05-09T17:55:42.735+0100] {dag.py:3096} INFO - Sync 1 DAGs
[2026-05-09T17:55:42.752+0100] {logging_mixin.py:188} INFO - [2026-05-09T17:55:42.751+0100] {dag.py:3954} INFO - Setting next_dagrun for tutorial_dag to None, run_after=None
[2026-05-09T17:55:42.902+0100] {processor.py:183} INFO - Processing /home/najma/airflow-venv/lib/python3.12/site-packages/airflow/example_dags/tutorial_dag.py took 0.214 seconds
[2026-05-09T17:55:48.088+0100] {processor.py:161} INFO - Started process (PID=25590) to work on /home/najma/airflow-venv/lib/python3.12/site-packages/airflow/example_dags/tutorial_dag.py
[2026-05-09T17:55:48.089+0100] {processor.py:830} INFO - Processing file /home/najma/airflow-venv/lib/python3.12/site-packages/airflow/example_dags/tutorial_dag.py for tasks to queue
[2026-05-09T17:55:48.091+0100] {logging_mixin.py:188} INFO - [2026-05-09T17:55:48.091+0100] {dagbag.py:540} INFO - Filling up the DagBag from /home/najma/airflow-venv/lib/python3.12/site-packages/airflow/example_dags/tutorial_dag.py
[2026-05-09T17:55:48.095+0100] {processor.py:840} INFO - DAG(s) 'tutorial_dag' retrieved from /home/najma/airflow-venv/lib/python3.12/site-packages/airflow/example_dags/tutorial_dag.py
[2026-05-09T17:55:48.126+0100] {logging_mixin.py:188} INFO - [2026-05-09T17:55:48.125+0100] {dag.py:3096} INFO - Sync 1 DAGs
[2026-05-09T17:55:48.147+0100] {logging_mixin.py:188} INFO - [2026-05-09T17:55:48.147+0100] {dag.py:3954} INFO - Setting next_dagrun for tutorial_dag to None, run_after=None
[2026-05-09T17:55:48.334+0100] {processor.py:183} INFO - Processing /home/najma/airflow-venv/lib/python3.12/site-packages/airflow/example_dags/tutorial_dag.py took 0.250 seconds
[2026-05-09T17:56:57.600+0100] {processor.py:161} INFO - Started process (PID=25704) to work on /home/najma/airflow-venv/lib/python3.12/site-packages/airflow/example_dags/tutorial_dag.py
[2026-05-09T17:56:57.601+0100] {processor.py:830} INFO - Processing file /home/najma/airflow-venv/lib/python3.12/site-packages/airflow/example_dags/tutorial_dag.py for tasks to queue
[2026-05-09T17:56:57.603+0100] {logging_mixin.py:188} INFO - [2026-05-09T17:56:57.602+0100] {dagbag.py:540} INFO - Filling up the DagBag from /home/najma/airflow-venv/lib/python3.12/site-packages/airflow/example_dags/tutorial_dag.py
[2026-05-09T17:56:57.608+0100] {processor.py:840} INFO - DAG(s) 'tutorial_dag' retrieved from /home/najma/airflow-venv/lib/python3.12/site-packages/airflow/example_dags/tutorial_dag.py
[2026-05-09T17:56:57.637+0100] {logging_mixin.py:188} INFO - [2026-05-09T17:56:57.636+0100] {dag.py:3096} INFO - Sync 1 DAGs
[2026-05-09T17:56:57.651+0100] {logging_mixin.py:188} INFO - [2026-05-09T17:56:57.651+0100] {dag.py:3954} INFO - Setting next_dagrun for tutorial_dag to None, run_after=None
[2026-05-09T17:56:57.749+0100] {processor.py:183} INFO - Processing /home/najma/airflow-venv/lib/python3.12/site-packages/airflow/example_dags/tutorial_dag.py took 0.154 seconds
[2026-05-09T17:57:03.240+0100] {processor.py:161} INFO - Started process (PID=25715) to work on /home/najma/airflow-venv/lib/python3.12/site-packages/airflow/example_dags/tutorial_dag.py
[2026-05-09T17:57:03.241+0100] {processor.py:830} INFO - Processing file /home/najma/airflow-venv/lib/python3.12/site-packages/airflow/example_dags/tutorial_dag.py for tasks to queue
[2026-05-09T17:57:03.243+0100] {logging_mixin.py:188} INFO - [2026-05-09T17:57:03.243+0100] {dagbag.py:540} INFO - Filling up the DagBag from /home/najma/airflow-venv/lib/python3.12/site-packages/airflow/example_dags/tutorial_dag.py
[2026-05-09T17:57:03.254+0100] {processor.py:840} INFO - DAG(s) 'tutorial_dag' retrieved from /home/najma/airflow-venv/lib/python3.12/site-packages/airflow/example_dags/tutorial_dag.py
[2026-05-09T17:57:03.288+0100] {logging_mixin.py:188} INFO - [2026-05-09T17:57:03.287+0100] {dag.py:3096} INFO - Sync 1 DAGs
[2026-05-09T17:57:03.306+0100] {logging_mixin.py:188} INFO - [2026-05-09T17:57:03.306+0100] {dag.py:3954} INFO - Setting next_dagrun for tutorial_dag to None, run_after=None
[2026-05-09T17:57:03.401+0100] {processor.py:183} INFO - Processing /home/najma/airflow-venv/lib/python3.12/site-packages/airflow/example_dags/tutorial_dag.py took 0.166 seconds
[2026-05-09T17:58:16.627+0100] {processor.py:161} INFO - Started process (PID=25828) to work on /home/najma/airflow-venv/lib/python3.12/site-packages/airflow/example_dags/tutorial_dag.py
[2026-05-09T17:58:16.628+0100] {processor.py:830} INFO - Processing file /home/najma/airflow-venv/lib/python3.12/site-packages/airflow/example_dags/tutorial_dag.py for tasks to queue
[2026-05-09T17:58:16.630+0100] {logging_mixin.py:188} INFO - [2026-05-09T17:58:16.629+0100] {dagbag.py:540} INFO - Filling up the DagBag from /home/najma/airflow-venv/lib/python3.12/site-packages/airflow/example_dags/tutorial_dag.py
[2026-05-09T17:58:16.636+0100] {processor.py:840} INFO - DAG(s) 'tutorial_dag' retrieved from /home/najma/airflow-venv/lib/python3.12/site-packages/airflow/example_dags/tutorial_dag.py
[2026-05-09T17:58:16.663+0100] {logging_mixin.py:188} INFO - [2026-05-09T17:58:16.663+0100] {dag.py:3096} INFO - Sync 1 DAGs
[2026-05-09T17:58:16.678+0100] {logging_mixin.py:188} INFO - [2026-05-09T17:58:16.678+0100] {dag.py:3954} INFO - Setting next_dagrun for tutorial_dag to None, run_after=None
[2026-05-09T17:58:16.780+0100] {processor.py:183} INFO - Processing /home/najma/airflow-venv/lib/python3.12/site-packages/airflow/example_dags/tutorial_dag.py took 0.157 seconds
[2026-05-09T17:58:25.243+0100] {processor.py:161} INFO - Started process (PID=25842) to work on /home/najma/airflow-venv/lib/python3.12/site-packages/airflow/example_dags/tutorial_dag.py
[2026-05-09T17:58:25.244+0100] {processor.py:830} INFO - Processing file /home/najma/airflow-venv/lib/python3.12/site-packages/airflow/example_dags/tutorial_dag.py for tasks to queue
[2026-05-09T17:58:25.246+0100] {logging_mixin.py:188} INFO - [2026-05-09T17:58:25.246+0100] {dagbag.py:540} INFO - Filling up the DagBag from /home/najma/airflow-venv/lib/python3.12/site-packages/airflow/example_dags/tutorial_dag.py
[2026-05-09T17:58:25.253+0100] {processor.py:840} INFO - DAG(s) 'tutorial_dag' retrieved from /home/najma/airflow-venv/lib/python3.12/site-packages/airflow/example_dags/tutorial_dag.py
[2026-05-09T17:58:25.279+0100] {logging_mixin.py:188} INFO - [2026-05-09T17:58:25.279+0100] {dag.py:3096} INFO - Sync 1 DAGs
[2026-05-09T17:58:25.293+0100] {logging_mixin.py:188} INFO - [2026-05-09T17:58:25.293+0100] {dag.py:3954} INFO - Setting next_dagrun for tutorial_dag to None, run_after=None
[2026-05-09T17:58:25.403+0100] {processor.py:183} INFO - Processing /home/najma/airflow-venv/lib/python3.12/site-packages/airflow/example_dags/tutorial_dag.py took 0.164 seconds
[2026-05-09T17:59:29.160+0100] {processor.py:161} INFO - Started process (PID=25947) to work on /home/najma/airflow-venv/lib/python3.12/site-packages/airflow/example_dags/tutorial_dag.py
[2026-05-09T17:59:29.161+0100] {processor.py:830} INFO - Processing file /home/najma/airflow-venv/lib/python3.12/site-packages/airflow/example_dags/tutorial_dag.py for tasks to queue
[2026-05-09T17:59:29.163+0100] {logging_mixin.py:188} INFO - [2026-05-09T17:59:29.162+0100] {dagbag.py:540} INFO - Filling up the DagBag from /home/najma/airflow-venv/lib/python3.12/site-packages/airflow/example_dags/tutorial_dag.py
[2026-05-09T17:59:29.169+0100] {processor.py:840} INFO - DAG(s) 'tutorial_dag' retrieved from /home/najma/airflow-venv/lib/python3.12/site-packages/airflow/example_dags/tutorial_dag.py
[2026-05-09T17:59:29.197+0100] {logging_mixin.py:188} INFO - [2026-05-09T17:59:29.197+0100] {dag.py:3096} INFO - Sync 1 DAGs
[2026-05-09T17:59:29.212+0100] {logging_mixin.py:188} INFO - [2026-05-09T17:59:29.212+0100] {dag.py:3954} INFO - Setting next_dagrun for tutorial_dag to None, run_after=None
[2026-05-09T17:59:29.315+0100] {processor.py:183} INFO - Processing /home/najma/airflow-venv/lib/python3.12/site-packages/airflow/example_dags/tutorial_dag.py took 0.159 seconds
[2026-05-09T17:59:35.002+0100] {processor.py:161} INFO - Started process (PID=25957) to work on /home/najma/airflow-venv/lib/python3.12/site-packages/airflow/example_dags/tutorial_dag.py
[2026-05-09T17:59:35.004+0100] {processor.py:830} INFO - Processing file /home/najma/airflow-venv/lib/python3.12/site-packages/airflow/example_dags/tutorial_dag.py for tasks to queue
[2026-05-09T17:59:35.006+0100] {logging_mixin.py:188} INFO - [2026-05-09T17:59:35.005+0100] {dagbag.py:540} INFO - Filling up the DagBag from /home/najma/airflow-venv/lib/python3.12/site-packages/airflow/example_dags/tutorial_dag.py
[2026-05-09T17:59:35.018+0100] {processor.py:840} INFO - DAG(s) 'tutorial_dag' retrieved from /home/najma/airflow-venv/lib/python3.12/site-packages/airflow/example_dags/tutorial_dag.py
[2026-05-09T17:59:35.059+0100] {logging_mixin.py:188} INFO - [2026-05-09T17:59:35.059+0100] {dag.py:3096} INFO - Sync 1 DAGs
[2026-05-09T17:59:35.075+0100] {logging_mixin.py:188} INFO - [2026-05-09T17:59:35.075+0100] {dag.py:3954} INFO - Setting next_dagrun for tutorial_dag to None, run_after=None
[2026-05-09T17:59:35.176+0100] {processor.py:183} INFO - Processing /home/najma/airflow-venv/lib/python3.12/site-packages/airflow/example_dags/tutorial_dag.py took 0.179 seconds
[2026-05-09T18:00:41.276+0100] {processor.py:161} INFO - Started process (PID=26069) to work on /home/najma/airflow-venv/lib/python3.12/site-packages/airflow/example_dags/tutorial_dag.py
[2026-05-09T18:00:41.277+0100] {processor.py:830} INFO - Processing file /home/najma/airflow-venv/lib/python3.12/site-packages/airflow/example_dags/tutorial_dag.py for tasks to queue
[2026-05-09T18:00:41.278+0100] {logging_mixin.py:188} INFO - [2026-05-09T18:00:41.278+0100] {dagbag.py:540} INFO - Filling up the DagBag from /home/najma/airflow-venv/lib/python3.12/site-packages/airflow/example_dags/tutorial_dag.py
[2026-05-09T18:00:41.286+0100] {processor.py:840} INFO - DAG(s) 'tutorial_dag' retrieved from /home/najma/airflow-venv/lib/python3.12/site-packages/airflow/example_dags/tutorial_dag.py
[2026-05-09T18:00:41.314+0100] {logging_mixin.py:188} INFO - [2026-05-09T18:00:41.313+0100] {dag.py:3096} INFO - Sync 1 DAGs
[2026-05-09T18:00:41.330+0100] {logging_mixin.py:188} INFO - [2026-05-09T18:00:41.330+0100] {dag.py:3954} INFO - Setting next_dagrun for tutorial_dag to None, run_after=None
[2026-05-09T18:00:41.452+0100] {processor.py:183} INFO - Processing /home/najma/airflow-venv/lib/python3.12/site-packages/airflow/example_dags/tutorial_dag.py took 0.180 seconds
[2026-05-09T18:00:45.144+0100] {processor.py:161} INFO - Started process (PID=26076) to work on /home/najma/airflow-venv/lib/python3.12/site-packages/airflow/example_dags/tutorial_dag.py
[2026-05-09T18:00:45.145+0100] {processor.py:830} INFO - Processing file /home/najma/airflow-venv/lib/python3.12/site-packages/airflow/example_dags/tutorial_dag.py for tasks to queue
[2026-05-09T18:00:45.147+0100] {logging_mixin.py:188} INFO - [2026-05-09T18:00:45.147+0100] {dagbag.py:540} INFO - Filling up the DagBag from /home/najma/airflow-venv/lib/python3.12/site-packages/airflow/example_dags/tutorial_dag.py
[2026-05-09T18:00:45.153+0100] {processor.py:840} INFO - DAG(s) 'tutorial_dag' retrieved from /home/najma/airflow-venv/lib/python3.12/site-packages/airflow/example_dags/tutorial_dag.py
[2026-05-09T18:00:45.179+0100] {logging_mixin.py:188} INFO - [2026-05-09T18:00:45.179+0100] {dag.py:3096} INFO - Sync 1 DAGs
[2026-05-09T18:00:45.194+0100] {logging_mixin.py:188} INFO - [2026-05-09T18:00:45.194+0100] {dag.py:3954} INFO - Setting next_dagrun for tutorial_dag to None, run_after=None
[2026-05-09T18:00:45.298+0100] {processor.py:183} INFO - Processing /home/najma/airflow-venv/lib/python3.12/site-packages/airflow/example_dags/tutorial_dag.py took 0.159 seconds
[2026-05-09T18:02:13.047+0100] {processor.py:161} INFO - Started process (PID=26202) to work on /home/najma/airflow-venv/lib/python3.12/site-packages/airflow/example_dags/tutorial_dag.py
[2026-05-09T18:02:13.050+0100] {processor.py:830} INFO - Processing file /home/najma/airflow-venv/lib/python3.12/site-packages/airflow/example_dags/tutorial_dag.py for tasks to queue
[2026-05-09T18:02:13.056+0100] {logging_mixin.py:188} INFO - [2026-05-09T18:02:13.052+0100] {dagbag.py:540} INFO - Filling up the DagBag from /home/najma/airflow-venv/lib/python3.12/site-packages/airflow/example_dags/tutorial_dag.py
[2026-05-09T18:02:13.065+0100] {processor.py:840} INFO - DAG(s) 'tutorial_dag' retrieved from /home/najma/airflow-venv/lib/python3.12/site-packages/airflow/example_dags/tutorial_dag.py
[2026-05-09T18:02:13.121+0100] {logging_mixin.py:188} INFO - [2026-05-09T18:02:13.121+0100] {dag.py:3096} INFO - Sync 1 DAGs
[2026-05-09T18:02:13.145+0100] {logging_mixin.py:188} INFO - [2026-05-09T18:02:13.145+0100] {dag.py:3954} INFO - Setting next_dagrun for tutorial_dag to None, run_after=None
[2026-05-09T18:02:13.328+0100] {processor.py:183} INFO - Processing /home/najma/airflow-venv/lib/python3.12/site-packages/airflow/example_dags/tutorial_dag.py took 0.287 seconds
[2026-05-09T18:02:27.752+0100] {processor.py:161} INFO - Started process (PID=26220) to work on /home/najma/airflow-venv/lib/python3.12/site-packages/airflow/example_dags/tutorial_dag.py
[2026-05-09T18:02:27.753+0100] {processor.py:830} INFO - Processing file /home/najma/airflow-venv/lib/python3.12/site-packages/airflow/example_dags/tutorial_dag.py for tasks to queue
[2026-05-09T18:02:27.755+0100] {logging_mixin.py:188} INFO - [2026-05-09T18:02:27.755+0100] {dagbag.py:540} INFO - Filling up the DagBag from /home/najma/airflow-venv/lib/python3.12/site-packages/airflow/example_dags/tutorial_dag.py
[2026-05-09T18:02:27.761+0100] {processor.py:840} INFO - DAG(s) 'tutorial_dag' retrieved from /home/najma/airflow-venv/lib/python3.12/site-packages/airflow/example_dags/tutorial_dag.py
[2026-05-09T18:02:27.792+0100] {logging_mixin.py:188} INFO - [2026-05-09T18:02:27.791+0100] {dag.py:3096} INFO - Sync 1 DAGs
[2026-05-09T18:02:27.809+0100] {logging_mixin.py:188} INFO - [2026-05-09T18:02:27.809+0100] {dag.py:3954} INFO - Setting next_dagrun for tutorial_dag to None, run_after=None
[2026-05-09T18:02:27.924+0100] {processor.py:183} INFO - Processing /home/najma/airflow-venv/lib/python3.12/site-packages/airflow/example_dags/tutorial_dag.py took 0.176 seconds
