[2026-05-09T16:16:35.989+0100] {processor.py:161} INFO - Started process (PID=21429) to work on /home/najma/airflow-venv/lib/python3.12/site-packages/airflow/example_dags/plugins/event_listener.py
[2026-05-09T16:16:35.991+0100] {processor.py:830} INFO - Processing file /home/najma/airflow-venv/lib/python3.12/site-packages/airflow/example_dags/plugins/event_listener.py for tasks to queue
[2026-05-09T16:16:35.994+0100] {logging_mixin.py:188} INFO - [2026-05-09T16:16:35.994+0100] {dagbag.py:540} INFO - Filling up the DagBag from /home/najma/airflow-venv/lib/python3.12/site-packages/airflow/example_dags/plugins/event_listener.py
[2026-05-09T16:16:35.998+0100] {processor.py:842} WARNING - No viable dags retrieved from /home/najma/airflow-venv/lib/python3.12/site-packages/airflow/example_dags/plugins/event_listener.py
[2026-05-09T16:16:36.041+0100] {processor.py:183} INFO - Processing /home/najma/airflow-venv/lib/python3.12/site-packages/airflow/example_dags/plugins/event_listener.py took 0.057 seconds
[2026-05-09T16:18:13.917+0100] {processor.py:161} INFO - Started process (PID=21559) to work on /home/najma/airflow-venv/lib/python3.12/site-packages/airflow/example_dags/plugins/event_listener.py
[2026-05-09T16:18:13.919+0100] {processor.py:830} INFO - Processing file /home/najma/airflow-venv/lib/python3.12/site-packages/airflow/example_dags/plugins/event_listener.py for tasks to queue
[2026-05-09T16:18:13.921+0100] {logging_mixin.py:188} INFO - [2026-05-09T16:18:13.920+0100] {dagbag.py:540} INFO - Filling up the DagBag from /home/najma/airflow-venv/lib/python3.12/site-packages/airflow/example_dags/plugins/event_listener.py
[2026-05-09T16:18:13.923+0100] {processor.py:842} WARNING - No viable dags retrieved from /home/najma/airflow-venv/lib/python3.12/site-packages/airflow/example_dags/plugins/event_listener.py
[2026-05-09T16:18:13.948+0100] {processor.py:183} INFO - Processing /home/najma/airflow-venv/lib/python3.12/site-packages/airflow/example_dags/plugins/event_listener.py took 0.034 seconds
[2026-05-09T16:19:37.895+0100] {processor.py:161} INFO - Started process (PID=21633) to work on /home/najma/airflow-venv/lib/python3.12/site-packages/airflow/example_dags/plugins/event_listener.py
[2026-05-09T16:19:37.897+0100] {processor.py:830} INFO - Processing file /home/najma/airflow-venv/lib/python3.12/site-packages/airflow/example_dags/plugins/event_listener.py for tasks to queue
[2026-05-09T16:19:37.901+0100] {logging_mixin.py:188} INFO - [2026-05-09T16:19:37.900+0100] {dagbag.py:540} INFO - Filling up the DagBag from /home/najma/airflow-venv/lib/python3.12/site-packages/airflow/example_dags/plugins/event_listener.py
[2026-05-09T16:19:37.905+0100] {processor.py:842} WARNING - No viable dags retrieved from /home/najma/airflow-venv/lib/python3.12/site-packages/airflow/example_dags/plugins/event_listener.py
[2026-05-09T16:19:37.961+0100] {processor.py:183} INFO - Processing /home/najma/airflow-venv/lib/python3.12/site-packages/airflow/example_dags/plugins/event_listener.py took 0.074 seconds
[2026-05-09T16:20:57.696+0100] {processor.py:161} INFO - Started process (PID=21708) to work on /home/najma/airflow-venv/lib/python3.12/site-packages/airflow/example_dags/plugins/event_listener.py
[2026-05-09T16:20:57.699+0100] {processor.py:830} INFO - Processing file /home/najma/airflow-venv/lib/python3.12/site-packages/airflow/example_dags/plugins/event_listener.py for tasks to queue
[2026-05-09T16:20:57.703+0100] {logging_mixin.py:188} INFO - [2026-05-09T16:20:57.702+0100] {dagbag.py:540} INFO - Filling up the DagBag from /home/najma/airflow-venv/lib/python3.12/site-packages/airflow/example_dags/plugins/event_listener.py
[2026-05-09T16:20:57.709+0100] {processor.py:842} WARNING - No viable dags retrieved from /home/najma/airflow-venv/lib/python3.12/site-packages/airflow/example_dags/plugins/event_listener.py
[2026-05-09T16:20:57.767+0100] {processor.py:183} INFO - Processing /home/najma/airflow-venv/lib/python3.12/site-packages/airflow/example_dags/plugins/event_listener.py took 0.085 seconds
[2026-05-09T16:22:23.054+0100] {processor.py:161} INFO - Started process (PID=21781) to work on /home/najma/airflow-venv/lib/python3.12/site-packages/airflow/example_dags/plugins/event_listener.py
[2026-05-09T16:22:23.057+0100] {processor.py:830} INFO - Processing file /home/najma/airflow-venv/lib/python3.12/site-packages/airflow/example_dags/plugins/event_listener.py for tasks to queue
[2026-05-09T16:22:23.060+0100] {logging_mixin.py:188} INFO - [2026-05-09T16:22:23.059+0100] {dagbag.py:540} INFO - Filling up the DagBag from /home/najma/airflow-venv/lib/python3.12/site-packages/airflow/example_dags/plugins/event_listener.py
[2026-05-09T16:22:23.064+0100] {processor.py:842} WARNING - No viable dags retrieved from /home/najma/airflow-venv/lib/python3.12/site-packages/airflow/example_dags/plugins/event_listener.py
[2026-05-09T16:22:23.120+0100] {processor.py:183} INFO - Processing /home/najma/airflow-venv/lib/python3.12/site-packages/airflow/example_dags/plugins/event_listener.py took 0.074 seconds
[2026-05-09T16:23:42.662+0100] {processor.py:161} INFO - Started process (PID=21879) to work on /home/najma/airflow-venv/lib/python3.12/site-packages/airflow/example_dags/plugins/event_listener.py
[2026-05-09T16:23:42.664+0100] {processor.py:830} INFO - Processing file /home/najma/airflow-venv/lib/python3.12/site-packages/airflow/example_dags/plugins/event_listener.py for tasks to queue
[2026-05-09T16:23:42.666+0100] {logging_mixin.py:188} INFO - [2026-05-09T16:23:42.666+0100] {dagbag.py:540} INFO - Filling up the DagBag from /home/najma/airflow-venv/lib/python3.12/site-packages/airflow/example_dags/plugins/event_listener.py
[2026-05-09T16:23:42.669+0100] {processor.py:842} WARNING - No viable dags retrieved from /home/najma/airflow-venv/lib/python3.12/site-packages/airflow/example_dags/plugins/event_listener.py
[2026-05-09T16:23:42.694+0100] {processor.py:183} INFO - Processing /home/najma/airflow-venv/lib/python3.12/site-packages/airflow/example_dags/plugins/event_listener.py took 0.036 seconds
[2026-05-09T16:23:49.655+0100] {processor.py:161} INFO - Started process (PID=21891) to work on /home/najma/airflow-venv/lib/python3.12/site-packages/airflow/example_dags/plugins/event_listener.py
[2026-05-09T16:23:49.657+0100] {processor.py:830} INFO - Processing file /home/najma/airflow-venv/lib/python3.12/site-packages/airflow/example_dags/plugins/event_listener.py for tasks to queue
[2026-05-09T16:23:49.659+0100] {logging_mixin.py:188} INFO - [2026-05-09T16:23:49.659+0100] {dagbag.py:540} INFO - Filling up the DagBag from /home/najma/airflow-venv/lib/python3.12/site-packages/airflow/example_dags/plugins/event_listener.py
[2026-05-09T16:23:49.662+0100] {processor.py:842} WARNING - No viable dags retrieved from /home/najma/airflow-venv/lib/python3.12/site-packages/airflow/example_dags/plugins/event_listener.py
[2026-05-09T16:23:49.717+0100] {processor.py:183} INFO - Processing /home/najma/airflow-venv/lib/python3.12/site-packages/airflow/example_dags/plugins/event_listener.py took 0.067 seconds
[2026-05-09T16:24:55.848+0100] {processor.py:161} INFO - Started process (PID=21996) to work on /home/najma/airflow-venv/lib/python3.12/site-packages/airflow/example_dags/plugins/event_listener.py
[2026-05-09T16:24:55.850+0100] {processor.py:830} INFO - Processing file /home/najma/airflow-venv/lib/python3.12/site-packages/airflow/example_dags/plugins/event_listener.py for tasks to queue
[2026-05-09T16:24:55.851+0100] {logging_mixin.py:188} INFO - [2026-05-09T16:24:55.851+0100] {dagbag.py:540} INFO - Filling up the DagBag from /home/najma/airflow-venv/lib/python3.12/site-packages/airflow/example_dags/plugins/event_listener.py
[2026-05-09T16:24:55.853+0100] {processor.py:842} WARNING - No viable dags retrieved from /home/najma/airflow-venv/lib/python3.12/site-packages/airflow/example_dags/plugins/event_listener.py
[2026-05-09T16:24:55.879+0100] {processor.py:183} INFO - Processing /home/najma/airflow-venv/lib/python3.12/site-packages/airflow/example_dags/plugins/event_listener.py took 0.034 seconds
[2026-05-09T16:25:14.086+0100] {processor.py:161} INFO - Started process (PID=22029) to work on /home/najma/airflow-venv/lib/python3.12/site-packages/airflow/example_dags/plugins/event_listener.py
[2026-05-09T16:25:14.087+0100] {processor.py:830} INFO - Processing file /home/najma/airflow-venv/lib/python3.12/site-packages/airflow/example_dags/plugins/event_listener.py for tasks to queue
[2026-05-09T16:25:14.089+0100] {logging_mixin.py:188} INFO - [2026-05-09T16:25:14.089+0100] {dagbag.py:540} INFO - Filling up the DagBag from /home/najma/airflow-venv/lib/python3.12/site-packages/airflow/example_dags/plugins/event_listener.py
[2026-05-09T16:25:14.092+0100] {processor.py:842} WARNING - No viable dags retrieved from /home/najma/airflow-venv/lib/python3.12/site-packages/airflow/example_dags/plugins/event_listener.py
[2026-05-09T16:25:14.117+0100] {processor.py:183} INFO - Processing /home/najma/airflow-venv/lib/python3.12/site-packages/airflow/example_dags/plugins/event_listener.py took 0.036 seconds
[2026-05-09T16:26:11.127+0100] {processor.py:161} INFO - Started process (PID=22123) to work on /home/najma/airflow-venv/lib/python3.12/site-packages/airflow/example_dags/plugins/event_listener.py
[2026-05-09T16:26:11.129+0100] {processor.py:830} INFO - Processing file /home/najma/airflow-venv/lib/python3.12/site-packages/airflow/example_dags/plugins/event_listener.py for tasks to queue
[2026-05-09T16:26:11.131+0100] {logging_mixin.py:188} INFO - [2026-05-09T16:26:11.130+0100] {dagbag.py:540} INFO - Filling up the DagBag from /home/najma/airflow-venv/lib/python3.12/site-packages/airflow/example_dags/plugins/event_listener.py
[2026-05-09T16:26:11.134+0100] {processor.py:842} WARNING - No viable dags retrieved from /home/najma/airflow-venv/lib/python3.12/site-packages/airflow/example_dags/plugins/event_listener.py
[2026-05-09T16:26:11.157+0100] {processor.py:183} INFO - Processing /home/najma/airflow-venv/lib/python3.12/site-packages/airflow/example_dags/plugins/event_listener.py took 0.034 seconds
[2026-05-09T16:26:34.312+0100] {processor.py:161} INFO - Started process (PID=22161) to work on /home/najma/airflow-venv/lib/python3.12/site-packages/airflow/example_dags/plugins/event_listener.py
[2026-05-09T16:26:34.315+0100] {processor.py:830} INFO - Processing file /home/najma/airflow-venv/lib/python3.12/site-packages/airflow/example_dags/plugins/event_listener.py for tasks to queue
[2026-05-09T16:26:34.318+0100] {logging_mixin.py:188} INFO - [2026-05-09T16:26:34.318+0100] {dagbag.py:540} INFO - Filling up the DagBag from /home/najma/airflow-venv/lib/python3.12/site-packages/airflow/example_dags/plugins/event_listener.py
[2026-05-09T16:26:34.322+0100] {processor.py:842} WARNING - No viable dags retrieved from /home/najma/airflow-venv/lib/python3.12/site-packages/airflow/example_dags/plugins/event_listener.py
[2026-05-09T16:26:34.381+0100] {processor.py:183} INFO - Processing /home/najma/airflow-venv/lib/python3.12/site-packages/airflow/example_dags/plugins/event_listener.py took 0.077 seconds
[2026-05-09T16:27:36.137+0100] {processor.py:161} INFO - Started process (PID=22257) to work on /home/najma/airflow-venv/lib/python3.12/site-packages/airflow/example_dags/plugins/event_listener.py
[2026-05-09T16:27:36.139+0100] {processor.py:830} INFO - Processing file /home/najma/airflow-venv/lib/python3.12/site-packages/airflow/example_dags/plugins/event_listener.py for tasks to queue
[2026-05-09T16:27:36.141+0100] {logging_mixin.py:188} INFO - [2026-05-09T16:27:36.141+0100] {dagbag.py:540} INFO - Filling up the DagBag from /home/najma/airflow-venv/lib/python3.12/site-packages/airflow/example_dags/plugins/event_listener.py
[2026-05-09T16:27:36.144+0100] {processor.py:842} WARNING - No viable dags retrieved from /home/najma/airflow-venv/lib/python3.12/site-packages/airflow/example_dags/plugins/event_listener.py
[2026-05-09T16:27:36.171+0100] {processor.py:183} INFO - Processing /home/najma/airflow-venv/lib/python3.12/site-packages/airflow/example_dags/plugins/event_listener.py took 0.039 seconds
[2026-05-09T16:28:01.211+0100] {processor.py:161} INFO - Started process (PID=22295) to work on /home/najma/airflow-venv/lib/python3.12/site-packages/airflow/example_dags/plugins/event_listener.py
[2026-05-09T16:28:01.212+0100] {processor.py:830} INFO - Processing file /home/najma/airflow-venv/lib/python3.12/site-packages/airflow/example_dags/plugins/event_listener.py for tasks to queue
[2026-05-09T16:28:01.214+0100] {logging_mixin.py:188} INFO - [2026-05-09T16:28:01.214+0100] {dagbag.py:540} INFO - Filling up the DagBag from /home/najma/airflow-venv/lib/python3.12/site-packages/airflow/example_dags/plugins/event_listener.py
[2026-05-09T16:28:01.216+0100] {processor.py:842} WARNING - No viable dags retrieved from /home/najma/airflow-venv/lib/python3.12/site-packages/airflow/example_dags/plugins/event_listener.py
[2026-05-09T16:28:01.252+0100] {processor.py:183} INFO - Processing /home/najma/airflow-venv/lib/python3.12/site-packages/airflow/example_dags/plugins/event_listener.py took 0.047 seconds
[2026-05-09T16:28:54.086+0100] {processor.py:161} INFO - Started process (PID=22385) to work on /home/najma/airflow-venv/lib/python3.12/site-packages/airflow/example_dags/plugins/event_listener.py
[2026-05-09T16:28:54.087+0100] {processor.py:830} INFO - Processing file /home/najma/airflow-venv/lib/python3.12/site-packages/airflow/example_dags/plugins/event_listener.py for tasks to queue
[2026-05-09T16:28:54.089+0100] {logging_mixin.py:188} INFO - [2026-05-09T16:28:54.088+0100] {dagbag.py:540} INFO - Filling up the DagBag from /home/najma/airflow-venv/lib/python3.12/site-packages/airflow/example_dags/plugins/event_listener.py
[2026-05-09T16:28:54.091+0100] {processor.py:842} WARNING - No viable dags retrieved from /home/najma/airflow-venv/lib/python3.12/site-packages/airflow/example_dags/plugins/event_listener.py
[2026-05-09T16:28:54.112+0100] {processor.py:183} INFO - Processing /home/najma/airflow-venv/lib/python3.12/site-packages/airflow/example_dags/plugins/event_listener.py took 0.030 seconds
[2026-05-09T16:29:18.584+0100] {processor.py:161} INFO - Started process (PID=22422) to work on /home/najma/airflow-venv/lib/python3.12/site-packages/airflow/example_dags/plugins/event_listener.py
[2026-05-09T16:29:18.585+0100] {processor.py:830} INFO - Processing file /home/najma/airflow-venv/lib/python3.12/site-packages/airflow/example_dags/plugins/event_listener.py for tasks to queue
[2026-05-09T16:29:18.587+0100] {logging_mixin.py:188} INFO - [2026-05-09T16:29:18.587+0100] {dagbag.py:540} INFO - Filling up the DagBag from /home/najma/airflow-venv/lib/python3.12/site-packages/airflow/example_dags/plugins/event_listener.py
[2026-05-09T16:29:18.589+0100] {processor.py:842} WARNING - No viable dags retrieved from /home/najma/airflow-venv/lib/python3.12/site-packages/airflow/example_dags/plugins/event_listener.py
[2026-05-09T16:29:18.610+0100] {processor.py:183} INFO - Processing /home/najma/airflow-venv/lib/python3.12/site-packages/airflow/example_dags/plugins/event_listener.py took 0.030 seconds
[2026-05-09T16:30:17.745+0100] {processor.py:161} INFO - Started process (PID=22520) to work on /home/najma/airflow-venv/lib/python3.12/site-packages/airflow/example_dags/plugins/event_listener.py
[2026-05-09T16:30:17.746+0100] {processor.py:830} INFO - Processing file /home/najma/airflow-venv/lib/python3.12/site-packages/airflow/example_dags/plugins/event_listener.py for tasks to queue
[2026-05-09T16:30:17.747+0100] {logging_mixin.py:188} INFO - [2026-05-09T16:30:17.747+0100] {dagbag.py:540} INFO - Filling up the DagBag from /home/najma/airflow-venv/lib/python3.12/site-packages/airflow/example_dags/plugins/event_listener.py
[2026-05-09T16:30:17.749+0100] {processor.py:842} WARNING - No viable dags retrieved from /home/najma/airflow-venv/lib/python3.12/site-packages/airflow/example_dags/plugins/event_listener.py
[2026-05-09T16:30:17.786+0100] {processor.py:183} INFO - Processing /home/najma/airflow-venv/lib/python3.12/site-packages/airflow/example_dags/plugins/event_listener.py took 0.046 seconds
[2026-05-09T16:30:36.805+0100] {processor.py:161} INFO - Started process (PID=22550) to work on /home/najma/airflow-venv/lib/python3.12/site-packages/airflow/example_dags/plugins/event_listener.py
[2026-05-09T16:30:36.807+0100] {processor.py:830} INFO - Processing file /home/najma/airflow-venv/lib/python3.12/site-packages/airflow/example_dags/plugins/event_listener.py for tasks to queue
[2026-05-09T16:30:36.808+0100] {logging_mixin.py:188} INFO - [2026-05-09T16:30:36.808+0100] {dagbag.py:540} INFO - Filling up the DagBag from /home/najma/airflow-venv/lib/python3.12/site-packages/airflow/example_dags/plugins/event_listener.py
[2026-05-09T16:30:36.810+0100] {processor.py:842} WARNING - No viable dags retrieved from /home/najma/airflow-venv/lib/python3.12/site-packages/airflow/example_dags/plugins/event_listener.py
[2026-05-09T16:30:36.832+0100] {processor.py:183} INFO - Processing /home/najma/airflow-venv/lib/python3.12/site-packages/airflow/example_dags/plugins/event_listener.py took 0.030 seconds
[2026-05-09T16:31:37.813+0100] {processor.py:161} INFO - Started process (PID=22651) to work on /home/najma/airflow-venv/lib/python3.12/site-packages/airflow/example_dags/plugins/event_listener.py
[2026-05-09T16:31:37.814+0100] {processor.py:830} INFO - Processing file /home/najma/airflow-venv/lib/python3.12/site-packages/airflow/example_dags/plugins/event_listener.py for tasks to queue
[2026-05-09T16:31:37.821+0100] {logging_mixin.py:188} INFO - [2026-05-09T16:31:37.818+0100] {dagbag.py:540} INFO - Filling up the DagBag from /home/najma/airflow-venv/lib/python3.12/site-packages/airflow/example_dags/plugins/event_listener.py
[2026-05-09T16:31:37.824+0100] {processor.py:842} WARNING - No viable dags retrieved from /home/najma/airflow-venv/lib/python3.12/site-packages/airflow/example_dags/plugins/event_listener.py
[2026-05-09T16:31:37.850+0100] {processor.py:183} INFO - Processing /home/najma/airflow-venv/lib/python3.12/site-packages/airflow/example_dags/plugins/event_listener.py took 0.042 seconds
[2026-05-09T16:31:55.087+0100] {processor.py:161} INFO - Started process (PID=22677) to work on /home/najma/airflow-venv/lib/python3.12/site-packages/airflow/example_dags/plugins/event_listener.py
[2026-05-09T16:31:55.090+0100] {processor.py:830} INFO - Processing file /home/najma/airflow-venv/lib/python3.12/site-packages/airflow/example_dags/plugins/event_listener.py for tasks to queue
[2026-05-09T16:31:55.093+0100] {logging_mixin.py:188} INFO - [2026-05-09T16:31:55.093+0100] {dagbag.py:540} INFO - Filling up the DagBag from /home/najma/airflow-venv/lib/python3.12/site-packages/airflow/example_dags/plugins/event_listener.py
[2026-05-09T16:31:55.097+0100] {processor.py:842} WARNING - No viable dags retrieved from /home/najma/airflow-venv/lib/python3.12/site-packages/airflow/example_dags/plugins/event_listener.py
[2026-05-09T16:31:55.158+0100] {processor.py:183} INFO - Processing /home/najma/airflow-venv/lib/python3.12/site-packages/airflow/example_dags/plugins/event_listener.py took 0.079 seconds
[2026-05-09T16:33:04.053+0100] {processor.py:161} INFO - Started process (PID=22782) to work on /home/najma/airflow-venv/lib/python3.12/site-packages/airflow/example_dags/plugins/event_listener.py
[2026-05-09T16:33:04.057+0100] {processor.py:830} INFO - Processing file /home/najma/airflow-venv/lib/python3.12/site-packages/airflow/example_dags/plugins/event_listener.py for tasks to queue
[2026-05-09T16:33:04.059+0100] {logging_mixin.py:188} INFO - [2026-05-09T16:33:04.058+0100] {dagbag.py:540} INFO - Filling up the DagBag from /home/najma/airflow-venv/lib/python3.12/site-packages/airflow/example_dags/plugins/event_listener.py
[2026-05-09T16:33:04.061+0100] {processor.py:842} WARNING - No viable dags retrieved from /home/najma/airflow-venv/lib/python3.12/site-packages/airflow/example_dags/plugins/event_listener.py
[2026-05-09T16:33:04.145+0100] {processor.py:183} INFO - Processing /home/najma/airflow-venv/lib/python3.12/site-packages/airflow/example_dags/plugins/event_listener.py took 0.097 seconds
[2026-05-09T16:33:28.910+0100] {processor.py:161} INFO - Started process (PID=22817) to work on /home/najma/airflow-venv/lib/python3.12/site-packages/airflow/example_dags/plugins/event_listener.py
[2026-05-09T16:33:28.912+0100] {processor.py:830} INFO - Processing file /home/najma/airflow-venv/lib/python3.12/site-packages/airflow/example_dags/plugins/event_listener.py for tasks to queue
[2026-05-09T16:33:28.914+0100] {logging_mixin.py:188} INFO - [2026-05-09T16:33:28.914+0100] {dagbag.py:540} INFO - Filling up the DagBag from /home/najma/airflow-venv/lib/python3.12/site-packages/airflow/example_dags/plugins/event_listener.py
[2026-05-09T16:33:28.916+0100] {processor.py:842} WARNING - No viable dags retrieved from /home/najma/airflow-venv/lib/python3.12/site-packages/airflow/example_dags/plugins/event_listener.py
[2026-05-09T16:33:28.946+0100] {processor.py:183} INFO - Processing /home/najma/airflow-venv/lib/python3.12/site-packages/airflow/example_dags/plugins/event_listener.py took 0.040 seconds
[2026-05-09T16:34:39.241+0100] {processor.py:161} INFO - Started process (PID=22929) to work on /home/najma/airflow-venv/lib/python3.12/site-packages/airflow/example_dags/plugins/event_listener.py
[2026-05-09T16:34:39.244+0100] {processor.py:830} INFO - Processing file /home/najma/airflow-venv/lib/python3.12/site-packages/airflow/example_dags/plugins/event_listener.py for tasks to queue
[2026-05-09T16:34:39.249+0100] {logging_mixin.py:188} INFO - [2026-05-09T16:34:39.248+0100] {dagbag.py:540} INFO - Filling up the DagBag from /home/najma/airflow-venv/lib/python3.12/site-packages/airflow/example_dags/plugins/event_listener.py
[2026-05-09T16:34:39.253+0100] {processor.py:842} WARNING - No viable dags retrieved from /home/najma/airflow-venv/lib/python3.12/site-packages/airflow/example_dags/plugins/event_listener.py
[2026-05-09T16:34:39.318+0100] {processor.py:183} INFO - Processing /home/najma/airflow-venv/lib/python3.12/site-packages/airflow/example_dags/plugins/event_listener.py took 0.087 seconds
[2026-05-09T16:34:48.774+0100] {processor.py:161} INFO - Started process (PID=22946) to work on /home/najma/airflow-venv/lib/python3.12/site-packages/airflow/example_dags/plugins/event_listener.py
[2026-05-09T16:34:48.776+0100] {processor.py:830} INFO - Processing file /home/najma/airflow-venv/lib/python3.12/site-packages/airflow/example_dags/plugins/event_listener.py for tasks to queue
[2026-05-09T16:34:48.778+0100] {logging_mixin.py:188} INFO - [2026-05-09T16:34:48.777+0100] {dagbag.py:540} INFO - Filling up the DagBag from /home/najma/airflow-venv/lib/python3.12/site-packages/airflow/example_dags/plugins/event_listener.py
[2026-05-09T16:34:48.783+0100] {processor.py:842} WARNING - No viable dags retrieved from /home/najma/airflow-venv/lib/python3.12/site-packages/airflow/example_dags/plugins/event_listener.py
[2026-05-09T16:34:48.810+0100] {processor.py:183} INFO - Processing /home/najma/airflow-venv/lib/python3.12/site-packages/airflow/example_dags/plugins/event_listener.py took 0.040 seconds
[2026-05-09T16:35:56.925+0100] {processor.py:161} INFO - Started process (PID=23063) to work on /home/najma/airflow-venv/lib/python3.12/site-packages/airflow/example_dags/plugins/event_listener.py
[2026-05-09T16:35:56.927+0100] {processor.py:830} INFO - Processing file /home/najma/airflow-venv/lib/python3.12/site-packages/airflow/example_dags/plugins/event_listener.py for tasks to queue
[2026-05-09T16:35:56.928+0100] {logging_mixin.py:188} INFO - [2026-05-09T16:35:56.928+0100] {dagbag.py:540} INFO - Filling up the DagBag from /home/najma/airflow-venv/lib/python3.12/site-packages/airflow/example_dags/plugins/event_listener.py
[2026-05-09T16:35:56.931+0100] {processor.py:842} WARNING - No viable dags retrieved from /home/najma/airflow-venv/lib/python3.12/site-packages/airflow/example_dags/plugins/event_listener.py
[2026-05-09T16:35:56.967+0100] {processor.py:183} INFO - Processing /home/najma/airflow-venv/lib/python3.12/site-packages/airflow/example_dags/plugins/event_listener.py took 0.045 seconds
[2026-05-09T16:36:10.465+0100] {processor.py:161} INFO - Started process (PID=23084) to work on /home/najma/airflow-venv/lib/python3.12/site-packages/airflow/example_dags/plugins/event_listener.py
[2026-05-09T16:36:10.467+0100] {processor.py:830} INFO - Processing file /home/najma/airflow-venv/lib/python3.12/site-packages/airflow/example_dags/plugins/event_listener.py for tasks to queue
[2026-05-09T16:36:10.469+0100] {logging_mixin.py:188} INFO - [2026-05-09T16:36:10.468+0100] {dagbag.py:540} INFO - Filling up the DagBag from /home/najma/airflow-venv/lib/python3.12/site-packages/airflow/example_dags/plugins/event_listener.py
[2026-05-09T16:36:10.473+0100] {processor.py:842} WARNING - No viable dags retrieved from /home/najma/airflow-venv/lib/python3.12/site-packages/airflow/example_dags/plugins/event_listener.py
[2026-05-09T16:36:10.512+0100] {processor.py:183} INFO - Processing /home/najma/airflow-venv/lib/python3.12/site-packages/airflow/example_dags/plugins/event_listener.py took 0.052 seconds
[2026-05-09T16:37:31.589+0100] {processor.py:161} INFO - Started process (PID=23205) to work on /home/najma/airflow-venv/lib/python3.12/site-packages/airflow/example_dags/plugins/event_listener.py
[2026-05-09T16:37:31.605+0100] {processor.py:830} INFO - Processing file /home/najma/airflow-venv/lib/python3.12/site-packages/airflow/example_dags/plugins/event_listener.py for tasks to queue
[2026-05-09T16:37:31.607+0100] {logging_mixin.py:188} INFO - [2026-05-09T16:37:31.606+0100] {dagbag.py:540} INFO - Filling up the DagBag from /home/najma/airflow-venv/lib/python3.12/site-packages/airflow/example_dags/plugins/event_listener.py
[2026-05-09T16:37:31.609+0100] {processor.py:842} WARNING - No viable dags retrieved from /home/najma/airflow-venv/lib/python3.12/site-packages/airflow/example_dags/plugins/event_listener.py
[2026-05-09T16:37:31.638+0100] {processor.py:183} INFO - Processing /home/najma/airflow-venv/lib/python3.12/site-packages/airflow/example_dags/plugins/event_listener.py took 0.053 seconds
[2026-05-09T16:37:38.614+0100] {processor.py:161} INFO - Started process (PID=23215) to work on /home/najma/airflow-venv/lib/python3.12/site-packages/airflow/example_dags/plugins/event_listener.py
[2026-05-09T16:37:38.615+0100] {processor.py:830} INFO - Processing file /home/najma/airflow-venv/lib/python3.12/site-packages/airflow/example_dags/plugins/event_listener.py for tasks to queue
[2026-05-09T16:37:38.617+0100] {logging_mixin.py:188} INFO - [2026-05-09T16:37:38.617+0100] {dagbag.py:540} INFO - Filling up the DagBag from /home/najma/airflow-venv/lib/python3.12/site-packages/airflow/example_dags/plugins/event_listener.py
[2026-05-09T16:37:38.619+0100] {processor.py:842} WARNING - No viable dags retrieved from /home/najma/airflow-venv/lib/python3.12/site-packages/airflow/example_dags/plugins/event_listener.py
[2026-05-09T16:37:38.644+0100] {processor.py:183} INFO - Processing /home/najma/airflow-venv/lib/python3.12/site-packages/airflow/example_dags/plugins/event_listener.py took 0.034 seconds
[2026-05-09T16:39:10.636+0100] {processor.py:161} INFO - Started process (PID=23337) to work on /home/najma/airflow-venv/lib/python3.12/site-packages/airflow/example_dags/plugins/event_listener.py
[2026-05-09T16:39:10.638+0100] {processor.py:830} INFO - Processing file /home/najma/airflow-venv/lib/python3.12/site-packages/airflow/example_dags/plugins/event_listener.py for tasks to queue
[2026-05-09T16:39:10.641+0100] {logging_mixin.py:188} INFO - [2026-05-09T16:39:10.641+0100] {dagbag.py:540} INFO - Filling up the DagBag from /home/najma/airflow-venv/lib/python3.12/site-packages/airflow/example_dags/plugins/event_listener.py
[2026-05-09T16:39:10.645+0100] {processor.py:842} WARNING - No viable dags retrieved from /home/najma/airflow-venv/lib/python3.12/site-packages/airflow/example_dags/plugins/event_listener.py
[2026-05-09T16:39:10.704+0100] {processor.py:183} INFO - Processing /home/najma/airflow-venv/lib/python3.12/site-packages/airflow/example_dags/plugins/event_listener.py took 0.075 seconds
[2026-05-09T16:39:26.647+0100] {processor.py:161} INFO - Started process (PID=23361) to work on /home/najma/airflow-venv/lib/python3.12/site-packages/airflow/example_dags/plugins/event_listener.py
[2026-05-09T16:39:26.649+0100] {processor.py:830} INFO - Processing file /home/najma/airflow-venv/lib/python3.12/site-packages/airflow/example_dags/plugins/event_listener.py for tasks to queue
[2026-05-09T16:39:26.657+0100] {logging_mixin.py:188} INFO - [2026-05-09T16:39:26.654+0100] {dagbag.py:540} INFO - Filling up the DagBag from /home/najma/airflow-venv/lib/python3.12/site-packages/airflow/example_dags/plugins/event_listener.py
[2026-05-09T16:39:26.662+0100] {processor.py:842} WARNING - No viable dags retrieved from /home/najma/airflow-venv/lib/python3.12/site-packages/airflow/example_dags/plugins/event_listener.py
[2026-05-09T16:39:26.714+0100] {processor.py:183} INFO - Processing /home/najma/airflow-venv/lib/python3.12/site-packages/airflow/example_dags/plugins/event_listener.py took 0.075 seconds
[2026-05-09T16:40:55.757+0100] {processor.py:161} INFO - Started process (PID=23480) to work on /home/najma/airflow-venv/lib/python3.12/site-packages/airflow/example_dags/plugins/event_listener.py
[2026-05-09T16:40:55.760+0100] {processor.py:830} INFO - Processing file /home/najma/airflow-venv/lib/python3.12/site-packages/airflow/example_dags/plugins/event_listener.py for tasks to queue
[2026-05-09T16:40:55.770+0100] {logging_mixin.py:188} INFO - [2026-05-09T16:40:55.770+0100] {dagbag.py:540} INFO - Filling up the DagBag from /home/najma/airflow-venv/lib/python3.12/site-packages/airflow/example_dags/plugins/event_listener.py
[2026-05-09T16:40:55.774+0100] {processor.py:842} WARNING - No viable dags retrieved from /home/najma/airflow-venv/lib/python3.12/site-packages/airflow/example_dags/plugins/event_listener.py
[2026-05-09T16:40:55.847+0100] {processor.py:183} INFO - Processing /home/najma/airflow-venv/lib/python3.12/site-packages/airflow/example_dags/plugins/event_listener.py took 0.096 seconds
[2026-05-09T16:41:17.635+0100] {processor.py:161} INFO - Started process (PID=23512) to work on /home/najma/airflow-venv/lib/python3.12/site-packages/airflow/example_dags/plugins/event_listener.py
[2026-05-09T16:41:17.638+0100] {processor.py:830} INFO - Processing file /home/najma/airflow-venv/lib/python3.12/site-packages/airflow/example_dags/plugins/event_listener.py for tasks to queue
[2026-05-09T16:41:17.642+0100] {logging_mixin.py:188} INFO - [2026-05-09T16:41:17.641+0100] {dagbag.py:540} INFO - Filling up the DagBag from /home/najma/airflow-venv/lib/python3.12/site-packages/airflow/example_dags/plugins/event_listener.py
[2026-05-09T16:41:17.646+0100] {processor.py:842} WARNING - No viable dags retrieved from /home/najma/airflow-venv/lib/python3.12/site-packages/airflow/example_dags/plugins/event_listener.py
[2026-05-09T16:41:17.700+0100] {processor.py:183} INFO - Processing /home/najma/airflow-venv/lib/python3.12/site-packages/airflow/example_dags/plugins/event_listener.py took 0.073 seconds
[2026-05-09T16:42:41.464+0100] {processor.py:161} INFO - Started process (PID=23624) to work on /home/najma/airflow-venv/lib/python3.12/site-packages/airflow/example_dags/plugins/event_listener.py
[2026-05-09T16:42:41.466+0100] {processor.py:830} INFO - Processing file /home/najma/airflow-venv/lib/python3.12/site-packages/airflow/example_dags/plugins/event_listener.py for tasks to queue
[2026-05-09T16:42:41.470+0100] {logging_mixin.py:188} INFO - [2026-05-09T16:42:41.470+0100] {dagbag.py:540} INFO - Filling up the DagBag from /home/najma/airflow-venv/lib/python3.12/site-packages/airflow/example_dags/plugins/event_listener.py
[2026-05-09T16:42:41.481+0100] {processor.py:842} WARNING - No viable dags retrieved from /home/najma/airflow-venv/lib/python3.12/site-packages/airflow/example_dags/plugins/event_listener.py
[2026-05-09T16:42:42.818+0100] {processor.py:183} INFO - Processing /home/najma/airflow-venv/lib/python3.12/site-packages/airflow/example_dags/plugins/event_listener.py took 1.370 seconds
[2026-05-09T16:43:12.127+0100] {processor.py:161} INFO - Started process (PID=23660) to work on /home/najma/airflow-venv/lib/python3.12/site-packages/airflow/example_dags/plugins/event_listener.py
[2026-05-09T16:43:12.129+0100] {processor.py:830} INFO - Processing file /home/najma/airflow-venv/lib/python3.12/site-packages/airflow/example_dags/plugins/event_listener.py for tasks to queue
[2026-05-09T16:43:12.133+0100] {logging_mixin.py:188} INFO - [2026-05-09T16:43:12.132+0100] {dagbag.py:540} INFO - Filling up the DagBag from /home/najma/airflow-venv/lib/python3.12/site-packages/airflow/example_dags/plugins/event_listener.py
[2026-05-09T16:43:12.137+0100] {processor.py:842} WARNING - No viable dags retrieved from /home/najma/airflow-venv/lib/python3.12/site-packages/airflow/example_dags/plugins/event_listener.py
[2026-05-09T16:43:12.177+0100] {processor.py:183} INFO - Processing /home/najma/airflow-venv/lib/python3.12/site-packages/airflow/example_dags/plugins/event_listener.py took 0.058 seconds
[2026-05-09T16:44:34.287+0100] {processor.py:161} INFO - Started process (PID=23771) to work on /home/najma/airflow-venv/lib/python3.12/site-packages/airflow/example_dags/plugins/event_listener.py
[2026-05-09T16:44:34.289+0100] {processor.py:830} INFO - Processing file /home/najma/airflow-venv/lib/python3.12/site-packages/airflow/example_dags/plugins/event_listener.py for tasks to queue
[2026-05-09T16:44:34.298+0100] {logging_mixin.py:188} INFO - [2026-05-09T16:44:34.294+0100] {dagbag.py:540} INFO - Filling up the DagBag from /home/najma/airflow-venv/lib/python3.12/site-packages/airflow/example_dags/plugins/event_listener.py
[2026-05-09T16:44:34.303+0100] {processor.py:842} WARNING - No viable dags retrieved from /home/najma/airflow-venv/lib/python3.12/site-packages/airflow/example_dags/plugins/event_listener.py
[2026-05-09T16:44:34.362+0100] {processor.py:183} INFO - Processing /home/najma/airflow-venv/lib/python3.12/site-packages/airflow/example_dags/plugins/event_listener.py took 0.082 seconds
[2026-05-09T16:45:10.762+0100] {processor.py:161} INFO - Started process (PID=23818) to work on /home/najma/airflow-venv/lib/python3.12/site-packages/airflow/example_dags/plugins/event_listener.py
[2026-05-09T16:45:10.764+0100] {processor.py:830} INFO - Processing file /home/najma/airflow-venv/lib/python3.12/site-packages/airflow/example_dags/plugins/event_listener.py for tasks to queue
[2026-05-09T16:45:10.767+0100] {logging_mixin.py:188} INFO - [2026-05-09T16:45:10.766+0100] {dagbag.py:540} INFO - Filling up the DagBag from /home/najma/airflow-venv/lib/python3.12/site-packages/airflow/example_dags/plugins/event_listener.py
[2026-05-09T16:45:10.771+0100] {processor.py:842} WARNING - No viable dags retrieved from /home/najma/airflow-venv/lib/python3.12/site-packages/airflow/example_dags/plugins/event_listener.py
[2026-05-09T16:45:10.835+0100] {processor.py:183} INFO - Processing /home/najma/airflow-venv/lib/python3.12/site-packages/airflow/example_dags/plugins/event_listener.py took 0.081 seconds
[2026-05-09T16:46:23.134+0100] {processor.py:161} INFO - Started process (PID=23912) to work on /home/najma/airflow-venv/lib/python3.12/site-packages/airflow/example_dags/plugins/event_listener.py
[2026-05-09T16:46:23.136+0100] {processor.py:830} INFO - Processing file /home/najma/airflow-venv/lib/python3.12/site-packages/airflow/example_dags/plugins/event_listener.py for tasks to queue
[2026-05-09T16:46:23.139+0100] {logging_mixin.py:188} INFO - [2026-05-09T16:46:23.138+0100] {dagbag.py:540} INFO - Filling up the DagBag from /home/najma/airflow-venv/lib/python3.12/site-packages/airflow/example_dags/plugins/event_listener.py
[2026-05-09T16:46:23.143+0100] {processor.py:842} WARNING - No viable dags retrieved from /home/najma/airflow-venv/lib/python3.12/site-packages/airflow/example_dags/plugins/event_listener.py
[2026-05-09T16:46:23.184+0100] {processor.py:183} INFO - Processing /home/najma/airflow-venv/lib/python3.12/site-packages/airflow/example_dags/plugins/event_listener.py took 0.056 seconds
[2026-05-09T16:47:24.778+0100] {processor.py:161} INFO - Started process (PID=23978) to work on /home/najma/airflow-venv/lib/python3.12/site-packages/airflow/example_dags/plugins/event_listener.py
[2026-05-09T16:47:24.781+0100] {processor.py:830} INFO - Processing file /home/najma/airflow-venv/lib/python3.12/site-packages/airflow/example_dags/plugins/event_listener.py for tasks to queue
[2026-05-09T16:47:24.784+0100] {logging_mixin.py:188} INFO - [2026-05-09T16:47:24.784+0100] {dagbag.py:540} INFO - Filling up the DagBag from /home/najma/airflow-venv/lib/python3.12/site-packages/airflow/example_dags/plugins/event_listener.py
[2026-05-09T16:47:24.788+0100] {processor.py:842} WARNING - No viable dags retrieved from /home/najma/airflow-venv/lib/python3.12/site-packages/airflow/example_dags/plugins/event_listener.py
[2026-05-09T16:47:24.847+0100] {processor.py:183} INFO - Processing /home/najma/airflow-venv/lib/python3.12/site-packages/airflow/example_dags/plugins/event_listener.py took 0.076 seconds
[2026-05-09T16:48:38.873+0100] {processor.py:161} INFO - Started process (PID=24067) to work on /home/najma/airflow-venv/lib/python3.12/site-packages/airflow/example_dags/plugins/event_listener.py
[2026-05-09T16:48:38.875+0100] {processor.py:830} INFO - Processing file /home/najma/airflow-venv/lib/python3.12/site-packages/airflow/example_dags/plugins/event_listener.py for tasks to queue
[2026-05-09T16:48:38.878+0100] {logging_mixin.py:188} INFO - [2026-05-09T16:48:38.877+0100] {dagbag.py:540} INFO - Filling up the DagBag from /home/najma/airflow-venv/lib/python3.12/site-packages/airflow/example_dags/plugins/event_listener.py
[2026-05-09T16:48:38.881+0100] {processor.py:842} WARNING - No viable dags retrieved from /home/najma/airflow-venv/lib/python3.12/site-packages/airflow/example_dags/plugins/event_listener.py
[2026-05-09T16:48:38.932+0100] {processor.py:183} INFO - Processing /home/najma/airflow-venv/lib/python3.12/site-packages/airflow/example_dags/plugins/event_listener.py took 0.067 seconds
[2026-05-09T16:48:39.475+0100] {processor.py:161} INFO - Started process (PID=24068) to work on /home/najma/airflow-venv/lib/python3.12/site-packages/airflow/example_dags/plugins/event_listener.py
[2026-05-09T16:48:39.478+0100] {processor.py:830} INFO - Processing file /home/najma/airflow-venv/lib/python3.12/site-packages/airflow/example_dags/plugins/event_listener.py for tasks to queue
[2026-05-09T16:48:39.483+0100] {logging_mixin.py:188} INFO - [2026-05-09T16:48:39.482+0100] {dagbag.py:540} INFO - Filling up the DagBag from /home/najma/airflow-venv/lib/python3.12/site-packages/airflow/example_dags/plugins/event_listener.py
[2026-05-09T16:48:39.486+0100] {processor.py:842} WARNING - No viable dags retrieved from /home/najma/airflow-venv/lib/python3.12/site-packages/airflow/example_dags/plugins/event_listener.py
[2026-05-09T16:48:39.526+0100] {processor.py:183} INFO - Processing /home/najma/airflow-venv/lib/python3.12/site-packages/airflow/example_dags/plugins/event_listener.py took 0.058 seconds
[2026-05-09T16:50:52.113+0100] {processor.py:161} INFO - Started process (PID=24218) to work on /home/najma/airflow-venv/lib/python3.12/site-packages/airflow/example_dags/plugins/event_listener.py
[2026-05-09T16:50:52.115+0100] {processor.py:830} INFO - Processing file /home/najma/airflow-venv/lib/python3.12/site-packages/airflow/example_dags/plugins/event_listener.py for tasks to queue
[2026-05-09T16:50:52.122+0100] {logging_mixin.py:188} INFO - [2026-05-09T16:50:52.120+0100] {dagbag.py:540} INFO - Filling up the DagBag from /home/najma/airflow-venv/lib/python3.12/site-packages/airflow/example_dags/plugins/event_listener.py
[2026-05-09T16:50:52.126+0100] {processor.py:842} WARNING - No viable dags retrieved from /home/najma/airflow-venv/lib/python3.12/site-packages/airflow/example_dags/plugins/event_listener.py
[2026-05-09T16:50:52.166+0100] {processor.py:183} INFO - Processing /home/najma/airflow-venv/lib/python3.12/site-packages/airflow/example_dags/plugins/event_listener.py took 0.061 seconds
[2026-05-09T16:50:56.501+0100] {processor.py:161} INFO - Started process (PID=24225) to work on /home/najma/airflow-venv/lib/python3.12/site-packages/airflow/example_dags/plugins/event_listener.py
[2026-05-09T16:50:56.503+0100] {processor.py:830} INFO - Processing file /home/najma/airflow-venv/lib/python3.12/site-packages/airflow/example_dags/plugins/event_listener.py for tasks to queue
[2026-05-09T16:50:56.506+0100] {logging_mixin.py:188} INFO - [2026-05-09T16:50:56.505+0100] {dagbag.py:540} INFO - Filling up the DagBag from /home/najma/airflow-venv/lib/python3.12/site-packages/airflow/example_dags/plugins/event_listener.py
[2026-05-09T16:50:56.510+0100] {processor.py:842} WARNING - No viable dags retrieved from /home/najma/airflow-venv/lib/python3.12/site-packages/airflow/example_dags/plugins/event_listener.py
[2026-05-09T16:50:56.575+0100] {processor.py:183} INFO - Processing /home/najma/airflow-venv/lib/python3.12/site-packages/airflow/example_dags/plugins/event_listener.py took 0.083 seconds
[2026-05-09T16:53:20.761+0100] {processor.py:161} INFO - Started process (PID=24378) to work on /home/najma/airflow-venv/lib/python3.12/site-packages/airflow/example_dags/plugins/event_listener.py
[2026-05-09T16:53:20.870+0100] {processor.py:830} INFO - Processing file /home/najma/airflow-venv/lib/python3.12/site-packages/airflow/example_dags/plugins/event_listener.py for tasks to queue
[2026-05-09T16:53:20.873+0100] {logging_mixin.py:188} INFO - [2026-05-09T16:53:20.873+0100] {dagbag.py:540} INFO - Filling up the DagBag from /home/najma/airflow-venv/lib/python3.12/site-packages/airflow/example_dags/plugins/event_listener.py
[2026-05-09T16:53:20.878+0100] {processor.py:842} WARNING - No viable dags retrieved from /home/najma/airflow-venv/lib/python3.12/site-packages/airflow/example_dags/plugins/event_listener.py
[2026-05-09T16:53:21.128+0100] {processor.py:183} INFO - Processing /home/najma/airflow-venv/lib/python3.12/site-packages/airflow/example_dags/plugins/event_listener.py took 0.376 seconds
[2026-05-09T16:53:34.172+0100] {processor.py:161} INFO - Started process (PID=24391) to work on /home/najma/airflow-venv/lib/python3.12/site-packages/airflow/example_dags/plugins/event_listener.py
[2026-05-09T16:53:34.197+0100] {processor.py:830} INFO - Processing file /home/najma/airflow-venv/lib/python3.12/site-packages/airflow/example_dags/plugins/event_listener.py for tasks to queue
[2026-05-09T16:53:34.214+0100] {logging_mixin.py:188} INFO - [2026-05-09T16:53:34.214+0100] {dagbag.py:540} INFO - Filling up the DagBag from /home/najma/airflow-venv/lib/python3.12/site-packages/airflow/example_dags/plugins/event_listener.py
[2026-05-09T16:53:34.220+0100] {processor.py:842} WARNING - No viable dags retrieved from /home/najma/airflow-venv/lib/python3.12/site-packages/airflow/example_dags/plugins/event_listener.py
[2026-05-09T16:53:34.434+0100] {processor.py:183} INFO - Processing /home/najma/airflow-venv/lib/python3.12/site-packages/airflow/example_dags/plugins/event_listener.py took 0.270 seconds
[2026-05-09T16:54:48.288+0100] {processor.py:161} INFO - Started process (PID=24460) to work on /home/najma/airflow-venv/lib/python3.12/site-packages/airflow/example_dags/plugins/event_listener.py
[2026-05-09T16:54:48.305+0100] {processor.py:830} INFO - Processing file /home/najma/airflow-venv/lib/python3.12/site-packages/airflow/example_dags/plugins/event_listener.py for tasks to queue
[2026-05-09T16:54:48.309+0100] {logging_mixin.py:188} INFO - [2026-05-09T16:54:48.308+0100] {dagbag.py:540} INFO - Filling up the DagBag from /home/najma/airflow-venv/lib/python3.12/site-packages/airflow/example_dags/plugins/event_listener.py
[2026-05-09T16:54:48.314+0100] {processor.py:842} WARNING - No viable dags retrieved from /home/najma/airflow-venv/lib/python3.12/site-packages/airflow/example_dags/plugins/event_listener.py
[2026-05-09T16:54:48.378+0100] {processor.py:183} INFO - Processing /home/najma/airflow-venv/lib/python3.12/site-packages/airflow/example_dags/plugins/event_listener.py took 0.105 seconds
[2026-05-09T16:55:22.779+0100] {processor.py:161} INFO - Started process (PID=24494) to work on /home/najma/airflow-venv/lib/python3.12/site-packages/airflow/example_dags/plugins/event_listener.py
[2026-05-09T16:55:22.781+0100] {processor.py:830} INFO - Processing file /home/najma/airflow-venv/lib/python3.12/site-packages/airflow/example_dags/plugins/event_listener.py for tasks to queue
[2026-05-09T16:55:22.794+0100] {logging_mixin.py:188} INFO - [2026-05-09T16:55:22.794+0100] {dagbag.py:540} INFO - Filling up the DagBag from /home/najma/airflow-venv/lib/python3.12/site-packages/airflow/example_dags/plugins/event_listener.py
[2026-05-09T16:55:22.807+0100] {processor.py:842} WARNING - No viable dags retrieved from /home/najma/airflow-venv/lib/python3.12/site-packages/airflow/example_dags/plugins/event_listener.py
[2026-05-09T16:55:22.882+0100] {processor.py:183} INFO - Processing /home/najma/airflow-venv/lib/python3.12/site-packages/airflow/example_dags/plugins/event_listener.py took 0.115 seconds
[2026-05-09T16:56:57.854+0100] {processor.py:161} INFO - Started process (PID=24567) to work on /home/najma/airflow-venv/lib/python3.12/site-packages/airflow/example_dags/plugins/event_listener.py
[2026-05-09T16:56:57.856+0100] {processor.py:830} INFO - Processing file /home/najma/airflow-venv/lib/python3.12/site-packages/airflow/example_dags/plugins/event_listener.py for tasks to queue
[2026-05-09T16:56:57.860+0100] {logging_mixin.py:188} INFO - [2026-05-09T16:56:57.859+0100] {dagbag.py:540} INFO - Filling up the DagBag from /home/najma/airflow-venv/lib/python3.12/site-packages/airflow/example_dags/plugins/event_listener.py
[2026-05-09T16:56:57.864+0100] {processor.py:842} WARNING - No viable dags retrieved from /home/najma/airflow-venv/lib/python3.12/site-packages/airflow/example_dags/plugins/event_listener.py
[2026-05-09T16:56:57.921+0100] {processor.py:183} INFO - Processing /home/najma/airflow-venv/lib/python3.12/site-packages/airflow/example_dags/plugins/event_listener.py took 0.076 seconds
[2026-05-09T16:57:21.490+0100] {processor.py:161} INFO - Started process (PID=24590) to work on /home/najma/airflow-venv/lib/python3.12/site-packages/airflow/example_dags/plugins/event_listener.py
[2026-05-09T16:57:21.493+0100] {processor.py:830} INFO - Processing file /home/najma/airflow-venv/lib/python3.12/site-packages/airflow/example_dags/plugins/event_listener.py for tasks to queue
[2026-05-09T16:57:21.495+0100] {logging_mixin.py:188} INFO - [2026-05-09T16:57:21.495+0100] {dagbag.py:540} INFO - Filling up the DagBag from /home/najma/airflow-venv/lib/python3.12/site-packages/airflow/example_dags/plugins/event_listener.py
[2026-05-09T16:57:21.499+0100] {processor.py:842} WARNING - No viable dags retrieved from /home/najma/airflow-venv/lib/python3.12/site-packages/airflow/example_dags/plugins/event_listener.py
[2026-05-09T16:57:21.544+0100] {processor.py:183} INFO - Processing /home/najma/airflow-venv/lib/python3.12/site-packages/airflow/example_dags/plugins/event_listener.py took 0.061 seconds
[2026-05-09T16:58:27.861+0100] {processor.py:161} INFO - Started process (PID=24677) to work on /home/najma/airflow-venv/lib/python3.12/site-packages/airflow/example_dags/plugins/event_listener.py
[2026-05-09T16:58:27.862+0100] {processor.py:830} INFO - Processing file /home/najma/airflow-venv/lib/python3.12/site-packages/airflow/example_dags/plugins/event_listener.py for tasks to queue
[2026-05-09T16:58:27.864+0100] {logging_mixin.py:188} INFO - [2026-05-09T16:58:27.864+0100] {dagbag.py:540} INFO - Filling up the DagBag from /home/najma/airflow-venv/lib/python3.12/site-packages/airflow/example_dags/plugins/event_listener.py
[2026-05-09T16:58:27.866+0100] {processor.py:842} WARNING - No viable dags retrieved from /home/najma/airflow-venv/lib/python3.12/site-packages/airflow/example_dags/plugins/event_listener.py
[2026-05-09T16:58:27.893+0100] {processor.py:183} INFO - Processing /home/najma/airflow-venv/lib/python3.12/site-packages/airflow/example_dags/plugins/event_listener.py took 0.037 seconds
[2026-05-09T16:58:41.179+0100] {processor.py:161} INFO - Started process (PID=24685) to work on /home/najma/airflow-venv/lib/python3.12/site-packages/airflow/example_dags/plugins/event_listener.py
[2026-05-09T16:58:41.180+0100] {processor.py:830} INFO - Processing file /home/najma/airflow-venv/lib/python3.12/site-packages/airflow/example_dags/plugins/event_listener.py for tasks to queue
[2026-05-09T16:58:41.182+0100] {logging_mixin.py:188} INFO - [2026-05-09T16:58:41.182+0100] {dagbag.py:540} INFO - Filling up the DagBag from /home/najma/airflow-venv/lib/python3.12/site-packages/airflow/example_dags/plugins/event_listener.py
[2026-05-09T16:58:41.185+0100] {processor.py:842} WARNING - No viable dags retrieved from /home/najma/airflow-venv/lib/python3.12/site-packages/airflow/example_dags/plugins/event_listener.py
[2026-05-09T16:58:41.295+0100] {processor.py:183} INFO - Processing /home/najma/airflow-venv/lib/python3.12/site-packages/airflow/example_dags/plugins/event_listener.py took 0.121 seconds
[2026-05-09T16:59:32.367+0100] {processor.py:161} INFO - Started process (PID=24767) to work on /home/najma/airflow-venv/lib/python3.12/site-packages/airflow/example_dags/plugins/event_listener.py
[2026-05-09T16:59:32.368+0100] {processor.py:830} INFO - Processing file /home/najma/airflow-venv/lib/python3.12/site-packages/airflow/example_dags/plugins/event_listener.py for tasks to queue
[2026-05-09T16:59:32.370+0100] {logging_mixin.py:188} INFO - [2026-05-09T16:59:32.370+0100] {dagbag.py:540} INFO - Filling up the DagBag from /home/najma/airflow-venv/lib/python3.12/site-packages/airflow/example_dags/plugins/event_listener.py
[2026-05-09T16:59:32.372+0100] {processor.py:842} WARNING - No viable dags retrieved from /home/najma/airflow-venv/lib/python3.12/site-packages/airflow/example_dags/plugins/event_listener.py
[2026-05-09T16:59:32.435+0100] {processor.py:183} INFO - Processing /home/najma/airflow-venv/lib/python3.12/site-packages/airflow/example_dags/plugins/event_listener.py took 0.072 seconds
[2026-05-09T17:00:07.971+0100] {processor.py:161} INFO - Started process (PID=24828) to work on /home/najma/airflow-venv/lib/python3.12/site-packages/airflow/example_dags/plugins/event_listener.py
[2026-05-09T17:00:07.972+0100] {processor.py:830} INFO - Processing file /home/najma/airflow-venv/lib/python3.12/site-packages/airflow/example_dags/plugins/event_listener.py for tasks to queue
[2026-05-09T17:00:07.974+0100] {logging_mixin.py:188} INFO - [2026-05-09T17:00:07.974+0100] {dagbag.py:540} INFO - Filling up the DagBag from /home/najma/airflow-venv/lib/python3.12/site-packages/airflow/example_dags/plugins/event_listener.py
[2026-05-09T17:00:07.977+0100] {processor.py:842} WARNING - No viable dags retrieved from /home/najma/airflow-venv/lib/python3.12/site-packages/airflow/example_dags/plugins/event_listener.py
[2026-05-09T17:00:07.999+0100] {processor.py:183} INFO - Processing /home/najma/airflow-venv/lib/python3.12/site-packages/airflow/example_dags/plugins/event_listener.py took 0.032 seconds
[2026-05-09T17:00:44.816+0100] {processor.py:161} INFO - Started process (PID=24893) to work on /home/najma/airflow-venv/lib/python3.12/site-packages/airflow/example_dags/plugins/event_listener.py
[2026-05-09T17:00:44.817+0100] {processor.py:830} INFO - Processing file /home/najma/airflow-venv/lib/python3.12/site-packages/airflow/example_dags/plugins/event_listener.py for tasks to queue
[2026-05-09T17:00:44.820+0100] {logging_mixin.py:188} INFO - [2026-05-09T17:00:44.819+0100] {dagbag.py:540} INFO - Filling up the DagBag from /home/najma/airflow-venv/lib/python3.12/site-packages/airflow/example_dags/plugins/event_listener.py
[2026-05-09T17:00:44.822+0100] {processor.py:842} WARNING - No viable dags retrieved from /home/najma/airflow-venv/lib/python3.12/site-packages/airflow/example_dags/plugins/event_listener.py
[2026-05-09T17:00:44.856+0100] {processor.py:183} INFO - Processing /home/najma/airflow-venv/lib/python3.12/site-packages/airflow/example_dags/plugins/event_listener.py took 0.047 seconds
[2026-05-09T17:01:14.456+0100] {processor.py:161} INFO - Started process (PID=24944) to work on /home/najma/airflow-venv/lib/python3.12/site-packages/airflow/example_dags/plugins/event_listener.py
[2026-05-09T17:01:14.457+0100] {processor.py:830} INFO - Processing file /home/najma/airflow-venv/lib/python3.12/site-packages/airflow/example_dags/plugins/event_listener.py for tasks to queue
[2026-05-09T17:01:14.458+0100] {logging_mixin.py:188} INFO - [2026-05-09T17:01:14.458+0100] {dagbag.py:540} INFO - Filling up the DagBag from /home/najma/airflow-venv/lib/python3.12/site-packages/airflow/example_dags/plugins/event_listener.py
[2026-05-09T17:01:14.460+0100] {processor.py:842} WARNING - No viable dags retrieved from /home/najma/airflow-venv/lib/python3.12/site-packages/airflow/example_dags/plugins/event_listener.py
[2026-05-09T17:01:14.483+0100] {processor.py:183} INFO - Processing /home/najma/airflow-venv/lib/python3.12/site-packages/airflow/example_dags/plugins/event_listener.py took 0.032 seconds
[2026-05-09T17:01:58.834+0100] {processor.py:161} INFO - Started process (PID=25016) to work on /home/najma/airflow-venv/lib/python3.12/site-packages/airflow/example_dags/plugins/event_listener.py
[2026-05-09T17:01:58.854+0100] {processor.py:830} INFO - Processing file /home/najma/airflow-venv/lib/python3.12/site-packages/airflow/example_dags/plugins/event_listener.py for tasks to queue
[2026-05-09T17:01:58.858+0100] {logging_mixin.py:188} INFO - [2026-05-09T17:01:58.858+0100] {dagbag.py:540} INFO - Filling up the DagBag from /home/najma/airflow-venv/lib/python3.12/site-packages/airflow/example_dags/plugins/event_listener.py
[2026-05-09T17:01:58.862+0100] {processor.py:842} WARNING - No viable dags retrieved from /home/najma/airflow-venv/lib/python3.12/site-packages/airflow/example_dags/plugins/event_listener.py
[2026-05-09T17:01:59.153+0100] {processor.py:183} INFO - Processing /home/najma/airflow-venv/lib/python3.12/site-packages/airflow/example_dags/plugins/event_listener.py took 0.324 seconds
[2026-05-09T17:02:48.487+0100] {processor.py:161} INFO - Started process (PID=25092) to work on /home/najma/airflow-venv/lib/python3.12/site-packages/airflow/example_dags/plugins/event_listener.py
[2026-05-09T17:02:48.489+0100] {processor.py:830} INFO - Processing file /home/najma/airflow-venv/lib/python3.12/site-packages/airflow/example_dags/plugins/event_listener.py for tasks to queue
[2026-05-09T17:02:48.490+0100] {logging_mixin.py:188} INFO - [2026-05-09T17:02:48.490+0100] {dagbag.py:540} INFO - Filling up the DagBag from /home/najma/airflow-venv/lib/python3.12/site-packages/airflow/example_dags/plugins/event_listener.py
[2026-05-09T17:02:48.492+0100] {processor.py:842} WARNING - No viable dags retrieved from /home/najma/airflow-venv/lib/python3.12/site-packages/airflow/example_dags/plugins/event_listener.py
[2026-05-09T17:02:48.516+0100] {processor.py:183} INFO - Processing /home/najma/airflow-venv/lib/python3.12/site-packages/airflow/example_dags/plugins/event_listener.py took 0.033 seconds
[2026-05-09T17:03:21.234+0100] {processor.py:161} INFO - Started process (PID=25147) to work on /home/najma/airflow-venv/lib/python3.12/site-packages/airflow/example_dags/plugins/event_listener.py
[2026-05-09T17:03:21.235+0100] {processor.py:830} INFO - Processing file /home/najma/airflow-venv/lib/python3.12/site-packages/airflow/example_dags/plugins/event_listener.py for tasks to queue
[2026-05-09T17:03:21.237+0100] {logging_mixin.py:188} INFO - [2026-05-09T17:03:21.236+0100] {dagbag.py:540} INFO - Filling up the DagBag from /home/najma/airflow-venv/lib/python3.12/site-packages/airflow/example_dags/plugins/event_listener.py
[2026-05-09T17:03:21.239+0100] {processor.py:842} WARNING - No viable dags retrieved from /home/najma/airflow-venv/lib/python3.12/site-packages/airflow/example_dags/plugins/event_listener.py
[2026-05-09T17:03:21.265+0100] {processor.py:183} INFO - Processing /home/najma/airflow-venv/lib/python3.12/site-packages/airflow/example_dags/plugins/event_listener.py took 0.036 seconds
[2026-05-09T17:04:11.552+0100] {processor.py:161} INFO - Started process (PID=25232) to work on /home/najma/airflow-venv/lib/python3.12/site-packages/airflow/example_dags/plugins/event_listener.py
[2026-05-09T17:04:11.553+0100] {processor.py:830} INFO - Processing file /home/najma/airflow-venv/lib/python3.12/site-packages/airflow/example_dags/plugins/event_listener.py for tasks to queue
[2026-05-09T17:04:11.555+0100] {logging_mixin.py:188} INFO - [2026-05-09T17:04:11.554+0100] {dagbag.py:540} INFO - Filling up the DagBag from /home/najma/airflow-venv/lib/python3.12/site-packages/airflow/example_dags/plugins/event_listener.py
[2026-05-09T17:04:11.557+0100] {processor.py:842} WARNING - No viable dags retrieved from /home/najma/airflow-venv/lib/python3.12/site-packages/airflow/example_dags/plugins/event_listener.py
[2026-05-09T17:04:11.581+0100] {processor.py:183} INFO - Processing /home/najma/airflow-venv/lib/python3.12/site-packages/airflow/example_dags/plugins/event_listener.py took 0.034 seconds
[2026-05-09T17:04:40.871+0100] {processor.py:161} INFO - Started process (PID=25284) to work on /home/najma/airflow-venv/lib/python3.12/site-packages/airflow/example_dags/plugins/event_listener.py
[2026-05-09T17:04:40.872+0100] {processor.py:830} INFO - Processing file /home/najma/airflow-venv/lib/python3.12/site-packages/airflow/example_dags/plugins/event_listener.py for tasks to queue
[2026-05-09T17:04:40.874+0100] {logging_mixin.py:188} INFO - [2026-05-09T17:04:40.874+0100] {dagbag.py:540} INFO - Filling up the DagBag from /home/najma/airflow-venv/lib/python3.12/site-packages/airflow/example_dags/plugins/event_listener.py
[2026-05-09T17:04:40.876+0100] {processor.py:842} WARNING - No viable dags retrieved from /home/najma/airflow-venv/lib/python3.12/site-packages/airflow/example_dags/plugins/event_listener.py
[2026-05-09T17:04:40.900+0100] {processor.py:183} INFO - Processing /home/najma/airflow-venv/lib/python3.12/site-packages/airflow/example_dags/plugins/event_listener.py took 0.034 seconds
[2026-05-09T17:53:26.511+0100] {processor.py:161} INFO - Started process (PID=25380) to work on /home/najma/airflow-venv/lib/python3.12/site-packages/airflow/example_dags/plugins/event_listener.py
[2026-05-09T17:53:26.512+0100] {processor.py:830} INFO - Processing file /home/najma/airflow-venv/lib/python3.12/site-packages/airflow/example_dags/plugins/event_listener.py for tasks to queue
[2026-05-09T17:53:26.514+0100] {logging_mixin.py:188} INFO - [2026-05-09T17:53:26.514+0100] {dagbag.py:540} INFO - Filling up the DagBag from /home/najma/airflow-venv/lib/python3.12/site-packages/airflow/example_dags/plugins/event_listener.py
[2026-05-09T17:53:26.517+0100] {processor.py:842} WARNING - No viable dags retrieved from /home/najma/airflow-venv/lib/python3.12/site-packages/airflow/example_dags/plugins/event_listener.py
[2026-05-09T17:53:26.543+0100] {processor.py:183} INFO - Processing /home/najma/airflow-venv/lib/python3.12/site-packages/airflow/example_dags/plugins/event_listener.py took 0.036 seconds
[2026-05-09T17:53:32.874+0100] {processor.py:161} INFO - Started process (PID=25389) to work on /home/najma/airflow-venv/lib/python3.12/site-packages/airflow/example_dags/plugins/event_listener.py
[2026-05-09T17:53:32.879+0100] {processor.py:830} INFO - Processing file /home/najma/airflow-venv/lib/python3.12/site-packages/airflow/example_dags/plugins/event_listener.py for tasks to queue
[2026-05-09T17:53:32.883+0100] {logging_mixin.py:188} INFO - [2026-05-09T17:53:32.882+0100] {dagbag.py:540} INFO - Filling up the DagBag from /home/najma/airflow-venv/lib/python3.12/site-packages/airflow/example_dags/plugins/event_listener.py
[2026-05-09T17:53:32.886+0100] {processor.py:842} WARNING - No viable dags retrieved from /home/najma/airflow-venv/lib/python3.12/site-packages/airflow/example_dags/plugins/event_listener.py
[2026-05-09T17:53:32.910+0100] {processor.py:183} INFO - Processing /home/najma/airflow-venv/lib/python3.12/site-packages/airflow/example_dags/plugins/event_listener.py took 0.041 seconds
[2026-05-09T17:55:04.289+0100] {processor.py:161} INFO - Started process (PID=25522) to work on /home/najma/airflow-venv/lib/python3.12/site-packages/airflow/example_dags/plugins/event_listener.py
[2026-05-09T17:55:04.290+0100] {processor.py:830} INFO - Processing file /home/najma/airflow-venv/lib/python3.12/site-packages/airflow/example_dags/plugins/event_listener.py for tasks to queue
[2026-05-09T17:55:04.292+0100] {logging_mixin.py:188} INFO - [2026-05-09T17:55:04.292+0100] {dagbag.py:540} INFO - Filling up the DagBag from /home/najma/airflow-venv/lib/python3.12/site-packages/airflow/example_dags/plugins/event_listener.py
[2026-05-09T17:55:04.302+0100] {processor.py:842} WARNING - No viable dags retrieved from /home/najma/airflow-venv/lib/python3.12/site-packages/airflow/example_dags/plugins/event_listener.py
[2026-05-09T17:55:04.333+0100] {processor.py:183} INFO - Processing /home/najma/airflow-venv/lib/python3.12/site-packages/airflow/example_dags/plugins/event_listener.py took 0.049 seconds
[2026-05-09T17:55:07.037+0100] {processor.py:161} INFO - Started process (PID=25526) to work on /home/najma/airflow-venv/lib/python3.12/site-packages/airflow/example_dags/plugins/event_listener.py
[2026-05-09T17:55:07.038+0100] {processor.py:830} INFO - Processing file /home/najma/airflow-venv/lib/python3.12/site-packages/airflow/example_dags/plugins/event_listener.py for tasks to queue
[2026-05-09T17:55:07.040+0100] {logging_mixin.py:188} INFO - [2026-05-09T17:55:07.040+0100] {dagbag.py:540} INFO - Filling up the DagBag from /home/najma/airflow-venv/lib/python3.12/site-packages/airflow/example_dags/plugins/event_listener.py
[2026-05-09T17:55:07.050+0100] {processor.py:842} WARNING - No viable dags retrieved from /home/najma/airflow-venv/lib/python3.12/site-packages/airflow/example_dags/plugins/event_listener.py
[2026-05-09T17:55:07.225+0100] {processor.py:183} INFO - Processing /home/najma/airflow-venv/lib/python3.12/site-packages/airflow/example_dags/plugins/event_listener.py took 0.193 seconds
[2026-05-09T17:56:25.174+0100] {processor.py:161} INFO - Started process (PID=25652) to work on /home/najma/airflow-venv/lib/python3.12/site-packages/airflow/example_dags/plugins/event_listener.py
[2026-05-09T17:56:25.175+0100] {processor.py:830} INFO - Processing file /home/najma/airflow-venv/lib/python3.12/site-packages/airflow/example_dags/plugins/event_listener.py for tasks to queue
[2026-05-09T17:56:25.179+0100] {logging_mixin.py:188} INFO - [2026-05-09T17:56:25.177+0100] {dagbag.py:540} INFO - Filling up the DagBag from /home/najma/airflow-venv/lib/python3.12/site-packages/airflow/example_dags/plugins/event_listener.py
[2026-05-09T17:56:25.186+0100] {processor.py:842} WARNING - No viable dags retrieved from /home/najma/airflow-venv/lib/python3.12/site-packages/airflow/example_dags/plugins/event_listener.py
[2026-05-09T17:56:25.218+0100] {processor.py:183} INFO - Processing /home/najma/airflow-venv/lib/python3.12/site-packages/airflow/example_dags/plugins/event_listener.py took 0.049 seconds
[2026-05-09T17:56:26.395+0100] {processor.py:161} INFO - Started process (PID=25653) to work on /home/najma/airflow-venv/lib/python3.12/site-packages/airflow/example_dags/plugins/event_listener.py
[2026-05-09T17:56:26.396+0100] {processor.py:830} INFO - Processing file /home/najma/airflow-venv/lib/python3.12/site-packages/airflow/example_dags/plugins/event_listener.py for tasks to queue
[2026-05-09T17:56:26.401+0100] {logging_mixin.py:188} INFO - [2026-05-09T17:56:26.400+0100] {dagbag.py:540} INFO - Filling up the DagBag from /home/najma/airflow-venv/lib/python3.12/site-packages/airflow/example_dags/plugins/event_listener.py
[2026-05-09T17:56:26.403+0100] {processor.py:842} WARNING - No viable dags retrieved from /home/najma/airflow-venv/lib/python3.12/site-packages/airflow/example_dags/plugins/event_listener.py
[2026-05-09T17:56:26.435+0100] {processor.py:183} INFO - Processing /home/najma/airflow-venv/lib/python3.12/site-packages/airflow/example_dags/plugins/event_listener.py took 0.044 seconds
[2026-05-09T17:57:43.377+0100] {processor.py:161} INFO - Started process (PID=25775) to work on /home/najma/airflow-venv/lib/python3.12/site-packages/airflow/example_dags/plugins/event_listener.py
[2026-05-09T17:57:43.378+0100] {processor.py:830} INFO - Processing file /home/najma/airflow-venv/lib/python3.12/site-packages/airflow/example_dags/plugins/event_listener.py for tasks to queue
[2026-05-09T17:57:43.380+0100] {logging_mixin.py:188} INFO - [2026-05-09T17:57:43.380+0100] {dagbag.py:540} INFO - Filling up the DagBag from /home/najma/airflow-venv/lib/python3.12/site-packages/airflow/example_dags/plugins/event_listener.py
[2026-05-09T17:57:43.382+0100] {processor.py:842} WARNING - No viable dags retrieved from /home/najma/airflow-venv/lib/python3.12/site-packages/airflow/example_dags/plugins/event_listener.py
[2026-05-09T17:57:43.405+0100] {processor.py:183} INFO - Processing /home/najma/airflow-venv/lib/python3.12/site-packages/airflow/example_dags/plugins/event_listener.py took 0.032 seconds
[2026-05-09T17:57:44.982+0100] {processor.py:161} INFO - Started process (PID=25778) to work on /home/najma/airflow-venv/lib/python3.12/site-packages/airflow/example_dags/plugins/event_listener.py
[2026-05-09T17:57:44.984+0100] {processor.py:830} INFO - Processing file /home/najma/airflow-venv/lib/python3.12/site-packages/airflow/example_dags/plugins/event_listener.py for tasks to queue
[2026-05-09T17:57:44.987+0100] {logging_mixin.py:188} INFO - [2026-05-09T17:57:44.986+0100] {dagbag.py:540} INFO - Filling up the DagBag from /home/najma/airflow-venv/lib/python3.12/site-packages/airflow/example_dags/plugins/event_listener.py
[2026-05-09T17:57:44.989+0100] {processor.py:842} WARNING - No viable dags retrieved from /home/najma/airflow-venv/lib/python3.12/site-packages/airflow/example_dags/plugins/event_listener.py
[2026-05-09T17:57:45.017+0100] {processor.py:183} INFO - Processing /home/najma/airflow-venv/lib/python3.12/site-packages/airflow/example_dags/plugins/event_listener.py took 0.041 seconds
[2026-05-09T17:58:58.183+0100] {processor.py:161} INFO - Started process (PID=25895) to work on /home/najma/airflow-venv/lib/python3.12/site-packages/airflow/example_dags/plugins/event_listener.py
[2026-05-09T17:58:58.185+0100] {processor.py:830} INFO - Processing file /home/najma/airflow-venv/lib/python3.12/site-packages/airflow/example_dags/plugins/event_listener.py for tasks to queue
[2026-05-09T17:58:58.187+0100] {logging_mixin.py:188} INFO - [2026-05-09T17:58:58.186+0100] {dagbag.py:540} INFO - Filling up the DagBag from /home/najma/airflow-venv/lib/python3.12/site-packages/airflow/example_dags/plugins/event_listener.py
[2026-05-09T17:58:58.189+0100] {processor.py:842} WARNING - No viable dags retrieved from /home/najma/airflow-venv/lib/python3.12/site-packages/airflow/example_dags/plugins/event_listener.py
[2026-05-09T17:58:58.212+0100] {processor.py:183} INFO - Processing /home/najma/airflow-venv/lib/python3.12/site-packages/airflow/example_dags/plugins/event_listener.py took 0.033 seconds
[2026-05-09T17:58:58.743+0100] {processor.py:161} INFO - Started process (PID=25898) to work on /home/najma/airflow-venv/lib/python3.12/site-packages/airflow/example_dags/plugins/event_listener.py
[2026-05-09T17:58:58.745+0100] {processor.py:830} INFO - Processing file /home/najma/airflow-venv/lib/python3.12/site-packages/airflow/example_dags/plugins/event_listener.py for tasks to queue
[2026-05-09T17:58:58.747+0100] {logging_mixin.py:188} INFO - [2026-05-09T17:58:58.746+0100] {dagbag.py:540} INFO - Filling up the DagBag from /home/najma/airflow-venv/lib/python3.12/site-packages/airflow/example_dags/plugins/event_listener.py
[2026-05-09T17:58:58.750+0100] {processor.py:842} WARNING - No viable dags retrieved from /home/najma/airflow-venv/lib/python3.12/site-packages/airflow/example_dags/plugins/event_listener.py
[2026-05-09T17:58:58.774+0100] {processor.py:183} INFO - Processing /home/najma/airflow-venv/lib/python3.12/site-packages/airflow/example_dags/plugins/event_listener.py took 0.035 seconds
[2026-05-09T18:00:06.529+0100] {processor.py:161} INFO - Started process (PID=26008) to work on /home/najma/airflow-venv/lib/python3.12/site-packages/airflow/example_dags/plugins/event_listener.py
[2026-05-09T18:00:06.531+0100] {processor.py:830} INFO - Processing file /home/najma/airflow-venv/lib/python3.12/site-packages/airflow/example_dags/plugins/event_listener.py for tasks to queue
[2026-05-09T18:00:06.538+0100] {logging_mixin.py:188} INFO - [2026-05-09T18:00:06.538+0100] {dagbag.py:540} INFO - Filling up the DagBag from /home/najma/airflow-venv/lib/python3.12/site-packages/airflow/example_dags/plugins/event_listener.py
[2026-05-09T18:00:06.543+0100] {processor.py:842} WARNING - No viable dags retrieved from /home/najma/airflow-venv/lib/python3.12/site-packages/airflow/example_dags/plugins/event_listener.py
[2026-05-09T18:00:06.591+0100] {processor.py:183} INFO - Processing /home/najma/airflow-venv/lib/python3.12/site-packages/airflow/example_dags/plugins/event_listener.py took 0.067 seconds
[2026-05-09T18:00:11.810+0100] {processor.py:161} INFO - Started process (PID=26020) to work on /home/najma/airflow-venv/lib/python3.12/site-packages/airflow/example_dags/plugins/event_listener.py
[2026-05-09T18:00:11.811+0100] {processor.py:830} INFO - Processing file /home/najma/airflow-venv/lib/python3.12/site-packages/airflow/example_dags/plugins/event_listener.py for tasks to queue
[2026-05-09T18:00:11.813+0100] {logging_mixin.py:188} INFO - [2026-05-09T18:00:11.812+0100] {dagbag.py:540} INFO - Filling up the DagBag from /home/najma/airflow-venv/lib/python3.12/site-packages/airflow/example_dags/plugins/event_listener.py
[2026-05-09T18:00:11.815+0100] {processor.py:842} WARNING - No viable dags retrieved from /home/najma/airflow-venv/lib/python3.12/site-packages/airflow/example_dags/plugins/event_listener.py
[2026-05-09T18:00:11.843+0100] {processor.py:183} INFO - Processing /home/najma/airflow-venv/lib/python3.12/site-packages/airflow/example_dags/plugins/event_listener.py took 0.037 seconds
[2026-05-09T18:01:16.471+0100] {processor.py:161} INFO - Started process (PID=26127) to work on /home/najma/airflow-venv/lib/python3.12/site-packages/airflow/example_dags/plugins/event_listener.py
[2026-05-09T18:01:16.473+0100] {processor.py:830} INFO - Processing file /home/najma/airflow-venv/lib/python3.12/site-packages/airflow/example_dags/plugins/event_listener.py for tasks to queue
[2026-05-09T18:01:16.475+0100] {logging_mixin.py:188} INFO - [2026-05-09T18:01:16.475+0100] {dagbag.py:540} INFO - Filling up the DagBag from /home/najma/airflow-venv/lib/python3.12/site-packages/airflow/example_dags/plugins/event_listener.py
[2026-05-09T18:01:16.478+0100] {processor.py:842} WARNING - No viable dags retrieved from /home/najma/airflow-venv/lib/python3.12/site-packages/airflow/example_dags/plugins/event_listener.py
[2026-05-09T18:01:16.514+0100] {processor.py:183} INFO - Processing /home/najma/airflow-venv/lib/python3.12/site-packages/airflow/example_dags/plugins/event_listener.py took 0.048 seconds
[2026-05-09T18:01:35.988+0100] {processor.py:161} INFO - Started process (PID=26148) to work on /home/najma/airflow-venv/lib/python3.12/site-packages/airflow/example_dags/plugins/event_listener.py
[2026-05-09T18:01:35.990+0100] {processor.py:830} INFO - Processing file /home/najma/airflow-venv/lib/python3.12/site-packages/airflow/example_dags/plugins/event_listener.py for tasks to queue
[2026-05-09T18:01:35.993+0100] {logging_mixin.py:188} INFO - [2026-05-09T18:01:35.992+0100] {dagbag.py:540} INFO - Filling up the DagBag from /home/najma/airflow-venv/lib/python3.12/site-packages/airflow/example_dags/plugins/event_listener.py
[2026-05-09T18:01:35.995+0100] {processor.py:842} WARNING - No viable dags retrieved from /home/najma/airflow-venv/lib/python3.12/site-packages/airflow/example_dags/plugins/event_listener.py
[2026-05-09T18:01:36.029+0100] {processor.py:183} INFO - Processing /home/najma/airflow-venv/lib/python3.12/site-packages/airflow/example_dags/plugins/event_listener.py took 0.046 seconds
[2026-05-09T18:03:04.259+0100] {processor.py:161} INFO - Started process (PID=26279) to work on /home/najma/airflow-venv/lib/python3.12/site-packages/airflow/example_dags/plugins/event_listener.py
[2026-05-09T18:03:04.262+0100] {processor.py:830} INFO - Processing file /home/najma/airflow-venv/lib/python3.12/site-packages/airflow/example_dags/plugins/event_listener.py for tasks to queue
[2026-05-09T18:03:04.268+0100] {logging_mixin.py:188} INFO - [2026-05-09T18:03:04.268+0100] {dagbag.py:540} INFO - Filling up the DagBag from /home/najma/airflow-venv/lib/python3.12/site-packages/airflow/example_dags/plugins/event_listener.py
[2026-05-09T18:03:04.272+0100] {processor.py:842} WARNING - No viable dags retrieved from /home/najma/airflow-venv/lib/python3.12/site-packages/airflow/example_dags/plugins/event_listener.py
[2026-05-09T18:03:04.329+0100] {processor.py:183} INFO - Processing /home/najma/airflow-venv/lib/python3.12/site-packages/airflow/example_dags/plugins/event_listener.py took 0.077 seconds
