[2026-05-08T16:43:25.942+0100] {processor.py:161} INFO - Started process (PID=9564) to work on /home/najma/airflow-venv/lib/python3.12/site-packages/airflow/example_dags/example_python_operator.py
[2026-05-08T16:43:25.944+0100] {processor.py:830} INFO - Processing file /home/najma/airflow-venv/lib/python3.12/site-packages/airflow/example_dags/example_python_operator.py for tasks to queue
[2026-05-08T16:43:25.947+0100] {logging_mixin.py:188} INFO - [2026-05-08T16:43:25.946+0100] {dagbag.py:540} INFO - Filling up the DagBag from /home/najma/airflow-venv/lib/python3.12/site-packages/airflow/example_dags/example_python_operator.py
[2026-05-08T16:43:26.033+0100] {logging_mixin.py:188} INFO - [2026-05-08T16:43:26.032+0100] {example_python_operator.py:93} WARNING - The virtalenv_python example task requires virtualenv, please install it.
[2026-05-08T16:43:26.033+0100] {processor.py:840} INFO - DAG(s) 'example_python_operator' retrieved from /home/najma/airflow-venv/lib/python3.12/site-packages/airflow/example_dags/example_python_operator.py
[2026-05-08T16:43:26.210+0100] {logging_mixin.py:188} INFO - [2026-05-08T16:43:26.209+0100] {override.py:1829} INFO - Created Permission View: can read on DAG:example_python_operator
[2026-05-08T16:43:26.262+0100] {logging_mixin.py:188} INFO - [2026-05-08T16:43:26.261+0100] {override.py:1829} INFO - Created Permission View: can edit on DAG:example_python_operator
[2026-05-08T16:43:26.311+0100] {logging_mixin.py:188} INFO - [2026-05-08T16:43:26.310+0100] {override.py:1829} INFO - Created Permission View: can delete on DAG:example_python_operator
[2026-05-08T16:43:26.312+0100] {logging_mixin.py:188} INFO - [2026-05-08T16:43:26.311+0100] {dag.py:3096} INFO - Sync 1 DAGs
[2026-05-08T16:43:26.330+0100] {logging_mixin.py:188} INFO - [2026-05-08T16:43:26.330+0100] {dag.py:3118} INFO - Creating ORM DAG for example_python_operator
[2026-05-08T16:43:26.331+0100] {logging_mixin.py:188} INFO - [2026-05-08T16:43:26.331+0100] {dag.py:3954} INFO - Setting next_dagrun for example_python_operator to None, run_after=None
[2026-05-08T16:43:26.417+0100] {processor.py:183} INFO - Processing /home/najma/airflow-venv/lib/python3.12/site-packages/airflow/example_dags/example_python_operator.py took 0.479 seconds
[2026-05-08T16:44:52.823+0100] {processor.py:161} INFO - Started process (PID=9640) to work on /home/najma/airflow-venv/lib/python3.12/site-packages/airflow/example_dags/example_python_operator.py
[2026-05-08T16:44:52.824+0100] {processor.py:830} INFO - Processing file /home/najma/airflow-venv/lib/python3.12/site-packages/airflow/example_dags/example_python_operator.py for tasks to queue
[2026-05-08T16:44:52.826+0100] {logging_mixin.py:188} INFO - [2026-05-08T16:44:52.826+0100] {dagbag.py:540} INFO - Filling up the DagBag from /home/najma/airflow-venv/lib/python3.12/site-packages/airflow/example_dags/example_python_operator.py
[2026-05-08T16:44:52.970+0100] {logging_mixin.py:188} INFO - [2026-05-08T16:44:52.970+0100] {example_python_operator.py:93} WARNING - The virtalenv_python example task requires virtualenv, please install it.
[2026-05-08T16:44:52.972+0100] {processor.py:840} INFO - DAG(s) 'example_python_operator' retrieved from /home/najma/airflow-venv/lib/python3.12/site-packages/airflow/example_dags/example_python_operator.py
[2026-05-08T16:44:53.012+0100] {logging_mixin.py:188} INFO - [2026-05-08T16:44:53.012+0100] {dag.py:3096} INFO - Sync 1 DAGs
[2026-05-08T16:44:53.032+0100] {logging_mixin.py:188} INFO - [2026-05-08T16:44:53.032+0100] {dag.py:3954} INFO - Setting next_dagrun for example_python_operator to None, run_after=None
[2026-05-08T16:44:53.151+0100] {processor.py:183} INFO - Processing /home/najma/airflow-venv/lib/python3.12/site-packages/airflow/example_dags/example_python_operator.py took 0.333 seconds
[2026-05-08T16:46:14.172+0100] {processor.py:161} INFO - Started process (PID=9716) to work on /home/najma/airflow-venv/lib/python3.12/site-packages/airflow/example_dags/example_python_operator.py
[2026-05-08T16:46:14.174+0100] {processor.py:830} INFO - Processing file /home/najma/airflow-venv/lib/python3.12/site-packages/airflow/example_dags/example_python_operator.py for tasks to queue
[2026-05-08T16:46:14.176+0100] {logging_mixin.py:188} INFO - [2026-05-08T16:46:14.175+0100] {dagbag.py:540} INFO - Filling up the DagBag from /home/najma/airflow-venv/lib/python3.12/site-packages/airflow/example_dags/example_python_operator.py
[2026-05-08T16:46:14.271+0100] {logging_mixin.py:188} INFO - [2026-05-08T16:46:14.271+0100] {example_python_operator.py:93} WARNING - The virtalenv_python example task requires virtualenv, please install it.
[2026-05-08T16:46:14.272+0100] {processor.py:840} INFO - DAG(s) 'example_python_operator' retrieved from /home/najma/airflow-venv/lib/python3.12/site-packages/airflow/example_dags/example_python_operator.py
[2026-05-08T16:46:14.298+0100] {logging_mixin.py:188} INFO - [2026-05-08T16:46:14.297+0100] {dag.py:3096} INFO - Sync 1 DAGs
[2026-05-08T16:46:14.313+0100] {logging_mixin.py:188} INFO - [2026-05-08T16:46:14.312+0100] {dag.py:3954} INFO - Setting next_dagrun for example_python_operator to None, run_after=None
[2026-05-08T16:46:14.408+0100] {processor.py:183} INFO - Processing /home/najma/airflow-venv/lib/python3.12/site-packages/airflow/example_dags/example_python_operator.py took 0.239 seconds
[2026-05-08T16:47:34.076+0100] {processor.py:161} INFO - Started process (PID=9785) to work on /home/najma/airflow-venv/lib/python3.12/site-packages/airflow/example_dags/example_python_operator.py
[2026-05-08T16:47:34.078+0100] {processor.py:830} INFO - Processing file /home/najma/airflow-venv/lib/python3.12/site-packages/airflow/example_dags/example_python_operator.py for tasks to queue
[2026-05-08T16:47:34.080+0100] {logging_mixin.py:188} INFO - [2026-05-08T16:47:34.079+0100] {dagbag.py:540} INFO - Filling up the DagBag from /home/najma/airflow-venv/lib/python3.12/site-packages/airflow/example_dags/example_python_operator.py
[2026-05-08T16:47:34.170+0100] {logging_mixin.py:188} INFO - [2026-05-08T16:47:34.170+0100] {example_python_operator.py:93} WARNING - The virtalenv_python example task requires virtualenv, please install it.
[2026-05-08T16:47:34.171+0100] {processor.py:840} INFO - DAG(s) 'example_python_operator' retrieved from /home/najma/airflow-venv/lib/python3.12/site-packages/airflow/example_dags/example_python_operator.py
[2026-05-08T16:47:34.195+0100] {logging_mixin.py:188} INFO - [2026-05-08T16:47:34.195+0100] {dag.py:3096} INFO - Sync 1 DAGs
[2026-05-08T16:47:34.209+0100] {logging_mixin.py:188} INFO - [2026-05-08T16:47:34.209+0100] {dag.py:3954} INFO - Setting next_dagrun for example_python_operator to None, run_after=None
[2026-05-08T16:47:34.293+0100] {processor.py:183} INFO - Processing /home/najma/airflow-venv/lib/python3.12/site-packages/airflow/example_dags/example_python_operator.py took 0.222 seconds
[2026-05-08T16:48:44.610+0100] {processor.py:161} INFO - Started process (PID=9851) to work on /home/najma/airflow-venv/lib/python3.12/site-packages/airflow/example_dags/example_python_operator.py
[2026-05-08T16:48:44.611+0100] {processor.py:830} INFO - Processing file /home/najma/airflow-venv/lib/python3.12/site-packages/airflow/example_dags/example_python_operator.py for tasks to queue
[2026-05-08T16:48:44.613+0100] {logging_mixin.py:188} INFO - [2026-05-08T16:48:44.613+0100] {dagbag.py:540} INFO - Filling up the DagBag from /home/najma/airflow-venv/lib/python3.12/site-packages/airflow/example_dags/example_python_operator.py
[2026-05-08T16:48:44.701+0100] {logging_mixin.py:188} INFO - [2026-05-08T16:48:44.701+0100] {example_python_operator.py:93} WARNING - The virtalenv_python example task requires virtualenv, please install it.
[2026-05-08T16:48:44.702+0100] {processor.py:840} INFO - DAG(s) 'example_python_operator' retrieved from /home/najma/airflow-venv/lib/python3.12/site-packages/airflow/example_dags/example_python_operator.py
[2026-05-08T16:48:44.726+0100] {logging_mixin.py:188} INFO - [2026-05-08T16:48:44.725+0100] {dag.py:3096} INFO - Sync 1 DAGs
[2026-05-08T16:48:44.739+0100] {logging_mixin.py:188} INFO - [2026-05-08T16:48:44.739+0100] {dag.py:3954} INFO - Setting next_dagrun for example_python_operator to None, run_after=None
[2026-05-08T16:48:44.844+0100] {processor.py:183} INFO - Processing /home/najma/airflow-venv/lib/python3.12/site-packages/airflow/example_dags/example_python_operator.py took 0.238 seconds
[2026-05-08T17:45:56.914+0100] {processor.py:161} INFO - Started process (PID=10269) to work on /home/najma/airflow-venv/lib/python3.12/site-packages/airflow/example_dags/example_python_operator.py
[2026-05-08T17:45:56.916+0100] {processor.py:830} INFO - Processing file /home/najma/airflow-venv/lib/python3.12/site-packages/airflow/example_dags/example_python_operator.py for tasks to queue
[2026-05-08T17:45:56.917+0100] {logging_mixin.py:188} INFO - [2026-05-08T17:45:56.917+0100] {dagbag.py:540} INFO - Filling up the DagBag from /home/najma/airflow-venv/lib/python3.12/site-packages/airflow/example_dags/example_python_operator.py
[2026-05-08T17:45:57.006+0100] {logging_mixin.py:188} INFO - [2026-05-08T17:45:57.006+0100] {example_python_operator.py:93} WARNING - The virtalenv_python example task requires virtualenv, please install it.
[2026-05-08T17:45:57.007+0100] {processor.py:840} INFO - DAG(s) 'example_python_operator' retrieved from /home/najma/airflow-venv/lib/python3.12/site-packages/airflow/example_dags/example_python_operator.py
[2026-05-08T17:45:57.034+0100] {logging_mixin.py:188} INFO - [2026-05-08T17:45:57.033+0100] {dag.py:3096} INFO - Sync 1 DAGs
[2026-05-08T17:45:57.047+0100] {logging_mixin.py:188} INFO - [2026-05-08T17:45:57.047+0100] {dag.py:3954} INFO - Setting next_dagrun for example_python_operator to None, run_after=None
[2026-05-08T17:45:57.137+0100] {processor.py:183} INFO - Processing /home/najma/airflow-venv/lib/python3.12/site-packages/airflow/example_dags/example_python_operator.py took 0.227 seconds
[2026-05-08T17:47:22.061+0100] {processor.py:161} INFO - Started process (PID=10344) to work on /home/najma/airflow-venv/lib/python3.12/site-packages/airflow/example_dags/example_python_operator.py
[2026-05-08T17:47:22.063+0100] {processor.py:830} INFO - Processing file /home/najma/airflow-venv/lib/python3.12/site-packages/airflow/example_dags/example_python_operator.py for tasks to queue
[2026-05-08T17:47:22.065+0100] {logging_mixin.py:188} INFO - [2026-05-08T17:47:22.065+0100] {dagbag.py:540} INFO - Filling up the DagBag from /home/najma/airflow-venv/lib/python3.12/site-packages/airflow/example_dags/example_python_operator.py
[2026-05-08T17:47:22.211+0100] {logging_mixin.py:188} INFO - [2026-05-08T17:47:22.210+0100] {example_python_operator.py:93} WARNING - The virtalenv_python example task requires virtualenv, please install it.
[2026-05-08T17:47:22.211+0100] {processor.py:840} INFO - DAG(s) 'example_python_operator' retrieved from /home/najma/airflow-venv/lib/python3.12/site-packages/airflow/example_dags/example_python_operator.py
[2026-05-08T17:47:22.238+0100] {logging_mixin.py:188} INFO - [2026-05-08T17:47:22.238+0100] {dag.py:3096} INFO - Sync 1 DAGs
[2026-05-08T17:47:22.253+0100] {logging_mixin.py:188} INFO - [2026-05-08T17:47:22.253+0100] {dag.py:3954} INFO - Setting next_dagrun for example_python_operator to None, run_after=None
[2026-05-08T17:47:22.350+0100] {processor.py:183} INFO - Processing /home/najma/airflow-venv/lib/python3.12/site-packages/airflow/example_dags/example_python_operator.py took 0.293 seconds
[2026-05-08T17:48:31.115+0100] {processor.py:161} INFO - Started process (PID=10405) to work on /home/najma/airflow-venv/lib/python3.12/site-packages/airflow/example_dags/example_python_operator.py
[2026-05-08T17:48:31.116+0100] {processor.py:830} INFO - Processing file /home/najma/airflow-venv/lib/python3.12/site-packages/airflow/example_dags/example_python_operator.py for tasks to queue
[2026-05-08T17:48:31.118+0100] {logging_mixin.py:188} INFO - [2026-05-08T17:48:31.118+0100] {dagbag.py:540} INFO - Filling up the DagBag from /home/najma/airflow-venv/lib/python3.12/site-packages/airflow/example_dags/example_python_operator.py
[2026-05-08T17:48:31.235+0100] {logging_mixin.py:188} INFO - [2026-05-08T17:48:31.234+0100] {example_python_operator.py:93} WARNING - The virtalenv_python example task requires virtualenv, please install it.
[2026-05-08T17:48:31.236+0100] {processor.py:840} INFO - DAG(s) 'example_python_operator' retrieved from /home/najma/airflow-venv/lib/python3.12/site-packages/airflow/example_dags/example_python_operator.py
[2026-05-08T17:48:31.269+0100] {logging_mixin.py:188} INFO - [2026-05-08T17:48:31.268+0100] {dag.py:3096} INFO - Sync 1 DAGs
[2026-05-08T17:48:31.284+0100] {logging_mixin.py:188} INFO - [2026-05-08T17:48:31.284+0100] {dag.py:3954} INFO - Setting next_dagrun for example_python_operator to None, run_after=None
[2026-05-08T17:48:31.377+0100] {processor.py:183} INFO - Processing /home/najma/airflow-venv/lib/python3.12/site-packages/airflow/example_dags/example_python_operator.py took 0.266 seconds
[2026-05-08T17:49:39.480+0100] {processor.py:161} INFO - Started process (PID=10464) to work on /home/najma/airflow-venv/lib/python3.12/site-packages/airflow/example_dags/example_python_operator.py
[2026-05-08T17:49:39.481+0100] {processor.py:830} INFO - Processing file /home/najma/airflow-venv/lib/python3.12/site-packages/airflow/example_dags/example_python_operator.py for tasks to queue
[2026-05-08T17:49:39.483+0100] {logging_mixin.py:188} INFO - [2026-05-08T17:49:39.482+0100] {dagbag.py:540} INFO - Filling up the DagBag from /home/najma/airflow-venv/lib/python3.12/site-packages/airflow/example_dags/example_python_operator.py
[2026-05-08T17:49:39.585+0100] {logging_mixin.py:188} INFO - [2026-05-08T17:49:39.585+0100] {example_python_operator.py:93} WARNING - The virtalenv_python example task requires virtualenv, please install it.
[2026-05-08T17:49:39.586+0100] {processor.py:840} INFO - DAG(s) 'example_python_operator' retrieved from /home/najma/airflow-venv/lib/python3.12/site-packages/airflow/example_dags/example_python_operator.py
[2026-05-08T17:49:39.619+0100] {logging_mixin.py:188} INFO - [2026-05-08T17:49:39.618+0100] {dag.py:3096} INFO - Sync 1 DAGs
[2026-05-08T17:49:39.636+0100] {logging_mixin.py:188} INFO - [2026-05-08T17:49:39.636+0100] {dag.py:3954} INFO - Setting next_dagrun for example_python_operator to None, run_after=None
[2026-05-08T17:49:39.730+0100] {processor.py:183} INFO - Processing /home/najma/airflow-venv/lib/python3.12/site-packages/airflow/example_dags/example_python_operator.py took 0.254 seconds
[2026-05-08T17:50:56.661+0100] {processor.py:161} INFO - Started process (PID=10529) to work on /home/najma/airflow-venv/lib/python3.12/site-packages/airflow/example_dags/example_python_operator.py
[2026-05-08T17:50:56.662+0100] {processor.py:830} INFO - Processing file /home/najma/airflow-venv/lib/python3.12/site-packages/airflow/example_dags/example_python_operator.py for tasks to queue
[2026-05-08T17:50:56.664+0100] {logging_mixin.py:188} INFO - [2026-05-08T17:50:56.664+0100] {dagbag.py:540} INFO - Filling up the DagBag from /home/najma/airflow-venv/lib/python3.12/site-packages/airflow/example_dags/example_python_operator.py
[2026-05-08T17:50:56.759+0100] {logging_mixin.py:188} INFO - [2026-05-08T17:50:56.759+0100] {example_python_operator.py:93} WARNING - The virtalenv_python example task requires virtualenv, please install it.
[2026-05-08T17:50:56.760+0100] {processor.py:840} INFO - DAG(s) 'example_python_operator' retrieved from /home/najma/airflow-venv/lib/python3.12/site-packages/airflow/example_dags/example_python_operator.py
[2026-05-08T17:50:56.788+0100] {logging_mixin.py:188} INFO - [2026-05-08T17:50:56.787+0100] {dag.py:3096} INFO - Sync 1 DAGs
[2026-05-08T17:50:56.801+0100] {logging_mixin.py:188} INFO - [2026-05-08T17:50:56.801+0100] {dag.py:3954} INFO - Setting next_dagrun for example_python_operator to None, run_after=None
[2026-05-08T17:50:56.902+0100] {processor.py:183} INFO - Processing /home/najma/airflow-venv/lib/python3.12/site-packages/airflow/example_dags/example_python_operator.py took 0.245 seconds
[2026-05-08T17:52:07.448+0100] {processor.py:161} INFO - Started process (PID=10590) to work on /home/najma/airflow-venv/lib/python3.12/site-packages/airflow/example_dags/example_python_operator.py
[2026-05-08T17:52:07.449+0100] {processor.py:830} INFO - Processing file /home/najma/airflow-venv/lib/python3.12/site-packages/airflow/example_dags/example_python_operator.py for tasks to queue
[2026-05-08T17:52:07.451+0100] {logging_mixin.py:188} INFO - [2026-05-08T17:52:07.451+0100] {dagbag.py:540} INFO - Filling up the DagBag from /home/najma/airflow-venv/lib/python3.12/site-packages/airflow/example_dags/example_python_operator.py
[2026-05-08T17:52:07.570+0100] {logging_mixin.py:188} INFO - [2026-05-08T17:52:07.570+0100] {example_python_operator.py:93} WARNING - The virtalenv_python example task requires virtualenv, please install it.
[2026-05-08T17:52:07.571+0100] {processor.py:840} INFO - DAG(s) 'example_python_operator' retrieved from /home/najma/airflow-venv/lib/python3.12/site-packages/airflow/example_dags/example_python_operator.py
[2026-05-08T17:52:07.603+0100] {logging_mixin.py:188} INFO - [2026-05-08T17:52:07.602+0100] {dag.py:3096} INFO - Sync 1 DAGs
[2026-05-08T17:52:07.619+0100] {logging_mixin.py:188} INFO - [2026-05-08T17:52:07.619+0100] {dag.py:3954} INFO - Setting next_dagrun for example_python_operator to None, run_after=None
[2026-05-08T17:52:07.710+0100] {processor.py:183} INFO - Processing /home/najma/airflow-venv/lib/python3.12/site-packages/airflow/example_dags/example_python_operator.py took 0.266 seconds
[2026-05-08T17:53:26.597+0100] {processor.py:161} INFO - Started process (PID=10675) to work on /home/najma/airflow-venv/lib/python3.12/site-packages/airflow/example_dags/example_python_operator.py
[2026-05-08T17:53:26.613+0100] {processor.py:830} INFO - Processing file /home/najma/airflow-venv/lib/python3.12/site-packages/airflow/example_dags/example_python_operator.py for tasks to queue
[2026-05-08T17:53:26.615+0100] {logging_mixin.py:188} INFO - [2026-05-08T17:53:26.614+0100] {dagbag.py:540} INFO - Filling up the DagBag from /home/najma/airflow-venv/lib/python3.12/site-packages/airflow/example_dags/example_python_operator.py
[2026-05-08T17:53:26.696+0100] {logging_mixin.py:188} INFO - [2026-05-08T17:53:26.695+0100] {example_python_operator.py:93} WARNING - The virtalenv_python example task requires virtualenv, please install it.
[2026-05-08T17:53:26.696+0100] {processor.py:840} INFO - DAG(s) 'example_python_operator' retrieved from /home/najma/airflow-venv/lib/python3.12/site-packages/airflow/example_dags/example_python_operator.py
[2026-05-08T17:53:26.720+0100] {logging_mixin.py:188} INFO - [2026-05-08T17:53:26.720+0100] {dag.py:3096} INFO - Sync 1 DAGs
[2026-05-08T17:53:26.733+0100] {logging_mixin.py:188} INFO - [2026-05-08T17:53:26.733+0100] {dag.py:3954} INFO - Setting next_dagrun for example_python_operator to None, run_after=None
[2026-05-08T17:53:26.811+0100] {processor.py:183} INFO - Processing /home/najma/airflow-venv/lib/python3.12/site-packages/airflow/example_dags/example_python_operator.py took 0.218 seconds
[2026-05-08T17:54:36.569+0100] {processor.py:161} INFO - Started process (PID=10747) to work on /home/najma/airflow-venv/lib/python3.12/site-packages/airflow/example_dags/example_python_operator.py
[2026-05-08T17:54:36.571+0100] {processor.py:830} INFO - Processing file /home/najma/airflow-venv/lib/python3.12/site-packages/airflow/example_dags/example_python_operator.py for tasks to queue
[2026-05-08T17:54:36.573+0100] {logging_mixin.py:188} INFO - [2026-05-08T17:54:36.572+0100] {dagbag.py:540} INFO - Filling up the DagBag from /home/najma/airflow-venv/lib/python3.12/site-packages/airflow/example_dags/example_python_operator.py
[2026-05-08T17:54:36.653+0100] {logging_mixin.py:188} INFO - [2026-05-08T17:54:36.652+0100] {example_python_operator.py:93} WARNING - The virtalenv_python example task requires virtualenv, please install it.
[2026-05-08T17:54:36.654+0100] {processor.py:840} INFO - DAG(s) 'example_python_operator' retrieved from /home/najma/airflow-venv/lib/python3.12/site-packages/airflow/example_dags/example_python_operator.py
[2026-05-08T17:54:36.680+0100] {logging_mixin.py:188} INFO - [2026-05-08T17:54:36.680+0100] {dag.py:3096} INFO - Sync 1 DAGs
[2026-05-08T17:54:36.693+0100] {logging_mixin.py:188} INFO - [2026-05-08T17:54:36.693+0100] {dag.py:3954} INFO - Setting next_dagrun for example_python_operator to None, run_after=None
[2026-05-08T17:54:36.782+0100] {processor.py:183} INFO - Processing /home/najma/airflow-venv/lib/python3.12/site-packages/airflow/example_dags/example_python_operator.py took 0.216 seconds
[2026-05-08T17:55:39.906+0100] {processor.py:161} INFO - Started process (PID=10804) to work on /home/najma/airflow-venv/lib/python3.12/site-packages/airflow/example_dags/example_python_operator.py
[2026-05-08T17:55:39.907+0100] {processor.py:830} INFO - Processing file /home/najma/airflow-venv/lib/python3.12/site-packages/airflow/example_dags/example_python_operator.py for tasks to queue
[2026-05-08T17:55:39.909+0100] {logging_mixin.py:188} INFO - [2026-05-08T17:55:39.909+0100] {dagbag.py:540} INFO - Filling up the DagBag from /home/najma/airflow-venv/lib/python3.12/site-packages/airflow/example_dags/example_python_operator.py
[2026-05-08T17:55:40.026+0100] {logging_mixin.py:188} INFO - [2026-05-08T17:55:40.026+0100] {example_python_operator.py:93} WARNING - The virtalenv_python example task requires virtualenv, please install it.
[2026-05-08T17:55:40.027+0100] {processor.py:840} INFO - DAG(s) 'example_python_operator' retrieved from /home/najma/airflow-venv/lib/python3.12/site-packages/airflow/example_dags/example_python_operator.py
[2026-05-08T17:55:40.052+0100] {logging_mixin.py:188} INFO - [2026-05-08T17:55:40.052+0100] {dag.py:3096} INFO - Sync 1 DAGs
[2026-05-08T17:55:40.064+0100] {logging_mixin.py:188} INFO - [2026-05-08T17:55:40.064+0100] {dag.py:3954} INFO - Setting next_dagrun for example_python_operator to None, run_after=None
[2026-05-08T17:55:40.139+0100] {processor.py:183} INFO - Processing /home/najma/airflow-venv/lib/python3.12/site-packages/airflow/example_dags/example_python_operator.py took 0.237 seconds
[2026-05-08T17:56:51.201+0100] {processor.py:161} INFO - Started process (PID=10867) to work on /home/najma/airflow-venv/lib/python3.12/site-packages/airflow/example_dags/example_python_operator.py
[2026-05-08T17:56:51.202+0100] {processor.py:830} INFO - Processing file /home/najma/airflow-venv/lib/python3.12/site-packages/airflow/example_dags/example_python_operator.py for tasks to queue
[2026-05-08T17:56:51.204+0100] {logging_mixin.py:188} INFO - [2026-05-08T17:56:51.204+0100] {dagbag.py:540} INFO - Filling up the DagBag from /home/najma/airflow-venv/lib/python3.12/site-packages/airflow/example_dags/example_python_operator.py
[2026-05-08T17:56:51.283+0100] {logging_mixin.py:188} INFO - [2026-05-08T17:56:51.282+0100] {example_python_operator.py:93} WARNING - The virtalenv_python example task requires virtualenv, please install it.
[2026-05-08T17:56:51.283+0100] {processor.py:840} INFO - DAG(s) 'example_python_operator' retrieved from /home/najma/airflow-venv/lib/python3.12/site-packages/airflow/example_dags/example_python_operator.py
[2026-05-08T17:56:51.312+0100] {logging_mixin.py:188} INFO - [2026-05-08T17:56:51.311+0100] {dag.py:3096} INFO - Sync 1 DAGs
[2026-05-08T17:56:51.326+0100] {logging_mixin.py:188} INFO - [2026-05-08T17:56:51.326+0100] {dag.py:3954} INFO - Setting next_dagrun for example_python_operator to None, run_after=None
[2026-05-08T17:56:51.406+0100] {processor.py:183} INFO - Processing /home/najma/airflow-venv/lib/python3.12/site-packages/airflow/example_dags/example_python_operator.py took 0.209 seconds
[2026-05-08T17:58:06.389+0100] {processor.py:161} INFO - Started process (PID=10928) to work on /home/najma/airflow-venv/lib/python3.12/site-packages/airflow/example_dags/example_python_operator.py
[2026-05-08T17:58:06.390+0100] {processor.py:830} INFO - Processing file /home/najma/airflow-venv/lib/python3.12/site-packages/airflow/example_dags/example_python_operator.py for tasks to queue
[2026-05-08T17:58:06.392+0100] {logging_mixin.py:188} INFO - [2026-05-08T17:58:06.392+0100] {dagbag.py:540} INFO - Filling up the DagBag from /home/najma/airflow-venv/lib/python3.12/site-packages/airflow/example_dags/example_python_operator.py
[2026-05-08T17:58:06.471+0100] {logging_mixin.py:188} INFO - [2026-05-08T17:58:06.471+0100] {example_python_operator.py:93} WARNING - The virtalenv_python example task requires virtualenv, please install it.
[2026-05-08T17:58:06.472+0100] {processor.py:840} INFO - DAG(s) 'example_python_operator' retrieved from /home/najma/airflow-venv/lib/python3.12/site-packages/airflow/example_dags/example_python_operator.py
[2026-05-08T17:58:06.496+0100] {logging_mixin.py:188} INFO - [2026-05-08T17:58:06.496+0100] {dag.py:3096} INFO - Sync 1 DAGs
[2026-05-08T17:58:06.510+0100] {logging_mixin.py:188} INFO - [2026-05-08T17:58:06.510+0100] {dag.py:3954} INFO - Setting next_dagrun for example_python_operator to None, run_after=None
[2026-05-08T17:58:06.587+0100] {processor.py:183} INFO - Processing /home/najma/airflow-venv/lib/python3.12/site-packages/airflow/example_dags/example_python_operator.py took 0.201 seconds
[2026-05-08T17:59:13.329+0100] {processor.py:161} INFO - Started process (PID=10988) to work on /home/najma/airflow-venv/lib/python3.12/site-packages/airflow/example_dags/example_python_operator.py
[2026-05-08T17:59:13.330+0100] {processor.py:830} INFO - Processing file /home/najma/airflow-venv/lib/python3.12/site-packages/airflow/example_dags/example_python_operator.py for tasks to queue
[2026-05-08T17:59:13.331+0100] {logging_mixin.py:188} INFO - [2026-05-08T17:59:13.331+0100] {dagbag.py:540} INFO - Filling up the DagBag from /home/najma/airflow-venv/lib/python3.12/site-packages/airflow/example_dags/example_python_operator.py
[2026-05-08T17:59:13.435+0100] {logging_mixin.py:188} INFO - [2026-05-08T17:59:13.435+0100] {example_python_operator.py:93} WARNING - The virtalenv_python example task requires virtualenv, please install it.
[2026-05-08T17:59:13.436+0100] {processor.py:840} INFO - DAG(s) 'example_python_operator' retrieved from /home/najma/airflow-venv/lib/python3.12/site-packages/airflow/example_dags/example_python_operator.py
[2026-05-08T17:59:13.461+0100] {logging_mixin.py:188} INFO - [2026-05-08T17:59:13.460+0100] {dag.py:3096} INFO - Sync 1 DAGs
[2026-05-08T17:59:13.474+0100] {logging_mixin.py:188} INFO - [2026-05-08T17:59:13.474+0100] {dag.py:3954} INFO - Setting next_dagrun for example_python_operator to None, run_after=None
[2026-05-08T17:59:13.556+0100] {processor.py:183} INFO - Processing /home/najma/airflow-venv/lib/python3.12/site-packages/airflow/example_dags/example_python_operator.py took 0.231 seconds
[2026-05-08T18:00:22.285+0100] {processor.py:161} INFO - Started process (PID=11049) to work on /home/najma/airflow-venv/lib/python3.12/site-packages/airflow/example_dags/example_python_operator.py
[2026-05-08T18:00:22.286+0100] {processor.py:830} INFO - Processing file /home/najma/airflow-venv/lib/python3.12/site-packages/airflow/example_dags/example_python_operator.py for tasks to queue
[2026-05-08T18:00:22.288+0100] {logging_mixin.py:188} INFO - [2026-05-08T18:00:22.288+0100] {dagbag.py:540} INFO - Filling up the DagBag from /home/najma/airflow-venv/lib/python3.12/site-packages/airflow/example_dags/example_python_operator.py
[2026-05-08T18:00:22.416+0100] {logging_mixin.py:188} INFO - [2026-05-08T18:00:22.416+0100] {example_python_operator.py:93} WARNING - The virtalenv_python example task requires virtualenv, please install it.
[2026-05-08T18:00:22.417+0100] {processor.py:840} INFO - DAG(s) 'example_python_operator' retrieved from /home/najma/airflow-venv/lib/python3.12/site-packages/airflow/example_dags/example_python_operator.py
[2026-05-08T18:00:22.442+0100] {logging_mixin.py:188} INFO - [2026-05-08T18:00:22.441+0100] {dag.py:3096} INFO - Sync 1 DAGs
[2026-05-08T18:00:22.455+0100] {logging_mixin.py:188} INFO - [2026-05-08T18:00:22.454+0100] {dag.py:3954} INFO - Setting next_dagrun for example_python_operator to None, run_after=None
[2026-05-08T18:00:22.831+0100] {processor.py:183} INFO - Processing /home/najma/airflow-venv/lib/python3.12/site-packages/airflow/example_dags/example_python_operator.py took 0.550 seconds
[2026-05-08T18:01:29.578+0100] {processor.py:161} INFO - Started process (PID=11107) to work on /home/najma/airflow-venv/lib/python3.12/site-packages/airflow/example_dags/example_python_operator.py
[2026-05-08T18:01:29.579+0100] {processor.py:830} INFO - Processing file /home/najma/airflow-venv/lib/python3.12/site-packages/airflow/example_dags/example_python_operator.py for tasks to queue
[2026-05-08T18:01:29.582+0100] {logging_mixin.py:188} INFO - [2026-05-08T18:01:29.581+0100] {dagbag.py:540} INFO - Filling up the DagBag from /home/najma/airflow-venv/lib/python3.12/site-packages/airflow/example_dags/example_python_operator.py
[2026-05-08T18:01:29.709+0100] {logging_mixin.py:188} INFO - [2026-05-08T18:01:29.709+0100] {example_python_operator.py:93} WARNING - The virtalenv_python example task requires virtualenv, please install it.
[2026-05-08T18:01:29.710+0100] {processor.py:840} INFO - DAG(s) 'example_python_operator' retrieved from /home/najma/airflow-venv/lib/python3.12/site-packages/airflow/example_dags/example_python_operator.py
[2026-05-08T18:01:29.735+0100] {logging_mixin.py:188} INFO - [2026-05-08T18:01:29.735+0100] {dag.py:3096} INFO - Sync 1 DAGs
[2026-05-08T18:01:29.748+0100] {logging_mixin.py:188} INFO - [2026-05-08T18:01:29.748+0100] {dag.py:3954} INFO - Setting next_dagrun for example_python_operator to None, run_after=None
[2026-05-08T18:01:29.843+0100] {processor.py:183} INFO - Processing /home/najma/airflow-venv/lib/python3.12/site-packages/airflow/example_dags/example_python_operator.py took 0.269 seconds
[2026-05-08T18:02:32.027+0100] {processor.py:161} INFO - Started process (PID=11165) to work on /home/najma/airflow-venv/lib/python3.12/site-packages/airflow/example_dags/example_python_operator.py
[2026-05-08T18:02:32.028+0100] {processor.py:830} INFO - Processing file /home/najma/airflow-venv/lib/python3.12/site-packages/airflow/example_dags/example_python_operator.py for tasks to queue
[2026-05-08T18:02:32.030+0100] {logging_mixin.py:188} INFO - [2026-05-08T18:02:32.030+0100] {dagbag.py:540} INFO - Filling up the DagBag from /home/najma/airflow-venv/lib/python3.12/site-packages/airflow/example_dags/example_python_operator.py
[2026-05-08T18:02:32.152+0100] {logging_mixin.py:188} INFO - [2026-05-08T18:02:32.151+0100] {example_python_operator.py:93} WARNING - The virtalenv_python example task requires virtualenv, please install it.
[2026-05-08T18:02:32.152+0100] {processor.py:840} INFO - DAG(s) 'example_python_operator' retrieved from /home/najma/airflow-venv/lib/python3.12/site-packages/airflow/example_dags/example_python_operator.py
[2026-05-08T18:02:32.189+0100] {logging_mixin.py:188} INFO - [2026-05-08T18:02:32.189+0100] {dag.py:3096} INFO - Sync 1 DAGs
[2026-05-08T18:02:32.209+0100] {logging_mixin.py:188} INFO - [2026-05-08T18:02:32.205+0100] {dag.py:3954} INFO - Setting next_dagrun for example_python_operator to None, run_after=None
[2026-05-08T18:02:32.286+0100] {processor.py:183} INFO - Processing /home/najma/airflow-venv/lib/python3.12/site-packages/airflow/example_dags/example_python_operator.py took 0.263 seconds
[2026-05-08T18:03:39.077+0100] {processor.py:161} INFO - Started process (PID=11222) to work on /home/najma/airflow-venv/lib/python3.12/site-packages/airflow/example_dags/example_python_operator.py
[2026-05-08T18:03:39.079+0100] {processor.py:830} INFO - Processing file /home/najma/airflow-venv/lib/python3.12/site-packages/airflow/example_dags/example_python_operator.py for tasks to queue
[2026-05-08T18:03:39.081+0100] {logging_mixin.py:188} INFO - [2026-05-08T18:03:39.080+0100] {dagbag.py:540} INFO - Filling up the DagBag from /home/najma/airflow-venv/lib/python3.12/site-packages/airflow/example_dags/example_python_operator.py
[2026-05-08T18:03:39.206+0100] {logging_mixin.py:188} INFO - [2026-05-08T18:03:39.206+0100] {example_python_operator.py:93} WARNING - The virtalenv_python example task requires virtualenv, please install it.
[2026-05-08T18:03:39.207+0100] {processor.py:840} INFO - DAG(s) 'example_python_operator' retrieved from /home/najma/airflow-venv/lib/python3.12/site-packages/airflow/example_dags/example_python_operator.py
[2026-05-08T18:03:39.234+0100] {logging_mixin.py:188} INFO - [2026-05-08T18:03:39.234+0100] {dag.py:3096} INFO - Sync 1 DAGs
[2026-05-08T18:03:39.247+0100] {logging_mixin.py:188} INFO - [2026-05-08T18:03:39.247+0100] {dag.py:3954} INFO - Setting next_dagrun for example_python_operator to None, run_after=None
[2026-05-08T18:03:39.332+0100] {processor.py:183} INFO - Processing /home/najma/airflow-venv/lib/python3.12/site-packages/airflow/example_dags/example_python_operator.py took 0.260 seconds
[2026-05-08T18:04:48.626+0100] {processor.py:161} INFO - Started process (PID=11285) to work on /home/najma/airflow-venv/lib/python3.12/site-packages/airflow/example_dags/example_python_operator.py
[2026-05-08T18:04:48.628+0100] {processor.py:830} INFO - Processing file /home/najma/airflow-venv/lib/python3.12/site-packages/airflow/example_dags/example_python_operator.py for tasks to queue
[2026-05-08T18:04:48.629+0100] {logging_mixin.py:188} INFO - [2026-05-08T18:04:48.629+0100] {dagbag.py:540} INFO - Filling up the DagBag from /home/najma/airflow-venv/lib/python3.12/site-packages/airflow/example_dags/example_python_operator.py
[2026-05-08T18:04:48.722+0100] {logging_mixin.py:188} INFO - [2026-05-08T18:04:48.722+0100] {example_python_operator.py:93} WARNING - The virtalenv_python example task requires virtualenv, please install it.
[2026-05-08T18:04:48.723+0100] {processor.py:840} INFO - DAG(s) 'example_python_operator' retrieved from /home/najma/airflow-venv/lib/python3.12/site-packages/airflow/example_dags/example_python_operator.py
[2026-05-08T18:04:48.749+0100] {logging_mixin.py:188} INFO - [2026-05-08T18:04:48.749+0100] {dag.py:3096} INFO - Sync 1 DAGs
[2026-05-08T18:04:48.762+0100] {logging_mixin.py:188} INFO - [2026-05-08T18:04:48.762+0100] {dag.py:3954} INFO - Setting next_dagrun for example_python_operator to None, run_after=None
[2026-05-08T18:04:48.856+0100] {processor.py:183} INFO - Processing /home/najma/airflow-venv/lib/python3.12/site-packages/airflow/example_dags/example_python_operator.py took 0.233 seconds
[2026-05-08T18:05:57.177+0100] {processor.py:161} INFO - Started process (PID=11344) to work on /home/najma/airflow-venv/lib/python3.12/site-packages/airflow/example_dags/example_python_operator.py
[2026-05-08T18:05:57.178+0100] {processor.py:830} INFO - Processing file /home/najma/airflow-venv/lib/python3.12/site-packages/airflow/example_dags/example_python_operator.py for tasks to queue
[2026-05-08T18:05:57.180+0100] {logging_mixin.py:188} INFO - [2026-05-08T18:05:57.180+0100] {dagbag.py:540} INFO - Filling up the DagBag from /home/najma/airflow-venv/lib/python3.12/site-packages/airflow/example_dags/example_python_operator.py
[2026-05-08T18:05:57.261+0100] {logging_mixin.py:188} INFO - [2026-05-08T18:05:57.260+0100] {example_python_operator.py:93} WARNING - The virtalenv_python example task requires virtualenv, please install it.
[2026-05-08T18:05:57.261+0100] {processor.py:840} INFO - DAG(s) 'example_python_operator' retrieved from /home/najma/airflow-venv/lib/python3.12/site-packages/airflow/example_dags/example_python_operator.py
[2026-05-08T18:05:57.286+0100] {logging_mixin.py:188} INFO - [2026-05-08T18:05:57.286+0100] {dag.py:3096} INFO - Sync 1 DAGs
[2026-05-08T18:05:57.299+0100] {logging_mixin.py:188} INFO - [2026-05-08T18:05:57.299+0100] {dag.py:3954} INFO - Setting next_dagrun for example_python_operator to None, run_after=None
[2026-05-08T18:05:57.396+0100] {processor.py:183} INFO - Processing /home/najma/airflow-venv/lib/python3.12/site-packages/airflow/example_dags/example_python_operator.py took 0.223 seconds
[2026-05-08T18:06:59.682+0100] {processor.py:161} INFO - Started process (PID=11402) to work on /home/najma/airflow-venv/lib/python3.12/site-packages/airflow/example_dags/example_python_operator.py
[2026-05-08T18:06:59.683+0100] {processor.py:830} INFO - Processing file /home/najma/airflow-venv/lib/python3.12/site-packages/airflow/example_dags/example_python_operator.py for tasks to queue
[2026-05-08T18:06:59.685+0100] {logging_mixin.py:188} INFO - [2026-05-08T18:06:59.685+0100] {dagbag.py:540} INFO - Filling up the DagBag from /home/najma/airflow-venv/lib/python3.12/site-packages/airflow/example_dags/example_python_operator.py
[2026-05-08T18:06:59.788+0100] {logging_mixin.py:188} INFO - [2026-05-08T18:06:59.788+0100] {example_python_operator.py:93} WARNING - The virtalenv_python example task requires virtualenv, please install it.
[2026-05-08T18:06:59.789+0100] {processor.py:840} INFO - DAG(s) 'example_python_operator' retrieved from /home/najma/airflow-venv/lib/python3.12/site-packages/airflow/example_dags/example_python_operator.py
[2026-05-08T18:06:59.816+0100] {logging_mixin.py:188} INFO - [2026-05-08T18:06:59.816+0100] {dag.py:3096} INFO - Sync 1 DAGs
[2026-05-08T18:06:59.829+0100] {logging_mixin.py:188} INFO - [2026-05-08T18:06:59.829+0100] {dag.py:3954} INFO - Setting next_dagrun for example_python_operator to None, run_after=None
[2026-05-08T18:06:59.914+0100] {processor.py:183} INFO - Processing /home/najma/airflow-venv/lib/python3.12/site-packages/airflow/example_dags/example_python_operator.py took 0.236 seconds
[2026-05-08T18:08:01.434+0100] {processor.py:161} INFO - Started process (PID=11457) to work on /home/najma/airflow-venv/lib/python3.12/site-packages/airflow/example_dags/example_python_operator.py
[2026-05-08T18:08:01.435+0100] {processor.py:830} INFO - Processing file /home/najma/airflow-venv/lib/python3.12/site-packages/airflow/example_dags/example_python_operator.py for tasks to queue
[2026-05-08T18:08:01.437+0100] {logging_mixin.py:188} INFO - [2026-05-08T18:08:01.436+0100] {dagbag.py:540} INFO - Filling up the DagBag from /home/najma/airflow-venv/lib/python3.12/site-packages/airflow/example_dags/example_python_operator.py
[2026-05-08T18:08:01.517+0100] {logging_mixin.py:188} INFO - [2026-05-08T18:08:01.517+0100] {example_python_operator.py:93} WARNING - The virtalenv_python example task requires virtualenv, please install it.
[2026-05-08T18:08:01.518+0100] {processor.py:840} INFO - DAG(s) 'example_python_operator' retrieved from /home/najma/airflow-venv/lib/python3.12/site-packages/airflow/example_dags/example_python_operator.py
[2026-05-08T18:08:01.541+0100] {logging_mixin.py:188} INFO - [2026-05-08T18:08:01.541+0100] {dag.py:3096} INFO - Sync 1 DAGs
[2026-05-08T18:08:01.554+0100] {logging_mixin.py:188} INFO - [2026-05-08T18:08:01.554+0100] {dag.py:3954} INFO - Setting next_dagrun for example_python_operator to None, run_after=None
[2026-05-08T18:08:01.649+0100] {processor.py:183} INFO - Processing /home/najma/airflow-venv/lib/python3.12/site-packages/airflow/example_dags/example_python_operator.py took 0.219 seconds
[2026-05-08T18:09:06.713+0100] {processor.py:161} INFO - Started process (PID=11517) to work on /home/najma/airflow-venv/lib/python3.12/site-packages/airflow/example_dags/example_python_operator.py
[2026-05-08T18:09:06.714+0100] {processor.py:830} INFO - Processing file /home/najma/airflow-venv/lib/python3.12/site-packages/airflow/example_dags/example_python_operator.py for tasks to queue
[2026-05-08T18:09:06.716+0100] {logging_mixin.py:188} INFO - [2026-05-08T18:09:06.716+0100] {dagbag.py:540} INFO - Filling up the DagBag from /home/najma/airflow-venv/lib/python3.12/site-packages/airflow/example_dags/example_python_operator.py
[2026-05-08T18:09:06.841+0100] {logging_mixin.py:188} INFO - [2026-05-08T18:09:06.840+0100] {example_python_operator.py:93} WARNING - The virtalenv_python example task requires virtualenv, please install it.
[2026-05-08T18:09:06.841+0100] {processor.py:840} INFO - DAG(s) 'example_python_operator' retrieved from /home/najma/airflow-venv/lib/python3.12/site-packages/airflow/example_dags/example_python_operator.py
[2026-05-08T18:09:06.873+0100] {logging_mixin.py:188} INFO - [2026-05-08T18:09:06.873+0100] {dag.py:3096} INFO - Sync 1 DAGs
[2026-05-08T18:09:06.894+0100] {logging_mixin.py:188} INFO - [2026-05-08T18:09:06.894+0100] {dag.py:3954} INFO - Setting next_dagrun for example_python_operator to None, run_after=None
[2026-05-08T18:09:07.005+0100] {processor.py:183} INFO - Processing /home/najma/airflow-venv/lib/python3.12/site-packages/airflow/example_dags/example_python_operator.py took 0.296 seconds
[2026-05-08T18:10:08.915+0100] {processor.py:161} INFO - Started process (PID=11573) to work on /home/najma/airflow-venv/lib/python3.12/site-packages/airflow/example_dags/example_python_operator.py
[2026-05-08T18:10:08.916+0100] {processor.py:830} INFO - Processing file /home/najma/airflow-venv/lib/python3.12/site-packages/airflow/example_dags/example_python_operator.py for tasks to queue
[2026-05-08T18:10:08.918+0100] {logging_mixin.py:188} INFO - [2026-05-08T18:10:08.918+0100] {dagbag.py:540} INFO - Filling up the DagBag from /home/najma/airflow-venv/lib/python3.12/site-packages/airflow/example_dags/example_python_operator.py
[2026-05-08T18:10:09.007+0100] {logging_mixin.py:188} INFO - [2026-05-08T18:10:09.007+0100] {example_python_operator.py:93} WARNING - The virtalenv_python example task requires virtualenv, please install it.
[2026-05-08T18:10:09.008+0100] {processor.py:840} INFO - DAG(s) 'example_python_operator' retrieved from /home/najma/airflow-venv/lib/python3.12/site-packages/airflow/example_dags/example_python_operator.py
[2026-05-08T18:10:09.032+0100] {logging_mixin.py:188} INFO - [2026-05-08T18:10:09.031+0100] {dag.py:3096} INFO - Sync 1 DAGs
[2026-05-08T18:10:09.044+0100] {logging_mixin.py:188} INFO - [2026-05-08T18:10:09.043+0100] {dag.py:3954} INFO - Setting next_dagrun for example_python_operator to None, run_after=None
[2026-05-08T18:10:09.159+0100] {processor.py:183} INFO - Processing /home/najma/airflow-venv/lib/python3.12/site-packages/airflow/example_dags/example_python_operator.py took 0.248 seconds
[2026-05-08T18:11:13.373+0100] {processor.py:161} INFO - Started process (PID=11627) to work on /home/najma/airflow-venv/lib/python3.12/site-packages/airflow/example_dags/example_python_operator.py
[2026-05-08T18:11:13.374+0100] {processor.py:830} INFO - Processing file /home/najma/airflow-venv/lib/python3.12/site-packages/airflow/example_dags/example_python_operator.py for tasks to queue
[2026-05-08T18:11:13.377+0100] {logging_mixin.py:188} INFO - [2026-05-08T18:11:13.376+0100] {dagbag.py:540} INFO - Filling up the DagBag from /home/najma/airflow-venv/lib/python3.12/site-packages/airflow/example_dags/example_python_operator.py
[2026-05-08T18:11:13.478+0100] {logging_mixin.py:188} INFO - [2026-05-08T18:11:13.478+0100] {example_python_operator.py:93} WARNING - The virtalenv_python example task requires virtualenv, please install it.
[2026-05-08T18:11:13.479+0100] {processor.py:840} INFO - DAG(s) 'example_python_operator' retrieved from /home/najma/airflow-venv/lib/python3.12/site-packages/airflow/example_dags/example_python_operator.py
[2026-05-08T18:11:13.504+0100] {logging_mixin.py:188} INFO - [2026-05-08T18:11:13.504+0100] {dag.py:3096} INFO - Sync 1 DAGs
[2026-05-08T18:11:13.517+0100] {logging_mixin.py:188} INFO - [2026-05-08T18:11:13.516+0100] {dag.py:3954} INFO - Setting next_dagrun for example_python_operator to None, run_after=None
[2026-05-08T18:11:13.607+0100] {processor.py:183} INFO - Processing /home/najma/airflow-venv/lib/python3.12/site-packages/airflow/example_dags/example_python_operator.py took 0.238 seconds
[2026-05-08T18:12:25.609+0100] {processor.py:161} INFO - Started process (PID=11685) to work on /home/najma/airflow-venv/lib/python3.12/site-packages/airflow/example_dags/example_python_operator.py
[2026-05-08T18:12:25.610+0100] {processor.py:830} INFO - Processing file /home/najma/airflow-venv/lib/python3.12/site-packages/airflow/example_dags/example_python_operator.py for tasks to queue
[2026-05-08T18:12:25.611+0100] {logging_mixin.py:188} INFO - [2026-05-08T18:12:25.611+0100] {dagbag.py:540} INFO - Filling up the DagBag from /home/najma/airflow-venv/lib/python3.12/site-packages/airflow/example_dags/example_python_operator.py
[2026-05-08T18:12:25.703+0100] {logging_mixin.py:188} INFO - [2026-05-08T18:12:25.703+0100] {example_python_operator.py:93} WARNING - The virtalenv_python example task requires virtualenv, please install it.
[2026-05-08T18:12:25.704+0100] {processor.py:840} INFO - DAG(s) 'example_python_operator' retrieved from /home/najma/airflow-venv/lib/python3.12/site-packages/airflow/example_dags/example_python_operator.py
[2026-05-08T18:12:25.729+0100] {logging_mixin.py:188} INFO - [2026-05-08T18:12:25.729+0100] {dag.py:3096} INFO - Sync 1 DAGs
[2026-05-08T18:12:25.746+0100] {logging_mixin.py:188} INFO - [2026-05-08T18:12:25.746+0100] {dag.py:3954} INFO - Setting next_dagrun for example_python_operator to None, run_after=None
[2026-05-08T18:12:25.835+0100] {processor.py:183} INFO - Processing /home/najma/airflow-venv/lib/python3.12/site-packages/airflow/example_dags/example_python_operator.py took 0.231 seconds
[2026-05-08T18:13:57.928+0100] {processor.py:161} INFO - Started process (PID=11753) to work on /home/najma/airflow-venv/lib/python3.12/site-packages/airflow/example_dags/example_python_operator.py
[2026-05-08T18:13:57.944+0100] {processor.py:830} INFO - Processing file /home/najma/airflow-venv/lib/python3.12/site-packages/airflow/example_dags/example_python_operator.py for tasks to queue
[2026-05-08T18:13:57.946+0100] {logging_mixin.py:188} INFO - [2026-05-08T18:13:57.946+0100] {dagbag.py:540} INFO - Filling up the DagBag from /home/najma/airflow-venv/lib/python3.12/site-packages/airflow/example_dags/example_python_operator.py
[2026-05-08T18:13:58.057+0100] {logging_mixin.py:188} INFO - [2026-05-08T18:13:58.056+0100] {example_python_operator.py:93} WARNING - The virtalenv_python example task requires virtualenv, please install it.
[2026-05-08T18:13:58.057+0100] {processor.py:840} INFO - DAG(s) 'example_python_operator' retrieved from /home/najma/airflow-venv/lib/python3.12/site-packages/airflow/example_dags/example_python_operator.py
[2026-05-08T18:13:58.086+0100] {logging_mixin.py:188} INFO - [2026-05-08T18:13:58.086+0100] {dag.py:3096} INFO - Sync 1 DAGs
[2026-05-08T18:13:58.101+0100] {logging_mixin.py:188} INFO - [2026-05-08T18:13:58.101+0100] {dag.py:3954} INFO - Setting next_dagrun for example_python_operator to None, run_after=None
[2026-05-08T18:13:58.184+0100] {processor.py:183} INFO - Processing /home/najma/airflow-venv/lib/python3.12/site-packages/airflow/example_dags/example_python_operator.py took 0.259 seconds
[2026-05-08T18:15:11.598+0100] {processor.py:161} INFO - Started process (PID=11822) to work on /home/najma/airflow-venv/lib/python3.12/site-packages/airflow/example_dags/example_python_operator.py
[2026-05-08T18:15:11.599+0100] {processor.py:830} INFO - Processing file /home/najma/airflow-venv/lib/python3.12/site-packages/airflow/example_dags/example_python_operator.py for tasks to queue
[2026-05-08T18:15:11.601+0100] {logging_mixin.py:188} INFO - [2026-05-08T18:15:11.601+0100] {dagbag.py:540} INFO - Filling up the DagBag from /home/najma/airflow-venv/lib/python3.12/site-packages/airflow/example_dags/example_python_operator.py
[2026-05-08T18:15:11.729+0100] {logging_mixin.py:188} INFO - [2026-05-08T18:15:11.729+0100] {example_python_operator.py:93} WARNING - The virtalenv_python example task requires virtualenv, please install it.
[2026-05-08T18:15:11.730+0100] {processor.py:840} INFO - DAG(s) 'example_python_operator' retrieved from /home/najma/airflow-venv/lib/python3.12/site-packages/airflow/example_dags/example_python_operator.py
[2026-05-08T18:15:11.766+0100] {logging_mixin.py:188} INFO - [2026-05-08T18:15:11.766+0100] {dag.py:3096} INFO - Sync 1 DAGs
[2026-05-08T18:15:11.784+0100] {logging_mixin.py:188} INFO - [2026-05-08T18:15:11.783+0100] {dag.py:3954} INFO - Setting next_dagrun for example_python_operator to None, run_after=None
[2026-05-08T18:15:11.896+0100] {processor.py:183} INFO - Processing /home/najma/airflow-venv/lib/python3.12/site-packages/airflow/example_dags/example_python_operator.py took 0.303 seconds
[2026-05-08T18:16:24.603+0100] {processor.py:161} INFO - Started process (PID=11881) to work on /home/najma/airflow-venv/lib/python3.12/site-packages/airflow/example_dags/example_python_operator.py
[2026-05-08T18:16:24.604+0100] {processor.py:830} INFO - Processing file /home/najma/airflow-venv/lib/python3.12/site-packages/airflow/example_dags/example_python_operator.py for tasks to queue
[2026-05-08T18:16:24.606+0100] {logging_mixin.py:188} INFO - [2026-05-08T18:16:24.606+0100] {dagbag.py:540} INFO - Filling up the DagBag from /home/najma/airflow-venv/lib/python3.12/site-packages/airflow/example_dags/example_python_operator.py
[2026-05-08T18:16:24.728+0100] {logging_mixin.py:188} INFO - [2026-05-08T18:16:24.728+0100] {example_python_operator.py:93} WARNING - The virtalenv_python example task requires virtualenv, please install it.
[2026-05-08T18:16:24.729+0100] {processor.py:840} INFO - DAG(s) 'example_python_operator' retrieved from /home/najma/airflow-venv/lib/python3.12/site-packages/airflow/example_dags/example_python_operator.py
[2026-05-08T18:16:24.757+0100] {logging_mixin.py:188} INFO - [2026-05-08T18:16:24.757+0100] {dag.py:3096} INFO - Sync 1 DAGs
[2026-05-08T18:16:24.772+0100] {logging_mixin.py:188} INFO - [2026-05-08T18:16:24.772+0100] {dag.py:3954} INFO - Setting next_dagrun for example_python_operator to None, run_after=None
[2026-05-08T18:16:24.853+0100] {processor.py:183} INFO - Processing /home/najma/airflow-venv/lib/python3.12/site-packages/airflow/example_dags/example_python_operator.py took 0.254 seconds
[2026-05-08T18:17:35.130+0100] {processor.py:161} INFO - Started process (PID=11941) to work on /home/najma/airflow-venv/lib/python3.12/site-packages/airflow/example_dags/example_python_operator.py
[2026-05-08T18:17:35.132+0100] {processor.py:830} INFO - Processing file /home/najma/airflow-venv/lib/python3.12/site-packages/airflow/example_dags/example_python_operator.py for tasks to queue
[2026-05-08T18:17:35.134+0100] {logging_mixin.py:188} INFO - [2026-05-08T18:17:35.133+0100] {dagbag.py:540} INFO - Filling up the DagBag from /home/najma/airflow-venv/lib/python3.12/site-packages/airflow/example_dags/example_python_operator.py
[2026-05-08T18:17:35.246+0100] {logging_mixin.py:188} INFO - [2026-05-08T18:17:35.246+0100] {example_python_operator.py:93} WARNING - The virtalenv_python example task requires virtualenv, please install it.
[2026-05-08T18:17:35.247+0100] {processor.py:840} INFO - DAG(s) 'example_python_operator' retrieved from /home/najma/airflow-venv/lib/python3.12/site-packages/airflow/example_dags/example_python_operator.py
[2026-05-08T18:17:35.276+0100] {logging_mixin.py:188} INFO - [2026-05-08T18:17:35.275+0100] {dag.py:3096} INFO - Sync 1 DAGs
[2026-05-08T18:17:35.289+0100] {logging_mixin.py:188} INFO - [2026-05-08T18:17:35.289+0100] {dag.py:3954} INFO - Setting next_dagrun for example_python_operator to None, run_after=None
[2026-05-08T18:17:35.376+0100] {processor.py:183} INFO - Processing /home/najma/airflow-venv/lib/python3.12/site-packages/airflow/example_dags/example_python_operator.py took 0.250 seconds
[2026-05-08T18:18:50.051+0100] {processor.py:161} INFO - Started process (PID=12000) to work on /home/najma/airflow-venv/lib/python3.12/site-packages/airflow/example_dags/example_python_operator.py
[2026-05-08T18:18:50.053+0100] {processor.py:830} INFO - Processing file /home/najma/airflow-venv/lib/python3.12/site-packages/airflow/example_dags/example_python_operator.py for tasks to queue
[2026-05-08T18:18:50.055+0100] {logging_mixin.py:188} INFO - [2026-05-08T18:18:50.055+0100] {dagbag.py:540} INFO - Filling up the DagBag from /home/najma/airflow-venv/lib/python3.12/site-packages/airflow/example_dags/example_python_operator.py
[2026-05-08T18:18:50.180+0100] {logging_mixin.py:188} INFO - [2026-05-08T18:18:50.179+0100] {example_python_operator.py:93} WARNING - The virtalenv_python example task requires virtualenv, please install it.
[2026-05-08T18:18:50.180+0100] {processor.py:840} INFO - DAG(s) 'example_python_operator' retrieved from /home/najma/airflow-venv/lib/python3.12/site-packages/airflow/example_dags/example_python_operator.py
[2026-05-08T18:18:50.208+0100] {logging_mixin.py:188} INFO - [2026-05-08T18:18:50.208+0100] {dag.py:3096} INFO - Sync 1 DAGs
[2026-05-08T18:18:50.222+0100] {logging_mixin.py:188} INFO - [2026-05-08T18:18:50.222+0100] {dag.py:3954} INFO - Setting next_dagrun for example_python_operator to None, run_after=None
[2026-05-08T18:18:50.304+0100] {processor.py:183} INFO - Processing /home/najma/airflow-venv/lib/python3.12/site-packages/airflow/example_dags/example_python_operator.py took 0.257 seconds
[2026-05-08T18:19:56.726+0100] {processor.py:161} INFO - Started process (PID=12056) to work on /home/najma/airflow-venv/lib/python3.12/site-packages/airflow/example_dags/example_python_operator.py
[2026-05-08T18:19:56.727+0100] {processor.py:830} INFO - Processing file /home/najma/airflow-venv/lib/python3.12/site-packages/airflow/example_dags/example_python_operator.py for tasks to queue
[2026-05-08T18:19:56.729+0100] {logging_mixin.py:188} INFO - [2026-05-08T18:19:56.728+0100] {dagbag.py:540} INFO - Filling up the DagBag from /home/najma/airflow-venv/lib/python3.12/site-packages/airflow/example_dags/example_python_operator.py
[2026-05-08T18:19:56.828+0100] {logging_mixin.py:188} INFO - [2026-05-08T18:19:56.828+0100] {example_python_operator.py:93} WARNING - The virtalenv_python example task requires virtualenv, please install it.
[2026-05-08T18:19:56.829+0100] {processor.py:840} INFO - DAG(s) 'example_python_operator' retrieved from /home/najma/airflow-venv/lib/python3.12/site-packages/airflow/example_dags/example_python_operator.py
[2026-05-08T18:19:56.857+0100] {logging_mixin.py:188} INFO - [2026-05-08T18:19:56.857+0100] {dag.py:3096} INFO - Sync 1 DAGs
[2026-05-08T18:19:56.876+0100] {logging_mixin.py:188} INFO - [2026-05-08T18:19:56.876+0100] {dag.py:3954} INFO - Setting next_dagrun for example_python_operator to None, run_after=None
[2026-05-08T18:19:56.988+0100] {processor.py:183} INFO - Processing /home/najma/airflow-venv/lib/python3.12/site-packages/airflow/example_dags/example_python_operator.py took 0.266 seconds
[2026-05-08T18:21:04.779+0100] {processor.py:161} INFO - Started process (PID=12112) to work on /home/najma/airflow-venv/lib/python3.12/site-packages/airflow/example_dags/example_python_operator.py
[2026-05-08T18:21:04.781+0100] {processor.py:830} INFO - Processing file /home/najma/airflow-venv/lib/python3.12/site-packages/airflow/example_dags/example_python_operator.py for tasks to queue
[2026-05-08T18:21:04.782+0100] {logging_mixin.py:188} INFO - [2026-05-08T18:21:04.782+0100] {dagbag.py:540} INFO - Filling up the DagBag from /home/najma/airflow-venv/lib/python3.12/site-packages/airflow/example_dags/example_python_operator.py
[2026-05-08T18:21:04.878+0100] {logging_mixin.py:188} INFO - [2026-05-08T18:21:04.878+0100] {example_python_operator.py:93} WARNING - The virtalenv_python example task requires virtualenv, please install it.
[2026-05-08T18:21:04.879+0100] {processor.py:840} INFO - DAG(s) 'example_python_operator' retrieved from /home/najma/airflow-venv/lib/python3.12/site-packages/airflow/example_dags/example_python_operator.py
[2026-05-08T18:21:04.905+0100] {logging_mixin.py:188} INFO - [2026-05-08T18:21:04.905+0100] {dag.py:3096} INFO - Sync 1 DAGs
[2026-05-08T18:21:04.919+0100] {logging_mixin.py:188} INFO - [2026-05-08T18:21:04.918+0100] {dag.py:3954} INFO - Setting next_dagrun for example_python_operator to None, run_after=None
[2026-05-08T18:21:04.998+0100] {processor.py:183} INFO - Processing /home/najma/airflow-venv/lib/python3.12/site-packages/airflow/example_dags/example_python_operator.py took 0.223 seconds
[2026-05-08T18:22:20.727+0100] {processor.py:161} INFO - Started process (PID=12172) to work on /home/najma/airflow-venv/lib/python3.12/site-packages/airflow/example_dags/example_python_operator.py
[2026-05-08T18:22:20.728+0100] {processor.py:830} INFO - Processing file /home/najma/airflow-venv/lib/python3.12/site-packages/airflow/example_dags/example_python_operator.py for tasks to queue
[2026-05-08T18:22:20.730+0100] {logging_mixin.py:188} INFO - [2026-05-08T18:22:20.730+0100] {dagbag.py:540} INFO - Filling up the DagBag from /home/najma/airflow-venv/lib/python3.12/site-packages/airflow/example_dags/example_python_operator.py
[2026-05-08T18:22:20.826+0100] {logging_mixin.py:188} INFO - [2026-05-08T18:22:20.825+0100] {example_python_operator.py:93} WARNING - The virtalenv_python example task requires virtualenv, please install it.
[2026-05-08T18:22:20.827+0100] {processor.py:840} INFO - DAG(s) 'example_python_operator' retrieved from /home/najma/airflow-venv/lib/python3.12/site-packages/airflow/example_dags/example_python_operator.py
[2026-05-08T18:22:20.853+0100] {logging_mixin.py:188} INFO - [2026-05-08T18:22:20.853+0100] {dag.py:3096} INFO - Sync 1 DAGs
[2026-05-08T18:22:20.867+0100] {logging_mixin.py:188} INFO - [2026-05-08T18:22:20.866+0100] {dag.py:3954} INFO - Setting next_dagrun for example_python_operator to None, run_after=None
[2026-05-08T18:22:20.944+0100] {processor.py:183} INFO - Processing /home/najma/airflow-venv/lib/python3.12/site-packages/airflow/example_dags/example_python_operator.py took 0.222 seconds
[2026-05-08T18:24:31.751+0100] {processor.py:161} INFO - Started process (PID=12285) to work on /home/najma/airflow-venv/lib/python3.12/site-packages/airflow/example_dags/example_python_operator.py
[2026-05-08T18:24:31.755+0100] {processor.py:830} INFO - Processing file /home/najma/airflow-venv/lib/python3.12/site-packages/airflow/example_dags/example_python_operator.py for tasks to queue
[2026-05-08T18:24:31.757+0100] {logging_mixin.py:188} INFO - [2026-05-08T18:24:31.756+0100] {dagbag.py:540} INFO - Filling up the DagBag from /home/najma/airflow-venv/lib/python3.12/site-packages/airflow/example_dags/example_python_operator.py
[2026-05-08T18:24:32.007+0100] {logging_mixin.py:188} INFO - [2026-05-08T18:24:32.006+0100] {example_python_operator.py:93} WARNING - The virtalenv_python example task requires virtualenv, please install it.
[2026-05-08T18:24:32.008+0100] {processor.py:840} INFO - DAG(s) 'example_python_operator' retrieved from /home/najma/airflow-venv/lib/python3.12/site-packages/airflow/example_dags/example_python_operator.py
[2026-05-08T18:24:32.053+0100] {logging_mixin.py:188} INFO - [2026-05-08T18:24:32.053+0100] {dag.py:3096} INFO - Sync 1 DAGs
[2026-05-08T18:24:32.074+0100] {logging_mixin.py:188} INFO - [2026-05-08T18:24:32.074+0100] {dag.py:3954} INFO - Setting next_dagrun for example_python_operator to None, run_after=None
[2026-05-08T18:24:32.496+0100] {processor.py:183} INFO - Processing /home/najma/airflow-venv/lib/python3.12/site-packages/airflow/example_dags/example_python_operator.py took 0.749 seconds
[2026-05-08T18:25:50.583+0100] {processor.py:161} INFO - Started process (PID=12359) to work on /home/najma/airflow-venv/lib/python3.12/site-packages/airflow/example_dags/example_python_operator.py
[2026-05-08T18:25:50.585+0100] {processor.py:830} INFO - Processing file /home/najma/airflow-venv/lib/python3.12/site-packages/airflow/example_dags/example_python_operator.py for tasks to queue
[2026-05-08T18:25:50.587+0100] {logging_mixin.py:188} INFO - [2026-05-08T18:25:50.587+0100] {dagbag.py:540} INFO - Filling up the DagBag from /home/najma/airflow-venv/lib/python3.12/site-packages/airflow/example_dags/example_python_operator.py
[2026-05-08T18:25:50.754+0100] {logging_mixin.py:188} INFO - [2026-05-08T18:25:50.754+0100] {example_python_operator.py:93} WARNING - The virtalenv_python example task requires virtualenv, please install it.
[2026-05-08T18:25:50.755+0100] {processor.py:840} INFO - DAG(s) 'example_python_operator' retrieved from /home/najma/airflow-venv/lib/python3.12/site-packages/airflow/example_dags/example_python_operator.py
[2026-05-08T18:25:50.792+0100] {logging_mixin.py:188} INFO - [2026-05-08T18:25:50.791+0100] {dag.py:3096} INFO - Sync 1 DAGs
[2026-05-08T18:25:50.809+0100] {logging_mixin.py:188} INFO - [2026-05-08T18:25:50.809+0100] {dag.py:3954} INFO - Setting next_dagrun for example_python_operator to None, run_after=None
[2026-05-08T18:25:50.917+0100] {processor.py:183} INFO - Processing /home/najma/airflow-venv/lib/python3.12/site-packages/airflow/example_dags/example_python_operator.py took 0.338 seconds
[2026-05-08T18:27:06.706+0100] {processor.py:161} INFO - Started process (PID=12419) to work on /home/najma/airflow-venv/lib/python3.12/site-packages/airflow/example_dags/example_python_operator.py
[2026-05-08T18:27:06.707+0100] {processor.py:830} INFO - Processing file /home/najma/airflow-venv/lib/python3.12/site-packages/airflow/example_dags/example_python_operator.py for tasks to queue
[2026-05-08T18:27:06.709+0100] {logging_mixin.py:188} INFO - [2026-05-08T18:27:06.709+0100] {dagbag.py:540} INFO - Filling up the DagBag from /home/najma/airflow-venv/lib/python3.12/site-packages/airflow/example_dags/example_python_operator.py
[2026-05-08T18:27:06.807+0100] {logging_mixin.py:188} INFO - [2026-05-08T18:27:06.807+0100] {example_python_operator.py:93} WARNING - The virtalenv_python example task requires virtualenv, please install it.
[2026-05-08T18:27:06.808+0100] {processor.py:840} INFO - DAG(s) 'example_python_operator' retrieved from /home/najma/airflow-venv/lib/python3.12/site-packages/airflow/example_dags/example_python_operator.py
[2026-05-08T18:27:06.836+0100] {logging_mixin.py:188} INFO - [2026-05-08T18:27:06.836+0100] {dag.py:3096} INFO - Sync 1 DAGs
[2026-05-08T18:27:06.852+0100] {logging_mixin.py:188} INFO - [2026-05-08T18:27:06.852+0100] {dag.py:3954} INFO - Setting next_dagrun for example_python_operator to None, run_after=None
[2026-05-08T18:27:06.963+0100] {processor.py:183} INFO - Processing /home/najma/airflow-venv/lib/python3.12/site-packages/airflow/example_dags/example_python_operator.py took 0.261 seconds
[2026-05-08T18:28:29.196+0100] {processor.py:161} INFO - Started process (PID=12483) to work on /home/najma/airflow-venv/lib/python3.12/site-packages/airflow/example_dags/example_python_operator.py
[2026-05-08T18:28:29.197+0100] {processor.py:830} INFO - Processing file /home/najma/airflow-venv/lib/python3.12/site-packages/airflow/example_dags/example_python_operator.py for tasks to queue
[2026-05-08T18:28:29.199+0100] {logging_mixin.py:188} INFO - [2026-05-08T18:28:29.199+0100] {dagbag.py:540} INFO - Filling up the DagBag from /home/najma/airflow-venv/lib/python3.12/site-packages/airflow/example_dags/example_python_operator.py
[2026-05-08T18:28:29.306+0100] {logging_mixin.py:188} INFO - [2026-05-08T18:28:29.306+0100] {example_python_operator.py:93} WARNING - The virtalenv_python example task requires virtualenv, please install it.
[2026-05-08T18:28:29.307+0100] {processor.py:840} INFO - DAG(s) 'example_python_operator' retrieved from /home/najma/airflow-venv/lib/python3.12/site-packages/airflow/example_dags/example_python_operator.py
[2026-05-08T18:28:29.334+0100] {logging_mixin.py:188} INFO - [2026-05-08T18:28:29.333+0100] {dag.py:3096} INFO - Sync 1 DAGs
[2026-05-08T18:28:29.348+0100] {logging_mixin.py:188} INFO - [2026-05-08T18:28:29.347+0100] {dag.py:3954} INFO - Setting next_dagrun for example_python_operator to None, run_after=None
[2026-05-08T18:28:29.438+0100] {processor.py:183} INFO - Processing /home/najma/airflow-venv/lib/python3.12/site-packages/airflow/example_dags/example_python_operator.py took 0.247 seconds
[2026-05-08T18:29:43.808+0100] {processor.py:161} INFO - Started process (PID=12542) to work on /home/najma/airflow-venv/lib/python3.12/site-packages/airflow/example_dags/example_python_operator.py
[2026-05-08T18:29:43.810+0100] {processor.py:830} INFO - Processing file /home/najma/airflow-venv/lib/python3.12/site-packages/airflow/example_dags/example_python_operator.py for tasks to queue
[2026-05-08T18:29:43.811+0100] {logging_mixin.py:188} INFO - [2026-05-08T18:29:43.811+0100] {dagbag.py:540} INFO - Filling up the DagBag from /home/najma/airflow-venv/lib/python3.12/site-packages/airflow/example_dags/example_python_operator.py
[2026-05-08T18:29:43.908+0100] {logging_mixin.py:188} INFO - [2026-05-08T18:29:43.908+0100] {example_python_operator.py:93} WARNING - The virtalenv_python example task requires virtualenv, please install it.
[2026-05-08T18:29:43.909+0100] {processor.py:840} INFO - DAG(s) 'example_python_operator' retrieved from /home/najma/airflow-venv/lib/python3.12/site-packages/airflow/example_dags/example_python_operator.py
[2026-05-08T18:29:43.936+0100] {logging_mixin.py:188} INFO - [2026-05-08T18:29:43.936+0100] {dag.py:3096} INFO - Sync 1 DAGs
[2026-05-08T18:29:43.949+0100] {logging_mixin.py:188} INFO - [2026-05-08T18:29:43.949+0100] {dag.py:3954} INFO - Setting next_dagrun for example_python_operator to None, run_after=None
[2026-05-08T18:29:44.049+0100] {processor.py:183} INFO - Processing /home/najma/airflow-venv/lib/python3.12/site-packages/airflow/example_dags/example_python_operator.py took 0.245 seconds
[2026-05-08T18:31:01.686+0100] {processor.py:161} INFO - Started process (PID=12603) to work on /home/najma/airflow-venv/lib/python3.12/site-packages/airflow/example_dags/example_python_operator.py
[2026-05-08T18:31:01.688+0100] {processor.py:830} INFO - Processing file /home/najma/airflow-venv/lib/python3.12/site-packages/airflow/example_dags/example_python_operator.py for tasks to queue
[2026-05-08T18:31:01.689+0100] {logging_mixin.py:188} INFO - [2026-05-08T18:31:01.689+0100] {dagbag.py:540} INFO - Filling up the DagBag from /home/najma/airflow-venv/lib/python3.12/site-packages/airflow/example_dags/example_python_operator.py
[2026-05-08T18:31:01.815+0100] {logging_mixin.py:188} INFO - [2026-05-08T18:31:01.814+0100] {example_python_operator.py:93} WARNING - The virtalenv_python example task requires virtualenv, please install it.
[2026-05-08T18:31:01.815+0100] {processor.py:840} INFO - DAG(s) 'example_python_operator' retrieved from /home/najma/airflow-venv/lib/python3.12/site-packages/airflow/example_dags/example_python_operator.py
[2026-05-08T18:31:01.842+0100] {logging_mixin.py:188} INFO - [2026-05-08T18:31:01.842+0100] {dag.py:3096} INFO - Sync 1 DAGs
[2026-05-08T18:31:01.855+0100] {logging_mixin.py:188} INFO - [2026-05-08T18:31:01.855+0100] {dag.py:3954} INFO - Setting next_dagrun for example_python_operator to None, run_after=None
[2026-05-08T18:31:01.936+0100] {processor.py:183} INFO - Processing /home/najma/airflow-venv/lib/python3.12/site-packages/airflow/example_dags/example_python_operator.py took 0.254 seconds
[2026-05-08T18:32:19.334+0100] {processor.py:161} INFO - Started process (PID=12663) to work on /home/najma/airflow-venv/lib/python3.12/site-packages/airflow/example_dags/example_python_operator.py
[2026-05-08T18:32:19.349+0100] {processor.py:830} INFO - Processing file /home/najma/airflow-venv/lib/python3.12/site-packages/airflow/example_dags/example_python_operator.py for tasks to queue
[2026-05-08T18:32:19.351+0100] {logging_mixin.py:188} INFO - [2026-05-08T18:32:19.351+0100] {dagbag.py:540} INFO - Filling up the DagBag from /home/najma/airflow-venv/lib/python3.12/site-packages/airflow/example_dags/example_python_operator.py
[2026-05-08T18:32:19.437+0100] {logging_mixin.py:188} INFO - [2026-05-08T18:32:19.436+0100] {example_python_operator.py:93} WARNING - The virtalenv_python example task requires virtualenv, please install it.
[2026-05-08T18:32:19.438+0100] {processor.py:840} INFO - DAG(s) 'example_python_operator' retrieved from /home/najma/airflow-venv/lib/python3.12/site-packages/airflow/example_dags/example_python_operator.py
[2026-05-08T18:32:19.465+0100] {logging_mixin.py:188} INFO - [2026-05-08T18:32:19.464+0100] {dag.py:3096} INFO - Sync 1 DAGs
[2026-05-08T18:32:19.478+0100] {logging_mixin.py:188} INFO - [2026-05-08T18:32:19.478+0100] {dag.py:3954} INFO - Setting next_dagrun for example_python_operator to None, run_after=None
[2026-05-08T18:32:19.560+0100] {processor.py:183} INFO - Processing /home/najma/airflow-venv/lib/python3.12/site-packages/airflow/example_dags/example_python_operator.py took 0.230 seconds
[2026-05-08T18:34:37.509+0100] {processor.py:161} INFO - Started process (PID=12787) to work on /home/najma/airflow-venv/lib/python3.12/site-packages/airflow/example_dags/example_python_operator.py
[2026-05-08T18:34:37.510+0100] {processor.py:830} INFO - Processing file /home/najma/airflow-venv/lib/python3.12/site-packages/airflow/example_dags/example_python_operator.py for tasks to queue
[2026-05-08T18:34:37.512+0100] {logging_mixin.py:188} INFO - [2026-05-08T18:34:37.512+0100] {dagbag.py:540} INFO - Filling up the DagBag from /home/najma/airflow-venv/lib/python3.12/site-packages/airflow/example_dags/example_python_operator.py
[2026-05-08T18:34:37.602+0100] {logging_mixin.py:188} INFO - [2026-05-08T18:34:37.602+0100] {example_python_operator.py:93} WARNING - The virtalenv_python example task requires virtualenv, please install it.
[2026-05-08T18:34:37.603+0100] {processor.py:840} INFO - DAG(s) 'example_python_operator' retrieved from /home/najma/airflow-venv/lib/python3.12/site-packages/airflow/example_dags/example_python_operator.py
[2026-05-08T18:34:37.635+0100] {logging_mixin.py:188} INFO - [2026-05-08T18:34:37.634+0100] {dag.py:3096} INFO - Sync 1 DAGs
[2026-05-08T18:34:37.649+0100] {logging_mixin.py:188} INFO - [2026-05-08T18:34:37.649+0100] {dag.py:3954} INFO - Setting next_dagrun for example_python_operator to None, run_after=None
[2026-05-08T18:34:37.746+0100] {processor.py:183} INFO - Processing /home/najma/airflow-venv/lib/python3.12/site-packages/airflow/example_dags/example_python_operator.py took 0.243 seconds
[2026-05-08T18:35:49.514+0100] {processor.py:161} INFO - Started process (PID=12854) to work on /home/najma/airflow-venv/lib/python3.12/site-packages/airflow/example_dags/example_python_operator.py
[2026-05-08T18:35:49.531+0100] {processor.py:830} INFO - Processing file /home/najma/airflow-venv/lib/python3.12/site-packages/airflow/example_dags/example_python_operator.py for tasks to queue
[2026-05-08T18:35:49.533+0100] {logging_mixin.py:188} INFO - [2026-05-08T18:35:49.532+0100] {dagbag.py:540} INFO - Filling up the DagBag from /home/najma/airflow-venv/lib/python3.12/site-packages/airflow/example_dags/example_python_operator.py
[2026-05-08T18:35:49.685+0100] {logging_mixin.py:188} INFO - [2026-05-08T18:35:49.685+0100] {example_python_operator.py:93} WARNING - The virtalenv_python example task requires virtualenv, please install it.
[2026-05-08T18:35:49.687+0100] {processor.py:840} INFO - DAG(s) 'example_python_operator' retrieved from /home/najma/airflow-venv/lib/python3.12/site-packages/airflow/example_dags/example_python_operator.py
[2026-05-08T18:35:49.725+0100] {logging_mixin.py:188} INFO - [2026-05-08T18:35:49.725+0100] {dag.py:3096} INFO - Sync 1 DAGs
[2026-05-08T18:35:49.740+0100] {logging_mixin.py:188} INFO - [2026-05-08T18:35:49.739+0100] {dag.py:3954} INFO - Setting next_dagrun for example_python_operator to None, run_after=None
[2026-05-08T18:35:49.822+0100] {processor.py:183} INFO - Processing /home/najma/airflow-venv/lib/python3.12/site-packages/airflow/example_dags/example_python_operator.py took 0.313 seconds
[2026-05-08T18:37:01.602+0100] {processor.py:161} INFO - Started process (PID=12913) to work on /home/najma/airflow-venv/lib/python3.12/site-packages/airflow/example_dags/example_python_operator.py
[2026-05-08T18:37:01.618+0100] {processor.py:830} INFO - Processing file /home/najma/airflow-venv/lib/python3.12/site-packages/airflow/example_dags/example_python_operator.py for tasks to queue
[2026-05-08T18:37:01.620+0100] {logging_mixin.py:188} INFO - [2026-05-08T18:37:01.619+0100] {dagbag.py:540} INFO - Filling up the DagBag from /home/najma/airflow-venv/lib/python3.12/site-packages/airflow/example_dags/example_python_operator.py
[2026-05-08T18:37:01.721+0100] {logging_mixin.py:188} INFO - [2026-05-08T18:37:01.720+0100] {example_python_operator.py:93} WARNING - The virtalenv_python example task requires virtualenv, please install it.
[2026-05-08T18:37:01.721+0100] {processor.py:840} INFO - DAG(s) 'example_python_operator' retrieved from /home/najma/airflow-venv/lib/python3.12/site-packages/airflow/example_dags/example_python_operator.py
[2026-05-08T18:37:01.753+0100] {logging_mixin.py:188} INFO - [2026-05-08T18:37:01.753+0100] {dag.py:3096} INFO - Sync 1 DAGs
[2026-05-08T18:37:01.767+0100] {logging_mixin.py:188} INFO - [2026-05-08T18:37:01.767+0100] {dag.py:3954} INFO - Setting next_dagrun for example_python_operator to None, run_after=None
[2026-05-08T18:37:01.849+0100] {processor.py:183} INFO - Processing /home/najma/airflow-venv/lib/python3.12/site-packages/airflow/example_dags/example_python_operator.py took 0.251 seconds
[2026-05-08T18:38:25.619+0100] {processor.py:161} INFO - Started process (PID=12977) to work on /home/najma/airflow-venv/lib/python3.12/site-packages/airflow/example_dags/example_python_operator.py
[2026-05-08T18:38:25.621+0100] {processor.py:830} INFO - Processing file /home/najma/airflow-venv/lib/python3.12/site-packages/airflow/example_dags/example_python_operator.py for tasks to queue
[2026-05-08T18:38:25.622+0100] {logging_mixin.py:188} INFO - [2026-05-08T18:38:25.621+0100] {dagbag.py:540} INFO - Filling up the DagBag from /home/najma/airflow-venv/lib/python3.12/site-packages/airflow/example_dags/example_python_operator.py
[2026-05-08T18:38:25.784+0100] {logging_mixin.py:188} INFO - [2026-05-08T18:38:25.784+0100] {example_python_operator.py:93} WARNING - The virtalenv_python example task requires virtualenv, please install it.
[2026-05-08T18:38:25.785+0100] {processor.py:840} INFO - DAG(s) 'example_python_operator' retrieved from /home/najma/airflow-venv/lib/python3.12/site-packages/airflow/example_dags/example_python_operator.py
[2026-05-08T18:38:25.816+0100] {logging_mixin.py:188} INFO - [2026-05-08T18:38:25.815+0100] {dag.py:3096} INFO - Sync 1 DAGs
[2026-05-08T18:38:25.827+0100] {logging_mixin.py:188} INFO - [2026-05-08T18:38:25.827+0100] {dag.py:3954} INFO - Setting next_dagrun for example_python_operator to None, run_after=None
[2026-05-08T18:38:25.914+0100] {processor.py:183} INFO - Processing /home/najma/airflow-venv/lib/python3.12/site-packages/airflow/example_dags/example_python_operator.py took 0.299 seconds
