[2026-05-08T16:43:37.739+0100] {processor.py:161} INFO - Started process (PID=9571) to work on /home/najma/airflow-venv/lib/python3.12/site-packages/airflow/example_dags/example_external_task_marker_dag.py
[2026-05-08T16:43:37.741+0100] {processor.py:830} INFO - Processing file /home/najma/airflow-venv/lib/python3.12/site-packages/airflow/example_dags/example_external_task_marker_dag.py for tasks to queue
[2026-05-08T16:43:37.742+0100] {logging_mixin.py:188} INFO - [2026-05-08T16:43:37.742+0100] {dagbag.py:540} INFO - Filling up the DagBag from /home/najma/airflow-venv/lib/python3.12/site-packages/airflow/example_dags/example_external_task_marker_dag.py
[2026-05-08T16:43:37.755+0100] {processor.py:840} INFO - DAG(s) 'example_external_task_marker_parent', 'example_external_task_marker_child' retrieved from /home/najma/airflow-venv/lib/python3.12/site-packages/airflow/example_dags/example_external_task_marker_dag.py
[2026-05-08T16:43:37.971+0100] {logging_mixin.py:188} INFO - [2026-05-08T16:43:37.970+0100] {override.py:1829} INFO - Created Permission View: can read on DAG:example_external_task_marker_parent
[2026-05-08T16:43:38.018+0100] {logging_mixin.py:188} INFO - [2026-05-08T16:43:38.017+0100] {override.py:1829} INFO - Created Permission View: can edit on DAG:example_external_task_marker_parent
[2026-05-08T16:43:38.068+0100] {logging_mixin.py:188} INFO - [2026-05-08T16:43:38.067+0100] {override.py:1829} INFO - Created Permission View: can delete on DAG:example_external_task_marker_parent
[2026-05-08T16:43:38.167+0100] {logging_mixin.py:188} INFO - [2026-05-08T16:43:38.167+0100] {override.py:1829} INFO - Created Permission View: can read on DAG:example_external_task_marker_child
[2026-05-08T16:43:38.212+0100] {logging_mixin.py:188} INFO - [2026-05-08T16:43:38.211+0100] {override.py:1829} INFO - Created Permission View: can edit on DAG:example_external_task_marker_child
[2026-05-08T16:43:38.253+0100] {logging_mixin.py:188} INFO - [2026-05-08T16:43:38.253+0100] {override.py:1829} INFO - Created Permission View: can delete on DAG:example_external_task_marker_child
[2026-05-08T16:43:38.254+0100] {logging_mixin.py:188} INFO - [2026-05-08T16:43:38.254+0100] {dag.py:3096} INFO - Sync 2 DAGs
[2026-05-08T16:43:38.274+0100] {logging_mixin.py:188} INFO - [2026-05-08T16:43:38.274+0100] {dag.py:3118} INFO - Creating ORM DAG for example_external_task_marker_parent
[2026-05-08T16:43:38.275+0100] {logging_mixin.py:188} INFO - [2026-05-08T16:43:38.275+0100] {dag.py:3118} INFO - Creating ORM DAG for example_external_task_marker_child
[2026-05-08T16:43:38.276+0100] {logging_mixin.py:188} INFO - [2026-05-08T16:43:38.276+0100] {dag.py:3954} INFO - Setting next_dagrun for example_external_task_marker_child to None, run_after=None
[2026-05-08T16:43:38.277+0100] {logging_mixin.py:188} INFO - [2026-05-08T16:43:38.277+0100] {dag.py:3954} INFO - Setting next_dagrun for example_external_task_marker_parent to None, run_after=None
[2026-05-08T16:43:38.369+0100] {processor.py:183} INFO - Processing /home/najma/airflow-venv/lib/python3.12/site-packages/airflow/example_dags/example_external_task_marker_dag.py took 0.635 seconds
[2026-05-08T16:45:01.292+0100] {processor.py:161} INFO - Started process (PID=9647) to work on /home/najma/airflow-venv/lib/python3.12/site-packages/airflow/example_dags/example_external_task_marker_dag.py
[2026-05-08T16:45:01.336+0100] {processor.py:830} INFO - Processing file /home/najma/airflow-venv/lib/python3.12/site-packages/airflow/example_dags/example_external_task_marker_dag.py for tasks to queue
[2026-05-08T16:45:01.338+0100] {logging_mixin.py:188} INFO - [2026-05-08T16:45:01.337+0100] {dagbag.py:540} INFO - Filling up the DagBag from /home/najma/airflow-venv/lib/python3.12/site-packages/airflow/example_dags/example_external_task_marker_dag.py
[2026-05-08T16:45:01.343+0100] {processor.py:840} INFO - DAG(s) 'example_external_task_marker_child', 'example_external_task_marker_parent' retrieved from /home/najma/airflow-venv/lib/python3.12/site-packages/airflow/example_dags/example_external_task_marker_dag.py
[2026-05-08T16:45:01.381+0100] {logging_mixin.py:188} INFO - [2026-05-08T16:45:01.380+0100] {dag.py:3096} INFO - Sync 2 DAGs
[2026-05-08T16:45:01.395+0100] {logging_mixin.py:188} INFO - [2026-05-08T16:45:01.394+0100] {dag.py:3954} INFO - Setting next_dagrun for example_external_task_marker_child to None, run_after=None
[2026-05-08T16:45:01.400+0100] {logging_mixin.py:188} INFO - [2026-05-08T16:45:01.400+0100] {dag.py:3954} INFO - Setting next_dagrun for example_external_task_marker_parent to None, run_after=None
[2026-05-08T16:45:01.497+0100] {processor.py:183} INFO - Processing /home/najma/airflow-venv/lib/python3.12/site-packages/airflow/example_dags/example_external_task_marker_dag.py took 0.208 seconds
[2026-05-08T16:46:22.412+0100] {processor.py:161} INFO - Started process (PID=9723) to work on /home/najma/airflow-venv/lib/python3.12/site-packages/airflow/example_dags/example_external_task_marker_dag.py
[2026-05-08T16:46:22.413+0100] {processor.py:830} INFO - Processing file /home/najma/airflow-venv/lib/python3.12/site-packages/airflow/example_dags/example_external_task_marker_dag.py for tasks to queue
[2026-05-08T16:46:22.415+0100] {logging_mixin.py:188} INFO - [2026-05-08T16:46:22.415+0100] {dagbag.py:540} INFO - Filling up the DagBag from /home/najma/airflow-venv/lib/python3.12/site-packages/airflow/example_dags/example_external_task_marker_dag.py
[2026-05-08T16:46:22.422+0100] {processor.py:840} INFO - DAG(s) 'example_external_task_marker_parent', 'example_external_task_marker_child' retrieved from /home/najma/airflow-venv/lib/python3.12/site-packages/airflow/example_dags/example_external_task_marker_dag.py
[2026-05-08T16:46:22.456+0100] {logging_mixin.py:188} INFO - [2026-05-08T16:46:22.456+0100] {dag.py:3096} INFO - Sync 2 DAGs
[2026-05-08T16:46:22.469+0100] {logging_mixin.py:188} INFO - [2026-05-08T16:46:22.469+0100] {dag.py:3954} INFO - Setting next_dagrun for example_external_task_marker_child to None, run_after=None
[2026-05-08T16:46:22.476+0100] {logging_mixin.py:188} INFO - [2026-05-08T16:46:22.475+0100] {dag.py:3954} INFO - Setting next_dagrun for example_external_task_marker_parent to None, run_after=None
[2026-05-08T16:46:22.562+0100] {processor.py:183} INFO - Processing /home/najma/airflow-venv/lib/python3.12/site-packages/airflow/example_dags/example_external_task_marker_dag.py took 0.154 seconds
[2026-05-08T16:47:43.439+0100] {processor.py:161} INFO - Started process (PID=9794) to work on /home/najma/airflow-venv/lib/python3.12/site-packages/airflow/example_dags/example_external_task_marker_dag.py
[2026-05-08T16:47:43.441+0100] {processor.py:830} INFO - Processing file /home/najma/airflow-venv/lib/python3.12/site-packages/airflow/example_dags/example_external_task_marker_dag.py for tasks to queue
[2026-05-08T16:47:43.443+0100] {logging_mixin.py:188} INFO - [2026-05-08T16:47:43.443+0100] {dagbag.py:540} INFO - Filling up the DagBag from /home/najma/airflow-venv/lib/python3.12/site-packages/airflow/example_dags/example_external_task_marker_dag.py
[2026-05-08T16:47:43.452+0100] {processor.py:840} INFO - DAG(s) 'example_external_task_marker_child', 'example_external_task_marker_parent' retrieved from /home/najma/airflow-venv/lib/python3.12/site-packages/airflow/example_dags/example_external_task_marker_dag.py
[2026-05-08T16:47:43.492+0100] {logging_mixin.py:188} INFO - [2026-05-08T16:47:43.491+0100] {dag.py:3096} INFO - Sync 2 DAGs
[2026-05-08T16:47:43.509+0100] {logging_mixin.py:188} INFO - [2026-05-08T16:47:43.508+0100] {dag.py:3954} INFO - Setting next_dagrun for example_external_task_marker_child to None, run_after=None
[2026-05-08T16:47:43.517+0100] {logging_mixin.py:188} INFO - [2026-05-08T16:47:43.517+0100] {dag.py:3954} INFO - Setting next_dagrun for example_external_task_marker_parent to None, run_after=None
[2026-05-08T16:47:43.630+0100] {processor.py:183} INFO - Processing /home/najma/airflow-venv/lib/python3.12/site-packages/airflow/example_dags/example_external_task_marker_dag.py took 0.195 seconds
[2026-05-08T16:48:53.827+0100] {processor.py:161} INFO - Started process (PID=9860) to work on /home/najma/airflow-venv/lib/python3.12/site-packages/airflow/example_dags/example_external_task_marker_dag.py
[2026-05-08T16:48:53.829+0100] {processor.py:830} INFO - Processing file /home/najma/airflow-venv/lib/python3.12/site-packages/airflow/example_dags/example_external_task_marker_dag.py for tasks to queue
[2026-05-08T16:48:53.830+0100] {logging_mixin.py:188} INFO - [2026-05-08T16:48:53.830+0100] {dagbag.py:540} INFO - Filling up the DagBag from /home/najma/airflow-venv/lib/python3.12/site-packages/airflow/example_dags/example_external_task_marker_dag.py
[2026-05-08T16:48:53.836+0100] {processor.py:840} INFO - DAG(s) 'example_external_task_marker_parent', 'example_external_task_marker_child' retrieved from /home/najma/airflow-venv/lib/python3.12/site-packages/airflow/example_dags/example_external_task_marker_dag.py
[2026-05-08T16:48:53.869+0100] {logging_mixin.py:188} INFO - [2026-05-08T16:48:53.869+0100] {dag.py:3096} INFO - Sync 2 DAGs
[2026-05-08T16:48:53.884+0100] {logging_mixin.py:188} INFO - [2026-05-08T16:48:53.884+0100] {dag.py:3954} INFO - Setting next_dagrun for example_external_task_marker_child to None, run_after=None
[2026-05-08T16:48:53.890+0100] {logging_mixin.py:188} INFO - [2026-05-08T16:48:53.890+0100] {dag.py:3954} INFO - Setting next_dagrun for example_external_task_marker_parent to None, run_after=None
[2026-05-08T16:48:53.967+0100] {processor.py:183} INFO - Processing /home/najma/airflow-venv/lib/python3.12/site-packages/airflow/example_dags/example_external_task_marker_dag.py took 0.144 seconds
[2026-05-08T17:46:06.594+0100] {processor.py:161} INFO - Started process (PID=10280) to work on /home/najma/airflow-venv/lib/python3.12/site-packages/airflow/example_dags/example_external_task_marker_dag.py
[2026-05-08T17:46:06.596+0100] {processor.py:830} INFO - Processing file /home/najma/airflow-venv/lib/python3.12/site-packages/airflow/example_dags/example_external_task_marker_dag.py for tasks to queue
[2026-05-08T17:46:06.597+0100] {logging_mixin.py:188} INFO - [2026-05-08T17:46:06.597+0100] {dagbag.py:540} INFO - Filling up the DagBag from /home/najma/airflow-venv/lib/python3.12/site-packages/airflow/example_dags/example_external_task_marker_dag.py
[2026-05-08T17:46:06.609+0100] {processor.py:840} INFO - DAG(s) 'example_external_task_marker_child', 'example_external_task_marker_parent' retrieved from /home/najma/airflow-venv/lib/python3.12/site-packages/airflow/example_dags/example_external_task_marker_dag.py
[2026-05-08T17:46:06.671+0100] {logging_mixin.py:188} INFO - [2026-05-08T17:46:06.670+0100] {dag.py:3096} INFO - Sync 2 DAGs
[2026-05-08T17:46:06.693+0100] {logging_mixin.py:188} INFO - [2026-05-08T17:46:06.693+0100] {dag.py:3954} INFO - Setting next_dagrun for example_external_task_marker_child to None, run_after=None
[2026-05-08T17:46:06.699+0100] {logging_mixin.py:188} INFO - [2026-05-08T17:46:06.699+0100] {dag.py:3954} INFO - Setting next_dagrun for example_external_task_marker_parent to None, run_after=None
[2026-05-08T17:46:06.824+0100] {processor.py:183} INFO - Processing /home/najma/airflow-venv/lib/python3.12/site-packages/airflow/example_dags/example_external_task_marker_dag.py took 0.234 seconds
[2026-05-08T17:47:31.034+0100] {processor.py:161} INFO - Started process (PID=10351) to work on /home/najma/airflow-venv/lib/python3.12/site-packages/airflow/example_dags/example_external_task_marker_dag.py
[2026-05-08T17:47:31.050+0100] {processor.py:830} INFO - Processing file /home/najma/airflow-venv/lib/python3.12/site-packages/airflow/example_dags/example_external_task_marker_dag.py for tasks to queue
[2026-05-08T17:47:31.052+0100] {logging_mixin.py:188} INFO - [2026-05-08T17:47:31.051+0100] {dagbag.py:540} INFO - Filling up the DagBag from /home/najma/airflow-venv/lib/python3.12/site-packages/airflow/example_dags/example_external_task_marker_dag.py
[2026-05-08T17:47:31.057+0100] {processor.py:840} INFO - DAG(s) 'example_external_task_marker_parent', 'example_external_task_marker_child' retrieved from /home/najma/airflow-venv/lib/python3.12/site-packages/airflow/example_dags/example_external_task_marker_dag.py
[2026-05-08T17:47:31.093+0100] {logging_mixin.py:188} INFO - [2026-05-08T17:47:31.093+0100] {dag.py:3096} INFO - Sync 2 DAGs
[2026-05-08T17:47:31.107+0100] {logging_mixin.py:188} INFO - [2026-05-08T17:47:31.106+0100] {dag.py:3954} INFO - Setting next_dagrun for example_external_task_marker_child to None, run_after=None
[2026-05-08T17:47:31.112+0100] {logging_mixin.py:188} INFO - [2026-05-08T17:47:31.112+0100] {dag.py:3954} INFO - Setting next_dagrun for example_external_task_marker_parent to None, run_after=None
[2026-05-08T17:47:31.209+0100] {processor.py:183} INFO - Processing /home/najma/airflow-venv/lib/python3.12/site-packages/airflow/example_dags/example_external_task_marker_dag.py took 0.178 seconds
[2026-05-08T17:48:40.083+0100] {processor.py:161} INFO - Started process (PID=10412) to work on /home/najma/airflow-venv/lib/python3.12/site-packages/airflow/example_dags/example_external_task_marker_dag.py
[2026-05-08T17:48:40.084+0100] {processor.py:830} INFO - Processing file /home/najma/airflow-venv/lib/python3.12/site-packages/airflow/example_dags/example_external_task_marker_dag.py for tasks to queue
[2026-05-08T17:48:40.086+0100] {logging_mixin.py:188} INFO - [2026-05-08T17:48:40.086+0100] {dagbag.py:540} INFO - Filling up the DagBag from /home/najma/airflow-venv/lib/python3.12/site-packages/airflow/example_dags/example_external_task_marker_dag.py
[2026-05-08T17:48:40.091+0100] {processor.py:840} INFO - DAG(s) 'example_external_task_marker_child', 'example_external_task_marker_parent' retrieved from /home/najma/airflow-venv/lib/python3.12/site-packages/airflow/example_dags/example_external_task_marker_dag.py
[2026-05-08T17:48:40.131+0100] {logging_mixin.py:188} INFO - [2026-05-08T17:48:40.130+0100] {dag.py:3096} INFO - Sync 2 DAGs
[2026-05-08T17:48:40.155+0100] {logging_mixin.py:188} INFO - [2026-05-08T17:48:40.154+0100] {dag.py:3954} INFO - Setting next_dagrun for example_external_task_marker_child to None, run_after=None
[2026-05-08T17:48:40.161+0100] {logging_mixin.py:188} INFO - [2026-05-08T17:48:40.160+0100] {dag.py:3954} INFO - Setting next_dagrun for example_external_task_marker_parent to None, run_after=None
[2026-05-08T17:48:40.258+0100] {processor.py:183} INFO - Processing /home/najma/airflow-venv/lib/python3.12/site-packages/airflow/example_dags/example_external_task_marker_dag.py took 0.179 seconds
[2026-05-08T17:49:48.767+0100] {processor.py:161} INFO - Started process (PID=10473) to work on /home/najma/airflow-venv/lib/python3.12/site-packages/airflow/example_dags/example_external_task_marker_dag.py
[2026-05-08T17:49:48.768+0100] {processor.py:830} INFO - Processing file /home/najma/airflow-venv/lib/python3.12/site-packages/airflow/example_dags/example_external_task_marker_dag.py for tasks to queue
[2026-05-08T17:49:48.770+0100] {logging_mixin.py:188} INFO - [2026-05-08T17:49:48.770+0100] {dagbag.py:540} INFO - Filling up the DagBag from /home/najma/airflow-venv/lib/python3.12/site-packages/airflow/example_dags/example_external_task_marker_dag.py
[2026-05-08T17:49:48.779+0100] {processor.py:840} INFO - DAG(s) 'example_external_task_marker_parent', 'example_external_task_marker_child' retrieved from /home/najma/airflow-venv/lib/python3.12/site-packages/airflow/example_dags/example_external_task_marker_dag.py
[2026-05-08T17:49:48.819+0100] {logging_mixin.py:188} INFO - [2026-05-08T17:49:48.819+0100] {dag.py:3096} INFO - Sync 2 DAGs
[2026-05-08T17:49:48.832+0100] {logging_mixin.py:188} INFO - [2026-05-08T17:49:48.832+0100] {dag.py:3954} INFO - Setting next_dagrun for example_external_task_marker_child to None, run_after=None
[2026-05-08T17:49:48.838+0100] {logging_mixin.py:188} INFO - [2026-05-08T17:49:48.837+0100] {dag.py:3954} INFO - Setting next_dagrun for example_external_task_marker_parent to None, run_after=None
[2026-05-08T17:49:48.921+0100] {processor.py:183} INFO - Processing /home/najma/airflow-venv/lib/python3.12/site-packages/airflow/example_dags/example_external_task_marker_dag.py took 0.159 seconds
[2026-05-08T17:51:05.021+0100] {processor.py:161} INFO - Started process (PID=10536) to work on /home/najma/airflow-venv/lib/python3.12/site-packages/airflow/example_dags/example_external_task_marker_dag.py
[2026-05-08T17:51:05.022+0100] {processor.py:830} INFO - Processing file /home/najma/airflow-venv/lib/python3.12/site-packages/airflow/example_dags/example_external_task_marker_dag.py for tasks to queue
[2026-05-08T17:51:05.024+0100] {logging_mixin.py:188} INFO - [2026-05-08T17:51:05.023+0100] {dagbag.py:540} INFO - Filling up the DagBag from /home/najma/airflow-venv/lib/python3.12/site-packages/airflow/example_dags/example_external_task_marker_dag.py
[2026-05-08T17:51:05.029+0100] {processor.py:840} INFO - DAG(s) 'example_external_task_marker_parent', 'example_external_task_marker_child' retrieved from /home/najma/airflow-venv/lib/python3.12/site-packages/airflow/example_dags/example_external_task_marker_dag.py
[2026-05-08T17:51:05.061+0100] {logging_mixin.py:188} INFO - [2026-05-08T17:51:05.061+0100] {dag.py:3096} INFO - Sync 2 DAGs
[2026-05-08T17:51:05.080+0100] {logging_mixin.py:188} INFO - [2026-05-08T17:51:05.079+0100] {dag.py:3954} INFO - Setting next_dagrun for example_external_task_marker_child to None, run_after=None
[2026-05-08T17:51:05.085+0100] {logging_mixin.py:188} INFO - [2026-05-08T17:51:05.085+0100] {dag.py:3954} INFO - Setting next_dagrun for example_external_task_marker_parent to None, run_after=None
[2026-05-08T17:51:05.185+0100] {processor.py:183} INFO - Processing /home/najma/airflow-venv/lib/python3.12/site-packages/airflow/example_dags/example_external_task_marker_dag.py took 0.168 seconds
[2026-05-08T17:52:17.490+0100] {processor.py:161} INFO - Started process (PID=10621) to work on /home/najma/airflow-venv/lib/python3.12/site-packages/airflow/example_dags/example_external_task_marker_dag.py
[2026-05-08T17:52:17.492+0100] {processor.py:830} INFO - Processing file /home/najma/airflow-venv/lib/python3.12/site-packages/airflow/example_dags/example_external_task_marker_dag.py for tasks to queue
[2026-05-08T17:52:17.495+0100] {logging_mixin.py:188} INFO - [2026-05-08T17:52:17.494+0100] {dagbag.py:540} INFO - Filling up the DagBag from /home/najma/airflow-venv/lib/python3.12/site-packages/airflow/example_dags/example_external_task_marker_dag.py
[2026-05-08T17:52:17.502+0100] {processor.py:840} INFO - DAG(s) 'example_external_task_marker_child', 'example_external_task_marker_parent' retrieved from /home/najma/airflow-venv/lib/python3.12/site-packages/airflow/example_dags/example_external_task_marker_dag.py
[2026-05-08T17:52:17.561+0100] {logging_mixin.py:188} INFO - [2026-05-08T17:52:17.561+0100] {dag.py:3096} INFO - Sync 2 DAGs
[2026-05-08T17:52:17.588+0100] {logging_mixin.py:188} INFO - [2026-05-08T17:52:17.588+0100] {dag.py:3954} INFO - Setting next_dagrun for example_external_task_marker_child to None, run_after=None
[2026-05-08T17:52:17.599+0100] {logging_mixin.py:188} INFO - [2026-05-08T17:52:17.598+0100] {dag.py:3954} INFO - Setting next_dagrun for example_external_task_marker_parent to None, run_after=None
[2026-05-08T17:52:17.718+0100] {processor.py:183} INFO - Processing /home/najma/airflow-venv/lib/python3.12/site-packages/airflow/example_dags/example_external_task_marker_dag.py took 0.231 seconds
[2026-05-08T17:53:35.991+0100] {processor.py:161} INFO - Started process (PID=10682) to work on /home/najma/airflow-venv/lib/python3.12/site-packages/airflow/example_dags/example_external_task_marker_dag.py
[2026-05-08T17:53:36.006+0100] {processor.py:830} INFO - Processing file /home/najma/airflow-venv/lib/python3.12/site-packages/airflow/example_dags/example_external_task_marker_dag.py for tasks to queue
[2026-05-08T17:53:36.008+0100] {logging_mixin.py:188} INFO - [2026-05-08T17:53:36.008+0100] {dagbag.py:540} INFO - Filling up the DagBag from /home/najma/airflow-venv/lib/python3.12/site-packages/airflow/example_dags/example_external_task_marker_dag.py
[2026-05-08T17:53:36.013+0100] {processor.py:840} INFO - DAG(s) 'example_external_task_marker_child', 'example_external_task_marker_parent' retrieved from /home/najma/airflow-venv/lib/python3.12/site-packages/airflow/example_dags/example_external_task_marker_dag.py
[2026-05-08T17:53:36.046+0100] {logging_mixin.py:188} INFO - [2026-05-08T17:53:36.045+0100] {dag.py:3096} INFO - Sync 2 DAGs
[2026-05-08T17:53:36.063+0100] {logging_mixin.py:188} INFO - [2026-05-08T17:53:36.063+0100] {dag.py:3954} INFO - Setting next_dagrun for example_external_task_marker_child to None, run_after=None
[2026-05-08T17:53:36.069+0100] {logging_mixin.py:188} INFO - [2026-05-08T17:53:36.068+0100] {dag.py:3954} INFO - Setting next_dagrun for example_external_task_marker_parent to None, run_after=None
[2026-05-08T17:53:36.148+0100] {processor.py:183} INFO - Processing /home/najma/airflow-venv/lib/python3.12/site-packages/airflow/example_dags/example_external_task_marker_dag.py took 0.160 seconds
[2026-05-08T17:54:44.015+0100] {processor.py:161} INFO - Started process (PID=10754) to work on /home/najma/airflow-venv/lib/python3.12/site-packages/airflow/example_dags/example_external_task_marker_dag.py
[2026-05-08T17:54:44.017+0100] {processor.py:830} INFO - Processing file /home/najma/airflow-venv/lib/python3.12/site-packages/airflow/example_dags/example_external_task_marker_dag.py for tasks to queue
[2026-05-08T17:54:44.019+0100] {logging_mixin.py:188} INFO - [2026-05-08T17:54:44.018+0100] {dagbag.py:540} INFO - Filling up the DagBag from /home/najma/airflow-venv/lib/python3.12/site-packages/airflow/example_dags/example_external_task_marker_dag.py
[2026-05-08T17:54:44.023+0100] {processor.py:840} INFO - DAG(s) 'example_external_task_marker_parent', 'example_external_task_marker_child' retrieved from /home/najma/airflow-venv/lib/python3.12/site-packages/airflow/example_dags/example_external_task_marker_dag.py
[2026-05-08T17:54:44.057+0100] {logging_mixin.py:188} INFO - [2026-05-08T17:54:44.057+0100] {dag.py:3096} INFO - Sync 2 DAGs
[2026-05-08T17:54:44.071+0100] {logging_mixin.py:188} INFO - [2026-05-08T17:54:44.070+0100] {dag.py:3954} INFO - Setting next_dagrun for example_external_task_marker_child to None, run_after=None
[2026-05-08T17:54:44.077+0100] {logging_mixin.py:188} INFO - [2026-05-08T17:54:44.077+0100] {dag.py:3954} INFO - Setting next_dagrun for example_external_task_marker_parent to None, run_after=None
[2026-05-08T17:54:44.153+0100] {processor.py:183} INFO - Processing /home/najma/airflow-venv/lib/python3.12/site-packages/airflow/example_dags/example_external_task_marker_dag.py took 0.141 seconds
[2026-05-08T17:55:49.674+0100] {processor.py:161} INFO - Started process (PID=10813) to work on /home/najma/airflow-venv/lib/python3.12/site-packages/airflow/example_dags/example_external_task_marker_dag.py
[2026-05-08T17:55:49.676+0100] {processor.py:830} INFO - Processing file /home/najma/airflow-venv/lib/python3.12/site-packages/airflow/example_dags/example_external_task_marker_dag.py for tasks to queue
[2026-05-08T17:55:49.679+0100] {logging_mixin.py:188} INFO - [2026-05-08T17:55:49.678+0100] {dagbag.py:540} INFO - Filling up the DagBag from /home/najma/airflow-venv/lib/python3.12/site-packages/airflow/example_dags/example_external_task_marker_dag.py
[2026-05-08T17:55:49.683+0100] {processor.py:840} INFO - DAG(s) 'example_external_task_marker_child', 'example_external_task_marker_parent' retrieved from /home/najma/airflow-venv/lib/python3.12/site-packages/airflow/example_dags/example_external_task_marker_dag.py
[2026-05-08T17:55:49.715+0100] {logging_mixin.py:188} INFO - [2026-05-08T17:55:49.715+0100] {dag.py:3096} INFO - Sync 2 DAGs
[2026-05-08T17:55:49.728+0100] {logging_mixin.py:188} INFO - [2026-05-08T17:55:49.728+0100] {dag.py:3954} INFO - Setting next_dagrun for example_external_task_marker_child to None, run_after=None
[2026-05-08T17:55:49.734+0100] {logging_mixin.py:188} INFO - [2026-05-08T17:55:49.734+0100] {dag.py:3954} INFO - Setting next_dagrun for example_external_task_marker_parent to None, run_after=None
[2026-05-08T17:55:49.807+0100] {processor.py:183} INFO - Processing /home/najma/airflow-venv/lib/python3.12/site-packages/airflow/example_dags/example_external_task_marker_dag.py took 0.137 seconds
[2026-05-08T17:56:59.390+0100] {processor.py:161} INFO - Started process (PID=10874) to work on /home/najma/airflow-venv/lib/python3.12/site-packages/airflow/example_dags/example_external_task_marker_dag.py
[2026-05-08T17:56:59.392+0100] {processor.py:830} INFO - Processing file /home/najma/airflow-venv/lib/python3.12/site-packages/airflow/example_dags/example_external_task_marker_dag.py for tasks to queue
[2026-05-08T17:56:59.394+0100] {logging_mixin.py:188} INFO - [2026-05-08T17:56:59.394+0100] {dagbag.py:540} INFO - Filling up the DagBag from /home/najma/airflow-venv/lib/python3.12/site-packages/airflow/example_dags/example_external_task_marker_dag.py
[2026-05-08T17:56:59.407+0100] {processor.py:840} INFO - DAG(s) 'example_external_task_marker_parent', 'example_external_task_marker_child' retrieved from /home/najma/airflow-venv/lib/python3.12/site-packages/airflow/example_dags/example_external_task_marker_dag.py
[2026-05-08T17:56:59.475+0100] {logging_mixin.py:188} INFO - [2026-05-08T17:56:59.475+0100] {dag.py:3096} INFO - Sync 2 DAGs
[2026-05-08T17:56:59.508+0100] {logging_mixin.py:188} INFO - [2026-05-08T17:56:59.508+0100] {dag.py:3954} INFO - Setting next_dagrun for example_external_task_marker_child to None, run_after=None
[2026-05-08T17:56:59.518+0100] {logging_mixin.py:188} INFO - [2026-05-08T17:56:59.518+0100] {dag.py:3954} INFO - Setting next_dagrun for example_external_task_marker_parent to None, run_after=None
[2026-05-08T17:56:59.635+0100] {processor.py:183} INFO - Processing /home/najma/airflow-venv/lib/python3.12/site-packages/airflow/example_dags/example_external_task_marker_dag.py took 0.250 seconds
[2026-05-08T17:58:14.658+0100] {processor.py:161} INFO - Started process (PID=10937) to work on /home/najma/airflow-venv/lib/python3.12/site-packages/airflow/example_dags/example_external_task_marker_dag.py
[2026-05-08T17:58:14.659+0100] {processor.py:830} INFO - Processing file /home/najma/airflow-venv/lib/python3.12/site-packages/airflow/example_dags/example_external_task_marker_dag.py for tasks to queue
[2026-05-08T17:58:14.661+0100] {logging_mixin.py:188} INFO - [2026-05-08T17:58:14.661+0100] {dagbag.py:540} INFO - Filling up the DagBag from /home/najma/airflow-venv/lib/python3.12/site-packages/airflow/example_dags/example_external_task_marker_dag.py
[2026-05-08T17:58:14.666+0100] {processor.py:840} INFO - DAG(s) 'example_external_task_marker_parent', 'example_external_task_marker_child' retrieved from /home/najma/airflow-venv/lib/python3.12/site-packages/airflow/example_dags/example_external_task_marker_dag.py
[2026-05-08T17:58:14.702+0100] {logging_mixin.py:188} INFO - [2026-05-08T17:58:14.702+0100] {dag.py:3096} INFO - Sync 2 DAGs
[2026-05-08T17:58:14.715+0100] {logging_mixin.py:188} INFO - [2026-05-08T17:58:14.715+0100] {dag.py:3954} INFO - Setting next_dagrun for example_external_task_marker_child to None, run_after=None
[2026-05-08T17:58:14.721+0100] {logging_mixin.py:188} INFO - [2026-05-08T17:58:14.721+0100] {dag.py:3954} INFO - Setting next_dagrun for example_external_task_marker_parent to None, run_after=None
[2026-05-08T17:58:14.818+0100] {processor.py:183} INFO - Processing /home/najma/airflow-venv/lib/python3.12/site-packages/airflow/example_dags/example_external_task_marker_dag.py took 0.164 seconds
[2026-05-08T17:59:22.370+0100] {processor.py:161} INFO - Started process (PID=10995) to work on /home/najma/airflow-venv/lib/python3.12/site-packages/airflow/example_dags/example_external_task_marker_dag.py
[2026-05-08T17:59:22.372+0100] {processor.py:830} INFO - Processing file /home/najma/airflow-venv/lib/python3.12/site-packages/airflow/example_dags/example_external_task_marker_dag.py for tasks to queue
[2026-05-08T17:59:22.374+0100] {logging_mixin.py:188} INFO - [2026-05-08T17:59:22.373+0100] {dagbag.py:540} INFO - Filling up the DagBag from /home/najma/airflow-venv/lib/python3.12/site-packages/airflow/example_dags/example_external_task_marker_dag.py
[2026-05-08T17:59:22.388+0100] {processor.py:840} INFO - DAG(s) 'example_external_task_marker_parent', 'example_external_task_marker_child' retrieved from /home/najma/airflow-venv/lib/python3.12/site-packages/airflow/example_dags/example_external_task_marker_dag.py
[2026-05-08T17:59:22.441+0100] {logging_mixin.py:188} INFO - [2026-05-08T17:59:22.441+0100] {dag.py:3096} INFO - Sync 2 DAGs
[2026-05-08T17:59:22.453+0100] {logging_mixin.py:188} INFO - [2026-05-08T17:59:22.453+0100] {dag.py:3954} INFO - Setting next_dagrun for example_external_task_marker_child to None, run_after=None
[2026-05-08T17:59:22.459+0100] {logging_mixin.py:188} INFO - [2026-05-08T17:59:22.458+0100] {dag.py:3954} INFO - Setting next_dagrun for example_external_task_marker_parent to None, run_after=None
[2026-05-08T17:59:22.556+0100] {processor.py:183} INFO - Processing /home/najma/airflow-venv/lib/python3.12/site-packages/airflow/example_dags/example_external_task_marker_dag.py took 0.190 seconds
[2026-05-08T18:00:32.208+0100] {processor.py:161} INFO - Started process (PID=11056) to work on /home/najma/airflow-venv/lib/python3.12/site-packages/airflow/example_dags/example_external_task_marker_dag.py
[2026-05-08T18:00:32.210+0100] {processor.py:830} INFO - Processing file /home/najma/airflow-venv/lib/python3.12/site-packages/airflow/example_dags/example_external_task_marker_dag.py for tasks to queue
[2026-05-08T18:00:32.211+0100] {logging_mixin.py:188} INFO - [2026-05-08T18:00:32.211+0100] {dagbag.py:540} INFO - Filling up the DagBag from /home/najma/airflow-venv/lib/python3.12/site-packages/airflow/example_dags/example_external_task_marker_dag.py
[2026-05-08T18:00:32.216+0100] {processor.py:840} INFO - DAG(s) 'example_external_task_marker_parent', 'example_external_task_marker_child' retrieved from /home/najma/airflow-venv/lib/python3.12/site-packages/airflow/example_dags/example_external_task_marker_dag.py
[2026-05-08T18:00:32.251+0100] {logging_mixin.py:188} INFO - [2026-05-08T18:00:32.251+0100] {dag.py:3096} INFO - Sync 2 DAGs
[2026-05-08T18:00:32.264+0100] {logging_mixin.py:188} INFO - [2026-05-08T18:00:32.264+0100] {dag.py:3954} INFO - Setting next_dagrun for example_external_task_marker_child to None, run_after=None
[2026-05-08T18:00:32.270+0100] {logging_mixin.py:188} INFO - [2026-05-08T18:00:32.270+0100] {dag.py:3954} INFO - Setting next_dagrun for example_external_task_marker_parent to None, run_after=None
[2026-05-08T18:00:32.344+0100] {processor.py:183} INFO - Processing /home/najma/airflow-venv/lib/python3.12/site-packages/airflow/example_dags/example_external_task_marker_dag.py took 0.139 seconds
[2026-05-08T18:01:37.973+0100] {processor.py:161} INFO - Started process (PID=11114) to work on /home/najma/airflow-venv/lib/python3.12/site-packages/airflow/example_dags/example_external_task_marker_dag.py
[2026-05-08T18:01:37.975+0100] {processor.py:830} INFO - Processing file /home/najma/airflow-venv/lib/python3.12/site-packages/airflow/example_dags/example_external_task_marker_dag.py for tasks to queue
[2026-05-08T18:01:37.976+0100] {logging_mixin.py:188} INFO - [2026-05-08T18:01:37.976+0100] {dagbag.py:540} INFO - Filling up the DagBag from /home/najma/airflow-venv/lib/python3.12/site-packages/airflow/example_dags/example_external_task_marker_dag.py
[2026-05-08T18:01:37.981+0100] {processor.py:840} INFO - DAG(s) 'example_external_task_marker_parent', 'example_external_task_marker_child' retrieved from /home/najma/airflow-venv/lib/python3.12/site-packages/airflow/example_dags/example_external_task_marker_dag.py
[2026-05-08T18:01:38.018+0100] {logging_mixin.py:188} INFO - [2026-05-08T18:01:38.017+0100] {dag.py:3096} INFO - Sync 2 DAGs
[2026-05-08T18:01:38.031+0100] {logging_mixin.py:188} INFO - [2026-05-08T18:01:38.031+0100] {dag.py:3954} INFO - Setting next_dagrun for example_external_task_marker_child to None, run_after=None
[2026-05-08T18:01:38.038+0100] {logging_mixin.py:188} INFO - [2026-05-08T18:01:38.038+0100] {dag.py:3954} INFO - Setting next_dagrun for example_external_task_marker_parent to None, run_after=None
[2026-05-08T18:01:38.131+0100] {processor.py:183} INFO - Processing /home/najma/airflow-venv/lib/python3.12/site-packages/airflow/example_dags/example_external_task_marker_dag.py took 0.161 seconds
[2026-05-08T18:02:40.733+0100] {processor.py:161} INFO - Started process (PID=11172) to work on /home/najma/airflow-venv/lib/python3.12/site-packages/airflow/example_dags/example_external_task_marker_dag.py
[2026-05-08T18:02:40.734+0100] {processor.py:830} INFO - Processing file /home/najma/airflow-venv/lib/python3.12/site-packages/airflow/example_dags/example_external_task_marker_dag.py for tasks to queue
[2026-05-08T18:02:40.736+0100] {logging_mixin.py:188} INFO - [2026-05-08T18:02:40.735+0100] {dagbag.py:540} INFO - Filling up the DagBag from /home/najma/airflow-venv/lib/python3.12/site-packages/airflow/example_dags/example_external_task_marker_dag.py
[2026-05-08T18:02:40.740+0100] {processor.py:840} INFO - DAG(s) 'example_external_task_marker_parent', 'example_external_task_marker_child' retrieved from /home/najma/airflow-venv/lib/python3.12/site-packages/airflow/example_dags/example_external_task_marker_dag.py
[2026-05-08T18:02:40.773+0100] {logging_mixin.py:188} INFO - [2026-05-08T18:02:40.773+0100] {dag.py:3096} INFO - Sync 2 DAGs
[2026-05-08T18:02:40.786+0100] {logging_mixin.py:188} INFO - [2026-05-08T18:02:40.786+0100] {dag.py:3954} INFO - Setting next_dagrun for example_external_task_marker_child to None, run_after=None
[2026-05-08T18:02:40.799+0100] {logging_mixin.py:188} INFO - [2026-05-08T18:02:40.798+0100] {dag.py:3954} INFO - Setting next_dagrun for example_external_task_marker_parent to None, run_after=None
[2026-05-08T18:02:40.871+0100] {processor.py:183} INFO - Processing /home/najma/airflow-venv/lib/python3.12/site-packages/airflow/example_dags/example_external_task_marker_dag.py took 0.142 seconds
[2026-05-08T18:03:47.696+0100] {processor.py:161} INFO - Started process (PID=11229) to work on /home/najma/airflow-venv/lib/python3.12/site-packages/airflow/example_dags/example_external_task_marker_dag.py
[2026-05-08T18:03:47.697+0100] {processor.py:830} INFO - Processing file /home/najma/airflow-venv/lib/python3.12/site-packages/airflow/example_dags/example_external_task_marker_dag.py for tasks to queue
[2026-05-08T18:03:47.699+0100] {logging_mixin.py:188} INFO - [2026-05-08T18:03:47.698+0100] {dagbag.py:540} INFO - Filling up the DagBag from /home/najma/airflow-venv/lib/python3.12/site-packages/airflow/example_dags/example_external_task_marker_dag.py
[2026-05-08T18:03:47.703+0100] {processor.py:840} INFO - DAG(s) 'example_external_task_marker_parent', 'example_external_task_marker_child' retrieved from /home/najma/airflow-venv/lib/python3.12/site-packages/airflow/example_dags/example_external_task_marker_dag.py
[2026-05-08T18:03:47.736+0100] {logging_mixin.py:188} INFO - [2026-05-08T18:03:47.735+0100] {dag.py:3096} INFO - Sync 2 DAGs
[2026-05-08T18:03:47.749+0100] {logging_mixin.py:188} INFO - [2026-05-08T18:03:47.749+0100] {dag.py:3954} INFO - Setting next_dagrun for example_external_task_marker_child to None, run_after=None
[2026-05-08T18:03:47.755+0100] {logging_mixin.py:188} INFO - [2026-05-08T18:03:47.755+0100] {dag.py:3954} INFO - Setting next_dagrun for example_external_task_marker_parent to None, run_after=None
[2026-05-08T18:03:47.827+0100] {processor.py:183} INFO - Processing /home/najma/airflow-venv/lib/python3.12/site-packages/airflow/example_dags/example_external_task_marker_dag.py took 0.134 seconds
[2026-05-08T18:04:57.436+0100] {processor.py:161} INFO - Started process (PID=11292) to work on /home/najma/airflow-venv/lib/python3.12/site-packages/airflow/example_dags/example_external_task_marker_dag.py
[2026-05-08T18:04:57.437+0100] {processor.py:830} INFO - Processing file /home/najma/airflow-venv/lib/python3.12/site-packages/airflow/example_dags/example_external_task_marker_dag.py for tasks to queue
[2026-05-08T18:04:57.439+0100] {logging_mixin.py:188} INFO - [2026-05-08T18:04:57.439+0100] {dagbag.py:540} INFO - Filling up the DagBag from /home/najma/airflow-venv/lib/python3.12/site-packages/airflow/example_dags/example_external_task_marker_dag.py
[2026-05-08T18:04:57.444+0100] {processor.py:840} INFO - DAG(s) 'example_external_task_marker_child', 'example_external_task_marker_parent' retrieved from /home/najma/airflow-venv/lib/python3.12/site-packages/airflow/example_dags/example_external_task_marker_dag.py
[2026-05-08T18:04:57.477+0100] {logging_mixin.py:188} INFO - [2026-05-08T18:04:57.477+0100] {dag.py:3096} INFO - Sync 2 DAGs
[2026-05-08T18:04:57.490+0100] {logging_mixin.py:188} INFO - [2026-05-08T18:04:57.490+0100] {dag.py:3954} INFO - Setting next_dagrun for example_external_task_marker_child to None, run_after=None
[2026-05-08T18:04:57.496+0100] {logging_mixin.py:188} INFO - [2026-05-08T18:04:57.496+0100] {dag.py:3954} INFO - Setting next_dagrun for example_external_task_marker_parent to None, run_after=None
[2026-05-08T18:04:57.585+0100] {processor.py:183} INFO - Processing /home/najma/airflow-venv/lib/python3.12/site-packages/airflow/example_dags/example_external_task_marker_dag.py took 0.152 seconds
[2026-05-08T18:06:05.166+0100] {processor.py:161} INFO - Started process (PID=11351) to work on /home/najma/airflow-venv/lib/python3.12/site-packages/airflow/example_dags/example_external_task_marker_dag.py
[2026-05-08T18:06:05.168+0100] {processor.py:830} INFO - Processing file /home/najma/airflow-venv/lib/python3.12/site-packages/airflow/example_dags/example_external_task_marker_dag.py for tasks to queue
[2026-05-08T18:06:05.169+0100] {logging_mixin.py:188} INFO - [2026-05-08T18:06:05.169+0100] {dagbag.py:540} INFO - Filling up the DagBag from /home/najma/airflow-venv/lib/python3.12/site-packages/airflow/example_dags/example_external_task_marker_dag.py
[2026-05-08T18:06:05.174+0100] {processor.py:840} INFO - DAG(s) 'example_external_task_marker_child', 'example_external_task_marker_parent' retrieved from /home/najma/airflow-venv/lib/python3.12/site-packages/airflow/example_dags/example_external_task_marker_dag.py
[2026-05-08T18:06:05.210+0100] {logging_mixin.py:188} INFO - [2026-05-08T18:06:05.209+0100] {dag.py:3096} INFO - Sync 2 DAGs
[2026-05-08T18:06:05.223+0100] {logging_mixin.py:188} INFO - [2026-05-08T18:06:05.223+0100] {dag.py:3954} INFO - Setting next_dagrun for example_external_task_marker_child to None, run_after=None
[2026-05-08T18:06:05.228+0100] {logging_mixin.py:188} INFO - [2026-05-08T18:06:05.228+0100] {dag.py:3954} INFO - Setting next_dagrun for example_external_task_marker_parent to None, run_after=None
[2026-05-08T18:06:05.306+0100] {processor.py:183} INFO - Processing /home/najma/airflow-venv/lib/python3.12/site-packages/airflow/example_dags/example_external_task_marker_dag.py took 0.144 seconds
[2026-05-08T18:07:07.477+0100] {processor.py:161} INFO - Started process (PID=11409) to work on /home/najma/airflow-venv/lib/python3.12/site-packages/airflow/example_dags/example_external_task_marker_dag.py
[2026-05-08T18:07:07.479+0100] {processor.py:830} INFO - Processing file /home/najma/airflow-venv/lib/python3.12/site-packages/airflow/example_dags/example_external_task_marker_dag.py for tasks to queue
[2026-05-08T18:07:07.481+0100] {logging_mixin.py:188} INFO - [2026-05-08T18:07:07.480+0100] {dagbag.py:540} INFO - Filling up the DagBag from /home/najma/airflow-venv/lib/python3.12/site-packages/airflow/example_dags/example_external_task_marker_dag.py
[2026-05-08T18:07:07.486+0100] {processor.py:840} INFO - DAG(s) 'example_external_task_marker_parent', 'example_external_task_marker_child' retrieved from /home/najma/airflow-venv/lib/python3.12/site-packages/airflow/example_dags/example_external_task_marker_dag.py
[2026-05-08T18:07:07.519+0100] {logging_mixin.py:188} INFO - [2026-05-08T18:07:07.518+0100] {dag.py:3096} INFO - Sync 2 DAGs
[2026-05-08T18:07:07.532+0100] {logging_mixin.py:188} INFO - [2026-05-08T18:07:07.532+0100] {dag.py:3954} INFO - Setting next_dagrun for example_external_task_marker_child to None, run_after=None
[2026-05-08T18:07:07.538+0100] {logging_mixin.py:188} INFO - [2026-05-08T18:07:07.537+0100] {dag.py:3954} INFO - Setting next_dagrun for example_external_task_marker_parent to None, run_after=None
[2026-05-08T18:07:07.635+0100] {processor.py:183} INFO - Processing /home/najma/airflow-venv/lib/python3.12/site-packages/airflow/example_dags/example_external_task_marker_dag.py took 0.162 seconds
[2026-05-08T18:08:08.526+0100] {processor.py:161} INFO - Started process (PID=11466) to work on /home/najma/airflow-venv/lib/python3.12/site-packages/airflow/example_dags/example_external_task_marker_dag.py
[2026-05-08T18:08:08.527+0100] {processor.py:830} INFO - Processing file /home/najma/airflow-venv/lib/python3.12/site-packages/airflow/example_dags/example_external_task_marker_dag.py for tasks to queue
[2026-05-08T18:08:08.529+0100] {logging_mixin.py:188} INFO - [2026-05-08T18:08:08.529+0100] {dagbag.py:540} INFO - Filling up the DagBag from /home/najma/airflow-venv/lib/python3.12/site-packages/airflow/example_dags/example_external_task_marker_dag.py
[2026-05-08T18:08:08.534+0100] {processor.py:840} INFO - DAG(s) 'example_external_task_marker_parent', 'example_external_task_marker_child' retrieved from /home/najma/airflow-venv/lib/python3.12/site-packages/airflow/example_dags/example_external_task_marker_dag.py
[2026-05-08T18:08:08.568+0100] {logging_mixin.py:188} INFO - [2026-05-08T18:08:08.567+0100] {dag.py:3096} INFO - Sync 2 DAGs
[2026-05-08T18:08:08.581+0100] {logging_mixin.py:188} INFO - [2026-05-08T18:08:08.581+0100] {dag.py:3954} INFO - Setting next_dagrun for example_external_task_marker_child to None, run_after=None
[2026-05-08T18:08:08.587+0100] {logging_mixin.py:188} INFO - [2026-05-08T18:08:08.587+0100] {dag.py:3954} INFO - Setting next_dagrun for example_external_task_marker_parent to None, run_after=None
[2026-05-08T18:08:08.665+0100] {processor.py:183} INFO - Processing /home/najma/airflow-venv/lib/python3.12/site-packages/airflow/example_dags/example_external_task_marker_dag.py took 0.142 seconds
[2026-05-08T18:09:16.461+0100] {processor.py:161} INFO - Started process (PID=11524) to work on /home/najma/airflow-venv/lib/python3.12/site-packages/airflow/example_dags/example_external_task_marker_dag.py
[2026-05-08T18:09:16.462+0100] {processor.py:830} INFO - Processing file /home/najma/airflow-venv/lib/python3.12/site-packages/airflow/example_dags/example_external_task_marker_dag.py for tasks to queue
[2026-05-08T18:09:16.464+0100] {logging_mixin.py:188} INFO - [2026-05-08T18:09:16.463+0100] {dagbag.py:540} INFO - Filling up the DagBag from /home/najma/airflow-venv/lib/python3.12/site-packages/airflow/example_dags/example_external_task_marker_dag.py
[2026-05-08T18:09:16.470+0100] {processor.py:840} INFO - DAG(s) 'example_external_task_marker_child', 'example_external_task_marker_parent' retrieved from /home/najma/airflow-venv/lib/python3.12/site-packages/airflow/example_dags/example_external_task_marker_dag.py
[2026-05-08T18:09:16.504+0100] {logging_mixin.py:188} INFO - [2026-05-08T18:09:16.504+0100] {dag.py:3096} INFO - Sync 2 DAGs
[2026-05-08T18:09:16.518+0100] {logging_mixin.py:188} INFO - [2026-05-08T18:09:16.518+0100] {dag.py:3954} INFO - Setting next_dagrun for example_external_task_marker_child to None, run_after=None
[2026-05-08T18:09:16.524+0100] {logging_mixin.py:188} INFO - [2026-05-08T18:09:16.524+0100] {dag.py:3954} INFO - Setting next_dagrun for example_external_task_marker_parent to None, run_after=None
[2026-05-08T18:09:16.619+0100] {processor.py:183} INFO - Processing /home/najma/airflow-venv/lib/python3.12/site-packages/airflow/example_dags/example_external_task_marker_dag.py took 0.162 seconds
[2026-05-08T18:10:17.441+0100] {processor.py:161} INFO - Started process (PID=11580) to work on /home/najma/airflow-venv/lib/python3.12/site-packages/airflow/example_dags/example_external_task_marker_dag.py
[2026-05-08T18:10:17.443+0100] {processor.py:830} INFO - Processing file /home/najma/airflow-venv/lib/python3.12/site-packages/airflow/example_dags/example_external_task_marker_dag.py for tasks to queue
[2026-05-08T18:10:17.458+0100] {logging_mixin.py:188} INFO - [2026-05-08T18:10:17.457+0100] {dagbag.py:540} INFO - Filling up the DagBag from /home/najma/airflow-venv/lib/python3.12/site-packages/airflow/example_dags/example_external_task_marker_dag.py
[2026-05-08T18:10:17.464+0100] {processor.py:840} INFO - DAG(s) 'example_external_task_marker_child', 'example_external_task_marker_parent' retrieved from /home/najma/airflow-venv/lib/python3.12/site-packages/airflow/example_dags/example_external_task_marker_dag.py
[2026-05-08T18:10:17.495+0100] {logging_mixin.py:188} INFO - [2026-05-08T18:10:17.495+0100] {dag.py:3096} INFO - Sync 2 DAGs
[2026-05-08T18:10:17.509+0100] {logging_mixin.py:188} INFO - [2026-05-08T18:10:17.508+0100] {dag.py:3954} INFO - Setting next_dagrun for example_external_task_marker_child to None, run_after=None
[2026-05-08T18:10:17.514+0100] {logging_mixin.py:188} INFO - [2026-05-08T18:10:17.514+0100] {dag.py:3954} INFO - Setting next_dagrun for example_external_task_marker_parent to None, run_after=None
[2026-05-08T18:10:17.595+0100] {processor.py:183} INFO - Processing /home/najma/airflow-venv/lib/python3.12/site-packages/airflow/example_dags/example_external_task_marker_dag.py took 0.157 seconds
[2026-05-08T18:11:22.335+0100] {processor.py:161} INFO - Started process (PID=11634) to work on /home/najma/airflow-venv/lib/python3.12/site-packages/airflow/example_dags/example_external_task_marker_dag.py
[2026-05-08T18:11:22.336+0100] {processor.py:830} INFO - Processing file /home/najma/airflow-venv/lib/python3.12/site-packages/airflow/example_dags/example_external_task_marker_dag.py for tasks to queue
[2026-05-08T18:11:22.338+0100] {logging_mixin.py:188} INFO - [2026-05-08T18:11:22.338+0100] {dagbag.py:540} INFO - Filling up the DagBag from /home/najma/airflow-venv/lib/python3.12/site-packages/airflow/example_dags/example_external_task_marker_dag.py
[2026-05-08T18:11:22.343+0100] {processor.py:840} INFO - DAG(s) 'example_external_task_marker_child', 'example_external_task_marker_parent' retrieved from /home/najma/airflow-venv/lib/python3.12/site-packages/airflow/example_dags/example_external_task_marker_dag.py
[2026-05-08T18:11:22.375+0100] {logging_mixin.py:188} INFO - [2026-05-08T18:11:22.374+0100] {dag.py:3096} INFO - Sync 2 DAGs
[2026-05-08T18:11:22.388+0100] {logging_mixin.py:188} INFO - [2026-05-08T18:11:22.388+0100] {dag.py:3954} INFO - Setting next_dagrun for example_external_task_marker_child to None, run_after=None
[2026-05-08T18:11:22.395+0100] {logging_mixin.py:188} INFO - [2026-05-08T18:11:22.394+0100] {dag.py:3954} INFO - Setting next_dagrun for example_external_task_marker_parent to None, run_after=None
[2026-05-08T18:11:22.489+0100] {processor.py:183} INFO - Processing /home/najma/airflow-venv/lib/python3.12/site-packages/airflow/example_dags/example_external_task_marker_dag.py took 0.158 seconds
[2026-05-08T18:12:34.600+0100] {processor.py:161} INFO - Started process (PID=11692) to work on /home/najma/airflow-venv/lib/python3.12/site-packages/airflow/example_dags/example_external_task_marker_dag.py
[2026-05-08T18:12:34.601+0100] {processor.py:830} INFO - Processing file /home/najma/airflow-venv/lib/python3.12/site-packages/airflow/example_dags/example_external_task_marker_dag.py for tasks to queue
[2026-05-08T18:12:34.603+0100] {logging_mixin.py:188} INFO - [2026-05-08T18:12:34.603+0100] {dagbag.py:540} INFO - Filling up the DagBag from /home/najma/airflow-venv/lib/python3.12/site-packages/airflow/example_dags/example_external_task_marker_dag.py
[2026-05-08T18:12:34.608+0100] {processor.py:840} INFO - DAG(s) 'example_external_task_marker_child', 'example_external_task_marker_parent' retrieved from /home/najma/airflow-venv/lib/python3.12/site-packages/airflow/example_dags/example_external_task_marker_dag.py
[2026-05-08T18:12:34.640+0100] {logging_mixin.py:188} INFO - [2026-05-08T18:12:34.640+0100] {dag.py:3096} INFO - Sync 2 DAGs
[2026-05-08T18:12:34.653+0100] {logging_mixin.py:188} INFO - [2026-05-08T18:12:34.653+0100] {dag.py:3954} INFO - Setting next_dagrun for example_external_task_marker_child to None, run_after=None
[2026-05-08T18:12:34.659+0100] {logging_mixin.py:188} INFO - [2026-05-08T18:12:34.659+0100] {dag.py:3954} INFO - Setting next_dagrun for example_external_task_marker_parent to None, run_after=None
[2026-05-08T18:12:34.744+0100] {processor.py:183} INFO - Processing /home/najma/airflow-venv/lib/python3.12/site-packages/airflow/example_dags/example_external_task_marker_dag.py took 0.148 seconds
[2026-05-08T18:14:06.927+0100] {processor.py:161} INFO - Started process (PID=11760) to work on /home/najma/airflow-venv/lib/python3.12/site-packages/airflow/example_dags/example_external_task_marker_dag.py
[2026-05-08T18:14:06.929+0100] {processor.py:830} INFO - Processing file /home/najma/airflow-venv/lib/python3.12/site-packages/airflow/example_dags/example_external_task_marker_dag.py for tasks to queue
[2026-05-08T18:14:06.932+0100] {logging_mixin.py:188} INFO - [2026-05-08T18:14:06.932+0100] {dagbag.py:540} INFO - Filling up the DagBag from /home/najma/airflow-venv/lib/python3.12/site-packages/airflow/example_dags/example_external_task_marker_dag.py
[2026-05-08T18:14:06.937+0100] {processor.py:840} INFO - DAG(s) 'example_external_task_marker_child', 'example_external_task_marker_parent' retrieved from /home/najma/airflow-venv/lib/python3.12/site-packages/airflow/example_dags/example_external_task_marker_dag.py
[2026-05-08T18:14:06.978+0100] {logging_mixin.py:188} INFO - [2026-05-08T18:14:06.978+0100] {dag.py:3096} INFO - Sync 2 DAGs
[2026-05-08T18:14:06.991+0100] {logging_mixin.py:188} INFO - [2026-05-08T18:14:06.991+0100] {dag.py:3954} INFO - Setting next_dagrun for example_external_task_marker_child to None, run_after=None
[2026-05-08T18:14:06.997+0100] {logging_mixin.py:188} INFO - [2026-05-08T18:14:06.997+0100] {dag.py:3954} INFO - Setting next_dagrun for example_external_task_marker_parent to None, run_after=None
[2026-05-08T18:14:07.076+0100] {processor.py:183} INFO - Processing /home/najma/airflow-venv/lib/python3.12/site-packages/airflow/example_dags/example_external_task_marker_dag.py took 0.153 seconds
[2026-05-08T18:15:21.922+0100] {processor.py:161} INFO - Started process (PID=11829) to work on /home/najma/airflow-venv/lib/python3.12/site-packages/airflow/example_dags/example_external_task_marker_dag.py
[2026-05-08T18:15:21.923+0100] {processor.py:830} INFO - Processing file /home/najma/airflow-venv/lib/python3.12/site-packages/airflow/example_dags/example_external_task_marker_dag.py for tasks to queue
[2026-05-08T18:15:21.925+0100] {logging_mixin.py:188} INFO - [2026-05-08T18:15:21.925+0100] {dagbag.py:540} INFO - Filling up the DagBag from /home/najma/airflow-venv/lib/python3.12/site-packages/airflow/example_dags/example_external_task_marker_dag.py
[2026-05-08T18:15:21.936+0100] {processor.py:840} INFO - DAG(s) 'example_external_task_marker_parent', 'example_external_task_marker_child' retrieved from /home/najma/airflow-venv/lib/python3.12/site-packages/airflow/example_dags/example_external_task_marker_dag.py
[2026-05-08T18:15:21.984+0100] {logging_mixin.py:188} INFO - [2026-05-08T18:15:21.984+0100] {dag.py:3096} INFO - Sync 2 DAGs
[2026-05-08T18:15:22.010+0100] {logging_mixin.py:188} INFO - [2026-05-08T18:15:22.009+0100] {dag.py:3954} INFO - Setting next_dagrun for example_external_task_marker_child to None, run_after=None
[2026-05-08T18:15:22.015+0100] {logging_mixin.py:188} INFO - [2026-05-08T18:15:22.015+0100] {dag.py:3954} INFO - Setting next_dagrun for example_external_task_marker_parent to None, run_after=None
[2026-05-08T18:15:22.124+0100] {processor.py:183} INFO - Processing /home/najma/airflow-venv/lib/python3.12/site-packages/airflow/example_dags/example_external_task_marker_dag.py took 0.206 seconds
[2026-05-08T18:16:34.013+0100] {processor.py:161} INFO - Started process (PID=11888) to work on /home/najma/airflow-venv/lib/python3.12/site-packages/airflow/example_dags/example_external_task_marker_dag.py
[2026-05-08T18:16:34.014+0100] {processor.py:830} INFO - Processing file /home/najma/airflow-venv/lib/python3.12/site-packages/airflow/example_dags/example_external_task_marker_dag.py for tasks to queue
[2026-05-08T18:16:34.016+0100] {logging_mixin.py:188} INFO - [2026-05-08T18:16:34.015+0100] {dagbag.py:540} INFO - Filling up the DagBag from /home/najma/airflow-venv/lib/python3.12/site-packages/airflow/example_dags/example_external_task_marker_dag.py
[2026-05-08T18:16:34.020+0100] {processor.py:840} INFO - DAG(s) 'example_external_task_marker_child', 'example_external_task_marker_parent' retrieved from /home/najma/airflow-venv/lib/python3.12/site-packages/airflow/example_dags/example_external_task_marker_dag.py
[2026-05-08T18:16:34.059+0100] {logging_mixin.py:188} INFO - [2026-05-08T18:16:34.058+0100] {dag.py:3096} INFO - Sync 2 DAGs
[2026-05-08T18:16:34.072+0100] {logging_mixin.py:188} INFO - [2026-05-08T18:16:34.072+0100] {dag.py:3954} INFO - Setting next_dagrun for example_external_task_marker_child to None, run_after=None
[2026-05-08T18:16:34.078+0100] {logging_mixin.py:188} INFO - [2026-05-08T18:16:34.078+0100] {dag.py:3954} INFO - Setting next_dagrun for example_external_task_marker_parent to None, run_after=None
[2026-05-08T18:16:34.181+0100] {processor.py:183} INFO - Processing /home/najma/airflow-venv/lib/python3.12/site-packages/airflow/example_dags/example_external_task_marker_dag.py took 0.171 seconds
[2026-05-08T18:17:44.130+0100] {processor.py:161} INFO - Started process (PID=11948) to work on /home/najma/airflow-venv/lib/python3.12/site-packages/airflow/example_dags/example_external_task_marker_dag.py
[2026-05-08T18:17:44.132+0100] {processor.py:830} INFO - Processing file /home/najma/airflow-venv/lib/python3.12/site-packages/airflow/example_dags/example_external_task_marker_dag.py for tasks to queue
[2026-05-08T18:17:44.134+0100] {logging_mixin.py:188} INFO - [2026-05-08T18:17:44.133+0100] {dagbag.py:540} INFO - Filling up the DagBag from /home/najma/airflow-venv/lib/python3.12/site-packages/airflow/example_dags/example_external_task_marker_dag.py
[2026-05-08T18:17:44.146+0100] {processor.py:840} INFO - DAG(s) 'example_external_task_marker_child', 'example_external_task_marker_parent' retrieved from /home/najma/airflow-venv/lib/python3.12/site-packages/airflow/example_dags/example_external_task_marker_dag.py
[2026-05-08T18:17:44.188+0100] {logging_mixin.py:188} INFO - [2026-05-08T18:17:44.188+0100] {dag.py:3096} INFO - Sync 2 DAGs
[2026-05-08T18:17:44.209+0100] {logging_mixin.py:188} INFO - [2026-05-08T18:17:44.209+0100] {dag.py:3954} INFO - Setting next_dagrun for example_external_task_marker_child to None, run_after=None
[2026-05-08T18:17:44.215+0100] {logging_mixin.py:188} INFO - [2026-05-08T18:17:44.215+0100] {dag.py:3954} INFO - Setting next_dagrun for example_external_task_marker_parent to None, run_after=None
[2026-05-08T18:17:44.295+0100] {processor.py:183} INFO - Processing /home/najma/airflow-venv/lib/python3.12/site-packages/airflow/example_dags/example_external_task_marker_dag.py took 0.170 seconds
[2026-05-08T18:18:58.848+0100] {processor.py:161} INFO - Started process (PID=12007) to work on /home/najma/airflow-venv/lib/python3.12/site-packages/airflow/example_dags/example_external_task_marker_dag.py
[2026-05-08T18:18:58.850+0100] {processor.py:830} INFO - Processing file /home/najma/airflow-venv/lib/python3.12/site-packages/airflow/example_dags/example_external_task_marker_dag.py for tasks to queue
[2026-05-08T18:18:58.851+0100] {logging_mixin.py:188} INFO - [2026-05-08T18:18:58.851+0100] {dagbag.py:540} INFO - Filling up the DagBag from /home/najma/airflow-venv/lib/python3.12/site-packages/airflow/example_dags/example_external_task_marker_dag.py
[2026-05-08T18:18:58.857+0100] {processor.py:840} INFO - DAG(s) 'example_external_task_marker_child', 'example_external_task_marker_parent' retrieved from /home/najma/airflow-venv/lib/python3.12/site-packages/airflow/example_dags/example_external_task_marker_dag.py
[2026-05-08T18:18:58.891+0100] {logging_mixin.py:188} INFO - [2026-05-08T18:18:58.891+0100] {dag.py:3096} INFO - Sync 2 DAGs
[2026-05-08T18:18:58.905+0100] {logging_mixin.py:188} INFO - [2026-05-08T18:18:58.905+0100] {dag.py:3954} INFO - Setting next_dagrun for example_external_task_marker_child to None, run_after=None
[2026-05-08T18:18:58.912+0100] {logging_mixin.py:188} INFO - [2026-05-08T18:18:58.912+0100] {dag.py:3954} INFO - Setting next_dagrun for example_external_task_marker_parent to None, run_after=None
[2026-05-08T18:18:59.007+0100] {processor.py:183} INFO - Processing /home/najma/airflow-venv/lib/python3.12/site-packages/airflow/example_dags/example_external_task_marker_dag.py took 0.163 seconds
[2026-05-08T18:20:04.831+0100] {processor.py:161} INFO - Started process (PID=12063) to work on /home/najma/airflow-venv/lib/python3.12/site-packages/airflow/example_dags/example_external_task_marker_dag.py
[2026-05-08T18:20:04.832+0100] {processor.py:830} INFO - Processing file /home/najma/airflow-venv/lib/python3.12/site-packages/airflow/example_dags/example_external_task_marker_dag.py for tasks to queue
[2026-05-08T18:20:04.834+0100] {logging_mixin.py:188} INFO - [2026-05-08T18:20:04.834+0100] {dagbag.py:540} INFO - Filling up the DagBag from /home/najma/airflow-venv/lib/python3.12/site-packages/airflow/example_dags/example_external_task_marker_dag.py
[2026-05-08T18:20:04.839+0100] {processor.py:840} INFO - DAG(s) 'example_external_task_marker_parent', 'example_external_task_marker_child' retrieved from /home/najma/airflow-venv/lib/python3.12/site-packages/airflow/example_dags/example_external_task_marker_dag.py
[2026-05-08T18:20:04.872+0100] {logging_mixin.py:188} INFO - [2026-05-08T18:20:04.872+0100] {dag.py:3096} INFO - Sync 2 DAGs
[2026-05-08T18:20:04.889+0100] {logging_mixin.py:188} INFO - [2026-05-08T18:20:04.888+0100] {dag.py:3954} INFO - Setting next_dagrun for example_external_task_marker_child to None, run_after=None
[2026-05-08T18:20:04.896+0100] {logging_mixin.py:188} INFO - [2026-05-08T18:20:04.896+0100] {dag.py:3954} INFO - Setting next_dagrun for example_external_task_marker_parent to None, run_after=None
[2026-05-08T18:20:04.990+0100] {processor.py:183} INFO - Processing /home/najma/airflow-venv/lib/python3.12/site-packages/airflow/example_dags/example_external_task_marker_dag.py took 0.163 seconds
[2026-05-08T18:21:14.206+0100] {processor.py:161} INFO - Started process (PID=12119) to work on /home/najma/airflow-venv/lib/python3.12/site-packages/airflow/example_dags/example_external_task_marker_dag.py
[2026-05-08T18:21:14.208+0100] {processor.py:830} INFO - Processing file /home/najma/airflow-venv/lib/python3.12/site-packages/airflow/example_dags/example_external_task_marker_dag.py for tasks to queue
[2026-05-08T18:21:14.210+0100] {logging_mixin.py:188} INFO - [2026-05-08T18:21:14.210+0100] {dagbag.py:540} INFO - Filling up the DagBag from /home/najma/airflow-venv/lib/python3.12/site-packages/airflow/example_dags/example_external_task_marker_dag.py
[2026-05-08T18:21:14.221+0100] {processor.py:840} INFO - DAG(s) 'example_external_task_marker_parent', 'example_external_task_marker_child' retrieved from /home/najma/airflow-venv/lib/python3.12/site-packages/airflow/example_dags/example_external_task_marker_dag.py
[2026-05-08T18:21:14.394+0100] {logging_mixin.py:188} INFO - [2026-05-08T18:21:14.394+0100] {dag.py:3096} INFO - Sync 2 DAGs
[2026-05-08T18:21:14.414+0100] {logging_mixin.py:188} INFO - [2026-05-08T18:21:14.413+0100] {dag.py:3954} INFO - Setting next_dagrun for example_external_task_marker_child to None, run_after=None
[2026-05-08T18:21:14.424+0100] {logging_mixin.py:188} INFO - [2026-05-08T18:21:14.424+0100] {dag.py:3954} INFO - Setting next_dagrun for example_external_task_marker_parent to None, run_after=None
[2026-05-08T18:21:14.500+0100] {processor.py:183} INFO - Processing /home/najma/airflow-venv/lib/python3.12/site-packages/airflow/example_dags/example_external_task_marker_dag.py took 0.299 seconds
[2026-05-08T18:22:28.893+0100] {processor.py:161} INFO - Started process (PID=12179) to work on /home/najma/airflow-venv/lib/python3.12/site-packages/airflow/example_dags/example_external_task_marker_dag.py
[2026-05-08T18:22:28.894+0100] {processor.py:830} INFO - Processing file /home/najma/airflow-venv/lib/python3.12/site-packages/airflow/example_dags/example_external_task_marker_dag.py for tasks to queue
[2026-05-08T18:22:28.899+0100] {logging_mixin.py:188} INFO - [2026-05-08T18:22:28.896+0100] {dagbag.py:540} INFO - Filling up the DagBag from /home/najma/airflow-venv/lib/python3.12/site-packages/airflow/example_dags/example_external_task_marker_dag.py
[2026-05-08T18:22:28.905+0100] {processor.py:840} INFO - DAG(s) 'example_external_task_marker_child', 'example_external_task_marker_parent' retrieved from /home/najma/airflow-venv/lib/python3.12/site-packages/airflow/example_dags/example_external_task_marker_dag.py
[2026-05-08T18:22:28.942+0100] {logging_mixin.py:188} INFO - [2026-05-08T18:22:28.942+0100] {dag.py:3096} INFO - Sync 2 DAGs
[2026-05-08T18:22:28.960+0100] {logging_mixin.py:188} INFO - [2026-05-08T18:22:28.960+0100] {dag.py:3954} INFO - Setting next_dagrun for example_external_task_marker_child to None, run_after=None
[2026-05-08T18:22:28.966+0100] {logging_mixin.py:188} INFO - [2026-05-08T18:22:28.966+0100] {dag.py:3954} INFO - Setting next_dagrun for example_external_task_marker_parent to None, run_after=None
[2026-05-08T18:22:29.046+0100] {processor.py:183} INFO - Processing /home/najma/airflow-venv/lib/python3.12/site-packages/airflow/example_dags/example_external_task_marker_dag.py took 0.157 seconds
[2026-05-08T18:24:41.686+0100] {processor.py:161} INFO - Started process (PID=12292) to work on /home/najma/airflow-venv/lib/python3.12/site-packages/airflow/example_dags/example_external_task_marker_dag.py
[2026-05-08T18:24:41.687+0100] {processor.py:830} INFO - Processing file /home/najma/airflow-venv/lib/python3.12/site-packages/airflow/example_dags/example_external_task_marker_dag.py for tasks to queue
[2026-05-08T18:24:41.689+0100] {logging_mixin.py:188} INFO - [2026-05-08T18:24:41.689+0100] {dagbag.py:540} INFO - Filling up the DagBag from /home/najma/airflow-venv/lib/python3.12/site-packages/airflow/example_dags/example_external_task_marker_dag.py
[2026-05-08T18:24:41.695+0100] {processor.py:840} INFO - DAG(s) 'example_external_task_marker_child', 'example_external_task_marker_parent' retrieved from /home/najma/airflow-venv/lib/python3.12/site-packages/airflow/example_dags/example_external_task_marker_dag.py
[2026-05-08T18:24:41.734+0100] {logging_mixin.py:188} INFO - [2026-05-08T18:24:41.733+0100] {dag.py:3096} INFO - Sync 2 DAGs
[2026-05-08T18:24:41.753+0100] {logging_mixin.py:188} INFO - [2026-05-08T18:24:41.752+0100] {dag.py:3954} INFO - Setting next_dagrun for example_external_task_marker_child to None, run_after=None
[2026-05-08T18:24:41.760+0100] {logging_mixin.py:188} INFO - [2026-05-08T18:24:41.759+0100] {dag.py:3954} INFO - Setting next_dagrun for example_external_task_marker_parent to None, run_after=None
[2026-05-08T18:24:41.888+0100] {processor.py:183} INFO - Processing /home/najma/airflow-venv/lib/python3.12/site-packages/airflow/example_dags/example_external_task_marker_dag.py took 0.206 seconds
[2026-05-08T18:25:59.080+0100] {processor.py:161} INFO - Started process (PID=12366) to work on /home/najma/airflow-venv/lib/python3.12/site-packages/airflow/example_dags/example_external_task_marker_dag.py
[2026-05-08T18:25:59.081+0100] {processor.py:830} INFO - Processing file /home/najma/airflow-venv/lib/python3.12/site-packages/airflow/example_dags/example_external_task_marker_dag.py for tasks to queue
[2026-05-08T18:25:59.083+0100] {logging_mixin.py:188} INFO - [2026-05-08T18:25:59.083+0100] {dagbag.py:540} INFO - Filling up the DagBag from /home/najma/airflow-venv/lib/python3.12/site-packages/airflow/example_dags/example_external_task_marker_dag.py
[2026-05-08T18:25:59.088+0100] {processor.py:840} INFO - DAG(s) 'example_external_task_marker_child', 'example_external_task_marker_parent' retrieved from /home/najma/airflow-venv/lib/python3.12/site-packages/airflow/example_dags/example_external_task_marker_dag.py
[2026-05-08T18:25:59.128+0100] {logging_mixin.py:188} INFO - [2026-05-08T18:25:59.127+0100] {dag.py:3096} INFO - Sync 2 DAGs
[2026-05-08T18:25:59.144+0100] {logging_mixin.py:188} INFO - [2026-05-08T18:25:59.144+0100] {dag.py:3954} INFO - Setting next_dagrun for example_external_task_marker_child to None, run_after=None
[2026-05-08T18:25:59.151+0100] {logging_mixin.py:188} INFO - [2026-05-08T18:25:59.150+0100] {dag.py:3954} INFO - Setting next_dagrun for example_external_task_marker_parent to None, run_after=None
[2026-05-08T18:25:59.236+0100] {processor.py:183} INFO - Processing /home/najma/airflow-venv/lib/python3.12/site-packages/airflow/example_dags/example_external_task_marker_dag.py took 0.160 seconds
[2026-05-08T18:27:17.220+0100] {processor.py:161} INFO - Started process (PID=12427) to work on /home/najma/airflow-venv/lib/python3.12/site-packages/airflow/example_dags/example_external_task_marker_dag.py
[2026-05-08T18:27:17.222+0100] {processor.py:830} INFO - Processing file /home/najma/airflow-venv/lib/python3.12/site-packages/airflow/example_dags/example_external_task_marker_dag.py for tasks to queue
[2026-05-08T18:27:17.224+0100] {logging_mixin.py:188} INFO - [2026-05-08T18:27:17.223+0100] {dagbag.py:540} INFO - Filling up the DagBag from /home/najma/airflow-venv/lib/python3.12/site-packages/airflow/example_dags/example_external_task_marker_dag.py
[2026-05-08T18:27:17.228+0100] {processor.py:840} INFO - DAG(s) 'example_external_task_marker_parent', 'example_external_task_marker_child' retrieved from /home/najma/airflow-venv/lib/python3.12/site-packages/airflow/example_dags/example_external_task_marker_dag.py
[2026-05-08T18:27:17.260+0100] {logging_mixin.py:188} INFO - [2026-05-08T18:27:17.260+0100] {dag.py:3096} INFO - Sync 2 DAGs
[2026-05-08T18:27:17.275+0100] {logging_mixin.py:188} INFO - [2026-05-08T18:27:17.275+0100] {dag.py:3954} INFO - Setting next_dagrun for example_external_task_marker_child to None, run_after=None
[2026-05-08T18:27:17.281+0100] {logging_mixin.py:188} INFO - [2026-05-08T18:27:17.281+0100] {dag.py:3954} INFO - Setting next_dagrun for example_external_task_marker_parent to None, run_after=None
[2026-05-08T18:27:17.370+0100] {processor.py:183} INFO - Processing /home/najma/airflow-venv/lib/python3.12/site-packages/airflow/example_dags/example_external_task_marker_dag.py took 0.153 seconds
[2026-05-08T18:28:38.469+0100] {processor.py:161} INFO - Started process (PID=12490) to work on /home/najma/airflow-venv/lib/python3.12/site-packages/airflow/example_dags/example_external_task_marker_dag.py
[2026-05-08T18:28:38.470+0100] {processor.py:830} INFO - Processing file /home/najma/airflow-venv/lib/python3.12/site-packages/airflow/example_dags/example_external_task_marker_dag.py for tasks to queue
[2026-05-08T18:28:38.472+0100] {logging_mixin.py:188} INFO - [2026-05-08T18:28:38.472+0100] {dagbag.py:540} INFO - Filling up the DagBag from /home/najma/airflow-venv/lib/python3.12/site-packages/airflow/example_dags/example_external_task_marker_dag.py
[2026-05-08T18:28:38.477+0100] {processor.py:840} INFO - DAG(s) 'example_external_task_marker_child', 'example_external_task_marker_parent' retrieved from /home/najma/airflow-venv/lib/python3.12/site-packages/airflow/example_dags/example_external_task_marker_dag.py
[2026-05-08T18:28:38.515+0100] {logging_mixin.py:188} INFO - [2026-05-08T18:28:38.515+0100] {dag.py:3096} INFO - Sync 2 DAGs
[2026-05-08T18:28:38.531+0100] {logging_mixin.py:188} INFO - [2026-05-08T18:28:38.530+0100] {dag.py:3954} INFO - Setting next_dagrun for example_external_task_marker_child to None, run_after=None
[2026-05-08T18:28:38.538+0100] {logging_mixin.py:188} INFO - [2026-05-08T18:28:38.538+0100] {dag.py:3954} INFO - Setting next_dagrun for example_external_task_marker_parent to None, run_after=None
[2026-05-08T18:28:38.639+0100] {processor.py:183} INFO - Processing /home/najma/airflow-venv/lib/python3.12/site-packages/airflow/example_dags/example_external_task_marker_dag.py took 0.175 seconds
[2026-05-08T18:29:52.779+0100] {processor.py:161} INFO - Started process (PID=12549) to work on /home/najma/airflow-venv/lib/python3.12/site-packages/airflow/example_dags/example_external_task_marker_dag.py
[2026-05-08T18:29:52.780+0100] {processor.py:830} INFO - Processing file /home/najma/airflow-venv/lib/python3.12/site-packages/airflow/example_dags/example_external_task_marker_dag.py for tasks to queue
[2026-05-08T18:29:52.782+0100] {logging_mixin.py:188} INFO - [2026-05-08T18:29:52.782+0100] {dagbag.py:540} INFO - Filling up the DagBag from /home/najma/airflow-venv/lib/python3.12/site-packages/airflow/example_dags/example_external_task_marker_dag.py
[2026-05-08T18:29:52.787+0100] {processor.py:840} INFO - DAG(s) 'example_external_task_marker_child', 'example_external_task_marker_parent' retrieved from /home/najma/airflow-venv/lib/python3.12/site-packages/airflow/example_dags/example_external_task_marker_dag.py
[2026-05-08T18:29:52.829+0100] {logging_mixin.py:188} INFO - [2026-05-08T18:29:52.828+0100] {dag.py:3096} INFO - Sync 2 DAGs
[2026-05-08T18:29:52.849+0100] {logging_mixin.py:188} INFO - [2026-05-08T18:29:52.849+0100] {dag.py:3954} INFO - Setting next_dagrun for example_external_task_marker_child to None, run_after=None
[2026-05-08T18:29:52.855+0100] {logging_mixin.py:188} INFO - [2026-05-08T18:29:52.854+0100] {dag.py:3954} INFO - Setting next_dagrun for example_external_task_marker_parent to None, run_after=None
[2026-05-08T18:29:52.957+0100] {processor.py:183} INFO - Processing /home/najma/airflow-venv/lib/python3.12/site-packages/airflow/example_dags/example_external_task_marker_dag.py took 0.182 seconds
[2026-05-08T18:31:11.469+0100] {processor.py:161} INFO - Started process (PID=12610) to work on /home/najma/airflow-venv/lib/python3.12/site-packages/airflow/example_dags/example_external_task_marker_dag.py
[2026-05-08T18:31:11.470+0100] {processor.py:830} INFO - Processing file /home/najma/airflow-venv/lib/python3.12/site-packages/airflow/example_dags/example_external_task_marker_dag.py for tasks to queue
[2026-05-08T18:31:11.472+0100] {logging_mixin.py:188} INFO - [2026-05-08T18:31:11.472+0100] {dagbag.py:540} INFO - Filling up the DagBag from /home/najma/airflow-venv/lib/python3.12/site-packages/airflow/example_dags/example_external_task_marker_dag.py
[2026-05-08T18:31:11.477+0100] {processor.py:840} INFO - DAG(s) 'example_external_task_marker_parent', 'example_external_task_marker_child' retrieved from /home/najma/airflow-venv/lib/python3.12/site-packages/airflow/example_dags/example_external_task_marker_dag.py
[2026-05-08T18:31:11.515+0100] {logging_mixin.py:188} INFO - [2026-05-08T18:31:11.514+0100] {dag.py:3096} INFO - Sync 2 DAGs
[2026-05-08T18:31:11.528+0100] {logging_mixin.py:188} INFO - [2026-05-08T18:31:11.528+0100] {dag.py:3954} INFO - Setting next_dagrun for example_external_task_marker_child to None, run_after=None
[2026-05-08T18:31:11.534+0100] {logging_mixin.py:188} INFO - [2026-05-08T18:31:11.534+0100] {dag.py:3954} INFO - Setting next_dagrun for example_external_task_marker_parent to None, run_after=None
[2026-05-08T18:31:11.645+0100] {processor.py:183} INFO - Processing /home/najma/airflow-venv/lib/python3.12/site-packages/airflow/example_dags/example_external_task_marker_dag.py took 0.180 seconds
[2026-05-08T18:32:27.809+0100] {processor.py:161} INFO - Started process (PID=12670) to work on /home/najma/airflow-venv/lib/python3.12/site-packages/airflow/example_dags/example_external_task_marker_dag.py
[2026-05-08T18:32:27.811+0100] {processor.py:830} INFO - Processing file /home/najma/airflow-venv/lib/python3.12/site-packages/airflow/example_dags/example_external_task_marker_dag.py for tasks to queue
[2026-05-08T18:32:27.813+0100] {logging_mixin.py:188} INFO - [2026-05-08T18:32:27.812+0100] {dagbag.py:540} INFO - Filling up the DagBag from /home/najma/airflow-venv/lib/python3.12/site-packages/airflow/example_dags/example_external_task_marker_dag.py
[2026-05-08T18:32:27.817+0100] {processor.py:840} INFO - DAG(s) 'example_external_task_marker_child', 'example_external_task_marker_parent' retrieved from /home/najma/airflow-venv/lib/python3.12/site-packages/airflow/example_dags/example_external_task_marker_dag.py
[2026-05-08T18:32:27.850+0100] {logging_mixin.py:188} INFO - [2026-05-08T18:32:27.850+0100] {dag.py:3096} INFO - Sync 2 DAGs
[2026-05-08T18:32:27.864+0100] {logging_mixin.py:188} INFO - [2026-05-08T18:32:27.863+0100] {dag.py:3954} INFO - Setting next_dagrun for example_external_task_marker_child to None, run_after=None
[2026-05-08T18:32:27.870+0100] {logging_mixin.py:188} INFO - [2026-05-08T18:32:27.869+0100] {dag.py:3954} INFO - Setting next_dagrun for example_external_task_marker_parent to None, run_after=None
[2026-05-08T18:32:27.947+0100] {processor.py:183} INFO - Processing /home/najma/airflow-venv/lib/python3.12/site-packages/airflow/example_dags/example_external_task_marker_dag.py took 0.142 seconds
[2026-05-08T18:34:45.067+0100] {processor.py:161} INFO - Started process (PID=12794) to work on /home/najma/airflow-venv/lib/python3.12/site-packages/airflow/example_dags/example_external_task_marker_dag.py
[2026-05-08T18:34:45.068+0100] {processor.py:830} INFO - Processing file /home/najma/airflow-venv/lib/python3.12/site-packages/airflow/example_dags/example_external_task_marker_dag.py for tasks to queue
[2026-05-08T18:34:45.070+0100] {logging_mixin.py:188} INFO - [2026-05-08T18:34:45.069+0100] {dagbag.py:540} INFO - Filling up the DagBag from /home/najma/airflow-venv/lib/python3.12/site-packages/airflow/example_dags/example_external_task_marker_dag.py
[2026-05-08T18:34:45.074+0100] {processor.py:840} INFO - DAG(s) 'example_external_task_marker_child', 'example_external_task_marker_parent' retrieved from /home/najma/airflow-venv/lib/python3.12/site-packages/airflow/example_dags/example_external_task_marker_dag.py
[2026-05-08T18:34:45.107+0100] {logging_mixin.py:188} INFO - [2026-05-08T18:34:45.106+0100] {dag.py:3096} INFO - Sync 2 DAGs
[2026-05-08T18:34:45.121+0100] {logging_mixin.py:188} INFO - [2026-05-08T18:34:45.121+0100] {dag.py:3954} INFO - Setting next_dagrun for example_external_task_marker_child to None, run_after=None
[2026-05-08T18:34:45.128+0100] {logging_mixin.py:188} INFO - [2026-05-08T18:34:45.128+0100] {dag.py:3954} INFO - Setting next_dagrun for example_external_task_marker_parent to None, run_after=None
[2026-05-08T18:34:45.212+0100] {processor.py:183} INFO - Processing /home/najma/airflow-venv/lib/python3.12/site-packages/airflow/example_dags/example_external_task_marker_dag.py took 0.149 seconds
[2026-05-08T18:35:57.459+0100] {processor.py:161} INFO - Started process (PID=12861) to work on /home/najma/airflow-venv/lib/python3.12/site-packages/airflow/example_dags/example_external_task_marker_dag.py
[2026-05-08T18:35:57.460+0100] {processor.py:830} INFO - Processing file /home/najma/airflow-venv/lib/python3.12/site-packages/airflow/example_dags/example_external_task_marker_dag.py for tasks to queue
[2026-05-08T18:35:57.461+0100] {logging_mixin.py:188} INFO - [2026-05-08T18:35:57.461+0100] {dagbag.py:540} INFO - Filling up the DagBag from /home/najma/airflow-venv/lib/python3.12/site-packages/airflow/example_dags/example_external_task_marker_dag.py
[2026-05-08T18:35:57.468+0100] {processor.py:840} INFO - DAG(s) 'example_external_task_marker_parent', 'example_external_task_marker_child' retrieved from /home/najma/airflow-venv/lib/python3.12/site-packages/airflow/example_dags/example_external_task_marker_dag.py
[2026-05-08T18:35:57.501+0100] {logging_mixin.py:188} INFO - [2026-05-08T18:35:57.501+0100] {dag.py:3096} INFO - Sync 2 DAGs
[2026-05-08T18:35:57.524+0100] {logging_mixin.py:188} INFO - [2026-05-08T18:35:57.523+0100] {dag.py:3954} INFO - Setting next_dagrun for example_external_task_marker_child to None, run_after=None
[2026-05-08T18:35:57.531+0100] {logging_mixin.py:188} INFO - [2026-05-08T18:35:57.531+0100] {dag.py:3954} INFO - Setting next_dagrun for example_external_task_marker_parent to None, run_after=None
[2026-05-08T18:35:57.637+0100] {processor.py:183} INFO - Processing /home/najma/airflow-venv/lib/python3.12/site-packages/airflow/example_dags/example_external_task_marker_dag.py took 0.181 seconds
[2026-05-08T18:37:11.601+0100] {processor.py:161} INFO - Started process (PID=12920) to work on /home/najma/airflow-venv/lib/python3.12/site-packages/airflow/example_dags/example_external_task_marker_dag.py
[2026-05-08T18:37:11.602+0100] {processor.py:830} INFO - Processing file /home/najma/airflow-venv/lib/python3.12/site-packages/airflow/example_dags/example_external_task_marker_dag.py for tasks to queue
[2026-05-08T18:37:11.604+0100] {logging_mixin.py:188} INFO - [2026-05-08T18:37:11.603+0100] {dagbag.py:540} INFO - Filling up the DagBag from /home/najma/airflow-venv/lib/python3.12/site-packages/airflow/example_dags/example_external_task_marker_dag.py
[2026-05-08T18:37:11.610+0100] {processor.py:840} INFO - DAG(s) 'example_external_task_marker_parent', 'example_external_task_marker_child' retrieved from /home/najma/airflow-venv/lib/python3.12/site-packages/airflow/example_dags/example_external_task_marker_dag.py
[2026-05-08T18:37:11.742+0100] {logging_mixin.py:188} INFO - [2026-05-08T18:37:11.742+0100] {dag.py:3096} INFO - Sync 2 DAGs
[2026-05-08T18:37:11.755+0100] {logging_mixin.py:188} INFO - [2026-05-08T18:37:11.754+0100] {dag.py:3954} INFO - Setting next_dagrun for example_external_task_marker_child to None, run_after=None
[2026-05-08T18:37:11.761+0100] {logging_mixin.py:188} INFO - [2026-05-08T18:37:11.760+0100] {dag.py:3954} INFO - Setting next_dagrun for example_external_task_marker_parent to None, run_after=None
[2026-05-08T18:37:11.842+0100] {processor.py:183} INFO - Processing /home/najma/airflow-venv/lib/python3.12/site-packages/airflow/example_dags/example_external_task_marker_dag.py took 0.245 seconds
[2026-05-08T18:38:34.295+0100] {processor.py:161} INFO - Started process (PID=12984) to work on /home/najma/airflow-venv/lib/python3.12/site-packages/airflow/example_dags/example_external_task_marker_dag.py
[2026-05-08T18:38:34.297+0100] {processor.py:830} INFO - Processing file /home/najma/airflow-venv/lib/python3.12/site-packages/airflow/example_dags/example_external_task_marker_dag.py for tasks to queue
[2026-05-08T18:38:34.298+0100] {logging_mixin.py:188} INFO - [2026-05-08T18:38:34.298+0100] {dagbag.py:540} INFO - Filling up the DagBag from /home/najma/airflow-venv/lib/python3.12/site-packages/airflow/example_dags/example_external_task_marker_dag.py
[2026-05-08T18:38:34.303+0100] {processor.py:840} INFO - DAG(s) 'example_external_task_marker_parent', 'example_external_task_marker_child' retrieved from /home/najma/airflow-venv/lib/python3.12/site-packages/airflow/example_dags/example_external_task_marker_dag.py
[2026-05-08T18:38:34.342+0100] {logging_mixin.py:188} INFO - [2026-05-08T18:38:34.341+0100] {dag.py:3096} INFO - Sync 2 DAGs
[2026-05-08T18:38:34.355+0100] {logging_mixin.py:188} INFO - [2026-05-08T18:38:34.355+0100] {dag.py:3954} INFO - Setting next_dagrun for example_external_task_marker_child to None, run_after=None
[2026-05-08T18:38:34.362+0100] {logging_mixin.py:188} INFO - [2026-05-08T18:38:34.362+0100] {dag.py:3954} INFO - Setting next_dagrun for example_external_task_marker_parent to None, run_after=None
[2026-05-08T18:38:34.458+0100] {processor.py:183} INFO - Processing /home/najma/airflow-venv/lib/python3.12/site-packages/airflow/example_dags/example_external_task_marker_dag.py took 0.168 seconds
