[2026-05-08T16:42:38.767+0100] {processor.py:161} INFO - Started process (PID=9509) to work on /home/najma/airflow-venv/lib/python3.12/site-packages/airflow/example_dags/example_skip_dag.py
[2026-05-08T16:42:38.769+0100] {processor.py:830} INFO - Processing file /home/najma/airflow-venv/lib/python3.12/site-packages/airflow/example_dags/example_skip_dag.py for tasks to queue
[2026-05-08T16:42:38.771+0100] {logging_mixin.py:188} INFO - [2026-05-08T16:42:38.771+0100] {dagbag.py:540} INFO - Filling up the DagBag from /home/najma/airflow-venv/lib/python3.12/site-packages/airflow/example_dags/example_skip_dag.py
[2026-05-08T16:42:38.779+0100] {processor.py:840} INFO - DAG(s) 'example_skip_dag' retrieved from /home/najma/airflow-venv/lib/python3.12/site-packages/airflow/example_dags/example_skip_dag.py
[2026-05-08T16:42:38.948+0100] {logging_mixin.py:188} INFO - [2026-05-08T16:42:38.947+0100] {override.py:1829} INFO - Created Permission View: can read on DAG:example_skip_dag
[2026-05-08T16:42:38.995+0100] {logging_mixin.py:188} INFO - [2026-05-08T16:42:38.995+0100] {override.py:1829} INFO - Created Permission View: can edit on DAG:example_skip_dag
[2026-05-08T16:42:39.040+0100] {logging_mixin.py:188} INFO - [2026-05-08T16:42:39.039+0100] {override.py:1829} INFO - Created Permission View: can delete on DAG:example_skip_dag
[2026-05-08T16:42:39.041+0100] {logging_mixin.py:188} INFO - [2026-05-08T16:42:39.041+0100] {dag.py:3096} INFO - Sync 1 DAGs
[2026-05-08T16:42:39.059+0100] {logging_mixin.py:188} INFO - [2026-05-08T16:42:39.058+0100] {dag.py:3118} INFO - Creating ORM DAG for example_skip_dag
[2026-05-08T16:42:39.071+0100] {logging_mixin.py:188} INFO - [2026-05-08T16:42:39.071+0100] {dag.py:3954} INFO - Setting next_dagrun for example_skip_dag to 2026-05-07 00:00:00+00:00, run_after=2026-05-08 00:00:00+00:00
[2026-05-08T16:42:39.150+0100] {processor.py:183} INFO - Processing /home/najma/airflow-venv/lib/python3.12/site-packages/airflow/example_dags/example_skip_dag.py took 0.387 seconds
[2026-05-08T16:43:57.070+0100] {processor.py:161} INFO - Started process (PID=9588) to work on /home/najma/airflow-venv/lib/python3.12/site-packages/airflow/example_dags/example_skip_dag.py
[2026-05-08T16:43:57.071+0100] {processor.py:830} INFO - Processing file /home/najma/airflow-venv/lib/python3.12/site-packages/airflow/example_dags/example_skip_dag.py for tasks to queue
[2026-05-08T16:43:57.073+0100] {logging_mixin.py:188} INFO - [2026-05-08T16:43:57.073+0100] {dagbag.py:540} INFO - Filling up the DagBag from /home/najma/airflow-venv/lib/python3.12/site-packages/airflow/example_dags/example_skip_dag.py
[2026-05-08T16:43:57.082+0100] {processor.py:840} INFO - DAG(s) 'example_skip_dag' retrieved from /home/najma/airflow-venv/lib/python3.12/site-packages/airflow/example_dags/example_skip_dag.py
[2026-05-08T16:43:57.112+0100] {logging_mixin.py:188} INFO - [2026-05-08T16:43:57.111+0100] {dag.py:3096} INFO - Sync 1 DAGs
[2026-05-08T16:43:57.139+0100] {logging_mixin.py:188} INFO - [2026-05-08T16:43:57.138+0100] {dag.py:3954} INFO - Setting next_dagrun for example_skip_dag to 2026-05-07 00:00:00+00:00, run_after=2026-05-08 00:00:00+00:00
[2026-05-08T16:43:57.223+0100] {processor.py:183} INFO - Processing /home/najma/airflow-venv/lib/python3.12/site-packages/airflow/example_dags/example_skip_dag.py took 0.156 seconds
[2026-05-08T16:45:17.686+0100] {processor.py:161} INFO - Started process (PID=9665) to work on /home/najma/airflow-venv/lib/python3.12/site-packages/airflow/example_dags/example_skip_dag.py
[2026-05-08T16:45:17.688+0100] {processor.py:830} INFO - Processing file /home/najma/airflow-venv/lib/python3.12/site-packages/airflow/example_dags/example_skip_dag.py for tasks to queue
[2026-05-08T16:45:17.690+0100] {logging_mixin.py:188} INFO - [2026-05-08T16:45:17.689+0100] {dagbag.py:540} INFO - Filling up the DagBag from /home/najma/airflow-venv/lib/python3.12/site-packages/airflow/example_dags/example_skip_dag.py
[2026-05-08T16:45:17.696+0100] {processor.py:840} INFO - DAG(s) 'example_skip_dag' retrieved from /home/najma/airflow-venv/lib/python3.12/site-packages/airflow/example_dags/example_skip_dag.py
[2026-05-08T16:45:17.723+0100] {logging_mixin.py:188} INFO - [2026-05-08T16:45:17.723+0100] {dag.py:3096} INFO - Sync 1 DAGs
[2026-05-08T16:45:17.747+0100] {logging_mixin.py:188} INFO - [2026-05-08T16:45:17.747+0100] {dag.py:3954} INFO - Setting next_dagrun for example_skip_dag to 2026-05-07 00:00:00+00:00, run_after=2026-05-08 00:00:00+00:00
[2026-05-08T16:45:17.845+0100] {processor.py:183} INFO - Processing /home/najma/airflow-venv/lib/python3.12/site-packages/airflow/example_dags/example_skip_dag.py took 0.163 seconds
[2026-05-08T16:46:03.843+0100] {processor.py:161} INFO - Started process (PID=9706) to work on /home/najma/airflow-venv/lib/python3.12/site-packages/airflow/example_dags/example_skip_dag.py
[2026-05-08T16:46:03.845+0100] {processor.py:830} INFO - Processing file /home/najma/airflow-venv/lib/python3.12/site-packages/airflow/example_dags/example_skip_dag.py for tasks to queue
[2026-05-08T16:46:03.847+0100] {logging_mixin.py:188} INFO - [2026-05-08T16:46:03.846+0100] {dagbag.py:540} INFO - Filling up the DagBag from /home/najma/airflow-venv/lib/python3.12/site-packages/airflow/example_dags/example_skip_dag.py
[2026-05-08T16:46:03.854+0100] {processor.py:840} INFO - DAG(s) 'example_skip_dag' retrieved from /home/najma/airflow-venv/lib/python3.12/site-packages/airflow/example_dags/example_skip_dag.py
[2026-05-08T16:46:03.882+0100] {logging_mixin.py:188} INFO - [2026-05-08T16:46:03.882+0100] {dag.py:3096} INFO - Sync 1 DAGs
[2026-05-08T16:46:03.908+0100] {logging_mixin.py:188} INFO - [2026-05-08T16:46:03.908+0100] {dag.py:3954} INFO - Setting next_dagrun for example_skip_dag to 2026-05-07 00:00:00+00:00, run_after=2026-05-08 00:00:00+00:00
[2026-05-08T16:46:04.006+0100] {processor.py:183} INFO - Processing /home/najma/airflow-venv/lib/python3.12/site-packages/airflow/example_dags/example_skip_dag.py took 0.167 seconds
[2026-05-08T16:47:19.314+0100] {processor.py:161} INFO - Started process (PID=9774) to work on /home/najma/airflow-venv/lib/python3.12/site-packages/airflow/example_dags/example_skip_dag.py
[2026-05-08T16:47:19.315+0100] {processor.py:830} INFO - Processing file /home/najma/airflow-venv/lib/python3.12/site-packages/airflow/example_dags/example_skip_dag.py for tasks to queue
[2026-05-08T16:47:19.317+0100] {logging_mixin.py:188} INFO - [2026-05-08T16:47:19.317+0100] {dagbag.py:540} INFO - Filling up the DagBag from /home/najma/airflow-venv/lib/python3.12/site-packages/airflow/example_dags/example_skip_dag.py
[2026-05-08T16:47:19.324+0100] {processor.py:840} INFO - DAG(s) 'example_skip_dag' retrieved from /home/najma/airflow-venv/lib/python3.12/site-packages/airflow/example_dags/example_skip_dag.py
[2026-05-08T16:47:19.350+0100] {logging_mixin.py:188} INFO - [2026-05-08T16:47:19.350+0100] {dag.py:3096} INFO - Sync 1 DAGs
[2026-05-08T16:47:19.375+0100] {logging_mixin.py:188} INFO - [2026-05-08T16:47:19.375+0100] {dag.py:3954} INFO - Setting next_dagrun for example_skip_dag to 2026-05-07 00:00:00+00:00, run_after=2026-05-08 00:00:00+00:00
[2026-05-08T16:47:19.462+0100] {processor.py:183} INFO - Processing /home/najma/airflow-venv/lib/python3.12/site-packages/airflow/example_dags/example_skip_dag.py took 0.152 seconds
[2026-05-08T16:48:30.968+0100] {processor.py:161} INFO - Started process (PID=9838) to work on /home/najma/airflow-venv/lib/python3.12/site-packages/airflow/example_dags/example_skip_dag.py
[2026-05-08T16:48:30.970+0100] {processor.py:830} INFO - Processing file /home/najma/airflow-venv/lib/python3.12/site-packages/airflow/example_dags/example_skip_dag.py for tasks to queue
[2026-05-08T16:48:30.971+0100] {logging_mixin.py:188} INFO - [2026-05-08T16:48:30.971+0100] {dagbag.py:540} INFO - Filling up the DagBag from /home/najma/airflow-venv/lib/python3.12/site-packages/airflow/example_dags/example_skip_dag.py
[2026-05-08T16:48:30.982+0100] {processor.py:840} INFO - DAG(s) 'example_skip_dag' retrieved from /home/najma/airflow-venv/lib/python3.12/site-packages/airflow/example_dags/example_skip_dag.py
[2026-05-08T16:48:31.009+0100] {logging_mixin.py:188} INFO - [2026-05-08T16:48:31.009+0100] {dag.py:3096} INFO - Sync 1 DAGs
[2026-05-08T16:48:31.034+0100] {logging_mixin.py:188} INFO - [2026-05-08T16:48:31.034+0100] {dag.py:3954} INFO - Setting next_dagrun for example_skip_dag to 2026-05-07 00:00:00+00:00, run_after=2026-05-08 00:00:00+00:00
[2026-05-08T16:48:31.131+0100] {processor.py:183} INFO - Processing /home/najma/airflow-venv/lib/python3.12/site-packages/airflow/example_dags/example_skip_dag.py took 0.166 seconds
[2026-05-08T16:49:42.521+0100] {processor.py:161} INFO - Started process (PID=9904) to work on /home/najma/airflow-venv/lib/python3.12/site-packages/airflow/example_dags/example_skip_dag.py
[2026-05-08T16:49:42.526+0100] {processor.py:830} INFO - Processing file /home/najma/airflow-venv/lib/python3.12/site-packages/airflow/example_dags/example_skip_dag.py for tasks to queue
[2026-05-08T16:49:42.529+0100] {logging_mixin.py:188} INFO - [2026-05-08T16:49:42.528+0100] {dagbag.py:540} INFO - Filling up the DagBag from /home/najma/airflow-venv/lib/python3.12/site-packages/airflow/example_dags/example_skip_dag.py
[2026-05-08T16:49:42.540+0100] {processor.py:840} INFO - DAG(s) 'example_skip_dag' retrieved from /home/najma/airflow-venv/lib/python3.12/site-packages/airflow/example_dags/example_skip_dag.py
[2026-05-08T16:49:42.595+0100] {logging_mixin.py:188} INFO - [2026-05-08T16:49:42.594+0100] {dag.py:3096} INFO - Sync 1 DAGs
[2026-05-08T16:49:42.630+0100] {logging_mixin.py:188} INFO - [2026-05-08T16:49:42.630+0100] {dag.py:3954} INFO - Setting next_dagrun for example_skip_dag to 2026-05-07 00:00:00+00:00, run_after=2026-05-08 00:00:00+00:00
[2026-05-08T16:49:42.896+0100] {processor.py:183} INFO - Processing /home/najma/airflow-venv/lib/python3.12/site-packages/airflow/example_dags/example_skip_dag.py took 0.380 seconds
[2026-05-08T17:45:10.868+0100] {processor.py:161} INFO - Started process (PID=10224) to work on /home/najma/airflow-venv/lib/python3.12/site-packages/airflow/example_dags/example_skip_dag.py
[2026-05-08T17:45:10.870+0100] {processor.py:830} INFO - Processing file /home/najma/airflow-venv/lib/python3.12/site-packages/airflow/example_dags/example_skip_dag.py for tasks to queue
[2026-05-08T17:45:10.872+0100] {logging_mixin.py:188} INFO - [2026-05-08T17:45:10.872+0100] {dagbag.py:540} INFO - Filling up the DagBag from /home/najma/airflow-venv/lib/python3.12/site-packages/airflow/example_dags/example_skip_dag.py
[2026-05-08T17:45:10.880+0100] {processor.py:840} INFO - DAG(s) 'example_skip_dag' retrieved from /home/najma/airflow-venv/lib/python3.12/site-packages/airflow/example_dags/example_skip_dag.py
[2026-05-08T17:45:10.925+0100] {logging_mixin.py:188} INFO - [2026-05-08T17:45:10.925+0100] {dag.py:3096} INFO - Sync 1 DAGs
[2026-05-08T17:45:10.958+0100] {logging_mixin.py:188} INFO - [2026-05-08T17:45:10.958+0100] {dag.py:3954} INFO - Setting next_dagrun for example_skip_dag to 2026-05-07 00:00:00+00:00, run_after=2026-05-08 00:00:00+00:00
[2026-05-08T17:45:11.074+0100] {processor.py:183} INFO - Processing /home/najma/airflow-venv/lib/python3.12/site-packages/airflow/example_dags/example_skip_dag.py took 0.211 seconds
[2026-05-08T17:46:26.993+0100] {processor.py:161} INFO - Started process (PID=10302) to work on /home/najma/airflow-venv/lib/python3.12/site-packages/airflow/example_dags/example_skip_dag.py
[2026-05-08T17:46:26.995+0100] {processor.py:830} INFO - Processing file /home/najma/airflow-venv/lib/python3.12/site-packages/airflow/example_dags/example_skip_dag.py for tasks to queue
[2026-05-08T17:46:26.997+0100] {logging_mixin.py:188} INFO - [2026-05-08T17:46:26.997+0100] {dagbag.py:540} INFO - Filling up the DagBag from /home/najma/airflow-venv/lib/python3.12/site-packages/airflow/example_dags/example_skip_dag.py
[2026-05-08T17:46:27.004+0100] {processor.py:840} INFO - DAG(s) 'example_skip_dag' retrieved from /home/najma/airflow-venv/lib/python3.12/site-packages/airflow/example_dags/example_skip_dag.py
[2026-05-08T17:46:27.047+0100] {logging_mixin.py:188} INFO - [2026-05-08T17:46:27.046+0100] {dag.py:3096} INFO - Sync 1 DAGs
[2026-05-08T17:46:27.073+0100] {logging_mixin.py:188} INFO - [2026-05-08T17:46:27.073+0100] {dag.py:3954} INFO - Setting next_dagrun for example_skip_dag to 2026-05-07 00:00:00+00:00, run_after=2026-05-08 00:00:00+00:00
[2026-05-08T17:46:27.203+0100] {processor.py:183} INFO - Processing /home/najma/airflow-venv/lib/python3.12/site-packages/airflow/example_dags/example_skip_dag.py took 0.213 seconds
[2026-05-08T17:47:47.855+0100] {processor.py:161} INFO - Started process (PID=10365) to work on /home/najma/airflow-venv/lib/python3.12/site-packages/airflow/example_dags/example_skip_dag.py
[2026-05-08T17:47:47.857+0100] {processor.py:830} INFO - Processing file /home/najma/airflow-venv/lib/python3.12/site-packages/airflow/example_dags/example_skip_dag.py for tasks to queue
[2026-05-08T17:47:47.859+0100] {logging_mixin.py:188} INFO - [2026-05-08T17:47:47.859+0100] {dagbag.py:540} INFO - Filling up the DagBag from /home/najma/airflow-venv/lib/python3.12/site-packages/airflow/example_dags/example_skip_dag.py
[2026-05-08T17:47:47.866+0100] {processor.py:840} INFO - DAG(s) 'example_skip_dag' retrieved from /home/najma/airflow-venv/lib/python3.12/site-packages/airflow/example_dags/example_skip_dag.py
[2026-05-08T17:47:47.893+0100] {logging_mixin.py:188} INFO - [2026-05-08T17:47:47.893+0100] {dag.py:3096} INFO - Sync 1 DAGs
[2026-05-08T17:47:47.924+0100] {logging_mixin.py:188} INFO - [2026-05-08T17:47:47.923+0100] {dag.py:3954} INFO - Setting next_dagrun for example_skip_dag to 2026-05-07 00:00:00+00:00, run_after=2026-05-08 00:00:00+00:00
[2026-05-08T17:47:48.008+0100] {processor.py:183} INFO - Processing /home/najma/airflow-venv/lib/python3.12/site-packages/airflow/example_dags/example_skip_dag.py took 0.158 seconds
[2026-05-08T17:48:56.315+0100] {processor.py:161} INFO - Started process (PID=10428) to work on /home/najma/airflow-venv/lib/python3.12/site-packages/airflow/example_dags/example_skip_dag.py
[2026-05-08T17:48:56.316+0100] {processor.py:830} INFO - Processing file /home/najma/airflow-venv/lib/python3.12/site-packages/airflow/example_dags/example_skip_dag.py for tasks to queue
[2026-05-08T17:48:56.318+0100] {logging_mixin.py:188} INFO - [2026-05-08T17:48:56.317+0100] {dagbag.py:540} INFO - Filling up the DagBag from /home/najma/airflow-venv/lib/python3.12/site-packages/airflow/example_dags/example_skip_dag.py
[2026-05-08T17:48:56.323+0100] {processor.py:840} INFO - DAG(s) 'example_skip_dag' retrieved from /home/najma/airflow-venv/lib/python3.12/site-packages/airflow/example_dags/example_skip_dag.py
[2026-05-08T17:48:56.352+0100] {logging_mixin.py:188} INFO - [2026-05-08T17:48:56.352+0100] {dag.py:3096} INFO - Sync 1 DAGs
[2026-05-08T17:48:56.381+0100] {logging_mixin.py:188} INFO - [2026-05-08T17:48:56.381+0100] {dag.py:3954} INFO - Setting next_dagrun for example_skip_dag to 2026-05-07 00:00:00+00:00, run_after=2026-05-08 00:00:00+00:00
[2026-05-08T17:48:56.465+0100] {processor.py:183} INFO - Processing /home/najma/airflow-venv/lib/python3.12/site-packages/airflow/example_dags/example_skip_dag.py took 0.154 seconds
[2026-05-08T17:50:08.188+0100] {processor.py:161} INFO - Started process (PID=10489) to work on /home/najma/airflow-venv/lib/python3.12/site-packages/airflow/example_dags/example_skip_dag.py
[2026-05-08T17:50:08.189+0100] {processor.py:830} INFO - Processing file /home/najma/airflow-venv/lib/python3.12/site-packages/airflow/example_dags/example_skip_dag.py for tasks to queue
[2026-05-08T17:50:08.191+0100] {logging_mixin.py:188} INFO - [2026-05-08T17:50:08.190+0100] {dagbag.py:540} INFO - Filling up the DagBag from /home/najma/airflow-venv/lib/python3.12/site-packages/airflow/example_dags/example_skip_dag.py
[2026-05-08T17:50:08.196+0100] {processor.py:840} INFO - DAG(s) 'example_skip_dag' retrieved from /home/najma/airflow-venv/lib/python3.12/site-packages/airflow/example_dags/example_skip_dag.py
[2026-05-08T17:50:08.229+0100] {logging_mixin.py:188} INFO - [2026-05-08T17:50:08.229+0100] {dag.py:3096} INFO - Sync 1 DAGs
[2026-05-08T17:50:08.258+0100] {logging_mixin.py:188} INFO - [2026-05-08T17:50:08.257+0100] {dag.py:3954} INFO - Setting next_dagrun for example_skip_dag to 2026-05-07 00:00:00+00:00, run_after=2026-05-08 00:00:00+00:00
[2026-05-08T17:50:08.346+0100] {processor.py:183} INFO - Processing /home/najma/airflow-venv/lib/python3.12/site-packages/airflow/example_dags/example_skip_dag.py took 0.163 seconds
[2026-05-08T17:51:20.964+0100] {processor.py:161} INFO - Started process (PID=10549) to work on /home/najma/airflow-venv/lib/python3.12/site-packages/airflow/example_dags/example_skip_dag.py
[2026-05-08T17:51:20.965+0100] {processor.py:830} INFO - Processing file /home/najma/airflow-venv/lib/python3.12/site-packages/airflow/example_dags/example_skip_dag.py for tasks to queue
[2026-05-08T17:51:20.971+0100] {logging_mixin.py:188} INFO - [2026-05-08T17:51:20.971+0100] {dagbag.py:540} INFO - Filling up the DagBag from /home/najma/airflow-venv/lib/python3.12/site-packages/airflow/example_dags/example_skip_dag.py
[2026-05-08T17:51:20.979+0100] {processor.py:840} INFO - DAG(s) 'example_skip_dag' retrieved from /home/najma/airflow-venv/lib/python3.12/site-packages/airflow/example_dags/example_skip_dag.py
[2026-05-08T17:51:21.023+0100] {logging_mixin.py:188} INFO - [2026-05-08T17:51:21.022+0100] {dag.py:3096} INFO - Sync 1 DAGs
[2026-05-08T17:51:21.060+0100] {logging_mixin.py:188} INFO - [2026-05-08T17:51:21.060+0100] {dag.py:3954} INFO - Setting next_dagrun for example_skip_dag to 2026-05-07 00:00:00+00:00, run_after=2026-05-08 00:00:00+00:00
[2026-05-08T17:51:21.186+0100] {processor.py:183} INFO - Processing /home/najma/airflow-venv/lib/python3.12/site-packages/airflow/example_dags/example_skip_dag.py took 0.227 seconds
[2026-05-08T17:52:45.181+0100] {processor.py:161} INFO - Started process (PID=10637) to work on /home/najma/airflow-venv/lib/python3.12/site-packages/airflow/example_dags/example_skip_dag.py
[2026-05-08T17:52:45.183+0100] {processor.py:830} INFO - Processing file /home/najma/airflow-venv/lib/python3.12/site-packages/airflow/example_dags/example_skip_dag.py for tasks to queue
[2026-05-08T17:52:45.185+0100] {logging_mixin.py:188} INFO - [2026-05-08T17:52:45.184+0100] {dagbag.py:540} INFO - Filling up the DagBag from /home/najma/airflow-venv/lib/python3.12/site-packages/airflow/example_dags/example_skip_dag.py
[2026-05-08T17:52:45.190+0100] {processor.py:840} INFO - DAG(s) 'example_skip_dag' retrieved from /home/najma/airflow-venv/lib/python3.12/site-packages/airflow/example_dags/example_skip_dag.py
[2026-05-08T17:52:45.219+0100] {logging_mixin.py:188} INFO - [2026-05-08T17:52:45.219+0100] {dag.py:3096} INFO - Sync 1 DAGs
[2026-05-08T17:52:45.245+0100] {logging_mixin.py:188} INFO - [2026-05-08T17:52:45.245+0100] {dag.py:3954} INFO - Setting next_dagrun for example_skip_dag to 2026-05-07 00:00:00+00:00, run_after=2026-05-08 00:00:00+00:00
[2026-05-08T17:52:45.333+0100] {processor.py:183} INFO - Processing /home/najma/airflow-venv/lib/python3.12/site-packages/airflow/example_dags/example_skip_dag.py took 0.156 seconds
[2026-05-08T17:53:53.640+0100] {processor.py:161} INFO - Started process (PID=10698) to work on /home/najma/airflow-venv/lib/python3.12/site-packages/airflow/example_dags/example_skip_dag.py
[2026-05-08T17:53:53.641+0100] {processor.py:830} INFO - Processing file /home/najma/airflow-venv/lib/python3.12/site-packages/airflow/example_dags/example_skip_dag.py for tasks to queue
[2026-05-08T17:53:53.644+0100] {logging_mixin.py:188} INFO - [2026-05-08T17:53:53.643+0100] {dagbag.py:540} INFO - Filling up the DagBag from /home/najma/airflow-venv/lib/python3.12/site-packages/airflow/example_dags/example_skip_dag.py
[2026-05-08T17:53:53.655+0100] {processor.py:840} INFO - DAG(s) 'example_skip_dag' retrieved from /home/najma/airflow-venv/lib/python3.12/site-packages/airflow/example_dags/example_skip_dag.py
[2026-05-08T17:53:53.682+0100] {logging_mixin.py:188} INFO - [2026-05-08T17:53:53.682+0100] {dag.py:3096} INFO - Sync 1 DAGs
[2026-05-08T17:53:53.708+0100] {logging_mixin.py:188} INFO - [2026-05-08T17:53:53.707+0100] {dag.py:3954} INFO - Setting next_dagrun for example_skip_dag to 2026-05-07 00:00:00+00:00, run_after=2026-05-08 00:00:00+00:00
[2026-05-08T17:53:53.790+0100] {processor.py:183} INFO - Processing /home/najma/airflow-venv/lib/python3.12/site-packages/airflow/example_dags/example_skip_dag.py took 0.154 seconds
[2026-05-08T17:54:59.648+0100] {processor.py:161} INFO - Started process (PID=10770) to work on /home/najma/airflow-venv/lib/python3.12/site-packages/airflow/example_dags/example_skip_dag.py
[2026-05-08T17:54:59.649+0100] {processor.py:830} INFO - Processing file /home/najma/airflow-venv/lib/python3.12/site-packages/airflow/example_dags/example_skip_dag.py for tasks to queue
[2026-05-08T17:54:59.651+0100] {logging_mixin.py:188} INFO - [2026-05-08T17:54:59.651+0100] {dagbag.py:540} INFO - Filling up the DagBag from /home/najma/airflow-venv/lib/python3.12/site-packages/airflow/example_dags/example_skip_dag.py
[2026-05-08T17:54:59.657+0100] {processor.py:840} INFO - DAG(s) 'example_skip_dag' retrieved from /home/najma/airflow-venv/lib/python3.12/site-packages/airflow/example_dags/example_skip_dag.py
[2026-05-08T17:54:59.685+0100] {logging_mixin.py:188} INFO - [2026-05-08T17:54:59.685+0100] {dag.py:3096} INFO - Sync 1 DAGs
[2026-05-08T17:54:59.710+0100] {logging_mixin.py:188} INFO - [2026-05-08T17:54:59.710+0100] {dag.py:3954} INFO - Setting next_dagrun for example_skip_dag to 2026-05-07 00:00:00+00:00, run_after=2026-05-08 00:00:00+00:00
[2026-05-08T17:54:59.806+0100] {processor.py:183} INFO - Processing /home/najma/airflow-venv/lib/python3.12/site-packages/airflow/example_dags/example_skip_dag.py took 0.161 seconds
[2026-05-08T17:56:06.072+0100] {processor.py:161} INFO - Started process (PID=10827) to work on /home/najma/airflow-venv/lib/python3.12/site-packages/airflow/example_dags/example_skip_dag.py
[2026-05-08T17:56:06.073+0100] {processor.py:830} INFO - Processing file /home/najma/airflow-venv/lib/python3.12/site-packages/airflow/example_dags/example_skip_dag.py for tasks to queue
[2026-05-08T17:56:06.075+0100] {logging_mixin.py:188} INFO - [2026-05-08T17:56:06.075+0100] {dagbag.py:540} INFO - Filling up the DagBag from /home/najma/airflow-venv/lib/python3.12/site-packages/airflow/example_dags/example_skip_dag.py
[2026-05-08T17:56:06.088+0100] {processor.py:840} INFO - DAG(s) 'example_skip_dag' retrieved from /home/najma/airflow-venv/lib/python3.12/site-packages/airflow/example_dags/example_skip_dag.py
[2026-05-08T17:56:06.122+0100] {logging_mixin.py:188} INFO - [2026-05-08T17:56:06.122+0100] {dag.py:3096} INFO - Sync 1 DAGs
[2026-05-08T17:56:06.177+0100] {logging_mixin.py:188} INFO - [2026-05-08T17:56:06.176+0100] {dag.py:3954} INFO - Setting next_dagrun for example_skip_dag to 2026-05-07 00:00:00+00:00, run_after=2026-05-08 00:00:00+00:00
[2026-05-08T17:56:06.269+0100] {processor.py:183} INFO - Processing /home/najma/airflow-venv/lib/python3.12/site-packages/airflow/example_dags/example_skip_dag.py took 0.201 seconds
[2026-05-08T17:57:22.639+0100] {processor.py:161} INFO - Started process (PID=10888) to work on /home/najma/airflow-venv/lib/python3.12/site-packages/airflow/example_dags/example_skip_dag.py
[2026-05-08T17:57:22.642+0100] {processor.py:830} INFO - Processing file /home/najma/airflow-venv/lib/python3.12/site-packages/airflow/example_dags/example_skip_dag.py for tasks to queue
[2026-05-08T17:57:22.645+0100] {logging_mixin.py:188} INFO - [2026-05-08T17:57:22.644+0100] {dagbag.py:540} INFO - Filling up the DagBag from /home/najma/airflow-venv/lib/python3.12/site-packages/airflow/example_dags/example_skip_dag.py
[2026-05-08T17:57:22.650+0100] {processor.py:840} INFO - DAG(s) 'example_skip_dag' retrieved from /home/najma/airflow-venv/lib/python3.12/site-packages/airflow/example_dags/example_skip_dag.py
[2026-05-08T17:57:22.679+0100] {logging_mixin.py:188} INFO - [2026-05-08T17:57:22.679+0100] {dag.py:3096} INFO - Sync 1 DAGs
[2026-05-08T17:57:22.705+0100] {logging_mixin.py:188} INFO - [2026-05-08T17:57:22.704+0100] {dag.py:3954} INFO - Setting next_dagrun for example_skip_dag to 2026-05-07 00:00:00+00:00, run_after=2026-05-08 00:00:00+00:00
[2026-05-08T17:57:22.781+0100] {processor.py:183} INFO - Processing /home/najma/airflow-venv/lib/python3.12/site-packages/airflow/example_dags/example_skip_dag.py took 0.145 seconds
[2026-05-08T17:58:32.398+0100] {processor.py:161} INFO - Started process (PID=10951) to work on /home/najma/airflow-venv/lib/python3.12/site-packages/airflow/example_dags/example_skip_dag.py
[2026-05-08T17:58:32.399+0100] {processor.py:830} INFO - Processing file /home/najma/airflow-venv/lib/python3.12/site-packages/airflow/example_dags/example_skip_dag.py for tasks to queue
[2026-05-08T17:58:32.401+0100] {logging_mixin.py:188} INFO - [2026-05-08T17:58:32.400+0100] {dagbag.py:540} INFO - Filling up the DagBag from /home/najma/airflow-venv/lib/python3.12/site-packages/airflow/example_dags/example_skip_dag.py
[2026-05-08T17:58:32.408+0100] {processor.py:840} INFO - DAG(s) 'example_skip_dag' retrieved from /home/najma/airflow-venv/lib/python3.12/site-packages/airflow/example_dags/example_skip_dag.py
[2026-05-08T17:58:32.436+0100] {logging_mixin.py:188} INFO - [2026-05-08T17:58:32.436+0100] {dag.py:3096} INFO - Sync 1 DAGs
[2026-05-08T17:58:32.462+0100] {logging_mixin.py:188} INFO - [2026-05-08T17:58:32.462+0100] {dag.py:3954} INFO - Setting next_dagrun for example_skip_dag to 2026-05-07 00:00:00+00:00, run_after=2026-05-08 00:00:00+00:00
[2026-05-08T17:58:32.547+0100] {processor.py:183} INFO - Processing /home/najma/airflow-venv/lib/python3.12/site-packages/airflow/example_dags/example_skip_dag.py took 0.152 seconds
[2026-05-08T17:59:38.519+0100] {processor.py:161} INFO - Started process (PID=11009) to work on /home/najma/airflow-venv/lib/python3.12/site-packages/airflow/example_dags/example_skip_dag.py
[2026-05-08T17:59:38.520+0100] {processor.py:830} INFO - Processing file /home/najma/airflow-venv/lib/python3.12/site-packages/airflow/example_dags/example_skip_dag.py for tasks to queue
[2026-05-08T17:59:38.522+0100] {logging_mixin.py:188} INFO - [2026-05-08T17:59:38.522+0100] {dagbag.py:540} INFO - Filling up the DagBag from /home/najma/airflow-venv/lib/python3.12/site-packages/airflow/example_dags/example_skip_dag.py
[2026-05-08T17:59:38.528+0100] {processor.py:840} INFO - DAG(s) 'example_skip_dag' retrieved from /home/najma/airflow-venv/lib/python3.12/site-packages/airflow/example_dags/example_skip_dag.py
[2026-05-08T17:59:38.555+0100] {logging_mixin.py:188} INFO - [2026-05-08T17:59:38.555+0100] {dag.py:3096} INFO - Sync 1 DAGs
[2026-05-08T17:59:38.580+0100] {logging_mixin.py:188} INFO - [2026-05-08T17:59:38.580+0100] {dag.py:3954} INFO - Setting next_dagrun for example_skip_dag to 2026-05-07 00:00:00+00:00, run_after=2026-05-08 00:00:00+00:00
[2026-05-08T17:59:38.654+0100] {processor.py:183} INFO - Processing /home/najma/airflow-venv/lib/python3.12/site-packages/airflow/example_dags/example_skip_dag.py took 0.139 seconds
[2026-05-08T18:00:49.922+0100] {processor.py:161} INFO - Started process (PID=11072) to work on /home/najma/airflow-venv/lib/python3.12/site-packages/airflow/example_dags/example_skip_dag.py
[2026-05-08T18:00:49.923+0100] {processor.py:830} INFO - Processing file /home/najma/airflow-venv/lib/python3.12/site-packages/airflow/example_dags/example_skip_dag.py for tasks to queue
[2026-05-08T18:00:49.925+0100] {logging_mixin.py:188} INFO - [2026-05-08T18:00:49.924+0100] {dagbag.py:540} INFO - Filling up the DagBag from /home/najma/airflow-venv/lib/python3.12/site-packages/airflow/example_dags/example_skip_dag.py
[2026-05-08T18:00:49.934+0100] {processor.py:840} INFO - DAG(s) 'example_skip_dag' retrieved from /home/najma/airflow-venv/lib/python3.12/site-packages/airflow/example_dags/example_skip_dag.py
[2026-05-08T18:00:49.958+0100] {logging_mixin.py:188} INFO - [2026-05-08T18:00:49.958+0100] {dag.py:3096} INFO - Sync 1 DAGs
[2026-05-08T18:00:49.981+0100] {logging_mixin.py:188} INFO - [2026-05-08T18:00:49.981+0100] {dag.py:3954} INFO - Setting next_dagrun for example_skip_dag to 2026-05-07 00:00:00+00:00, run_after=2026-05-08 00:00:00+00:00
[2026-05-08T18:00:50.079+0100] {processor.py:183} INFO - Processing /home/najma/airflow-venv/lib/python3.12/site-packages/airflow/example_dags/example_skip_dag.py took 0.161 seconds
[2026-05-08T18:01:53.285+0100] {processor.py:161} INFO - Started process (PID=11129) to work on /home/najma/airflow-venv/lib/python3.12/site-packages/airflow/example_dags/example_skip_dag.py
[2026-05-08T18:01:53.286+0100] {processor.py:830} INFO - Processing file /home/najma/airflow-venv/lib/python3.12/site-packages/airflow/example_dags/example_skip_dag.py for tasks to queue
[2026-05-08T18:01:53.288+0100] {logging_mixin.py:188} INFO - [2026-05-08T18:01:53.287+0100] {dagbag.py:540} INFO - Filling up the DagBag from /home/najma/airflow-venv/lib/python3.12/site-packages/airflow/example_dags/example_skip_dag.py
[2026-05-08T18:01:53.293+0100] {processor.py:840} INFO - DAG(s) 'example_skip_dag' retrieved from /home/najma/airflow-venv/lib/python3.12/site-packages/airflow/example_dags/example_skip_dag.py
[2026-05-08T18:01:53.320+0100] {logging_mixin.py:188} INFO - [2026-05-08T18:01:53.320+0100] {dag.py:3096} INFO - Sync 1 DAGs
[2026-05-08T18:01:53.344+0100] {logging_mixin.py:188} INFO - [2026-05-08T18:01:53.344+0100] {dag.py:3954} INFO - Setting next_dagrun for example_skip_dag to 2026-05-07 00:00:00+00:00, run_after=2026-05-08 00:00:00+00:00
[2026-05-08T18:01:53.453+0100] {processor.py:183} INFO - Processing /home/najma/airflow-venv/lib/python3.12/site-packages/airflow/example_dags/example_skip_dag.py took 0.172 seconds
[2026-05-08T18:02:56.547+0100] {processor.py:161} INFO - Started process (PID=11187) to work on /home/najma/airflow-venv/lib/python3.12/site-packages/airflow/example_dags/example_skip_dag.py
[2026-05-08T18:02:56.548+0100] {processor.py:830} INFO - Processing file /home/najma/airflow-venv/lib/python3.12/site-packages/airflow/example_dags/example_skip_dag.py for tasks to queue
[2026-05-08T18:02:56.550+0100] {logging_mixin.py:188} INFO - [2026-05-08T18:02:56.549+0100] {dagbag.py:540} INFO - Filling up the DagBag from /home/najma/airflow-venv/lib/python3.12/site-packages/airflow/example_dags/example_skip_dag.py
[2026-05-08T18:02:56.554+0100] {processor.py:840} INFO - DAG(s) 'example_skip_dag' retrieved from /home/najma/airflow-venv/lib/python3.12/site-packages/airflow/example_dags/example_skip_dag.py
[2026-05-08T18:02:56.583+0100] {logging_mixin.py:188} INFO - [2026-05-08T18:02:56.583+0100] {dag.py:3096} INFO - Sync 1 DAGs
[2026-05-08T18:02:56.608+0100] {logging_mixin.py:188} INFO - [2026-05-08T18:02:56.608+0100] {dag.py:3954} INFO - Setting next_dagrun for example_skip_dag to 2026-05-07 00:00:00+00:00, run_after=2026-05-08 00:00:00+00:00
[2026-05-08T18:02:56.702+0100] {processor.py:183} INFO - Processing /home/najma/airflow-venv/lib/python3.12/site-packages/airflow/example_dags/example_skip_dag.py took 0.158 seconds
[2026-05-08T18:04:04.864+0100] {processor.py:161} INFO - Started process (PID=11245) to work on /home/najma/airflow-venv/lib/python3.12/site-packages/airflow/example_dags/example_skip_dag.py
[2026-05-08T18:04:04.865+0100] {processor.py:830} INFO - Processing file /home/najma/airflow-venv/lib/python3.12/site-packages/airflow/example_dags/example_skip_dag.py for tasks to queue
[2026-05-08T18:04:04.866+0100] {logging_mixin.py:188} INFO - [2026-05-08T18:04:04.866+0100] {dagbag.py:540} INFO - Filling up the DagBag from /home/najma/airflow-venv/lib/python3.12/site-packages/airflow/example_dags/example_skip_dag.py
[2026-05-08T18:04:04.876+0100] {processor.py:840} INFO - DAG(s) 'example_skip_dag' retrieved from /home/najma/airflow-venv/lib/python3.12/site-packages/airflow/example_dags/example_skip_dag.py
[2026-05-08T18:04:04.905+0100] {logging_mixin.py:188} INFO - [2026-05-08T18:04:04.905+0100] {dag.py:3096} INFO - Sync 1 DAGs
[2026-05-08T18:04:04.928+0100] {logging_mixin.py:188} INFO - [2026-05-08T18:04:04.928+0100] {dag.py:3954} INFO - Setting next_dagrun for example_skip_dag to 2026-05-07 00:00:00+00:00, run_after=2026-05-08 00:00:00+00:00
[2026-05-08T18:04:05.025+0100] {processor.py:183} INFO - Processing /home/najma/airflow-venv/lib/python3.12/site-packages/airflow/example_dags/example_skip_dag.py took 0.165 seconds
[2026-05-08T18:05:12.093+0100] {processor.py:161} INFO - Started process (PID=11305) to work on /home/najma/airflow-venv/lib/python3.12/site-packages/airflow/example_dags/example_skip_dag.py
[2026-05-08T18:05:12.094+0100] {processor.py:830} INFO - Processing file /home/najma/airflow-venv/lib/python3.12/site-packages/airflow/example_dags/example_skip_dag.py for tasks to queue
[2026-05-08T18:05:12.096+0100] {logging_mixin.py:188} INFO - [2026-05-08T18:05:12.096+0100] {dagbag.py:540} INFO - Filling up the DagBag from /home/najma/airflow-venv/lib/python3.12/site-packages/airflow/example_dags/example_skip_dag.py
[2026-05-08T18:05:12.101+0100] {processor.py:840} INFO - DAG(s) 'example_skip_dag' retrieved from /home/najma/airflow-venv/lib/python3.12/site-packages/airflow/example_dags/example_skip_dag.py
[2026-05-08T18:05:12.129+0100] {logging_mixin.py:188} INFO - [2026-05-08T18:05:12.128+0100] {dag.py:3096} INFO - Sync 1 DAGs
[2026-05-08T18:05:12.153+0100] {logging_mixin.py:188} INFO - [2026-05-08T18:05:12.152+0100] {dag.py:3954} INFO - Setting next_dagrun for example_skip_dag to 2026-05-07 00:00:00+00:00, run_after=2026-05-08 00:00:00+00:00
[2026-05-08T18:05:12.313+0100] {processor.py:183} INFO - Processing /home/najma/airflow-venv/lib/python3.12/site-packages/airflow/example_dags/example_skip_dag.py took 0.224 seconds
[2026-05-08T18:06:18.056+0100] {processor.py:161} INFO - Started process (PID=11364) to work on /home/najma/airflow-venv/lib/python3.12/site-packages/airflow/example_dags/example_skip_dag.py
[2026-05-08T18:06:18.057+0100] {processor.py:830} INFO - Processing file /home/najma/airflow-venv/lib/python3.12/site-packages/airflow/example_dags/example_skip_dag.py for tasks to queue
[2026-05-08T18:06:18.059+0100] {logging_mixin.py:188} INFO - [2026-05-08T18:06:18.058+0100] {dagbag.py:540} INFO - Filling up the DagBag from /home/najma/airflow-venv/lib/python3.12/site-packages/airflow/example_dags/example_skip_dag.py
[2026-05-08T18:06:18.063+0100] {processor.py:840} INFO - DAG(s) 'example_skip_dag' retrieved from /home/najma/airflow-venv/lib/python3.12/site-packages/airflow/example_dags/example_skip_dag.py
[2026-05-08T18:06:18.091+0100] {logging_mixin.py:188} INFO - [2026-05-08T18:06:18.091+0100] {dag.py:3096} INFO - Sync 1 DAGs
[2026-05-08T18:06:18.196+0100] {logging_mixin.py:188} INFO - [2026-05-08T18:06:18.196+0100] {dag.py:3954} INFO - Setting next_dagrun for example_skip_dag to 2026-05-07 00:00:00+00:00, run_after=2026-05-08 00:00:00+00:00
[2026-05-08T18:06:18.293+0100] {processor.py:183} INFO - Processing /home/najma/airflow-venv/lib/python3.12/site-packages/airflow/example_dags/example_skip_dag.py took 0.240 seconds
[2026-05-08T18:07:21.949+0100] {processor.py:161} INFO - Started process (PID=11420) to work on /home/najma/airflow-venv/lib/python3.12/site-packages/airflow/example_dags/example_skip_dag.py
[2026-05-08T18:07:21.950+0100] {processor.py:830} INFO - Processing file /home/najma/airflow-venv/lib/python3.12/site-packages/airflow/example_dags/example_skip_dag.py for tasks to queue
[2026-05-08T18:07:21.952+0100] {logging_mixin.py:188} INFO - [2026-05-08T18:07:21.951+0100] {dagbag.py:540} INFO - Filling up the DagBag from /home/najma/airflow-venv/lib/python3.12/site-packages/airflow/example_dags/example_skip_dag.py
[2026-05-08T18:07:21.957+0100] {processor.py:840} INFO - DAG(s) 'example_skip_dag' retrieved from /home/najma/airflow-venv/lib/python3.12/site-packages/airflow/example_dags/example_skip_dag.py
[2026-05-08T18:07:21.984+0100] {logging_mixin.py:188} INFO - [2026-05-08T18:07:21.983+0100] {dag.py:3096} INFO - Sync 1 DAGs
[2026-05-08T18:07:22.007+0100] {logging_mixin.py:188} INFO - [2026-05-08T18:07:22.007+0100] {dag.py:3954} INFO - Setting next_dagrun for example_skip_dag to 2026-05-07 00:00:00+00:00, run_after=2026-05-08 00:00:00+00:00
[2026-05-08T18:07:22.091+0100] {processor.py:183} INFO - Processing /home/najma/airflow-venv/lib/python3.12/site-packages/airflow/example_dags/example_skip_dag.py took 0.146 seconds
[2026-05-08T18:08:24.489+0100] {processor.py:161} INFO - Started process (PID=11478) to work on /home/najma/airflow-venv/lib/python3.12/site-packages/airflow/example_dags/example_skip_dag.py
[2026-05-08T18:08:24.491+0100] {processor.py:830} INFO - Processing file /home/najma/airflow-venv/lib/python3.12/site-packages/airflow/example_dags/example_skip_dag.py for tasks to queue
[2026-05-08T18:08:24.493+0100] {logging_mixin.py:188} INFO - [2026-05-08T18:08:24.492+0100] {dagbag.py:540} INFO - Filling up the DagBag from /home/najma/airflow-venv/lib/python3.12/site-packages/airflow/example_dags/example_skip_dag.py
[2026-05-08T18:08:24.498+0100] {processor.py:840} INFO - DAG(s) 'example_skip_dag' retrieved from /home/najma/airflow-venv/lib/python3.12/site-packages/airflow/example_dags/example_skip_dag.py
[2026-05-08T18:08:24.528+0100] {logging_mixin.py:188} INFO - [2026-05-08T18:08:24.527+0100] {dag.py:3096} INFO - Sync 1 DAGs
[2026-05-08T18:08:24.553+0100] {logging_mixin.py:188} INFO - [2026-05-08T18:08:24.553+0100] {dag.py:3954} INFO - Setting next_dagrun for example_skip_dag to 2026-05-07 00:00:00+00:00, run_after=2026-05-08 00:00:00+00:00
[2026-05-08T18:08:24.647+0100] {processor.py:183} INFO - Processing /home/najma/airflow-venv/lib/python3.12/site-packages/airflow/example_dags/example_skip_dag.py took 0.161 seconds
[2026-05-08T18:09:30.810+0100] {processor.py:161} INFO - Started process (PID=11536) to work on /home/najma/airflow-venv/lib/python3.12/site-packages/airflow/example_dags/example_skip_dag.py
[2026-05-08T18:09:30.811+0100] {processor.py:830} INFO - Processing file /home/najma/airflow-venv/lib/python3.12/site-packages/airflow/example_dags/example_skip_dag.py for tasks to queue
[2026-05-08T18:09:30.813+0100] {logging_mixin.py:188} INFO - [2026-05-08T18:09:30.812+0100] {dagbag.py:540} INFO - Filling up the DagBag from /home/najma/airflow-venv/lib/python3.12/site-packages/airflow/example_dags/example_skip_dag.py
[2026-05-08T18:09:30.818+0100] {processor.py:840} INFO - DAG(s) 'example_skip_dag' retrieved from /home/najma/airflow-venv/lib/python3.12/site-packages/airflow/example_dags/example_skip_dag.py
[2026-05-08T18:09:30.844+0100] {logging_mixin.py:188} INFO - [2026-05-08T18:09:30.844+0100] {dag.py:3096} INFO - Sync 1 DAGs
[2026-05-08T18:09:30.868+0100] {logging_mixin.py:188} INFO - [2026-05-08T18:09:30.868+0100] {dag.py:3954} INFO - Setting next_dagrun for example_skip_dag to 2026-05-07 00:00:00+00:00, run_after=2026-05-08 00:00:00+00:00
[2026-05-08T18:09:30.957+0100] {processor.py:183} INFO - Processing /home/najma/airflow-venv/lib/python3.12/site-packages/airflow/example_dags/example_skip_dag.py took 0.150 seconds
[2026-05-08T18:10:30.954+0100] {processor.py:161} INFO - Started process (PID=11591) to work on /home/najma/airflow-venv/lib/python3.12/site-packages/airflow/example_dags/example_skip_dag.py
[2026-05-08T18:10:30.955+0100] {processor.py:830} INFO - Processing file /home/najma/airflow-venv/lib/python3.12/site-packages/airflow/example_dags/example_skip_dag.py for tasks to queue
[2026-05-08T18:10:30.957+0100] {logging_mixin.py:188} INFO - [2026-05-08T18:10:30.957+0100] {dagbag.py:540} INFO - Filling up the DagBag from /home/najma/airflow-venv/lib/python3.12/site-packages/airflow/example_dags/example_skip_dag.py
[2026-05-08T18:10:30.962+0100] {processor.py:840} INFO - DAG(s) 'example_skip_dag' retrieved from /home/najma/airflow-venv/lib/python3.12/site-packages/airflow/example_dags/example_skip_dag.py
[2026-05-08T18:10:30.989+0100] {logging_mixin.py:188} INFO - [2026-05-08T18:10:30.989+0100] {dag.py:3096} INFO - Sync 1 DAGs
[2026-05-08T18:10:31.016+0100] {logging_mixin.py:188} INFO - [2026-05-08T18:10:31.016+0100] {dag.py:3954} INFO - Setting next_dagrun for example_skip_dag to 2026-05-07 00:00:00+00:00, run_after=2026-05-08 00:00:00+00:00
[2026-05-08T18:10:31.100+0100] {processor.py:183} INFO - Processing /home/najma/airflow-venv/lib/python3.12/site-packages/airflow/example_dags/example_skip_dag.py took 0.149 seconds
[2026-05-08T18:11:39.084+0100] {processor.py:161} INFO - Started process (PID=11647) to work on /home/najma/airflow-venv/lib/python3.12/site-packages/airflow/example_dags/example_skip_dag.py
[2026-05-08T18:11:39.085+0100] {processor.py:830} INFO - Processing file /home/najma/airflow-venv/lib/python3.12/site-packages/airflow/example_dags/example_skip_dag.py for tasks to queue
[2026-05-08T18:11:39.087+0100] {logging_mixin.py:188} INFO - [2026-05-08T18:11:39.086+0100] {dagbag.py:540} INFO - Filling up the DagBag from /home/najma/airflow-venv/lib/python3.12/site-packages/airflow/example_dags/example_skip_dag.py
[2026-05-08T18:11:39.092+0100] {processor.py:840} INFO - DAG(s) 'example_skip_dag' retrieved from /home/najma/airflow-venv/lib/python3.12/site-packages/airflow/example_dags/example_skip_dag.py
[2026-05-08T18:11:39.119+0100] {logging_mixin.py:188} INFO - [2026-05-08T18:11:39.119+0100] {dag.py:3096} INFO - Sync 1 DAGs
[2026-05-08T18:11:39.143+0100] {logging_mixin.py:188} INFO - [2026-05-08T18:11:39.143+0100] {dag.py:3954} INFO - Setting next_dagrun for example_skip_dag to 2026-05-07 00:00:00+00:00, run_after=2026-05-08 00:00:00+00:00
[2026-05-08T18:11:39.222+0100] {processor.py:183} INFO - Processing /home/najma/airflow-venv/lib/python3.12/site-packages/airflow/example_dags/example_skip_dag.py took 0.142 seconds
[2026-05-08T18:12:49.939+0100] {processor.py:161} INFO - Started process (PID=11705) to work on /home/najma/airflow-venv/lib/python3.12/site-packages/airflow/example_dags/example_skip_dag.py
[2026-05-08T18:12:49.940+0100] {processor.py:830} INFO - Processing file /home/najma/airflow-venv/lib/python3.12/site-packages/airflow/example_dags/example_skip_dag.py for tasks to queue
[2026-05-08T18:12:49.942+0100] {logging_mixin.py:188} INFO - [2026-05-08T18:12:49.941+0100] {dagbag.py:540} INFO - Filling up the DagBag from /home/najma/airflow-venv/lib/python3.12/site-packages/airflow/example_dags/example_skip_dag.py
[2026-05-08T18:12:49.948+0100] {processor.py:840} INFO - DAG(s) 'example_skip_dag' retrieved from /home/najma/airflow-venv/lib/python3.12/site-packages/airflow/example_dags/example_skip_dag.py
[2026-05-08T18:12:49.982+0100] {logging_mixin.py:188} INFO - [2026-05-08T18:12:49.981+0100] {dag.py:3096} INFO - Sync 1 DAGs
[2026-05-08T18:12:50.030+0100] {logging_mixin.py:188} INFO - [2026-05-08T18:12:50.030+0100] {dag.py:3954} INFO - Setting next_dagrun for example_skip_dag to 2026-05-07 00:00:00+00:00, run_after=2026-05-08 00:00:00+00:00
[2026-05-08T18:12:50.233+0100] {processor.py:183} INFO - Processing /home/najma/airflow-venv/lib/python3.12/site-packages/airflow/example_dags/example_skip_dag.py took 0.298 seconds
[2026-05-08T18:13:40.429+0100] {processor.py:161} INFO - Started process (PID=11738) to work on /home/najma/airflow-venv/lib/python3.12/site-packages/airflow/example_dags/example_skip_dag.py
[2026-05-08T18:13:40.443+0100] {processor.py:830} INFO - Processing file /home/najma/airflow-venv/lib/python3.12/site-packages/airflow/example_dags/example_skip_dag.py for tasks to queue
[2026-05-08T18:13:40.445+0100] {logging_mixin.py:188} INFO - [2026-05-08T18:13:40.445+0100] {dagbag.py:540} INFO - Filling up the DagBag from /home/najma/airflow-venv/lib/python3.12/site-packages/airflow/example_dags/example_skip_dag.py
[2026-05-08T18:13:40.452+0100] {processor.py:840} INFO - DAG(s) 'example_skip_dag' retrieved from /home/najma/airflow-venv/lib/python3.12/site-packages/airflow/example_dags/example_skip_dag.py
[2026-05-08T18:13:40.482+0100] {logging_mixin.py:188} INFO - [2026-05-08T18:13:40.482+0100] {dag.py:3096} INFO - Sync 1 DAGs
[2026-05-08T18:13:40.509+0100] {logging_mixin.py:188} INFO - [2026-05-08T18:13:40.508+0100] {dag.py:3954} INFO - Setting next_dagrun for example_skip_dag to 2026-05-07 00:00:00+00:00, run_after=2026-05-08 00:00:00+00:00
[2026-05-08T18:13:40.594+0100] {processor.py:183} INFO - Processing /home/najma/airflow-venv/lib/python3.12/site-packages/airflow/example_dags/example_skip_dag.py took 0.169 seconds
[2026-05-08T18:14:52.857+0100] {processor.py:161} INFO - Started process (PID=11807) to work on /home/najma/airflow-venv/lib/python3.12/site-packages/airflow/example_dags/example_skip_dag.py
[2026-05-08T18:14:52.858+0100] {processor.py:830} INFO - Processing file /home/najma/airflow-venv/lib/python3.12/site-packages/airflow/example_dags/example_skip_dag.py for tasks to queue
[2026-05-08T18:14:52.860+0100] {logging_mixin.py:188} INFO - [2026-05-08T18:14:52.860+0100] {dagbag.py:540} INFO - Filling up the DagBag from /home/najma/airflow-venv/lib/python3.12/site-packages/airflow/example_dags/example_skip_dag.py
[2026-05-08T18:14:52.874+0100] {processor.py:840} INFO - DAG(s) 'example_skip_dag' retrieved from /home/najma/airflow-venv/lib/python3.12/site-packages/airflow/example_dags/example_skip_dag.py
[2026-05-08T18:14:52.909+0100] {logging_mixin.py:188} INFO - [2026-05-08T18:14:52.909+0100] {dag.py:3096} INFO - Sync 1 DAGs
[2026-05-08T18:14:52.935+0100] {logging_mixin.py:188} INFO - [2026-05-08T18:14:52.935+0100] {dag.py:3954} INFO - Setting next_dagrun for example_skip_dag to 2026-05-07 00:00:00+00:00, run_after=2026-05-08 00:00:00+00:00
[2026-05-08T18:14:53.019+0100] {processor.py:183} INFO - Processing /home/najma/airflow-venv/lib/python3.12/site-packages/airflow/example_dags/example_skip_dag.py took 0.166 seconds
[2026-05-08T18:15:40.599+0100] {processor.py:161} INFO - Started process (PID=11844) to work on /home/najma/airflow-venv/lib/python3.12/site-packages/airflow/example_dags/example_skip_dag.py
[2026-05-08T18:15:40.601+0100] {processor.py:830} INFO - Processing file /home/najma/airflow-venv/lib/python3.12/site-packages/airflow/example_dags/example_skip_dag.py for tasks to queue
[2026-05-08T18:15:40.602+0100] {logging_mixin.py:188} INFO - [2026-05-08T18:15:40.602+0100] {dagbag.py:540} INFO - Filling up the DagBag from /home/najma/airflow-venv/lib/python3.12/site-packages/airflow/example_dags/example_skip_dag.py
[2026-05-08T18:15:40.608+0100] {processor.py:840} INFO - DAG(s) 'example_skip_dag' retrieved from /home/najma/airflow-venv/lib/python3.12/site-packages/airflow/example_dags/example_skip_dag.py
[2026-05-08T18:15:40.636+0100] {logging_mixin.py:188} INFO - [2026-05-08T18:15:40.636+0100] {dag.py:3096} INFO - Sync 1 DAGs
[2026-05-08T18:15:40.667+0100] {logging_mixin.py:188} INFO - [2026-05-08T18:15:40.667+0100] {dag.py:3954} INFO - Setting next_dagrun for example_skip_dag to 2026-05-07 00:00:00+00:00, run_after=2026-05-08 00:00:00+00:00
[2026-05-08T18:15:40.752+0100] {processor.py:183} INFO - Processing /home/najma/airflow-venv/lib/python3.12/site-packages/airflow/example_dags/example_skip_dag.py took 0.156 seconds
[2026-05-08T18:16:50.454+0100] {processor.py:161} INFO - Started process (PID=11901) to work on /home/najma/airflow-venv/lib/python3.12/site-packages/airflow/example_dags/example_skip_dag.py
[2026-05-08T18:16:50.456+0100] {processor.py:830} INFO - Processing file /home/najma/airflow-venv/lib/python3.12/site-packages/airflow/example_dags/example_skip_dag.py for tasks to queue
[2026-05-08T18:16:50.458+0100] {logging_mixin.py:188} INFO - [2026-05-08T18:16:50.458+0100] {dagbag.py:540} INFO - Filling up the DagBag from /home/najma/airflow-venv/lib/python3.12/site-packages/airflow/example_dags/example_skip_dag.py
[2026-05-08T18:16:50.464+0100] {processor.py:840} INFO - DAG(s) 'example_skip_dag' retrieved from /home/najma/airflow-venv/lib/python3.12/site-packages/airflow/example_dags/example_skip_dag.py
[2026-05-08T18:16:50.493+0100] {logging_mixin.py:188} INFO - [2026-05-08T18:16:50.493+0100] {dag.py:3096} INFO - Sync 1 DAGs
[2026-05-08T18:16:50.526+0100] {logging_mixin.py:188} INFO - [2026-05-08T18:16:50.526+0100] {dag.py:3954} INFO - Setting next_dagrun for example_skip_dag to 2026-05-07 00:00:00+00:00, run_after=2026-05-08 00:00:00+00:00
[2026-05-08T18:16:50.634+0100] {processor.py:183} INFO - Processing /home/najma/airflow-venv/lib/python3.12/site-packages/airflow/example_dags/example_skip_dag.py took 0.184 seconds
[2026-05-08T18:17:59.377+0100] {processor.py:161} INFO - Started process (PID=11961) to work on /home/najma/airflow-venv/lib/python3.12/site-packages/airflow/example_dags/example_skip_dag.py
[2026-05-08T18:17:59.378+0100] {processor.py:830} INFO - Processing file /home/najma/airflow-venv/lib/python3.12/site-packages/airflow/example_dags/example_skip_dag.py for tasks to queue
[2026-05-08T18:17:59.380+0100] {logging_mixin.py:188} INFO - [2026-05-08T18:17:59.379+0100] {dagbag.py:540} INFO - Filling up the DagBag from /home/najma/airflow-venv/lib/python3.12/site-packages/airflow/example_dags/example_skip_dag.py
[2026-05-08T18:17:59.390+0100] {processor.py:840} INFO - DAG(s) 'example_skip_dag' retrieved from /home/najma/airflow-venv/lib/python3.12/site-packages/airflow/example_dags/example_skip_dag.py
[2026-05-08T18:17:59.449+0100] {logging_mixin.py:188} INFO - [2026-05-08T18:17:59.448+0100] {dag.py:3096} INFO - Sync 1 DAGs
[2026-05-08T18:17:59.509+0100] {logging_mixin.py:188} INFO - [2026-05-08T18:17:59.508+0100] {dag.py:3954} INFO - Setting next_dagrun for example_skip_dag to 2026-05-07 00:00:00+00:00, run_after=2026-05-08 00:00:00+00:00
[2026-05-08T18:17:59.632+0100] {processor.py:183} INFO - Processing /home/najma/airflow-venv/lib/python3.12/site-packages/airflow/example_dags/example_skip_dag.py took 0.259 seconds
[2026-05-08T18:19:11.767+0100] {processor.py:161} INFO - Started process (PID=12018) to work on /home/najma/airflow-venv/lib/python3.12/site-packages/airflow/example_dags/example_skip_dag.py
[2026-05-08T18:19:11.768+0100] {processor.py:830} INFO - Processing file /home/najma/airflow-venv/lib/python3.12/site-packages/airflow/example_dags/example_skip_dag.py for tasks to queue
[2026-05-08T18:19:11.770+0100] {logging_mixin.py:188} INFO - [2026-05-08T18:19:11.769+0100] {dagbag.py:540} INFO - Filling up the DagBag from /home/najma/airflow-venv/lib/python3.12/site-packages/airflow/example_dags/example_skip_dag.py
[2026-05-08T18:19:11.777+0100] {processor.py:840} INFO - DAG(s) 'example_skip_dag' retrieved from /home/najma/airflow-venv/lib/python3.12/site-packages/airflow/example_dags/example_skip_dag.py
[2026-05-08T18:19:11.804+0100] {logging_mixin.py:188} INFO - [2026-05-08T18:19:11.804+0100] {dag.py:3096} INFO - Sync 1 DAGs
[2026-05-08T18:19:11.831+0100] {logging_mixin.py:188} INFO - [2026-05-08T18:19:11.831+0100] {dag.py:3954} INFO - Setting next_dagrun for example_skip_dag to 2026-05-07 00:00:00+00:00, run_after=2026-05-08 00:00:00+00:00
[2026-05-08T18:19:11.917+0100] {processor.py:183} INFO - Processing /home/najma/airflow-venv/lib/python3.12/site-packages/airflow/example_dags/example_skip_dag.py took 0.154 seconds
[2026-05-08T18:20:19.830+0100] {processor.py:161} INFO - Started process (PID=12075) to work on /home/najma/airflow-venv/lib/python3.12/site-packages/airflow/example_dags/example_skip_dag.py
[2026-05-08T18:20:19.831+0100] {processor.py:830} INFO - Processing file /home/najma/airflow-venv/lib/python3.12/site-packages/airflow/example_dags/example_skip_dag.py for tasks to queue
[2026-05-08T18:20:19.833+0100] {logging_mixin.py:188} INFO - [2026-05-08T18:20:19.832+0100] {dagbag.py:540} INFO - Filling up the DagBag from /home/najma/airflow-venv/lib/python3.12/site-packages/airflow/example_dags/example_skip_dag.py
[2026-05-08T18:20:19.838+0100] {processor.py:840} INFO - DAG(s) 'example_skip_dag' retrieved from /home/najma/airflow-venv/lib/python3.12/site-packages/airflow/example_dags/example_skip_dag.py
[2026-05-08T18:20:19.868+0100] {logging_mixin.py:188} INFO - [2026-05-08T18:20:19.868+0100] {dag.py:3096} INFO - Sync 1 DAGs
[2026-05-08T18:20:19.895+0100] {logging_mixin.py:188} INFO - [2026-05-08T18:20:19.894+0100] {dag.py:3954} INFO - Setting next_dagrun for example_skip_dag to 2026-05-07 00:00:00+00:00, run_after=2026-05-08 00:00:00+00:00
[2026-05-08T18:20:19.974+0100] {processor.py:183} INFO - Processing /home/najma/airflow-venv/lib/python3.12/site-packages/airflow/example_dags/example_skip_dag.py took 0.148 seconds
[2026-05-08T18:21:32.053+0100] {processor.py:161} INFO - Started process (PID=12133) to work on /home/najma/airflow-venv/lib/python3.12/site-packages/airflow/example_dags/example_skip_dag.py
[2026-05-08T18:21:32.054+0100] {processor.py:830} INFO - Processing file /home/najma/airflow-venv/lib/python3.12/site-packages/airflow/example_dags/example_skip_dag.py for tasks to queue
[2026-05-08T18:21:32.056+0100] {logging_mixin.py:188} INFO - [2026-05-08T18:21:32.056+0100] {dagbag.py:540} INFO - Filling up the DagBag from /home/najma/airflow-venv/lib/python3.12/site-packages/airflow/example_dags/example_skip_dag.py
[2026-05-08T18:21:32.062+0100] {processor.py:840} INFO - DAG(s) 'example_skip_dag' retrieved from /home/najma/airflow-venv/lib/python3.12/site-packages/airflow/example_dags/example_skip_dag.py
[2026-05-08T18:21:32.092+0100] {logging_mixin.py:188} INFO - [2026-05-08T18:21:32.091+0100] {dag.py:3096} INFO - Sync 1 DAGs
[2026-05-08T18:21:32.124+0100] {logging_mixin.py:188} INFO - [2026-05-08T18:21:32.123+0100] {dag.py:3954} INFO - Setting next_dagrun for example_skip_dag to 2026-05-07 00:00:00+00:00, run_after=2026-05-08 00:00:00+00:00
[2026-05-08T18:21:32.240+0100] {processor.py:183} INFO - Processing /home/najma/airflow-venv/lib/python3.12/site-packages/airflow/example_dags/example_skip_dag.py took 0.192 seconds
[2026-05-08T18:22:42.796+0100] {processor.py:161} INFO - Started process (PID=12191) to work on /home/najma/airflow-venv/lib/python3.12/site-packages/airflow/example_dags/example_skip_dag.py
[2026-05-08T18:22:42.798+0100] {processor.py:830} INFO - Processing file /home/najma/airflow-venv/lib/python3.12/site-packages/airflow/example_dags/example_skip_dag.py for tasks to queue
[2026-05-08T18:22:42.799+0100] {logging_mixin.py:188} INFO - [2026-05-08T18:22:42.799+0100] {dagbag.py:540} INFO - Filling up the DagBag from /home/najma/airflow-venv/lib/python3.12/site-packages/airflow/example_dags/example_skip_dag.py
[2026-05-08T18:22:42.804+0100] {processor.py:840} INFO - DAG(s) 'example_skip_dag' retrieved from /home/najma/airflow-venv/lib/python3.12/site-packages/airflow/example_dags/example_skip_dag.py
[2026-05-08T18:22:42.832+0100] {logging_mixin.py:188} INFO - [2026-05-08T18:22:42.831+0100] {dag.py:3096} INFO - Sync 1 DAGs
[2026-05-08T18:22:42.856+0100] {logging_mixin.py:188} INFO - [2026-05-08T18:22:42.856+0100] {dag.py:3954} INFO - Setting next_dagrun for example_skip_dag to 2026-05-07 00:00:00+00:00, run_after=2026-05-08 00:00:00+00:00
[2026-05-08T18:22:42.943+0100] {processor.py:183} INFO - Processing /home/najma/airflow-venv/lib/python3.12/site-packages/airflow/example_dags/example_skip_dag.py took 0.150 seconds
[2026-05-08T18:23:50.415+0100] {processor.py:161} INFO - Started process (PID=12245) to work on /home/najma/airflow-venv/lib/python3.12/site-packages/airflow/example_dags/example_skip_dag.py
[2026-05-08T18:23:50.417+0100] {processor.py:830} INFO - Processing file /home/najma/airflow-venv/lib/python3.12/site-packages/airflow/example_dags/example_skip_dag.py for tasks to queue
[2026-05-08T18:23:50.419+0100] {logging_mixin.py:188} INFO - [2026-05-08T18:23:50.418+0100] {dagbag.py:540} INFO - Filling up the DagBag from /home/najma/airflow-venv/lib/python3.12/site-packages/airflow/example_dags/example_skip_dag.py
[2026-05-08T18:23:50.426+0100] {processor.py:840} INFO - DAG(s) 'example_skip_dag' retrieved from /home/najma/airflow-venv/lib/python3.12/site-packages/airflow/example_dags/example_skip_dag.py
[2026-05-08T18:23:50.465+0100] {logging_mixin.py:188} INFO - [2026-05-08T18:23:50.465+0100] {dag.py:3096} INFO - Sync 1 DAGs
[2026-05-08T18:23:50.491+0100] {logging_mixin.py:188} INFO - [2026-05-08T18:23:50.491+0100] {dag.py:3954} INFO - Setting next_dagrun for example_skip_dag to 2026-05-07 00:00:00+00:00, run_after=2026-05-08 00:00:00+00:00
[2026-05-08T18:23:50.577+0100] {processor.py:183} INFO - Processing /home/najma/airflow-venv/lib/python3.12/site-packages/airflow/example_dags/example_skip_dag.py took 0.166 seconds
[2026-05-08T18:25:02.268+0100] {processor.py:161} INFO - Started process (PID=12307) to work on /home/najma/airflow-venv/lib/python3.12/site-packages/airflow/example_dags/example_skip_dag.py
[2026-05-08T18:25:02.270+0100] {processor.py:830} INFO - Processing file /home/najma/airflow-venv/lib/python3.12/site-packages/airflow/example_dags/example_skip_dag.py for tasks to queue
[2026-05-08T18:25:02.272+0100] {logging_mixin.py:188} INFO - [2026-05-08T18:25:02.271+0100] {dagbag.py:540} INFO - Filling up the DagBag from /home/najma/airflow-venv/lib/python3.12/site-packages/airflow/example_dags/example_skip_dag.py
[2026-05-08T18:25:02.283+0100] {processor.py:840} INFO - DAG(s) 'example_skip_dag' retrieved from /home/najma/airflow-venv/lib/python3.12/site-packages/airflow/example_dags/example_skip_dag.py
[2026-05-08T18:25:02.310+0100] {logging_mixin.py:188} INFO - [2026-05-08T18:25:02.310+0100] {dag.py:3096} INFO - Sync 1 DAGs
[2026-05-08T18:25:02.335+0100] {logging_mixin.py:188} INFO - [2026-05-08T18:25:02.335+0100] {dag.py:3954} INFO - Setting next_dagrun for example_skip_dag to 2026-05-07 00:00:00+00:00, run_after=2026-05-08 00:00:00+00:00
[2026-05-08T18:25:02.436+0100] {processor.py:183} INFO - Processing /home/najma/airflow-venv/lib/python3.12/site-packages/airflow/example_dags/example_skip_dag.py took 0.172 seconds
[2026-05-08T18:26:06.668+0100] {processor.py:161} INFO - Started process (PID=12376) to work on /home/najma/airflow-venv/lib/python3.12/site-packages/airflow/example_dags/example_skip_dag.py
[2026-05-08T18:26:06.669+0100] {processor.py:830} INFO - Processing file /home/najma/airflow-venv/lib/python3.12/site-packages/airflow/example_dags/example_skip_dag.py for tasks to queue
[2026-05-08T18:26:06.680+0100] {logging_mixin.py:188} INFO - [2026-05-08T18:26:06.680+0100] {dagbag.py:540} INFO - Filling up the DagBag from /home/najma/airflow-venv/lib/python3.12/site-packages/airflow/example_dags/example_skip_dag.py
[2026-05-08T18:26:06.687+0100] {processor.py:840} INFO - DAG(s) 'example_skip_dag' retrieved from /home/najma/airflow-venv/lib/python3.12/site-packages/airflow/example_dags/example_skip_dag.py
[2026-05-08T18:26:06.731+0100] {logging_mixin.py:188} INFO - [2026-05-08T18:26:06.731+0100] {dag.py:3096} INFO - Sync 1 DAGs
[2026-05-08T18:26:06.764+0100] {logging_mixin.py:188} INFO - [2026-05-08T18:26:06.764+0100] {dag.py:3954} INFO - Setting next_dagrun for example_skip_dag to 2026-05-07 00:00:00+00:00, run_after=2026-05-08 00:00:00+00:00
[2026-05-08T18:26:06.901+0100] {processor.py:183} INFO - Processing /home/najma/airflow-venv/lib/python3.12/site-packages/airflow/example_dags/example_skip_dag.py took 0.238 seconds
[2026-05-08T18:27:34.957+0100] {processor.py:161} INFO - Started process (PID=12439) to work on /home/najma/airflow-venv/lib/python3.12/site-packages/airflow/example_dags/example_skip_dag.py
[2026-05-08T18:27:34.959+0100] {processor.py:830} INFO - Processing file /home/najma/airflow-venv/lib/python3.12/site-packages/airflow/example_dags/example_skip_dag.py for tasks to queue
[2026-05-08T18:27:34.960+0100] {logging_mixin.py:188} INFO - [2026-05-08T18:27:34.960+0100] {dagbag.py:540} INFO - Filling up the DagBag from /home/najma/airflow-venv/lib/python3.12/site-packages/airflow/example_dags/example_skip_dag.py
[2026-05-08T18:27:34.966+0100] {processor.py:840} INFO - DAG(s) 'example_skip_dag' retrieved from /home/najma/airflow-venv/lib/python3.12/site-packages/airflow/example_dags/example_skip_dag.py
[2026-05-08T18:27:34.994+0100] {logging_mixin.py:188} INFO - [2026-05-08T18:27:34.994+0100] {dag.py:3096} INFO - Sync 1 DAGs
[2026-05-08T18:27:35.020+0100] {logging_mixin.py:188} INFO - [2026-05-08T18:27:35.020+0100] {dag.py:3954} INFO - Setting next_dagrun for example_skip_dag to 2026-05-07 00:00:00+00:00, run_after=2026-05-08 00:00:00+00:00
[2026-05-08T18:27:35.113+0100] {processor.py:183} INFO - Processing /home/najma/airflow-venv/lib/python3.12/site-packages/airflow/example_dags/example_skip_dag.py took 0.161 seconds
[2026-05-08T18:28:52.867+0100] {processor.py:161} INFO - Started process (PID=12500) to work on /home/najma/airflow-venv/lib/python3.12/site-packages/airflow/example_dags/example_skip_dag.py
[2026-05-08T18:28:52.868+0100] {processor.py:830} INFO - Processing file /home/najma/airflow-venv/lib/python3.12/site-packages/airflow/example_dags/example_skip_dag.py for tasks to queue
[2026-05-08T18:28:52.870+0100] {logging_mixin.py:188} INFO - [2026-05-08T18:28:52.870+0100] {dagbag.py:540} INFO - Filling up the DagBag from /home/najma/airflow-venv/lib/python3.12/site-packages/airflow/example_dags/example_skip_dag.py
[2026-05-08T18:28:52.877+0100] {processor.py:840} INFO - DAG(s) 'example_skip_dag' retrieved from /home/najma/airflow-venv/lib/python3.12/site-packages/airflow/example_dags/example_skip_dag.py
[2026-05-08T18:28:52.909+0100] {logging_mixin.py:188} INFO - [2026-05-08T18:28:52.909+0100] {dag.py:3096} INFO - Sync 1 DAGs
[2026-05-08T18:28:52.941+0100] {logging_mixin.py:188} INFO - [2026-05-08T18:28:52.941+0100] {dag.py:3954} INFO - Setting next_dagrun for example_skip_dag to 2026-05-07 00:00:00+00:00, run_after=2026-05-08 00:00:00+00:00
[2026-05-08T18:28:53.042+0100] {processor.py:183} INFO - Processing /home/najma/airflow-venv/lib/python3.12/site-packages/airflow/example_dags/example_skip_dag.py took 0.180 seconds
[2026-05-08T18:30:07.921+0100] {processor.py:161} INFO - Started process (PID=12560) to work on /home/najma/airflow-venv/lib/python3.12/site-packages/airflow/example_dags/example_skip_dag.py
[2026-05-08T18:30:07.923+0100] {processor.py:830} INFO - Processing file /home/najma/airflow-venv/lib/python3.12/site-packages/airflow/example_dags/example_skip_dag.py for tasks to queue
[2026-05-08T18:30:07.924+0100] {logging_mixin.py:188} INFO - [2026-05-08T18:30:07.924+0100] {dagbag.py:540} INFO - Filling up the DagBag from /home/najma/airflow-venv/lib/python3.12/site-packages/airflow/example_dags/example_skip_dag.py
[2026-05-08T18:30:07.930+0100] {processor.py:840} INFO - DAG(s) 'example_skip_dag' retrieved from /home/najma/airflow-venv/lib/python3.12/site-packages/airflow/example_dags/example_skip_dag.py
[2026-05-08T18:30:07.977+0100] {logging_mixin.py:188} INFO - [2026-05-08T18:30:07.977+0100] {dag.py:3096} INFO - Sync 1 DAGs
[2026-05-08T18:30:08.012+0100] {logging_mixin.py:188} INFO - [2026-05-08T18:30:08.011+0100] {dag.py:3954} INFO - Setting next_dagrun for example_skip_dag to 2026-05-07 00:00:00+00:00, run_after=2026-05-08 00:00:00+00:00
[2026-05-08T18:30:08.121+0100] {processor.py:183} INFO - Processing /home/najma/airflow-venv/lib/python3.12/site-packages/airflow/example_dags/example_skip_dag.py took 0.204 seconds
[2026-05-08T18:31:23.916+0100] {processor.py:161} INFO - Started process (PID=12620) to work on /home/najma/airflow-venv/lib/python3.12/site-packages/airflow/example_dags/example_skip_dag.py
[2026-05-08T18:31:23.917+0100] {processor.py:830} INFO - Processing file /home/najma/airflow-venv/lib/python3.12/site-packages/airflow/example_dags/example_skip_dag.py for tasks to queue
[2026-05-08T18:31:23.919+0100] {logging_mixin.py:188} INFO - [2026-05-08T18:31:23.918+0100] {dagbag.py:540} INFO - Filling up the DagBag from /home/najma/airflow-venv/lib/python3.12/site-packages/airflow/example_dags/example_skip_dag.py
[2026-05-08T18:31:23.925+0100] {processor.py:840} INFO - DAG(s) 'example_skip_dag' retrieved from /home/najma/airflow-venv/lib/python3.12/site-packages/airflow/example_dags/example_skip_dag.py
[2026-05-08T18:31:23.957+0100] {logging_mixin.py:188} INFO - [2026-05-08T18:31:23.957+0100] {dag.py:3096} INFO - Sync 1 DAGs
[2026-05-08T18:31:23.984+0100] {logging_mixin.py:188} INFO - [2026-05-08T18:31:23.984+0100] {dag.py:3954} INFO - Setting next_dagrun for example_skip_dag to 2026-05-07 00:00:00+00:00, run_after=2026-05-08 00:00:00+00:00
[2026-05-08T18:31:24.111+0100] {processor.py:183} INFO - Processing /home/najma/airflow-venv/lib/python3.12/site-packages/airflow/example_dags/example_skip_dag.py took 0.199 seconds
[2026-05-08T18:32:38.940+0100] {processor.py:161} INFO - Started process (PID=12678) to work on /home/najma/airflow-venv/lib/python3.12/site-packages/airflow/example_dags/example_skip_dag.py
[2026-05-08T18:32:38.942+0100] {processor.py:830} INFO - Processing file /home/najma/airflow-venv/lib/python3.12/site-packages/airflow/example_dags/example_skip_dag.py for tasks to queue
[2026-05-08T18:32:38.945+0100] {logging_mixin.py:188} INFO - [2026-05-08T18:32:38.945+0100] {dagbag.py:540} INFO - Filling up the DagBag from /home/najma/airflow-venv/lib/python3.12/site-packages/airflow/example_dags/example_skip_dag.py
[2026-05-08T18:32:38.950+0100] {processor.py:840} INFO - DAG(s) 'example_skip_dag' retrieved from /home/najma/airflow-venv/lib/python3.12/site-packages/airflow/example_dags/example_skip_dag.py
[2026-05-08T18:32:38.980+0100] {logging_mixin.py:188} INFO - [2026-05-08T18:32:38.980+0100] {dag.py:3096} INFO - Sync 1 DAGs
[2026-05-08T18:32:39.006+0100] {logging_mixin.py:188} INFO - [2026-05-08T18:32:39.005+0100] {dag.py:3954} INFO - Setting next_dagrun for example_skip_dag to 2026-05-07 00:00:00+00:00, run_after=2026-05-08 00:00:00+00:00
[2026-05-08T18:32:39.087+0100] {processor.py:183} INFO - Processing /home/najma/airflow-venv/lib/python3.12/site-packages/airflow/example_dags/example_skip_dag.py took 0.150 seconds
[2026-05-08T18:33:26.836+0100] {processor.py:161} INFO - Started process (PID=12714) to work on /home/najma/airflow-venv/lib/python3.12/site-packages/airflow/example_dags/example_skip_dag.py
[2026-05-08T18:33:26.838+0100] {processor.py:830} INFO - Processing file /home/najma/airflow-venv/lib/python3.12/site-packages/airflow/example_dags/example_skip_dag.py for tasks to queue
[2026-05-08T18:33:26.844+0100] {logging_mixin.py:188} INFO - [2026-05-08T18:33:26.843+0100] {dagbag.py:540} INFO - Filling up the DagBag from /home/najma/airflow-venv/lib/python3.12/site-packages/airflow/example_dags/example_skip_dag.py
[2026-05-08T18:33:26.854+0100] {processor.py:840} INFO - DAG(s) 'example_skip_dag' retrieved from /home/najma/airflow-venv/lib/python3.12/site-packages/airflow/example_dags/example_skip_dag.py
[2026-05-08T18:33:26.889+0100] {logging_mixin.py:188} INFO - [2026-05-08T18:33:26.889+0100] {dag.py:3096} INFO - Sync 1 DAGs
[2026-05-08T18:33:26.920+0100] {logging_mixin.py:188} INFO - [2026-05-08T18:33:26.919+0100] {dag.py:3954} INFO - Setting next_dagrun for example_skip_dag to 2026-05-07 00:00:00+00:00, run_after=2026-05-08 00:00:00+00:00
[2026-05-08T18:33:27.009+0100] {processor.py:183} INFO - Processing /home/najma/airflow-venv/lib/python3.12/site-packages/airflow/example_dags/example_skip_dag.py took 0.179 seconds
[2026-05-08T18:33:58.380+0100] {processor.py:161} INFO - Started process (PID=12738) to work on /home/najma/airflow-venv/lib/python3.12/site-packages/airflow/example_dags/example_skip_dag.py
[2026-05-08T18:33:58.382+0100] {processor.py:830} INFO - Processing file /home/najma/airflow-venv/lib/python3.12/site-packages/airflow/example_dags/example_skip_dag.py for tasks to queue
[2026-05-08T18:33:58.383+0100] {logging_mixin.py:188} INFO - [2026-05-08T18:33:58.383+0100] {dagbag.py:540} INFO - Filling up the DagBag from /home/najma/airflow-venv/lib/python3.12/site-packages/airflow/example_dags/example_skip_dag.py
[2026-05-08T18:33:58.392+0100] {processor.py:840} INFO - DAG(s) 'example_skip_dag' retrieved from /home/najma/airflow-venv/lib/python3.12/site-packages/airflow/example_dags/example_skip_dag.py
[2026-05-08T18:33:58.423+0100] {logging_mixin.py:188} INFO - [2026-05-08T18:33:58.423+0100] {dag.py:3096} INFO - Sync 1 DAGs
[2026-05-08T18:33:58.450+0100] {logging_mixin.py:188} INFO - [2026-05-08T18:33:58.450+0100] {dag.py:3954} INFO - Setting next_dagrun for example_skip_dag to 2026-05-07 00:00:00+00:00, run_after=2026-05-08 00:00:00+00:00
[2026-05-08T18:33:58.555+0100] {processor.py:183} INFO - Processing /home/najma/airflow-venv/lib/python3.12/site-packages/airflow/example_dags/example_skip_dag.py took 0.179 seconds
[2026-05-08T18:35:03.087+0100] {processor.py:161} INFO - Started process (PID=12815) to work on /home/najma/airflow-venv/lib/python3.12/site-packages/airflow/example_dags/example_skip_dag.py
[2026-05-08T18:35:03.088+0100] {processor.py:830} INFO - Processing file /home/najma/airflow-venv/lib/python3.12/site-packages/airflow/example_dags/example_skip_dag.py for tasks to queue
[2026-05-08T18:35:03.089+0100] {logging_mixin.py:188} INFO - [2026-05-08T18:35:03.089+0100] {dagbag.py:540} INFO - Filling up the DagBag from /home/najma/airflow-venv/lib/python3.12/site-packages/airflow/example_dags/example_skip_dag.py
[2026-05-08T18:35:03.103+0100] {processor.py:840} INFO - DAG(s) 'example_skip_dag' retrieved from /home/najma/airflow-venv/lib/python3.12/site-packages/airflow/example_dags/example_skip_dag.py
[2026-05-08T18:35:03.137+0100] {logging_mixin.py:188} INFO - [2026-05-08T18:35:03.136+0100] {dag.py:3096} INFO - Sync 1 DAGs
[2026-05-08T18:35:03.168+0100] {logging_mixin.py:188} INFO - [2026-05-08T18:35:03.168+0100] {dag.py:3954} INFO - Setting next_dagrun for example_skip_dag to 2026-05-07 00:00:00+00:00, run_after=2026-05-08 00:00:00+00:00
[2026-05-08T18:35:03.326+0100] {processor.py:183} INFO - Processing /home/najma/airflow-venv/lib/python3.12/site-packages/airflow/example_dags/example_skip_dag.py took 0.243 seconds
[2026-05-08T18:36:17.670+0100] {processor.py:161} INFO - Started process (PID=12876) to work on /home/najma/airflow-venv/lib/python3.12/site-packages/airflow/example_dags/example_skip_dag.py
[2026-05-08T18:36:17.672+0100] {processor.py:830} INFO - Processing file /home/najma/airflow-venv/lib/python3.12/site-packages/airflow/example_dags/example_skip_dag.py for tasks to queue
[2026-05-08T18:36:17.673+0100] {logging_mixin.py:188} INFO - [2026-05-08T18:36:17.673+0100] {dagbag.py:540} INFO - Filling up the DagBag from /home/najma/airflow-venv/lib/python3.12/site-packages/airflow/example_dags/example_skip_dag.py
[2026-05-08T18:36:17.680+0100] {processor.py:840} INFO - DAG(s) 'example_skip_dag' retrieved from /home/najma/airflow-venv/lib/python3.12/site-packages/airflow/example_dags/example_skip_dag.py
[2026-05-08T18:36:17.709+0100] {logging_mixin.py:188} INFO - [2026-05-08T18:36:17.708+0100] {dag.py:3096} INFO - Sync 1 DAGs
[2026-05-08T18:36:17.731+0100] {logging_mixin.py:188} INFO - [2026-05-08T18:36:17.731+0100] {dag.py:3954} INFO - Setting next_dagrun for example_skip_dag to 2026-05-07 00:00:00+00:00, run_after=2026-05-08 00:00:00+00:00
[2026-05-08T18:36:17.854+0100] {processor.py:183} INFO - Processing /home/najma/airflow-venv/lib/python3.12/site-packages/airflow/example_dags/example_skip_dag.py took 0.189 seconds
[2026-05-08T18:37:32.899+0100] {processor.py:161} INFO - Started process (PID=12936) to work on /home/najma/airflow-venv/lib/python3.12/site-packages/airflow/example_dags/example_skip_dag.py
[2026-05-08T18:37:32.900+0100] {processor.py:830} INFO - Processing file /home/najma/airflow-venv/lib/python3.12/site-packages/airflow/example_dags/example_skip_dag.py for tasks to queue
[2026-05-08T18:37:32.902+0100] {logging_mixin.py:188} INFO - [2026-05-08T18:37:32.901+0100] {dagbag.py:540} INFO - Filling up the DagBag from /home/najma/airflow-venv/lib/python3.12/site-packages/airflow/example_dags/example_skip_dag.py
[2026-05-08T18:37:32.908+0100] {processor.py:840} INFO - DAG(s) 'example_skip_dag' retrieved from /home/najma/airflow-venv/lib/python3.12/site-packages/airflow/example_dags/example_skip_dag.py
[2026-05-08T18:37:32.947+0100] {logging_mixin.py:188} INFO - [2026-05-08T18:37:32.947+0100] {dag.py:3096} INFO - Sync 1 DAGs
[2026-05-08T18:37:32.981+0100] {logging_mixin.py:188} INFO - [2026-05-08T18:37:32.981+0100] {dag.py:3954} INFO - Setting next_dagrun for example_skip_dag to 2026-05-07 00:00:00+00:00, run_after=2026-05-08 00:00:00+00:00
[2026-05-08T18:37:33.089+0100] {processor.py:183} INFO - Processing /home/najma/airflow-venv/lib/python3.12/site-packages/airflow/example_dags/example_skip_dag.py took 0.194 seconds
[2026-05-08T18:38:52.359+0100] {processor.py:161} INFO - Started process (PID=13003) to work on /home/najma/airflow-venv/lib/python3.12/site-packages/airflow/example_dags/example_skip_dag.py
[2026-05-08T18:38:52.361+0100] {processor.py:830} INFO - Processing file /home/najma/airflow-venv/lib/python3.12/site-packages/airflow/example_dags/example_skip_dag.py for tasks to queue
[2026-05-08T18:38:52.363+0100] {logging_mixin.py:188} INFO - [2026-05-08T18:38:52.362+0100] {dagbag.py:540} INFO - Filling up the DagBag from /home/najma/airflow-venv/lib/python3.12/site-packages/airflow/example_dags/example_skip_dag.py
[2026-05-08T18:38:52.369+0100] {processor.py:840} INFO - DAG(s) 'example_skip_dag' retrieved from /home/najma/airflow-venv/lib/python3.12/site-packages/airflow/example_dags/example_skip_dag.py
[2026-05-08T18:38:52.397+0100] {logging_mixin.py:188} INFO - [2026-05-08T18:38:52.397+0100] {dag.py:3096} INFO - Sync 1 DAGs
[2026-05-08T18:38:52.424+0100] {logging_mixin.py:188} INFO - [2026-05-08T18:38:52.424+0100] {dag.py:3954} INFO - Setting next_dagrun for example_skip_dag to 2026-05-07 00:00:00+00:00, run_after=2026-05-08 00:00:00+00:00
[2026-05-08T18:38:52.557+0100] {processor.py:183} INFO - Processing /home/najma/airflow-venv/lib/python3.12/site-packages/airflow/example_dags/example_skip_dag.py took 0.201 seconds
