[2026-05-08T16:42:35.318+0100] {processor.py:161} INFO - Started process (PID=9507) to work on /home/najma/airflow-venv/lib/python3.12/site-packages/airflow/example_dags/example_trigger_controller_dag.py
[2026-05-08T16:42:35.322+0100] {processor.py:830} INFO - Processing file /home/najma/airflow-venv/lib/python3.12/site-packages/airflow/example_dags/example_trigger_controller_dag.py for tasks to queue
[2026-05-08T16:42:35.324+0100] {logging_mixin.py:188} INFO - [2026-05-08T16:42:35.324+0100] {dagbag.py:540} INFO - Filling up the DagBag from /home/najma/airflow-venv/lib/python3.12/site-packages/airflow/example_dags/example_trigger_controller_dag.py
[2026-05-08T16:42:35.328+0100] {processor.py:840} INFO - DAG(s) 'example_trigger_controller_dag' retrieved from /home/najma/airflow-venv/lib/python3.12/site-packages/airflow/example_dags/example_trigger_controller_dag.py
[2026-05-08T16:42:35.492+0100] {logging_mixin.py:188} INFO - [2026-05-08T16:42:35.491+0100] {override.py:1829} INFO - Created Permission View: can read on DAG:example_trigger_controller_dag
[2026-05-08T16:42:35.540+0100] {logging_mixin.py:188} INFO - [2026-05-08T16:42:35.539+0100] {override.py:1829} INFO - Created Permission View: can edit on DAG:example_trigger_controller_dag
[2026-05-08T16:42:35.583+0100] {logging_mixin.py:188} INFO - [2026-05-08T16:42:35.582+0100] {override.py:1829} INFO - Created Permission View: can delete on DAG:example_trigger_controller_dag
[2026-05-08T16:42:35.584+0100] {logging_mixin.py:188} INFO - [2026-05-08T16:42:35.583+0100] {dag.py:3096} INFO - Sync 1 DAGs
[2026-05-08T16:42:35.604+0100] {logging_mixin.py:188} INFO - [2026-05-08T16:42:35.604+0100] {dag.py:3118} INFO - Creating ORM DAG for example_trigger_controller_dag
[2026-05-08T16:42:35.616+0100] {logging_mixin.py:188} INFO - [2026-05-08T16:42:35.616+0100] {dag.py:3954} INFO - Setting next_dagrun for example_trigger_controller_dag to 2021-01-01 00:00:00+00:00, run_after=2021-01-01 00:00:00+00:00
[2026-05-08T16:42:35.715+0100] {processor.py:183} INFO - Processing /home/najma/airflow-venv/lib/python3.12/site-packages/airflow/example_dags/example_trigger_controller_dag.py took 0.401 seconds
[2026-05-08T16:43:55.245+0100] {processor.py:161} INFO - Started process (PID=9586) to work on /home/najma/airflow-venv/lib/python3.12/site-packages/airflow/example_dags/example_trigger_controller_dag.py
[2026-05-08T16:43:55.246+0100] {processor.py:830} INFO - Processing file /home/najma/airflow-venv/lib/python3.12/site-packages/airflow/example_dags/example_trigger_controller_dag.py for tasks to queue
[2026-05-08T16:43:55.248+0100] {logging_mixin.py:188} INFO - [2026-05-08T16:43:55.247+0100] {dagbag.py:540} INFO - Filling up the DagBag from /home/najma/airflow-venv/lib/python3.12/site-packages/airflow/example_dags/example_trigger_controller_dag.py
[2026-05-08T16:43:55.251+0100] {processor.py:840} INFO - DAG(s) 'example_trigger_controller_dag' retrieved from /home/najma/airflow-venv/lib/python3.12/site-packages/airflow/example_dags/example_trigger_controller_dag.py
[2026-05-08T16:43:55.275+0100] {logging_mixin.py:188} INFO - [2026-05-08T16:43:55.275+0100] {dag.py:3096} INFO - Sync 1 DAGs
[2026-05-08T16:43:55.300+0100] {logging_mixin.py:188} INFO - [2026-05-08T16:43:55.300+0100] {dag.py:3954} INFO - Setting next_dagrun for example_trigger_controller_dag to 2021-01-01 00:00:00+00:00, run_after=2021-01-01 00:00:00+00:00
[2026-05-08T16:43:55.389+0100] {processor.py:183} INFO - Processing /home/najma/airflow-venv/lib/python3.12/site-packages/airflow/example_dags/example_trigger_controller_dag.py took 0.148 seconds
[2026-05-08T16:44:36.498+0100] {processor.py:161} INFO - Started process (PID=9625) to work on /home/najma/airflow-venv/lib/python3.12/site-packages/airflow/example_dags/example_trigger_controller_dag.py
[2026-05-08T16:44:36.500+0100] {processor.py:830} INFO - Processing file /home/najma/airflow-venv/lib/python3.12/site-packages/airflow/example_dags/example_trigger_controller_dag.py for tasks to queue
[2026-05-08T16:44:36.503+0100] {logging_mixin.py:188} INFO - [2026-05-08T16:44:36.502+0100] {dagbag.py:540} INFO - Filling up the DagBag from /home/najma/airflow-venv/lib/python3.12/site-packages/airflow/example_dags/example_trigger_controller_dag.py
[2026-05-08T16:44:36.513+0100] {processor.py:840} INFO - DAG(s) 'example_trigger_controller_dag' retrieved from /home/najma/airflow-venv/lib/python3.12/site-packages/airflow/example_dags/example_trigger_controller_dag.py
[2026-05-08T16:44:36.554+0100] {logging_mixin.py:188} INFO - [2026-05-08T16:44:36.554+0100] {dag.py:3096} INFO - Sync 1 DAGs
[2026-05-08T16:44:36.587+0100] {logging_mixin.py:188} INFO - [2026-05-08T16:44:36.587+0100] {dag.py:3954} INFO - Setting next_dagrun for example_trigger_controller_dag to 2021-01-01 00:00:00+00:00, run_after=2021-01-01 00:00:00+00:00
[2026-05-08T16:44:36.701+0100] {processor.py:183} INFO - Processing /home/najma/airflow-venv/lib/python3.12/site-packages/airflow/example_dags/example_trigger_controller_dag.py took 0.208 seconds
[2026-05-08T16:46:01.804+0100] {processor.py:161} INFO - Started process (PID=9702) to work on /home/najma/airflow-venv/lib/python3.12/site-packages/airflow/example_dags/example_trigger_controller_dag.py
[2026-05-08T16:46:01.806+0100] {processor.py:830} INFO - Processing file /home/najma/airflow-venv/lib/python3.12/site-packages/airflow/example_dags/example_trigger_controller_dag.py for tasks to queue
[2026-05-08T16:46:01.808+0100] {logging_mixin.py:188} INFO - [2026-05-08T16:46:01.808+0100] {dagbag.py:540} INFO - Filling up the DagBag from /home/najma/airflow-venv/lib/python3.12/site-packages/airflow/example_dags/example_trigger_controller_dag.py
[2026-05-08T16:46:01.814+0100] {processor.py:840} INFO - DAG(s) 'example_trigger_controller_dag' retrieved from /home/najma/airflow-venv/lib/python3.12/site-packages/airflow/example_dags/example_trigger_controller_dag.py
[2026-05-08T16:46:01.847+0100] {logging_mixin.py:188} INFO - [2026-05-08T16:46:01.846+0100] {dag.py:3096} INFO - Sync 1 DAGs
[2026-05-08T16:46:01.874+0100] {logging_mixin.py:188} INFO - [2026-05-08T16:46:01.874+0100] {dag.py:3954} INFO - Setting next_dagrun for example_trigger_controller_dag to 2021-01-01 00:00:00+00:00, run_after=2021-01-01 00:00:00+00:00
[2026-05-08T16:46:01.967+0100] {processor.py:183} INFO - Processing /home/najma/airflow-venv/lib/python3.12/site-packages/airflow/example_dags/example_trigger_controller_dag.py took 0.169 seconds
[2026-05-08T16:47:17.247+0100] {processor.py:161} INFO - Started process (PID=9772) to work on /home/najma/airflow-venv/lib/python3.12/site-packages/airflow/example_dags/example_trigger_controller_dag.py
[2026-05-08T16:47:17.249+0100] {processor.py:830} INFO - Processing file /home/najma/airflow-venv/lib/python3.12/site-packages/airflow/example_dags/example_trigger_controller_dag.py for tasks to queue
[2026-05-08T16:47:17.251+0100] {logging_mixin.py:188} INFO - [2026-05-08T16:47:17.250+0100] {dagbag.py:540} INFO - Filling up the DagBag from /home/najma/airflow-venv/lib/python3.12/site-packages/airflow/example_dags/example_trigger_controller_dag.py
[2026-05-08T16:47:17.256+0100] {processor.py:840} INFO - DAG(s) 'example_trigger_controller_dag' retrieved from /home/najma/airflow-venv/lib/python3.12/site-packages/airflow/example_dags/example_trigger_controller_dag.py
[2026-05-08T16:47:17.280+0100] {logging_mixin.py:188} INFO - [2026-05-08T16:47:17.280+0100] {dag.py:3096} INFO - Sync 1 DAGs
[2026-05-08T16:47:17.308+0100] {logging_mixin.py:188} INFO - [2026-05-08T16:47:17.308+0100] {dag.py:3954} INFO - Setting next_dagrun for example_trigger_controller_dag to 2021-01-01 00:00:00+00:00, run_after=2021-01-01 00:00:00+00:00
[2026-05-08T16:47:17.392+0100] {processor.py:183} INFO - Processing /home/najma/airflow-venv/lib/python3.12/site-packages/airflow/example_dags/example_trigger_controller_dag.py took 0.149 seconds
[2026-05-08T16:47:58.364+0100] {processor.py:161} INFO - Started process (PID=9809) to work on /home/najma/airflow-venv/lib/python3.12/site-packages/airflow/example_dags/example_trigger_controller_dag.py
[2026-05-08T16:47:58.365+0100] {processor.py:830} INFO - Processing file /home/najma/airflow-venv/lib/python3.12/site-packages/airflow/example_dags/example_trigger_controller_dag.py for tasks to queue
[2026-05-08T16:47:58.367+0100] {logging_mixin.py:188} INFO - [2026-05-08T16:47:58.367+0100] {dagbag.py:540} INFO - Filling up the DagBag from /home/najma/airflow-venv/lib/python3.12/site-packages/airflow/example_dags/example_trigger_controller_dag.py
[2026-05-08T16:47:58.375+0100] {processor.py:840} INFO - DAG(s) 'example_trigger_controller_dag' retrieved from /home/najma/airflow-venv/lib/python3.12/site-packages/airflow/example_dags/example_trigger_controller_dag.py
[2026-05-08T16:47:58.403+0100] {logging_mixin.py:188} INFO - [2026-05-08T16:47:58.402+0100] {dag.py:3096} INFO - Sync 1 DAGs
[2026-05-08T16:47:58.435+0100] {logging_mixin.py:188} INFO - [2026-05-08T16:47:58.434+0100] {dag.py:3954} INFO - Setting next_dagrun for example_trigger_controller_dag to 2021-01-01 00:00:00+00:00, run_after=2021-01-01 00:00:00+00:00
[2026-05-08T16:47:58.548+0100] {processor.py:183} INFO - Processing /home/najma/airflow-venv/lib/python3.12/site-packages/airflow/example_dags/example_trigger_controller_dag.py took 0.188 seconds
[2026-05-08T16:49:10.160+0100] {processor.py:161} INFO - Started process (PID=9875) to work on /home/najma/airflow-venv/lib/python3.12/site-packages/airflow/example_dags/example_trigger_controller_dag.py
[2026-05-08T16:49:10.161+0100] {processor.py:830} INFO - Processing file /home/najma/airflow-venv/lib/python3.12/site-packages/airflow/example_dags/example_trigger_controller_dag.py for tasks to queue
[2026-05-08T16:49:10.163+0100] {logging_mixin.py:188} INFO - [2026-05-08T16:49:10.163+0100] {dagbag.py:540} INFO - Filling up the DagBag from /home/najma/airflow-venv/lib/python3.12/site-packages/airflow/example_dags/example_trigger_controller_dag.py
[2026-05-08T16:49:10.174+0100] {processor.py:840} INFO - DAG(s) 'example_trigger_controller_dag' retrieved from /home/najma/airflow-venv/lib/python3.12/site-packages/airflow/example_dags/example_trigger_controller_dag.py
[2026-05-08T16:49:10.222+0100] {logging_mixin.py:188} INFO - [2026-05-08T16:49:10.222+0100] {dag.py:3096} INFO - Sync 1 DAGs
[2026-05-08T16:49:10.255+0100] {logging_mixin.py:188} INFO - [2026-05-08T16:49:10.255+0100] {dag.py:3954} INFO - Setting next_dagrun for example_trigger_controller_dag to 2021-01-01 00:00:00+00:00, run_after=2021-01-01 00:00:00+00:00
[2026-05-08T16:49:10.359+0100] {processor.py:183} INFO - Processing /home/najma/airflow-venv/lib/python3.12/site-packages/airflow/example_dags/example_trigger_controller_dag.py took 0.204 seconds
[2026-05-08T17:45:09.416+0100] {processor.py:161} INFO - Started process (PID=10222) to work on /home/najma/airflow-venv/lib/python3.12/site-packages/airflow/example_dags/example_trigger_controller_dag.py
[2026-05-08T17:45:09.418+0100] {processor.py:830} INFO - Processing file /home/najma/airflow-venv/lib/python3.12/site-packages/airflow/example_dags/example_trigger_controller_dag.py for tasks to queue
[2026-05-08T17:45:09.420+0100] {logging_mixin.py:188} INFO - [2026-05-08T17:45:09.420+0100] {dagbag.py:540} INFO - Filling up the DagBag from /home/najma/airflow-venv/lib/python3.12/site-packages/airflow/example_dags/example_trigger_controller_dag.py
[2026-05-08T17:45:09.433+0100] {processor.py:840} INFO - DAG(s) 'example_trigger_controller_dag' retrieved from /home/najma/airflow-venv/lib/python3.12/site-packages/airflow/example_dags/example_trigger_controller_dag.py
[2026-05-08T17:45:09.465+0100] {logging_mixin.py:188} INFO - [2026-05-08T17:45:09.465+0100] {dag.py:3096} INFO - Sync 1 DAGs
[2026-05-08T17:45:09.491+0100] {logging_mixin.py:188} INFO - [2026-05-08T17:45:09.490+0100] {dag.py:3954} INFO - Setting next_dagrun for example_trigger_controller_dag to 2021-01-01 00:00:00+00:00, run_after=2021-01-01 00:00:00+00:00
[2026-05-08T17:45:09.581+0100] {processor.py:183} INFO - Processing /home/najma/airflow-venv/lib/python3.12/site-packages/airflow/example_dags/example_trigger_controller_dag.py took 0.171 seconds
[2026-05-08T17:46:24.505+0100] {processor.py:161} INFO - Started process (PID=10297) to work on /home/najma/airflow-venv/lib/python3.12/site-packages/airflow/example_dags/example_trigger_controller_dag.py
[2026-05-08T17:46:24.507+0100] {processor.py:830} INFO - Processing file /home/najma/airflow-venv/lib/python3.12/site-packages/airflow/example_dags/example_trigger_controller_dag.py for tasks to queue
[2026-05-08T17:46:24.509+0100] {logging_mixin.py:188} INFO - [2026-05-08T17:46:24.508+0100] {dagbag.py:540} INFO - Filling up the DagBag from /home/najma/airflow-venv/lib/python3.12/site-packages/airflow/example_dags/example_trigger_controller_dag.py
[2026-05-08T17:46:24.513+0100] {processor.py:840} INFO - DAG(s) 'example_trigger_controller_dag' retrieved from /home/najma/airflow-venv/lib/python3.12/site-packages/airflow/example_dags/example_trigger_controller_dag.py
[2026-05-08T17:46:24.540+0100] {logging_mixin.py:188} INFO - [2026-05-08T17:46:24.540+0100] {dag.py:3096} INFO - Sync 1 DAGs
[2026-05-08T17:46:24.565+0100] {logging_mixin.py:188} INFO - [2026-05-08T17:46:24.565+0100] {dag.py:3954} INFO - Setting next_dagrun for example_trigger_controller_dag to 2021-01-01 00:00:00+00:00, run_after=2021-01-01 00:00:00+00:00
[2026-05-08T17:46:24.665+0100] {processor.py:183} INFO - Processing /home/najma/airflow-venv/lib/python3.12/site-packages/airflow/example_dags/example_trigger_controller_dag.py took 0.164 seconds
[2026-05-08T17:47:45.190+0100] {processor.py:161} INFO - Started process (PID=10363) to work on /home/najma/airflow-venv/lib/python3.12/site-packages/airflow/example_dags/example_trigger_controller_dag.py
[2026-05-08T17:47:45.192+0100] {processor.py:830} INFO - Processing file /home/najma/airflow-venv/lib/python3.12/site-packages/airflow/example_dags/example_trigger_controller_dag.py for tasks to queue
[2026-05-08T17:47:45.194+0100] {logging_mixin.py:188} INFO - [2026-05-08T17:47:45.194+0100] {dagbag.py:540} INFO - Filling up the DagBag from /home/najma/airflow-venv/lib/python3.12/site-packages/airflow/example_dags/example_trigger_controller_dag.py
[2026-05-08T17:47:45.199+0100] {processor.py:840} INFO - DAG(s) 'example_trigger_controller_dag' retrieved from /home/najma/airflow-venv/lib/python3.12/site-packages/airflow/example_dags/example_trigger_controller_dag.py
[2026-05-08T17:47:45.228+0100] {logging_mixin.py:188} INFO - [2026-05-08T17:47:45.228+0100] {dag.py:3096} INFO - Sync 1 DAGs
[2026-05-08T17:47:45.260+0100] {logging_mixin.py:188} INFO - [2026-05-08T17:47:45.260+0100] {dag.py:3954} INFO - Setting next_dagrun for example_trigger_controller_dag to 2021-01-01 00:00:00+00:00, run_after=2021-01-01 00:00:00+00:00
[2026-05-08T17:47:45.348+0100] {processor.py:183} INFO - Processing /home/najma/airflow-venv/lib/python3.12/site-packages/airflow/example_dags/example_trigger_controller_dag.py took 0.162 seconds
[2026-05-08T17:48:54.477+0100] {processor.py:161} INFO - Started process (PID=10426) to work on /home/najma/airflow-venv/lib/python3.12/site-packages/airflow/example_dags/example_trigger_controller_dag.py
[2026-05-08T17:48:54.478+0100] {processor.py:830} INFO - Processing file /home/najma/airflow-venv/lib/python3.12/site-packages/airflow/example_dags/example_trigger_controller_dag.py for tasks to queue
[2026-05-08T17:48:54.480+0100] {logging_mixin.py:188} INFO - [2026-05-08T17:48:54.479+0100] {dagbag.py:540} INFO - Filling up the DagBag from /home/najma/airflow-venv/lib/python3.12/site-packages/airflow/example_dags/example_trigger_controller_dag.py
[2026-05-08T17:48:54.485+0100] {processor.py:840} INFO - DAG(s) 'example_trigger_controller_dag' retrieved from /home/najma/airflow-venv/lib/python3.12/site-packages/airflow/example_dags/example_trigger_controller_dag.py
[2026-05-08T17:48:54.511+0100] {logging_mixin.py:188} INFO - [2026-05-08T17:48:54.511+0100] {dag.py:3096} INFO - Sync 1 DAGs
[2026-05-08T17:48:54.541+0100] {logging_mixin.py:188} INFO - [2026-05-08T17:48:54.541+0100] {dag.py:3954} INFO - Setting next_dagrun for example_trigger_controller_dag to 2021-01-01 00:00:00+00:00, run_after=2021-01-01 00:00:00+00:00
[2026-05-08T17:48:54.639+0100] {processor.py:183} INFO - Processing /home/najma/airflow-venv/lib/python3.12/site-packages/airflow/example_dags/example_trigger_controller_dag.py took 0.166 seconds
[2026-05-08T17:50:05.547+0100] {processor.py:161} INFO - Started process (PID=10485) to work on /home/najma/airflow-venv/lib/python3.12/site-packages/airflow/example_dags/example_trigger_controller_dag.py
[2026-05-08T17:50:05.549+0100] {processor.py:830} INFO - Processing file /home/najma/airflow-venv/lib/python3.12/site-packages/airflow/example_dags/example_trigger_controller_dag.py for tasks to queue
[2026-05-08T17:50:05.550+0100] {logging_mixin.py:188} INFO - [2026-05-08T17:50:05.550+0100] {dagbag.py:540} INFO - Filling up the DagBag from /home/najma/airflow-venv/lib/python3.12/site-packages/airflow/example_dags/example_trigger_controller_dag.py
[2026-05-08T17:50:05.558+0100] {processor.py:840} INFO - DAG(s) 'example_trigger_controller_dag' retrieved from /home/najma/airflow-venv/lib/python3.12/site-packages/airflow/example_dags/example_trigger_controller_dag.py
[2026-05-08T17:50:05.586+0100] {logging_mixin.py:188} INFO - [2026-05-08T17:50:05.586+0100] {dag.py:3096} INFO - Sync 1 DAGs
[2026-05-08T17:50:05.614+0100] {logging_mixin.py:188} INFO - [2026-05-08T17:50:05.614+0100] {dag.py:3954} INFO - Setting next_dagrun for example_trigger_controller_dag to 2021-01-01 00:00:00+00:00, run_after=2021-01-01 00:00:00+00:00
[2026-05-08T17:50:05.698+0100] {processor.py:183} INFO - Processing /home/najma/airflow-venv/lib/python3.12/site-packages/airflow/example_dags/example_trigger_controller_dag.py took 0.154 seconds
[2026-05-08T17:51:18.735+0100] {processor.py:161} INFO - Started process (PID=10547) to work on /home/najma/airflow-venv/lib/python3.12/site-packages/airflow/example_dags/example_trigger_controller_dag.py
[2026-05-08T17:51:18.736+0100] {processor.py:830} INFO - Processing file /home/najma/airflow-venv/lib/python3.12/site-packages/airflow/example_dags/example_trigger_controller_dag.py for tasks to queue
[2026-05-08T17:51:18.738+0100] {logging_mixin.py:188} INFO - [2026-05-08T17:51:18.737+0100] {dagbag.py:540} INFO - Filling up the DagBag from /home/najma/airflow-venv/lib/python3.12/site-packages/airflow/example_dags/example_trigger_controller_dag.py
[2026-05-08T17:51:18.742+0100] {processor.py:840} INFO - DAG(s) 'example_trigger_controller_dag' retrieved from /home/najma/airflow-venv/lib/python3.12/site-packages/airflow/example_dags/example_trigger_controller_dag.py
[2026-05-08T17:51:18.767+0100] {logging_mixin.py:188} INFO - [2026-05-08T17:51:18.766+0100] {dag.py:3096} INFO - Sync 1 DAGs
[2026-05-08T17:51:18.793+0100] {logging_mixin.py:188} INFO - [2026-05-08T17:51:18.793+0100] {dag.py:3954} INFO - Setting next_dagrun for example_trigger_controller_dag to 2021-01-01 00:00:00+00:00, run_after=2021-01-01 00:00:00+00:00
[2026-05-08T17:51:18.899+0100] {processor.py:183} INFO - Processing /home/najma/airflow-venv/lib/python3.12/site-packages/airflow/example_dags/example_trigger_controller_dag.py took 0.169 seconds
[2026-05-08T17:52:42.501+0100] {processor.py:161} INFO - Started process (PID=10635) to work on /home/najma/airflow-venv/lib/python3.12/site-packages/airflow/example_dags/example_trigger_controller_dag.py
[2026-05-08T17:52:42.502+0100] {processor.py:830} INFO - Processing file /home/najma/airflow-venv/lib/python3.12/site-packages/airflow/example_dags/example_trigger_controller_dag.py for tasks to queue
[2026-05-08T17:52:42.504+0100] {logging_mixin.py:188} INFO - [2026-05-08T17:52:42.504+0100] {dagbag.py:540} INFO - Filling up the DagBag from /home/najma/airflow-venv/lib/python3.12/site-packages/airflow/example_dags/example_trigger_controller_dag.py
[2026-05-08T17:52:42.508+0100] {processor.py:840} INFO - DAG(s) 'example_trigger_controller_dag' retrieved from /home/najma/airflow-venv/lib/python3.12/site-packages/airflow/example_dags/example_trigger_controller_dag.py
[2026-05-08T17:52:42.537+0100] {logging_mixin.py:188} INFO - [2026-05-08T17:52:42.536+0100] {dag.py:3096} INFO - Sync 1 DAGs
[2026-05-08T17:52:42.563+0100] {logging_mixin.py:188} INFO - [2026-05-08T17:52:42.563+0100] {dag.py:3954} INFO - Setting next_dagrun for example_trigger_controller_dag to 2021-01-01 00:00:00+00:00, run_after=2021-01-01 00:00:00+00:00
[2026-05-08T17:52:42.659+0100] {processor.py:183} INFO - Processing /home/najma/airflow-venv/lib/python3.12/site-packages/airflow/example_dags/example_trigger_controller_dag.py took 0.162 seconds
[2026-05-08T17:53:51.272+0100] {processor.py:161} INFO - Started process (PID=10696) to work on /home/najma/airflow-venv/lib/python3.12/site-packages/airflow/example_dags/example_trigger_controller_dag.py
[2026-05-08T17:53:51.273+0100] {processor.py:830} INFO - Processing file /home/najma/airflow-venv/lib/python3.12/site-packages/airflow/example_dags/example_trigger_controller_dag.py for tasks to queue
[2026-05-08T17:53:51.275+0100] {logging_mixin.py:188} INFO - [2026-05-08T17:53:51.275+0100] {dagbag.py:540} INFO - Filling up the DagBag from /home/najma/airflow-venv/lib/python3.12/site-packages/airflow/example_dags/example_trigger_controller_dag.py
[2026-05-08T17:53:51.283+0100] {processor.py:840} INFO - DAG(s) 'example_trigger_controller_dag' retrieved from /home/najma/airflow-venv/lib/python3.12/site-packages/airflow/example_dags/example_trigger_controller_dag.py
[2026-05-08T17:53:51.316+0100] {logging_mixin.py:188} INFO - [2026-05-08T17:53:51.316+0100] {dag.py:3096} INFO - Sync 1 DAGs
[2026-05-08T17:53:51.341+0100] {logging_mixin.py:188} INFO - [2026-05-08T17:53:51.341+0100] {dag.py:3954} INFO - Setting next_dagrun for example_trigger_controller_dag to 2021-01-01 00:00:00+00:00, run_after=2021-01-01 00:00:00+00:00
[2026-05-08T17:53:51.440+0100] {processor.py:183} INFO - Processing /home/najma/airflow-venv/lib/python3.12/site-packages/airflow/example_dags/example_trigger_controller_dag.py took 0.171 seconds
[2026-05-08T17:54:58.015+0100] {processor.py:161} INFO - Started process (PID=10768) to work on /home/najma/airflow-venv/lib/python3.12/site-packages/airflow/example_dags/example_trigger_controller_dag.py
[2026-05-08T17:54:58.016+0100] {processor.py:830} INFO - Processing file /home/najma/airflow-venv/lib/python3.12/site-packages/airflow/example_dags/example_trigger_controller_dag.py for tasks to queue
[2026-05-08T17:54:58.018+0100] {logging_mixin.py:188} INFO - [2026-05-08T17:54:58.018+0100] {dagbag.py:540} INFO - Filling up the DagBag from /home/najma/airflow-venv/lib/python3.12/site-packages/airflow/example_dags/example_trigger_controller_dag.py
[2026-05-08T17:54:58.022+0100] {processor.py:840} INFO - DAG(s) 'example_trigger_controller_dag' retrieved from /home/najma/airflow-venv/lib/python3.12/site-packages/airflow/example_dags/example_trigger_controller_dag.py
[2026-05-08T17:54:58.050+0100] {logging_mixin.py:188} INFO - [2026-05-08T17:54:58.049+0100] {dag.py:3096} INFO - Sync 1 DAGs
[2026-05-08T17:54:58.075+0100] {logging_mixin.py:188} INFO - [2026-05-08T17:54:58.075+0100] {dag.py:3954} INFO - Setting next_dagrun for example_trigger_controller_dag to 2021-01-01 00:00:00+00:00, run_after=2021-01-01 00:00:00+00:00
[2026-05-08T17:54:58.181+0100] {processor.py:183} INFO - Processing /home/najma/airflow-venv/lib/python3.12/site-packages/airflow/example_dags/example_trigger_controller_dag.py took 0.169 seconds
[2026-05-08T17:56:03.344+0100] {processor.py:161} INFO - Started process (PID=10825) to work on /home/najma/airflow-venv/lib/python3.12/site-packages/airflow/example_dags/example_trigger_controller_dag.py
[2026-05-08T17:56:03.346+0100] {processor.py:830} INFO - Processing file /home/najma/airflow-venv/lib/python3.12/site-packages/airflow/example_dags/example_trigger_controller_dag.py for tasks to queue
[2026-05-08T17:56:03.348+0100] {logging_mixin.py:188} INFO - [2026-05-08T17:56:03.347+0100] {dagbag.py:540} INFO - Filling up the DagBag from /home/najma/airflow-venv/lib/python3.12/site-packages/airflow/example_dags/example_trigger_controller_dag.py
[2026-05-08T17:56:03.353+0100] {processor.py:840} INFO - DAG(s) 'example_trigger_controller_dag' retrieved from /home/najma/airflow-venv/lib/python3.12/site-packages/airflow/example_dags/example_trigger_controller_dag.py
[2026-05-08T17:56:03.384+0100] {logging_mixin.py:188} INFO - [2026-05-08T17:56:03.384+0100] {dag.py:3096} INFO - Sync 1 DAGs
[2026-05-08T17:56:03.408+0100] {logging_mixin.py:188} INFO - [2026-05-08T17:56:03.408+0100] {dag.py:3954} INFO - Setting next_dagrun for example_trigger_controller_dag to 2021-01-01 00:00:00+00:00, run_after=2021-01-01 00:00:00+00:00
[2026-05-08T17:56:03.503+0100] {processor.py:183} INFO - Processing /home/najma/airflow-venv/lib/python3.12/site-packages/airflow/example_dags/example_trigger_controller_dag.py took 0.163 seconds
[2026-05-08T17:57:20.005+0100] {processor.py:161} INFO - Started process (PID=10886) to work on /home/najma/airflow-venv/lib/python3.12/site-packages/airflow/example_dags/example_trigger_controller_dag.py
[2026-05-08T17:57:20.006+0100] {processor.py:830} INFO - Processing file /home/najma/airflow-venv/lib/python3.12/site-packages/airflow/example_dags/example_trigger_controller_dag.py for tasks to queue
[2026-05-08T17:57:20.008+0100] {logging_mixin.py:188} INFO - [2026-05-08T17:57:20.007+0100] {dagbag.py:540} INFO - Filling up the DagBag from /home/najma/airflow-venv/lib/python3.12/site-packages/airflow/example_dags/example_trigger_controller_dag.py
[2026-05-08T17:57:20.012+0100] {processor.py:840} INFO - DAG(s) 'example_trigger_controller_dag' retrieved from /home/najma/airflow-venv/lib/python3.12/site-packages/airflow/example_dags/example_trigger_controller_dag.py
[2026-05-08T17:57:20.037+0100] {logging_mixin.py:188} INFO - [2026-05-08T17:57:20.037+0100] {dag.py:3096} INFO - Sync 1 DAGs
[2026-05-08T17:57:20.061+0100] {logging_mixin.py:188} INFO - [2026-05-08T17:57:20.061+0100] {dag.py:3954} INFO - Setting next_dagrun for example_trigger_controller_dag to 2021-01-01 00:00:00+00:00, run_after=2021-01-01 00:00:00+00:00
[2026-05-08T17:57:20.147+0100] {processor.py:183} INFO - Processing /home/najma/airflow-venv/lib/python3.12/site-packages/airflow/example_dags/example_trigger_controller_dag.py took 0.147 seconds
[2026-05-08T17:58:30.368+0100] {processor.py:161} INFO - Started process (PID=10949) to work on /home/najma/airflow-venv/lib/python3.12/site-packages/airflow/example_dags/example_trigger_controller_dag.py
[2026-05-08T17:58:30.369+0100] {processor.py:830} INFO - Processing file /home/najma/airflow-venv/lib/python3.12/site-packages/airflow/example_dags/example_trigger_controller_dag.py for tasks to queue
[2026-05-08T17:58:30.370+0100] {logging_mixin.py:188} INFO - [2026-05-08T17:58:30.370+0100] {dagbag.py:540} INFO - Filling up the DagBag from /home/najma/airflow-venv/lib/python3.12/site-packages/airflow/example_dags/example_trigger_controller_dag.py
[2026-05-08T17:58:30.375+0100] {processor.py:840} INFO - DAG(s) 'example_trigger_controller_dag' retrieved from /home/najma/airflow-venv/lib/python3.12/site-packages/airflow/example_dags/example_trigger_controller_dag.py
[2026-05-08T17:58:30.400+0100] {logging_mixin.py:188} INFO - [2026-05-08T17:58:30.400+0100] {dag.py:3096} INFO - Sync 1 DAGs
[2026-05-08T17:58:30.423+0100] {logging_mixin.py:188} INFO - [2026-05-08T17:58:30.423+0100] {dag.py:3954} INFO - Setting next_dagrun for example_trigger_controller_dag to 2021-01-01 00:00:00+00:00, run_after=2021-01-01 00:00:00+00:00
[2026-05-08T17:58:30.518+0100] {processor.py:183} INFO - Processing /home/najma/airflow-venv/lib/python3.12/site-packages/airflow/example_dags/example_trigger_controller_dag.py took 0.154 seconds
[2026-05-08T17:59:35.821+0100] {processor.py:161} INFO - Started process (PID=11007) to work on /home/najma/airflow-venv/lib/python3.12/site-packages/airflow/example_dags/example_trigger_controller_dag.py
[2026-05-08T17:59:35.822+0100] {processor.py:830} INFO - Processing file /home/najma/airflow-venv/lib/python3.12/site-packages/airflow/example_dags/example_trigger_controller_dag.py for tasks to queue
[2026-05-08T17:59:35.825+0100] {logging_mixin.py:188} INFO - [2026-05-08T17:59:35.824+0100] {dagbag.py:540} INFO - Filling up the DagBag from /home/najma/airflow-venv/lib/python3.12/site-packages/airflow/example_dags/example_trigger_controller_dag.py
[2026-05-08T17:59:35.830+0100] {processor.py:840} INFO - DAG(s) 'example_trigger_controller_dag' retrieved from /home/najma/airflow-venv/lib/python3.12/site-packages/airflow/example_dags/example_trigger_controller_dag.py
[2026-05-08T17:59:35.860+0100] {logging_mixin.py:188} INFO - [2026-05-08T17:59:35.860+0100] {dag.py:3096} INFO - Sync 1 DAGs
[2026-05-08T17:59:35.885+0100] {logging_mixin.py:188} INFO - [2026-05-08T17:59:35.885+0100] {dag.py:3954} INFO - Setting next_dagrun for example_trigger_controller_dag to 2021-01-01 00:00:00+00:00, run_after=2021-01-01 00:00:00+00:00
[2026-05-08T17:59:35.963+0100] {processor.py:183} INFO - Processing /home/najma/airflow-venv/lib/python3.12/site-packages/airflow/example_dags/example_trigger_controller_dag.py took 0.147 seconds
[2026-05-08T18:00:47.299+0100] {processor.py:161} INFO - Started process (PID=11068) to work on /home/najma/airflow-venv/lib/python3.12/site-packages/airflow/example_dags/example_trigger_controller_dag.py
[2026-05-08T18:00:47.300+0100] {processor.py:830} INFO - Processing file /home/najma/airflow-venv/lib/python3.12/site-packages/airflow/example_dags/example_trigger_controller_dag.py for tasks to queue
[2026-05-08T18:00:47.302+0100] {logging_mixin.py:188} INFO - [2026-05-08T18:00:47.301+0100] {dagbag.py:540} INFO - Filling up the DagBag from /home/najma/airflow-venv/lib/python3.12/site-packages/airflow/example_dags/example_trigger_controller_dag.py
[2026-05-08T18:00:47.306+0100] {processor.py:840} INFO - DAG(s) 'example_trigger_controller_dag' retrieved from /home/najma/airflow-venv/lib/python3.12/site-packages/airflow/example_dags/example_trigger_controller_dag.py
[2026-05-08T18:00:47.330+0100] {logging_mixin.py:188} INFO - [2026-05-08T18:00:47.330+0100] {dag.py:3096} INFO - Sync 1 DAGs
[2026-05-08T18:00:47.353+0100] {logging_mixin.py:188} INFO - [2026-05-08T18:00:47.353+0100] {dag.py:3954} INFO - Setting next_dagrun for example_trigger_controller_dag to 2021-01-01 00:00:00+00:00, run_after=2021-01-01 00:00:00+00:00
[2026-05-08T18:00:47.445+0100] {processor.py:183} INFO - Processing /home/najma/airflow-venv/lib/python3.12/site-packages/airflow/example_dags/example_trigger_controller_dag.py took 0.151 seconds
[2026-05-08T18:01:51.003+0100] {processor.py:161} INFO - Started process (PID=11127) to work on /home/najma/airflow-venv/lib/python3.12/site-packages/airflow/example_dags/example_trigger_controller_dag.py
[2026-05-08T18:01:51.004+0100] {processor.py:830} INFO - Processing file /home/najma/airflow-venv/lib/python3.12/site-packages/airflow/example_dags/example_trigger_controller_dag.py for tasks to queue
[2026-05-08T18:01:51.006+0100] {logging_mixin.py:188} INFO - [2026-05-08T18:01:51.006+0100] {dagbag.py:540} INFO - Filling up the DagBag from /home/najma/airflow-venv/lib/python3.12/site-packages/airflow/example_dags/example_trigger_controller_dag.py
[2026-05-08T18:01:51.010+0100] {processor.py:840} INFO - DAG(s) 'example_trigger_controller_dag' retrieved from /home/najma/airflow-venv/lib/python3.12/site-packages/airflow/example_dags/example_trigger_controller_dag.py
[2026-05-08T18:01:51.039+0100] {logging_mixin.py:188} INFO - [2026-05-08T18:01:51.039+0100] {dag.py:3096} INFO - Sync 1 DAGs
[2026-05-08T18:01:51.067+0100] {logging_mixin.py:188} INFO - [2026-05-08T18:01:51.067+0100] {dag.py:3954} INFO - Setting next_dagrun for example_trigger_controller_dag to 2021-01-01 00:00:00+00:00, run_after=2021-01-01 00:00:00+00:00
[2026-05-08T18:01:51.147+0100] {processor.py:183} INFO - Processing /home/najma/airflow-venv/lib/python3.12/site-packages/airflow/example_dags/example_trigger_controller_dag.py took 0.148 seconds
[2026-05-08T18:02:54.805+0100] {processor.py:161} INFO - Started process (PID=11185) to work on /home/najma/airflow-venv/lib/python3.12/site-packages/airflow/example_dags/example_trigger_controller_dag.py
[2026-05-08T18:02:54.806+0100] {processor.py:830} INFO - Processing file /home/najma/airflow-venv/lib/python3.12/site-packages/airflow/example_dags/example_trigger_controller_dag.py for tasks to queue
[2026-05-08T18:02:54.808+0100] {logging_mixin.py:188} INFO - [2026-05-08T18:02:54.807+0100] {dagbag.py:540} INFO - Filling up the DagBag from /home/najma/airflow-venv/lib/python3.12/site-packages/airflow/example_dags/example_trigger_controller_dag.py
[2026-05-08T18:02:54.811+0100] {processor.py:840} INFO - DAG(s) 'example_trigger_controller_dag' retrieved from /home/najma/airflow-venv/lib/python3.12/site-packages/airflow/example_dags/example_trigger_controller_dag.py
[2026-05-08T18:02:54.837+0100] {logging_mixin.py:188} INFO - [2026-05-08T18:02:54.837+0100] {dag.py:3096} INFO - Sync 1 DAGs
[2026-05-08T18:02:54.861+0100] {logging_mixin.py:188} INFO - [2026-05-08T18:02:54.861+0100] {dag.py:3954} INFO - Setting next_dagrun for example_trigger_controller_dag to 2021-01-01 00:00:00+00:00, run_after=2021-01-01 00:00:00+00:00
[2026-05-08T18:02:54.951+0100] {processor.py:183} INFO - Processing /home/najma/airflow-venv/lib/python3.12/site-packages/airflow/example_dags/example_trigger_controller_dag.py took 0.149 seconds
[2026-05-08T18:04:02.190+0100] {processor.py:161} INFO - Started process (PID=11243) to work on /home/najma/airflow-venv/lib/python3.12/site-packages/airflow/example_dags/example_trigger_controller_dag.py
[2026-05-08T18:04:02.191+0100] {processor.py:830} INFO - Processing file /home/najma/airflow-venv/lib/python3.12/site-packages/airflow/example_dags/example_trigger_controller_dag.py for tasks to queue
[2026-05-08T18:04:02.193+0100] {logging_mixin.py:188} INFO - [2026-05-08T18:04:02.193+0100] {dagbag.py:540} INFO - Filling up the DagBag from /home/najma/airflow-venv/lib/python3.12/site-packages/airflow/example_dags/example_trigger_controller_dag.py
[2026-05-08T18:04:02.197+0100] {processor.py:840} INFO - DAG(s) 'example_trigger_controller_dag' retrieved from /home/najma/airflow-venv/lib/python3.12/site-packages/airflow/example_dags/example_trigger_controller_dag.py
[2026-05-08T18:04:02.221+0100] {logging_mixin.py:188} INFO - [2026-05-08T18:04:02.221+0100] {dag.py:3096} INFO - Sync 1 DAGs
[2026-05-08T18:04:02.246+0100] {logging_mixin.py:188} INFO - [2026-05-08T18:04:02.246+0100] {dag.py:3954} INFO - Setting next_dagrun for example_trigger_controller_dag to 2021-01-01 00:00:00+00:00, run_after=2021-01-01 00:00:00+00:00
[2026-05-08T18:04:02.325+0100] {processor.py:183} INFO - Processing /home/najma/airflow-venv/lib/python3.12/site-packages/airflow/example_dags/example_trigger_controller_dag.py took 0.139 seconds
[2026-05-08T18:05:10.377+0100] {processor.py:161} INFO - Started process (PID=11303) to work on /home/najma/airflow-venv/lib/python3.12/site-packages/airflow/example_dags/example_trigger_controller_dag.py
[2026-05-08T18:05:10.378+0100] {processor.py:830} INFO - Processing file /home/najma/airflow-venv/lib/python3.12/site-packages/airflow/example_dags/example_trigger_controller_dag.py for tasks to queue
[2026-05-08T18:05:10.380+0100] {logging_mixin.py:188} INFO - [2026-05-08T18:05:10.380+0100] {dagbag.py:540} INFO - Filling up the DagBag from /home/najma/airflow-venv/lib/python3.12/site-packages/airflow/example_dags/example_trigger_controller_dag.py
[2026-05-08T18:05:10.384+0100] {processor.py:840} INFO - DAG(s) 'example_trigger_controller_dag' retrieved from /home/najma/airflow-venv/lib/python3.12/site-packages/airflow/example_dags/example_trigger_controller_dag.py
[2026-05-08T18:05:10.410+0100] {logging_mixin.py:188} INFO - [2026-05-08T18:05:10.410+0100] {dag.py:3096} INFO - Sync 1 DAGs
[2026-05-08T18:05:10.435+0100] {logging_mixin.py:188} INFO - [2026-05-08T18:05:10.435+0100] {dag.py:3954} INFO - Setting next_dagrun for example_trigger_controller_dag to 2021-01-01 00:00:00+00:00, run_after=2021-01-01 00:00:00+00:00
[2026-05-08T18:05:10.598+0100] {processor.py:183} INFO - Processing /home/najma/airflow-venv/lib/python3.12/site-packages/airflow/example_dags/example_trigger_controller_dag.py took 0.225 seconds
[2026-05-08T18:06:15.478+0100] {processor.py:161} INFO - Started process (PID=11362) to work on /home/najma/airflow-venv/lib/python3.12/site-packages/airflow/example_dags/example_trigger_controller_dag.py
[2026-05-08T18:06:15.479+0100] {processor.py:830} INFO - Processing file /home/najma/airflow-venv/lib/python3.12/site-packages/airflow/example_dags/example_trigger_controller_dag.py for tasks to queue
[2026-05-08T18:06:15.481+0100] {logging_mixin.py:188} INFO - [2026-05-08T18:06:15.480+0100] {dagbag.py:540} INFO - Filling up the DagBag from /home/najma/airflow-venv/lib/python3.12/site-packages/airflow/example_dags/example_trigger_controller_dag.py
[2026-05-08T18:06:15.484+0100] {processor.py:840} INFO - DAG(s) 'example_trigger_controller_dag' retrieved from /home/najma/airflow-venv/lib/python3.12/site-packages/airflow/example_dags/example_trigger_controller_dag.py
[2026-05-08T18:06:15.510+0100] {logging_mixin.py:188} INFO - [2026-05-08T18:06:15.510+0100] {dag.py:3096} INFO - Sync 1 DAGs
[2026-05-08T18:06:15.534+0100] {logging_mixin.py:188} INFO - [2026-05-08T18:06:15.534+0100] {dag.py:3954} INFO - Setting next_dagrun for example_trigger_controller_dag to 2021-01-01 00:00:00+00:00, run_after=2021-01-01 00:00:00+00:00
[2026-05-08T18:06:15.706+0100] {processor.py:183} INFO - Processing /home/najma/airflow-venv/lib/python3.12/site-packages/airflow/example_dags/example_trigger_controller_dag.py took 0.232 seconds
[2026-05-08T18:07:19.272+0100] {processor.py:161} INFO - Started process (PID=11418) to work on /home/najma/airflow-venv/lib/python3.12/site-packages/airflow/example_dags/example_trigger_controller_dag.py
[2026-05-08T18:07:19.273+0100] {processor.py:830} INFO - Processing file /home/najma/airflow-venv/lib/python3.12/site-packages/airflow/example_dags/example_trigger_controller_dag.py for tasks to queue
[2026-05-08T18:07:19.275+0100] {logging_mixin.py:188} INFO - [2026-05-08T18:07:19.274+0100] {dagbag.py:540} INFO - Filling up the DagBag from /home/najma/airflow-venv/lib/python3.12/site-packages/airflow/example_dags/example_trigger_controller_dag.py
[2026-05-08T18:07:19.279+0100] {processor.py:840} INFO - DAG(s) 'example_trigger_controller_dag' retrieved from /home/najma/airflow-venv/lib/python3.12/site-packages/airflow/example_dags/example_trigger_controller_dag.py
[2026-05-08T18:07:19.306+0100] {logging_mixin.py:188} INFO - [2026-05-08T18:07:19.306+0100] {dag.py:3096} INFO - Sync 1 DAGs
[2026-05-08T18:07:19.343+0100] {logging_mixin.py:188} INFO - [2026-05-08T18:07:19.342+0100] {dag.py:3954} INFO - Setting next_dagrun for example_trigger_controller_dag to 2021-01-01 00:00:00+00:00, run_after=2021-01-01 00:00:00+00:00
[2026-05-08T18:07:19.438+0100] {processor.py:183} INFO - Processing /home/najma/airflow-venv/lib/python3.12/site-packages/airflow/example_dags/example_trigger_controller_dag.py took 0.170 seconds
[2026-05-08T18:08:21.880+0100] {processor.py:161} INFO - Started process (PID=11476) to work on /home/najma/airflow-venv/lib/python3.12/site-packages/airflow/example_dags/example_trigger_controller_dag.py
[2026-05-08T18:08:21.882+0100] {processor.py:830} INFO - Processing file /home/najma/airflow-venv/lib/python3.12/site-packages/airflow/example_dags/example_trigger_controller_dag.py for tasks to queue
[2026-05-08T18:08:21.883+0100] {logging_mixin.py:188} INFO - [2026-05-08T18:08:21.883+0100] {dagbag.py:540} INFO - Filling up the DagBag from /home/najma/airflow-venv/lib/python3.12/site-packages/airflow/example_dags/example_trigger_controller_dag.py
[2026-05-08T18:08:21.887+0100] {processor.py:840} INFO - DAG(s) 'example_trigger_controller_dag' retrieved from /home/najma/airflow-venv/lib/python3.12/site-packages/airflow/example_dags/example_trigger_controller_dag.py
[2026-05-08T18:08:21.913+0100] {logging_mixin.py:188} INFO - [2026-05-08T18:08:21.912+0100] {dag.py:3096} INFO - Sync 1 DAGs
[2026-05-08T18:08:21.938+0100] {logging_mixin.py:188} INFO - [2026-05-08T18:08:21.938+0100] {dag.py:3954} INFO - Setting next_dagrun for example_trigger_controller_dag to 2021-01-01 00:00:00+00:00, run_after=2021-01-01 00:00:00+00:00
[2026-05-08T18:08:22.029+0100] {processor.py:183} INFO - Processing /home/najma/airflow-venv/lib/python3.12/site-packages/airflow/example_dags/example_trigger_controller_dag.py took 0.152 seconds
[2026-05-08T18:09:28.138+0100] {processor.py:161} INFO - Started process (PID=11534) to work on /home/najma/airflow-venv/lib/python3.12/site-packages/airflow/example_dags/example_trigger_controller_dag.py
[2026-05-08T18:09:28.139+0100] {processor.py:830} INFO - Processing file /home/najma/airflow-venv/lib/python3.12/site-packages/airflow/example_dags/example_trigger_controller_dag.py for tasks to queue
[2026-05-08T18:09:28.141+0100] {logging_mixin.py:188} INFO - [2026-05-08T18:09:28.141+0100] {dagbag.py:540} INFO - Filling up the DagBag from /home/najma/airflow-venv/lib/python3.12/site-packages/airflow/example_dags/example_trigger_controller_dag.py
[2026-05-08T18:09:28.145+0100] {processor.py:840} INFO - DAG(s) 'example_trigger_controller_dag' retrieved from /home/najma/airflow-venv/lib/python3.12/site-packages/airflow/example_dags/example_trigger_controller_dag.py
[2026-05-08T18:09:28.171+0100] {logging_mixin.py:188} INFO - [2026-05-08T18:09:28.171+0100] {dag.py:3096} INFO - Sync 1 DAGs
[2026-05-08T18:09:28.195+0100] {logging_mixin.py:188} INFO - [2026-05-08T18:09:28.195+0100] {dag.py:3954} INFO - Setting next_dagrun for example_trigger_controller_dag to 2021-01-01 00:00:00+00:00, run_after=2021-01-01 00:00:00+00:00
[2026-05-08T18:09:28.289+0100] {processor.py:183} INFO - Processing /home/najma/airflow-venv/lib/python3.12/site-packages/airflow/example_dags/example_trigger_controller_dag.py took 0.154 seconds
[2026-05-08T18:10:28.564+0100] {processor.py:161} INFO - Started process (PID=11589) to work on /home/najma/airflow-venv/lib/python3.12/site-packages/airflow/example_dags/example_trigger_controller_dag.py
[2026-05-08T18:10:28.565+0100] {processor.py:830} INFO - Processing file /home/najma/airflow-venv/lib/python3.12/site-packages/airflow/example_dags/example_trigger_controller_dag.py for tasks to queue
[2026-05-08T18:10:28.566+0100] {logging_mixin.py:188} INFO - [2026-05-08T18:10:28.566+0100] {dagbag.py:540} INFO - Filling up the DagBag from /home/najma/airflow-venv/lib/python3.12/site-packages/airflow/example_dags/example_trigger_controller_dag.py
[2026-05-08T18:10:28.570+0100] {processor.py:840} INFO - DAG(s) 'example_trigger_controller_dag' retrieved from /home/najma/airflow-venv/lib/python3.12/site-packages/airflow/example_dags/example_trigger_controller_dag.py
[2026-05-08T18:10:28.594+0100] {logging_mixin.py:188} INFO - [2026-05-08T18:10:28.594+0100] {dag.py:3096} INFO - Sync 1 DAGs
[2026-05-08T18:10:28.619+0100] {logging_mixin.py:188} INFO - [2026-05-08T18:10:28.618+0100] {dag.py:3954} INFO - Setting next_dagrun for example_trigger_controller_dag to 2021-01-01 00:00:00+00:00, run_after=2021-01-01 00:00:00+00:00
[2026-05-08T18:10:28.696+0100] {processor.py:183} INFO - Processing /home/najma/airflow-venv/lib/python3.12/site-packages/airflow/example_dags/example_trigger_controller_dag.py took 0.137 seconds
[2026-05-08T18:11:36.455+0100] {processor.py:161} INFO - Started process (PID=11645) to work on /home/najma/airflow-venv/lib/python3.12/site-packages/airflow/example_dags/example_trigger_controller_dag.py
[2026-05-08T18:11:36.456+0100] {processor.py:830} INFO - Processing file /home/najma/airflow-venv/lib/python3.12/site-packages/airflow/example_dags/example_trigger_controller_dag.py for tasks to queue
[2026-05-08T18:11:36.457+0100] {logging_mixin.py:188} INFO - [2026-05-08T18:11:36.457+0100] {dagbag.py:540} INFO - Filling up the DagBag from /home/najma/airflow-venv/lib/python3.12/site-packages/airflow/example_dags/example_trigger_controller_dag.py
[2026-05-08T18:11:36.461+0100] {processor.py:840} INFO - DAG(s) 'example_trigger_controller_dag' retrieved from /home/najma/airflow-venv/lib/python3.12/site-packages/airflow/example_dags/example_trigger_controller_dag.py
[2026-05-08T18:11:36.486+0100] {logging_mixin.py:188} INFO - [2026-05-08T18:11:36.485+0100] {dag.py:3096} INFO - Sync 1 DAGs
[2026-05-08T18:11:36.510+0100] {logging_mixin.py:188} INFO - [2026-05-08T18:11:36.510+0100] {dag.py:3954} INFO - Setting next_dagrun for example_trigger_controller_dag to 2021-01-01 00:00:00+00:00, run_after=2021-01-01 00:00:00+00:00
[2026-05-08T18:11:36.586+0100] {processor.py:183} INFO - Processing /home/najma/airflow-venv/lib/python3.12/site-packages/airflow/example_dags/example_trigger_controller_dag.py took 0.135 seconds
[2026-05-08T18:12:47.163+0100] {processor.py:161} INFO - Started process (PID=11703) to work on /home/najma/airflow-venv/lib/python3.12/site-packages/airflow/example_dags/example_trigger_controller_dag.py
[2026-05-08T18:12:47.164+0100] {processor.py:830} INFO - Processing file /home/najma/airflow-venv/lib/python3.12/site-packages/airflow/example_dags/example_trigger_controller_dag.py for tasks to queue
[2026-05-08T18:12:47.166+0100] {logging_mixin.py:188} INFO - [2026-05-08T18:12:47.165+0100] {dagbag.py:540} INFO - Filling up the DagBag from /home/najma/airflow-venv/lib/python3.12/site-packages/airflow/example_dags/example_trigger_controller_dag.py
[2026-05-08T18:12:47.170+0100] {processor.py:840} INFO - DAG(s) 'example_trigger_controller_dag' retrieved from /home/najma/airflow-venv/lib/python3.12/site-packages/airflow/example_dags/example_trigger_controller_dag.py
[2026-05-08T18:12:47.194+0100] {logging_mixin.py:188} INFO - [2026-05-08T18:12:47.194+0100] {dag.py:3096} INFO - Sync 1 DAGs
[2026-05-08T18:12:47.227+0100] {logging_mixin.py:188} INFO - [2026-05-08T18:12:47.226+0100] {dag.py:3954} INFO - Setting next_dagrun for example_trigger_controller_dag to 2021-01-01 00:00:00+00:00, run_after=2021-01-01 00:00:00+00:00
[2026-05-08T18:12:47.314+0100] {processor.py:183} INFO - Processing /home/najma/airflow-venv/lib/python3.12/site-packages/airflow/example_dags/example_trigger_controller_dag.py took 0.155 seconds
[2026-05-08T18:13:37.711+0100] {processor.py:161} INFO - Started process (PID=11734) to work on /home/najma/airflow-venv/lib/python3.12/site-packages/airflow/example_dags/example_trigger_controller_dag.py
[2026-05-08T18:13:37.713+0100] {processor.py:830} INFO - Processing file /home/najma/airflow-venv/lib/python3.12/site-packages/airflow/example_dags/example_trigger_controller_dag.py for tasks to queue
[2026-05-08T18:13:37.715+0100] {logging_mixin.py:188} INFO - [2026-05-08T18:13:37.714+0100] {dagbag.py:540} INFO - Filling up the DagBag from /home/najma/airflow-venv/lib/python3.12/site-packages/airflow/example_dags/example_trigger_controller_dag.py
[2026-05-08T18:13:37.720+0100] {processor.py:840} INFO - DAG(s) 'example_trigger_controller_dag' retrieved from /home/najma/airflow-venv/lib/python3.12/site-packages/airflow/example_dags/example_trigger_controller_dag.py
[2026-05-08T18:13:37.757+0100] {logging_mixin.py:188} INFO - [2026-05-08T18:13:37.757+0100] {dag.py:3096} INFO - Sync 1 DAGs
[2026-05-08T18:13:37.787+0100] {logging_mixin.py:188} INFO - [2026-05-08T18:13:37.787+0100] {dag.py:3954} INFO - Setting next_dagrun for example_trigger_controller_dag to 2021-01-01 00:00:00+00:00, run_after=2021-01-01 00:00:00+00:00
[2026-05-08T18:13:37.883+0100] {processor.py:183} INFO - Processing /home/najma/airflow-venv/lib/python3.12/site-packages/airflow/example_dags/example_trigger_controller_dag.py took 0.178 seconds
[2026-05-08T18:14:23.598+0100] {processor.py:161} INFO - Started process (PID=11773) to work on /home/najma/airflow-venv/lib/python3.12/site-packages/airflow/example_dags/example_trigger_controller_dag.py
[2026-05-08T18:14:23.599+0100] {processor.py:830} INFO - Processing file /home/najma/airflow-venv/lib/python3.12/site-packages/airflow/example_dags/example_trigger_controller_dag.py for tasks to queue
[2026-05-08T18:14:23.601+0100] {logging_mixin.py:188} INFO - [2026-05-08T18:14:23.601+0100] {dagbag.py:540} INFO - Filling up the DagBag from /home/najma/airflow-venv/lib/python3.12/site-packages/airflow/example_dags/example_trigger_controller_dag.py
[2026-05-08T18:14:23.605+0100] {processor.py:840} INFO - DAG(s) 'example_trigger_controller_dag' retrieved from /home/najma/airflow-venv/lib/python3.12/site-packages/airflow/example_dags/example_trigger_controller_dag.py
[2026-05-08T18:14:23.630+0100] {logging_mixin.py:188} INFO - [2026-05-08T18:14:23.630+0100] {dag.py:3096} INFO - Sync 1 DAGs
[2026-05-08T18:14:23.656+0100] {logging_mixin.py:188} INFO - [2026-05-08T18:14:23.656+0100] {dag.py:3954} INFO - Setting next_dagrun for example_trigger_controller_dag to 2021-01-01 00:00:00+00:00, run_after=2021-01-01 00:00:00+00:00
[2026-05-08T18:14:23.766+0100] {processor.py:183} INFO - Processing /home/najma/airflow-venv/lib/python3.12/site-packages/airflow/example_dags/example_trigger_controller_dag.py took 0.172 seconds
[2026-05-08T18:15:38.735+0100] {processor.py:161} INFO - Started process (PID=11842) to work on /home/najma/airflow-venv/lib/python3.12/site-packages/airflow/example_dags/example_trigger_controller_dag.py
[2026-05-08T18:15:38.736+0100] {processor.py:830} INFO - Processing file /home/najma/airflow-venv/lib/python3.12/site-packages/airflow/example_dags/example_trigger_controller_dag.py for tasks to queue
[2026-05-08T18:15:38.738+0100] {logging_mixin.py:188} INFO - [2026-05-08T18:15:38.738+0100] {dagbag.py:540} INFO - Filling up the DagBag from /home/najma/airflow-venv/lib/python3.12/site-packages/airflow/example_dags/example_trigger_controller_dag.py
[2026-05-08T18:15:38.742+0100] {processor.py:840} INFO - DAG(s) 'example_trigger_controller_dag' retrieved from /home/najma/airflow-venv/lib/python3.12/site-packages/airflow/example_dags/example_trigger_controller_dag.py
[2026-05-08T18:15:38.771+0100] {logging_mixin.py:188} INFO - [2026-05-08T18:15:38.771+0100] {dag.py:3096} INFO - Sync 1 DAGs
[2026-05-08T18:15:38.797+0100] {logging_mixin.py:188} INFO - [2026-05-08T18:15:38.796+0100] {dag.py:3954} INFO - Setting next_dagrun for example_trigger_controller_dag to 2021-01-01 00:00:00+00:00, run_after=2021-01-01 00:00:00+00:00
[2026-05-08T18:15:38.893+0100] {processor.py:183} INFO - Processing /home/najma/airflow-venv/lib/python3.12/site-packages/airflow/example_dags/example_trigger_controller_dag.py took 0.162 seconds
[2026-05-08T18:16:47.906+0100] {processor.py:161} INFO - Started process (PID=11899) to work on /home/najma/airflow-venv/lib/python3.12/site-packages/airflow/example_dags/example_trigger_controller_dag.py
[2026-05-08T18:16:47.909+0100] {processor.py:830} INFO - Processing file /home/najma/airflow-venv/lib/python3.12/site-packages/airflow/example_dags/example_trigger_controller_dag.py for tasks to queue
[2026-05-08T18:16:47.912+0100] {logging_mixin.py:188} INFO - [2026-05-08T18:16:47.911+0100] {dagbag.py:540} INFO - Filling up the DagBag from /home/najma/airflow-venv/lib/python3.12/site-packages/airflow/example_dags/example_trigger_controller_dag.py
[2026-05-08T18:16:47.917+0100] {processor.py:840} INFO - DAG(s) 'example_trigger_controller_dag' retrieved from /home/najma/airflow-venv/lib/python3.12/site-packages/airflow/example_dags/example_trigger_controller_dag.py
[2026-05-08T18:16:47.959+0100] {logging_mixin.py:188} INFO - [2026-05-08T18:16:47.958+0100] {dag.py:3096} INFO - Sync 1 DAGs
[2026-05-08T18:16:48.323+0100] {logging_mixin.py:188} INFO - [2026-05-08T18:16:48.323+0100] {dag.py:3954} INFO - Setting next_dagrun for example_trigger_controller_dag to 2021-01-01 00:00:00+00:00, run_after=2021-01-01 00:00:00+00:00
[2026-05-08T18:16:48.504+0100] {processor.py:183} INFO - Processing /home/najma/airflow-venv/lib/python3.12/site-packages/airflow/example_dags/example_trigger_controller_dag.py took 0.603 seconds
[2026-05-08T18:17:57.632+0100] {processor.py:161} INFO - Started process (PID=11959) to work on /home/najma/airflow-venv/lib/python3.12/site-packages/airflow/example_dags/example_trigger_controller_dag.py
[2026-05-08T18:17:57.633+0100] {processor.py:830} INFO - Processing file /home/najma/airflow-venv/lib/python3.12/site-packages/airflow/example_dags/example_trigger_controller_dag.py for tasks to queue
[2026-05-08T18:17:57.635+0100] {logging_mixin.py:188} INFO - [2026-05-08T18:17:57.635+0100] {dagbag.py:540} INFO - Filling up the DagBag from /home/najma/airflow-venv/lib/python3.12/site-packages/airflow/example_dags/example_trigger_controller_dag.py
[2026-05-08T18:17:57.639+0100] {processor.py:840} INFO - DAG(s) 'example_trigger_controller_dag' retrieved from /home/najma/airflow-venv/lib/python3.12/site-packages/airflow/example_dags/example_trigger_controller_dag.py
[2026-05-08T18:17:57.662+0100] {logging_mixin.py:188} INFO - [2026-05-08T18:17:57.662+0100] {dag.py:3096} INFO - Sync 1 DAGs
[2026-05-08T18:17:57.685+0100] {logging_mixin.py:188} INFO - [2026-05-08T18:17:57.684+0100] {dag.py:3954} INFO - Setting next_dagrun for example_trigger_controller_dag to 2021-01-01 00:00:00+00:00, run_after=2021-01-01 00:00:00+00:00
[2026-05-08T18:17:57.776+0100] {processor.py:183} INFO - Processing /home/najma/airflow-venv/lib/python3.12/site-packages/airflow/example_dags/example_trigger_controller_dag.py took 0.148 seconds
[2026-05-08T18:19:09.165+0100] {processor.py:161} INFO - Started process (PID=12016) to work on /home/najma/airflow-venv/lib/python3.12/site-packages/airflow/example_dags/example_trigger_controller_dag.py
[2026-05-08T18:19:09.166+0100] {processor.py:830} INFO - Processing file /home/najma/airflow-venv/lib/python3.12/site-packages/airflow/example_dags/example_trigger_controller_dag.py for tasks to queue
[2026-05-08T18:19:09.168+0100] {logging_mixin.py:188} INFO - [2026-05-08T18:19:09.168+0100] {dagbag.py:540} INFO - Filling up the DagBag from /home/najma/airflow-venv/lib/python3.12/site-packages/airflow/example_dags/example_trigger_controller_dag.py
[2026-05-08T18:19:09.171+0100] {processor.py:840} INFO - DAG(s) 'example_trigger_controller_dag' retrieved from /home/najma/airflow-venv/lib/python3.12/site-packages/airflow/example_dags/example_trigger_controller_dag.py
[2026-05-08T18:19:09.193+0100] {logging_mixin.py:188} INFO - [2026-05-08T18:19:09.193+0100] {dag.py:3096} INFO - Sync 1 DAGs
[2026-05-08T18:19:09.220+0100] {logging_mixin.py:188} INFO - [2026-05-08T18:19:09.219+0100] {dag.py:3954} INFO - Setting next_dagrun for example_trigger_controller_dag to 2021-01-01 00:00:00+00:00, run_after=2021-01-01 00:00:00+00:00
[2026-05-08T18:19:09.295+0100] {processor.py:183} INFO - Processing /home/najma/airflow-venv/lib/python3.12/site-packages/airflow/example_dags/example_trigger_controller_dag.py took 0.135 seconds
[2026-05-08T18:20:17.218+0100] {processor.py:161} INFO - Started process (PID=12073) to work on /home/najma/airflow-venv/lib/python3.12/site-packages/airflow/example_dags/example_trigger_controller_dag.py
[2026-05-08T18:20:17.219+0100] {processor.py:830} INFO - Processing file /home/najma/airflow-venv/lib/python3.12/site-packages/airflow/example_dags/example_trigger_controller_dag.py for tasks to queue
[2026-05-08T18:20:17.221+0100] {logging_mixin.py:188} INFO - [2026-05-08T18:20:17.221+0100] {dagbag.py:540} INFO - Filling up the DagBag from /home/najma/airflow-venv/lib/python3.12/site-packages/airflow/example_dags/example_trigger_controller_dag.py
[2026-05-08T18:20:17.226+0100] {processor.py:840} INFO - DAG(s) 'example_trigger_controller_dag' retrieved from /home/najma/airflow-venv/lib/python3.12/site-packages/airflow/example_dags/example_trigger_controller_dag.py
[2026-05-08T18:20:17.248+0100] {logging_mixin.py:188} INFO - [2026-05-08T18:20:17.248+0100] {dag.py:3096} INFO - Sync 1 DAGs
[2026-05-08T18:20:17.276+0100] {logging_mixin.py:188} INFO - [2026-05-08T18:20:17.276+0100] {dag.py:3954} INFO - Setting next_dagrun for example_trigger_controller_dag to 2021-01-01 00:00:00+00:00, run_after=2021-01-01 00:00:00+00:00
[2026-05-08T18:20:17.368+0100] {processor.py:183} INFO - Processing /home/najma/airflow-venv/lib/python3.12/site-packages/airflow/example_dags/example_trigger_controller_dag.py took 0.153 seconds
[2026-05-08T18:21:30.254+0100] {processor.py:161} INFO - Started process (PID=12131) to work on /home/najma/airflow-venv/lib/python3.12/site-packages/airflow/example_dags/example_trigger_controller_dag.py
[2026-05-08T18:21:30.255+0100] {processor.py:830} INFO - Processing file /home/najma/airflow-venv/lib/python3.12/site-packages/airflow/example_dags/example_trigger_controller_dag.py for tasks to queue
[2026-05-08T18:21:30.257+0100] {logging_mixin.py:188} INFO - [2026-05-08T18:21:30.257+0100] {dagbag.py:540} INFO - Filling up the DagBag from /home/najma/airflow-venv/lib/python3.12/site-packages/airflow/example_dags/example_trigger_controller_dag.py
[2026-05-08T18:21:30.261+0100] {processor.py:840} INFO - DAG(s) 'example_trigger_controller_dag' retrieved from /home/najma/airflow-venv/lib/python3.12/site-packages/airflow/example_dags/example_trigger_controller_dag.py
[2026-05-08T18:21:30.290+0100] {logging_mixin.py:188} INFO - [2026-05-08T18:21:30.289+0100] {dag.py:3096} INFO - Sync 1 DAGs
[2026-05-08T18:21:30.315+0100] {logging_mixin.py:188} INFO - [2026-05-08T18:21:30.315+0100] {dag.py:3954} INFO - Setting next_dagrun for example_trigger_controller_dag to 2021-01-01 00:00:00+00:00, run_after=2021-01-01 00:00:00+00:00
[2026-05-08T18:21:30.414+0100] {processor.py:183} INFO - Processing /home/najma/airflow-venv/lib/python3.12/site-packages/airflow/example_dags/example_trigger_controller_dag.py took 0.164 seconds
[2026-05-08T18:22:40.181+0100] {processor.py:161} INFO - Started process (PID=12189) to work on /home/najma/airflow-venv/lib/python3.12/site-packages/airflow/example_dags/example_trigger_controller_dag.py
[2026-05-08T18:22:40.182+0100] {processor.py:830} INFO - Processing file /home/najma/airflow-venv/lib/python3.12/site-packages/airflow/example_dags/example_trigger_controller_dag.py for tasks to queue
[2026-05-08T18:22:40.183+0100] {logging_mixin.py:188} INFO - [2026-05-08T18:22:40.183+0100] {dagbag.py:540} INFO - Filling up the DagBag from /home/najma/airflow-venv/lib/python3.12/site-packages/airflow/example_dags/example_trigger_controller_dag.py
[2026-05-08T18:22:40.187+0100] {processor.py:840} INFO - DAG(s) 'example_trigger_controller_dag' retrieved from /home/najma/airflow-venv/lib/python3.12/site-packages/airflow/example_dags/example_trigger_controller_dag.py
[2026-05-08T18:22:40.211+0100] {logging_mixin.py:188} INFO - [2026-05-08T18:22:40.210+0100] {dag.py:3096} INFO - Sync 1 DAGs
[2026-05-08T18:22:40.236+0100] {logging_mixin.py:188} INFO - [2026-05-08T18:22:40.236+0100] {dag.py:3954} INFO - Setting next_dagrun for example_trigger_controller_dag to 2021-01-01 00:00:00+00:00, run_after=2021-01-01 00:00:00+00:00
[2026-05-08T18:22:40.319+0100] {processor.py:183} INFO - Processing /home/najma/airflow-venv/lib/python3.12/site-packages/airflow/example_dags/example_trigger_controller_dag.py took 0.142 seconds
[2026-05-08T18:23:48.448+0100] {processor.py:161} INFO - Started process (PID=12243) to work on /home/najma/airflow-venv/lib/python3.12/site-packages/airflow/example_dags/example_trigger_controller_dag.py
[2026-05-08T18:23:48.450+0100] {processor.py:830} INFO - Processing file /home/najma/airflow-venv/lib/python3.12/site-packages/airflow/example_dags/example_trigger_controller_dag.py for tasks to queue
[2026-05-08T18:23:48.452+0100] {logging_mixin.py:188} INFO - [2026-05-08T18:23:48.451+0100] {dagbag.py:540} INFO - Filling up the DagBag from /home/najma/airflow-venv/lib/python3.12/site-packages/airflow/example_dags/example_trigger_controller_dag.py
[2026-05-08T18:23:48.456+0100] {processor.py:840} INFO - DAG(s) 'example_trigger_controller_dag' retrieved from /home/najma/airflow-venv/lib/python3.12/site-packages/airflow/example_dags/example_trigger_controller_dag.py
[2026-05-08T18:23:48.484+0100] {logging_mixin.py:188} INFO - [2026-05-08T18:23:48.484+0100] {dag.py:3096} INFO - Sync 1 DAGs
[2026-05-08T18:23:48.510+0100] {logging_mixin.py:188} INFO - [2026-05-08T18:23:48.510+0100] {dag.py:3954} INFO - Setting next_dagrun for example_trigger_controller_dag to 2021-01-01 00:00:00+00:00, run_after=2021-01-01 00:00:00+00:00
[2026-05-08T18:23:48.594+0100] {processor.py:183} INFO - Processing /home/najma/airflow-venv/lib/python3.12/site-packages/airflow/example_dags/example_trigger_controller_dag.py took 0.149 seconds
[2026-05-08T18:24:59.692+0100] {processor.py:161} INFO - Started process (PID=12305) to work on /home/najma/airflow-venv/lib/python3.12/site-packages/airflow/example_dags/example_trigger_controller_dag.py
[2026-05-08T18:24:59.695+0100] {processor.py:830} INFO - Processing file /home/najma/airflow-venv/lib/python3.12/site-packages/airflow/example_dags/example_trigger_controller_dag.py for tasks to queue
[2026-05-08T18:24:59.696+0100] {logging_mixin.py:188} INFO - [2026-05-08T18:24:59.696+0100] {dagbag.py:540} INFO - Filling up the DagBag from /home/najma/airflow-venv/lib/python3.12/site-packages/airflow/example_dags/example_trigger_controller_dag.py
[2026-05-08T18:24:59.700+0100] {processor.py:840} INFO - DAG(s) 'example_trigger_controller_dag' retrieved from /home/najma/airflow-venv/lib/python3.12/site-packages/airflow/example_dags/example_trigger_controller_dag.py
[2026-05-08T18:24:59.726+0100] {logging_mixin.py:188} INFO - [2026-05-08T18:24:59.726+0100] {dag.py:3096} INFO - Sync 1 DAGs
[2026-05-08T18:24:59.751+0100] {logging_mixin.py:188} INFO - [2026-05-08T18:24:59.751+0100] {dag.py:3954} INFO - Setting next_dagrun for example_trigger_controller_dag to 2021-01-01 00:00:00+00:00, run_after=2021-01-01 00:00:00+00:00
[2026-05-08T18:24:59.837+0100] {processor.py:183} INFO - Processing /home/najma/airflow-venv/lib/python3.12/site-packages/airflow/example_dags/example_trigger_controller_dag.py took 0.149 seconds
[2026-05-08T18:26:03.702+0100] {processor.py:161} INFO - Started process (PID=12370) to work on /home/najma/airflow-venv/lib/python3.12/site-packages/airflow/example_dags/example_trigger_controller_dag.py
[2026-05-08T18:26:03.703+0100] {processor.py:830} INFO - Processing file /home/najma/airflow-venv/lib/python3.12/site-packages/airflow/example_dags/example_trigger_controller_dag.py for tasks to queue
[2026-05-08T18:26:03.705+0100] {logging_mixin.py:188} INFO - [2026-05-08T18:26:03.704+0100] {dagbag.py:540} INFO - Filling up the DagBag from /home/najma/airflow-venv/lib/python3.12/site-packages/airflow/example_dags/example_trigger_controller_dag.py
[2026-05-08T18:26:03.711+0100] {processor.py:840} INFO - DAG(s) 'example_trigger_controller_dag' retrieved from /home/najma/airflow-venv/lib/python3.12/site-packages/airflow/example_dags/example_trigger_controller_dag.py
[2026-05-08T18:26:03.740+0100] {logging_mixin.py:188} INFO - [2026-05-08T18:26:03.739+0100] {dag.py:3096} INFO - Sync 1 DAGs
[2026-05-08T18:26:03.768+0100] {logging_mixin.py:188} INFO - [2026-05-08T18:26:03.768+0100] {dag.py:3954} INFO - Setting next_dagrun for example_trigger_controller_dag to 2021-01-01 00:00:00+00:00, run_after=2021-01-01 00:00:00+00:00
[2026-05-08T18:26:03.871+0100] {processor.py:183} INFO - Processing /home/najma/airflow-venv/lib/python3.12/site-packages/airflow/example_dags/example_trigger_controller_dag.py took 0.174 seconds
[2026-05-08T18:26:53.043+0100] {processor.py:161} INFO - Started process (PID=12409) to work on /home/najma/airflow-venv/lib/python3.12/site-packages/airflow/example_dags/example_trigger_controller_dag.py
[2026-05-08T18:26:53.044+0100] {processor.py:830} INFO - Processing file /home/najma/airflow-venv/lib/python3.12/site-packages/airflow/example_dags/example_trigger_controller_dag.py for tasks to queue
[2026-05-08T18:26:53.048+0100] {logging_mixin.py:188} INFO - [2026-05-08T18:26:53.048+0100] {dagbag.py:540} INFO - Filling up the DagBag from /home/najma/airflow-venv/lib/python3.12/site-packages/airflow/example_dags/example_trigger_controller_dag.py
[2026-05-08T18:26:53.056+0100] {processor.py:840} INFO - DAG(s) 'example_trigger_controller_dag' retrieved from /home/najma/airflow-venv/lib/python3.12/site-packages/airflow/example_dags/example_trigger_controller_dag.py
[2026-05-08T18:26:53.095+0100] {logging_mixin.py:188} INFO - [2026-05-08T18:26:53.094+0100] {dag.py:3096} INFO - Sync 1 DAGs
[2026-05-08T18:26:53.141+0100] {logging_mixin.py:188} INFO - [2026-05-08T18:26:53.141+0100] {dag.py:3954} INFO - Setting next_dagrun for example_trigger_controller_dag to 2021-01-01 00:00:00+00:00, run_after=2021-01-01 00:00:00+00:00
[2026-05-08T18:26:53.274+0100] {processor.py:183} INFO - Processing /home/najma/airflow-venv/lib/python3.12/site-packages/airflow/example_dags/example_trigger_controller_dag.py took 0.236 seconds
[2026-05-08T18:28:16.400+0100] {processor.py:161} INFO - Started process (PID=12473) to work on /home/najma/airflow-venv/lib/python3.12/site-packages/airflow/example_dags/example_trigger_controller_dag.py
[2026-05-08T18:28:16.415+0100] {processor.py:830} INFO - Processing file /home/najma/airflow-venv/lib/python3.12/site-packages/airflow/example_dags/example_trigger_controller_dag.py for tasks to queue
[2026-05-08T18:28:16.417+0100] {logging_mixin.py:188} INFO - [2026-05-08T18:28:16.417+0100] {dagbag.py:540} INFO - Filling up the DagBag from /home/najma/airflow-venv/lib/python3.12/site-packages/airflow/example_dags/example_trigger_controller_dag.py
[2026-05-08T18:28:16.422+0100] {processor.py:840} INFO - DAG(s) 'example_trigger_controller_dag' retrieved from /home/najma/airflow-venv/lib/python3.12/site-packages/airflow/example_dags/example_trigger_controller_dag.py
[2026-05-08T18:28:16.451+0100] {logging_mixin.py:188} INFO - [2026-05-08T18:28:16.450+0100] {dag.py:3096} INFO - Sync 1 DAGs
[2026-05-08T18:28:16.477+0100] {logging_mixin.py:188} INFO - [2026-05-08T18:28:16.477+0100] {dag.py:3954} INFO - Setting next_dagrun for example_trigger_controller_dag to 2021-01-01 00:00:00+00:00, run_after=2021-01-01 00:00:00+00:00
[2026-05-08T18:28:16.574+0100] {processor.py:183} INFO - Processing /home/najma/airflow-venv/lib/python3.12/site-packages/airflow/example_dags/example_trigger_controller_dag.py took 0.179 seconds
[2026-05-08T18:29:30.545+0100] {processor.py:161} INFO - Started process (PID=12532) to work on /home/najma/airflow-venv/lib/python3.12/site-packages/airflow/example_dags/example_trigger_controller_dag.py
[2026-05-08T18:29:30.546+0100] {processor.py:830} INFO - Processing file /home/najma/airflow-venv/lib/python3.12/site-packages/airflow/example_dags/example_trigger_controller_dag.py for tasks to queue
[2026-05-08T18:29:30.548+0100] {logging_mixin.py:188} INFO - [2026-05-08T18:29:30.548+0100] {dagbag.py:540} INFO - Filling up the DagBag from /home/najma/airflow-venv/lib/python3.12/site-packages/airflow/example_dags/example_trigger_controller_dag.py
[2026-05-08T18:29:30.559+0100] {processor.py:840} INFO - DAG(s) 'example_trigger_controller_dag' retrieved from /home/najma/airflow-venv/lib/python3.12/site-packages/airflow/example_dags/example_trigger_controller_dag.py
[2026-05-08T18:29:30.593+0100] {logging_mixin.py:188} INFO - [2026-05-08T18:29:30.593+0100] {dag.py:3096} INFO - Sync 1 DAGs
[2026-05-08T18:29:30.653+0100] {logging_mixin.py:188} INFO - [2026-05-08T18:29:30.653+0100] {dag.py:3954} INFO - Setting next_dagrun for example_trigger_controller_dag to 2021-01-01 00:00:00+00:00, run_after=2021-01-01 00:00:00+00:00
[2026-05-08T18:29:30.839+0100] {processor.py:183} INFO - Processing /home/najma/airflow-venv/lib/python3.12/site-packages/airflow/example_dags/example_trigger_controller_dag.py took 0.298 seconds
[2026-05-08T18:30:48.992+0100] {processor.py:161} INFO - Started process (PID=12593) to work on /home/najma/airflow-venv/lib/python3.12/site-packages/airflow/example_dags/example_trigger_controller_dag.py
[2026-05-08T18:30:48.993+0100] {processor.py:830} INFO - Processing file /home/najma/airflow-venv/lib/python3.12/site-packages/airflow/example_dags/example_trigger_controller_dag.py for tasks to queue
[2026-05-08T18:30:48.995+0100] {logging_mixin.py:188} INFO - [2026-05-08T18:30:48.995+0100] {dagbag.py:540} INFO - Filling up the DagBag from /home/najma/airflow-venv/lib/python3.12/site-packages/airflow/example_dags/example_trigger_controller_dag.py
[2026-05-08T18:30:49.005+0100] {processor.py:840} INFO - DAG(s) 'example_trigger_controller_dag' retrieved from /home/najma/airflow-venv/lib/python3.12/site-packages/airflow/example_dags/example_trigger_controller_dag.py
[2026-05-08T18:30:49.071+0100] {logging_mixin.py:188} INFO - [2026-05-08T18:30:49.070+0100] {dag.py:3096} INFO - Sync 1 DAGs
[2026-05-08T18:30:49.122+0100] {logging_mixin.py:188} INFO - [2026-05-08T18:30:49.122+0100] {dag.py:3954} INFO - Setting next_dagrun for example_trigger_controller_dag to 2021-01-01 00:00:00+00:00, run_after=2021-01-01 00:00:00+00:00
[2026-05-08T18:30:49.233+0100] {processor.py:183} INFO - Processing /home/najma/airflow-venv/lib/python3.12/site-packages/airflow/example_dags/example_trigger_controller_dag.py took 0.245 seconds
[2026-05-08T18:32:07.301+0100] {processor.py:161} INFO - Started process (PID=12653) to work on /home/najma/airflow-venv/lib/python3.12/site-packages/airflow/example_dags/example_trigger_controller_dag.py
[2026-05-08T18:32:07.303+0100] {processor.py:830} INFO - Processing file /home/najma/airflow-venv/lib/python3.12/site-packages/airflow/example_dags/example_trigger_controller_dag.py for tasks to queue
[2026-05-08T18:32:07.304+0100] {logging_mixin.py:188} INFO - [2026-05-08T18:32:07.304+0100] {dagbag.py:540} INFO - Filling up the DagBag from /home/najma/airflow-venv/lib/python3.12/site-packages/airflow/example_dags/example_trigger_controller_dag.py
[2026-05-08T18:32:07.308+0100] {processor.py:840} INFO - DAG(s) 'example_trigger_controller_dag' retrieved from /home/najma/airflow-venv/lib/python3.12/site-packages/airflow/example_dags/example_trigger_controller_dag.py
[2026-05-08T18:32:07.335+0100] {logging_mixin.py:188} INFO - [2026-05-08T18:32:07.335+0100] {dag.py:3096} INFO - Sync 1 DAGs
[2026-05-08T18:32:07.359+0100] {logging_mixin.py:188} INFO - [2026-05-08T18:32:07.359+0100] {dag.py:3954} INFO - Setting next_dagrun for example_trigger_controller_dag to 2021-01-01 00:00:00+00:00, run_after=2021-01-01 00:00:00+00:00
[2026-05-08T18:32:07.451+0100] {processor.py:183} INFO - Processing /home/najma/airflow-venv/lib/python3.12/site-packages/airflow/example_dags/example_trigger_controller_dag.py took 0.154 seconds
[2026-05-08T18:33:24.265+0100] {processor.py:161} INFO - Started process (PID=12712) to work on /home/najma/airflow-venv/lib/python3.12/site-packages/airflow/example_dags/example_trigger_controller_dag.py
[2026-05-08T18:33:24.266+0100] {processor.py:830} INFO - Processing file /home/najma/airflow-venv/lib/python3.12/site-packages/airflow/example_dags/example_trigger_controller_dag.py for tasks to queue
[2026-05-08T18:33:24.268+0100] {logging_mixin.py:188} INFO - [2026-05-08T18:33:24.268+0100] {dagbag.py:540} INFO - Filling up the DagBag from /home/najma/airflow-venv/lib/python3.12/site-packages/airflow/example_dags/example_trigger_controller_dag.py
[2026-05-08T18:33:24.272+0100] {processor.py:840} INFO - DAG(s) 'example_trigger_controller_dag' retrieved from /home/najma/airflow-venv/lib/python3.12/site-packages/airflow/example_dags/example_trigger_controller_dag.py
[2026-05-08T18:33:24.299+0100] {logging_mixin.py:188} INFO - [2026-05-08T18:33:24.298+0100] {dag.py:3096} INFO - Sync 1 DAGs
[2026-05-08T18:33:24.323+0100] {logging_mixin.py:188} INFO - [2026-05-08T18:33:24.322+0100] {dag.py:3954} INFO - Setting next_dagrun for example_trigger_controller_dag to 2021-01-01 00:00:00+00:00, run_after=2021-01-01 00:00:00+00:00
[2026-05-08T18:33:24.420+0100] {processor.py:183} INFO - Processing /home/najma/airflow-venv/lib/python3.12/site-packages/airflow/example_dags/example_trigger_controller_dag.py took 0.159 seconds
[2026-05-08T18:33:55.779+0100] {processor.py:161} INFO - Started process (PID=12736) to work on /home/najma/airflow-venv/lib/python3.12/site-packages/airflow/example_dags/example_trigger_controller_dag.py
[2026-05-08T18:33:55.781+0100] {processor.py:830} INFO - Processing file /home/najma/airflow-venv/lib/python3.12/site-packages/airflow/example_dags/example_trigger_controller_dag.py for tasks to queue
[2026-05-08T18:33:55.782+0100] {logging_mixin.py:188} INFO - [2026-05-08T18:33:55.782+0100] {dagbag.py:540} INFO - Filling up the DagBag from /home/najma/airflow-venv/lib/python3.12/site-packages/airflow/example_dags/example_trigger_controller_dag.py
[2026-05-08T18:33:55.786+0100] {processor.py:840} INFO - DAG(s) 'example_trigger_controller_dag' retrieved from /home/najma/airflow-venv/lib/python3.12/site-packages/airflow/example_dags/example_trigger_controller_dag.py
[2026-05-08T18:33:55.812+0100] {logging_mixin.py:188} INFO - [2026-05-08T18:33:55.812+0100] {dag.py:3096} INFO - Sync 1 DAGs
[2026-05-08T18:33:55.838+0100] {logging_mixin.py:188} INFO - [2026-05-08T18:33:55.838+0100] {dag.py:3954} INFO - Setting next_dagrun for example_trigger_controller_dag to 2021-01-01 00:00:00+00:00, run_after=2021-01-01 00:00:00+00:00
[2026-05-08T18:33:55.961+0100] {processor.py:183} INFO - Processing /home/najma/airflow-venv/lib/python3.12/site-packages/airflow/example_dags/example_trigger_controller_dag.py took 0.185 seconds
[2026-05-08T18:35:01.067+0100] {processor.py:161} INFO - Started process (PID=12812) to work on /home/najma/airflow-venv/lib/python3.12/site-packages/airflow/example_dags/example_trigger_controller_dag.py
[2026-05-08T18:35:01.068+0100] {processor.py:830} INFO - Processing file /home/najma/airflow-venv/lib/python3.12/site-packages/airflow/example_dags/example_trigger_controller_dag.py for tasks to queue
[2026-05-08T18:35:01.070+0100] {logging_mixin.py:188} INFO - [2026-05-08T18:35:01.069+0100] {dagbag.py:540} INFO - Filling up the DagBag from /home/najma/airflow-venv/lib/python3.12/site-packages/airflow/example_dags/example_trigger_controller_dag.py
[2026-05-08T18:35:01.074+0100] {processor.py:840} INFO - DAG(s) 'example_trigger_controller_dag' retrieved from /home/najma/airflow-venv/lib/python3.12/site-packages/airflow/example_dags/example_trigger_controller_dag.py
[2026-05-08T18:35:01.118+0100] {logging_mixin.py:188} INFO - [2026-05-08T18:35:01.118+0100] {dag.py:3096} INFO - Sync 1 DAGs
[2026-05-08T18:35:01.146+0100] {logging_mixin.py:188} INFO - [2026-05-08T18:35:01.146+0100] {dag.py:3954} INFO - Setting next_dagrun for example_trigger_controller_dag to 2021-01-01 00:00:00+00:00, run_after=2021-01-01 00:00:00+00:00
[2026-05-08T18:35:01.230+0100] {processor.py:183} INFO - Processing /home/najma/airflow-venv/lib/python3.12/site-packages/airflow/example_dags/example_trigger_controller_dag.py took 0.167 seconds
[2026-05-08T18:36:15.648+0100] {processor.py:161} INFO - Started process (PID=12874) to work on /home/najma/airflow-venv/lib/python3.12/site-packages/airflow/example_dags/example_trigger_controller_dag.py
[2026-05-08T18:36:15.650+0100] {processor.py:830} INFO - Processing file /home/najma/airflow-venv/lib/python3.12/site-packages/airflow/example_dags/example_trigger_controller_dag.py for tasks to queue
[2026-05-08T18:36:15.651+0100] {logging_mixin.py:188} INFO - [2026-05-08T18:36:15.650+0100] {dagbag.py:540} INFO - Filling up the DagBag from /home/najma/airflow-venv/lib/python3.12/site-packages/airflow/example_dags/example_trigger_controller_dag.py
[2026-05-08T18:36:15.657+0100] {processor.py:840} INFO - DAG(s) 'example_trigger_controller_dag' retrieved from /home/najma/airflow-venv/lib/python3.12/site-packages/airflow/example_dags/example_trigger_controller_dag.py
[2026-05-08T18:36:15.687+0100] {logging_mixin.py:188} INFO - [2026-05-08T18:36:15.687+0100] {dag.py:3096} INFO - Sync 1 DAGs
[2026-05-08T18:36:15.715+0100] {logging_mixin.py:188} INFO - [2026-05-08T18:36:15.714+0100] {dag.py:3954} INFO - Setting next_dagrun for example_trigger_controller_dag to 2021-01-01 00:00:00+00:00, run_after=2021-01-01 00:00:00+00:00
[2026-05-08T18:36:15.812+0100] {processor.py:183} INFO - Processing /home/najma/airflow-venv/lib/python3.12/site-packages/airflow/example_dags/example_trigger_controller_dag.py took 0.170 seconds
[2026-05-08T18:37:30.791+0100] {processor.py:161} INFO - Started process (PID=12934) to work on /home/najma/airflow-venv/lib/python3.12/site-packages/airflow/example_dags/example_trigger_controller_dag.py
[2026-05-08T18:37:30.793+0100] {processor.py:830} INFO - Processing file /home/najma/airflow-venv/lib/python3.12/site-packages/airflow/example_dags/example_trigger_controller_dag.py for tasks to queue
[2026-05-08T18:37:30.794+0100] {logging_mixin.py:188} INFO - [2026-05-08T18:37:30.794+0100] {dagbag.py:540} INFO - Filling up the DagBag from /home/najma/airflow-venv/lib/python3.12/site-packages/airflow/example_dags/example_trigger_controller_dag.py
[2026-05-08T18:37:30.798+0100] {processor.py:840} INFO - DAG(s) 'example_trigger_controller_dag' retrieved from /home/najma/airflow-venv/lib/python3.12/site-packages/airflow/example_dags/example_trigger_controller_dag.py
[2026-05-08T18:37:30.822+0100] {logging_mixin.py:188} INFO - [2026-05-08T18:37:30.822+0100] {dag.py:3096} INFO - Sync 1 DAGs
[2026-05-08T18:37:30.848+0100] {logging_mixin.py:188} INFO - [2026-05-08T18:37:30.848+0100] {dag.py:3954} INFO - Setting next_dagrun for example_trigger_controller_dag to 2021-01-01 00:00:00+00:00, run_after=2021-01-01 00:00:00+00:00
[2026-05-08T18:37:30.939+0100] {processor.py:183} INFO - Processing /home/najma/airflow-venv/lib/python3.12/site-packages/airflow/example_dags/example_trigger_controller_dag.py took 0.151 seconds
[2026-05-08T18:38:49.629+0100] {processor.py:161} INFO - Started process (PID=13001) to work on /home/najma/airflow-venv/lib/python3.12/site-packages/airflow/example_dags/example_trigger_controller_dag.py
[2026-05-08T18:38:49.631+0100] {processor.py:830} INFO - Processing file /home/najma/airflow-venv/lib/python3.12/site-packages/airflow/example_dags/example_trigger_controller_dag.py for tasks to queue
[2026-05-08T18:38:49.632+0100] {logging_mixin.py:188} INFO - [2026-05-08T18:38:49.632+0100] {dagbag.py:540} INFO - Filling up the DagBag from /home/najma/airflow-venv/lib/python3.12/site-packages/airflow/example_dags/example_trigger_controller_dag.py
[2026-05-08T18:38:49.638+0100] {processor.py:840} INFO - DAG(s) 'example_trigger_controller_dag' retrieved from /home/najma/airflow-venv/lib/python3.12/site-packages/airflow/example_dags/example_trigger_controller_dag.py
[2026-05-08T18:38:49.671+0100] {logging_mixin.py:188} INFO - [2026-05-08T18:38:49.670+0100] {dag.py:3096} INFO - Sync 1 DAGs
[2026-05-08T18:38:49.716+0100] {logging_mixin.py:188} INFO - [2026-05-08T18:38:49.716+0100] {dag.py:3954} INFO - Setting next_dagrun for example_trigger_controller_dag to 2021-01-01 00:00:00+00:00, run_after=2021-01-01 00:00:00+00:00
[2026-05-08T18:38:49.816+0100] {processor.py:183} INFO - Processing /home/najma/airflow-venv/lib/python3.12/site-packages/airflow/example_dags/example_trigger_controller_dag.py took 0.192 seconds
