[2026-05-08T16:43:19.434+0100] {processor.py:161} INFO - Started process (PID=9560) to work on /home/najma/airflow-venv/lib/python3.12/site-packages/airflow/example_dags/example_branch_operator.py
[2026-05-08T16:43:19.435+0100] {processor.py:830} INFO - Processing file /home/najma/airflow-venv/lib/python3.12/site-packages/airflow/example_dags/example_branch_operator.py for tasks to queue
[2026-05-08T16:43:19.437+0100] {logging_mixin.py:188} INFO - [2026-05-08T16:43:19.437+0100] {dagbag.py:540} INFO - Filling up the DagBag from /home/najma/airflow-venv/lib/python3.12/site-packages/airflow/example_dags/example_branch_operator.py
[2026-05-08T16:43:19.576+0100] {processor.py:842} WARNING - No viable dags retrieved from /home/najma/airflow-venv/lib/python3.12/site-packages/airflow/example_dags/example_branch_operator.py
[2026-05-08T16:43:19.608+0100] {processor.py:183} INFO - Processing /home/najma/airflow-venv/lib/python3.12/site-packages/airflow/example_dags/example_branch_operator.py took 0.177 seconds
[2026-05-08T16:44:43.551+0100] {processor.py:161} INFO - Started process (PID=9629) to work on /home/najma/airflow-venv/lib/python3.12/site-packages/airflow/example_dags/example_branch_operator.py
[2026-05-08T16:44:43.553+0100] {processor.py:830} INFO - Processing file /home/najma/airflow-venv/lib/python3.12/site-packages/airflow/example_dags/example_branch_operator.py for tasks to queue
[2026-05-08T16:44:43.555+0100] {logging_mixin.py:188} INFO - [2026-05-08T16:44:43.554+0100] {dagbag.py:540} INFO - Filling up the DagBag from /home/najma/airflow-venv/lib/python3.12/site-packages/airflow/example_dags/example_branch_operator.py
[2026-05-08T16:44:43.658+0100] {processor.py:842} WARNING - No viable dags retrieved from /home/najma/airflow-venv/lib/python3.12/site-packages/airflow/example_dags/example_branch_operator.py
[2026-05-08T16:44:43.688+0100] {processor.py:183} INFO - Processing /home/najma/airflow-venv/lib/python3.12/site-packages/airflow/example_dags/example_branch_operator.py took 0.141 seconds
[2026-05-08T16:46:10.893+0100] {processor.py:161} INFO - Started process (PID=9712) to work on /home/najma/airflow-venv/lib/python3.12/site-packages/airflow/example_dags/example_branch_operator.py
[2026-05-08T16:46:10.895+0100] {processor.py:830} INFO - Processing file /home/najma/airflow-venv/lib/python3.12/site-packages/airflow/example_dags/example_branch_operator.py for tasks to queue
[2026-05-08T16:46:10.897+0100] {logging_mixin.py:188} INFO - [2026-05-08T16:46:10.896+0100] {dagbag.py:540} INFO - Filling up the DagBag from /home/najma/airflow-venv/lib/python3.12/site-packages/airflow/example_dags/example_branch_operator.py
[2026-05-08T16:46:10.977+0100] {processor.py:842} WARNING - No viable dags retrieved from /home/najma/airflow-venv/lib/python3.12/site-packages/airflow/example_dags/example_branch_operator.py
[2026-05-08T16:46:10.998+0100] {processor.py:183} INFO - Processing /home/najma/airflow-venv/lib/python3.12/site-packages/airflow/example_dags/example_branch_operator.py took 0.108 seconds
[2026-05-08T16:47:28.765+0100] {processor.py:161} INFO - Started process (PID=9781) to work on /home/najma/airflow-venv/lib/python3.12/site-packages/airflow/example_dags/example_branch_operator.py
[2026-05-08T16:47:28.768+0100] {processor.py:830} INFO - Processing file /home/najma/airflow-venv/lib/python3.12/site-packages/airflow/example_dags/example_branch_operator.py for tasks to queue
[2026-05-08T16:47:28.770+0100] {logging_mixin.py:188} INFO - [2026-05-08T16:47:28.769+0100] {dagbag.py:540} INFO - Filling up the DagBag from /home/najma/airflow-venv/lib/python3.12/site-packages/airflow/example_dags/example_branch_operator.py
[2026-05-08T16:47:28.890+0100] {processor.py:842} WARNING - No viable dags retrieved from /home/najma/airflow-venv/lib/python3.12/site-packages/airflow/example_dags/example_branch_operator.py
[2026-05-08T16:47:28.910+0100] {processor.py:183} INFO - Processing /home/najma/airflow-venv/lib/python3.12/site-packages/airflow/example_dags/example_branch_operator.py took 0.149 seconds
[2026-05-08T16:48:39.138+0100] {processor.py:161} INFO - Started process (PID=9847) to work on /home/najma/airflow-venv/lib/python3.12/site-packages/airflow/example_dags/example_branch_operator.py
[2026-05-08T16:48:39.139+0100] {processor.py:830} INFO - Processing file /home/najma/airflow-venv/lib/python3.12/site-packages/airflow/example_dags/example_branch_operator.py for tasks to queue
[2026-05-08T16:48:39.141+0100] {logging_mixin.py:188} INFO - [2026-05-08T16:48:39.140+0100] {dagbag.py:540} INFO - Filling up the DagBag from /home/najma/airflow-venv/lib/python3.12/site-packages/airflow/example_dags/example_branch_operator.py
[2026-05-08T16:48:39.234+0100] {processor.py:842} WARNING - No viable dags retrieved from /home/najma/airflow-venv/lib/python3.12/site-packages/airflow/example_dags/example_branch_operator.py
[2026-05-08T16:48:39.255+0100] {processor.py:183} INFO - Processing /home/najma/airflow-venv/lib/python3.12/site-packages/airflow/example_dags/example_branch_operator.py took 0.122 seconds
[2026-05-08T17:45:52.490+0100] {processor.py:161} INFO - Started process (PID=10265) to work on /home/najma/airflow-venv/lib/python3.12/site-packages/airflow/example_dags/example_branch_operator.py
[2026-05-08T17:45:52.495+0100] {processor.py:830} INFO - Processing file /home/najma/airflow-venv/lib/python3.12/site-packages/airflow/example_dags/example_branch_operator.py for tasks to queue
[2026-05-08T17:45:52.497+0100] {logging_mixin.py:188} INFO - [2026-05-08T17:45:52.496+0100] {dagbag.py:540} INFO - Filling up the DagBag from /home/najma/airflow-venv/lib/python3.12/site-packages/airflow/example_dags/example_branch_operator.py
[2026-05-08T17:45:52.680+0100] {processor.py:842} WARNING - No viable dags retrieved from /home/najma/airflow-venv/lib/python3.12/site-packages/airflow/example_dags/example_branch_operator.py
[2026-05-08T17:45:52.714+0100] {processor.py:183} INFO - Processing /home/najma/airflow-venv/lib/python3.12/site-packages/airflow/example_dags/example_branch_operator.py took 0.229 seconds
[2026-05-08T17:47:16.917+0100] {processor.py:161} INFO - Started process (PID=10340) to work on /home/najma/airflow-venv/lib/python3.12/site-packages/airflow/example_dags/example_branch_operator.py
[2026-05-08T17:47:16.919+0100] {processor.py:830} INFO - Processing file /home/najma/airflow-venv/lib/python3.12/site-packages/airflow/example_dags/example_branch_operator.py for tasks to queue
[2026-05-08T17:47:16.920+0100] {logging_mixin.py:188} INFO - [2026-05-08T17:47:16.920+0100] {dagbag.py:540} INFO - Filling up the DagBag from /home/najma/airflow-venv/lib/python3.12/site-packages/airflow/example_dags/example_branch_operator.py
[2026-05-08T17:47:17.009+0100] {processor.py:842} WARNING - No viable dags retrieved from /home/najma/airflow-venv/lib/python3.12/site-packages/airflow/example_dags/example_branch_operator.py
[2026-05-08T17:47:17.030+0100] {processor.py:183} INFO - Processing /home/najma/airflow-venv/lib/python3.12/site-packages/airflow/example_dags/example_branch_operator.py took 0.117 seconds
[2026-05-08T17:48:26.260+0100] {processor.py:161} INFO - Started process (PID=10401) to work on /home/najma/airflow-venv/lib/python3.12/site-packages/airflow/example_dags/example_branch_operator.py
[2026-05-08T17:48:26.261+0100] {processor.py:830} INFO - Processing file /home/najma/airflow-venv/lib/python3.12/site-packages/airflow/example_dags/example_branch_operator.py for tasks to queue
[2026-05-08T17:48:26.263+0100] {logging_mixin.py:188} INFO - [2026-05-08T17:48:26.263+0100] {dagbag.py:540} INFO - Filling up the DagBag from /home/najma/airflow-venv/lib/python3.12/site-packages/airflow/example_dags/example_branch_operator.py
[2026-05-08T17:48:26.350+0100] {processor.py:842} WARNING - No viable dags retrieved from /home/najma/airflow-venv/lib/python3.12/site-packages/airflow/example_dags/example_branch_operator.py
[2026-05-08T17:48:26.373+0100] {processor.py:183} INFO - Processing /home/najma/airflow-venv/lib/python3.12/site-packages/airflow/example_dags/example_branch_operator.py took 0.117 seconds
[2026-05-08T17:49:34.741+0100] {processor.py:161} INFO - Started process (PID=10460) to work on /home/najma/airflow-venv/lib/python3.12/site-packages/airflow/example_dags/example_branch_operator.py
[2026-05-08T17:49:34.742+0100] {processor.py:830} INFO - Processing file /home/najma/airflow-venv/lib/python3.12/site-packages/airflow/example_dags/example_branch_operator.py for tasks to queue
[2026-05-08T17:49:34.744+0100] {logging_mixin.py:188} INFO - [2026-05-08T17:49:34.743+0100] {dagbag.py:540} INFO - Filling up the DagBag from /home/najma/airflow-venv/lib/python3.12/site-packages/airflow/example_dags/example_branch_operator.py
[2026-05-08T17:49:34.859+0100] {processor.py:842} WARNING - No viable dags retrieved from /home/najma/airflow-venv/lib/python3.12/site-packages/airflow/example_dags/example_branch_operator.py
[2026-05-08T17:49:34.881+0100] {processor.py:183} INFO - Processing /home/najma/airflow-venv/lib/python3.12/site-packages/airflow/example_dags/example_branch_operator.py took 0.144 seconds
[2026-05-08T17:50:51.519+0100] {processor.py:161} INFO - Started process (PID=10525) to work on /home/najma/airflow-venv/lib/python3.12/site-packages/airflow/example_dags/example_branch_operator.py
[2026-05-08T17:50:51.521+0100] {processor.py:830} INFO - Processing file /home/najma/airflow-venv/lib/python3.12/site-packages/airflow/example_dags/example_branch_operator.py for tasks to queue
[2026-05-08T17:50:51.522+0100] {logging_mixin.py:188} INFO - [2026-05-08T17:50:51.522+0100] {dagbag.py:540} INFO - Filling up the DagBag from /home/najma/airflow-venv/lib/python3.12/site-packages/airflow/example_dags/example_branch_operator.py
[2026-05-08T17:50:51.612+0100] {processor.py:842} WARNING - No viable dags retrieved from /home/najma/airflow-venv/lib/python3.12/site-packages/airflow/example_dags/example_branch_operator.py
[2026-05-08T17:50:51.635+0100] {processor.py:183} INFO - Processing /home/najma/airflow-venv/lib/python3.12/site-packages/airflow/example_dags/example_branch_operator.py took 0.120 seconds
[2026-05-08T17:52:02.033+0100] {processor.py:161} INFO - Started process (PID=10584) to work on /home/najma/airflow-venv/lib/python3.12/site-packages/airflow/example_dags/example_branch_operator.py
[2026-05-08T17:52:02.034+0100] {processor.py:830} INFO - Processing file /home/najma/airflow-venv/lib/python3.12/site-packages/airflow/example_dags/example_branch_operator.py for tasks to queue
[2026-05-08T17:52:02.036+0100] {logging_mixin.py:188} INFO - [2026-05-08T17:52:02.036+0100] {dagbag.py:540} INFO - Filling up the DagBag from /home/najma/airflow-venv/lib/python3.12/site-packages/airflow/example_dags/example_branch_operator.py
[2026-05-08T17:52:02.140+0100] {processor.py:842} WARNING - No viable dags retrieved from /home/najma/airflow-venv/lib/python3.12/site-packages/airflow/example_dags/example_branch_operator.py
[2026-05-08T17:52:02.165+0100] {processor.py:183} INFO - Processing /home/najma/airflow-venv/lib/python3.12/site-packages/airflow/example_dags/example_branch_operator.py took 0.136 seconds
[2026-05-08T17:53:22.731+0100] {processor.py:161} INFO - Started process (PID=10671) to work on /home/najma/airflow-venv/lib/python3.12/site-packages/airflow/example_dags/example_branch_operator.py
[2026-05-08T17:53:22.733+0100] {processor.py:830} INFO - Processing file /home/najma/airflow-venv/lib/python3.12/site-packages/airflow/example_dags/example_branch_operator.py for tasks to queue
[2026-05-08T17:53:22.735+0100] {logging_mixin.py:188} INFO - [2026-05-08T17:53:22.735+0100] {dagbag.py:540} INFO - Filling up the DagBag from /home/najma/airflow-venv/lib/python3.12/site-packages/airflow/example_dags/example_branch_operator.py
[2026-05-08T17:53:22.812+0100] {processor.py:842} WARNING - No viable dags retrieved from /home/najma/airflow-venv/lib/python3.12/site-packages/airflow/example_dags/example_branch_operator.py
[2026-05-08T17:53:22.831+0100] {processor.py:183} INFO - Processing /home/najma/airflow-venv/lib/python3.12/site-packages/airflow/example_dags/example_branch_operator.py took 0.104 seconds
[2026-05-08T17:54:31.192+0100] {processor.py:161} INFO - Started process (PID=10731) to work on /home/najma/airflow-venv/lib/python3.12/site-packages/airflow/example_dags/example_branch_operator.py
[2026-05-08T17:54:31.194+0100] {processor.py:830} INFO - Processing file /home/najma/airflow-venv/lib/python3.12/site-packages/airflow/example_dags/example_branch_operator.py for tasks to queue
[2026-05-08T17:54:31.195+0100] {logging_mixin.py:188} INFO - [2026-05-08T17:54:31.195+0100] {dagbag.py:540} INFO - Filling up the DagBag from /home/najma/airflow-venv/lib/python3.12/site-packages/airflow/example_dags/example_branch_operator.py
[2026-05-08T17:54:31.282+0100] {processor.py:842} WARNING - No viable dags retrieved from /home/najma/airflow-venv/lib/python3.12/site-packages/airflow/example_dags/example_branch_operator.py
[2026-05-08T17:54:31.306+0100] {processor.py:183} INFO - Processing /home/najma/airflow-venv/lib/python3.12/site-packages/airflow/example_dags/example_branch_operator.py took 0.117 seconds
[2026-05-08T17:55:34.615+0100] {processor.py:161} INFO - Started process (PID=10800) to work on /home/najma/airflow-venv/lib/python3.12/site-packages/airflow/example_dags/example_branch_operator.py
[2026-05-08T17:55:34.616+0100] {processor.py:830} INFO - Processing file /home/najma/airflow-venv/lib/python3.12/site-packages/airflow/example_dags/example_branch_operator.py for tasks to queue
[2026-05-08T17:55:34.618+0100] {logging_mixin.py:188} INFO - [2026-05-08T17:55:34.618+0100] {dagbag.py:540} INFO - Filling up the DagBag from /home/najma/airflow-venv/lib/python3.12/site-packages/airflow/example_dags/example_branch_operator.py
[2026-05-08T17:55:34.715+0100] {processor.py:842} WARNING - No viable dags retrieved from /home/najma/airflow-venv/lib/python3.12/site-packages/airflow/example_dags/example_branch_operator.py
[2026-05-08T17:55:34.740+0100] {processor.py:183} INFO - Processing /home/najma/airflow-venv/lib/python3.12/site-packages/airflow/example_dags/example_branch_operator.py took 0.129 seconds
[2026-05-08T17:56:46.616+0100] {processor.py:161} INFO - Started process (PID=10861) to work on /home/najma/airflow-venv/lib/python3.12/site-packages/airflow/example_dags/example_branch_operator.py
[2026-05-08T17:56:46.617+0100] {processor.py:830} INFO - Processing file /home/najma/airflow-venv/lib/python3.12/site-packages/airflow/example_dags/example_branch_operator.py for tasks to queue
[2026-05-08T17:56:46.619+0100] {logging_mixin.py:188} INFO - [2026-05-08T17:56:46.618+0100] {dagbag.py:540} INFO - Filling up the DagBag from /home/najma/airflow-venv/lib/python3.12/site-packages/airflow/example_dags/example_branch_operator.py
[2026-05-08T17:56:46.711+0100] {processor.py:842} WARNING - No viable dags retrieved from /home/najma/airflow-venv/lib/python3.12/site-packages/airflow/example_dags/example_branch_operator.py
[2026-05-08T17:56:46.736+0100] {processor.py:183} INFO - Processing /home/najma/airflow-venv/lib/python3.12/site-packages/airflow/example_dags/example_branch_operator.py took 0.124 seconds
[2026-05-08T17:58:02.075+0100] {processor.py:161} INFO - Started process (PID=10924) to work on /home/najma/airflow-venv/lib/python3.12/site-packages/airflow/example_dags/example_branch_operator.py
[2026-05-08T17:58:02.076+0100] {processor.py:830} INFO - Processing file /home/najma/airflow-venv/lib/python3.12/site-packages/airflow/example_dags/example_branch_operator.py for tasks to queue
[2026-05-08T17:58:02.078+0100] {logging_mixin.py:188} INFO - [2026-05-08T17:58:02.077+0100] {dagbag.py:540} INFO - Filling up the DagBag from /home/najma/airflow-venv/lib/python3.12/site-packages/airflow/example_dags/example_branch_operator.py
[2026-05-08T17:58:02.175+0100] {processor.py:842} WARNING - No viable dags retrieved from /home/najma/airflow-venv/lib/python3.12/site-packages/airflow/example_dags/example_branch_operator.py
[2026-05-08T17:58:02.196+0100] {processor.py:183} INFO - Processing /home/najma/airflow-venv/lib/python3.12/site-packages/airflow/example_dags/example_branch_operator.py took 0.126 seconds
[2026-05-08T17:59:07.736+0100] {processor.py:161} INFO - Started process (PID=10984) to work on /home/najma/airflow-venv/lib/python3.12/site-packages/airflow/example_dags/example_branch_operator.py
[2026-05-08T17:59:07.737+0100] {processor.py:830} INFO - Processing file /home/najma/airflow-venv/lib/python3.12/site-packages/airflow/example_dags/example_branch_operator.py for tasks to queue
[2026-05-08T17:59:07.739+0100] {logging_mixin.py:188} INFO - [2026-05-08T17:59:07.738+0100] {dagbag.py:540} INFO - Filling up the DagBag from /home/najma/airflow-venv/lib/python3.12/site-packages/airflow/example_dags/example_branch_operator.py
[2026-05-08T17:59:07.842+0100] {processor.py:842} WARNING - No viable dags retrieved from /home/najma/airflow-venv/lib/python3.12/site-packages/airflow/example_dags/example_branch_operator.py
[2026-05-08T17:59:07.869+0100] {processor.py:183} INFO - Processing /home/najma/airflow-venv/lib/python3.12/site-packages/airflow/example_dags/example_branch_operator.py took 0.138 seconds
[2026-05-08T18:00:17.394+0100] {processor.py:161} INFO - Started process (PID=11045) to work on /home/najma/airflow-venv/lib/python3.12/site-packages/airflow/example_dags/example_branch_operator.py
[2026-05-08T18:00:17.395+0100] {processor.py:830} INFO - Processing file /home/najma/airflow-venv/lib/python3.12/site-packages/airflow/example_dags/example_branch_operator.py for tasks to queue
[2026-05-08T18:00:17.396+0100] {logging_mixin.py:188} INFO - [2026-05-08T18:00:17.396+0100] {dagbag.py:540} INFO - Filling up the DagBag from /home/najma/airflow-venv/lib/python3.12/site-packages/airflow/example_dags/example_branch_operator.py
[2026-05-08T18:00:17.495+0100] {processor.py:842} WARNING - No viable dags retrieved from /home/najma/airflow-venv/lib/python3.12/site-packages/airflow/example_dags/example_branch_operator.py
[2026-05-08T18:00:17.515+0100] {processor.py:183} INFO - Processing /home/najma/airflow-venv/lib/python3.12/site-packages/airflow/example_dags/example_branch_operator.py took 0.125 seconds
[2026-05-08T18:01:24.304+0100] {processor.py:161} INFO - Started process (PID=11103) to work on /home/najma/airflow-venv/lib/python3.12/site-packages/airflow/example_dags/example_branch_operator.py
[2026-05-08T18:01:24.305+0100] {processor.py:830} INFO - Processing file /home/najma/airflow-venv/lib/python3.12/site-packages/airflow/example_dags/example_branch_operator.py for tasks to queue
[2026-05-08T18:01:24.307+0100] {logging_mixin.py:188} INFO - [2026-05-08T18:01:24.307+0100] {dagbag.py:540} INFO - Filling up the DagBag from /home/najma/airflow-venv/lib/python3.12/site-packages/airflow/example_dags/example_branch_operator.py
[2026-05-08T18:01:24.400+0100] {processor.py:842} WARNING - No viable dags retrieved from /home/najma/airflow-venv/lib/python3.12/site-packages/airflow/example_dags/example_branch_operator.py
[2026-05-08T18:01:24.419+0100] {processor.py:183} INFO - Processing /home/najma/airflow-venv/lib/python3.12/site-packages/airflow/example_dags/example_branch_operator.py took 0.119 seconds
[2026-05-08T18:02:26.666+0100] {processor.py:161} INFO - Started process (PID=11161) to work on /home/najma/airflow-venv/lib/python3.12/site-packages/airflow/example_dags/example_branch_operator.py
[2026-05-08T18:02:26.667+0100] {processor.py:830} INFO - Processing file /home/najma/airflow-venv/lib/python3.12/site-packages/airflow/example_dags/example_branch_operator.py for tasks to queue
[2026-05-08T18:02:26.669+0100] {logging_mixin.py:188} INFO - [2026-05-08T18:02:26.668+0100] {dagbag.py:540} INFO - Filling up the DagBag from /home/najma/airflow-venv/lib/python3.12/site-packages/airflow/example_dags/example_branch_operator.py
[2026-05-08T18:02:26.757+0100] {processor.py:842} WARNING - No viable dags retrieved from /home/najma/airflow-venv/lib/python3.12/site-packages/airflow/example_dags/example_branch_operator.py
[2026-05-08T18:02:26.778+0100] {processor.py:183} INFO - Processing /home/najma/airflow-venv/lib/python3.12/site-packages/airflow/example_dags/example_branch_operator.py took 0.115 seconds
[2026-05-08T18:03:34.297+0100] {processor.py:161} INFO - Started process (PID=11218) to work on /home/najma/airflow-venv/lib/python3.12/site-packages/airflow/example_dags/example_branch_operator.py
[2026-05-08T18:03:34.298+0100] {processor.py:830} INFO - Processing file /home/najma/airflow-venv/lib/python3.12/site-packages/airflow/example_dags/example_branch_operator.py for tasks to queue
[2026-05-08T18:03:34.300+0100] {logging_mixin.py:188} INFO - [2026-05-08T18:03:34.299+0100] {dagbag.py:540} INFO - Filling up the DagBag from /home/najma/airflow-venv/lib/python3.12/site-packages/airflow/example_dags/example_branch_operator.py
[2026-05-08T18:03:34.389+0100] {processor.py:842} WARNING - No viable dags retrieved from /home/najma/airflow-venv/lib/python3.12/site-packages/airflow/example_dags/example_branch_operator.py
[2026-05-08T18:03:34.411+0100] {processor.py:183} INFO - Processing /home/najma/airflow-venv/lib/python3.12/site-packages/airflow/example_dags/example_branch_operator.py took 0.118 seconds
[2026-05-08T18:04:43.237+0100] {processor.py:161} INFO - Started process (PID=11279) to work on /home/najma/airflow-venv/lib/python3.12/site-packages/airflow/example_dags/example_branch_operator.py
[2026-05-08T18:04:43.238+0100] {processor.py:830} INFO - Processing file /home/najma/airflow-venv/lib/python3.12/site-packages/airflow/example_dags/example_branch_operator.py for tasks to queue
[2026-05-08T18:04:43.240+0100] {logging_mixin.py:188} INFO - [2026-05-08T18:04:43.240+0100] {dagbag.py:540} INFO - Filling up the DagBag from /home/najma/airflow-venv/lib/python3.12/site-packages/airflow/example_dags/example_branch_operator.py
[2026-05-08T18:04:43.320+0100] {processor.py:842} WARNING - No viable dags retrieved from /home/najma/airflow-venv/lib/python3.12/site-packages/airflow/example_dags/example_branch_operator.py
[2026-05-08T18:04:43.342+0100] {processor.py:183} INFO - Processing /home/najma/airflow-venv/lib/python3.12/site-packages/airflow/example_dags/example_branch_operator.py took 0.109 seconds
[2026-05-08T18:05:52.863+0100] {processor.py:161} INFO - Started process (PID=11340) to work on /home/najma/airflow-venv/lib/python3.12/site-packages/airflow/example_dags/example_branch_operator.py
[2026-05-08T18:05:52.864+0100] {processor.py:830} INFO - Processing file /home/najma/airflow-venv/lib/python3.12/site-packages/airflow/example_dags/example_branch_operator.py for tasks to queue
[2026-05-08T18:05:52.866+0100] {logging_mixin.py:188} INFO - [2026-05-08T18:05:52.866+0100] {dagbag.py:540} INFO - Filling up the DagBag from /home/najma/airflow-venv/lib/python3.12/site-packages/airflow/example_dags/example_branch_operator.py
[2026-05-08T18:05:52.957+0100] {processor.py:842} WARNING - No viable dags retrieved from /home/najma/airflow-venv/lib/python3.12/site-packages/airflow/example_dags/example_branch_operator.py
[2026-05-08T18:05:52.977+0100] {processor.py:183} INFO - Processing /home/najma/airflow-venv/lib/python3.12/site-packages/airflow/example_dags/example_branch_operator.py took 0.117 seconds
[2026-05-08T18:06:56.996+0100] {processor.py:161} INFO - Started process (PID=11398) to work on /home/najma/airflow-venv/lib/python3.12/site-packages/airflow/example_dags/example_branch_operator.py
[2026-05-08T18:06:56.998+0100] {processor.py:830} INFO - Processing file /home/najma/airflow-venv/lib/python3.12/site-packages/airflow/example_dags/example_branch_operator.py for tasks to queue
[2026-05-08T18:06:57.000+0100] {logging_mixin.py:188} INFO - [2026-05-08T18:06:57.000+0100] {dagbag.py:540} INFO - Filling up the DagBag from /home/najma/airflow-venv/lib/python3.12/site-packages/airflow/example_dags/example_branch_operator.py
[2026-05-08T18:06:57.080+0100] {processor.py:842} WARNING - No viable dags retrieved from /home/najma/airflow-venv/lib/python3.12/site-packages/airflow/example_dags/example_branch_operator.py
[2026-05-08T18:06:57.102+0100] {processor.py:183} INFO - Processing /home/najma/airflow-venv/lib/python3.12/site-packages/airflow/example_dags/example_branch_operator.py took 0.109 seconds
[2026-05-08T18:07:57.203+0100] {processor.py:161} INFO - Started process (PID=11453) to work on /home/najma/airflow-venv/lib/python3.12/site-packages/airflow/example_dags/example_branch_operator.py
[2026-05-08T18:07:57.204+0100] {processor.py:830} INFO - Processing file /home/najma/airflow-venv/lib/python3.12/site-packages/airflow/example_dags/example_branch_operator.py for tasks to queue
[2026-05-08T18:07:57.206+0100] {logging_mixin.py:188} INFO - [2026-05-08T18:07:57.206+0100] {dagbag.py:540} INFO - Filling up the DagBag from /home/najma/airflow-venv/lib/python3.12/site-packages/airflow/example_dags/example_branch_operator.py
[2026-05-08T18:07:57.281+0100] {processor.py:842} WARNING - No viable dags retrieved from /home/najma/airflow-venv/lib/python3.12/site-packages/airflow/example_dags/example_branch_operator.py
[2026-05-08T18:07:57.306+0100] {processor.py:183} INFO - Processing /home/najma/airflow-venv/lib/python3.12/site-packages/airflow/example_dags/example_branch_operator.py took 0.107 seconds
[2026-05-08T18:09:03.122+0100] {processor.py:161} INFO - Started process (PID=11513) to work on /home/najma/airflow-venv/lib/python3.12/site-packages/airflow/example_dags/example_branch_operator.py
[2026-05-08T18:09:03.123+0100] {processor.py:830} INFO - Processing file /home/najma/airflow-venv/lib/python3.12/site-packages/airflow/example_dags/example_branch_operator.py for tasks to queue
[2026-05-08T18:09:03.125+0100] {logging_mixin.py:188} INFO - [2026-05-08T18:09:03.124+0100] {dagbag.py:540} INFO - Filling up the DagBag from /home/najma/airflow-venv/lib/python3.12/site-packages/airflow/example_dags/example_branch_operator.py
[2026-05-08T18:09:03.235+0100] {processor.py:842} WARNING - No viable dags retrieved from /home/najma/airflow-venv/lib/python3.12/site-packages/airflow/example_dags/example_branch_operator.py
[2026-05-08T18:09:03.264+0100] {processor.py:183} INFO - Processing /home/najma/airflow-venv/lib/python3.12/site-packages/airflow/example_dags/example_branch_operator.py took 0.146 seconds
[2026-05-08T18:10:05.166+0100] {processor.py:161} INFO - Started process (PID=11569) to work on /home/najma/airflow-venv/lib/python3.12/site-packages/airflow/example_dags/example_branch_operator.py
[2026-05-08T18:10:05.168+0100] {processor.py:830} INFO - Processing file /home/najma/airflow-venv/lib/python3.12/site-packages/airflow/example_dags/example_branch_operator.py for tasks to queue
[2026-05-08T18:10:05.169+0100] {logging_mixin.py:188} INFO - [2026-05-08T18:10:05.169+0100] {dagbag.py:540} INFO - Filling up the DagBag from /home/najma/airflow-venv/lib/python3.12/site-packages/airflow/example_dags/example_branch_operator.py
[2026-05-08T18:10:05.246+0100] {processor.py:842} WARNING - No viable dags retrieved from /home/najma/airflow-venv/lib/python3.12/site-packages/airflow/example_dags/example_branch_operator.py
[2026-05-08T18:10:05.268+0100] {processor.py:183} INFO - Processing /home/najma/airflow-venv/lib/python3.12/site-packages/airflow/example_dags/example_branch_operator.py took 0.106 seconds
[2026-05-08T18:11:08.065+0100] {processor.py:161} INFO - Started process (PID=11623) to work on /home/najma/airflow-venv/lib/python3.12/site-packages/airflow/example_dags/example_branch_operator.py
[2026-05-08T18:11:08.066+0100] {processor.py:830} INFO - Processing file /home/najma/airflow-venv/lib/python3.12/site-packages/airflow/example_dags/example_branch_operator.py for tasks to queue
[2026-05-08T18:11:08.068+0100] {logging_mixin.py:188} INFO - [2026-05-08T18:11:08.067+0100] {dagbag.py:540} INFO - Filling up the DagBag from /home/najma/airflow-venv/lib/python3.12/site-packages/airflow/example_dags/example_branch_operator.py
[2026-05-08T18:11:08.138+0100] {processor.py:842} WARNING - No viable dags retrieved from /home/najma/airflow-venv/lib/python3.12/site-packages/airflow/example_dags/example_branch_operator.py
[2026-05-08T18:11:08.158+0100] {processor.py:183} INFO - Processing /home/najma/airflow-venv/lib/python3.12/site-packages/airflow/example_dags/example_branch_operator.py took 0.097 seconds
[2026-05-08T18:12:21.110+0100] {processor.py:161} INFO - Started process (PID=11681) to work on /home/najma/airflow-venv/lib/python3.12/site-packages/airflow/example_dags/example_branch_operator.py
[2026-05-08T18:12:21.112+0100] {processor.py:830} INFO - Processing file /home/najma/airflow-venv/lib/python3.12/site-packages/airflow/example_dags/example_branch_operator.py for tasks to queue
[2026-05-08T18:12:21.113+0100] {logging_mixin.py:188} INFO - [2026-05-08T18:12:21.113+0100] {dagbag.py:540} INFO - Filling up the DagBag from /home/najma/airflow-venv/lib/python3.12/site-packages/airflow/example_dags/example_branch_operator.py
[2026-05-08T18:12:21.208+0100] {processor.py:842} WARNING - No viable dags retrieved from /home/najma/airflow-venv/lib/python3.12/site-packages/airflow/example_dags/example_branch_operator.py
[2026-05-08T18:12:21.230+0100] {processor.py:183} INFO - Processing /home/najma/airflow-venv/lib/python3.12/site-packages/airflow/example_dags/example_branch_operator.py took 0.123 seconds
[2026-05-08T18:13:52.636+0100] {processor.py:161} INFO - Started process (PID=11749) to work on /home/najma/airflow-venv/lib/python3.12/site-packages/airflow/example_dags/example_branch_operator.py
[2026-05-08T18:13:52.638+0100] {processor.py:830} INFO - Processing file /home/najma/airflow-venv/lib/python3.12/site-packages/airflow/example_dags/example_branch_operator.py for tasks to queue
[2026-05-08T18:13:52.640+0100] {logging_mixin.py:188} INFO - [2026-05-08T18:13:52.639+0100] {dagbag.py:540} INFO - Filling up the DagBag from /home/najma/airflow-venv/lib/python3.12/site-packages/airflow/example_dags/example_branch_operator.py
[2026-05-08T18:13:52.727+0100] {processor.py:842} WARNING - No viable dags retrieved from /home/najma/airflow-venv/lib/python3.12/site-packages/airflow/example_dags/example_branch_operator.py
[2026-05-08T18:13:52.748+0100] {processor.py:183} INFO - Processing /home/najma/airflow-venv/lib/python3.12/site-packages/airflow/example_dags/example_branch_operator.py took 0.116 seconds
[2026-05-08T18:15:06.713+0100] {processor.py:161} INFO - Started process (PID=11818) to work on /home/najma/airflow-venv/lib/python3.12/site-packages/airflow/example_dags/example_branch_operator.py
[2026-05-08T18:15:06.716+0100] {processor.py:830} INFO - Processing file /home/najma/airflow-venv/lib/python3.12/site-packages/airflow/example_dags/example_branch_operator.py for tasks to queue
[2026-05-08T18:15:06.718+0100] {logging_mixin.py:188} INFO - [2026-05-08T18:15:06.718+0100] {dagbag.py:540} INFO - Filling up the DagBag from /home/najma/airflow-venv/lib/python3.12/site-packages/airflow/example_dags/example_branch_operator.py
[2026-05-08T18:15:06.837+0100] {processor.py:842} WARNING - No viable dags retrieved from /home/najma/airflow-venv/lib/python3.12/site-packages/airflow/example_dags/example_branch_operator.py
[2026-05-08T18:15:06.860+0100] {processor.py:183} INFO - Processing /home/najma/airflow-venv/lib/python3.12/site-packages/airflow/example_dags/example_branch_operator.py took 0.151 seconds
[2026-05-08T18:16:20.470+0100] {processor.py:161} INFO - Started process (PID=11877) to work on /home/najma/airflow-venv/lib/python3.12/site-packages/airflow/example_dags/example_branch_operator.py
[2026-05-08T18:16:20.471+0100] {processor.py:830} INFO - Processing file /home/najma/airflow-venv/lib/python3.12/site-packages/airflow/example_dags/example_branch_operator.py for tasks to queue
[2026-05-08T18:16:20.473+0100] {logging_mixin.py:188} INFO - [2026-05-08T18:16:20.473+0100] {dagbag.py:540} INFO - Filling up the DagBag from /home/najma/airflow-venv/lib/python3.12/site-packages/airflow/example_dags/example_branch_operator.py
[2026-05-08T18:16:20.562+0100] {processor.py:842} WARNING - No viable dags retrieved from /home/najma/airflow-venv/lib/python3.12/site-packages/airflow/example_dags/example_branch_operator.py
[2026-05-08T18:16:20.586+0100] {processor.py:183} INFO - Processing /home/najma/airflow-venv/lib/python3.12/site-packages/airflow/example_dags/example_branch_operator.py took 0.120 seconds
[2026-05-08T18:17:30.424+0100] {processor.py:161} INFO - Started process (PID=11937) to work on /home/najma/airflow-venv/lib/python3.12/site-packages/airflow/example_dags/example_branch_operator.py
[2026-05-08T18:17:30.426+0100] {processor.py:830} INFO - Processing file /home/najma/airflow-venv/lib/python3.12/site-packages/airflow/example_dags/example_branch_operator.py for tasks to queue
[2026-05-08T18:17:30.427+0100] {logging_mixin.py:188} INFO - [2026-05-08T18:17:30.427+0100] {dagbag.py:540} INFO - Filling up the DagBag from /home/najma/airflow-venv/lib/python3.12/site-packages/airflow/example_dags/example_branch_operator.py
[2026-05-08T18:17:30.550+0100] {processor.py:842} WARNING - No viable dags retrieved from /home/najma/airflow-venv/lib/python3.12/site-packages/airflow/example_dags/example_branch_operator.py
[2026-05-08T18:17:30.577+0100] {processor.py:183} INFO - Processing /home/najma/airflow-venv/lib/python3.12/site-packages/airflow/example_dags/example_branch_operator.py took 0.157 seconds
[2026-05-08T18:18:45.482+0100] {processor.py:161} INFO - Started process (PID=11996) to work on /home/najma/airflow-venv/lib/python3.12/site-packages/airflow/example_dags/example_branch_operator.py
[2026-05-08T18:18:45.483+0100] {processor.py:830} INFO - Processing file /home/najma/airflow-venv/lib/python3.12/site-packages/airflow/example_dags/example_branch_operator.py for tasks to queue
[2026-05-08T18:18:45.485+0100] {logging_mixin.py:188} INFO - [2026-05-08T18:18:45.484+0100] {dagbag.py:540} INFO - Filling up the DagBag from /home/najma/airflow-venv/lib/python3.12/site-packages/airflow/example_dags/example_branch_operator.py
[2026-05-08T18:18:45.563+0100] {processor.py:842} WARNING - No viable dags retrieved from /home/najma/airflow-venv/lib/python3.12/site-packages/airflow/example_dags/example_branch_operator.py
[2026-05-08T18:18:45.582+0100] {processor.py:183} INFO - Processing /home/najma/airflow-venv/lib/python3.12/site-packages/airflow/example_dags/example_branch_operator.py took 0.105 seconds
[2026-05-08T18:19:51.775+0100] {processor.py:161} INFO - Started process (PID=12052) to work on /home/najma/airflow-venv/lib/python3.12/site-packages/airflow/example_dags/example_branch_operator.py
[2026-05-08T18:19:51.776+0100] {processor.py:830} INFO - Processing file /home/najma/airflow-venv/lib/python3.12/site-packages/airflow/example_dags/example_branch_operator.py for tasks to queue
[2026-05-08T18:19:51.778+0100] {logging_mixin.py:188} INFO - [2026-05-08T18:19:51.778+0100] {dagbag.py:540} INFO - Filling up the DagBag from /home/najma/airflow-venv/lib/python3.12/site-packages/airflow/example_dags/example_branch_operator.py
[2026-05-08T18:19:51.891+0100] {processor.py:842} WARNING - No viable dags retrieved from /home/najma/airflow-venv/lib/python3.12/site-packages/airflow/example_dags/example_branch_operator.py
[2026-05-08T18:19:51.911+0100] {processor.py:183} INFO - Processing /home/najma/airflow-venv/lib/python3.12/site-packages/airflow/example_dags/example_branch_operator.py took 0.140 seconds
[2026-05-08T18:21:00.085+0100] {processor.py:161} INFO - Started process (PID=12108) to work on /home/najma/airflow-venv/lib/python3.12/site-packages/airflow/example_dags/example_branch_operator.py
[2026-05-08T18:21:00.086+0100] {processor.py:830} INFO - Processing file /home/najma/airflow-venv/lib/python3.12/site-packages/airflow/example_dags/example_branch_operator.py for tasks to queue
[2026-05-08T18:21:00.087+0100] {logging_mixin.py:188} INFO - [2026-05-08T18:21:00.087+0100] {dagbag.py:540} INFO - Filling up the DagBag from /home/najma/airflow-venv/lib/python3.12/site-packages/airflow/example_dags/example_branch_operator.py
[2026-05-08T18:21:00.183+0100] {processor.py:842} WARNING - No viable dags retrieved from /home/najma/airflow-venv/lib/python3.12/site-packages/airflow/example_dags/example_branch_operator.py
[2026-05-08T18:21:00.206+0100] {processor.py:183} INFO - Processing /home/najma/airflow-venv/lib/python3.12/site-packages/airflow/example_dags/example_branch_operator.py took 0.125 seconds
[2026-05-08T18:22:14.789+0100] {processor.py:161} INFO - Started process (PID=12168) to work on /home/najma/airflow-venv/lib/python3.12/site-packages/airflow/example_dags/example_branch_operator.py
[2026-05-08T18:22:14.790+0100] {processor.py:830} INFO - Processing file /home/najma/airflow-venv/lib/python3.12/site-packages/airflow/example_dags/example_branch_operator.py for tasks to queue
[2026-05-08T18:22:14.792+0100] {logging_mixin.py:188} INFO - [2026-05-08T18:22:14.792+0100] {dagbag.py:540} INFO - Filling up the DagBag from /home/najma/airflow-venv/lib/python3.12/site-packages/airflow/example_dags/example_branch_operator.py
[2026-05-08T18:22:14.879+0100] {processor.py:842} WARNING - No viable dags retrieved from /home/najma/airflow-venv/lib/python3.12/site-packages/airflow/example_dags/example_branch_operator.py
[2026-05-08T18:22:14.901+0100] {processor.py:183} INFO - Processing /home/najma/airflow-venv/lib/python3.12/site-packages/airflow/example_dags/example_branch_operator.py took 0.116 seconds
[2026-05-08T18:23:25.710+0100] {processor.py:161} INFO - Started process (PID=12225) to work on /home/najma/airflow-venv/lib/python3.12/site-packages/airflow/example_dags/example_branch_operator.py
[2026-05-08T18:23:25.711+0100] {processor.py:830} INFO - Processing file /home/najma/airflow-venv/lib/python3.12/site-packages/airflow/example_dags/example_branch_operator.py for tasks to queue
[2026-05-08T18:23:25.713+0100] {logging_mixin.py:188} INFO - [2026-05-08T18:23:25.712+0100] {dagbag.py:540} INFO - Filling up the DagBag from /home/najma/airflow-venv/lib/python3.12/site-packages/airflow/example_dags/example_branch_operator.py
[2026-05-08T18:23:25.798+0100] {processor.py:842} WARNING - No viable dags retrieved from /home/najma/airflow-venv/lib/python3.12/site-packages/airflow/example_dags/example_branch_operator.py
[2026-05-08T18:23:25.819+0100] {processor.py:183} INFO - Processing /home/najma/airflow-venv/lib/python3.12/site-packages/airflow/example_dags/example_branch_operator.py took 0.114 seconds
[2026-05-08T18:24:25.080+0100] {processor.py:161} INFO - Started process (PID=12280) to work on /home/najma/airflow-venv/lib/python3.12/site-packages/airflow/example_dags/example_branch_operator.py
[2026-05-08T18:24:25.083+0100] {processor.py:830} INFO - Processing file /home/najma/airflow-venv/lib/python3.12/site-packages/airflow/example_dags/example_branch_operator.py for tasks to queue
[2026-05-08T18:24:25.085+0100] {logging_mixin.py:188} INFO - [2026-05-08T18:24:25.084+0100] {dagbag.py:540} INFO - Filling up the DagBag from /home/najma/airflow-venv/lib/python3.12/site-packages/airflow/example_dags/example_branch_operator.py
[2026-05-08T18:24:25.249+0100] {processor.py:842} WARNING - No viable dags retrieved from /home/najma/airflow-venv/lib/python3.12/site-packages/airflow/example_dags/example_branch_operator.py
[2026-05-08T18:24:25.276+0100] {processor.py:183} INFO - Processing /home/najma/airflow-venv/lib/python3.12/site-packages/airflow/example_dags/example_branch_operator.py took 0.200 seconds
[2026-05-08T18:25:45.324+0100] {processor.py:161} INFO - Started process (PID=12351) to work on /home/najma/airflow-venv/lib/python3.12/site-packages/airflow/example_dags/example_branch_operator.py
[2026-05-08T18:25:45.325+0100] {processor.py:830} INFO - Processing file /home/najma/airflow-venv/lib/python3.12/site-packages/airflow/example_dags/example_branch_operator.py for tasks to queue
[2026-05-08T18:25:45.327+0100] {logging_mixin.py:188} INFO - [2026-05-08T18:25:45.327+0100] {dagbag.py:540} INFO - Filling up the DagBag from /home/najma/airflow-venv/lib/python3.12/site-packages/airflow/example_dags/example_branch_operator.py
[2026-05-08T18:25:45.468+0100] {processor.py:842} WARNING - No viable dags retrieved from /home/najma/airflow-venv/lib/python3.12/site-packages/airflow/example_dags/example_branch_operator.py
[2026-05-08T18:25:45.492+0100] {processor.py:183} INFO - Processing /home/najma/airflow-venv/lib/python3.12/site-packages/airflow/example_dags/example_branch_operator.py took 0.173 seconds
[2026-05-08T18:27:02.097+0100] {processor.py:161} INFO - Started process (PID=12415) to work on /home/najma/airflow-venv/lib/python3.12/site-packages/airflow/example_dags/example_branch_operator.py
[2026-05-08T18:27:02.101+0100] {processor.py:830} INFO - Processing file /home/najma/airflow-venv/lib/python3.12/site-packages/airflow/example_dags/example_branch_operator.py for tasks to queue
[2026-05-08T18:27:02.103+0100] {logging_mixin.py:188} INFO - [2026-05-08T18:27:02.103+0100] {dagbag.py:540} INFO - Filling up the DagBag from /home/najma/airflow-venv/lib/python3.12/site-packages/airflow/example_dags/example_branch_operator.py
[2026-05-08T18:27:02.205+0100] {processor.py:842} WARNING - No viable dags retrieved from /home/najma/airflow-venv/lib/python3.12/site-packages/airflow/example_dags/example_branch_operator.py
[2026-05-08T18:27:02.231+0100] {processor.py:183} INFO - Processing /home/najma/airflow-venv/lib/python3.12/site-packages/airflow/example_dags/example_branch_operator.py took 0.139 seconds
[2026-05-08T18:28:23.801+0100] {processor.py:161} INFO - Started process (PID=12479) to work on /home/najma/airflow-venv/lib/python3.12/site-packages/airflow/example_dags/example_branch_operator.py
[2026-05-08T18:28:23.802+0100] {processor.py:830} INFO - Processing file /home/najma/airflow-venv/lib/python3.12/site-packages/airflow/example_dags/example_branch_operator.py for tasks to queue
[2026-05-08T18:28:23.804+0100] {logging_mixin.py:188} INFO - [2026-05-08T18:28:23.804+0100] {dagbag.py:540} INFO - Filling up the DagBag from /home/najma/airflow-venv/lib/python3.12/site-packages/airflow/example_dags/example_branch_operator.py
[2026-05-08T18:28:23.886+0100] {processor.py:842} WARNING - No viable dags retrieved from /home/najma/airflow-venv/lib/python3.12/site-packages/airflow/example_dags/example_branch_operator.py
[2026-05-08T18:28:23.913+0100] {processor.py:183} INFO - Processing /home/najma/airflow-venv/lib/python3.12/site-packages/airflow/example_dags/example_branch_operator.py took 0.116 seconds
[2026-05-08T18:29:38.718+0100] {processor.py:161} INFO - Started process (PID=12538) to work on /home/najma/airflow-venv/lib/python3.12/site-packages/airflow/example_dags/example_branch_operator.py
[2026-05-08T18:29:38.719+0100] {processor.py:830} INFO - Processing file /home/najma/airflow-venv/lib/python3.12/site-packages/airflow/example_dags/example_branch_operator.py for tasks to queue
[2026-05-08T18:29:38.721+0100] {logging_mixin.py:188} INFO - [2026-05-08T18:29:38.721+0100] {dagbag.py:540} INFO - Filling up the DagBag from /home/najma/airflow-venv/lib/python3.12/site-packages/airflow/example_dags/example_branch_operator.py
[2026-05-08T18:29:38.825+0100] {processor.py:842} WARNING - No viable dags retrieved from /home/najma/airflow-venv/lib/python3.12/site-packages/airflow/example_dags/example_branch_operator.py
[2026-05-08T18:29:38.848+0100] {processor.py:183} INFO - Processing /home/najma/airflow-venv/lib/python3.12/site-packages/airflow/example_dags/example_branch_operator.py took 0.134 seconds
[2026-05-08T18:30:57.017+0100] {processor.py:161} INFO - Started process (PID=12599) to work on /home/najma/airflow-venv/lib/python3.12/site-packages/airflow/example_dags/example_branch_operator.py
[2026-05-08T18:30:57.019+0100] {processor.py:830} INFO - Processing file /home/najma/airflow-venv/lib/python3.12/site-packages/airflow/example_dags/example_branch_operator.py for tasks to queue
[2026-05-08T18:30:57.020+0100] {logging_mixin.py:188} INFO - [2026-05-08T18:30:57.020+0100] {dagbag.py:540} INFO - Filling up the DagBag from /home/najma/airflow-venv/lib/python3.12/site-packages/airflow/example_dags/example_branch_operator.py
[2026-05-08T18:30:57.112+0100] {processor.py:842} WARNING - No viable dags retrieved from /home/najma/airflow-venv/lib/python3.12/site-packages/airflow/example_dags/example_branch_operator.py
[2026-05-08T18:30:57.133+0100] {processor.py:183} INFO - Processing /home/najma/airflow-venv/lib/python3.12/site-packages/airflow/example_dags/example_branch_operator.py took 0.120 seconds
[2026-05-08T18:32:14.543+0100] {processor.py:161} INFO - Started process (PID=12659) to work on /home/najma/airflow-venv/lib/python3.12/site-packages/airflow/example_dags/example_branch_operator.py
[2026-05-08T18:32:14.545+0100] {processor.py:830} INFO - Processing file /home/najma/airflow-venv/lib/python3.12/site-packages/airflow/example_dags/example_branch_operator.py for tasks to queue
[2026-05-08T18:32:14.547+0100] {logging_mixin.py:188} INFO - [2026-05-08T18:32:14.547+0100] {dagbag.py:540} INFO - Filling up the DagBag from /home/najma/airflow-venv/lib/python3.12/site-packages/airflow/example_dags/example_branch_operator.py
[2026-05-08T18:32:14.627+0100] {processor.py:842} WARNING - No viable dags retrieved from /home/najma/airflow-venv/lib/python3.12/site-packages/airflow/example_dags/example_branch_operator.py
[2026-05-08T18:32:14.650+0100] {processor.py:183} INFO - Processing /home/najma/airflow-venv/lib/python3.12/site-packages/airflow/example_dags/example_branch_operator.py took 0.111 seconds
[2026-05-08T18:34:32.064+0100] {processor.py:161} INFO - Started process (PID=12771) to work on /home/najma/airflow-venv/lib/python3.12/site-packages/airflow/example_dags/example_branch_operator.py
[2026-05-08T18:34:32.065+0100] {processor.py:830} INFO - Processing file /home/najma/airflow-venv/lib/python3.12/site-packages/airflow/example_dags/example_branch_operator.py for tasks to queue
[2026-05-08T18:34:32.067+0100] {logging_mixin.py:188} INFO - [2026-05-08T18:34:32.067+0100] {dagbag.py:540} INFO - Filling up the DagBag from /home/najma/airflow-venv/lib/python3.12/site-packages/airflow/example_dags/example_branch_operator.py
[2026-05-08T18:34:32.173+0100] {processor.py:842} WARNING - No viable dags retrieved from /home/najma/airflow-venv/lib/python3.12/site-packages/airflow/example_dags/example_branch_operator.py
[2026-05-08T18:34:32.195+0100] {processor.py:183} INFO - Processing /home/najma/airflow-venv/lib/python3.12/site-packages/airflow/example_dags/example_branch_operator.py took 0.135 seconds
[2026-05-08T18:35:43.550+0100] {processor.py:161} INFO - Started process (PID=12850) to work on /home/najma/airflow-venv/lib/python3.12/site-packages/airflow/example_dags/example_branch_operator.py
[2026-05-08T18:35:43.552+0100] {processor.py:830} INFO - Processing file /home/najma/airflow-venv/lib/python3.12/site-packages/airflow/example_dags/example_branch_operator.py for tasks to queue
[2026-05-08T18:35:43.553+0100] {logging_mixin.py:188} INFO - [2026-05-08T18:35:43.553+0100] {dagbag.py:540} INFO - Filling up the DagBag from /home/najma/airflow-venv/lib/python3.12/site-packages/airflow/example_dags/example_branch_operator.py
[2026-05-08T18:35:43.673+0100] {processor.py:842} WARNING - No viable dags retrieved from /home/najma/airflow-venv/lib/python3.12/site-packages/airflow/example_dags/example_branch_operator.py
[2026-05-08T18:35:43.710+0100] {processor.py:183} INFO - Processing /home/najma/airflow-venv/lib/python3.12/site-packages/airflow/example_dags/example_branch_operator.py took 0.165 seconds
[2026-05-08T18:36:56.207+0100] {processor.py:161} INFO - Started process (PID=12909) to work on /home/najma/airflow-venv/lib/python3.12/site-packages/airflow/example_dags/example_branch_operator.py
[2026-05-08T18:36:56.213+0100] {processor.py:830} INFO - Processing file /home/najma/airflow-venv/lib/python3.12/site-packages/airflow/example_dags/example_branch_operator.py for tasks to queue
[2026-05-08T18:36:56.217+0100] {logging_mixin.py:188} INFO - [2026-05-08T18:36:56.215+0100] {dagbag.py:540} INFO - Filling up the DagBag from /home/najma/airflow-venv/lib/python3.12/site-packages/airflow/example_dags/example_branch_operator.py
[2026-05-08T18:36:56.313+0100] {processor.py:842} WARNING - No viable dags retrieved from /home/najma/airflow-venv/lib/python3.12/site-packages/airflow/example_dags/example_branch_operator.py
[2026-05-08T18:36:56.383+0100] {processor.py:183} INFO - Processing /home/najma/airflow-venv/lib/python3.12/site-packages/airflow/example_dags/example_branch_operator.py took 0.193 seconds
[2026-05-08T18:38:20.305+0100] {processor.py:161} INFO - Started process (PID=12973) to work on /home/najma/airflow-venv/lib/python3.12/site-packages/airflow/example_dags/example_branch_operator.py
[2026-05-08T18:38:20.307+0100] {processor.py:830} INFO - Processing file /home/najma/airflow-venv/lib/python3.12/site-packages/airflow/example_dags/example_branch_operator.py for tasks to queue
[2026-05-08T18:38:20.308+0100] {logging_mixin.py:188} INFO - [2026-05-08T18:38:20.308+0100] {dagbag.py:540} INFO - Filling up the DagBag from /home/najma/airflow-venv/lib/python3.12/site-packages/airflow/example_dags/example_branch_operator.py
[2026-05-08T18:38:20.422+0100] {processor.py:842} WARNING - No viable dags retrieved from /home/najma/airflow-venv/lib/python3.12/site-packages/airflow/example_dags/example_branch_operator.py
[2026-05-08T18:38:20.448+0100] {processor.py:183} INFO - Processing /home/najma/airflow-venv/lib/python3.12/site-packages/airflow/example_dags/example_branch_operator.py took 0.148 seconds
