[2026-05-08T16:42:42.183+0100] {processor.py:161} INFO - Started process (PID=9511) to work on /home/najma/airflow-venv/lib/python3.12/site-packages/airflow/example_dags/example_task_group_decorator.py
[2026-05-08T16:42:42.185+0100] {processor.py:830} INFO - Processing file /home/najma/airflow-venv/lib/python3.12/site-packages/airflow/example_dags/example_task_group_decorator.py for tasks to queue
[2026-05-08T16:42:42.187+0100] {logging_mixin.py:188} INFO - [2026-05-08T16:42:42.187+0100] {dagbag.py:540} INFO - Filling up the DagBag from /home/najma/airflow-venv/lib/python3.12/site-packages/airflow/example_dags/example_task_group_decorator.py
[2026-05-08T16:42:42.199+0100] {processor.py:840} INFO - DAG(s) 'example_task_group_decorator' retrieved from /home/najma/airflow-venv/lib/python3.12/site-packages/airflow/example_dags/example_task_group_decorator.py
[2026-05-08T16:42:42.374+0100] {logging_mixin.py:188} INFO - [2026-05-08T16:42:42.374+0100] {override.py:1829} INFO - Created Permission View: can read on DAG:example_task_group_decorator
[2026-05-08T16:42:42.422+0100] {logging_mixin.py:188} INFO - [2026-05-08T16:42:42.422+0100] {override.py:1829} INFO - Created Permission View: can edit on DAG:example_task_group_decorator
[2026-05-08T16:42:42.465+0100] {logging_mixin.py:188} INFO - [2026-05-08T16:42:42.465+0100] {override.py:1829} INFO - Created Permission View: can delete on DAG:example_task_group_decorator
[2026-05-08T16:42:42.466+0100] {logging_mixin.py:188} INFO - [2026-05-08T16:42:42.466+0100] {dag.py:3096} INFO - Sync 1 DAGs
[2026-05-08T16:42:42.489+0100] {logging_mixin.py:188} INFO - [2026-05-08T16:42:42.489+0100] {dag.py:3118} INFO - Creating ORM DAG for example_task_group_decorator
[2026-05-08T16:42:42.501+0100] {logging_mixin.py:188} INFO - [2026-05-08T16:42:42.501+0100] {dag.py:3954} INFO - Setting next_dagrun for example_task_group_decorator to 2026-05-07 00:00:00+00:00, run_after=2026-05-08 00:00:00+00:00
[2026-05-08T16:42:42.582+0100] {processor.py:183} INFO - Processing /home/najma/airflow-venv/lib/python3.12/site-packages/airflow/example_dags/example_task_group_decorator.py took 0.403 seconds
[2026-05-08T16:43:59.686+0100] {processor.py:161} INFO - Started process (PID=9590) to work on /home/najma/airflow-venv/lib/python3.12/site-packages/airflow/example_dags/example_task_group_decorator.py
[2026-05-08T16:43:59.687+0100] {processor.py:830} INFO - Processing file /home/najma/airflow-venv/lib/python3.12/site-packages/airflow/example_dags/example_task_group_decorator.py for tasks to queue
[2026-05-08T16:43:59.689+0100] {logging_mixin.py:188} INFO - [2026-05-08T16:43:59.688+0100] {dagbag.py:540} INFO - Filling up the DagBag from /home/najma/airflow-venv/lib/python3.12/site-packages/airflow/example_dags/example_task_group_decorator.py
[2026-05-08T16:43:59.703+0100] {processor.py:840} INFO - DAG(s) 'example_task_group_decorator' retrieved from /home/najma/airflow-venv/lib/python3.12/site-packages/airflow/example_dags/example_task_group_decorator.py
[2026-05-08T16:43:59.738+0100] {logging_mixin.py:188} INFO - [2026-05-08T16:43:59.737+0100] {dag.py:3096} INFO - Sync 1 DAGs
[2026-05-08T16:43:59.767+0100] {logging_mixin.py:188} INFO - [2026-05-08T16:43:59.767+0100] {dag.py:3954} INFO - Setting next_dagrun for example_task_group_decorator to 2026-05-07 00:00:00+00:00, run_after=2026-05-08 00:00:00+00:00
[2026-05-08T16:43:59.859+0100] {processor.py:183} INFO - Processing /home/najma/airflow-venv/lib/python3.12/site-packages/airflow/example_dags/example_task_group_decorator.py took 0.177 seconds
[2026-05-08T16:45:20.173+0100] {processor.py:161} INFO - Started process (PID=9667) to work on /home/najma/airflow-venv/lib/python3.12/site-packages/airflow/example_dags/example_task_group_decorator.py
[2026-05-08T16:45:20.174+0100] {processor.py:830} INFO - Processing file /home/najma/airflow-venv/lib/python3.12/site-packages/airflow/example_dags/example_task_group_decorator.py for tasks to queue
[2026-05-08T16:45:20.176+0100] {logging_mixin.py:188} INFO - [2026-05-08T16:45:20.176+0100] {dagbag.py:540} INFO - Filling up the DagBag from /home/najma/airflow-venv/lib/python3.12/site-packages/airflow/example_dags/example_task_group_decorator.py
[2026-05-08T16:45:20.197+0100] {processor.py:840} INFO - DAG(s) 'example_task_group_decorator' retrieved from /home/najma/airflow-venv/lib/python3.12/site-packages/airflow/example_dags/example_task_group_decorator.py
[2026-05-08T16:45:20.243+0100] {logging_mixin.py:188} INFO - [2026-05-08T16:45:20.243+0100] {dag.py:3096} INFO - Sync 1 DAGs
[2026-05-08T16:45:20.270+0100] {logging_mixin.py:188} INFO - [2026-05-08T16:45:20.270+0100] {dag.py:3954} INFO - Setting next_dagrun for example_task_group_decorator to 2026-05-07 00:00:00+00:00, run_after=2026-05-08 00:00:00+00:00
[2026-05-08T16:45:20.365+0100] {processor.py:183} INFO - Processing /home/najma/airflow-venv/lib/python3.12/site-packages/airflow/example_dags/example_task_group_decorator.py took 0.196 seconds
[2026-05-08T16:46:06.476+0100] {processor.py:161} INFO - Started process (PID=9708) to work on /home/najma/airflow-venv/lib/python3.12/site-packages/airflow/example_dags/example_task_group_decorator.py
[2026-05-08T16:46:06.477+0100] {processor.py:830} INFO - Processing file /home/najma/airflow-venv/lib/python3.12/site-packages/airflow/example_dags/example_task_group_decorator.py for tasks to queue
[2026-05-08T16:46:06.479+0100] {logging_mixin.py:188} INFO - [2026-05-08T16:46:06.478+0100] {dagbag.py:540} INFO - Filling up the DagBag from /home/najma/airflow-venv/lib/python3.12/site-packages/airflow/example_dags/example_task_group_decorator.py
[2026-05-08T16:46:06.490+0100] {processor.py:840} INFO - DAG(s) 'example_task_group_decorator' retrieved from /home/najma/airflow-venv/lib/python3.12/site-packages/airflow/example_dags/example_task_group_decorator.py
[2026-05-08T16:46:06.523+0100] {logging_mixin.py:188} INFO - [2026-05-08T16:46:06.523+0100] {dag.py:3096} INFO - Sync 1 DAGs
[2026-05-08T16:46:06.546+0100] {logging_mixin.py:188} INFO - [2026-05-08T16:46:06.546+0100] {dag.py:3954} INFO - Setting next_dagrun for example_task_group_decorator to 2026-05-07 00:00:00+00:00, run_after=2026-05-08 00:00:00+00:00
[2026-05-08T16:46:06.640+0100] {processor.py:183} INFO - Processing /home/najma/airflow-venv/lib/python3.12/site-packages/airflow/example_dags/example_task_group_decorator.py took 0.168 seconds
[2026-05-08T16:47:22.271+0100] {processor.py:161} INFO - Started process (PID=9776) to work on /home/najma/airflow-venv/lib/python3.12/site-packages/airflow/example_dags/example_task_group_decorator.py
[2026-05-08T16:47:22.272+0100] {processor.py:830} INFO - Processing file /home/najma/airflow-venv/lib/python3.12/site-packages/airflow/example_dags/example_task_group_decorator.py for tasks to queue
[2026-05-08T16:47:22.274+0100] {logging_mixin.py:188} INFO - [2026-05-08T16:47:22.273+0100] {dagbag.py:540} INFO - Filling up the DagBag from /home/najma/airflow-venv/lib/python3.12/site-packages/airflow/example_dags/example_task_group_decorator.py
[2026-05-08T16:47:22.285+0100] {processor.py:840} INFO - DAG(s) 'example_task_group_decorator' retrieved from /home/najma/airflow-venv/lib/python3.12/site-packages/airflow/example_dags/example_task_group_decorator.py
[2026-05-08T16:47:22.316+0100] {logging_mixin.py:188} INFO - [2026-05-08T16:47:22.316+0100] {dag.py:3096} INFO - Sync 1 DAGs
[2026-05-08T16:47:22.342+0100] {logging_mixin.py:188} INFO - [2026-05-08T16:47:22.342+0100] {dag.py:3954} INFO - Setting next_dagrun for example_task_group_decorator to 2026-05-07 00:00:00+00:00, run_after=2026-05-08 00:00:00+00:00
[2026-05-08T16:47:22.439+0100] {processor.py:183} INFO - Processing /home/najma/airflow-venv/lib/python3.12/site-packages/airflow/example_dags/example_task_group_decorator.py took 0.172 seconds
[2026-05-08T16:48:32.761+0100] {processor.py:161} INFO - Started process (PID=9840) to work on /home/najma/airflow-venv/lib/python3.12/site-packages/airflow/example_dags/example_task_group_decorator.py
[2026-05-08T16:48:32.762+0100] {processor.py:830} INFO - Processing file /home/najma/airflow-venv/lib/python3.12/site-packages/airflow/example_dags/example_task_group_decorator.py for tasks to queue
[2026-05-08T16:48:32.764+0100] {logging_mixin.py:188} INFO - [2026-05-08T16:48:32.764+0100] {dagbag.py:540} INFO - Filling up the DagBag from /home/najma/airflow-venv/lib/python3.12/site-packages/airflow/example_dags/example_task_group_decorator.py
[2026-05-08T16:48:32.776+0100] {processor.py:840} INFO - DAG(s) 'example_task_group_decorator' retrieved from /home/najma/airflow-venv/lib/python3.12/site-packages/airflow/example_dags/example_task_group_decorator.py
[2026-05-08T16:48:32.807+0100] {logging_mixin.py:188} INFO - [2026-05-08T16:48:32.806+0100] {dag.py:3096} INFO - Sync 1 DAGs
[2026-05-08T16:48:32.832+0100] {logging_mixin.py:188} INFO - [2026-05-08T16:48:32.832+0100] {dag.py:3954} INFO - Setting next_dagrun for example_task_group_decorator to 2026-05-07 00:00:00+00:00, run_after=2026-05-08 00:00:00+00:00
[2026-05-08T16:48:32.918+0100] {processor.py:183} INFO - Processing /home/najma/airflow-venv/lib/python3.12/site-packages/airflow/example_dags/example_task_group_decorator.py took 0.162 seconds
[2026-05-08T16:49:45.075+0100] {processor.py:161} INFO - Started process (PID=9906) to work on /home/najma/airflow-venv/lib/python3.12/site-packages/airflow/example_dags/example_task_group_decorator.py
[2026-05-08T16:49:45.076+0100] {processor.py:830} INFO - Processing file /home/najma/airflow-venv/lib/python3.12/site-packages/airflow/example_dags/example_task_group_decorator.py for tasks to queue
[2026-05-08T16:49:45.079+0100] {logging_mixin.py:188} INFO - [2026-05-08T16:49:45.078+0100] {dagbag.py:540} INFO - Filling up the DagBag from /home/najma/airflow-venv/lib/python3.12/site-packages/airflow/example_dags/example_task_group_decorator.py
[2026-05-08T16:49:45.091+0100] {processor.py:840} INFO - DAG(s) 'example_task_group_decorator' retrieved from /home/najma/airflow-venv/lib/python3.12/site-packages/airflow/example_dags/example_task_group_decorator.py
[2026-05-08T16:49:45.140+0100] {logging_mixin.py:188} INFO - [2026-05-08T16:49:45.139+0100] {dag.py:3096} INFO - Sync 1 DAGs
[2026-05-08T16:49:45.251+0100] {logging_mixin.py:188} INFO - [2026-05-08T16:49:45.251+0100] {dag.py:3954} INFO - Setting next_dagrun for example_task_group_decorator to 2026-05-07 00:00:00+00:00, run_after=2026-05-08 00:00:00+00:00
[2026-05-08T16:49:45.382+0100] {processor.py:183} INFO - Processing /home/najma/airflow-venv/lib/python3.12/site-packages/airflow/example_dags/example_task_group_decorator.py took 0.311 seconds
[2026-05-08T17:45:16.582+0100] {processor.py:161} INFO - Started process (PID=10228) to work on /home/najma/airflow-venv/lib/python3.12/site-packages/airflow/example_dags/example_task_group_decorator.py
[2026-05-08T17:45:16.632+0100] {processor.py:830} INFO - Processing file /home/najma/airflow-venv/lib/python3.12/site-packages/airflow/example_dags/example_task_group_decorator.py for tasks to queue
[2026-05-08T17:45:16.635+0100] {logging_mixin.py:188} INFO - [2026-05-08T17:45:16.635+0100] {dagbag.py:540} INFO - Filling up the DagBag from /home/najma/airflow-venv/lib/python3.12/site-packages/airflow/example_dags/example_task_group_decorator.py
[2026-05-08T17:45:16.645+0100] {processor.py:840} INFO - DAG(s) 'example_task_group_decorator' retrieved from /home/najma/airflow-venv/lib/python3.12/site-packages/airflow/example_dags/example_task_group_decorator.py
[2026-05-08T17:45:16.979+0100] {logging_mixin.py:188} INFO - [2026-05-08T17:45:16.979+0100] {dag.py:3096} INFO - Sync 1 DAGs
[2026-05-08T17:45:17.008+0100] {logging_mixin.py:188} INFO - [2026-05-08T17:45:17.008+0100] {dag.py:3954} INFO - Setting next_dagrun for example_task_group_decorator to 2026-05-07 00:00:00+00:00, run_after=2026-05-08 00:00:00+00:00
[2026-05-08T17:45:18.264+0100] {processor.py:183} INFO - Processing /home/najma/airflow-venv/lib/python3.12/site-packages/airflow/example_dags/example_task_group_decorator.py took 1.686 seconds
[2026-05-08T17:46:29.774+0100] {processor.py:161} INFO - Started process (PID=10304) to work on /home/najma/airflow-venv/lib/python3.12/site-packages/airflow/example_dags/example_task_group_decorator.py
[2026-05-08T17:46:29.776+0100] {processor.py:830} INFO - Processing file /home/najma/airflow-venv/lib/python3.12/site-packages/airflow/example_dags/example_task_group_decorator.py for tasks to queue
[2026-05-08T17:46:29.778+0100] {logging_mixin.py:188} INFO - [2026-05-08T17:46:29.778+0100] {dagbag.py:540} INFO - Filling up the DagBag from /home/najma/airflow-venv/lib/python3.12/site-packages/airflow/example_dags/example_task_group_decorator.py
[2026-05-08T17:46:29.789+0100] {processor.py:840} INFO - DAG(s) 'example_task_group_decorator' retrieved from /home/najma/airflow-venv/lib/python3.12/site-packages/airflow/example_dags/example_task_group_decorator.py
[2026-05-08T17:46:29.821+0100] {logging_mixin.py:188} INFO - [2026-05-08T17:46:29.820+0100] {dag.py:3096} INFO - Sync 1 DAGs
[2026-05-08T17:46:29.850+0100] {logging_mixin.py:188} INFO - [2026-05-08T17:46:29.850+0100] {dag.py:3954} INFO - Setting next_dagrun for example_task_group_decorator to 2026-05-07 00:00:00+00:00, run_after=2026-05-08 00:00:00+00:00
[2026-05-08T17:46:29.938+0100] {processor.py:183} INFO - Processing /home/najma/airflow-venv/lib/python3.12/site-packages/airflow/example_dags/example_task_group_decorator.py took 0.168 seconds
[2026-05-08T17:47:50.544+0100] {processor.py:161} INFO - Started process (PID=10369) to work on /home/najma/airflow-venv/lib/python3.12/site-packages/airflow/example_dags/example_task_group_decorator.py
[2026-05-08T17:47:50.546+0100] {processor.py:830} INFO - Processing file /home/najma/airflow-venv/lib/python3.12/site-packages/airflow/example_dags/example_task_group_decorator.py for tasks to queue
[2026-05-08T17:47:50.547+0100] {logging_mixin.py:188} INFO - [2026-05-08T17:47:50.547+0100] {dagbag.py:540} INFO - Filling up the DagBag from /home/najma/airflow-venv/lib/python3.12/site-packages/airflow/example_dags/example_task_group_decorator.py
[2026-05-08T17:47:50.561+0100] {processor.py:840} INFO - DAG(s) 'example_task_group_decorator' retrieved from /home/najma/airflow-venv/lib/python3.12/site-packages/airflow/example_dags/example_task_group_decorator.py
[2026-05-08T17:47:50.595+0100] {logging_mixin.py:188} INFO - [2026-05-08T17:47:50.594+0100] {dag.py:3096} INFO - Sync 1 DAGs
[2026-05-08T17:47:50.625+0100] {logging_mixin.py:188} INFO - [2026-05-08T17:47:50.625+0100] {dag.py:3954} INFO - Setting next_dagrun for example_task_group_decorator to 2026-05-07 00:00:00+00:00, run_after=2026-05-08 00:00:00+00:00
[2026-05-08T17:47:50.719+0100] {processor.py:183} INFO - Processing /home/najma/airflow-venv/lib/python3.12/site-packages/airflow/example_dags/example_task_group_decorator.py took 0.179 seconds
[2026-05-08T17:48:58.875+0100] {processor.py:161} INFO - Started process (PID=10430) to work on /home/najma/airflow-venv/lib/python3.12/site-packages/airflow/example_dags/example_task_group_decorator.py
[2026-05-08T17:48:58.876+0100] {processor.py:830} INFO - Processing file /home/najma/airflow-venv/lib/python3.12/site-packages/airflow/example_dags/example_task_group_decorator.py for tasks to queue
[2026-05-08T17:48:58.878+0100] {logging_mixin.py:188} INFO - [2026-05-08T17:48:58.877+0100] {dagbag.py:540} INFO - Filling up the DagBag from /home/najma/airflow-venv/lib/python3.12/site-packages/airflow/example_dags/example_task_group_decorator.py
[2026-05-08T17:48:58.888+0100] {processor.py:840} INFO - DAG(s) 'example_task_group_decorator' retrieved from /home/najma/airflow-venv/lib/python3.12/site-packages/airflow/example_dags/example_task_group_decorator.py
[2026-05-08T17:48:58.925+0100] {logging_mixin.py:188} INFO - [2026-05-08T17:48:58.924+0100] {dag.py:3096} INFO - Sync 1 DAGs
[2026-05-08T17:48:58.952+0100] {logging_mixin.py:188} INFO - [2026-05-08T17:48:58.952+0100] {dag.py:3954} INFO - Setting next_dagrun for example_task_group_decorator to 2026-05-07 00:00:00+00:00, run_after=2026-05-08 00:00:00+00:00
[2026-05-08T17:48:59.041+0100] {processor.py:183} INFO - Processing /home/najma/airflow-venv/lib/python3.12/site-packages/airflow/example_dags/example_task_group_decorator.py took 0.171 seconds
[2026-05-08T17:50:10.461+0100] {processor.py:161} INFO - Started process (PID=10491) to work on /home/najma/airflow-venv/lib/python3.12/site-packages/airflow/example_dags/example_task_group_decorator.py
[2026-05-08T17:50:10.462+0100] {processor.py:830} INFO - Processing file /home/najma/airflow-venv/lib/python3.12/site-packages/airflow/example_dags/example_task_group_decorator.py for tasks to queue
[2026-05-08T17:50:10.464+0100] {logging_mixin.py:188} INFO - [2026-05-08T17:50:10.464+0100] {dagbag.py:540} INFO - Filling up the DagBag from /home/najma/airflow-venv/lib/python3.12/site-packages/airflow/example_dags/example_task_group_decorator.py
[2026-05-08T17:50:10.486+0100] {processor.py:840} INFO - DAG(s) 'example_task_group_decorator' retrieved from /home/najma/airflow-venv/lib/python3.12/site-packages/airflow/example_dags/example_task_group_decorator.py
[2026-05-08T17:50:10.529+0100] {logging_mixin.py:188} INFO - [2026-05-08T17:50:10.528+0100] {dag.py:3096} INFO - Sync 1 DAGs
[2026-05-08T17:50:10.554+0100] {logging_mixin.py:188} INFO - [2026-05-08T17:50:10.554+0100] {dag.py:3954} INFO - Setting next_dagrun for example_task_group_decorator to 2026-05-07 00:00:00+00:00, run_after=2026-05-08 00:00:00+00:00
[2026-05-08T17:50:10.654+0100] {processor.py:183} INFO - Processing /home/najma/airflow-venv/lib/python3.12/site-packages/airflow/example_dags/example_task_group_decorator.py took 0.198 seconds
[2026-05-08T17:51:23.892+0100] {processor.py:161} INFO - Started process (PID=10551) to work on /home/najma/airflow-venv/lib/python3.12/site-packages/airflow/example_dags/example_task_group_decorator.py
[2026-05-08T17:51:23.894+0100] {processor.py:830} INFO - Processing file /home/najma/airflow-venv/lib/python3.12/site-packages/airflow/example_dags/example_task_group_decorator.py for tasks to queue
[2026-05-08T17:51:23.895+0100] {logging_mixin.py:188} INFO - [2026-05-08T17:51:23.895+0100] {dagbag.py:540} INFO - Filling up the DagBag from /home/najma/airflow-venv/lib/python3.12/site-packages/airflow/example_dags/example_task_group_decorator.py
[2026-05-08T17:51:23.907+0100] {processor.py:840} INFO - DAG(s) 'example_task_group_decorator' retrieved from /home/najma/airflow-venv/lib/python3.12/site-packages/airflow/example_dags/example_task_group_decorator.py
[2026-05-08T17:51:23.939+0100] {logging_mixin.py:188} INFO - [2026-05-08T17:51:23.939+0100] {dag.py:3096} INFO - Sync 1 DAGs
[2026-05-08T17:51:23.965+0100] {logging_mixin.py:188} INFO - [2026-05-08T17:51:23.965+0100] {dag.py:3954} INFO - Setting next_dagrun for example_task_group_decorator to 2026-05-07 00:00:00+00:00, run_after=2026-05-08 00:00:00+00:00
[2026-05-08T17:51:24.070+0100] {processor.py:183} INFO - Processing /home/najma/airflow-venv/lib/python3.12/site-packages/airflow/example_dags/example_task_group_decorator.py took 0.181 seconds
[2026-05-08T17:52:47.814+0100] {processor.py:161} INFO - Started process (PID=10639) to work on /home/najma/airflow-venv/lib/python3.12/site-packages/airflow/example_dags/example_task_group_decorator.py
[2026-05-08T17:52:47.817+0100] {processor.py:830} INFO - Processing file /home/najma/airflow-venv/lib/python3.12/site-packages/airflow/example_dags/example_task_group_decorator.py for tasks to queue
[2026-05-08T17:52:47.818+0100] {logging_mixin.py:188} INFO - [2026-05-08T17:52:47.818+0100] {dagbag.py:540} INFO - Filling up the DagBag from /home/najma/airflow-venv/lib/python3.12/site-packages/airflow/example_dags/example_task_group_decorator.py
[2026-05-08T17:52:47.829+0100] {processor.py:840} INFO - DAG(s) 'example_task_group_decorator' retrieved from /home/najma/airflow-venv/lib/python3.12/site-packages/airflow/example_dags/example_task_group_decorator.py
[2026-05-08T17:52:47.863+0100] {logging_mixin.py:188} INFO - [2026-05-08T17:52:47.863+0100] {dag.py:3096} INFO - Sync 1 DAGs
[2026-05-08T17:52:47.892+0100] {logging_mixin.py:188} INFO - [2026-05-08T17:52:47.892+0100] {dag.py:3954} INFO - Setting next_dagrun for example_task_group_decorator to 2026-05-07 00:00:00+00:00, run_after=2026-05-08 00:00:00+00:00
[2026-05-08T17:52:47.987+0100] {processor.py:183} INFO - Processing /home/najma/airflow-venv/lib/python3.12/site-packages/airflow/example_dags/example_task_group_decorator.py took 0.176 seconds
[2026-05-08T17:53:56.254+0100] {processor.py:161} INFO - Started process (PID=10700) to work on /home/najma/airflow-venv/lib/python3.12/site-packages/airflow/example_dags/example_task_group_decorator.py
[2026-05-08T17:53:56.255+0100] {processor.py:830} INFO - Processing file /home/najma/airflow-venv/lib/python3.12/site-packages/airflow/example_dags/example_task_group_decorator.py for tasks to queue
[2026-05-08T17:53:56.256+0100] {logging_mixin.py:188} INFO - [2026-05-08T17:53:56.256+0100] {dagbag.py:540} INFO - Filling up the DagBag from /home/najma/airflow-venv/lib/python3.12/site-packages/airflow/example_dags/example_task_group_decorator.py
[2026-05-08T17:53:56.267+0100] {processor.py:840} INFO - DAG(s) 'example_task_group_decorator' retrieved from /home/najma/airflow-venv/lib/python3.12/site-packages/airflow/example_dags/example_task_group_decorator.py
[2026-05-08T17:53:56.298+0100] {logging_mixin.py:188} INFO - [2026-05-08T17:53:56.298+0100] {dag.py:3096} INFO - Sync 1 DAGs
[2026-05-08T17:53:56.323+0100] {logging_mixin.py:188} INFO - [2026-05-08T17:53:56.323+0100] {dag.py:3954} INFO - Setting next_dagrun for example_task_group_decorator to 2026-05-07 00:00:00+00:00, run_after=2026-05-08 00:00:00+00:00
[2026-05-08T17:53:56.400+0100] {processor.py:183} INFO - Processing /home/najma/airflow-venv/lib/python3.12/site-packages/airflow/example_dags/example_task_group_decorator.py took 0.150 seconds
[2026-05-08T17:55:02.189+0100] {processor.py:161} INFO - Started process (PID=10772) to work on /home/najma/airflow-venv/lib/python3.12/site-packages/airflow/example_dags/example_task_group_decorator.py
[2026-05-08T17:55:02.190+0100] {processor.py:830} INFO - Processing file /home/najma/airflow-venv/lib/python3.12/site-packages/airflow/example_dags/example_task_group_decorator.py for tasks to queue
[2026-05-08T17:55:02.192+0100] {logging_mixin.py:188} INFO - [2026-05-08T17:55:02.192+0100] {dagbag.py:540} INFO - Filling up the DagBag from /home/najma/airflow-venv/lib/python3.12/site-packages/airflow/example_dags/example_task_group_decorator.py
[2026-05-08T17:55:02.203+0100] {processor.py:840} INFO - DAG(s) 'example_task_group_decorator' retrieved from /home/najma/airflow-venv/lib/python3.12/site-packages/airflow/example_dags/example_task_group_decorator.py
[2026-05-08T17:55:02.239+0100] {logging_mixin.py:188} INFO - [2026-05-08T17:55:02.239+0100] {dag.py:3096} INFO - Sync 1 DAGs
[2026-05-08T17:55:02.283+0100] {logging_mixin.py:188} INFO - [2026-05-08T17:55:02.281+0100] {dag.py:3954} INFO - Setting next_dagrun for example_task_group_decorator to 2026-05-07 00:00:00+00:00, run_after=2026-05-08 00:00:00+00:00
[2026-05-08T17:55:02.377+0100] {processor.py:183} INFO - Processing /home/najma/airflow-venv/lib/python3.12/site-packages/airflow/example_dags/example_task_group_decorator.py took 0.192 seconds
[2026-05-08T17:56:08.269+0100] {processor.py:161} INFO - Started process (PID=10831) to work on /home/najma/airflow-venv/lib/python3.12/site-packages/airflow/example_dags/example_task_group_decorator.py
[2026-05-08T17:56:08.271+0100] {processor.py:830} INFO - Processing file /home/najma/airflow-venv/lib/python3.12/site-packages/airflow/example_dags/example_task_group_decorator.py for tasks to queue
[2026-05-08T17:56:08.272+0100] {logging_mixin.py:188} INFO - [2026-05-08T17:56:08.272+0100] {dagbag.py:540} INFO - Filling up the DagBag from /home/najma/airflow-venv/lib/python3.12/site-packages/airflow/example_dags/example_task_group_decorator.py
[2026-05-08T17:56:08.283+0100] {processor.py:840} INFO - DAG(s) 'example_task_group_decorator' retrieved from /home/najma/airflow-venv/lib/python3.12/site-packages/airflow/example_dags/example_task_group_decorator.py
[2026-05-08T17:56:08.314+0100] {logging_mixin.py:188} INFO - [2026-05-08T17:56:08.313+0100] {dag.py:3096} INFO - Sync 1 DAGs
[2026-05-08T17:56:08.349+0100] {logging_mixin.py:188} INFO - [2026-05-08T17:56:08.348+0100] {dag.py:3954} INFO - Setting next_dagrun for example_task_group_decorator to 2026-05-07 00:00:00+00:00, run_after=2026-05-08 00:00:00+00:00
[2026-05-08T17:56:08.444+0100] {processor.py:183} INFO - Processing /home/najma/airflow-venv/lib/python3.12/site-packages/airflow/example_dags/example_task_group_decorator.py took 0.178 seconds
[2026-05-08T17:57:25.322+0100] {processor.py:161} INFO - Started process (PID=10892) to work on /home/najma/airflow-venv/lib/python3.12/site-packages/airflow/example_dags/example_task_group_decorator.py
[2026-05-08T17:57:25.323+0100] {processor.py:830} INFO - Processing file /home/najma/airflow-venv/lib/python3.12/site-packages/airflow/example_dags/example_task_group_decorator.py for tasks to queue
[2026-05-08T17:57:25.325+0100] {logging_mixin.py:188} INFO - [2026-05-08T17:57:25.324+0100] {dagbag.py:540} INFO - Filling up the DagBag from /home/najma/airflow-venv/lib/python3.12/site-packages/airflow/example_dags/example_task_group_decorator.py
[2026-05-08T17:57:25.335+0100] {processor.py:840} INFO - DAG(s) 'example_task_group_decorator' retrieved from /home/najma/airflow-venv/lib/python3.12/site-packages/airflow/example_dags/example_task_group_decorator.py
[2026-05-08T17:57:25.366+0100] {logging_mixin.py:188} INFO - [2026-05-08T17:57:25.366+0100] {dag.py:3096} INFO - Sync 1 DAGs
[2026-05-08T17:57:25.391+0100] {logging_mixin.py:188} INFO - [2026-05-08T17:57:25.391+0100] {dag.py:3954} INFO - Setting next_dagrun for example_task_group_decorator to 2026-05-07 00:00:00+00:00, run_after=2026-05-08 00:00:00+00:00
[2026-05-08T17:57:25.501+0100] {processor.py:183} INFO - Processing /home/najma/airflow-venv/lib/python3.12/site-packages/airflow/example_dags/example_task_group_decorator.py took 0.183 seconds
[2026-05-08T17:58:35.012+0100] {processor.py:161} INFO - Started process (PID=10953) to work on /home/najma/airflow-venv/lib/python3.12/site-packages/airflow/example_dags/example_task_group_decorator.py
[2026-05-08T17:58:35.013+0100] {processor.py:830} INFO - Processing file /home/najma/airflow-venv/lib/python3.12/site-packages/airflow/example_dags/example_task_group_decorator.py for tasks to queue
[2026-05-08T17:58:35.015+0100] {logging_mixin.py:188} INFO - [2026-05-08T17:58:35.015+0100] {dagbag.py:540} INFO - Filling up the DagBag from /home/najma/airflow-venv/lib/python3.12/site-packages/airflow/example_dags/example_task_group_decorator.py
[2026-05-08T17:58:35.029+0100] {processor.py:840} INFO - DAG(s) 'example_task_group_decorator' retrieved from /home/najma/airflow-venv/lib/python3.12/site-packages/airflow/example_dags/example_task_group_decorator.py
[2026-05-08T17:58:35.060+0100] {logging_mixin.py:188} INFO - [2026-05-08T17:58:35.060+0100] {dag.py:3096} INFO - Sync 1 DAGs
[2026-05-08T17:58:35.084+0100] {logging_mixin.py:188} INFO - [2026-05-08T17:58:35.083+0100] {dag.py:3954} INFO - Setting next_dagrun for example_task_group_decorator to 2026-05-07 00:00:00+00:00, run_after=2026-05-08 00:00:00+00:00
[2026-05-08T17:58:35.176+0100] {processor.py:183} INFO - Processing /home/najma/airflow-venv/lib/python3.12/site-packages/airflow/example_dags/example_task_group_decorator.py took 0.169 seconds
[2026-05-08T17:59:41.130+0100] {processor.py:161} INFO - Started process (PID=11011) to work on /home/najma/airflow-venv/lib/python3.12/site-packages/airflow/example_dags/example_task_group_decorator.py
[2026-05-08T17:59:41.131+0100] {processor.py:830} INFO - Processing file /home/najma/airflow-venv/lib/python3.12/site-packages/airflow/example_dags/example_task_group_decorator.py for tasks to queue
[2026-05-08T17:59:41.133+0100] {logging_mixin.py:188} INFO - [2026-05-08T17:59:41.132+0100] {dagbag.py:540} INFO - Filling up the DagBag from /home/najma/airflow-venv/lib/python3.12/site-packages/airflow/example_dags/example_task_group_decorator.py
[2026-05-08T17:59:41.143+0100] {processor.py:840} INFO - DAG(s) 'example_task_group_decorator' retrieved from /home/najma/airflow-venv/lib/python3.12/site-packages/airflow/example_dags/example_task_group_decorator.py
[2026-05-08T17:59:41.176+0100] {logging_mixin.py:188} INFO - [2026-05-08T17:59:41.176+0100] {dag.py:3096} INFO - Sync 1 DAGs
[2026-05-08T17:59:41.202+0100] {logging_mixin.py:188} INFO - [2026-05-08T17:59:41.201+0100] {dag.py:3954} INFO - Setting next_dagrun for example_task_group_decorator to 2026-05-07 00:00:00+00:00, run_after=2026-05-08 00:00:00+00:00
[2026-05-08T17:59:41.277+0100] {processor.py:183} INFO - Processing /home/najma/airflow-venv/lib/python3.12/site-packages/airflow/example_dags/example_task_group_decorator.py took 0.151 seconds
[2026-05-08T18:00:51.298+0100] {processor.py:161} INFO - Started process (PID=11074) to work on /home/najma/airflow-venv/lib/python3.12/site-packages/airflow/example_dags/example_task_group_decorator.py
[2026-05-08T18:00:51.300+0100] {processor.py:830} INFO - Processing file /home/najma/airflow-venv/lib/python3.12/site-packages/airflow/example_dags/example_task_group_decorator.py for tasks to queue
[2026-05-08T18:00:51.302+0100] {logging_mixin.py:188} INFO - [2026-05-08T18:00:51.301+0100] {dagbag.py:540} INFO - Filling up the DagBag from /home/najma/airflow-venv/lib/python3.12/site-packages/airflow/example_dags/example_task_group_decorator.py
[2026-05-08T18:00:51.313+0100] {processor.py:840} INFO - DAG(s) 'example_task_group_decorator' retrieved from /home/najma/airflow-venv/lib/python3.12/site-packages/airflow/example_dags/example_task_group_decorator.py
[2026-05-08T18:00:51.343+0100] {logging_mixin.py:188} INFO - [2026-05-08T18:00:51.343+0100] {dag.py:3096} INFO - Sync 1 DAGs
[2026-05-08T18:00:51.368+0100] {logging_mixin.py:188} INFO - [2026-05-08T18:00:51.368+0100] {dag.py:3954} INFO - Setting next_dagrun for example_task_group_decorator to 2026-05-07 00:00:00+00:00, run_after=2026-05-08 00:00:00+00:00
[2026-05-08T18:00:51.458+0100] {processor.py:183} INFO - Processing /home/najma/airflow-venv/lib/python3.12/site-packages/airflow/example_dags/example_task_group_decorator.py took 0.164 seconds
[2026-05-08T18:01:55.022+0100] {processor.py:161} INFO - Started process (PID=11131) to work on /home/najma/airflow-venv/lib/python3.12/site-packages/airflow/example_dags/example_task_group_decorator.py
[2026-05-08T18:01:55.023+0100] {processor.py:830} INFO - Processing file /home/najma/airflow-venv/lib/python3.12/site-packages/airflow/example_dags/example_task_group_decorator.py for tasks to queue
[2026-05-08T18:01:55.025+0100] {logging_mixin.py:188} INFO - [2026-05-08T18:01:55.025+0100] {dagbag.py:540} INFO - Filling up the DagBag from /home/najma/airflow-venv/lib/python3.12/site-packages/airflow/example_dags/example_task_group_decorator.py
[2026-05-08T18:01:55.036+0100] {processor.py:840} INFO - DAG(s) 'example_task_group_decorator' retrieved from /home/najma/airflow-venv/lib/python3.12/site-packages/airflow/example_dags/example_task_group_decorator.py
[2026-05-08T18:01:55.068+0100] {logging_mixin.py:188} INFO - [2026-05-08T18:01:55.068+0100] {dag.py:3096} INFO - Sync 1 DAGs
[2026-05-08T18:01:55.094+0100] {logging_mixin.py:188} INFO - [2026-05-08T18:01:55.094+0100] {dag.py:3954} INFO - Setting next_dagrun for example_task_group_decorator to 2026-05-07 00:00:00+00:00, run_after=2026-05-08 00:00:00+00:00
[2026-05-08T18:01:55.174+0100] {processor.py:183} INFO - Processing /home/najma/airflow-venv/lib/python3.12/site-packages/airflow/example_dags/example_task_group_decorator.py took 0.156 seconds
[2026-05-08T18:02:58.574+0100] {processor.py:161} INFO - Started process (PID=11189) to work on /home/najma/airflow-venv/lib/python3.12/site-packages/airflow/example_dags/example_task_group_decorator.py
[2026-05-08T18:02:58.576+0100] {processor.py:830} INFO - Processing file /home/najma/airflow-venv/lib/python3.12/site-packages/airflow/example_dags/example_task_group_decorator.py for tasks to queue
[2026-05-08T18:02:58.577+0100] {logging_mixin.py:188} INFO - [2026-05-08T18:02:58.577+0100] {dagbag.py:540} INFO - Filling up the DagBag from /home/najma/airflow-venv/lib/python3.12/site-packages/airflow/example_dags/example_task_group_decorator.py
[2026-05-08T18:02:58.588+0100] {processor.py:840} INFO - DAG(s) 'example_task_group_decorator' retrieved from /home/najma/airflow-venv/lib/python3.12/site-packages/airflow/example_dags/example_task_group_decorator.py
[2026-05-08T18:02:58.616+0100] {logging_mixin.py:188} INFO - [2026-05-08T18:02:58.616+0100] {dag.py:3096} INFO - Sync 1 DAGs
[2026-05-08T18:02:58.639+0100] {logging_mixin.py:188} INFO - [2026-05-08T18:02:58.638+0100] {dag.py:3954} INFO - Setting next_dagrun for example_task_group_decorator to 2026-05-07 00:00:00+00:00, run_after=2026-05-08 00:00:00+00:00
[2026-05-08T18:02:58.728+0100] {processor.py:183} INFO - Processing /home/najma/airflow-venv/lib/python3.12/site-packages/airflow/example_dags/example_task_group_decorator.py took 0.157 seconds
[2026-05-08T18:04:07.476+0100] {processor.py:161} INFO - Started process (PID=11247) to work on /home/najma/airflow-venv/lib/python3.12/site-packages/airflow/example_dags/example_task_group_decorator.py
[2026-05-08T18:04:07.478+0100] {processor.py:830} INFO - Processing file /home/najma/airflow-venv/lib/python3.12/site-packages/airflow/example_dags/example_task_group_decorator.py for tasks to queue
[2026-05-08T18:04:07.479+0100] {logging_mixin.py:188} INFO - [2026-05-08T18:04:07.479+0100] {dagbag.py:540} INFO - Filling up the DagBag from /home/najma/airflow-venv/lib/python3.12/site-packages/airflow/example_dags/example_task_group_decorator.py
[2026-05-08T18:04:07.490+0100] {processor.py:840} INFO - DAG(s) 'example_task_group_decorator' retrieved from /home/najma/airflow-venv/lib/python3.12/site-packages/airflow/example_dags/example_task_group_decorator.py
[2026-05-08T18:04:07.521+0100] {logging_mixin.py:188} INFO - [2026-05-08T18:04:07.520+0100] {dag.py:3096} INFO - Sync 1 DAGs
[2026-05-08T18:04:07.545+0100] {logging_mixin.py:188} INFO - [2026-05-08T18:04:07.545+0100] {dag.py:3954} INFO - Setting next_dagrun for example_task_group_decorator to 2026-05-07 00:00:00+00:00, run_after=2026-05-08 00:00:00+00:00
[2026-05-08T18:04:07.639+0100] {processor.py:183} INFO - Processing /home/najma/airflow-venv/lib/python3.12/site-packages/airflow/example_dags/example_task_group_decorator.py took 0.166 seconds
[2026-05-08T18:05:14.823+0100] {processor.py:161} INFO - Started process (PID=11307) to work on /home/najma/airflow-venv/lib/python3.12/site-packages/airflow/example_dags/example_task_group_decorator.py
[2026-05-08T18:05:14.824+0100] {processor.py:830} INFO - Processing file /home/najma/airflow-venv/lib/python3.12/site-packages/airflow/example_dags/example_task_group_decorator.py for tasks to queue
[2026-05-08T18:05:14.826+0100] {logging_mixin.py:188} INFO - [2026-05-08T18:05:14.826+0100] {dagbag.py:540} INFO - Filling up the DagBag from /home/najma/airflow-venv/lib/python3.12/site-packages/airflow/example_dags/example_task_group_decorator.py
[2026-05-08T18:05:14.836+0100] {processor.py:840} INFO - DAG(s) 'example_task_group_decorator' retrieved from /home/najma/airflow-venv/lib/python3.12/site-packages/airflow/example_dags/example_task_group_decorator.py
[2026-05-08T18:05:14.866+0100] {logging_mixin.py:188} INFO - [2026-05-08T18:05:14.866+0100] {dag.py:3096} INFO - Sync 1 DAGs
[2026-05-08T18:05:14.971+0100] {logging_mixin.py:188} INFO - [2026-05-08T18:05:14.971+0100] {dag.py:3954} INFO - Setting next_dagrun for example_task_group_decorator to 2026-05-07 00:00:00+00:00, run_after=2026-05-08 00:00:00+00:00
[2026-05-08T18:05:15.073+0100] {processor.py:183} INFO - Processing /home/najma/airflow-venv/lib/python3.12/site-packages/airflow/example_dags/example_task_group_decorator.py took 0.253 seconds
[2026-05-08T18:06:20.904+0100] {processor.py:161} INFO - Started process (PID=11366) to work on /home/najma/airflow-venv/lib/python3.12/site-packages/airflow/example_dags/example_task_group_decorator.py
[2026-05-08T18:06:20.905+0100] {processor.py:830} INFO - Processing file /home/najma/airflow-venv/lib/python3.12/site-packages/airflow/example_dags/example_task_group_decorator.py for tasks to queue
[2026-05-08T18:06:20.907+0100] {logging_mixin.py:188} INFO - [2026-05-08T18:06:20.907+0100] {dagbag.py:540} INFO - Filling up the DagBag from /home/najma/airflow-venv/lib/python3.12/site-packages/airflow/example_dags/example_task_group_decorator.py
[2026-05-08T18:06:20.917+0100] {processor.py:840} INFO - DAG(s) 'example_task_group_decorator' retrieved from /home/najma/airflow-venv/lib/python3.12/site-packages/airflow/example_dags/example_task_group_decorator.py
[2026-05-08T18:06:20.945+0100] {logging_mixin.py:188} INFO - [2026-05-08T18:06:20.945+0100] {dag.py:3096} INFO - Sync 1 DAGs
[2026-05-08T18:06:21.054+0100] {logging_mixin.py:188} INFO - [2026-05-08T18:06:21.054+0100] {dag.py:3954} INFO - Setting next_dagrun for example_task_group_decorator to 2026-05-07 00:00:00+00:00, run_after=2026-05-08 00:00:00+00:00
[2026-05-08T18:06:21.153+0100] {processor.py:183} INFO - Processing /home/najma/airflow-venv/lib/python3.12/site-packages/airflow/example_dags/example_task_group_decorator.py took 0.253 seconds
[2026-05-08T18:07:23.675+0100] {processor.py:161} INFO - Started process (PID=11422) to work on /home/najma/airflow-venv/lib/python3.12/site-packages/airflow/example_dags/example_task_group_decorator.py
[2026-05-08T18:07:23.677+0100] {processor.py:830} INFO - Processing file /home/najma/airflow-venv/lib/python3.12/site-packages/airflow/example_dags/example_task_group_decorator.py for tasks to queue
[2026-05-08T18:07:23.678+0100] {logging_mixin.py:188} INFO - [2026-05-08T18:07:23.678+0100] {dagbag.py:540} INFO - Filling up the DagBag from /home/najma/airflow-venv/lib/python3.12/site-packages/airflow/example_dags/example_task_group_decorator.py
[2026-05-08T18:07:23.689+0100] {processor.py:840} INFO - DAG(s) 'example_task_group_decorator' retrieved from /home/najma/airflow-venv/lib/python3.12/site-packages/airflow/example_dags/example_task_group_decorator.py
[2026-05-08T18:07:23.722+0100] {logging_mixin.py:188} INFO - [2026-05-08T18:07:23.722+0100] {dag.py:3096} INFO - Sync 1 DAGs
[2026-05-08T18:07:23.749+0100] {logging_mixin.py:188} INFO - [2026-05-08T18:07:23.748+0100] {dag.py:3954} INFO - Setting next_dagrun for example_task_group_decorator to 2026-05-07 00:00:00+00:00, run_after=2026-05-08 00:00:00+00:00
[2026-05-08T18:07:23.851+0100] {processor.py:183} INFO - Processing /home/najma/airflow-venv/lib/python3.12/site-packages/airflow/example_dags/example_task_group_decorator.py took 0.180 seconds
[2026-05-08T18:08:26.918+0100] {processor.py:161} INFO - Started process (PID=11480) to work on /home/najma/airflow-venv/lib/python3.12/site-packages/airflow/example_dags/example_task_group_decorator.py
[2026-05-08T18:08:26.919+0100] {processor.py:830} INFO - Processing file /home/najma/airflow-venv/lib/python3.12/site-packages/airflow/example_dags/example_task_group_decorator.py for tasks to queue
[2026-05-08T18:08:26.921+0100] {logging_mixin.py:188} INFO - [2026-05-08T18:08:26.921+0100] {dagbag.py:540} INFO - Filling up the DagBag from /home/najma/airflow-venv/lib/python3.12/site-packages/airflow/example_dags/example_task_group_decorator.py
[2026-05-08T18:08:26.932+0100] {processor.py:840} INFO - DAG(s) 'example_task_group_decorator' retrieved from /home/najma/airflow-venv/lib/python3.12/site-packages/airflow/example_dags/example_task_group_decorator.py
[2026-05-08T18:08:26.964+0100] {logging_mixin.py:188} INFO - [2026-05-08T18:08:26.963+0100] {dag.py:3096} INFO - Sync 1 DAGs
[2026-05-08T18:08:26.991+0100] {logging_mixin.py:188} INFO - [2026-05-08T18:08:26.991+0100] {dag.py:3954} INFO - Setting next_dagrun for example_task_group_decorator to 2026-05-07 00:00:00+00:00, run_after=2026-05-08 00:00:00+00:00
[2026-05-08T18:08:27.066+0100] {processor.py:183} INFO - Processing /home/najma/airflow-venv/lib/python3.12/site-packages/airflow/example_dags/example_task_group_decorator.py took 0.152 seconds
[2026-05-08T18:09:33.113+0100] {processor.py:161} INFO - Started process (PID=11538) to work on /home/najma/airflow-venv/lib/python3.12/site-packages/airflow/example_dags/example_task_group_decorator.py
[2026-05-08T18:09:33.114+0100] {processor.py:830} INFO - Processing file /home/najma/airflow-venv/lib/python3.12/site-packages/airflow/example_dags/example_task_group_decorator.py for tasks to queue
[2026-05-08T18:09:33.116+0100] {logging_mixin.py:188} INFO - [2026-05-08T18:09:33.116+0100] {dagbag.py:540} INFO - Filling up the DagBag from /home/najma/airflow-venv/lib/python3.12/site-packages/airflow/example_dags/example_task_group_decorator.py
[2026-05-08T18:09:33.127+0100] {processor.py:840} INFO - DAG(s) 'example_task_group_decorator' retrieved from /home/najma/airflow-venv/lib/python3.12/site-packages/airflow/example_dags/example_task_group_decorator.py
[2026-05-08T18:09:33.159+0100] {logging_mixin.py:188} INFO - [2026-05-08T18:09:33.159+0100] {dag.py:3096} INFO - Sync 1 DAGs
[2026-05-08T18:09:33.187+0100] {logging_mixin.py:188} INFO - [2026-05-08T18:09:33.187+0100] {dag.py:3954} INFO - Setting next_dagrun for example_task_group_decorator to 2026-05-07 00:00:00+00:00, run_after=2026-05-08 00:00:00+00:00
[2026-05-08T18:09:33.271+0100] {processor.py:183} INFO - Processing /home/najma/airflow-venv/lib/python3.12/site-packages/airflow/example_dags/example_task_group_decorator.py took 0.162 seconds
[2026-05-08T18:10:32.752+0100] {processor.py:161} INFO - Started process (PID=11593) to work on /home/najma/airflow-venv/lib/python3.12/site-packages/airflow/example_dags/example_task_group_decorator.py
[2026-05-08T18:10:32.754+0100] {processor.py:830} INFO - Processing file /home/najma/airflow-venv/lib/python3.12/site-packages/airflow/example_dags/example_task_group_decorator.py for tasks to queue
[2026-05-08T18:10:32.757+0100] {logging_mixin.py:188} INFO - [2026-05-08T18:10:32.756+0100] {dagbag.py:540} INFO - Filling up the DagBag from /home/najma/airflow-venv/lib/python3.12/site-packages/airflow/example_dags/example_task_group_decorator.py
[2026-05-08T18:10:32.771+0100] {processor.py:840} INFO - DAG(s) 'example_task_group_decorator' retrieved from /home/najma/airflow-venv/lib/python3.12/site-packages/airflow/example_dags/example_task_group_decorator.py
[2026-05-08T18:10:32.804+0100] {logging_mixin.py:188} INFO - [2026-05-08T18:10:32.803+0100] {dag.py:3096} INFO - Sync 1 DAGs
[2026-05-08T18:10:32.831+0100] {logging_mixin.py:188} INFO - [2026-05-08T18:10:32.831+0100] {dag.py:3954} INFO - Setting next_dagrun for example_task_group_decorator to 2026-05-07 00:00:00+00:00, run_after=2026-05-08 00:00:00+00:00
[2026-05-08T18:10:32.908+0100] {processor.py:183} INFO - Processing /home/najma/airflow-venv/lib/python3.12/site-packages/airflow/example_dags/example_task_group_decorator.py took 0.160 seconds
[2026-05-08T18:11:41.563+0100] {processor.py:161} INFO - Started process (PID=11649) to work on /home/najma/airflow-venv/lib/python3.12/site-packages/airflow/example_dags/example_task_group_decorator.py
[2026-05-08T18:11:41.564+0100] {processor.py:830} INFO - Processing file /home/najma/airflow-venv/lib/python3.12/site-packages/airflow/example_dags/example_task_group_decorator.py for tasks to queue
[2026-05-08T18:11:41.567+0100] {logging_mixin.py:188} INFO - [2026-05-08T18:11:41.566+0100] {dagbag.py:540} INFO - Filling up the DagBag from /home/najma/airflow-venv/lib/python3.12/site-packages/airflow/example_dags/example_task_group_decorator.py
[2026-05-08T18:11:41.577+0100] {processor.py:840} INFO - DAG(s) 'example_task_group_decorator' retrieved from /home/najma/airflow-venv/lib/python3.12/site-packages/airflow/example_dags/example_task_group_decorator.py
[2026-05-08T18:11:41.604+0100] {logging_mixin.py:188} INFO - [2026-05-08T18:11:41.604+0100] {dag.py:3096} INFO - Sync 1 DAGs
[2026-05-08T18:11:41.627+0100] {logging_mixin.py:188} INFO - [2026-05-08T18:11:41.627+0100] {dag.py:3954} INFO - Setting next_dagrun for example_task_group_decorator to 2026-05-07 00:00:00+00:00, run_after=2026-05-08 00:00:00+00:00
[2026-05-08T18:11:41.709+0100] {processor.py:183} INFO - Processing /home/najma/airflow-venv/lib/python3.12/site-packages/airflow/example_dags/example_task_group_decorator.py took 0.150 seconds
[2026-05-08T18:13:05.713+0100] {processor.py:161} INFO - Started process (PID=11707) to work on /home/najma/airflow-venv/lib/python3.12/site-packages/airflow/example_dags/example_task_group_decorator.py
[2026-05-08T18:13:05.715+0100] {processor.py:830} INFO - Processing file /home/najma/airflow-venv/lib/python3.12/site-packages/airflow/example_dags/example_task_group_decorator.py for tasks to queue
[2026-05-08T18:13:05.717+0100] {logging_mixin.py:188} INFO - [2026-05-08T18:13:05.717+0100] {dagbag.py:540} INFO - Filling up the DagBag from /home/najma/airflow-venv/lib/python3.12/site-packages/airflow/example_dags/example_task_group_decorator.py
[2026-05-08T18:13:05.733+0100] {processor.py:840} INFO - DAG(s) 'example_task_group_decorator' retrieved from /home/najma/airflow-venv/lib/python3.12/site-packages/airflow/example_dags/example_task_group_decorator.py
[2026-05-08T18:13:05.767+0100] {logging_mixin.py:188} INFO - [2026-05-08T18:13:05.767+0100] {dag.py:3096} INFO - Sync 1 DAGs
[2026-05-08T18:13:05.796+0100] {logging_mixin.py:188} INFO - [2026-05-08T18:13:05.795+0100] {dag.py:3954} INFO - Setting next_dagrun for example_task_group_decorator to 2026-05-07 00:00:00+00:00, run_after=2026-05-08 00:00:00+00:00
[2026-05-08T18:13:05.890+0100] {processor.py:183} INFO - Processing /home/najma/airflow-venv/lib/python3.12/site-packages/airflow/example_dags/example_task_group_decorator.py took 0.182 seconds
[2026-05-08T18:14:26.535+0100] {processor.py:161} INFO - Started process (PID=11775) to work on /home/najma/airflow-venv/lib/python3.12/site-packages/airflow/example_dags/example_task_group_decorator.py
[2026-05-08T18:14:26.536+0100] {processor.py:830} INFO - Processing file /home/najma/airflow-venv/lib/python3.12/site-packages/airflow/example_dags/example_task_group_decorator.py for tasks to queue
[2026-05-08T18:14:26.538+0100] {logging_mixin.py:188} INFO - [2026-05-08T18:14:26.538+0100] {dagbag.py:540} INFO - Filling up the DagBag from /home/najma/airflow-venv/lib/python3.12/site-packages/airflow/example_dags/example_task_group_decorator.py
[2026-05-08T18:14:26.557+0100] {processor.py:840} INFO - DAG(s) 'example_task_group_decorator' retrieved from /home/najma/airflow-venv/lib/python3.12/site-packages/airflow/example_dags/example_task_group_decorator.py
[2026-05-08T18:14:26.601+0100] {logging_mixin.py:188} INFO - [2026-05-08T18:14:26.600+0100] {dag.py:3096} INFO - Sync 1 DAGs
[2026-05-08T18:14:26.634+0100] {logging_mixin.py:188} INFO - [2026-05-08T18:14:26.634+0100] {dag.py:3954} INFO - Setting next_dagrun for example_task_group_decorator to 2026-05-07 00:00:00+00:00, run_after=2026-05-08 00:00:00+00:00
[2026-05-08T18:14:26.733+0100] {processor.py:183} INFO - Processing /home/najma/airflow-venv/lib/python3.12/site-packages/airflow/example_dags/example_task_group_decorator.py took 0.203 seconds
[2026-05-08T18:15:43.240+0100] {processor.py:161} INFO - Started process (PID=11846) to work on /home/najma/airflow-venv/lib/python3.12/site-packages/airflow/example_dags/example_task_group_decorator.py
[2026-05-08T18:15:43.242+0100] {processor.py:830} INFO - Processing file /home/najma/airflow-venv/lib/python3.12/site-packages/airflow/example_dags/example_task_group_decorator.py for tasks to queue
[2026-05-08T18:15:43.244+0100] {logging_mixin.py:188} INFO - [2026-05-08T18:15:43.244+0100] {dagbag.py:540} INFO - Filling up the DagBag from /home/najma/airflow-venv/lib/python3.12/site-packages/airflow/example_dags/example_task_group_decorator.py
[2026-05-08T18:15:43.255+0100] {processor.py:840} INFO - DAG(s) 'example_task_group_decorator' retrieved from /home/najma/airflow-venv/lib/python3.12/site-packages/airflow/example_dags/example_task_group_decorator.py
[2026-05-08T18:15:43.287+0100] {logging_mixin.py:188} INFO - [2026-05-08T18:15:43.287+0100] {dag.py:3096} INFO - Sync 1 DAGs
[2026-05-08T18:15:43.313+0100] {logging_mixin.py:188} INFO - [2026-05-08T18:15:43.313+0100] {dag.py:3954} INFO - Setting next_dagrun for example_task_group_decorator to 2026-05-07 00:00:00+00:00, run_after=2026-05-08 00:00:00+00:00
[2026-05-08T18:15:43.396+0100] {processor.py:183} INFO - Processing /home/najma/airflow-venv/lib/python3.12/site-packages/airflow/example_dags/example_task_group_decorator.py took 0.160 seconds
[2026-05-08T18:16:53.262+0100] {processor.py:161} INFO - Started process (PID=11903) to work on /home/najma/airflow-venv/lib/python3.12/site-packages/airflow/example_dags/example_task_group_decorator.py
[2026-05-08T18:16:53.263+0100] {processor.py:830} INFO - Processing file /home/najma/airflow-venv/lib/python3.12/site-packages/airflow/example_dags/example_task_group_decorator.py for tasks to queue
[2026-05-08T18:16:53.265+0100] {logging_mixin.py:188} INFO - [2026-05-08T18:16:53.264+0100] {dagbag.py:540} INFO - Filling up the DagBag from /home/najma/airflow-venv/lib/python3.12/site-packages/airflow/example_dags/example_task_group_decorator.py
[2026-05-08T18:16:53.275+0100] {processor.py:840} INFO - DAG(s) 'example_task_group_decorator' retrieved from /home/najma/airflow-venv/lib/python3.12/site-packages/airflow/example_dags/example_task_group_decorator.py
[2026-05-08T18:16:53.307+0100] {logging_mixin.py:188} INFO - [2026-05-08T18:16:53.307+0100] {dag.py:3096} INFO - Sync 1 DAGs
[2026-05-08T18:16:53.341+0100] {logging_mixin.py:188} INFO - [2026-05-08T18:16:53.340+0100] {dag.py:3954} INFO - Setting next_dagrun for example_task_group_decorator to 2026-05-07 00:00:00+00:00, run_after=2026-05-08 00:00:00+00:00
[2026-05-08T18:16:53.445+0100] {processor.py:183} INFO - Processing /home/najma/airflow-venv/lib/python3.12/site-packages/airflow/example_dags/example_task_group_decorator.py took 0.187 seconds
[2026-05-08T18:18:04.470+0100] {processor.py:161} INFO - Started process (PID=11963) to work on /home/najma/airflow-venv/lib/python3.12/site-packages/airflow/example_dags/example_task_group_decorator.py
[2026-05-08T18:18:04.471+0100] {processor.py:830} INFO - Processing file /home/najma/airflow-venv/lib/python3.12/site-packages/airflow/example_dags/example_task_group_decorator.py for tasks to queue
[2026-05-08T18:18:04.473+0100] {logging_mixin.py:188} INFO - [2026-05-08T18:18:04.473+0100] {dagbag.py:540} INFO - Filling up the DagBag from /home/najma/airflow-venv/lib/python3.12/site-packages/airflow/example_dags/example_task_group_decorator.py
[2026-05-08T18:18:04.489+0100] {processor.py:840} INFO - DAG(s) 'example_task_group_decorator' retrieved from /home/najma/airflow-venv/lib/python3.12/site-packages/airflow/example_dags/example_task_group_decorator.py
[2026-05-08T18:18:04.557+0100] {logging_mixin.py:188} INFO - [2026-05-08T18:18:04.556+0100] {dag.py:3096} INFO - Sync 1 DAGs
[2026-05-08T18:18:04.615+0100] {logging_mixin.py:188} INFO - [2026-05-08T18:18:04.614+0100] {dag.py:3954} INFO - Setting next_dagrun for example_task_group_decorator to 2026-05-07 00:00:00+00:00, run_after=2026-05-08 00:00:00+00:00
[2026-05-08T18:18:04.761+0100] {processor.py:183} INFO - Processing /home/najma/airflow-venv/lib/python3.12/site-packages/airflow/example_dags/example_task_group_decorator.py took 0.296 seconds
[2026-05-08T18:19:14.203+0100] {processor.py:161} INFO - Started process (PID=12020) to work on /home/najma/airflow-venv/lib/python3.12/site-packages/airflow/example_dags/example_task_group_decorator.py
[2026-05-08T18:19:14.204+0100] {processor.py:830} INFO - Processing file /home/najma/airflow-venv/lib/python3.12/site-packages/airflow/example_dags/example_task_group_decorator.py for tasks to queue
[2026-05-08T18:19:14.206+0100] {logging_mixin.py:188} INFO - [2026-05-08T18:19:14.205+0100] {dagbag.py:540} INFO - Filling up the DagBag from /home/najma/airflow-venv/lib/python3.12/site-packages/airflow/example_dags/example_task_group_decorator.py
[2026-05-08T18:19:14.219+0100] {processor.py:840} INFO - DAG(s) 'example_task_group_decorator' retrieved from /home/najma/airflow-venv/lib/python3.12/site-packages/airflow/example_dags/example_task_group_decorator.py
[2026-05-08T18:19:14.253+0100] {logging_mixin.py:188} INFO - [2026-05-08T18:19:14.252+0100] {dag.py:3096} INFO - Sync 1 DAGs
[2026-05-08T18:19:14.281+0100] {logging_mixin.py:188} INFO - [2026-05-08T18:19:14.281+0100] {dag.py:3954} INFO - Setting next_dagrun for example_task_group_decorator to 2026-05-07 00:00:00+00:00, run_after=2026-05-08 00:00:00+00:00
[2026-05-08T18:19:14.365+0100] {processor.py:183} INFO - Processing /home/najma/airflow-venv/lib/python3.12/site-packages/airflow/example_dags/example_task_group_decorator.py took 0.167 seconds
[2026-05-08T18:20:21.701+0100] {processor.py:161} INFO - Started process (PID=12077) to work on /home/najma/airflow-venv/lib/python3.12/site-packages/airflow/example_dags/example_task_group_decorator.py
[2026-05-08T18:20:21.703+0100] {processor.py:830} INFO - Processing file /home/najma/airflow-venv/lib/python3.12/site-packages/airflow/example_dags/example_task_group_decorator.py for tasks to queue
[2026-05-08T18:20:21.704+0100] {logging_mixin.py:188} INFO - [2026-05-08T18:20:21.704+0100] {dagbag.py:540} INFO - Filling up the DagBag from /home/najma/airflow-venv/lib/python3.12/site-packages/airflow/example_dags/example_task_group_decorator.py
[2026-05-08T18:20:21.715+0100] {processor.py:840} INFO - DAG(s) 'example_task_group_decorator' retrieved from /home/najma/airflow-venv/lib/python3.12/site-packages/airflow/example_dags/example_task_group_decorator.py
[2026-05-08T18:20:21.746+0100] {logging_mixin.py:188} INFO - [2026-05-08T18:20:21.745+0100] {dag.py:3096} INFO - Sync 1 DAGs
[2026-05-08T18:20:21.772+0100] {logging_mixin.py:188} INFO - [2026-05-08T18:20:21.771+0100] {dag.py:3954} INFO - Setting next_dagrun for example_task_group_decorator to 2026-05-07 00:00:00+00:00, run_after=2026-05-08 00:00:00+00:00
[2026-05-08T18:20:21.858+0100] {processor.py:183} INFO - Processing /home/najma/airflow-venv/lib/python3.12/site-packages/airflow/example_dags/example_task_group_decorator.py took 0.161 seconds
[2026-05-08T18:21:34.257+0100] {processor.py:161} INFO - Started process (PID=12135) to work on /home/najma/airflow-venv/lib/python3.12/site-packages/airflow/example_dags/example_task_group_decorator.py
[2026-05-08T18:21:34.258+0100] {processor.py:830} INFO - Processing file /home/najma/airflow-venv/lib/python3.12/site-packages/airflow/example_dags/example_task_group_decorator.py for tasks to queue
[2026-05-08T18:21:34.260+0100] {logging_mixin.py:188} INFO - [2026-05-08T18:21:34.260+0100] {dagbag.py:540} INFO - Filling up the DagBag from /home/najma/airflow-venv/lib/python3.12/site-packages/airflow/example_dags/example_task_group_decorator.py
[2026-05-08T18:21:34.270+0100] {processor.py:840} INFO - DAG(s) 'example_task_group_decorator' retrieved from /home/najma/airflow-venv/lib/python3.12/site-packages/airflow/example_dags/example_task_group_decorator.py
[2026-05-08T18:21:34.304+0100] {logging_mixin.py:188} INFO - [2026-05-08T18:21:34.304+0100] {dag.py:3096} INFO - Sync 1 DAGs
[2026-05-08T18:21:34.332+0100] {logging_mixin.py:188} INFO - [2026-05-08T18:21:34.331+0100] {dag.py:3954} INFO - Setting next_dagrun for example_task_group_decorator to 2026-05-07 00:00:00+00:00, run_after=2026-05-08 00:00:00+00:00
[2026-05-08T18:21:34.431+0100] {processor.py:183} INFO - Processing /home/najma/airflow-venv/lib/python3.12/site-packages/airflow/example_dags/example_task_group_decorator.py took 0.178 seconds
[2026-05-08T18:22:44.645+0100] {processor.py:161} INFO - Started process (PID=12193) to work on /home/najma/airflow-venv/lib/python3.12/site-packages/airflow/example_dags/example_task_group_decorator.py
[2026-05-08T18:22:44.646+0100] {processor.py:830} INFO - Processing file /home/najma/airflow-venv/lib/python3.12/site-packages/airflow/example_dags/example_task_group_decorator.py for tasks to queue
[2026-05-08T18:22:44.648+0100] {logging_mixin.py:188} INFO - [2026-05-08T18:22:44.647+0100] {dagbag.py:540} INFO - Filling up the DagBag from /home/najma/airflow-venv/lib/python3.12/site-packages/airflow/example_dags/example_task_group_decorator.py
[2026-05-08T18:22:44.659+0100] {processor.py:840} INFO - DAG(s) 'example_task_group_decorator' retrieved from /home/najma/airflow-venv/lib/python3.12/site-packages/airflow/example_dags/example_task_group_decorator.py
[2026-05-08T18:22:44.691+0100] {logging_mixin.py:188} INFO - [2026-05-08T18:22:44.691+0100] {dag.py:3096} INFO - Sync 1 DAGs
[2026-05-08T18:22:44.715+0100] {logging_mixin.py:188} INFO - [2026-05-08T18:22:44.715+0100] {dag.py:3954} INFO - Setting next_dagrun for example_task_group_decorator to 2026-05-07 00:00:00+00:00, run_after=2026-05-08 00:00:00+00:00
[2026-05-08T18:22:44.795+0100] {processor.py:183} INFO - Processing /home/najma/airflow-venv/lib/python3.12/site-packages/airflow/example_dags/example_task_group_decorator.py took 0.154 seconds
[2026-05-08T18:23:52.520+0100] {processor.py:161} INFO - Started process (PID=12247) to work on /home/najma/airflow-venv/lib/python3.12/site-packages/airflow/example_dags/example_task_group_decorator.py
[2026-05-08T18:23:52.524+0100] {processor.py:830} INFO - Processing file /home/najma/airflow-venv/lib/python3.12/site-packages/airflow/example_dags/example_task_group_decorator.py for tasks to queue
[2026-05-08T18:23:52.527+0100] {logging_mixin.py:188} INFO - [2026-05-08T18:23:52.526+0100] {dagbag.py:540} INFO - Filling up the DagBag from /home/najma/airflow-venv/lib/python3.12/site-packages/airflow/example_dags/example_task_group_decorator.py
[2026-05-08T18:23:52.547+0100] {processor.py:840} INFO - DAG(s) 'example_task_group_decorator' retrieved from /home/najma/airflow-venv/lib/python3.12/site-packages/airflow/example_dags/example_task_group_decorator.py
[2026-05-08T18:23:52.593+0100] {logging_mixin.py:188} INFO - [2026-05-08T18:23:52.592+0100] {dag.py:3096} INFO - Sync 1 DAGs
[2026-05-08T18:23:52.624+0100] {logging_mixin.py:188} INFO - [2026-05-08T18:23:52.624+0100] {dag.py:3954} INFO - Setting next_dagrun for example_task_group_decorator to 2026-05-07 00:00:00+00:00, run_after=2026-05-08 00:00:00+00:00
[2026-05-08T18:23:52.713+0100] {processor.py:183} INFO - Processing /home/najma/airflow-venv/lib/python3.12/site-packages/airflow/example_dags/example_task_group_decorator.py took 0.198 seconds
[2026-05-08T18:25:04.953+0100] {processor.py:161} INFO - Started process (PID=12309) to work on /home/najma/airflow-venv/lib/python3.12/site-packages/airflow/example_dags/example_task_group_decorator.py
[2026-05-08T18:25:04.956+0100] {processor.py:830} INFO - Processing file /home/najma/airflow-venv/lib/python3.12/site-packages/airflow/example_dags/example_task_group_decorator.py for tasks to queue
[2026-05-08T18:25:04.959+0100] {logging_mixin.py:188} INFO - [2026-05-08T18:25:04.958+0100] {dagbag.py:540} INFO - Filling up the DagBag from /home/najma/airflow-venv/lib/python3.12/site-packages/airflow/example_dags/example_task_group_decorator.py
[2026-05-08T18:25:04.974+0100] {processor.py:840} INFO - DAG(s) 'example_task_group_decorator' retrieved from /home/najma/airflow-venv/lib/python3.12/site-packages/airflow/example_dags/example_task_group_decorator.py
[2026-05-08T18:25:05.011+0100] {logging_mixin.py:188} INFO - [2026-05-08T18:25:05.011+0100] {dag.py:3096} INFO - Sync 1 DAGs
[2026-05-08T18:25:05.041+0100] {logging_mixin.py:188} INFO - [2026-05-08T18:25:05.041+0100] {dag.py:3954} INFO - Setting next_dagrun for example_task_group_decorator to 2026-05-07 00:00:00+00:00, run_after=2026-05-08 00:00:00+00:00
[2026-05-08T18:25:05.148+0100] {processor.py:183} INFO - Processing /home/najma/airflow-venv/lib/python3.12/site-packages/airflow/example_dags/example_task_group_decorator.py took 0.202 seconds
[2026-05-08T18:26:09.371+0100] {processor.py:161} INFO - Started process (PID=12378) to work on /home/najma/airflow-venv/lib/python3.12/site-packages/airflow/example_dags/example_task_group_decorator.py
[2026-05-08T18:26:09.373+0100] {processor.py:830} INFO - Processing file /home/najma/airflow-venv/lib/python3.12/site-packages/airflow/example_dags/example_task_group_decorator.py for tasks to queue
[2026-05-08T18:26:09.376+0100] {logging_mixin.py:188} INFO - [2026-05-08T18:26:09.375+0100] {dagbag.py:540} INFO - Filling up the DagBag from /home/najma/airflow-venv/lib/python3.12/site-packages/airflow/example_dags/example_task_group_decorator.py
[2026-05-08T18:26:09.395+0100] {processor.py:840} INFO - DAG(s) 'example_task_group_decorator' retrieved from /home/najma/airflow-venv/lib/python3.12/site-packages/airflow/example_dags/example_task_group_decorator.py
[2026-05-08T18:26:09.481+0100] {logging_mixin.py:188} INFO - [2026-05-08T18:26:09.479+0100] {dag.py:3096} INFO - Sync 1 DAGs
[2026-05-08T18:26:09.612+0100] {logging_mixin.py:188} INFO - [2026-05-08T18:26:09.612+0100] {dag.py:3954} INFO - Setting next_dagrun for example_task_group_decorator to 2026-05-07 00:00:00+00:00, run_after=2026-05-08 00:00:00+00:00
[2026-05-08T18:26:10.280+0100] {processor.py:183} INFO - Processing /home/najma/airflow-venv/lib/python3.12/site-packages/airflow/example_dags/example_task_group_decorator.py took 0.915 seconds
[2026-05-08T18:27:36.627+0100] {processor.py:161} INFO - Started process (PID=12441) to work on /home/najma/airflow-venv/lib/python3.12/site-packages/airflow/example_dags/example_task_group_decorator.py
[2026-05-08T18:27:36.628+0100] {processor.py:830} INFO - Processing file /home/najma/airflow-venv/lib/python3.12/site-packages/airflow/example_dags/example_task_group_decorator.py for tasks to queue
[2026-05-08T18:27:36.631+0100] {logging_mixin.py:188} INFO - [2026-05-08T18:27:36.630+0100] {dagbag.py:540} INFO - Filling up the DagBag from /home/najma/airflow-venv/lib/python3.12/site-packages/airflow/example_dags/example_task_group_decorator.py
[2026-05-08T18:27:36.644+0100] {processor.py:840} INFO - DAG(s) 'example_task_group_decorator' retrieved from /home/najma/airflow-venv/lib/python3.12/site-packages/airflow/example_dags/example_task_group_decorator.py
[2026-05-08T18:27:36.680+0100] {logging_mixin.py:188} INFO - [2026-05-08T18:27:36.678+0100] {dag.py:3096} INFO - Sync 1 DAGs
[2026-05-08T18:27:36.710+0100] {logging_mixin.py:188} INFO - [2026-05-08T18:27:36.710+0100] {dag.py:3954} INFO - Setting next_dagrun for example_task_group_decorator to 2026-05-07 00:00:00+00:00, run_after=2026-05-08 00:00:00+00:00
[2026-05-08T18:27:36.808+0100] {processor.py:183} INFO - Processing /home/najma/airflow-venv/lib/python3.12/site-packages/airflow/example_dags/example_task_group_decorator.py took 0.185 seconds
[2026-05-08T18:28:55.543+0100] {processor.py:161} INFO - Started process (PID=12502) to work on /home/najma/airflow-venv/lib/python3.12/site-packages/airflow/example_dags/example_task_group_decorator.py
[2026-05-08T18:28:55.544+0100] {processor.py:830} INFO - Processing file /home/najma/airflow-venv/lib/python3.12/site-packages/airflow/example_dags/example_task_group_decorator.py for tasks to queue
[2026-05-08T18:28:55.546+0100] {logging_mixin.py:188} INFO - [2026-05-08T18:28:55.546+0100] {dagbag.py:540} INFO - Filling up the DagBag from /home/najma/airflow-venv/lib/python3.12/site-packages/airflow/example_dags/example_task_group_decorator.py
[2026-05-08T18:28:55.559+0100] {processor.py:840} INFO - DAG(s) 'example_task_group_decorator' retrieved from /home/najma/airflow-venv/lib/python3.12/site-packages/airflow/example_dags/example_task_group_decorator.py
[2026-05-08T18:28:55.595+0100] {logging_mixin.py:188} INFO - [2026-05-08T18:28:55.595+0100] {dag.py:3096} INFO - Sync 1 DAGs
[2026-05-08T18:28:55.626+0100] {logging_mixin.py:188} INFO - [2026-05-08T18:28:55.626+0100] {dag.py:3954} INFO - Setting next_dagrun for example_task_group_decorator to 2026-05-07 00:00:00+00:00, run_after=2026-05-08 00:00:00+00:00
[2026-05-08T18:28:56.000+0100] {processor.py:183} INFO - Processing /home/najma/airflow-venv/lib/python3.12/site-packages/airflow/example_dags/example_task_group_decorator.py took 0.462 seconds
[2026-05-08T18:30:10.451+0100] {processor.py:161} INFO - Started process (PID=12562) to work on /home/najma/airflow-venv/lib/python3.12/site-packages/airflow/example_dags/example_task_group_decorator.py
[2026-05-08T18:30:10.453+0100] {processor.py:830} INFO - Processing file /home/najma/airflow-venv/lib/python3.12/site-packages/airflow/example_dags/example_task_group_decorator.py for tasks to queue
[2026-05-08T18:30:10.455+0100] {logging_mixin.py:188} INFO - [2026-05-08T18:30:10.454+0100] {dagbag.py:540} INFO - Filling up the DagBag from /home/najma/airflow-venv/lib/python3.12/site-packages/airflow/example_dags/example_task_group_decorator.py
[2026-05-08T18:30:10.467+0100] {processor.py:840} INFO - DAG(s) 'example_task_group_decorator' retrieved from /home/najma/airflow-venv/lib/python3.12/site-packages/airflow/example_dags/example_task_group_decorator.py
[2026-05-08T18:30:10.502+0100] {logging_mixin.py:188} INFO - [2026-05-08T18:30:10.502+0100] {dag.py:3096} INFO - Sync 1 DAGs
[2026-05-08T18:30:10.531+0100] {logging_mixin.py:188} INFO - [2026-05-08T18:30:10.531+0100] {dag.py:3954} INFO - Setting next_dagrun for example_task_group_decorator to 2026-05-07 00:00:00+00:00, run_after=2026-05-08 00:00:00+00:00
[2026-05-08T18:30:10.618+0100] {processor.py:183} INFO - Processing /home/najma/airflow-venv/lib/python3.12/site-packages/airflow/example_dags/example_task_group_decorator.py took 0.171 seconds
[2026-05-08T18:31:26.620+0100] {processor.py:161} INFO - Started process (PID=12622) to work on /home/najma/airflow-venv/lib/python3.12/site-packages/airflow/example_dags/example_task_group_decorator.py
[2026-05-08T18:31:26.624+0100] {processor.py:830} INFO - Processing file /home/najma/airflow-venv/lib/python3.12/site-packages/airflow/example_dags/example_task_group_decorator.py for tasks to queue
[2026-05-08T18:31:26.626+0100] {logging_mixin.py:188} INFO - [2026-05-08T18:31:26.625+0100] {dagbag.py:540} INFO - Filling up the DagBag from /home/najma/airflow-venv/lib/python3.12/site-packages/airflow/example_dags/example_task_group_decorator.py
[2026-05-08T18:31:26.640+0100] {processor.py:840} INFO - DAG(s) 'example_task_group_decorator' retrieved from /home/najma/airflow-venv/lib/python3.12/site-packages/airflow/example_dags/example_task_group_decorator.py
[2026-05-08T18:31:26.685+0100] {logging_mixin.py:188} INFO - [2026-05-08T18:31:26.684+0100] {dag.py:3096} INFO - Sync 1 DAGs
[2026-05-08T18:31:26.715+0100] {logging_mixin.py:188} INFO - [2026-05-08T18:31:26.715+0100] {dag.py:3954} INFO - Setting next_dagrun for example_task_group_decorator to 2026-05-07 00:00:00+00:00, run_after=2026-05-08 00:00:00+00:00
[2026-05-08T18:31:26.825+0100] {processor.py:183} INFO - Processing /home/najma/airflow-venv/lib/python3.12/site-packages/airflow/example_dags/example_task_group_decorator.py took 0.209 seconds
[2026-05-08T18:32:40.860+0100] {processor.py:161} INFO - Started process (PID=12680) to work on /home/najma/airflow-venv/lib/python3.12/site-packages/airflow/example_dags/example_task_group_decorator.py
[2026-05-08T18:32:40.862+0100] {processor.py:830} INFO - Processing file /home/najma/airflow-venv/lib/python3.12/site-packages/airflow/example_dags/example_task_group_decorator.py for tasks to queue
[2026-05-08T18:32:40.866+0100] {logging_mixin.py:188} INFO - [2026-05-08T18:32:40.866+0100] {dagbag.py:540} INFO - Filling up the DagBag from /home/najma/airflow-venv/lib/python3.12/site-packages/airflow/example_dags/example_task_group_decorator.py
[2026-05-08T18:32:40.884+0100] {processor.py:840} INFO - DAG(s) 'example_task_group_decorator' retrieved from /home/najma/airflow-venv/lib/python3.12/site-packages/airflow/example_dags/example_task_group_decorator.py
[2026-05-08T18:32:40.977+0100] {logging_mixin.py:188} INFO - [2026-05-08T18:32:40.976+0100] {dag.py:3096} INFO - Sync 1 DAGs
[2026-05-08T18:32:41.008+0100] {logging_mixin.py:188} INFO - [2026-05-08T18:32:41.008+0100] {dag.py:3954} INFO - Setting next_dagrun for example_task_group_decorator to 2026-05-07 00:00:00+00:00, run_after=2026-05-08 00:00:00+00:00
[2026-05-08T18:32:41.108+0100] {processor.py:183} INFO - Processing /home/najma/airflow-venv/lib/python3.12/site-packages/airflow/example_dags/example_task_group_decorator.py took 0.253 seconds
[2026-05-08T18:34:01.029+0100] {processor.py:161} INFO - Started process (PID=12740) to work on /home/najma/airflow-venv/lib/python3.12/site-packages/airflow/example_dags/example_task_group_decorator.py
[2026-05-08T18:34:01.030+0100] {processor.py:830} INFO - Processing file /home/najma/airflow-venv/lib/python3.12/site-packages/airflow/example_dags/example_task_group_decorator.py for tasks to queue
[2026-05-08T18:34:01.032+0100] {logging_mixin.py:188} INFO - [2026-05-08T18:34:01.032+0100] {dagbag.py:540} INFO - Filling up the DagBag from /home/najma/airflow-venv/lib/python3.12/site-packages/airflow/example_dags/example_task_group_decorator.py
[2026-05-08T18:34:01.044+0100] {processor.py:840} INFO - DAG(s) 'example_task_group_decorator' retrieved from /home/najma/airflow-venv/lib/python3.12/site-packages/airflow/example_dags/example_task_group_decorator.py
[2026-05-08T18:34:01.083+0100] {logging_mixin.py:188} INFO - [2026-05-08T18:34:01.083+0100] {dag.py:3096} INFO - Sync 1 DAGs
[2026-05-08T18:34:01.108+0100] {logging_mixin.py:188} INFO - [2026-05-08T18:34:01.108+0100] {dag.py:3954} INFO - Setting next_dagrun for example_task_group_decorator to 2026-05-07 00:00:00+00:00, run_after=2026-05-08 00:00:00+00:00
[2026-05-08T18:34:01.217+0100] {processor.py:183} INFO - Processing /home/najma/airflow-venv/lib/python3.12/site-packages/airflow/example_dags/example_task_group_decorator.py took 0.191 seconds
[2026-05-08T18:35:07.126+0100] {processor.py:161} INFO - Started process (PID=12817) to work on /home/najma/airflow-venv/lib/python3.12/site-packages/airflow/example_dags/example_task_group_decorator.py
[2026-05-08T18:35:07.128+0100] {processor.py:830} INFO - Processing file /home/najma/airflow-venv/lib/python3.12/site-packages/airflow/example_dags/example_task_group_decorator.py for tasks to queue
[2026-05-08T18:35:07.130+0100] {logging_mixin.py:188} INFO - [2026-05-08T18:35:07.129+0100] {dagbag.py:540} INFO - Filling up the DagBag from /home/najma/airflow-venv/lib/python3.12/site-packages/airflow/example_dags/example_task_group_decorator.py
[2026-05-08T18:35:07.150+0100] {processor.py:840} INFO - DAG(s) 'example_task_group_decorator' retrieved from /home/najma/airflow-venv/lib/python3.12/site-packages/airflow/example_dags/example_task_group_decorator.py
[2026-05-08T18:35:07.209+0100] {logging_mixin.py:188} INFO - [2026-05-08T18:35:07.208+0100] {dag.py:3096} INFO - Sync 1 DAGs
[2026-05-08T18:35:07.243+0100] {logging_mixin.py:188} INFO - [2026-05-08T18:35:07.242+0100] {dag.py:3954} INFO - Setting next_dagrun for example_task_group_decorator to 2026-05-07 00:00:00+00:00, run_after=2026-05-08 00:00:00+00:00
[2026-05-08T18:35:07.332+0100] {processor.py:183} INFO - Processing /home/najma/airflow-venv/lib/python3.12/site-packages/airflow/example_dags/example_task_group_decorator.py took 0.212 seconds
[2026-05-08T18:36:19.999+0100] {processor.py:161} INFO - Started process (PID=12878) to work on /home/najma/airflow-venv/lib/python3.12/site-packages/airflow/example_dags/example_task_group_decorator.py
[2026-05-08T18:36:20.000+0100] {processor.py:830} INFO - Processing file /home/najma/airflow-venv/lib/python3.12/site-packages/airflow/example_dags/example_task_group_decorator.py for tasks to queue
[2026-05-08T18:36:20.002+0100] {logging_mixin.py:188} INFO - [2026-05-08T18:36:20.001+0100] {dagbag.py:540} INFO - Filling up the DagBag from /home/najma/airflow-venv/lib/python3.12/site-packages/airflow/example_dags/example_task_group_decorator.py
[2026-05-08T18:36:20.014+0100] {processor.py:840} INFO - DAG(s) 'example_task_group_decorator' retrieved from /home/najma/airflow-venv/lib/python3.12/site-packages/airflow/example_dags/example_task_group_decorator.py
[2026-05-08T18:36:20.047+0100] {logging_mixin.py:188} INFO - [2026-05-08T18:36:20.047+0100] {dag.py:3096} INFO - Sync 1 DAGs
[2026-05-08T18:36:20.074+0100] {logging_mixin.py:188} INFO - [2026-05-08T18:36:20.074+0100] {dag.py:3954} INFO - Setting next_dagrun for example_task_group_decorator to 2026-05-07 00:00:00+00:00, run_after=2026-05-08 00:00:00+00:00
[2026-05-08T18:36:20.165+0100] {processor.py:183} INFO - Processing /home/najma/airflow-venv/lib/python3.12/site-packages/airflow/example_dags/example_task_group_decorator.py took 0.170 seconds
[2026-05-08T18:37:36.170+0100] {processor.py:161} INFO - Started process (PID=12938) to work on /home/najma/airflow-venv/lib/python3.12/site-packages/airflow/example_dags/example_task_group_decorator.py
[2026-05-08T18:37:36.171+0100] {processor.py:830} INFO - Processing file /home/najma/airflow-venv/lib/python3.12/site-packages/airflow/example_dags/example_task_group_decorator.py for tasks to queue
[2026-05-08T18:37:36.174+0100] {logging_mixin.py:188} INFO - [2026-05-08T18:37:36.173+0100] {dagbag.py:540} INFO - Filling up the DagBag from /home/najma/airflow-venv/lib/python3.12/site-packages/airflow/example_dags/example_task_group_decorator.py
[2026-05-08T18:37:36.204+0100] {processor.py:840} INFO - DAG(s) 'example_task_group_decorator' retrieved from /home/najma/airflow-venv/lib/python3.12/site-packages/airflow/example_dags/example_task_group_decorator.py
[2026-05-08T18:37:36.283+0100] {logging_mixin.py:188} INFO - [2026-05-08T18:37:36.283+0100] {dag.py:3096} INFO - Sync 1 DAGs
[2026-05-08T18:37:36.333+0100] {logging_mixin.py:188} INFO - [2026-05-08T18:37:36.332+0100] {dag.py:3954} INFO - Setting next_dagrun for example_task_group_decorator to 2026-05-07 00:00:00+00:00, run_after=2026-05-08 00:00:00+00:00
[2026-05-08T18:37:36.575+0100] {processor.py:183} INFO - Processing /home/najma/airflow-venv/lib/python3.12/site-packages/airflow/example_dags/example_task_group_decorator.py took 0.410 seconds
[2026-05-08T18:38:53.896+0100] {processor.py:161} INFO - Started process (PID=13005) to work on /home/najma/airflow-venv/lib/python3.12/site-packages/airflow/example_dags/example_task_group_decorator.py
[2026-05-08T18:38:53.898+0100] {processor.py:830} INFO - Processing file /home/najma/airflow-venv/lib/python3.12/site-packages/airflow/example_dags/example_task_group_decorator.py for tasks to queue
[2026-05-08T18:38:53.899+0100] {logging_mixin.py:188} INFO - [2026-05-08T18:38:53.898+0100] {dagbag.py:540} INFO - Filling up the DagBag from /home/najma/airflow-venv/lib/python3.12/site-packages/airflow/example_dags/example_task_group_decorator.py
[2026-05-08T18:38:53.915+0100] {processor.py:840} INFO - DAG(s) 'example_task_group_decorator' retrieved from /home/najma/airflow-venv/lib/python3.12/site-packages/airflow/example_dags/example_task_group_decorator.py
[2026-05-08T18:38:53.952+0100] {logging_mixin.py:188} INFO - [2026-05-08T18:38:53.952+0100] {dag.py:3096} INFO - Sync 1 DAGs
[2026-05-08T18:38:53.978+0100] {logging_mixin.py:188} INFO - [2026-05-08T18:38:53.978+0100] {dag.py:3954} INFO - Setting next_dagrun for example_task_group_decorator to 2026-05-07 00:00:00+00:00, run_after=2026-05-08 00:00:00+00:00
[2026-05-08T18:38:54.066+0100] {processor.py:183} INFO - Processing /home/najma/airflow-venv/lib/python3.12/site-packages/airflow/example_dags/example_task_group_decorator.py took 0.174 seconds
