[2026-05-08T16:43:01.192+0100] {processor.py:161} INFO - Started process (PID=9546) to work on /home/najma/airflow-venv/lib/python3.12/site-packages/airflow/example_dags/example_setup_teardown.py
[2026-05-08T16:43:01.194+0100] {processor.py:830} INFO - Processing file /home/najma/airflow-venv/lib/python3.12/site-packages/airflow/example_dags/example_setup_teardown.py for tasks to queue
[2026-05-08T16:43:01.196+0100] {logging_mixin.py:188} INFO - [2026-05-08T16:43:01.195+0100] {dagbag.py:540} INFO - Filling up the DagBag from /home/najma/airflow-venv/lib/python3.12/site-packages/airflow/example_dags/example_setup_teardown.py
[2026-05-08T16:43:01.201+0100] {processor.py:840} INFO - DAG(s) 'example_setup_teardown' retrieved from /home/najma/airflow-venv/lib/python3.12/site-packages/airflow/example_dags/example_setup_teardown.py
[2026-05-08T16:43:01.368+0100] {logging_mixin.py:188} INFO - [2026-05-08T16:43:01.367+0100] {override.py:1829} INFO - Created Permission View: can read on DAG:example_setup_teardown
[2026-05-08T16:43:01.412+0100] {logging_mixin.py:188} INFO - [2026-05-08T16:43:01.412+0100] {override.py:1829} INFO - Created Permission View: can edit on DAG:example_setup_teardown
[2026-05-08T16:43:01.453+0100] {logging_mixin.py:188} INFO - [2026-05-08T16:43:01.453+0100] {override.py:1829} INFO - Created Permission View: can delete on DAG:example_setup_teardown
[2026-05-08T16:43:01.454+0100] {logging_mixin.py:188} INFO - [2026-05-08T16:43:01.454+0100] {dag.py:3096} INFO - Sync 1 DAGs
[2026-05-08T16:43:01.471+0100] {logging_mixin.py:188} INFO - [2026-05-08T16:43:01.471+0100] {dag.py:3118} INFO - Creating ORM DAG for example_setup_teardown
[2026-05-08T16:43:01.484+0100] {logging_mixin.py:188} INFO - [2026-05-08T16:43:01.484+0100] {dag.py:3954} INFO - Setting next_dagrun for example_setup_teardown to 2026-05-07 00:00:00+00:00, run_after=2026-05-08 00:00:00+00:00
[2026-05-08T16:43:01.613+0100] {processor.py:183} INFO - Processing /home/najma/airflow-venv/lib/python3.12/site-packages/airflow/example_dags/example_setup_teardown.py took 0.424 seconds
[2026-05-08T16:44:14.561+0100] {processor.py:161} INFO - Started process (PID=9606) to work on /home/najma/airflow-venv/lib/python3.12/site-packages/airflow/example_dags/example_setup_teardown.py
[2026-05-08T16:44:14.562+0100] {processor.py:830} INFO - Processing file /home/najma/airflow-venv/lib/python3.12/site-packages/airflow/example_dags/example_setup_teardown.py for tasks to queue
[2026-05-08T16:44:14.564+0100] {logging_mixin.py:188} INFO - [2026-05-08T16:44:14.564+0100] {dagbag.py:540} INFO - Filling up the DagBag from /home/najma/airflow-venv/lib/python3.12/site-packages/airflow/example_dags/example_setup_teardown.py
[2026-05-08T16:44:14.578+0100] {processor.py:840} INFO - DAG(s) 'example_setup_teardown' retrieved from /home/najma/airflow-venv/lib/python3.12/site-packages/airflow/example_dags/example_setup_teardown.py
[2026-05-08T16:44:14.620+0100] {logging_mixin.py:188} INFO - [2026-05-08T16:44:14.619+0100] {dag.py:3096} INFO - Sync 1 DAGs
[2026-05-08T16:44:14.691+0100] {logging_mixin.py:188} INFO - [2026-05-08T16:44:14.691+0100] {dag.py:3954} INFO - Setting next_dagrun for example_setup_teardown to 2026-05-07 00:00:00+00:00, run_after=2026-05-08 00:00:00+00:00
[2026-05-08T16:44:14.839+0100] {processor.py:183} INFO - Processing /home/najma/airflow-venv/lib/python3.12/site-packages/airflow/example_dags/example_setup_teardown.py took 0.286 seconds
[2026-05-08T16:45:39.779+0100] {processor.py:161} INFO - Started process (PID=9680) to work on /home/najma/airflow-venv/lib/python3.12/site-packages/airflow/example_dags/example_setup_teardown.py
[2026-05-08T16:45:39.781+0100] {processor.py:830} INFO - Processing file /home/najma/airflow-venv/lib/python3.12/site-packages/airflow/example_dags/example_setup_teardown.py for tasks to queue
[2026-05-08T16:45:39.783+0100] {logging_mixin.py:188} INFO - [2026-05-08T16:45:39.782+0100] {dagbag.py:540} INFO - Filling up the DagBag from /home/najma/airflow-venv/lib/python3.12/site-packages/airflow/example_dags/example_setup_teardown.py
[2026-05-08T16:45:39.791+0100] {processor.py:840} INFO - DAG(s) 'example_setup_teardown' retrieved from /home/najma/airflow-venv/lib/python3.12/site-packages/airflow/example_dags/example_setup_teardown.py
[2026-05-08T16:45:39.824+0100] {logging_mixin.py:188} INFO - [2026-05-08T16:45:39.824+0100] {dag.py:3096} INFO - Sync 1 DAGs
[2026-05-08T16:45:39.864+0100] {logging_mixin.py:188} INFO - [2026-05-08T16:45:39.864+0100] {dag.py:3954} INFO - Setting next_dagrun for example_setup_teardown to 2026-05-07 00:00:00+00:00, run_after=2026-05-08 00:00:00+00:00
[2026-05-08T16:45:40.049+0100] {processor.py:183} INFO - Processing /home/najma/airflow-venv/lib/python3.12/site-packages/airflow/example_dags/example_setup_teardown.py took 0.275 seconds
[2026-05-08T16:46:55.479+0100] {processor.py:161} INFO - Started process (PID=9753) to work on /home/najma/airflow-venv/lib/python3.12/site-packages/airflow/example_dags/example_setup_teardown.py
[2026-05-08T16:46:55.481+0100] {processor.py:830} INFO - Processing file /home/najma/airflow-venv/lib/python3.12/site-packages/airflow/example_dags/example_setup_teardown.py for tasks to queue
[2026-05-08T16:46:55.483+0100] {logging_mixin.py:188} INFO - [2026-05-08T16:46:55.483+0100] {dagbag.py:540} INFO - Filling up the DagBag from /home/najma/airflow-venv/lib/python3.12/site-packages/airflow/example_dags/example_setup_teardown.py
[2026-05-08T16:46:55.488+0100] {processor.py:840} INFO - DAG(s) 'example_setup_teardown' retrieved from /home/najma/airflow-venv/lib/python3.12/site-packages/airflow/example_dags/example_setup_teardown.py
[2026-05-08T16:46:55.516+0100] {logging_mixin.py:188} INFO - [2026-05-08T16:46:55.516+0100] {dag.py:3096} INFO - Sync 1 DAGs
[2026-05-08T16:46:55.545+0100] {logging_mixin.py:188} INFO - [2026-05-08T16:46:55.545+0100] {dag.py:3954} INFO - Setting next_dagrun for example_setup_teardown to 2026-05-07 00:00:00+00:00, run_after=2026-05-08 00:00:00+00:00
[2026-05-08T16:46:55.636+0100] {processor.py:183} INFO - Processing /home/najma/airflow-venv/lib/python3.12/site-packages/airflow/example_dags/example_setup_teardown.py took 0.160 seconds
[2026-05-08T16:48:11.693+0100] {processor.py:161} INFO - Started process (PID=9823) to work on /home/najma/airflow-venv/lib/python3.12/site-packages/airflow/example_dags/example_setup_teardown.py
[2026-05-08T16:48:11.695+0100] {processor.py:830} INFO - Processing file /home/najma/airflow-venv/lib/python3.12/site-packages/airflow/example_dags/example_setup_teardown.py for tasks to queue
[2026-05-08T16:48:11.697+0100] {logging_mixin.py:188} INFO - [2026-05-08T16:48:11.696+0100] {dagbag.py:540} INFO - Filling up the DagBag from /home/najma/airflow-venv/lib/python3.12/site-packages/airflow/example_dags/example_setup_teardown.py
[2026-05-08T16:48:11.703+0100] {processor.py:840} INFO - DAG(s) 'example_setup_teardown' retrieved from /home/najma/airflow-venv/lib/python3.12/site-packages/airflow/example_dags/example_setup_teardown.py
[2026-05-08T16:48:11.731+0100] {logging_mixin.py:188} INFO - [2026-05-08T16:48:11.730+0100] {dag.py:3096} INFO - Sync 1 DAGs
[2026-05-08T16:48:11.756+0100] {logging_mixin.py:188} INFO - [2026-05-08T16:48:11.755+0100] {dag.py:3954} INFO - Setting next_dagrun for example_setup_teardown to 2026-05-07 00:00:00+00:00, run_after=2026-05-08 00:00:00+00:00
[2026-05-08T16:48:11.847+0100] {processor.py:183} INFO - Processing /home/najma/airflow-venv/lib/python3.12/site-packages/airflow/example_dags/example_setup_teardown.py took 0.157 seconds
[2026-05-08T16:49:24.535+0100] {processor.py:161} INFO - Started process (PID=9888) to work on /home/najma/airflow-venv/lib/python3.12/site-packages/airflow/example_dags/example_setup_teardown.py
[2026-05-08T16:49:24.536+0100] {processor.py:830} INFO - Processing file /home/najma/airflow-venv/lib/python3.12/site-packages/airflow/example_dags/example_setup_teardown.py for tasks to queue
[2026-05-08T16:49:24.538+0100] {logging_mixin.py:188} INFO - [2026-05-08T16:49:24.537+0100] {dagbag.py:540} INFO - Filling up the DagBag from /home/najma/airflow-venv/lib/python3.12/site-packages/airflow/example_dags/example_setup_teardown.py
[2026-05-08T16:49:24.544+0100] {processor.py:840} INFO - DAG(s) 'example_setup_teardown' retrieved from /home/najma/airflow-venv/lib/python3.12/site-packages/airflow/example_dags/example_setup_teardown.py
[2026-05-08T16:49:24.570+0100] {logging_mixin.py:188} INFO - [2026-05-08T16:49:24.570+0100] {dag.py:3096} INFO - Sync 1 DAGs
[2026-05-08T16:49:24.595+0100] {logging_mixin.py:188} INFO - [2026-05-08T16:49:24.595+0100] {dag.py:3954} INFO - Setting next_dagrun for example_setup_teardown to 2026-05-07 00:00:00+00:00, run_after=2026-05-08 00:00:00+00:00
[2026-05-08T16:49:24.673+0100] {processor.py:183} INFO - Processing /home/najma/airflow-venv/lib/python3.12/site-packages/airflow/example_dags/example_setup_teardown.py took 0.142 seconds
[2026-05-08T17:45:37.480+0100] {processor.py:161} INFO - Started process (PID=10247) to work on /home/najma/airflow-venv/lib/python3.12/site-packages/airflow/example_dags/example_setup_teardown.py
[2026-05-08T17:45:37.481+0100] {processor.py:830} INFO - Processing file /home/najma/airflow-venv/lib/python3.12/site-packages/airflow/example_dags/example_setup_teardown.py for tasks to queue
[2026-05-08T17:45:37.484+0100] {logging_mixin.py:188} INFO - [2026-05-08T17:45:37.483+0100] {dagbag.py:540} INFO - Filling up the DagBag from /home/najma/airflow-venv/lib/python3.12/site-packages/airflow/example_dags/example_setup_teardown.py
[2026-05-08T17:45:37.492+0100] {processor.py:840} INFO - DAG(s) 'example_setup_teardown' retrieved from /home/najma/airflow-venv/lib/python3.12/site-packages/airflow/example_dags/example_setup_teardown.py
[2026-05-08T17:45:37.539+0100] {logging_mixin.py:188} INFO - [2026-05-08T17:45:37.539+0100] {dag.py:3096} INFO - Sync 1 DAGs
[2026-05-08T17:45:37.578+0100] {logging_mixin.py:188} INFO - [2026-05-08T17:45:37.577+0100] {dag.py:3954} INFO - Setting next_dagrun for example_setup_teardown to 2026-05-07 00:00:00+00:00, run_after=2026-05-08 00:00:00+00:00
[2026-05-08T17:45:37.687+0100] {processor.py:183} INFO - Processing /home/najma/airflow-venv/lib/python3.12/site-packages/airflow/example_dags/example_setup_teardown.py took 0.211 seconds
[2026-05-08T17:46:46.154+0100] {processor.py:161} INFO - Started process (PID=10321) to work on /home/najma/airflow-venv/lib/python3.12/site-packages/airflow/example_dags/example_setup_teardown.py
[2026-05-08T17:46:46.155+0100] {processor.py:830} INFO - Processing file /home/najma/airflow-venv/lib/python3.12/site-packages/airflow/example_dags/example_setup_teardown.py for tasks to queue
[2026-05-08T17:46:46.157+0100] {logging_mixin.py:188} INFO - [2026-05-08T17:46:46.157+0100] {dagbag.py:540} INFO - Filling up the DagBag from /home/najma/airflow-venv/lib/python3.12/site-packages/airflow/example_dags/example_setup_teardown.py
[2026-05-08T17:46:46.163+0100] {processor.py:840} INFO - DAG(s) 'example_setup_teardown' retrieved from /home/najma/airflow-venv/lib/python3.12/site-packages/airflow/example_dags/example_setup_teardown.py
[2026-05-08T17:46:46.188+0100] {logging_mixin.py:188} INFO - [2026-05-08T17:46:46.187+0100] {dag.py:3096} INFO - Sync 1 DAGs
[2026-05-08T17:46:46.212+0100] {logging_mixin.py:188} INFO - [2026-05-08T17:46:46.212+0100] {dag.py:3954} INFO - Setting next_dagrun for example_setup_teardown to 2026-05-07 00:00:00+00:00, run_after=2026-05-08 00:00:00+00:00
[2026-05-08T17:46:46.302+0100] {processor.py:183} INFO - Processing /home/najma/airflow-venv/lib/python3.12/site-packages/airflow/example_dags/example_setup_teardown.py took 0.152 seconds
[2026-05-08T17:48:05.382+0100] {processor.py:161} INFO - Started process (PID=10382) to work on /home/najma/airflow-venv/lib/python3.12/site-packages/airflow/example_dags/example_setup_teardown.py
[2026-05-08T17:48:05.384+0100] {processor.py:830} INFO - Processing file /home/najma/airflow-venv/lib/python3.12/site-packages/airflow/example_dags/example_setup_teardown.py for tasks to queue
[2026-05-08T17:48:05.386+0100] {logging_mixin.py:188} INFO - [2026-05-08T17:48:05.386+0100] {dagbag.py:540} INFO - Filling up the DagBag from /home/najma/airflow-venv/lib/python3.12/site-packages/airflow/example_dags/example_setup_teardown.py
[2026-05-08T17:48:05.392+0100] {processor.py:840} INFO - DAG(s) 'example_setup_teardown' retrieved from /home/najma/airflow-venv/lib/python3.12/site-packages/airflow/example_dags/example_setup_teardown.py
[2026-05-08T17:48:05.421+0100] {logging_mixin.py:188} INFO - [2026-05-08T17:48:05.421+0100] {dag.py:3096} INFO - Sync 1 DAGs
[2026-05-08T17:48:05.446+0100] {logging_mixin.py:188} INFO - [2026-05-08T17:48:05.446+0100] {dag.py:3954} INFO - Setting next_dagrun for example_setup_teardown to 2026-05-07 00:00:00+00:00, run_after=2026-05-08 00:00:00+00:00
[2026-05-08T17:48:05.545+0100] {processor.py:183} INFO - Processing /home/najma/airflow-venv/lib/python3.12/site-packages/airflow/example_dags/example_setup_teardown.py took 0.166 seconds
[2026-05-08T17:49:13.633+0100] {processor.py:161} INFO - Started process (PID=10443) to work on /home/najma/airflow-venv/lib/python3.12/site-packages/airflow/example_dags/example_setup_teardown.py
[2026-05-08T17:49:13.634+0100] {processor.py:830} INFO - Processing file /home/najma/airflow-venv/lib/python3.12/site-packages/airflow/example_dags/example_setup_teardown.py for tasks to queue
[2026-05-08T17:49:13.636+0100] {logging_mixin.py:188} INFO - [2026-05-08T17:49:13.635+0100] {dagbag.py:540} INFO - Filling up the DagBag from /home/najma/airflow-venv/lib/python3.12/site-packages/airflow/example_dags/example_setup_teardown.py
[2026-05-08T17:49:13.641+0100] {processor.py:840} INFO - DAG(s) 'example_setup_teardown' retrieved from /home/najma/airflow-venv/lib/python3.12/site-packages/airflow/example_dags/example_setup_teardown.py
[2026-05-08T17:49:13.670+0100] {logging_mixin.py:188} INFO - [2026-05-08T17:49:13.670+0100] {dag.py:3096} INFO - Sync 1 DAGs
[2026-05-08T17:49:13.696+0100] {logging_mixin.py:188} INFO - [2026-05-08T17:49:13.696+0100] {dag.py:3954} INFO - Setting next_dagrun for example_setup_teardown to 2026-05-07 00:00:00+00:00, run_after=2026-05-08 00:00:00+00:00
[2026-05-08T17:49:13.800+0100] {processor.py:183} INFO - Processing /home/najma/airflow-venv/lib/python3.12/site-packages/airflow/example_dags/example_setup_teardown.py took 0.171 seconds
[2026-05-08T17:50:27.485+0100] {processor.py:161} INFO - Started process (PID=10504) to work on /home/najma/airflow-venv/lib/python3.12/site-packages/airflow/example_dags/example_setup_teardown.py
[2026-05-08T17:50:27.487+0100] {processor.py:830} INFO - Processing file /home/najma/airflow-venv/lib/python3.12/site-packages/airflow/example_dags/example_setup_teardown.py for tasks to queue
[2026-05-08T17:50:27.489+0100] {logging_mixin.py:188} INFO - [2026-05-08T17:50:27.488+0100] {dagbag.py:540} INFO - Filling up the DagBag from /home/najma/airflow-venv/lib/python3.12/site-packages/airflow/example_dags/example_setup_teardown.py
[2026-05-08T17:50:27.494+0100] {processor.py:840} INFO - DAG(s) 'example_setup_teardown' retrieved from /home/najma/airflow-venv/lib/python3.12/site-packages/airflow/example_dags/example_setup_teardown.py
[2026-05-08T17:50:27.523+0100] {logging_mixin.py:188} INFO - [2026-05-08T17:50:27.522+0100] {dag.py:3096} INFO - Sync 1 DAGs
[2026-05-08T17:50:27.549+0100] {logging_mixin.py:188} INFO - [2026-05-08T17:50:27.549+0100] {dag.py:3954} INFO - Setting next_dagrun for example_setup_teardown to 2026-05-07 00:00:00+00:00, run_after=2026-05-08 00:00:00+00:00
[2026-05-08T17:50:27.647+0100] {processor.py:183} INFO - Processing /home/najma/airflow-venv/lib/python3.12/site-packages/airflow/example_dags/example_setup_teardown.py took 0.166 seconds
[2026-05-08T17:51:39.159+0100] {processor.py:161} INFO - Started process (PID=10564) to work on /home/najma/airflow-venv/lib/python3.12/site-packages/airflow/example_dags/example_setup_teardown.py
[2026-05-08T17:51:39.160+0100] {processor.py:830} INFO - Processing file /home/najma/airflow-venv/lib/python3.12/site-packages/airflow/example_dags/example_setup_teardown.py for tasks to queue
[2026-05-08T17:51:39.162+0100] {logging_mixin.py:188} INFO - [2026-05-08T17:51:39.162+0100] {dagbag.py:540} INFO - Filling up the DagBag from /home/najma/airflow-venv/lib/python3.12/site-packages/airflow/example_dags/example_setup_teardown.py
[2026-05-08T17:51:39.169+0100] {processor.py:840} INFO - DAG(s) 'example_setup_teardown' retrieved from /home/najma/airflow-venv/lib/python3.12/site-packages/airflow/example_dags/example_setup_teardown.py
[2026-05-08T17:51:39.202+0100] {logging_mixin.py:188} INFO - [2026-05-08T17:51:39.202+0100] {dag.py:3096} INFO - Sync 1 DAGs
[2026-05-08T17:51:39.233+0100] {logging_mixin.py:188} INFO - [2026-05-08T17:51:39.233+0100] {dag.py:3954} INFO - Setting next_dagrun for example_setup_teardown to 2026-05-07 00:00:00+00:00, run_after=2026-05-08 00:00:00+00:00
[2026-05-08T17:51:39.348+0100] {processor.py:183} INFO - Processing /home/najma/airflow-venv/lib/python3.12/site-packages/airflow/example_dags/example_setup_teardown.py took 0.193 seconds
[2026-05-08T17:53:01.255+0100] {processor.py:161} INFO - Started process (PID=10654) to work on /home/najma/airflow-venv/lib/python3.12/site-packages/airflow/example_dags/example_setup_teardown.py
[2026-05-08T17:53:01.256+0100] {processor.py:830} INFO - Processing file /home/najma/airflow-venv/lib/python3.12/site-packages/airflow/example_dags/example_setup_teardown.py for tasks to queue
[2026-05-08T17:53:01.258+0100] {logging_mixin.py:188} INFO - [2026-05-08T17:53:01.258+0100] {dagbag.py:540} INFO - Filling up the DagBag from /home/najma/airflow-venv/lib/python3.12/site-packages/airflow/example_dags/example_setup_teardown.py
[2026-05-08T17:53:01.263+0100] {processor.py:840} INFO - DAG(s) 'example_setup_teardown' retrieved from /home/najma/airflow-venv/lib/python3.12/site-packages/airflow/example_dags/example_setup_teardown.py
[2026-05-08T17:53:01.293+0100] {logging_mixin.py:188} INFO - [2026-05-08T17:53:01.292+0100] {dag.py:3096} INFO - Sync 1 DAGs
[2026-05-08T17:53:01.319+0100] {logging_mixin.py:188} INFO - [2026-05-08T17:53:01.319+0100] {dag.py:3954} INFO - Setting next_dagrun for example_setup_teardown to 2026-05-07 00:00:00+00:00, run_after=2026-05-08 00:00:00+00:00
[2026-05-08T17:53:01.442+0100] {processor.py:183} INFO - Processing /home/najma/airflow-venv/lib/python3.12/site-packages/airflow/example_dags/example_setup_teardown.py took 0.191 seconds
[2026-05-08T17:54:09.637+0100] {processor.py:161} INFO - Started process (PID=10715) to work on /home/najma/airflow-venv/lib/python3.12/site-packages/airflow/example_dags/example_setup_teardown.py
[2026-05-08T17:54:09.639+0100] {processor.py:830} INFO - Processing file /home/najma/airflow-venv/lib/python3.12/site-packages/airflow/example_dags/example_setup_teardown.py for tasks to queue
[2026-05-08T17:54:09.640+0100] {logging_mixin.py:188} INFO - [2026-05-08T17:54:09.640+0100] {dagbag.py:540} INFO - Filling up the DagBag from /home/najma/airflow-venv/lib/python3.12/site-packages/airflow/example_dags/example_setup_teardown.py
[2026-05-08T17:54:09.645+0100] {processor.py:840} INFO - DAG(s) 'example_setup_teardown' retrieved from /home/najma/airflow-venv/lib/python3.12/site-packages/airflow/example_dags/example_setup_teardown.py
[2026-05-08T17:54:09.673+0100] {logging_mixin.py:188} INFO - [2026-05-08T17:54:09.673+0100] {dag.py:3096} INFO - Sync 1 DAGs
[2026-05-08T17:54:09.697+0100] {logging_mixin.py:188} INFO - [2026-05-08T17:54:09.697+0100] {dag.py:3954} INFO - Setting next_dagrun for example_setup_teardown to 2026-05-07 00:00:00+00:00, run_after=2026-05-08 00:00:00+00:00
[2026-05-08T17:54:09.780+0100] {processor.py:183} INFO - Processing /home/najma/airflow-venv/lib/python3.12/site-packages/airflow/example_dags/example_setup_teardown.py took 0.146 seconds
[2026-05-08T17:55:17.167+0100] {processor.py:161} INFO - Started process (PID=10785) to work on /home/najma/airflow-venv/lib/python3.12/site-packages/airflow/example_dags/example_setup_teardown.py
[2026-05-08T17:55:17.168+0100] {processor.py:830} INFO - Processing file /home/najma/airflow-venv/lib/python3.12/site-packages/airflow/example_dags/example_setup_teardown.py for tasks to queue
[2026-05-08T17:55:17.170+0100] {logging_mixin.py:188} INFO - [2026-05-08T17:55:17.170+0100] {dagbag.py:540} INFO - Filling up the DagBag from /home/najma/airflow-venv/lib/python3.12/site-packages/airflow/example_dags/example_setup_teardown.py
[2026-05-08T17:55:17.175+0100] {processor.py:840} INFO - DAG(s) 'example_setup_teardown' retrieved from /home/najma/airflow-venv/lib/python3.12/site-packages/airflow/example_dags/example_setup_teardown.py
[2026-05-08T17:55:17.202+0100] {logging_mixin.py:188} INFO - [2026-05-08T17:55:17.201+0100] {dag.py:3096} INFO - Sync 1 DAGs
[2026-05-08T17:55:17.226+0100] {logging_mixin.py:188} INFO - [2026-05-08T17:55:17.226+0100] {dag.py:3954} INFO - Setting next_dagrun for example_setup_teardown to 2026-05-07 00:00:00+00:00, run_after=2026-05-08 00:00:00+00:00
[2026-05-08T17:55:17.324+0100] {processor.py:183} INFO - Processing /home/najma/airflow-venv/lib/python3.12/site-packages/airflow/example_dags/example_setup_teardown.py took 0.160 seconds
[2026-05-08T17:56:23.965+0100] {processor.py:161} INFO - Started process (PID=10844) to work on /home/najma/airflow-venv/lib/python3.12/site-packages/airflow/example_dags/example_setup_teardown.py
[2026-05-08T17:56:23.966+0100] {processor.py:830} INFO - Processing file /home/najma/airflow-venv/lib/python3.12/site-packages/airflow/example_dags/example_setup_teardown.py for tasks to queue
[2026-05-08T17:56:23.968+0100] {logging_mixin.py:188} INFO - [2026-05-08T17:56:23.967+0100] {dagbag.py:540} INFO - Filling up the DagBag from /home/najma/airflow-venv/lib/python3.12/site-packages/airflow/example_dags/example_setup_teardown.py
[2026-05-08T17:56:23.973+0100] {processor.py:840} INFO - DAG(s) 'example_setup_teardown' retrieved from /home/najma/airflow-venv/lib/python3.12/site-packages/airflow/example_dags/example_setup_teardown.py
[2026-05-08T17:56:23.999+0100] {logging_mixin.py:188} INFO - [2026-05-08T17:56:23.999+0100] {dag.py:3096} INFO - Sync 1 DAGs
[2026-05-08T17:56:24.024+0100] {logging_mixin.py:188} INFO - [2026-05-08T17:56:24.023+0100] {dag.py:3954} INFO - Setting next_dagrun for example_setup_teardown to 2026-05-07 00:00:00+00:00, run_after=2026-05-08 00:00:00+00:00
[2026-05-08T17:56:24.100+0100] {processor.py:183} INFO - Processing /home/najma/airflow-venv/lib/python3.12/site-packages/airflow/example_dags/example_setup_teardown.py took 0.139 seconds
[2026-05-08T17:57:39.679+0100] {processor.py:161} INFO - Started process (PID=10905) to work on /home/najma/airflow-venv/lib/python3.12/site-packages/airflow/example_dags/example_setup_teardown.py
[2026-05-08T17:57:39.680+0100] {processor.py:830} INFO - Processing file /home/najma/airflow-venv/lib/python3.12/site-packages/airflow/example_dags/example_setup_teardown.py for tasks to queue
[2026-05-08T17:57:39.682+0100] {logging_mixin.py:188} INFO - [2026-05-08T17:57:39.681+0100] {dagbag.py:540} INFO - Filling up the DagBag from /home/najma/airflow-venv/lib/python3.12/site-packages/airflow/example_dags/example_setup_teardown.py
[2026-05-08T17:57:39.687+0100] {processor.py:840} INFO - DAG(s) 'example_setup_teardown' retrieved from /home/najma/airflow-venv/lib/python3.12/site-packages/airflow/example_dags/example_setup_teardown.py
[2026-05-08T17:57:39.714+0100] {logging_mixin.py:188} INFO - [2026-05-08T17:57:39.714+0100] {dag.py:3096} INFO - Sync 1 DAGs
[2026-05-08T17:57:39.740+0100] {logging_mixin.py:188} INFO - [2026-05-08T17:57:39.740+0100] {dag.py:3954} INFO - Setting next_dagrun for example_setup_teardown to 2026-05-07 00:00:00+00:00, run_after=2026-05-08 00:00:00+00:00
[2026-05-08T17:57:39.827+0100] {processor.py:183} INFO - Processing /home/najma/airflow-venv/lib/python3.12/site-packages/airflow/example_dags/example_setup_teardown.py took 0.151 seconds
[2026-05-08T17:58:49.028+0100] {processor.py:161} INFO - Started process (PID=10968) to work on /home/najma/airflow-venv/lib/python3.12/site-packages/airflow/example_dags/example_setup_teardown.py
[2026-05-08T17:58:49.030+0100] {processor.py:830} INFO - Processing file /home/najma/airflow-venv/lib/python3.12/site-packages/airflow/example_dags/example_setup_teardown.py for tasks to queue
[2026-05-08T17:58:49.032+0100] {logging_mixin.py:188} INFO - [2026-05-08T17:58:49.031+0100] {dagbag.py:540} INFO - Filling up the DagBag from /home/najma/airflow-venv/lib/python3.12/site-packages/airflow/example_dags/example_setup_teardown.py
[2026-05-08T17:58:49.037+0100] {processor.py:840} INFO - DAG(s) 'example_setup_teardown' retrieved from /home/najma/airflow-venv/lib/python3.12/site-packages/airflow/example_dags/example_setup_teardown.py
[2026-05-08T17:58:49.065+0100] {logging_mixin.py:188} INFO - [2026-05-08T17:58:49.064+0100] {dag.py:3096} INFO - Sync 1 DAGs
[2026-05-08T17:58:49.174+0100] {logging_mixin.py:188} INFO - [2026-05-08T17:58:49.174+0100] {dag.py:3954} INFO - Setting next_dagrun for example_setup_teardown to 2026-05-07 00:00:00+00:00, run_after=2026-05-08 00:00:00+00:00
[2026-05-08T17:58:49.306+0100] {processor.py:183} INFO - Processing /home/najma/airflow-venv/lib/python3.12/site-packages/airflow/example_dags/example_setup_teardown.py took 0.281 seconds
[2026-05-08T17:59:55.744+0100] {processor.py:161} INFO - Started process (PID=11026) to work on /home/najma/airflow-venv/lib/python3.12/site-packages/airflow/example_dags/example_setup_teardown.py
[2026-05-08T17:59:55.745+0100] {processor.py:830} INFO - Processing file /home/najma/airflow-venv/lib/python3.12/site-packages/airflow/example_dags/example_setup_teardown.py for tasks to queue
[2026-05-08T17:59:55.747+0100] {logging_mixin.py:188} INFO - [2026-05-08T17:59:55.746+0100] {dagbag.py:540} INFO - Filling up the DagBag from /home/najma/airflow-venv/lib/python3.12/site-packages/airflow/example_dags/example_setup_teardown.py
[2026-05-08T17:59:55.752+0100] {processor.py:840} INFO - DAG(s) 'example_setup_teardown' retrieved from /home/najma/airflow-venv/lib/python3.12/site-packages/airflow/example_dags/example_setup_teardown.py
[2026-05-08T17:59:55.784+0100] {logging_mixin.py:188} INFO - [2026-05-08T17:59:55.783+0100] {dag.py:3096} INFO - Sync 1 DAGs
[2026-05-08T17:59:55.809+0100] {logging_mixin.py:188} INFO - [2026-05-08T17:59:55.809+0100] {dag.py:3954} INFO - Setting next_dagrun for example_setup_teardown to 2026-05-07 00:00:00+00:00, run_after=2026-05-08 00:00:00+00:00
[2026-05-08T17:59:55.919+0100] {processor.py:183} INFO - Processing /home/najma/airflow-venv/lib/python3.12/site-packages/airflow/example_dags/example_setup_teardown.py took 0.179 seconds
[2026-05-08T18:01:05.275+0100] {processor.py:161} INFO - Started process (PID=11087) to work on /home/najma/airflow-venv/lib/python3.12/site-packages/airflow/example_dags/example_setup_teardown.py
[2026-05-08T18:01:05.276+0100] {processor.py:830} INFO - Processing file /home/najma/airflow-venv/lib/python3.12/site-packages/airflow/example_dags/example_setup_teardown.py for tasks to queue
[2026-05-08T18:01:05.278+0100] {logging_mixin.py:188} INFO - [2026-05-08T18:01:05.278+0100] {dagbag.py:540} INFO - Filling up the DagBag from /home/najma/airflow-venv/lib/python3.12/site-packages/airflow/example_dags/example_setup_teardown.py
[2026-05-08T18:01:05.283+0100] {processor.py:840} INFO - DAG(s) 'example_setup_teardown' retrieved from /home/najma/airflow-venv/lib/python3.12/site-packages/airflow/example_dags/example_setup_teardown.py
[2026-05-08T18:01:05.308+0100] {logging_mixin.py:188} INFO - [2026-05-08T18:01:05.307+0100] {dag.py:3096} INFO - Sync 1 DAGs
[2026-05-08T18:01:05.330+0100] {logging_mixin.py:188} INFO - [2026-05-08T18:01:05.330+0100] {dag.py:3954} INFO - Setting next_dagrun for example_setup_teardown to 2026-05-07 00:00:00+00:00, run_after=2026-05-08 00:00:00+00:00
[2026-05-08T18:01:05.419+0100] {processor.py:183} INFO - Processing /home/najma/airflow-venv/lib/python3.12/site-packages/airflow/example_dags/example_setup_teardown.py took 0.148 seconds
[2026-05-08T18:02:09.900+0100] {processor.py:161} INFO - Started process (PID=11146) to work on /home/najma/airflow-venv/lib/python3.12/site-packages/airflow/example_dags/example_setup_teardown.py
[2026-05-08T18:02:09.901+0100] {processor.py:830} INFO - Processing file /home/najma/airflow-venv/lib/python3.12/site-packages/airflow/example_dags/example_setup_teardown.py for tasks to queue
[2026-05-08T18:02:09.903+0100] {logging_mixin.py:188} INFO - [2026-05-08T18:02:09.903+0100] {dagbag.py:540} INFO - Filling up the DagBag from /home/najma/airflow-venv/lib/python3.12/site-packages/airflow/example_dags/example_setup_teardown.py
[2026-05-08T18:02:09.908+0100] {processor.py:840} INFO - DAG(s) 'example_setup_teardown' retrieved from /home/najma/airflow-venv/lib/python3.12/site-packages/airflow/example_dags/example_setup_teardown.py
[2026-05-08T18:02:09.934+0100] {logging_mixin.py:188} INFO - [2026-05-08T18:02:09.934+0100] {dag.py:3096} INFO - Sync 1 DAGs
[2026-05-08T18:02:09.960+0100] {logging_mixin.py:188} INFO - [2026-05-08T18:02:09.960+0100] {dag.py:3954} INFO - Setting next_dagrun for example_setup_teardown to 2026-05-07 00:00:00+00:00, run_after=2026-05-08 00:00:00+00:00
[2026-05-08T18:02:10.053+0100] {processor.py:183} INFO - Processing /home/najma/airflow-venv/lib/python3.12/site-packages/airflow/example_dags/example_setup_teardown.py took 0.156 seconds
[2026-05-08T18:03:13.120+0100] {processor.py:161} INFO - Started process (PID=11202) to work on /home/najma/airflow-venv/lib/python3.12/site-packages/airflow/example_dags/example_setup_teardown.py
[2026-05-08T18:03:13.121+0100] {processor.py:830} INFO - Processing file /home/najma/airflow-venv/lib/python3.12/site-packages/airflow/example_dags/example_setup_teardown.py for tasks to queue
[2026-05-08T18:03:13.123+0100] {logging_mixin.py:188} INFO - [2026-05-08T18:03:13.123+0100] {dagbag.py:540} INFO - Filling up the DagBag from /home/najma/airflow-venv/lib/python3.12/site-packages/airflow/example_dags/example_setup_teardown.py
[2026-05-08T18:03:13.128+0100] {processor.py:840} INFO - DAG(s) 'example_setup_teardown' retrieved from /home/najma/airflow-venv/lib/python3.12/site-packages/airflow/example_dags/example_setup_teardown.py
[2026-05-08T18:03:13.156+0100] {logging_mixin.py:188} INFO - [2026-05-08T18:03:13.155+0100] {dag.py:3096} INFO - Sync 1 DAGs
[2026-05-08T18:03:13.179+0100] {logging_mixin.py:188} INFO - [2026-05-08T18:03:13.179+0100] {dag.py:3954} INFO - Setting next_dagrun for example_setup_teardown to 2026-05-07 00:00:00+00:00, run_after=2026-05-08 00:00:00+00:00
[2026-05-08T18:03:13.273+0100] {processor.py:183} INFO - Processing /home/najma/airflow-venv/lib/python3.12/site-packages/airflow/example_dags/example_setup_teardown.py took 0.157 seconds
[2026-05-08T18:04:22.970+0100] {processor.py:161} INFO - Started process (PID=11262) to work on /home/najma/airflow-venv/lib/python3.12/site-packages/airflow/example_dags/example_setup_teardown.py
[2026-05-08T18:04:22.971+0100] {processor.py:830} INFO - Processing file /home/najma/airflow-venv/lib/python3.12/site-packages/airflow/example_dags/example_setup_teardown.py for tasks to queue
[2026-05-08T18:04:22.980+0100] {logging_mixin.py:188} INFO - [2026-05-08T18:04:22.979+0100] {dagbag.py:540} INFO - Filling up the DagBag from /home/najma/airflow-venv/lib/python3.12/site-packages/airflow/example_dags/example_setup_teardown.py
[2026-05-08T18:04:22.986+0100] {processor.py:840} INFO - DAG(s) 'example_setup_teardown' retrieved from /home/najma/airflow-venv/lib/python3.12/site-packages/airflow/example_dags/example_setup_teardown.py
[2026-05-08T18:04:23.019+0100] {logging_mixin.py:188} INFO - [2026-05-08T18:04:23.019+0100] {dag.py:3096} INFO - Sync 1 DAGs
[2026-05-08T18:04:23.058+0100] {logging_mixin.py:188} INFO - [2026-05-08T18:04:23.058+0100] {dag.py:3954} INFO - Setting next_dagrun for example_setup_teardown to 2026-05-07 00:00:00+00:00, run_after=2026-05-08 00:00:00+00:00
[2026-05-08T18:04:23.250+0100] {processor.py:183} INFO - Processing /home/najma/airflow-venv/lib/python3.12/site-packages/airflow/example_dags/example_setup_teardown.py took 0.284 seconds
[2026-05-08T18:05:30.824+0100] {processor.py:161} INFO - Started process (PID=11320) to work on /home/najma/airflow-venv/lib/python3.12/site-packages/airflow/example_dags/example_setup_teardown.py
[2026-05-08T18:05:30.826+0100] {processor.py:830} INFO - Processing file /home/najma/airflow-venv/lib/python3.12/site-packages/airflow/example_dags/example_setup_teardown.py for tasks to queue
[2026-05-08T18:05:30.827+0100] {logging_mixin.py:188} INFO - [2026-05-08T18:05:30.827+0100] {dagbag.py:540} INFO - Filling up the DagBag from /home/najma/airflow-venv/lib/python3.12/site-packages/airflow/example_dags/example_setup_teardown.py
[2026-05-08T18:05:30.832+0100] {processor.py:840} INFO - DAG(s) 'example_setup_teardown' retrieved from /home/najma/airflow-venv/lib/python3.12/site-packages/airflow/example_dags/example_setup_teardown.py
[2026-05-08T18:05:30.860+0100] {logging_mixin.py:188} INFO - [2026-05-08T18:05:30.860+0100] {dag.py:3096} INFO - Sync 1 DAGs
[2026-05-08T18:05:30.968+0100] {logging_mixin.py:188} INFO - [2026-05-08T18:05:30.968+0100] {dag.py:3954} INFO - Setting next_dagrun for example_setup_teardown to 2026-05-07 00:00:00+00:00, run_after=2026-05-08 00:00:00+00:00
[2026-05-08T18:05:31.059+0100] {processor.py:183} INFO - Processing /home/najma/airflow-venv/lib/python3.12/site-packages/airflow/example_dags/example_setup_teardown.py took 0.239 seconds
[2026-05-08T18:06:35.792+0100] {processor.py:161} INFO - Started process (PID=11379) to work on /home/najma/airflow-venv/lib/python3.12/site-packages/airflow/example_dags/example_setup_teardown.py
[2026-05-08T18:06:35.793+0100] {processor.py:830} INFO - Processing file /home/najma/airflow-venv/lib/python3.12/site-packages/airflow/example_dags/example_setup_teardown.py for tasks to queue
[2026-05-08T18:06:35.795+0100] {logging_mixin.py:188} INFO - [2026-05-08T18:06:35.795+0100] {dagbag.py:540} INFO - Filling up the DagBag from /home/najma/airflow-venv/lib/python3.12/site-packages/airflow/example_dags/example_setup_teardown.py
[2026-05-08T18:06:35.800+0100] {processor.py:840} INFO - DAG(s) 'example_setup_teardown' retrieved from /home/najma/airflow-venv/lib/python3.12/site-packages/airflow/example_dags/example_setup_teardown.py
[2026-05-08T18:06:35.826+0100] {logging_mixin.py:188} INFO - [2026-05-08T18:06:35.826+0100] {dag.py:3096} INFO - Sync 1 DAGs
[2026-05-08T18:06:35.932+0100] {logging_mixin.py:188} INFO - [2026-05-08T18:06:35.932+0100] {dag.py:3954} INFO - Setting next_dagrun for example_setup_teardown to 2026-05-07 00:00:00+00:00, run_after=2026-05-08 00:00:00+00:00
[2026-05-08T18:06:36.027+0100] {processor.py:183} INFO - Processing /home/najma/airflow-venv/lib/python3.12/site-packages/airflow/example_dags/example_setup_teardown.py took 0.239 seconds
[2026-05-08T18:07:37.902+0100] {processor.py:161} INFO - Started process (PID=11435) to work on /home/najma/airflow-venv/lib/python3.12/site-packages/airflow/example_dags/example_setup_teardown.py
[2026-05-08T18:07:37.904+0100] {processor.py:830} INFO - Processing file /home/najma/airflow-venv/lib/python3.12/site-packages/airflow/example_dags/example_setup_teardown.py for tasks to queue
[2026-05-08T18:07:37.905+0100] {logging_mixin.py:188} INFO - [2026-05-08T18:07:37.905+0100] {dagbag.py:540} INFO - Filling up the DagBag from /home/najma/airflow-venv/lib/python3.12/site-packages/airflow/example_dags/example_setup_teardown.py
[2026-05-08T18:07:37.911+0100] {processor.py:840} INFO - DAG(s) 'example_setup_teardown' retrieved from /home/najma/airflow-venv/lib/python3.12/site-packages/airflow/example_dags/example_setup_teardown.py
[2026-05-08T18:07:37.937+0100] {logging_mixin.py:188} INFO - [2026-05-08T18:07:37.937+0100] {dag.py:3096} INFO - Sync 1 DAGs
[2026-05-08T18:07:37.961+0100] {logging_mixin.py:188} INFO - [2026-05-08T18:07:37.961+0100] {dag.py:3954} INFO - Setting next_dagrun for example_setup_teardown to 2026-05-07 00:00:00+00:00, run_after=2026-05-08 00:00:00+00:00
[2026-05-08T18:07:38.036+0100] {processor.py:183} INFO - Processing /home/najma/airflow-venv/lib/python3.12/site-packages/airflow/example_dags/example_setup_teardown.py took 0.138 seconds
[2026-05-08T18:08:41.561+0100] {processor.py:161} INFO - Started process (PID=11493) to work on /home/najma/airflow-venv/lib/python3.12/site-packages/airflow/example_dags/example_setup_teardown.py
[2026-05-08T18:08:41.563+0100] {processor.py:830} INFO - Processing file /home/najma/airflow-venv/lib/python3.12/site-packages/airflow/example_dags/example_setup_teardown.py for tasks to queue
[2026-05-08T18:08:41.565+0100] {logging_mixin.py:188} INFO - [2026-05-08T18:08:41.564+0100] {dagbag.py:540} INFO - Filling up the DagBag from /home/najma/airflow-venv/lib/python3.12/site-packages/airflow/example_dags/example_setup_teardown.py
[2026-05-08T18:08:41.570+0100] {processor.py:840} INFO - DAG(s) 'example_setup_teardown' retrieved from /home/najma/airflow-venv/lib/python3.12/site-packages/airflow/example_dags/example_setup_teardown.py
[2026-05-08T18:08:41.599+0100] {logging_mixin.py:188} INFO - [2026-05-08T18:08:41.599+0100] {dag.py:3096} INFO - Sync 1 DAGs
[2026-05-08T18:08:41.624+0100] {logging_mixin.py:188} INFO - [2026-05-08T18:08:41.624+0100] {dag.py:3954} INFO - Setting next_dagrun for example_setup_teardown to 2026-05-07 00:00:00+00:00, run_after=2026-05-08 00:00:00+00:00
[2026-05-08T18:08:41.697+0100] {processor.py:183} INFO - Processing /home/najma/airflow-venv/lib/python3.12/site-packages/airflow/example_dags/example_setup_teardown.py took 0.140 seconds
[2026-05-08T18:09:46.804+0100] {processor.py:161} INFO - Started process (PID=11551) to work on /home/najma/airflow-venv/lib/python3.12/site-packages/airflow/example_dags/example_setup_teardown.py
[2026-05-08T18:09:46.806+0100] {processor.py:830} INFO - Processing file /home/najma/airflow-venv/lib/python3.12/site-packages/airflow/example_dags/example_setup_teardown.py for tasks to queue
[2026-05-08T18:09:46.807+0100] {logging_mixin.py:188} INFO - [2026-05-08T18:09:46.807+0100] {dagbag.py:540} INFO - Filling up the DagBag from /home/najma/airflow-venv/lib/python3.12/site-packages/airflow/example_dags/example_setup_teardown.py
[2026-05-08T18:09:46.812+0100] {processor.py:840} INFO - DAG(s) 'example_setup_teardown' retrieved from /home/najma/airflow-venv/lib/python3.12/site-packages/airflow/example_dags/example_setup_teardown.py
[2026-05-08T18:09:46.838+0100] {logging_mixin.py:188} INFO - [2026-05-08T18:09:46.837+0100] {dag.py:3096} INFO - Sync 1 DAGs
[2026-05-08T18:09:46.861+0100] {logging_mixin.py:188} INFO - [2026-05-08T18:09:46.861+0100] {dag.py:3954} INFO - Setting next_dagrun for example_setup_teardown to 2026-05-07 00:00:00+00:00, run_after=2026-05-08 00:00:00+00:00
[2026-05-08T18:09:46.934+0100] {processor.py:183} INFO - Processing /home/najma/airflow-venv/lib/python3.12/site-packages/airflow/example_dags/example_setup_teardown.py took 0.133 seconds
[2026-05-08T18:10:48.038+0100] {processor.py:161} INFO - Started process (PID=11606) to work on /home/najma/airflow-venv/lib/python3.12/site-packages/airflow/example_dags/example_setup_teardown.py
[2026-05-08T18:10:48.040+0100] {processor.py:830} INFO - Processing file /home/najma/airflow-venv/lib/python3.12/site-packages/airflow/example_dags/example_setup_teardown.py for tasks to queue
[2026-05-08T18:10:48.041+0100] {logging_mixin.py:188} INFO - [2026-05-08T18:10:48.041+0100] {dagbag.py:540} INFO - Filling up the DagBag from /home/najma/airflow-venv/lib/python3.12/site-packages/airflow/example_dags/example_setup_teardown.py
[2026-05-08T18:10:48.046+0100] {processor.py:840} INFO - DAG(s) 'example_setup_teardown' retrieved from /home/najma/airflow-venv/lib/python3.12/site-packages/airflow/example_dags/example_setup_teardown.py
[2026-05-08T18:10:48.074+0100] {logging_mixin.py:188} INFO - [2026-05-08T18:10:48.073+0100] {dag.py:3096} INFO - Sync 1 DAGs
[2026-05-08T18:10:48.098+0100] {logging_mixin.py:188} INFO - [2026-05-08T18:10:48.098+0100] {dag.py:3954} INFO - Setting next_dagrun for example_setup_teardown to 2026-05-07 00:00:00+00:00, run_after=2026-05-08 00:00:00+00:00
[2026-05-08T18:10:48.189+0100] {processor.py:183} INFO - Processing /home/najma/airflow-venv/lib/python3.12/site-packages/airflow/example_dags/example_setup_teardown.py took 0.155 seconds
[2026-05-08T18:11:57.566+0100] {processor.py:161} INFO - Started process (PID=11662) to work on /home/najma/airflow-venv/lib/python3.12/site-packages/airflow/example_dags/example_setup_teardown.py
[2026-05-08T18:11:57.568+0100] {processor.py:830} INFO - Processing file /home/najma/airflow-venv/lib/python3.12/site-packages/airflow/example_dags/example_setup_teardown.py for tasks to queue
[2026-05-08T18:11:57.570+0100] {logging_mixin.py:188} INFO - [2026-05-08T18:11:57.569+0100] {dagbag.py:540} INFO - Filling up the DagBag from /home/najma/airflow-venv/lib/python3.12/site-packages/airflow/example_dags/example_setup_teardown.py
[2026-05-08T18:11:57.575+0100] {processor.py:840} INFO - DAG(s) 'example_setup_teardown' retrieved from /home/najma/airflow-venv/lib/python3.12/site-packages/airflow/example_dags/example_setup_teardown.py
[2026-05-08T18:11:57.604+0100] {logging_mixin.py:188} INFO - [2026-05-08T18:11:57.604+0100] {dag.py:3096} INFO - Sync 1 DAGs
[2026-05-08T18:11:57.630+0100] {logging_mixin.py:188} INFO - [2026-05-08T18:11:57.630+0100] {dag.py:3954} INFO - Setting next_dagrun for example_setup_teardown to 2026-05-07 00:00:00+00:00, run_after=2026-05-08 00:00:00+00:00
[2026-05-08T18:11:57.715+0100] {processor.py:183} INFO - Processing /home/najma/airflow-venv/lib/python3.12/site-packages/airflow/example_dags/example_setup_teardown.py took 0.153 seconds
[2026-05-08T18:13:20.710+0100] {processor.py:161} INFO - Started process (PID=11720) to work on /home/najma/airflow-venv/lib/python3.12/site-packages/airflow/example_dags/example_setup_teardown.py
[2026-05-08T18:13:20.712+0100] {processor.py:830} INFO - Processing file /home/najma/airflow-venv/lib/python3.12/site-packages/airflow/example_dags/example_setup_teardown.py for tasks to queue
[2026-05-08T18:13:20.714+0100] {logging_mixin.py:188} INFO - [2026-05-08T18:13:20.713+0100] {dagbag.py:540} INFO - Filling up the DagBag from /home/najma/airflow-venv/lib/python3.12/site-packages/airflow/example_dags/example_setup_teardown.py
[2026-05-08T18:13:20.719+0100] {processor.py:840} INFO - DAG(s) 'example_setup_teardown' retrieved from /home/najma/airflow-venv/lib/python3.12/site-packages/airflow/example_dags/example_setup_teardown.py
[2026-05-08T18:13:20.755+0100] {logging_mixin.py:188} INFO - [2026-05-08T18:13:20.754+0100] {dag.py:3096} INFO - Sync 1 DAGs
[2026-05-08T18:13:20.785+0100] {logging_mixin.py:188} INFO - [2026-05-08T18:13:20.785+0100] {dag.py:3954} INFO - Setting next_dagrun for example_setup_teardown to 2026-05-07 00:00:00+00:00, run_after=2026-05-08 00:00:00+00:00
[2026-05-08T18:13:20.876+0100] {processor.py:183} INFO - Processing /home/najma/airflow-venv/lib/python3.12/site-packages/airflow/example_dags/example_setup_teardown.py took 0.170 seconds
[2026-05-08T18:14:42.246+0100] {processor.py:161} INFO - Started process (PID=11799) to work on /home/najma/airflow-venv/lib/python3.12/site-packages/airflow/example_dags/example_setup_teardown.py
[2026-05-08T18:14:42.247+0100] {processor.py:830} INFO - Processing file /home/najma/airflow-venv/lib/python3.12/site-packages/airflow/example_dags/example_setup_teardown.py for tasks to queue
[2026-05-08T18:14:42.249+0100] {logging_mixin.py:188} INFO - [2026-05-08T18:14:42.249+0100] {dagbag.py:540} INFO - Filling up the DagBag from /home/najma/airflow-venv/lib/python3.12/site-packages/airflow/example_dags/example_setup_teardown.py
[2026-05-08T18:14:42.255+0100] {processor.py:840} INFO - DAG(s) 'example_setup_teardown' retrieved from /home/najma/airflow-venv/lib/python3.12/site-packages/airflow/example_dags/example_setup_teardown.py
[2026-05-08T18:14:42.283+0100] {logging_mixin.py:188} INFO - [2026-05-08T18:14:42.283+0100] {dag.py:3096} INFO - Sync 1 DAGs
[2026-05-08T18:14:42.310+0100] {logging_mixin.py:188} INFO - [2026-05-08T18:14:42.309+0100] {dag.py:3954} INFO - Setting next_dagrun for example_setup_teardown to 2026-05-07 00:00:00+00:00, run_after=2026-05-08 00:00:00+00:00
[2026-05-08T18:14:42.412+0100] {processor.py:183} INFO - Processing /home/najma/airflow-venv/lib/python3.12/site-packages/airflow/example_dags/example_setup_teardown.py took 0.170 seconds
[2026-05-08T18:15:57.806+0100] {processor.py:161} INFO - Started process (PID=11859) to work on /home/najma/airflow-venv/lib/python3.12/site-packages/airflow/example_dags/example_setup_teardown.py
[2026-05-08T18:15:57.807+0100] {processor.py:830} INFO - Processing file /home/najma/airflow-venv/lib/python3.12/site-packages/airflow/example_dags/example_setup_teardown.py for tasks to queue
[2026-05-08T18:15:57.808+0100] {logging_mixin.py:188} INFO - [2026-05-08T18:15:57.808+0100] {dagbag.py:540} INFO - Filling up the DagBag from /home/najma/airflow-venv/lib/python3.12/site-packages/airflow/example_dags/example_setup_teardown.py
[2026-05-08T18:15:57.817+0100] {processor.py:840} INFO - DAG(s) 'example_setup_teardown' retrieved from /home/najma/airflow-venv/lib/python3.12/site-packages/airflow/example_dags/example_setup_teardown.py
[2026-05-08T18:15:57.849+0100] {logging_mixin.py:188} INFO - [2026-05-08T18:15:57.848+0100] {dag.py:3096} INFO - Sync 1 DAGs
[2026-05-08T18:15:57.879+0100] {logging_mixin.py:188} INFO - [2026-05-08T18:15:57.879+0100] {dag.py:3954} INFO - Setting next_dagrun for example_setup_teardown to 2026-05-07 00:00:00+00:00, run_after=2026-05-08 00:00:00+00:00
[2026-05-08T18:15:57.986+0100] {processor.py:183} INFO - Processing /home/najma/airflow-venv/lib/python3.12/site-packages/airflow/example_dags/example_setup_teardown.py took 0.185 seconds
[2026-05-08T18:17:07.579+0100] {processor.py:161} INFO - Started process (PID=11919) to work on /home/najma/airflow-venv/lib/python3.12/site-packages/airflow/example_dags/example_setup_teardown.py
[2026-05-08T18:17:07.581+0100] {processor.py:830} INFO - Processing file /home/najma/airflow-venv/lib/python3.12/site-packages/airflow/example_dags/example_setup_teardown.py for tasks to queue
[2026-05-08T18:17:07.583+0100] {logging_mixin.py:188} INFO - [2026-05-08T18:17:07.582+0100] {dagbag.py:540} INFO - Filling up the DagBag from /home/najma/airflow-venv/lib/python3.12/site-packages/airflow/example_dags/example_setup_teardown.py
[2026-05-08T18:17:07.588+0100] {processor.py:840} INFO - DAG(s) 'example_setup_teardown' retrieved from /home/najma/airflow-venv/lib/python3.12/site-packages/airflow/example_dags/example_setup_teardown.py
[2026-05-08T18:17:07.618+0100] {logging_mixin.py:188} INFO - [2026-05-08T18:17:07.617+0100] {dag.py:3096} INFO - Sync 1 DAGs
[2026-05-08T18:17:07.645+0100] {logging_mixin.py:188} INFO - [2026-05-08T18:17:07.644+0100] {dag.py:3954} INFO - Setting next_dagrun for example_setup_teardown to 2026-05-07 00:00:00+00:00, run_after=2026-05-08 00:00:00+00:00
[2026-05-08T18:17:07.725+0100] {processor.py:183} INFO - Processing /home/najma/airflow-venv/lib/python3.12/site-packages/airflow/example_dags/example_setup_teardown.py took 0.149 seconds
[2026-05-08T18:18:20.197+0100] {processor.py:161} INFO - Started process (PID=11976) to work on /home/najma/airflow-venv/lib/python3.12/site-packages/airflow/example_dags/example_setup_teardown.py
[2026-05-08T18:18:20.198+0100] {processor.py:830} INFO - Processing file /home/najma/airflow-venv/lib/python3.12/site-packages/airflow/example_dags/example_setup_teardown.py for tasks to queue
[2026-05-08T18:18:20.200+0100] {logging_mixin.py:188} INFO - [2026-05-08T18:18:20.200+0100] {dagbag.py:540} INFO - Filling up the DagBag from /home/najma/airflow-venv/lib/python3.12/site-packages/airflow/example_dags/example_setup_teardown.py
[2026-05-08T18:18:20.205+0100] {processor.py:840} INFO - DAG(s) 'example_setup_teardown' retrieved from /home/najma/airflow-venv/lib/python3.12/site-packages/airflow/example_dags/example_setup_teardown.py
[2026-05-08T18:18:20.234+0100] {logging_mixin.py:188} INFO - [2026-05-08T18:18:20.234+0100] {dag.py:3096} INFO - Sync 1 DAGs
[2026-05-08T18:18:20.263+0100] {logging_mixin.py:188} INFO - [2026-05-08T18:18:20.263+0100] {dag.py:3954} INFO - Setting next_dagrun for example_setup_teardown to 2026-05-07 00:00:00+00:00, run_after=2026-05-08 00:00:00+00:00
[2026-05-08T18:18:20.357+0100] {processor.py:183} INFO - Processing /home/najma/airflow-venv/lib/python3.12/site-packages/airflow/example_dags/example_setup_teardown.py took 0.164 seconds
[2026-05-08T18:19:29.808+0100] {processor.py:161} INFO - Started process (PID=12033) to work on /home/najma/airflow-venv/lib/python3.12/site-packages/airflow/example_dags/example_setup_teardown.py
[2026-05-08T18:19:29.810+0100] {processor.py:830} INFO - Processing file /home/najma/airflow-venv/lib/python3.12/site-packages/airflow/example_dags/example_setup_teardown.py for tasks to queue
[2026-05-08T18:19:29.812+0100] {logging_mixin.py:188} INFO - [2026-05-08T18:19:29.811+0100] {dagbag.py:540} INFO - Filling up the DagBag from /home/najma/airflow-venv/lib/python3.12/site-packages/airflow/example_dags/example_setup_teardown.py
[2026-05-08T18:19:29.817+0100] {processor.py:840} INFO - DAG(s) 'example_setup_teardown' retrieved from /home/najma/airflow-venv/lib/python3.12/site-packages/airflow/example_dags/example_setup_teardown.py
[2026-05-08T18:19:29.845+0100] {logging_mixin.py:188} INFO - [2026-05-08T18:19:29.845+0100] {dag.py:3096} INFO - Sync 1 DAGs
[2026-05-08T18:19:29.872+0100] {logging_mixin.py:188} INFO - [2026-05-08T18:19:29.871+0100] {dag.py:3954} INFO - Setting next_dagrun for example_setup_teardown to 2026-05-07 00:00:00+00:00, run_after=2026-05-08 00:00:00+00:00
[2026-05-08T18:19:29.955+0100] {processor.py:183} INFO - Processing /home/najma/airflow-venv/lib/python3.12/site-packages/airflow/example_dags/example_setup_teardown.py took 0.151 seconds
[2026-05-08T18:20:36.945+0100] {processor.py:161} INFO - Started process (PID=12090) to work on /home/najma/airflow-venv/lib/python3.12/site-packages/airflow/example_dags/example_setup_teardown.py
[2026-05-08T18:20:36.946+0100] {processor.py:830} INFO - Processing file /home/najma/airflow-venv/lib/python3.12/site-packages/airflow/example_dags/example_setup_teardown.py for tasks to queue
[2026-05-08T18:20:36.948+0100] {logging_mixin.py:188} INFO - [2026-05-08T18:20:36.947+0100] {dagbag.py:540} INFO - Filling up the DagBag from /home/najma/airflow-venv/lib/python3.12/site-packages/airflow/example_dags/example_setup_teardown.py
[2026-05-08T18:20:36.953+0100] {processor.py:840} INFO - DAG(s) 'example_setup_teardown' retrieved from /home/najma/airflow-venv/lib/python3.12/site-packages/airflow/example_dags/example_setup_teardown.py
[2026-05-08T18:20:36.981+0100] {logging_mixin.py:188} INFO - [2026-05-08T18:20:36.981+0100] {dag.py:3096} INFO - Sync 1 DAGs
[2026-05-08T18:20:37.006+0100] {logging_mixin.py:188} INFO - [2026-05-08T18:20:37.005+0100] {dag.py:3954} INFO - Setting next_dagrun for example_setup_teardown to 2026-05-07 00:00:00+00:00, run_after=2026-05-08 00:00:00+00:00
[2026-05-08T18:20:37.101+0100] {processor.py:183} INFO - Processing /home/najma/airflow-venv/lib/python3.12/site-packages/airflow/example_dags/example_setup_teardown.py took 0.161 seconds
[2026-05-08T18:21:51.386+0100] {processor.py:161} INFO - Started process (PID=12148) to work on /home/najma/airflow-venv/lib/python3.12/site-packages/airflow/example_dags/example_setup_teardown.py
[2026-05-08T18:21:51.387+0100] {processor.py:830} INFO - Processing file /home/najma/airflow-venv/lib/python3.12/site-packages/airflow/example_dags/example_setup_teardown.py for tasks to queue
[2026-05-08T18:21:51.388+0100] {logging_mixin.py:188} INFO - [2026-05-08T18:21:51.388+0100] {dagbag.py:540} INFO - Filling up the DagBag from /home/najma/airflow-venv/lib/python3.12/site-packages/airflow/example_dags/example_setup_teardown.py
[2026-05-08T18:21:51.394+0100] {processor.py:840} INFO - DAG(s) 'example_setup_teardown' retrieved from /home/najma/airflow-venv/lib/python3.12/site-packages/airflow/example_dags/example_setup_teardown.py
[2026-05-08T18:21:51.430+0100] {logging_mixin.py:188} INFO - [2026-05-08T18:21:51.429+0100] {dag.py:3096} INFO - Sync 1 DAGs
[2026-05-08T18:21:51.466+0100] {logging_mixin.py:188} INFO - [2026-05-08T18:21:51.466+0100] {dag.py:3954} INFO - Setting next_dagrun for example_setup_teardown to 2026-05-07 00:00:00+00:00, run_after=2026-05-08 00:00:00+00:00
[2026-05-08T18:21:51.549+0100] {processor.py:183} INFO - Processing /home/najma/airflow-venv/lib/python3.12/site-packages/airflow/example_dags/example_setup_teardown.py took 0.167 seconds
[2026-05-08T18:23:01.475+0100] {processor.py:161} INFO - Started process (PID=12206) to work on /home/najma/airflow-venv/lib/python3.12/site-packages/airflow/example_dags/example_setup_teardown.py
[2026-05-08T18:23:01.477+0100] {processor.py:830} INFO - Processing file /home/najma/airflow-venv/lib/python3.12/site-packages/airflow/example_dags/example_setup_teardown.py for tasks to queue
[2026-05-08T18:23:01.479+0100] {logging_mixin.py:188} INFO - [2026-05-08T18:23:01.478+0100] {dagbag.py:540} INFO - Filling up the DagBag from /home/najma/airflow-venv/lib/python3.12/site-packages/airflow/example_dags/example_setup_teardown.py
[2026-05-08T18:23:01.486+0100] {processor.py:840} INFO - DAG(s) 'example_setup_teardown' retrieved from /home/najma/airflow-venv/lib/python3.12/site-packages/airflow/example_dags/example_setup_teardown.py
[2026-05-08T18:23:01.516+0100] {logging_mixin.py:188} INFO - [2026-05-08T18:23:01.516+0100] {dag.py:3096} INFO - Sync 1 DAGs
[2026-05-08T18:23:01.545+0100] {logging_mixin.py:188} INFO - [2026-05-08T18:23:01.545+0100] {dag.py:3954} INFO - Setting next_dagrun for example_setup_teardown to 2026-05-07 00:00:00+00:00, run_after=2026-05-08 00:00:00+00:00
[2026-05-08T18:23:01.635+0100] {processor.py:183} INFO - Processing /home/najma/airflow-venv/lib/python3.12/site-packages/airflow/example_dags/example_setup_teardown.py took 0.164 seconds
[2026-05-08T18:24:06.049+0100] {processor.py:161} INFO - Started process (PID=12260) to work on /home/najma/airflow-venv/lib/python3.12/site-packages/airflow/example_dags/example_setup_teardown.py
[2026-05-08T18:24:06.051+0100] {processor.py:830} INFO - Processing file /home/najma/airflow-venv/lib/python3.12/site-packages/airflow/example_dags/example_setup_teardown.py for tasks to queue
[2026-05-08T18:24:06.053+0100] {logging_mixin.py:188} INFO - [2026-05-08T18:24:06.052+0100] {dagbag.py:540} INFO - Filling up the DagBag from /home/najma/airflow-venv/lib/python3.12/site-packages/airflow/example_dags/example_setup_teardown.py
[2026-05-08T18:24:06.060+0100] {processor.py:840} INFO - DAG(s) 'example_setup_teardown' retrieved from /home/najma/airflow-venv/lib/python3.12/site-packages/airflow/example_dags/example_setup_teardown.py
[2026-05-08T18:24:06.092+0100] {logging_mixin.py:188} INFO - [2026-05-08T18:24:06.092+0100] {dag.py:3096} INFO - Sync 1 DAGs
[2026-05-08T18:24:06.118+0100] {logging_mixin.py:188} INFO - [2026-05-08T18:24:06.118+0100] {dag.py:3954} INFO - Setting next_dagrun for example_setup_teardown to 2026-05-07 00:00:00+00:00, run_after=2026-05-08 00:00:00+00:00
[2026-05-08T18:24:06.191+0100] {processor.py:183} INFO - Processing /home/najma/airflow-venv/lib/python3.12/site-packages/airflow/example_dags/example_setup_teardown.py took 0.147 seconds
[2026-05-08T18:25:19.132+0100] {processor.py:161} INFO - Started process (PID=12325) to work on /home/najma/airflow-venv/lib/python3.12/site-packages/airflow/example_dags/example_setup_teardown.py
[2026-05-08T18:25:19.136+0100] {processor.py:830} INFO - Processing file /home/najma/airflow-venv/lib/python3.12/site-packages/airflow/example_dags/example_setup_teardown.py for tasks to queue
[2026-05-08T18:25:19.138+0100] {logging_mixin.py:188} INFO - [2026-05-08T18:25:19.138+0100] {dagbag.py:540} INFO - Filling up the DagBag from /home/najma/airflow-venv/lib/python3.12/site-packages/airflow/example_dags/example_setup_teardown.py
[2026-05-08T18:25:19.151+0100] {processor.py:840} INFO - DAG(s) 'example_setup_teardown' retrieved from /home/najma/airflow-venv/lib/python3.12/site-packages/airflow/example_dags/example_setup_teardown.py
[2026-05-08T18:25:19.208+0100] {logging_mixin.py:188} INFO - [2026-05-08T18:25:19.207+0100] {dag.py:3096} INFO - Sync 1 DAGs
[2026-05-08T18:25:19.243+0100] {logging_mixin.py:188} INFO - [2026-05-08T18:25:19.243+0100] {dag.py:3954} INFO - Setting next_dagrun for example_setup_teardown to 2026-05-07 00:00:00+00:00, run_after=2026-05-08 00:00:00+00:00
[2026-05-08T18:25:19.326+0100] {processor.py:183} INFO - Processing /home/najma/airflow-venv/lib/python3.12/site-packages/airflow/example_dags/example_setup_teardown.py took 0.200 seconds
[2026-05-08T18:26:26.093+0100] {processor.py:161} INFO - Started process (PID=12391) to work on /home/najma/airflow-venv/lib/python3.12/site-packages/airflow/example_dags/example_setup_teardown.py
[2026-05-08T18:26:26.094+0100] {processor.py:830} INFO - Processing file /home/najma/airflow-venv/lib/python3.12/site-packages/airflow/example_dags/example_setup_teardown.py for tasks to queue
[2026-05-08T18:26:26.096+0100] {logging_mixin.py:188} INFO - [2026-05-08T18:26:26.095+0100] {dagbag.py:540} INFO - Filling up the DagBag from /home/najma/airflow-venv/lib/python3.12/site-packages/airflow/example_dags/example_setup_teardown.py
[2026-05-08T18:26:26.101+0100] {processor.py:840} INFO - DAG(s) 'example_setup_teardown' retrieved from /home/najma/airflow-venv/lib/python3.12/site-packages/airflow/example_dags/example_setup_teardown.py
[2026-05-08T18:26:26.135+0100] {logging_mixin.py:188} INFO - [2026-05-08T18:26:26.135+0100] {dag.py:3096} INFO - Sync 1 DAGs
[2026-05-08T18:26:26.168+0100] {logging_mixin.py:188} INFO - [2026-05-08T18:26:26.168+0100] {dag.py:3954} INFO - Setting next_dagrun for example_setup_teardown to 2026-05-07 00:00:00+00:00, run_after=2026-05-08 00:00:00+00:00
[2026-05-08T18:26:26.263+0100] {processor.py:183} INFO - Processing /home/najma/airflow-venv/lib/python3.12/site-packages/airflow/example_dags/example_setup_teardown.py took 0.174 seconds
[2026-05-08T18:27:52.932+0100] {processor.py:161} INFO - Started process (PID=12456) to work on /home/najma/airflow-venv/lib/python3.12/site-packages/airflow/example_dags/example_setup_teardown.py
[2026-05-08T18:27:52.935+0100] {processor.py:830} INFO - Processing file /home/najma/airflow-venv/lib/python3.12/site-packages/airflow/example_dags/example_setup_teardown.py for tasks to queue
[2026-05-08T18:27:52.937+0100] {logging_mixin.py:188} INFO - [2026-05-08T18:27:52.936+0100] {dagbag.py:540} INFO - Filling up the DagBag from /home/najma/airflow-venv/lib/python3.12/site-packages/airflow/example_dags/example_setup_teardown.py
[2026-05-08T18:27:52.949+0100] {processor.py:840} INFO - DAG(s) 'example_setup_teardown' retrieved from /home/najma/airflow-venv/lib/python3.12/site-packages/airflow/example_dags/example_setup_teardown.py
[2026-05-08T18:27:52.988+0100] {logging_mixin.py:188} INFO - [2026-05-08T18:27:52.988+0100] {dag.py:3096} INFO - Sync 1 DAGs
[2026-05-08T18:27:53.027+0100] {logging_mixin.py:188} INFO - [2026-05-08T18:27:53.027+0100] {dag.py:3954} INFO - Setting next_dagrun for example_setup_teardown to 2026-05-07 00:00:00+00:00, run_after=2026-05-08 00:00:00+00:00
[2026-05-08T18:27:53.106+0100] {processor.py:183} INFO - Processing /home/najma/airflow-venv/lib/python3.12/site-packages/airflow/example_dags/example_setup_teardown.py took 0.178 seconds
[2026-05-08T18:29:10.849+0100] {processor.py:161} INFO - Started process (PID=12515) to work on /home/najma/airflow-venv/lib/python3.12/site-packages/airflow/example_dags/example_setup_teardown.py
[2026-05-08T18:29:10.850+0100] {processor.py:830} INFO - Processing file /home/najma/airflow-venv/lib/python3.12/site-packages/airflow/example_dags/example_setup_teardown.py for tasks to queue
[2026-05-08T18:29:10.852+0100] {logging_mixin.py:188} INFO - [2026-05-08T18:29:10.852+0100] {dagbag.py:540} INFO - Filling up the DagBag from /home/najma/airflow-venv/lib/python3.12/site-packages/airflow/example_dags/example_setup_teardown.py
[2026-05-08T18:29:10.858+0100] {processor.py:840} INFO - DAG(s) 'example_setup_teardown' retrieved from /home/najma/airflow-venv/lib/python3.12/site-packages/airflow/example_dags/example_setup_teardown.py
[2026-05-08T18:29:10.887+0100] {logging_mixin.py:188} INFO - [2026-05-08T18:29:10.886+0100] {dag.py:3096} INFO - Sync 1 DAGs
[2026-05-08T18:29:10.911+0100] {logging_mixin.py:188} INFO - [2026-05-08T18:29:10.911+0100] {dag.py:3954} INFO - Setting next_dagrun for example_setup_teardown to 2026-05-07 00:00:00+00:00, run_after=2026-05-08 00:00:00+00:00
[2026-05-08T18:29:10.992+0100] {processor.py:183} INFO - Processing /home/najma/airflow-venv/lib/python3.12/site-packages/airflow/example_dags/example_setup_teardown.py took 0.147 seconds
[2026-05-08T18:30:26.319+0100] {processor.py:161} INFO - Started process (PID=12575) to work on /home/najma/airflow-venv/lib/python3.12/site-packages/airflow/example_dags/example_setup_teardown.py
[2026-05-08T18:30:26.321+0100] {processor.py:830} INFO - Processing file /home/najma/airflow-venv/lib/python3.12/site-packages/airflow/example_dags/example_setup_teardown.py for tasks to queue
[2026-05-08T18:30:26.323+0100] {logging_mixin.py:188} INFO - [2026-05-08T18:30:26.323+0100] {dagbag.py:540} INFO - Filling up the DagBag from /home/najma/airflow-venv/lib/python3.12/site-packages/airflow/example_dags/example_setup_teardown.py
[2026-05-08T18:30:26.329+0100] {processor.py:840} INFO - DAG(s) 'example_setup_teardown' retrieved from /home/najma/airflow-venv/lib/python3.12/site-packages/airflow/example_dags/example_setup_teardown.py
[2026-05-08T18:30:26.365+0100] {logging_mixin.py:188} INFO - [2026-05-08T18:30:26.364+0100] {dag.py:3096} INFO - Sync 1 DAGs
[2026-05-08T18:30:26.397+0100] {logging_mixin.py:188} INFO - [2026-05-08T18:30:26.397+0100] {dag.py:3954} INFO - Setting next_dagrun for example_setup_teardown to 2026-05-07 00:00:00+00:00, run_after=2026-05-08 00:00:00+00:00
[2026-05-08T18:30:26.514+0100] {processor.py:183} INFO - Processing /home/najma/airflow-venv/lib/python3.12/site-packages/airflow/example_dags/example_setup_teardown.py took 0.198 seconds
[2026-05-08T18:31:43.039+0100] {processor.py:161} INFO - Started process (PID=12635) to work on /home/najma/airflow-venv/lib/python3.12/site-packages/airflow/example_dags/example_setup_teardown.py
[2026-05-08T18:31:43.041+0100] {processor.py:830} INFO - Processing file /home/najma/airflow-venv/lib/python3.12/site-packages/airflow/example_dags/example_setup_teardown.py for tasks to queue
[2026-05-08T18:31:43.044+0100] {logging_mixin.py:188} INFO - [2026-05-08T18:31:43.043+0100] {dagbag.py:540} INFO - Filling up the DagBag from /home/najma/airflow-venv/lib/python3.12/site-packages/airflow/example_dags/example_setup_teardown.py
[2026-05-08T18:31:43.051+0100] {processor.py:840} INFO - DAG(s) 'example_setup_teardown' retrieved from /home/najma/airflow-venv/lib/python3.12/site-packages/airflow/example_dags/example_setup_teardown.py
[2026-05-08T18:31:43.088+0100] {logging_mixin.py:188} INFO - [2026-05-08T18:31:43.088+0100] {dag.py:3096} INFO - Sync 1 DAGs
[2026-05-08T18:31:43.115+0100] {logging_mixin.py:188} INFO - [2026-05-08T18:31:43.115+0100] {dag.py:3954} INFO - Setting next_dagrun for example_setup_teardown to 2026-05-07 00:00:00+00:00, run_after=2026-05-08 00:00:00+00:00
[2026-05-08T18:31:43.208+0100] {processor.py:183} INFO - Processing /home/najma/airflow-venv/lib/python3.12/site-packages/airflow/example_dags/example_setup_teardown.py took 0.176 seconds
[2026-05-08T18:33:00.923+0100] {processor.py:161} INFO - Started process (PID=12693) to work on /home/najma/airflow-venv/lib/python3.12/site-packages/airflow/example_dags/example_setup_teardown.py
[2026-05-08T18:33:00.924+0100] {processor.py:830} INFO - Processing file /home/najma/airflow-venv/lib/python3.12/site-packages/airflow/example_dags/example_setup_teardown.py for tasks to queue
[2026-05-08T18:33:00.926+0100] {logging_mixin.py:188} INFO - [2026-05-08T18:33:00.926+0100] {dagbag.py:540} INFO - Filling up the DagBag from /home/najma/airflow-venv/lib/python3.12/site-packages/airflow/example_dags/example_setup_teardown.py
[2026-05-08T18:33:00.938+0100] {processor.py:840} INFO - DAG(s) 'example_setup_teardown' retrieved from /home/najma/airflow-venv/lib/python3.12/site-packages/airflow/example_dags/example_setup_teardown.py
[2026-05-08T18:33:00.976+0100] {logging_mixin.py:188} INFO - [2026-05-08T18:33:00.976+0100] {dag.py:3096} INFO - Sync 1 DAGs
[2026-05-08T18:33:01.008+0100] {logging_mixin.py:188} INFO - [2026-05-08T18:33:01.008+0100] {dag.py:3954} INFO - Setting next_dagrun for example_setup_teardown to 2026-05-07 00:00:00+00:00, run_after=2026-05-08 00:00:00+00:00
[2026-05-08T18:33:01.126+0100] {processor.py:183} INFO - Processing /home/najma/airflow-venv/lib/python3.12/site-packages/airflow/example_dags/example_setup_teardown.py took 0.207 seconds
[2026-05-08T18:34:17.121+0100] {processor.py:161} INFO - Started process (PID=12757) to work on /home/najma/airflow-venv/lib/python3.12/site-packages/airflow/example_dags/example_setup_teardown.py
[2026-05-08T18:34:17.122+0100] {processor.py:830} INFO - Processing file /home/najma/airflow-venv/lib/python3.12/site-packages/airflow/example_dags/example_setup_teardown.py for tasks to queue
[2026-05-08T18:34:17.124+0100] {logging_mixin.py:188} INFO - [2026-05-08T18:34:17.124+0100] {dagbag.py:540} INFO - Filling up the DagBag from /home/najma/airflow-venv/lib/python3.12/site-packages/airflow/example_dags/example_setup_teardown.py
[2026-05-08T18:34:17.130+0100] {processor.py:840} INFO - DAG(s) 'example_setup_teardown' retrieved from /home/najma/airflow-venv/lib/python3.12/site-packages/airflow/example_dags/example_setup_teardown.py
[2026-05-08T18:34:17.161+0100] {logging_mixin.py:188} INFO - [2026-05-08T18:34:17.161+0100] {dag.py:3096} INFO - Sync 1 DAGs
[2026-05-08T18:34:17.187+0100] {logging_mixin.py:188} INFO - [2026-05-08T18:34:17.187+0100] {dag.py:3954} INFO - Setting next_dagrun for example_setup_teardown to 2026-05-07 00:00:00+00:00, run_after=2026-05-08 00:00:00+00:00
[2026-05-08T18:34:17.300+0100] {processor.py:183} INFO - Processing /home/najma/airflow-venv/lib/python3.12/site-packages/airflow/example_dags/example_setup_teardown.py took 0.183 seconds
[2026-05-08T18:35:22.015+0100] {processor.py:161} INFO - Started process (PID=12831) to work on /home/najma/airflow-venv/lib/python3.12/site-packages/airflow/example_dags/example_setup_teardown.py
[2026-05-08T18:35:22.016+0100] {processor.py:830} INFO - Processing file /home/najma/airflow-venv/lib/python3.12/site-packages/airflow/example_dags/example_setup_teardown.py for tasks to queue
[2026-05-08T18:35:22.017+0100] {logging_mixin.py:188} INFO - [2026-05-08T18:35:22.017+0100] {dagbag.py:540} INFO - Filling up the DagBag from /home/najma/airflow-venv/lib/python3.12/site-packages/airflow/example_dags/example_setup_teardown.py
[2026-05-08T18:35:22.023+0100] {processor.py:840} INFO - DAG(s) 'example_setup_teardown' retrieved from /home/najma/airflow-venv/lib/python3.12/site-packages/airflow/example_dags/example_setup_teardown.py
[2026-05-08T18:35:22.048+0100] {logging_mixin.py:188} INFO - [2026-05-08T18:35:22.048+0100] {dag.py:3096} INFO - Sync 1 DAGs
[2026-05-08T18:35:22.073+0100] {logging_mixin.py:188} INFO - [2026-05-08T18:35:22.073+0100] {dag.py:3954} INFO - Setting next_dagrun for example_setup_teardown to 2026-05-07 00:00:00+00:00, run_after=2026-05-08 00:00:00+00:00
[2026-05-08T18:35:22.152+0100] {processor.py:183} INFO - Processing /home/najma/airflow-venv/lib/python3.12/site-packages/airflow/example_dags/example_setup_teardown.py took 0.141 seconds
[2026-05-08T18:36:34.853+0100] {processor.py:161} INFO - Started process (PID=12891) to work on /home/najma/airflow-venv/lib/python3.12/site-packages/airflow/example_dags/example_setup_teardown.py
[2026-05-08T18:36:34.855+0100] {processor.py:830} INFO - Processing file /home/najma/airflow-venv/lib/python3.12/site-packages/airflow/example_dags/example_setup_teardown.py for tasks to queue
[2026-05-08T18:36:34.856+0100] {logging_mixin.py:188} INFO - [2026-05-08T18:36:34.856+0100] {dagbag.py:540} INFO - Filling up the DagBag from /home/najma/airflow-venv/lib/python3.12/site-packages/airflow/example_dags/example_setup_teardown.py
[2026-05-08T18:36:34.862+0100] {processor.py:840} INFO - DAG(s) 'example_setup_teardown' retrieved from /home/najma/airflow-venv/lib/python3.12/site-packages/airflow/example_dags/example_setup_teardown.py
[2026-05-08T18:36:34.895+0100] {logging_mixin.py:188} INFO - [2026-05-08T18:36:34.895+0100] {dag.py:3096} INFO - Sync 1 DAGs
[2026-05-08T18:36:34.924+0100] {logging_mixin.py:188} INFO - [2026-05-08T18:36:34.924+0100] {dag.py:3954} INFO - Setting next_dagrun for example_setup_teardown to 2026-05-07 00:00:00+00:00, run_after=2026-05-08 00:00:00+00:00
[2026-05-08T18:36:35.012+0100] {processor.py:183} INFO - Processing /home/najma/airflow-venv/lib/python3.12/site-packages/airflow/example_dags/example_setup_teardown.py took 0.163 seconds
[2026-05-08T18:37:51.546+0100] {processor.py:161} INFO - Started process (PID=12953) to work on /home/najma/airflow-venv/lib/python3.12/site-packages/airflow/example_dags/example_setup_teardown.py
[2026-05-08T18:37:51.548+0100] {processor.py:830} INFO - Processing file /home/najma/airflow-venv/lib/python3.12/site-packages/airflow/example_dags/example_setup_teardown.py for tasks to queue
[2026-05-08T18:37:51.549+0100] {logging_mixin.py:188} INFO - [2026-05-08T18:37:51.549+0100] {dagbag.py:540} INFO - Filling up the DagBag from /home/najma/airflow-venv/lib/python3.12/site-packages/airflow/example_dags/example_setup_teardown.py
[2026-05-08T18:37:51.563+0100] {processor.py:840} INFO - DAG(s) 'example_setup_teardown' retrieved from /home/najma/airflow-venv/lib/python3.12/site-packages/airflow/example_dags/example_setup_teardown.py
[2026-05-08T18:37:51.595+0100] {logging_mixin.py:188} INFO - [2026-05-08T18:37:51.595+0100] {dag.py:3096} INFO - Sync 1 DAGs
[2026-05-08T18:37:51.662+0100] {logging_mixin.py:188} INFO - [2026-05-08T18:37:51.662+0100] {dag.py:3954} INFO - Setting next_dagrun for example_setup_teardown to 2026-05-07 00:00:00+00:00, run_after=2026-05-08 00:00:00+00:00
[2026-05-08T18:37:51.789+0100] {processor.py:183} INFO - Processing /home/najma/airflow-venv/lib/python3.12/site-packages/airflow/example_dags/example_setup_teardown.py took 0.248 seconds
[2026-05-08T18:39:09.793+0100] {processor.py:161} INFO - Started process (PID=13019) to work on /home/najma/airflow-venv/lib/python3.12/site-packages/airflow/example_dags/example_setup_teardown.py
[2026-05-08T18:39:09.794+0100] {processor.py:830} INFO - Processing file /home/najma/airflow-venv/lib/python3.12/site-packages/airflow/example_dags/example_setup_teardown.py for tasks to queue
[2026-05-08T18:39:09.795+0100] {logging_mixin.py:188} INFO - [2026-05-08T18:39:09.795+0100] {dagbag.py:540} INFO - Filling up the DagBag from /home/najma/airflow-venv/lib/python3.12/site-packages/airflow/example_dags/example_setup_teardown.py
[2026-05-08T18:39:09.801+0100] {processor.py:840} INFO - DAG(s) 'example_setup_teardown' retrieved from /home/najma/airflow-venv/lib/python3.12/site-packages/airflow/example_dags/example_setup_teardown.py
[2026-05-08T18:39:09.830+0100] {logging_mixin.py:188} INFO - [2026-05-08T18:39:09.830+0100] {dag.py:3096} INFO - Sync 1 DAGs
[2026-05-08T18:39:09.859+0100] {logging_mixin.py:188} INFO - [2026-05-08T18:39:09.859+0100] {dag.py:3954} INFO - Setting next_dagrun for example_setup_teardown to 2026-05-07 00:00:00+00:00, run_after=2026-05-08 00:00:00+00:00
[2026-05-08T18:39:09.952+0100] {processor.py:183} INFO - Processing /home/najma/airflow-venv/lib/python3.12/site-packages/airflow/example_dags/example_setup_teardown.py took 0.164 seconds
