[2026-05-08T16:43:23.733+0100] {processor.py:161} INFO - Started process (PID=9563) to work on /home/najma/airflow-venv/lib/python3.12/site-packages/airflow/example_dags/example_branch_datetime_operator.py
[2026-05-08T16:43:23.734+0100] {processor.py:830} INFO - Processing file /home/najma/airflow-venv/lib/python3.12/site-packages/airflow/example_dags/example_branch_datetime_operator.py for tasks to queue
[2026-05-08T16:43:23.736+0100] {logging_mixin.py:188} INFO - [2026-05-08T16:43:23.736+0100] {dagbag.py:540} INFO - Filling up the DagBag from /home/najma/airflow-venv/lib/python3.12/site-packages/airflow/example_dags/example_branch_datetime_operator.py
[2026-05-08T16:43:23.748+0100] {processor.py:840} INFO - DAG(s) 'example_branch_datetime_operator_3', 'example_branch_datetime_operator_2', 'example_branch_datetime_operator' retrieved from /home/najma/airflow-venv/lib/python3.12/site-packages/airflow/example_dags/example_branch_datetime_operator.py
[2026-05-08T16:43:23.949+0100] {logging_mixin.py:188} INFO - [2026-05-08T16:43:23.948+0100] {override.py:1829} INFO - Created Permission View: can read on DAG:example_branch_datetime_operator_3
[2026-05-08T16:43:23.998+0100] {logging_mixin.py:188} INFO - [2026-05-08T16:43:23.998+0100] {override.py:1829} INFO - Created Permission View: can edit on DAG:example_branch_datetime_operator_3
[2026-05-08T16:43:24.043+0100] {logging_mixin.py:188} INFO - [2026-05-08T16:43:24.043+0100] {override.py:1829} INFO - Created Permission View: can delete on DAG:example_branch_datetime_operator_3
[2026-05-08T16:43:24.146+0100] {logging_mixin.py:188} INFO - [2026-05-08T16:43:24.146+0100] {override.py:1829} INFO - Created Permission View: can read on DAG:example_branch_datetime_operator_2
[2026-05-08T16:43:24.197+0100] {logging_mixin.py:188} INFO - [2026-05-08T16:43:24.196+0100] {override.py:1829} INFO - Created Permission View: can edit on DAG:example_branch_datetime_operator_2
[2026-05-08T16:43:24.248+0100] {logging_mixin.py:188} INFO - [2026-05-08T16:43:24.247+0100] {override.py:1829} INFO - Created Permission View: can delete on DAG:example_branch_datetime_operator_2
[2026-05-08T16:43:24.345+0100] {logging_mixin.py:188} INFO - [2026-05-08T16:43:24.344+0100] {override.py:1829} INFO - Created Permission View: can read on DAG:example_branch_datetime_operator
[2026-05-08T16:43:24.415+0100] {logging_mixin.py:188} INFO - [2026-05-08T16:43:24.414+0100] {override.py:1829} INFO - Created Permission View: can edit on DAG:example_branch_datetime_operator
[2026-05-08T16:43:24.478+0100] {logging_mixin.py:188} INFO - [2026-05-08T16:43:24.478+0100] {override.py:1829} INFO - Created Permission View: can delete on DAG:example_branch_datetime_operator
[2026-05-08T16:43:24.479+0100] {logging_mixin.py:188} INFO - [2026-05-08T16:43:24.479+0100] {dag.py:3096} INFO - Sync 3 DAGs
[2026-05-08T16:43:24.498+0100] {logging_mixin.py:188} INFO - [2026-05-08T16:43:24.498+0100] {dag.py:3118} INFO - Creating ORM DAG for example_branch_datetime_operator_2
[2026-05-08T16:43:24.499+0100] {logging_mixin.py:188} INFO - [2026-05-08T16:43:24.499+0100] {dag.py:3118} INFO - Creating ORM DAG for example_branch_datetime_operator_3
[2026-05-08T16:43:24.500+0100] {logging_mixin.py:188} INFO - [2026-05-08T16:43:24.499+0100] {dag.py:3118} INFO - Creating ORM DAG for example_branch_datetime_operator
[2026-05-08T16:43:24.511+0100] {logging_mixin.py:188} INFO - [2026-05-08T16:43:24.511+0100] {dag.py:3954} INFO - Setting next_dagrun for example_branch_datetime_operator to 2026-05-07 00:00:00+00:00, run_after=2026-05-08 00:00:00+00:00
[2026-05-08T16:43:24.513+0100] {logging_mixin.py:188} INFO - [2026-05-08T16:43:24.513+0100] {dag.py:3954} INFO - Setting next_dagrun for example_branch_datetime_operator_2 to 2026-05-07 00:00:00+00:00, run_after=2026-05-08 00:00:00+00:00
[2026-05-08T16:43:24.515+0100] {logging_mixin.py:188} INFO - [2026-05-08T16:43:24.515+0100] {dag.py:3954} INFO - Setting next_dagrun for example_branch_datetime_operator_3 to 2026-05-07 00:00:00+00:00, run_after=2026-05-08 00:00:00+00:00
[2026-05-08T16:43:24.604+0100] {processor.py:183} INFO - Processing /home/najma/airflow-venv/lib/python3.12/site-packages/airflow/example_dags/example_branch_datetime_operator.py took 0.876 seconds
[2026-05-08T16:44:48.122+0100] {processor.py:161} INFO - Started process (PID=9635) to work on /home/najma/airflow-venv/lib/python3.12/site-packages/airflow/example_dags/example_branch_datetime_operator.py
[2026-05-08T16:44:48.126+0100] {processor.py:830} INFO - Processing file /home/najma/airflow-venv/lib/python3.12/site-packages/airflow/example_dags/example_branch_datetime_operator.py for tasks to queue
[2026-05-08T16:44:48.130+0100] {logging_mixin.py:188} INFO - [2026-05-08T16:44:48.130+0100] {dagbag.py:540} INFO - Filling up the DagBag from /home/najma/airflow-venv/lib/python3.12/site-packages/airflow/example_dags/example_branch_datetime_operator.py
[2026-05-08T16:44:48.157+0100] {processor.py:840} INFO - DAG(s) 'example_branch_datetime_operator_2', 'example_branch_datetime_operator_3', 'example_branch_datetime_operator' retrieved from /home/najma/airflow-venv/lib/python3.12/site-packages/airflow/example_dags/example_branch_datetime_operator.py
[2026-05-08T16:44:48.631+0100] {logging_mixin.py:188} INFO - [2026-05-08T16:44:48.630+0100] {dag.py:3096} INFO - Sync 3 DAGs
[2026-05-08T16:44:49.155+0100] {logging_mixin.py:188} INFO - [2026-05-08T16:44:49.155+0100] {dag.py:3954} INFO - Setting next_dagrun for example_branch_datetime_operator to 2026-05-07 00:00:00+00:00, run_after=2026-05-08 00:00:00+00:00
[2026-05-08T16:44:49.217+0100] {logging_mixin.py:188} INFO - [2026-05-08T16:44:49.216+0100] {dag.py:3954} INFO - Setting next_dagrun for example_branch_datetime_operator_2 to 2026-05-07 00:00:00+00:00, run_after=2026-05-08 00:00:00+00:00
[2026-05-08T16:44:49.223+0100] {logging_mixin.py:188} INFO - [2026-05-08T16:44:49.223+0100] {dag.py:3954} INFO - Setting next_dagrun for example_branch_datetime_operator_3 to 2026-05-07 00:00:00+00:00, run_after=2026-05-08 00:00:00+00:00
[2026-05-08T16:44:50.394+0100] {processor.py:183} INFO - Processing /home/najma/airflow-venv/lib/python3.12/site-packages/airflow/example_dags/example_branch_datetime_operator.py took 2.295 seconds
[2026-05-08T16:46:13.581+0100] {processor.py:161} INFO - Started process (PID=9715) to work on /home/najma/airflow-venv/lib/python3.12/site-packages/airflow/example_dags/example_branch_datetime_operator.py
[2026-05-08T16:46:13.583+0100] {processor.py:830} INFO - Processing file /home/najma/airflow-venv/lib/python3.12/site-packages/airflow/example_dags/example_branch_datetime_operator.py for tasks to queue
[2026-05-08T16:46:13.585+0100] {logging_mixin.py:188} INFO - [2026-05-08T16:46:13.584+0100] {dagbag.py:540} INFO - Filling up the DagBag from /home/najma/airflow-venv/lib/python3.12/site-packages/airflow/example_dags/example_branch_datetime_operator.py
[2026-05-08T16:46:13.597+0100] {processor.py:840} INFO - DAG(s) 'example_branch_datetime_operator', 'example_branch_datetime_operator_2', 'example_branch_datetime_operator_3' retrieved from /home/najma/airflow-venv/lib/python3.12/site-packages/airflow/example_dags/example_branch_datetime_operator.py
[2026-05-08T16:46:13.643+0100] {logging_mixin.py:188} INFO - [2026-05-08T16:46:13.642+0100] {dag.py:3096} INFO - Sync 3 DAGs
[2026-05-08T16:46:13.667+0100] {logging_mixin.py:188} INFO - [2026-05-08T16:46:13.667+0100] {dag.py:3954} INFO - Setting next_dagrun for example_branch_datetime_operator to 2026-05-07 00:00:00+00:00, run_after=2026-05-08 00:00:00+00:00
[2026-05-08T16:46:13.674+0100] {logging_mixin.py:188} INFO - [2026-05-08T16:46:13.674+0100] {dag.py:3954} INFO - Setting next_dagrun for example_branch_datetime_operator_2 to 2026-05-07 00:00:00+00:00, run_after=2026-05-08 00:00:00+00:00
[2026-05-08T16:46:13.678+0100] {logging_mixin.py:188} INFO - [2026-05-08T16:46:13.678+0100] {dag.py:3954} INFO - Setting next_dagrun for example_branch_datetime_operator_3 to 2026-05-07 00:00:00+00:00, run_after=2026-05-08 00:00:00+00:00
[2026-05-08T16:46:13.751+0100] {processor.py:183} INFO - Processing /home/najma/airflow-venv/lib/python3.12/site-packages/airflow/example_dags/example_branch_datetime_operator.py took 0.173 seconds
[2026-05-08T16:47:32.647+0100] {processor.py:161} INFO - Started process (PID=9784) to work on /home/najma/airflow-venv/lib/python3.12/site-packages/airflow/example_dags/example_branch_datetime_operator.py
[2026-05-08T16:47:32.648+0100] {processor.py:830} INFO - Processing file /home/najma/airflow-venv/lib/python3.12/site-packages/airflow/example_dags/example_branch_datetime_operator.py for tasks to queue
[2026-05-08T16:47:32.650+0100] {logging_mixin.py:188} INFO - [2026-05-08T16:47:32.650+0100] {dagbag.py:540} INFO - Filling up the DagBag from /home/najma/airflow-venv/lib/python3.12/site-packages/airflow/example_dags/example_branch_datetime_operator.py
[2026-05-08T16:47:32.658+0100] {processor.py:840} INFO - DAG(s) 'example_branch_datetime_operator', 'example_branch_datetime_operator_2', 'example_branch_datetime_operator_3' retrieved from /home/najma/airflow-venv/lib/python3.12/site-packages/airflow/example_dags/example_branch_datetime_operator.py
[2026-05-08T16:47:32.699+0100] {logging_mixin.py:188} INFO - [2026-05-08T16:47:32.699+0100] {dag.py:3096} INFO - Sync 3 DAGs
[2026-05-08T16:47:32.730+0100] {logging_mixin.py:188} INFO - [2026-05-08T16:47:32.730+0100] {dag.py:3954} INFO - Setting next_dagrun for example_branch_datetime_operator to 2026-05-07 00:00:00+00:00, run_after=2026-05-08 00:00:00+00:00
[2026-05-08T16:47:32.737+0100] {logging_mixin.py:188} INFO - [2026-05-08T16:47:32.737+0100] {dag.py:3954} INFO - Setting next_dagrun for example_branch_datetime_operator_2 to 2026-05-07 00:00:00+00:00, run_after=2026-05-08 00:00:00+00:00
[2026-05-08T16:47:32.741+0100] {logging_mixin.py:188} INFO - [2026-05-08T16:47:32.741+0100] {dag.py:3954} INFO - Setting next_dagrun for example_branch_datetime_operator_3 to 2026-05-07 00:00:00+00:00, run_after=2026-05-08 00:00:00+00:00
[2026-05-08T16:47:32.832+0100] {processor.py:183} INFO - Processing /home/najma/airflow-venv/lib/python3.12/site-packages/airflow/example_dags/example_branch_datetime_operator.py took 0.189 seconds
[2026-05-08T16:48:43.163+0100] {processor.py:161} INFO - Started process (PID=9850) to work on /home/najma/airflow-venv/lib/python3.12/site-packages/airflow/example_dags/example_branch_datetime_operator.py
[2026-05-08T16:48:43.164+0100] {processor.py:830} INFO - Processing file /home/najma/airflow-venv/lib/python3.12/site-packages/airflow/example_dags/example_branch_datetime_operator.py for tasks to queue
[2026-05-08T16:48:43.166+0100] {logging_mixin.py:188} INFO - [2026-05-08T16:48:43.166+0100] {dagbag.py:540} INFO - Filling up the DagBag from /home/najma/airflow-venv/lib/python3.12/site-packages/airflow/example_dags/example_branch_datetime_operator.py
[2026-05-08T16:48:43.180+0100] {processor.py:840} INFO - DAG(s) 'example_branch_datetime_operator_2', 'example_branch_datetime_operator', 'example_branch_datetime_operator_3' retrieved from /home/najma/airflow-venv/lib/python3.12/site-packages/airflow/example_dags/example_branch_datetime_operator.py
[2026-05-08T16:48:43.224+0100] {logging_mixin.py:188} INFO - [2026-05-08T16:48:43.223+0100] {dag.py:3096} INFO - Sync 3 DAGs
[2026-05-08T16:48:43.253+0100] {logging_mixin.py:188} INFO - [2026-05-08T16:48:43.253+0100] {dag.py:3954} INFO - Setting next_dagrun for example_branch_datetime_operator to 2026-05-07 00:00:00+00:00, run_after=2026-05-08 00:00:00+00:00
[2026-05-08T16:48:43.260+0100] {logging_mixin.py:188} INFO - [2026-05-08T16:48:43.260+0100] {dag.py:3954} INFO - Setting next_dagrun for example_branch_datetime_operator_2 to 2026-05-07 00:00:00+00:00, run_after=2026-05-08 00:00:00+00:00
[2026-05-08T16:48:43.265+0100] {logging_mixin.py:188} INFO - [2026-05-08T16:48:43.265+0100] {dag.py:3954} INFO - Setting next_dagrun for example_branch_datetime_operator_3 to 2026-05-07 00:00:00+00:00, run_after=2026-05-08 00:00:00+00:00
[2026-05-08T16:48:43.359+0100] {processor.py:183} INFO - Processing /home/najma/airflow-venv/lib/python3.12/site-packages/airflow/example_dags/example_branch_datetime_operator.py took 0.200 seconds
[2026-05-08T17:45:56.344+0100] {processor.py:161} INFO - Started process (PID=10268) to work on /home/najma/airflow-venv/lib/python3.12/site-packages/airflow/example_dags/example_branch_datetime_operator.py
[2026-05-08T17:45:56.346+0100] {processor.py:830} INFO - Processing file /home/najma/airflow-venv/lib/python3.12/site-packages/airflow/example_dags/example_branch_datetime_operator.py for tasks to queue
[2026-05-08T17:45:56.348+0100] {logging_mixin.py:188} INFO - [2026-05-08T17:45:56.347+0100] {dagbag.py:540} INFO - Filling up the DagBag from /home/najma/airflow-venv/lib/python3.12/site-packages/airflow/example_dags/example_branch_datetime_operator.py
[2026-05-08T17:45:56.359+0100] {processor.py:840} INFO - DAG(s) 'example_branch_datetime_operator_2', 'example_branch_datetime_operator_3', 'example_branch_datetime_operator' retrieved from /home/najma/airflow-venv/lib/python3.12/site-packages/airflow/example_dags/example_branch_datetime_operator.py
[2026-05-08T17:45:56.402+0100] {logging_mixin.py:188} INFO - [2026-05-08T17:45:56.402+0100] {dag.py:3096} INFO - Sync 3 DAGs
[2026-05-08T17:45:56.430+0100] {logging_mixin.py:188} INFO - [2026-05-08T17:45:56.430+0100] {dag.py:3954} INFO - Setting next_dagrun for example_branch_datetime_operator to 2026-05-07 00:00:00+00:00, run_after=2026-05-08 00:00:00+00:00
[2026-05-08T17:45:56.437+0100] {logging_mixin.py:188} INFO - [2026-05-08T17:45:56.437+0100] {dag.py:3954} INFO - Setting next_dagrun for example_branch_datetime_operator_2 to 2026-05-07 00:00:00+00:00, run_after=2026-05-08 00:00:00+00:00
[2026-05-08T17:45:56.443+0100] {logging_mixin.py:188} INFO - [2026-05-08T17:45:56.442+0100] {dag.py:3954} INFO - Setting next_dagrun for example_branch_datetime_operator_3 to 2026-05-07 00:00:00+00:00, run_after=2026-05-08 00:00:00+00:00
[2026-05-08T17:45:56.537+0100] {processor.py:183} INFO - Processing /home/najma/airflow-venv/lib/python3.12/site-packages/airflow/example_dags/example_branch_datetime_operator.py took 0.197 seconds
[2026-05-08T17:47:20.536+0100] {processor.py:161} INFO - Started process (PID=10343) to work on /home/najma/airflow-venv/lib/python3.12/site-packages/airflow/example_dags/example_branch_datetime_operator.py
[2026-05-08T17:47:20.537+0100] {processor.py:830} INFO - Processing file /home/najma/airflow-venv/lib/python3.12/site-packages/airflow/example_dags/example_branch_datetime_operator.py for tasks to queue
[2026-05-08T17:47:20.539+0100] {logging_mixin.py:188} INFO - [2026-05-08T17:47:20.538+0100] {dagbag.py:540} INFO - Filling up the DagBag from /home/najma/airflow-venv/lib/python3.12/site-packages/airflow/example_dags/example_branch_datetime_operator.py
[2026-05-08T17:47:20.546+0100] {processor.py:840} INFO - DAG(s) 'example_branch_datetime_operator_2', 'example_branch_datetime_operator_3', 'example_branch_datetime_operator' retrieved from /home/najma/airflow-venv/lib/python3.12/site-packages/airflow/example_dags/example_branch_datetime_operator.py
[2026-05-08T17:47:20.594+0100] {logging_mixin.py:188} INFO - [2026-05-08T17:47:20.594+0100] {dag.py:3096} INFO - Sync 3 DAGs
[2026-05-08T17:47:20.623+0100] {logging_mixin.py:188} INFO - [2026-05-08T17:47:20.623+0100] {dag.py:3954} INFO - Setting next_dagrun for example_branch_datetime_operator to 2026-05-07 00:00:00+00:00, run_after=2026-05-08 00:00:00+00:00
[2026-05-08T17:47:20.631+0100] {logging_mixin.py:188} INFO - [2026-05-08T17:47:20.630+0100] {dag.py:3954} INFO - Setting next_dagrun for example_branch_datetime_operator_2 to 2026-05-07 00:00:00+00:00, run_after=2026-05-08 00:00:00+00:00
[2026-05-08T17:47:20.635+0100] {logging_mixin.py:188} INFO - [2026-05-08T17:47:20.635+0100] {dag.py:3954} INFO - Setting next_dagrun for example_branch_datetime_operator_3 to 2026-05-07 00:00:00+00:00, run_after=2026-05-08 00:00:00+00:00
[2026-05-08T17:47:20.736+0100] {processor.py:183} INFO - Processing /home/najma/airflow-venv/lib/python3.12/site-packages/airflow/example_dags/example_branch_datetime_operator.py took 0.205 seconds
[2026-05-08T17:48:30.400+0100] {processor.py:161} INFO - Started process (PID=10404) to work on /home/najma/airflow-venv/lib/python3.12/site-packages/airflow/example_dags/example_branch_datetime_operator.py
[2026-05-08T17:48:30.401+0100] {processor.py:830} INFO - Processing file /home/najma/airflow-venv/lib/python3.12/site-packages/airflow/example_dags/example_branch_datetime_operator.py for tasks to queue
[2026-05-08T17:48:30.403+0100] {logging_mixin.py:188} INFO - [2026-05-08T17:48:30.402+0100] {dagbag.py:540} INFO - Filling up the DagBag from /home/najma/airflow-venv/lib/python3.12/site-packages/airflow/example_dags/example_branch_datetime_operator.py
[2026-05-08T17:48:30.412+0100] {processor.py:840} INFO - DAG(s) 'example_branch_datetime_operator_3', 'example_branch_datetime_operator', 'example_branch_datetime_operator_2' retrieved from /home/najma/airflow-venv/lib/python3.12/site-packages/airflow/example_dags/example_branch_datetime_operator.py
[2026-05-08T17:48:30.453+0100] {logging_mixin.py:188} INFO - [2026-05-08T17:48:30.452+0100] {dag.py:3096} INFO - Sync 3 DAGs
[2026-05-08T17:48:30.482+0100] {logging_mixin.py:188} INFO - [2026-05-08T17:48:30.481+0100] {dag.py:3954} INFO - Setting next_dagrun for example_branch_datetime_operator to 2026-05-07 00:00:00+00:00, run_after=2026-05-08 00:00:00+00:00
[2026-05-08T17:48:30.489+0100] {logging_mixin.py:188} INFO - [2026-05-08T17:48:30.489+0100] {dag.py:3954} INFO - Setting next_dagrun for example_branch_datetime_operator_2 to 2026-05-07 00:00:00+00:00, run_after=2026-05-08 00:00:00+00:00
[2026-05-08T17:48:30.494+0100] {logging_mixin.py:188} INFO - [2026-05-08T17:48:30.493+0100] {dag.py:3954} INFO - Setting next_dagrun for example_branch_datetime_operator_3 to 2026-05-07 00:00:00+00:00, run_after=2026-05-08 00:00:00+00:00
[2026-05-08T17:48:30.573+0100] {processor.py:183} INFO - Processing /home/najma/airflow-venv/lib/python3.12/site-packages/airflow/example_dags/example_branch_datetime_operator.py took 0.178 seconds
[2026-05-08T17:49:38.065+0100] {processor.py:161} INFO - Started process (PID=10463) to work on /home/najma/airflow-venv/lib/python3.12/site-packages/airflow/example_dags/example_branch_datetime_operator.py
[2026-05-08T17:49:38.066+0100] {processor.py:830} INFO - Processing file /home/najma/airflow-venv/lib/python3.12/site-packages/airflow/example_dags/example_branch_datetime_operator.py for tasks to queue
[2026-05-08T17:49:38.068+0100] {logging_mixin.py:188} INFO - [2026-05-08T17:49:38.068+0100] {dagbag.py:540} INFO - Filling up the DagBag from /home/najma/airflow-venv/lib/python3.12/site-packages/airflow/example_dags/example_branch_datetime_operator.py
[2026-05-08T17:49:38.076+0100] {processor.py:840} INFO - DAG(s) 'example_branch_datetime_operator_3', 'example_branch_datetime_operator', 'example_branch_datetime_operator_2' retrieved from /home/najma/airflow-venv/lib/python3.12/site-packages/airflow/example_dags/example_branch_datetime_operator.py
[2026-05-08T17:49:38.127+0100] {logging_mixin.py:188} INFO - [2026-05-08T17:49:38.126+0100] {dag.py:3096} INFO - Sync 3 DAGs
[2026-05-08T17:49:38.175+0100] {logging_mixin.py:188} INFO - [2026-05-08T17:49:38.174+0100] {dag.py:3954} INFO - Setting next_dagrun for example_branch_datetime_operator to 2026-05-07 00:00:00+00:00, run_after=2026-05-08 00:00:00+00:00
[2026-05-08T17:49:38.190+0100] {logging_mixin.py:188} INFO - [2026-05-08T17:49:38.190+0100] {dag.py:3954} INFO - Setting next_dagrun for example_branch_datetime_operator_2 to 2026-05-07 00:00:00+00:00, run_after=2026-05-08 00:00:00+00:00
[2026-05-08T17:49:38.196+0100] {logging_mixin.py:188} INFO - [2026-05-08T17:49:38.196+0100] {dag.py:3954} INFO - Setting next_dagrun for example_branch_datetime_operator_3 to 2026-05-07 00:00:00+00:00, run_after=2026-05-08 00:00:00+00:00
[2026-05-08T17:49:38.297+0100] {processor.py:183} INFO - Processing /home/najma/airflow-venv/lib/python3.12/site-packages/airflow/example_dags/example_branch_datetime_operator.py took 0.236 seconds
[2026-05-08T17:50:55.663+0100] {processor.py:161} INFO - Started process (PID=10528) to work on /home/najma/airflow-venv/lib/python3.12/site-packages/airflow/example_dags/example_branch_datetime_operator.py
[2026-05-08T17:50:55.664+0100] {processor.py:830} INFO - Processing file /home/najma/airflow-venv/lib/python3.12/site-packages/airflow/example_dags/example_branch_datetime_operator.py for tasks to queue
[2026-05-08T17:50:55.666+0100] {logging_mixin.py:188} INFO - [2026-05-08T17:50:55.666+0100] {dagbag.py:540} INFO - Filling up the DagBag from /home/najma/airflow-venv/lib/python3.12/site-packages/airflow/example_dags/example_branch_datetime_operator.py
[2026-05-08T17:50:55.675+0100] {processor.py:840} INFO - DAG(s) 'example_branch_datetime_operator', 'example_branch_datetime_operator_3', 'example_branch_datetime_operator_2' retrieved from /home/najma/airflow-venv/lib/python3.12/site-packages/airflow/example_dags/example_branch_datetime_operator.py
[2026-05-08T17:50:55.717+0100] {logging_mixin.py:188} INFO - [2026-05-08T17:50:55.716+0100] {dag.py:3096} INFO - Sync 3 DAGs
[2026-05-08T17:50:55.743+0100] {logging_mixin.py:188} INFO - [2026-05-08T17:50:55.743+0100] {dag.py:3954} INFO - Setting next_dagrun for example_branch_datetime_operator to 2026-05-07 00:00:00+00:00, run_after=2026-05-08 00:00:00+00:00
[2026-05-08T17:50:55.751+0100] {logging_mixin.py:188} INFO - [2026-05-08T17:50:55.750+0100] {dag.py:3954} INFO - Setting next_dagrun for example_branch_datetime_operator_2 to 2026-05-07 00:00:00+00:00, run_after=2026-05-08 00:00:00+00:00
[2026-05-08T17:50:55.755+0100] {logging_mixin.py:188} INFO - [2026-05-08T17:50:55.755+0100] {dag.py:3954} INFO - Setting next_dagrun for example_branch_datetime_operator_3 to 2026-05-07 00:00:00+00:00, run_after=2026-05-08 00:00:00+00:00
[2026-05-08T17:50:55.851+0100] {processor.py:183} INFO - Processing /home/najma/airflow-venv/lib/python3.12/site-packages/airflow/example_dags/example_branch_datetime_operator.py took 0.192 seconds
[2026-05-08T17:52:06.397+0100] {processor.py:161} INFO - Started process (PID=10587) to work on /home/najma/airflow-venv/lib/python3.12/site-packages/airflow/example_dags/example_branch_datetime_operator.py
[2026-05-08T17:52:06.405+0100] {processor.py:830} INFO - Processing file /home/najma/airflow-venv/lib/python3.12/site-packages/airflow/example_dags/example_branch_datetime_operator.py for tasks to queue
[2026-05-08T17:52:06.412+0100] {logging_mixin.py:188} INFO - [2026-05-08T17:52:06.412+0100] {dagbag.py:540} INFO - Filling up the DagBag from /home/najma/airflow-venv/lib/python3.12/site-packages/airflow/example_dags/example_branch_datetime_operator.py
[2026-05-08T17:52:06.436+0100] {processor.py:840} INFO - DAG(s) 'example_branch_datetime_operator_3', 'example_branch_datetime_operator', 'example_branch_datetime_operator_2' retrieved from /home/najma/airflow-venv/lib/python3.12/site-packages/airflow/example_dags/example_branch_datetime_operator.py
[2026-05-08T17:52:06.596+0100] {logging_mixin.py:188} INFO - [2026-05-08T17:52:06.596+0100] {dag.py:3096} INFO - Sync 3 DAGs
[2026-05-08T17:52:06.672+0100] {logging_mixin.py:188} INFO - [2026-05-08T17:52:06.671+0100] {dag.py:3954} INFO - Setting next_dagrun for example_branch_datetime_operator to 2026-05-07 00:00:00+00:00, run_after=2026-05-08 00:00:00+00:00
[2026-05-08T17:52:06.685+0100] {logging_mixin.py:188} INFO - [2026-05-08T17:52:06.685+0100] {dag.py:3954} INFO - Setting next_dagrun for example_branch_datetime_operator_2 to 2026-05-07 00:00:00+00:00, run_after=2026-05-08 00:00:00+00:00
[2026-05-08T17:52:06.695+0100] {logging_mixin.py:188} INFO - [2026-05-08T17:52:06.695+0100] {dag.py:3954} INFO - Setting next_dagrun for example_branch_datetime_operator_3 to 2026-05-07 00:00:00+00:00, run_after=2026-05-08 00:00:00+00:00
[2026-05-08T17:52:07.041+0100] {processor.py:183} INFO - Processing /home/najma/airflow-venv/lib/python3.12/site-packages/airflow/example_dags/example_branch_datetime_operator.py took 0.649 seconds
[2026-05-08T17:53:25.740+0100] {processor.py:161} INFO - Started process (PID=10674) to work on /home/najma/airflow-venv/lib/python3.12/site-packages/airflow/example_dags/example_branch_datetime_operator.py
[2026-05-08T17:53:25.742+0100] {processor.py:830} INFO - Processing file /home/najma/airflow-venv/lib/python3.12/site-packages/airflow/example_dags/example_branch_datetime_operator.py for tasks to queue
[2026-05-08T17:53:25.744+0100] {logging_mixin.py:188} INFO - [2026-05-08T17:53:25.743+0100] {dagbag.py:540} INFO - Filling up the DagBag from /home/najma/airflow-venv/lib/python3.12/site-packages/airflow/example_dags/example_branch_datetime_operator.py
[2026-05-08T17:53:25.753+0100] {processor.py:840} INFO - DAG(s) 'example_branch_datetime_operator_2', 'example_branch_datetime_operator_3', 'example_branch_datetime_operator' retrieved from /home/najma/airflow-venv/lib/python3.12/site-packages/airflow/example_dags/example_branch_datetime_operator.py
[2026-05-08T17:53:25.794+0100] {logging_mixin.py:188} INFO - [2026-05-08T17:53:25.794+0100] {dag.py:3096} INFO - Sync 3 DAGs
[2026-05-08T17:53:25.819+0100] {logging_mixin.py:188} INFO - [2026-05-08T17:53:25.819+0100] {dag.py:3954} INFO - Setting next_dagrun for example_branch_datetime_operator to 2026-05-07 00:00:00+00:00, run_after=2026-05-08 00:00:00+00:00
[2026-05-08T17:53:25.826+0100] {logging_mixin.py:188} INFO - [2026-05-08T17:53:25.826+0100] {dag.py:3954} INFO - Setting next_dagrun for example_branch_datetime_operator_2 to 2026-05-07 00:00:00+00:00, run_after=2026-05-08 00:00:00+00:00
[2026-05-08T17:53:25.830+0100] {logging_mixin.py:188} INFO - [2026-05-08T17:53:25.830+0100] {dag.py:3954} INFO - Setting next_dagrun for example_branch_datetime_operator_3 to 2026-05-07 00:00:00+00:00, run_after=2026-05-08 00:00:00+00:00
[2026-05-08T17:53:25.911+0100] {processor.py:183} INFO - Processing /home/najma/airflow-venv/lib/python3.12/site-packages/airflow/example_dags/example_branch_datetime_operator.py took 0.175 seconds
[2026-05-08T17:54:35.114+0100] {processor.py:161} INFO - Started process (PID=10746) to work on /home/najma/airflow-venv/lib/python3.12/site-packages/airflow/example_dags/example_branch_datetime_operator.py
[2026-05-08T17:54:35.115+0100] {processor.py:830} INFO - Processing file /home/najma/airflow-venv/lib/python3.12/site-packages/airflow/example_dags/example_branch_datetime_operator.py for tasks to queue
[2026-05-08T17:54:35.117+0100] {logging_mixin.py:188} INFO - [2026-05-08T17:54:35.116+0100] {dagbag.py:540} INFO - Filling up the DagBag from /home/najma/airflow-venv/lib/python3.12/site-packages/airflow/example_dags/example_branch_datetime_operator.py
[2026-05-08T17:54:35.125+0100] {processor.py:840} INFO - DAG(s) 'example_branch_datetime_operator_2', 'example_branch_datetime_operator_3', 'example_branch_datetime_operator' retrieved from /home/najma/airflow-venv/lib/python3.12/site-packages/airflow/example_dags/example_branch_datetime_operator.py
[2026-05-08T17:54:35.170+0100] {logging_mixin.py:188} INFO - [2026-05-08T17:54:35.170+0100] {dag.py:3096} INFO - Sync 3 DAGs
[2026-05-08T17:54:35.229+0100] {logging_mixin.py:188} INFO - [2026-05-08T17:54:35.228+0100] {dag.py:3954} INFO - Setting next_dagrun for example_branch_datetime_operator to 2026-05-07 00:00:00+00:00, run_after=2026-05-08 00:00:00+00:00
[2026-05-08T17:54:35.235+0100] {logging_mixin.py:188} INFO - [2026-05-08T17:54:35.235+0100] {dag.py:3954} INFO - Setting next_dagrun for example_branch_datetime_operator_2 to 2026-05-07 00:00:00+00:00, run_after=2026-05-08 00:00:00+00:00
[2026-05-08T17:54:35.240+0100] {logging_mixin.py:188} INFO - [2026-05-08T17:54:35.240+0100] {dag.py:3954} INFO - Setting next_dagrun for example_branch_datetime_operator_3 to 2026-05-07 00:00:00+00:00, run_after=2026-05-08 00:00:00+00:00
[2026-05-08T17:54:35.329+0100] {processor.py:183} INFO - Processing /home/najma/airflow-venv/lib/python3.12/site-packages/airflow/example_dags/example_branch_datetime_operator.py took 0.219 seconds
[2026-05-08T17:55:38.590+0100] {processor.py:161} INFO - Started process (PID=10803) to work on /home/najma/airflow-venv/lib/python3.12/site-packages/airflow/example_dags/example_branch_datetime_operator.py
[2026-05-08T17:55:38.592+0100] {processor.py:830} INFO - Processing file /home/najma/airflow-venv/lib/python3.12/site-packages/airflow/example_dags/example_branch_datetime_operator.py for tasks to queue
[2026-05-08T17:55:38.593+0100] {logging_mixin.py:188} INFO - [2026-05-08T17:55:38.593+0100] {dagbag.py:540} INFO - Filling up the DagBag from /home/najma/airflow-venv/lib/python3.12/site-packages/airflow/example_dags/example_branch_datetime_operator.py
[2026-05-08T17:55:38.601+0100] {processor.py:840} INFO - DAG(s) 'example_branch_datetime_operator', 'example_branch_datetime_operator_3', 'example_branch_datetime_operator_2' retrieved from /home/najma/airflow-venv/lib/python3.12/site-packages/airflow/example_dags/example_branch_datetime_operator.py
[2026-05-08T17:55:38.643+0100] {logging_mixin.py:188} INFO - [2026-05-08T17:55:38.642+0100] {dag.py:3096} INFO - Sync 3 DAGs
[2026-05-08T17:55:38.670+0100] {logging_mixin.py:188} INFO - [2026-05-08T17:55:38.669+0100] {dag.py:3954} INFO - Setting next_dagrun for example_branch_datetime_operator to 2026-05-07 00:00:00+00:00, run_after=2026-05-08 00:00:00+00:00
[2026-05-08T17:55:38.676+0100] {logging_mixin.py:188} INFO - [2026-05-08T17:55:38.676+0100] {dag.py:3954} INFO - Setting next_dagrun for example_branch_datetime_operator_2 to 2026-05-07 00:00:00+00:00, run_after=2026-05-08 00:00:00+00:00
[2026-05-08T17:55:38.681+0100] {logging_mixin.py:188} INFO - [2026-05-08T17:55:38.681+0100] {dag.py:3954} INFO - Setting next_dagrun for example_branch_datetime_operator_3 to 2026-05-07 00:00:00+00:00, run_after=2026-05-08 00:00:00+00:00
[2026-05-08T17:55:38.753+0100] {processor.py:183} INFO - Processing /home/najma/airflow-venv/lib/python3.12/site-packages/airflow/example_dags/example_branch_datetime_operator.py took 0.167 seconds
[2026-05-08T17:56:49.741+0100] {processor.py:161} INFO - Started process (PID=10866) to work on /home/najma/airflow-venv/lib/python3.12/site-packages/airflow/example_dags/example_branch_datetime_operator.py
[2026-05-08T17:56:49.742+0100] {processor.py:830} INFO - Processing file /home/najma/airflow-venv/lib/python3.12/site-packages/airflow/example_dags/example_branch_datetime_operator.py for tasks to queue
[2026-05-08T17:56:49.744+0100] {logging_mixin.py:188} INFO - [2026-05-08T17:56:49.744+0100] {dagbag.py:540} INFO - Filling up the DagBag from /home/najma/airflow-venv/lib/python3.12/site-packages/airflow/example_dags/example_branch_datetime_operator.py
[2026-05-08T17:56:49.753+0100] {processor.py:840} INFO - DAG(s) 'example_branch_datetime_operator_3', 'example_branch_datetime_operator', 'example_branch_datetime_operator_2' retrieved from /home/najma/airflow-venv/lib/python3.12/site-packages/airflow/example_dags/example_branch_datetime_operator.py
[2026-05-08T17:56:49.799+0100] {logging_mixin.py:188} INFO - [2026-05-08T17:56:49.799+0100] {dag.py:3096} INFO - Sync 3 DAGs
[2026-05-08T17:56:49.843+0100] {logging_mixin.py:188} INFO - [2026-05-08T17:56:49.843+0100] {dag.py:3954} INFO - Setting next_dagrun for example_branch_datetime_operator to 2026-05-07 00:00:00+00:00, run_after=2026-05-08 00:00:00+00:00
[2026-05-08T17:56:49.850+0100] {logging_mixin.py:188} INFO - [2026-05-08T17:56:49.850+0100] {dag.py:3954} INFO - Setting next_dagrun for example_branch_datetime_operator_2 to 2026-05-07 00:00:00+00:00, run_after=2026-05-08 00:00:00+00:00
[2026-05-08T17:56:49.854+0100] {logging_mixin.py:188} INFO - [2026-05-08T17:56:49.854+0100] {dag.py:3954} INFO - Setting next_dagrun for example_branch_datetime_operator_3 to 2026-05-07 00:00:00+00:00, run_after=2026-05-08 00:00:00+00:00
[2026-05-08T17:56:49.938+0100] {processor.py:183} INFO - Processing /home/najma/airflow-venv/lib/python3.12/site-packages/airflow/example_dags/example_branch_datetime_operator.py took 0.203 seconds
[2026-05-08T17:58:05.046+0100] {processor.py:161} INFO - Started process (PID=10927) to work on /home/najma/airflow-venv/lib/python3.12/site-packages/airflow/example_dags/example_branch_datetime_operator.py
[2026-05-08T17:58:05.048+0100] {processor.py:830} INFO - Processing file /home/najma/airflow-venv/lib/python3.12/site-packages/airflow/example_dags/example_branch_datetime_operator.py for tasks to queue
[2026-05-08T17:58:05.049+0100] {logging_mixin.py:188} INFO - [2026-05-08T17:58:05.049+0100] {dagbag.py:540} INFO - Filling up the DagBag from /home/najma/airflow-venv/lib/python3.12/site-packages/airflow/example_dags/example_branch_datetime_operator.py
[2026-05-08T17:58:05.057+0100] {processor.py:840} INFO - DAG(s) 'example_branch_datetime_operator_2', 'example_branch_datetime_operator_3', 'example_branch_datetime_operator' retrieved from /home/najma/airflow-venv/lib/python3.12/site-packages/airflow/example_dags/example_branch_datetime_operator.py
[2026-05-08T17:58:05.092+0100] {logging_mixin.py:188} INFO - [2026-05-08T17:58:05.091+0100] {dag.py:3096} INFO - Sync 3 DAGs
[2026-05-08T17:58:05.117+0100] {logging_mixin.py:188} INFO - [2026-05-08T17:58:05.117+0100] {dag.py:3954} INFO - Setting next_dagrun for example_branch_datetime_operator to 2026-05-07 00:00:00+00:00, run_after=2026-05-08 00:00:00+00:00
[2026-05-08T17:58:05.123+0100] {logging_mixin.py:188} INFO - [2026-05-08T17:58:05.123+0100] {dag.py:3954} INFO - Setting next_dagrun for example_branch_datetime_operator_2 to 2026-05-07 00:00:00+00:00, run_after=2026-05-08 00:00:00+00:00
[2026-05-08T17:58:05.128+0100] {logging_mixin.py:188} INFO - [2026-05-08T17:58:05.127+0100] {dag.py:3954} INFO - Setting next_dagrun for example_branch_datetime_operator_3 to 2026-05-07 00:00:00+00:00, run_after=2026-05-08 00:00:00+00:00
[2026-05-08T17:58:05.200+0100] {processor.py:183} INFO - Processing /home/najma/airflow-venv/lib/python3.12/site-packages/airflow/example_dags/example_branch_datetime_operator.py took 0.158 seconds
[2026-05-08T17:59:12.018+0100] {processor.py:161} INFO - Started process (PID=10987) to work on /home/najma/airflow-venv/lib/python3.12/site-packages/airflow/example_dags/example_branch_datetime_operator.py
[2026-05-08T17:59:12.020+0100] {processor.py:830} INFO - Processing file /home/najma/airflow-venv/lib/python3.12/site-packages/airflow/example_dags/example_branch_datetime_operator.py for tasks to queue
[2026-05-08T17:59:12.021+0100] {logging_mixin.py:188} INFO - [2026-05-08T17:59:12.021+0100] {dagbag.py:540} INFO - Filling up the DagBag from /home/najma/airflow-venv/lib/python3.12/site-packages/airflow/example_dags/example_branch_datetime_operator.py
[2026-05-08T17:59:12.029+0100] {processor.py:840} INFO - DAG(s) 'example_branch_datetime_operator_3', 'example_branch_datetime_operator', 'example_branch_datetime_operator_2' retrieved from /home/najma/airflow-venv/lib/python3.12/site-packages/airflow/example_dags/example_branch_datetime_operator.py
[2026-05-08T17:59:12.069+0100] {logging_mixin.py:188} INFO - [2026-05-08T17:59:12.069+0100] {dag.py:3096} INFO - Sync 3 DAGs
[2026-05-08T17:59:12.096+0100] {logging_mixin.py:188} INFO - [2026-05-08T17:59:12.095+0100] {dag.py:3954} INFO - Setting next_dagrun for example_branch_datetime_operator to 2026-05-07 00:00:00+00:00, run_after=2026-05-08 00:00:00+00:00
[2026-05-08T17:59:12.102+0100] {logging_mixin.py:188} INFO - [2026-05-08T17:59:12.102+0100] {dag.py:3954} INFO - Setting next_dagrun for example_branch_datetime_operator_2 to 2026-05-07 00:00:00+00:00, run_after=2026-05-08 00:00:00+00:00
[2026-05-08T17:59:12.106+0100] {logging_mixin.py:188} INFO - [2026-05-08T17:59:12.106+0100] {dag.py:3954} INFO - Setting next_dagrun for example_branch_datetime_operator_3 to 2026-05-07 00:00:00+00:00, run_after=2026-05-08 00:00:00+00:00
[2026-05-08T17:59:12.186+0100] {processor.py:183} INFO - Processing /home/najma/airflow-venv/lib/python3.12/site-packages/airflow/example_dags/example_branch_datetime_operator.py took 0.172 seconds
[2026-05-08T18:00:20.848+0100] {processor.py:161} INFO - Started process (PID=11048) to work on /home/najma/airflow-venv/lib/python3.12/site-packages/airflow/example_dags/example_branch_datetime_operator.py
[2026-05-08T18:00:20.849+0100] {processor.py:830} INFO - Processing file /home/najma/airflow-venv/lib/python3.12/site-packages/airflow/example_dags/example_branch_datetime_operator.py for tasks to queue
[2026-05-08T18:00:20.851+0100] {logging_mixin.py:188} INFO - [2026-05-08T18:00:20.851+0100] {dagbag.py:540} INFO - Filling up the DagBag from /home/najma/airflow-venv/lib/python3.12/site-packages/airflow/example_dags/example_branch_datetime_operator.py
[2026-05-08T18:00:20.860+0100] {processor.py:840} INFO - DAG(s) 'example_branch_datetime_operator_2', 'example_branch_datetime_operator', 'example_branch_datetime_operator_3' retrieved from /home/najma/airflow-venv/lib/python3.12/site-packages/airflow/example_dags/example_branch_datetime_operator.py
[2026-05-08T18:00:20.901+0100] {logging_mixin.py:188} INFO - [2026-05-08T18:00:20.901+0100] {dag.py:3096} INFO - Sync 3 DAGs
[2026-05-08T18:00:20.932+0100] {logging_mixin.py:188} INFO - [2026-05-08T18:00:20.932+0100] {dag.py:3954} INFO - Setting next_dagrun for example_branch_datetime_operator to 2026-05-07 00:00:00+00:00, run_after=2026-05-08 00:00:00+00:00
[2026-05-08T18:00:20.939+0100] {logging_mixin.py:188} INFO - [2026-05-08T18:00:20.938+0100] {dag.py:3954} INFO - Setting next_dagrun for example_branch_datetime_operator_2 to 2026-05-07 00:00:00+00:00, run_after=2026-05-08 00:00:00+00:00
[2026-05-08T18:00:20.942+0100] {logging_mixin.py:188} INFO - [2026-05-08T18:00:20.942+0100] {dag.py:3954} INFO - Setting next_dagrun for example_branch_datetime_operator_3 to 2026-05-07 00:00:00+00:00, run_after=2026-05-08 00:00:00+00:00
[2026-05-08T18:00:21.025+0100] {processor.py:183} INFO - Processing /home/najma/airflow-venv/lib/python3.12/site-packages/airflow/example_dags/example_branch_datetime_operator.py took 0.181 seconds
[2026-05-08T18:01:28.224+0100] {processor.py:161} INFO - Started process (PID=11106) to work on /home/najma/airflow-venv/lib/python3.12/site-packages/airflow/example_dags/example_branch_datetime_operator.py
[2026-05-08T18:01:28.225+0100] {processor.py:830} INFO - Processing file /home/najma/airflow-venv/lib/python3.12/site-packages/airflow/example_dags/example_branch_datetime_operator.py for tasks to queue
[2026-05-08T18:01:28.227+0100] {logging_mixin.py:188} INFO - [2026-05-08T18:01:28.227+0100] {dagbag.py:540} INFO - Filling up the DagBag from /home/najma/airflow-venv/lib/python3.12/site-packages/airflow/example_dags/example_branch_datetime_operator.py
[2026-05-08T18:01:28.234+0100] {processor.py:840} INFO - DAG(s) 'example_branch_datetime_operator_3', 'example_branch_datetime_operator', 'example_branch_datetime_operator_2' retrieved from /home/najma/airflow-venv/lib/python3.12/site-packages/airflow/example_dags/example_branch_datetime_operator.py
[2026-05-08T18:01:28.274+0100] {logging_mixin.py:188} INFO - [2026-05-08T18:01:28.274+0100] {dag.py:3096} INFO - Sync 3 DAGs
[2026-05-08T18:01:28.300+0100] {logging_mixin.py:188} INFO - [2026-05-08T18:01:28.300+0100] {dag.py:3954} INFO - Setting next_dagrun for example_branch_datetime_operator to 2026-05-07 00:00:00+00:00, run_after=2026-05-08 00:00:00+00:00
[2026-05-08T18:01:28.308+0100] {logging_mixin.py:188} INFO - [2026-05-08T18:01:28.307+0100] {dag.py:3954} INFO - Setting next_dagrun for example_branch_datetime_operator_2 to 2026-05-07 00:00:00+00:00, run_after=2026-05-08 00:00:00+00:00
[2026-05-08T18:01:28.312+0100] {logging_mixin.py:188} INFO - [2026-05-08T18:01:28.312+0100] {dag.py:3954} INFO - Setting next_dagrun for example_branch_datetime_operator_3 to 2026-05-07 00:00:00+00:00, run_after=2026-05-08 00:00:00+00:00
[2026-05-08T18:01:28.400+0100] {processor.py:183} INFO - Processing /home/najma/airflow-venv/lib/python3.12/site-packages/airflow/example_dags/example_branch_datetime_operator.py took 0.179 seconds
[2026-05-08T18:02:30.656+0100] {processor.py:161} INFO - Started process (PID=11164) to work on /home/najma/airflow-venv/lib/python3.12/site-packages/airflow/example_dags/example_branch_datetime_operator.py
[2026-05-08T18:02:30.657+0100] {processor.py:830} INFO - Processing file /home/najma/airflow-venv/lib/python3.12/site-packages/airflow/example_dags/example_branch_datetime_operator.py for tasks to queue
[2026-05-08T18:02:30.658+0100] {logging_mixin.py:188} INFO - [2026-05-08T18:02:30.658+0100] {dagbag.py:540} INFO - Filling up the DagBag from /home/najma/airflow-venv/lib/python3.12/site-packages/airflow/example_dags/example_branch_datetime_operator.py
[2026-05-08T18:02:30.666+0100] {processor.py:840} INFO - DAG(s) 'example_branch_datetime_operator', 'example_branch_datetime_operator_3', 'example_branch_datetime_operator_2' retrieved from /home/najma/airflow-venv/lib/python3.12/site-packages/airflow/example_dags/example_branch_datetime_operator.py
[2026-05-08T18:02:30.710+0100] {logging_mixin.py:188} INFO - [2026-05-08T18:02:30.710+0100] {dag.py:3096} INFO - Sync 3 DAGs
[2026-05-08T18:02:30.738+0100] {logging_mixin.py:188} INFO - [2026-05-08T18:02:30.738+0100] {dag.py:3954} INFO - Setting next_dagrun for example_branch_datetime_operator to 2026-05-07 00:00:00+00:00, run_after=2026-05-08 00:00:00+00:00
[2026-05-08T18:02:30.747+0100] {logging_mixin.py:188} INFO - [2026-05-08T18:02:30.746+0100] {dag.py:3954} INFO - Setting next_dagrun for example_branch_datetime_operator_2 to 2026-05-07 00:00:00+00:00, run_after=2026-05-08 00:00:00+00:00
[2026-05-08T18:02:30.750+0100] {logging_mixin.py:188} INFO - [2026-05-08T18:02:30.750+0100] {dag.py:3954} INFO - Setting next_dagrun for example_branch_datetime_operator_3 to 2026-05-07 00:00:00+00:00, run_after=2026-05-08 00:00:00+00:00
[2026-05-08T18:02:30.841+0100] {processor.py:183} INFO - Processing /home/najma/airflow-venv/lib/python3.12/site-packages/airflow/example_dags/example_branch_datetime_operator.py took 0.189 seconds
[2026-05-08T18:03:38.017+0100] {processor.py:161} INFO - Started process (PID=11221) to work on /home/najma/airflow-venv/lib/python3.12/site-packages/airflow/example_dags/example_branch_datetime_operator.py
[2026-05-08T18:03:38.019+0100] {processor.py:830} INFO - Processing file /home/najma/airflow-venv/lib/python3.12/site-packages/airflow/example_dags/example_branch_datetime_operator.py for tasks to queue
[2026-05-08T18:03:38.020+0100] {logging_mixin.py:188} INFO - [2026-05-08T18:03:38.020+0100] {dagbag.py:540} INFO - Filling up the DagBag from /home/najma/airflow-venv/lib/python3.12/site-packages/airflow/example_dags/example_branch_datetime_operator.py
[2026-05-08T18:03:38.028+0100] {processor.py:840} INFO - DAG(s) 'example_branch_datetime_operator', 'example_branch_datetime_operator_3', 'example_branch_datetime_operator_2' retrieved from /home/najma/airflow-venv/lib/python3.12/site-packages/airflow/example_dags/example_branch_datetime_operator.py
[2026-05-08T18:03:38.069+0100] {logging_mixin.py:188} INFO - [2026-05-08T18:03:38.069+0100] {dag.py:3096} INFO - Sync 3 DAGs
[2026-05-08T18:03:38.099+0100] {logging_mixin.py:188} INFO - [2026-05-08T18:03:38.099+0100] {dag.py:3954} INFO - Setting next_dagrun for example_branch_datetime_operator to 2026-05-07 00:00:00+00:00, run_after=2026-05-08 00:00:00+00:00
[2026-05-08T18:03:38.105+0100] {logging_mixin.py:188} INFO - [2026-05-08T18:03:38.105+0100] {dag.py:3954} INFO - Setting next_dagrun for example_branch_datetime_operator_2 to 2026-05-07 00:00:00+00:00, run_after=2026-05-08 00:00:00+00:00
[2026-05-08T18:03:38.110+0100] {logging_mixin.py:188} INFO - [2026-05-08T18:03:38.109+0100] {dag.py:3954} INFO - Setting next_dagrun for example_branch_datetime_operator_3 to 2026-05-07 00:00:00+00:00, run_after=2026-05-08 00:00:00+00:00
[2026-05-08T18:03:38.207+0100] {processor.py:183} INFO - Processing /home/najma/airflow-venv/lib/python3.12/site-packages/airflow/example_dags/example_branch_datetime_operator.py took 0.193 seconds
[2026-05-08T18:04:47.219+0100] {processor.py:161} INFO - Started process (PID=11282) to work on /home/najma/airflow-venv/lib/python3.12/site-packages/airflow/example_dags/example_branch_datetime_operator.py
[2026-05-08T18:04:47.220+0100] {processor.py:830} INFO - Processing file /home/najma/airflow-venv/lib/python3.12/site-packages/airflow/example_dags/example_branch_datetime_operator.py for tasks to queue
[2026-05-08T18:04:47.222+0100] {logging_mixin.py:188} INFO - [2026-05-08T18:04:47.221+0100] {dagbag.py:540} INFO - Filling up the DagBag from /home/najma/airflow-venv/lib/python3.12/site-packages/airflow/example_dags/example_branch_datetime_operator.py
[2026-05-08T18:04:47.231+0100] {processor.py:840} INFO - DAG(s) 'example_branch_datetime_operator', 'example_branch_datetime_operator_2', 'example_branch_datetime_operator_3' retrieved from /home/najma/airflow-venv/lib/python3.12/site-packages/airflow/example_dags/example_branch_datetime_operator.py
[2026-05-08T18:04:47.270+0100] {logging_mixin.py:188} INFO - [2026-05-08T18:04:47.270+0100] {dag.py:3096} INFO - Sync 3 DAGs
[2026-05-08T18:04:47.303+0100] {logging_mixin.py:188} INFO - [2026-05-08T18:04:47.303+0100] {dag.py:3954} INFO - Setting next_dagrun for example_branch_datetime_operator to 2026-05-07 00:00:00+00:00, run_after=2026-05-08 00:00:00+00:00
[2026-05-08T18:04:47.315+0100] {logging_mixin.py:188} INFO - [2026-05-08T18:04:47.314+0100] {dag.py:3954} INFO - Setting next_dagrun for example_branch_datetime_operator_2 to 2026-05-07 00:00:00+00:00, run_after=2026-05-08 00:00:00+00:00
[2026-05-08T18:04:47.319+0100] {logging_mixin.py:188} INFO - [2026-05-08T18:04:47.319+0100] {dag.py:3954} INFO - Setting next_dagrun for example_branch_datetime_operator_3 to 2026-05-07 00:00:00+00:00, run_after=2026-05-08 00:00:00+00:00
[2026-05-08T18:04:47.408+0100] {processor.py:183} INFO - Processing /home/najma/airflow-venv/lib/python3.12/site-packages/airflow/example_dags/example_branch_datetime_operator.py took 0.193 seconds
[2026-05-08T18:05:56.339+0100] {processor.py:161} INFO - Started process (PID=11343) to work on /home/najma/airflow-venv/lib/python3.12/site-packages/airflow/example_dags/example_branch_datetime_operator.py
[2026-05-08T18:05:56.340+0100] {processor.py:830} INFO - Processing file /home/najma/airflow-venv/lib/python3.12/site-packages/airflow/example_dags/example_branch_datetime_operator.py for tasks to queue
[2026-05-08T18:05:56.342+0100] {logging_mixin.py:188} INFO - [2026-05-08T18:05:56.341+0100] {dagbag.py:540} INFO - Filling up the DagBag from /home/najma/airflow-venv/lib/python3.12/site-packages/airflow/example_dags/example_branch_datetime_operator.py
[2026-05-08T18:05:56.349+0100] {processor.py:840} INFO - DAG(s) 'example_branch_datetime_operator_2', 'example_branch_datetime_operator_3', 'example_branch_datetime_operator' retrieved from /home/najma/airflow-venv/lib/python3.12/site-packages/airflow/example_dags/example_branch_datetime_operator.py
[2026-05-08T18:05:56.386+0100] {logging_mixin.py:188} INFO - [2026-05-08T18:05:56.386+0100] {dag.py:3096} INFO - Sync 3 DAGs
[2026-05-08T18:05:56.412+0100] {logging_mixin.py:188} INFO - [2026-05-08T18:05:56.411+0100] {dag.py:3954} INFO - Setting next_dagrun for example_branch_datetime_operator to 2026-05-07 00:00:00+00:00, run_after=2026-05-08 00:00:00+00:00
[2026-05-08T18:05:56.419+0100] {logging_mixin.py:188} INFO - [2026-05-08T18:05:56.418+0100] {dag.py:3954} INFO - Setting next_dagrun for example_branch_datetime_operator_2 to 2026-05-07 00:00:00+00:00, run_after=2026-05-08 00:00:00+00:00
[2026-05-08T18:05:56.423+0100] {logging_mixin.py:188} INFO - [2026-05-08T18:05:56.423+0100] {dag.py:3954} INFO - Setting next_dagrun for example_branch_datetime_operator_3 to 2026-05-07 00:00:00+00:00, run_after=2026-05-08 00:00:00+00:00
[2026-05-08T18:05:56.510+0100] {processor.py:183} INFO - Processing /home/najma/airflow-venv/lib/python3.12/site-packages/airflow/example_dags/example_branch_datetime_operator.py took 0.176 seconds
[2026-05-08T18:06:59.058+0100] {processor.py:161} INFO - Started process (PID=11401) to work on /home/najma/airflow-venv/lib/python3.12/site-packages/airflow/example_dags/example_branch_datetime_operator.py
[2026-05-08T18:06:59.059+0100] {processor.py:830} INFO - Processing file /home/najma/airflow-venv/lib/python3.12/site-packages/airflow/example_dags/example_branch_datetime_operator.py for tasks to queue
[2026-05-08T18:06:59.061+0100] {logging_mixin.py:188} INFO - [2026-05-08T18:06:59.060+0100] {dagbag.py:540} INFO - Filling up the DagBag from /home/najma/airflow-venv/lib/python3.12/site-packages/airflow/example_dags/example_branch_datetime_operator.py
[2026-05-08T18:06:59.069+0100] {processor.py:840} INFO - DAG(s) 'example_branch_datetime_operator', 'example_branch_datetime_operator_3', 'example_branch_datetime_operator_2' retrieved from /home/najma/airflow-venv/lib/python3.12/site-packages/airflow/example_dags/example_branch_datetime_operator.py
[2026-05-08T18:06:59.107+0100] {logging_mixin.py:188} INFO - [2026-05-08T18:06:59.106+0100] {dag.py:3096} INFO - Sync 3 DAGs
[2026-05-08T18:06:59.133+0100] {logging_mixin.py:188} INFO - [2026-05-08T18:06:59.132+0100] {dag.py:3954} INFO - Setting next_dagrun for example_branch_datetime_operator to 2026-05-07 00:00:00+00:00, run_after=2026-05-08 00:00:00+00:00
[2026-05-08T18:06:59.139+0100] {logging_mixin.py:188} INFO - [2026-05-08T18:06:59.139+0100] {dag.py:3954} INFO - Setting next_dagrun for example_branch_datetime_operator_2 to 2026-05-07 00:00:00+00:00, run_after=2026-05-08 00:00:00+00:00
[2026-05-08T18:06:59.144+0100] {logging_mixin.py:188} INFO - [2026-05-08T18:06:59.143+0100] {dag.py:3954} INFO - Setting next_dagrun for example_branch_datetime_operator_3 to 2026-05-07 00:00:00+00:00, run_after=2026-05-08 00:00:00+00:00
[2026-05-08T18:06:59.216+0100] {processor.py:183} INFO - Processing /home/najma/airflow-venv/lib/python3.12/site-packages/airflow/example_dags/example_branch_datetime_operator.py took 0.163 seconds
[2026-05-08T18:08:00.012+0100] {processor.py:161} INFO - Started process (PID=11456) to work on /home/najma/airflow-venv/lib/python3.12/site-packages/airflow/example_dags/example_branch_datetime_operator.py
[2026-05-08T18:08:00.013+0100] {processor.py:830} INFO - Processing file /home/najma/airflow-venv/lib/python3.12/site-packages/airflow/example_dags/example_branch_datetime_operator.py for tasks to queue
[2026-05-08T18:08:00.015+0100] {logging_mixin.py:188} INFO - [2026-05-08T18:08:00.015+0100] {dagbag.py:540} INFO - Filling up the DagBag from /home/najma/airflow-venv/lib/python3.12/site-packages/airflow/example_dags/example_branch_datetime_operator.py
[2026-05-08T18:08:00.023+0100] {processor.py:840} INFO - DAG(s) 'example_branch_datetime_operator_2', 'example_branch_datetime_operator_3', 'example_branch_datetime_operator' retrieved from /home/najma/airflow-venv/lib/python3.12/site-packages/airflow/example_dags/example_branch_datetime_operator.py
[2026-05-08T18:08:00.069+0100] {logging_mixin.py:188} INFO - [2026-05-08T18:08:00.069+0100] {dag.py:3096} INFO - Sync 3 DAGs
[2026-05-08T18:08:00.098+0100] {logging_mixin.py:188} INFO - [2026-05-08T18:08:00.098+0100] {dag.py:3954} INFO - Setting next_dagrun for example_branch_datetime_operator to 2026-05-07 00:00:00+00:00, run_after=2026-05-08 00:00:00+00:00
[2026-05-08T18:08:00.105+0100] {logging_mixin.py:188} INFO - [2026-05-08T18:08:00.105+0100] {dag.py:3954} INFO - Setting next_dagrun for example_branch_datetime_operator_2 to 2026-05-07 00:00:00+00:00, run_after=2026-05-08 00:00:00+00:00
[2026-05-08T18:08:00.110+0100] {logging_mixin.py:188} INFO - [2026-05-08T18:08:00.109+0100] {dag.py:3954} INFO - Setting next_dagrun for example_branch_datetime_operator_3 to 2026-05-07 00:00:00+00:00, run_after=2026-05-08 00:00:00+00:00
[2026-05-08T18:08:00.203+0100] {processor.py:183} INFO - Processing /home/najma/airflow-venv/lib/python3.12/site-packages/airflow/example_dags/example_branch_datetime_operator.py took 0.194 seconds
[2026-05-08T18:09:06.185+0100] {processor.py:161} INFO - Started process (PID=11516) to work on /home/najma/airflow-venv/lib/python3.12/site-packages/airflow/example_dags/example_branch_datetime_operator.py
[2026-05-08T18:09:06.186+0100] {processor.py:830} INFO - Processing file /home/najma/airflow-venv/lib/python3.12/site-packages/airflow/example_dags/example_branch_datetime_operator.py for tasks to queue
[2026-05-08T18:09:06.188+0100] {logging_mixin.py:188} INFO - [2026-05-08T18:09:06.187+0100] {dagbag.py:540} INFO - Filling up the DagBag from /home/najma/airflow-venv/lib/python3.12/site-packages/airflow/example_dags/example_branch_datetime_operator.py
[2026-05-08T18:09:06.210+0100] {processor.py:840} INFO - DAG(s) 'example_branch_datetime_operator', 'example_branch_datetime_operator_3', 'example_branch_datetime_operator_2' retrieved from /home/najma/airflow-venv/lib/python3.12/site-packages/airflow/example_dags/example_branch_datetime_operator.py
[2026-05-08T18:09:06.250+0100] {logging_mixin.py:188} INFO - [2026-05-08T18:09:06.249+0100] {dag.py:3096} INFO - Sync 3 DAGs
[2026-05-08T18:09:06.286+0100] {logging_mixin.py:188} INFO - [2026-05-08T18:09:06.285+0100] {dag.py:3954} INFO - Setting next_dagrun for example_branch_datetime_operator to 2026-05-07 00:00:00+00:00, run_after=2026-05-08 00:00:00+00:00
[2026-05-08T18:09:06.293+0100] {logging_mixin.py:188} INFO - [2026-05-08T18:09:06.292+0100] {dag.py:3954} INFO - Setting next_dagrun for example_branch_datetime_operator_2 to 2026-05-07 00:00:00+00:00, run_after=2026-05-08 00:00:00+00:00
[2026-05-08T18:09:06.300+0100] {logging_mixin.py:188} INFO - [2026-05-08T18:09:06.300+0100] {dag.py:3954} INFO - Setting next_dagrun for example_branch_datetime_operator_3 to 2026-05-07 00:00:00+00:00, run_after=2026-05-08 00:00:00+00:00
[2026-05-08T18:09:06.395+0100] {processor.py:183} INFO - Processing /home/najma/airflow-venv/lib/python3.12/site-packages/airflow/example_dags/example_branch_datetime_operator.py took 0.214 seconds
[2026-05-08T18:10:08.385+0100] {processor.py:161} INFO - Started process (PID=11572) to work on /home/najma/airflow-venv/lib/python3.12/site-packages/airflow/example_dags/example_branch_datetime_operator.py
[2026-05-08T18:10:08.386+0100] {processor.py:830} INFO - Processing file /home/najma/airflow-venv/lib/python3.12/site-packages/airflow/example_dags/example_branch_datetime_operator.py for tasks to queue
[2026-05-08T18:10:08.388+0100] {logging_mixin.py:188} INFO - [2026-05-08T18:10:08.387+0100] {dagbag.py:540} INFO - Filling up the DagBag from /home/najma/airflow-venv/lib/python3.12/site-packages/airflow/example_dags/example_branch_datetime_operator.py
[2026-05-08T18:10:08.396+0100] {processor.py:840} INFO - DAG(s) 'example_branch_datetime_operator', 'example_branch_datetime_operator_2', 'example_branch_datetime_operator_3' retrieved from /home/najma/airflow-venv/lib/python3.12/site-packages/airflow/example_dags/example_branch_datetime_operator.py
[2026-05-08T18:10:08.434+0100] {logging_mixin.py:188} INFO - [2026-05-08T18:10:08.434+0100] {dag.py:3096} INFO - Sync 3 DAGs
[2026-05-08T18:10:08.460+0100] {logging_mixin.py:188} INFO - [2026-05-08T18:10:08.460+0100] {dag.py:3954} INFO - Setting next_dagrun for example_branch_datetime_operator to 2026-05-07 00:00:00+00:00, run_after=2026-05-08 00:00:00+00:00
[2026-05-08T18:10:08.466+0100] {logging_mixin.py:188} INFO - [2026-05-08T18:10:08.466+0100] {dag.py:3954} INFO - Setting next_dagrun for example_branch_datetime_operator_2 to 2026-05-07 00:00:00+00:00, run_after=2026-05-08 00:00:00+00:00
[2026-05-08T18:10:08.470+0100] {logging_mixin.py:188} INFO - [2026-05-08T18:10:08.470+0100] {dag.py:3954} INFO - Setting next_dagrun for example_branch_datetime_operator_3 to 2026-05-07 00:00:00+00:00, run_after=2026-05-08 00:00:00+00:00
[2026-05-08T18:10:08.563+0100] {processor.py:183} INFO - Processing /home/najma/airflow-venv/lib/python3.12/site-packages/airflow/example_dags/example_branch_datetime_operator.py took 0.183 seconds
[2026-05-08T18:11:12.067+0100] {processor.py:161} INFO - Started process (PID=11626) to work on /home/najma/airflow-venv/lib/python3.12/site-packages/airflow/example_dags/example_branch_datetime_operator.py
[2026-05-08T18:11:12.069+0100] {processor.py:830} INFO - Processing file /home/najma/airflow-venv/lib/python3.12/site-packages/airflow/example_dags/example_branch_datetime_operator.py for tasks to queue
[2026-05-08T18:11:12.070+0100] {logging_mixin.py:188} INFO - [2026-05-08T18:11:12.070+0100] {dagbag.py:540} INFO - Filling up the DagBag from /home/najma/airflow-venv/lib/python3.12/site-packages/airflow/example_dags/example_branch_datetime_operator.py
[2026-05-08T18:11:12.077+0100] {processor.py:840} INFO - DAG(s) 'example_branch_datetime_operator_3', 'example_branch_datetime_operator_2', 'example_branch_datetime_operator' retrieved from /home/najma/airflow-venv/lib/python3.12/site-packages/airflow/example_dags/example_branch_datetime_operator.py
[2026-05-08T18:11:12.114+0100] {logging_mixin.py:188} INFO - [2026-05-08T18:11:12.114+0100] {dag.py:3096} INFO - Sync 3 DAGs
[2026-05-08T18:11:12.140+0100] {logging_mixin.py:188} INFO - [2026-05-08T18:11:12.140+0100] {dag.py:3954} INFO - Setting next_dagrun for example_branch_datetime_operator to 2026-05-07 00:00:00+00:00, run_after=2026-05-08 00:00:00+00:00
[2026-05-08T18:11:12.148+0100] {logging_mixin.py:188} INFO - [2026-05-08T18:11:12.148+0100] {dag.py:3954} INFO - Setting next_dagrun for example_branch_datetime_operator_2 to 2026-05-07 00:00:00+00:00, run_after=2026-05-08 00:00:00+00:00
[2026-05-08T18:11:12.152+0100] {logging_mixin.py:188} INFO - [2026-05-08T18:11:12.152+0100] {dag.py:3954} INFO - Setting next_dagrun for example_branch_datetime_operator_3 to 2026-05-07 00:00:00+00:00, run_after=2026-05-08 00:00:00+00:00
[2026-05-08T18:11:12.246+0100] {processor.py:183} INFO - Processing /home/najma/airflow-venv/lib/python3.12/site-packages/airflow/example_dags/example_branch_datetime_operator.py took 0.183 seconds
[2026-05-08T18:12:24.263+0100] {processor.py:161} INFO - Started process (PID=11684) to work on /home/najma/airflow-venv/lib/python3.12/site-packages/airflow/example_dags/example_branch_datetime_operator.py
[2026-05-08T18:12:24.264+0100] {processor.py:830} INFO - Processing file /home/najma/airflow-venv/lib/python3.12/site-packages/airflow/example_dags/example_branch_datetime_operator.py for tasks to queue
[2026-05-08T18:12:24.267+0100] {logging_mixin.py:188} INFO - [2026-05-08T18:12:24.267+0100] {dagbag.py:540} INFO - Filling up the DagBag from /home/najma/airflow-venv/lib/python3.12/site-packages/airflow/example_dags/example_branch_datetime_operator.py
[2026-05-08T18:12:24.276+0100] {processor.py:840} INFO - DAG(s) 'example_branch_datetime_operator_3', 'example_branch_datetime_operator', 'example_branch_datetime_operator_2' retrieved from /home/najma/airflow-venv/lib/python3.12/site-packages/airflow/example_dags/example_branch_datetime_operator.py
[2026-05-08T18:12:24.319+0100] {logging_mixin.py:188} INFO - [2026-05-08T18:12:24.319+0100] {dag.py:3096} INFO - Sync 3 DAGs
[2026-05-08T18:12:24.343+0100] {logging_mixin.py:188} INFO - [2026-05-08T18:12:24.343+0100] {dag.py:3954} INFO - Setting next_dagrun for example_branch_datetime_operator to 2026-05-07 00:00:00+00:00, run_after=2026-05-08 00:00:00+00:00
[2026-05-08T18:12:24.349+0100] {logging_mixin.py:188} INFO - [2026-05-08T18:12:24.349+0100] {dag.py:3954} INFO - Setting next_dagrun for example_branch_datetime_operator_2 to 2026-05-07 00:00:00+00:00, run_after=2026-05-08 00:00:00+00:00
[2026-05-08T18:12:24.353+0100] {logging_mixin.py:188} INFO - [2026-05-08T18:12:24.353+0100] {dag.py:3954} INFO - Setting next_dagrun for example_branch_datetime_operator_3 to 2026-05-07 00:00:00+00:00, run_after=2026-05-08 00:00:00+00:00
[2026-05-08T18:12:24.425+0100] {processor.py:183} INFO - Processing /home/najma/airflow-venv/lib/python3.12/site-packages/airflow/example_dags/example_branch_datetime_operator.py took 0.166 seconds
[2026-05-08T18:13:56.609+0100] {processor.py:161} INFO - Started process (PID=11752) to work on /home/najma/airflow-venv/lib/python3.12/site-packages/airflow/example_dags/example_branch_datetime_operator.py
[2026-05-08T18:13:56.624+0100] {processor.py:830} INFO - Processing file /home/najma/airflow-venv/lib/python3.12/site-packages/airflow/example_dags/example_branch_datetime_operator.py for tasks to queue
[2026-05-08T18:13:56.626+0100] {logging_mixin.py:188} INFO - [2026-05-08T18:13:56.626+0100] {dagbag.py:540} INFO - Filling up the DagBag from /home/najma/airflow-venv/lib/python3.12/site-packages/airflow/example_dags/example_branch_datetime_operator.py
[2026-05-08T18:13:56.633+0100] {processor.py:840} INFO - DAG(s) 'example_branch_datetime_operator_3', 'example_branch_datetime_operator', 'example_branch_datetime_operator_2' retrieved from /home/najma/airflow-venv/lib/python3.12/site-packages/airflow/example_dags/example_branch_datetime_operator.py
[2026-05-08T18:13:56.678+0100] {logging_mixin.py:188} INFO - [2026-05-08T18:13:56.678+0100] {dag.py:3096} INFO - Sync 3 DAGs
[2026-05-08T18:13:56.704+0100] {logging_mixin.py:188} INFO - [2026-05-08T18:13:56.704+0100] {dag.py:3954} INFO - Setting next_dagrun for example_branch_datetime_operator to 2026-05-07 00:00:00+00:00, run_after=2026-05-08 00:00:00+00:00
[2026-05-08T18:13:56.711+0100] {logging_mixin.py:188} INFO - [2026-05-08T18:13:56.711+0100] {dag.py:3954} INFO - Setting next_dagrun for example_branch_datetime_operator_2 to 2026-05-07 00:00:00+00:00, run_after=2026-05-08 00:00:00+00:00
[2026-05-08T18:13:56.715+0100] {logging_mixin.py:188} INFO - [2026-05-08T18:13:56.715+0100] {dag.py:3954} INFO - Setting next_dagrun for example_branch_datetime_operator_3 to 2026-05-07 00:00:00+00:00, run_after=2026-05-08 00:00:00+00:00
[2026-05-08T18:13:56.786+0100] {processor.py:183} INFO - Processing /home/najma/airflow-venv/lib/python3.12/site-packages/airflow/example_dags/example_branch_datetime_operator.py took 0.182 seconds
[2026-05-08T18:15:10.209+0100] {processor.py:161} INFO - Started process (PID=11821) to work on /home/najma/airflow-venv/lib/python3.12/site-packages/airflow/example_dags/example_branch_datetime_operator.py
[2026-05-08T18:15:10.210+0100] {processor.py:830} INFO - Processing file /home/najma/airflow-venv/lib/python3.12/site-packages/airflow/example_dags/example_branch_datetime_operator.py for tasks to queue
[2026-05-08T18:15:10.212+0100] {logging_mixin.py:188} INFO - [2026-05-08T18:15:10.212+0100] {dagbag.py:540} INFO - Filling up the DagBag from /home/najma/airflow-venv/lib/python3.12/site-packages/airflow/example_dags/example_branch_datetime_operator.py
[2026-05-08T18:15:10.225+0100] {processor.py:840} INFO - DAG(s) 'example_branch_datetime_operator_3', 'example_branch_datetime_operator_2', 'example_branch_datetime_operator' retrieved from /home/najma/airflow-venv/lib/python3.12/site-packages/airflow/example_dags/example_branch_datetime_operator.py
[2026-05-08T18:15:10.277+0100] {logging_mixin.py:188} INFO - [2026-05-08T18:15:10.276+0100] {dag.py:3096} INFO - Sync 3 DAGs
[2026-05-08T18:15:10.313+0100] {logging_mixin.py:188} INFO - [2026-05-08T18:15:10.312+0100] {dag.py:3954} INFO - Setting next_dagrun for example_branch_datetime_operator to 2026-05-07 00:00:00+00:00, run_after=2026-05-08 00:00:00+00:00
[2026-05-08T18:15:10.320+0100] {logging_mixin.py:188} INFO - [2026-05-08T18:15:10.320+0100] {dag.py:3954} INFO - Setting next_dagrun for example_branch_datetime_operator_2 to 2026-05-07 00:00:00+00:00, run_after=2026-05-08 00:00:00+00:00
[2026-05-08T18:15:10.325+0100] {logging_mixin.py:188} INFO - [2026-05-08T18:15:10.325+0100] {dag.py:3954} INFO - Setting next_dagrun for example_branch_datetime_operator_3 to 2026-05-07 00:00:00+00:00, run_after=2026-05-08 00:00:00+00:00
[2026-05-08T18:15:10.425+0100] {processor.py:183} INFO - Processing /home/najma/airflow-venv/lib/python3.12/site-packages/airflow/example_dags/example_branch_datetime_operator.py took 0.220 seconds
[2026-05-08T18:16:23.164+0100] {processor.py:161} INFO - Started process (PID=11880) to work on /home/najma/airflow-venv/lib/python3.12/site-packages/airflow/example_dags/example_branch_datetime_operator.py
[2026-05-08T18:16:23.165+0100] {processor.py:830} INFO - Processing file /home/najma/airflow-venv/lib/python3.12/site-packages/airflow/example_dags/example_branch_datetime_operator.py for tasks to queue
[2026-05-08T18:16:23.167+0100] {logging_mixin.py:188} INFO - [2026-05-08T18:16:23.167+0100] {dagbag.py:540} INFO - Filling up the DagBag from /home/najma/airflow-venv/lib/python3.12/site-packages/airflow/example_dags/example_branch_datetime_operator.py
[2026-05-08T18:16:23.175+0100] {processor.py:840} INFO - DAG(s) 'example_branch_datetime_operator', 'example_branch_datetime_operator_2', 'example_branch_datetime_operator_3' retrieved from /home/najma/airflow-venv/lib/python3.12/site-packages/airflow/example_dags/example_branch_datetime_operator.py
[2026-05-08T18:16:23.217+0100] {logging_mixin.py:188} INFO - [2026-05-08T18:16:23.217+0100] {dag.py:3096} INFO - Sync 3 DAGs
[2026-05-08T18:16:23.242+0100] {logging_mixin.py:188} INFO - [2026-05-08T18:16:23.241+0100] {dag.py:3954} INFO - Setting next_dagrun for example_branch_datetime_operator to 2026-05-07 00:00:00+00:00, run_after=2026-05-08 00:00:00+00:00
[2026-05-08T18:16:23.248+0100] {logging_mixin.py:188} INFO - [2026-05-08T18:16:23.248+0100] {dag.py:3954} INFO - Setting next_dagrun for example_branch_datetime_operator_2 to 2026-05-07 00:00:00+00:00, run_after=2026-05-08 00:00:00+00:00
[2026-05-08T18:16:23.252+0100] {logging_mixin.py:188} INFO - [2026-05-08T18:16:23.252+0100] {dag.py:3954} INFO - Setting next_dagrun for example_branch_datetime_operator_3 to 2026-05-07 00:00:00+00:00, run_after=2026-05-08 00:00:00+00:00
[2026-05-08T18:16:23.350+0100] {processor.py:183} INFO - Processing /home/najma/airflow-venv/lib/python3.12/site-packages/airflow/example_dags/example_branch_datetime_operator.py took 0.190 seconds
[2026-05-08T18:17:33.782+0100] {processor.py:161} INFO - Started process (PID=11940) to work on /home/najma/airflow-venv/lib/python3.12/site-packages/airflow/example_dags/example_branch_datetime_operator.py
[2026-05-08T18:17:33.784+0100] {processor.py:830} INFO - Processing file /home/najma/airflow-venv/lib/python3.12/site-packages/airflow/example_dags/example_branch_datetime_operator.py for tasks to queue
[2026-05-08T18:17:33.785+0100] {logging_mixin.py:188} INFO - [2026-05-08T18:17:33.785+0100] {dagbag.py:540} INFO - Filling up the DagBag from /home/najma/airflow-venv/lib/python3.12/site-packages/airflow/example_dags/example_branch_datetime_operator.py
[2026-05-08T18:17:33.794+0100] {processor.py:840} INFO - DAG(s) 'example_branch_datetime_operator', 'example_branch_datetime_operator_3', 'example_branch_datetime_operator_2' retrieved from /home/najma/airflow-venv/lib/python3.12/site-packages/airflow/example_dags/example_branch_datetime_operator.py
[2026-05-08T18:17:33.836+0100] {logging_mixin.py:188} INFO - [2026-05-08T18:17:33.835+0100] {dag.py:3096} INFO - Sync 3 DAGs
[2026-05-08T18:17:33.861+0100] {logging_mixin.py:188} INFO - [2026-05-08T18:17:33.860+0100] {dag.py:3954} INFO - Setting next_dagrun for example_branch_datetime_operator to 2026-05-07 00:00:00+00:00, run_after=2026-05-08 00:00:00+00:00
[2026-05-08T18:17:33.868+0100] {logging_mixin.py:188} INFO - [2026-05-08T18:17:33.868+0100] {dag.py:3954} INFO - Setting next_dagrun for example_branch_datetime_operator_2 to 2026-05-07 00:00:00+00:00, run_after=2026-05-08 00:00:00+00:00
[2026-05-08T18:17:33.872+0100] {logging_mixin.py:188} INFO - [2026-05-08T18:17:33.872+0100] {dag.py:3954} INFO - Setting next_dagrun for example_branch_datetime_operator_3 to 2026-05-07 00:00:00+00:00, run_after=2026-05-08 00:00:00+00:00
[2026-05-08T18:17:33.952+0100] {processor.py:183} INFO - Processing /home/najma/airflow-venv/lib/python3.12/site-packages/airflow/example_dags/example_branch_datetime_operator.py took 0.174 seconds
[2026-05-08T18:18:48.182+0100] {processor.py:161} INFO - Started process (PID=11999) to work on /home/najma/airflow-venv/lib/python3.12/site-packages/airflow/example_dags/example_branch_datetime_operator.py
[2026-05-08T18:18:48.184+0100] {processor.py:830} INFO - Processing file /home/najma/airflow-venv/lib/python3.12/site-packages/airflow/example_dags/example_branch_datetime_operator.py for tasks to queue
[2026-05-08T18:18:48.186+0100] {logging_mixin.py:188} INFO - [2026-05-08T18:18:48.186+0100] {dagbag.py:540} INFO - Filling up the DagBag from /home/najma/airflow-venv/lib/python3.12/site-packages/airflow/example_dags/example_branch_datetime_operator.py
[2026-05-08T18:18:48.196+0100] {processor.py:840} INFO - DAG(s) 'example_branch_datetime_operator_3', 'example_branch_datetime_operator_2', 'example_branch_datetime_operator' retrieved from /home/najma/airflow-venv/lib/python3.12/site-packages/airflow/example_dags/example_branch_datetime_operator.py
[2026-05-08T18:18:48.241+0100] {logging_mixin.py:188} INFO - [2026-05-08T18:18:48.241+0100] {dag.py:3096} INFO - Sync 3 DAGs
[2026-05-08T18:18:48.282+0100] {logging_mixin.py:188} INFO - [2026-05-08T18:18:48.282+0100] {dag.py:3954} INFO - Setting next_dagrun for example_branch_datetime_operator to 2026-05-07 00:00:00+00:00, run_after=2026-05-08 00:00:00+00:00
[2026-05-08T18:18:48.290+0100] {logging_mixin.py:188} INFO - [2026-05-08T18:18:48.290+0100] {dag.py:3954} INFO - Setting next_dagrun for example_branch_datetime_operator_2 to 2026-05-07 00:00:00+00:00, run_after=2026-05-08 00:00:00+00:00
[2026-05-08T18:18:48.299+0100] {logging_mixin.py:188} INFO - [2026-05-08T18:18:48.299+0100] {dag.py:3954} INFO - Setting next_dagrun for example_branch_datetime_operator_3 to 2026-05-07 00:00:00+00:00, run_after=2026-05-08 00:00:00+00:00
[2026-05-08T18:18:48.391+0100] {processor.py:183} INFO - Processing /home/najma/airflow-venv/lib/python3.12/site-packages/airflow/example_dags/example_branch_datetime_operator.py took 0.213 seconds
[2026-05-08T18:19:55.422+0100] {processor.py:161} INFO - Started process (PID=12055) to work on /home/najma/airflow-venv/lib/python3.12/site-packages/airflow/example_dags/example_branch_datetime_operator.py
[2026-05-08T18:19:55.423+0100] {processor.py:830} INFO - Processing file /home/najma/airflow-venv/lib/python3.12/site-packages/airflow/example_dags/example_branch_datetime_operator.py for tasks to queue
[2026-05-08T18:19:55.425+0100] {logging_mixin.py:188} INFO - [2026-05-08T18:19:55.424+0100] {dagbag.py:540} INFO - Filling up the DagBag from /home/najma/airflow-venv/lib/python3.12/site-packages/airflow/example_dags/example_branch_datetime_operator.py
[2026-05-08T18:19:55.432+0100] {processor.py:840} INFO - DAG(s) 'example_branch_datetime_operator_2', 'example_branch_datetime_operator_3', 'example_branch_datetime_operator' retrieved from /home/najma/airflow-venv/lib/python3.12/site-packages/airflow/example_dags/example_branch_datetime_operator.py
[2026-05-08T18:19:55.474+0100] {logging_mixin.py:188} INFO - [2026-05-08T18:19:55.473+0100] {dag.py:3096} INFO - Sync 3 DAGs
[2026-05-08T18:19:55.500+0100] {logging_mixin.py:188} INFO - [2026-05-08T18:19:55.499+0100] {dag.py:3954} INFO - Setting next_dagrun for example_branch_datetime_operator to 2026-05-07 00:00:00+00:00, run_after=2026-05-08 00:00:00+00:00
[2026-05-08T18:19:55.507+0100] {logging_mixin.py:188} INFO - [2026-05-08T18:19:55.507+0100] {dag.py:3954} INFO - Setting next_dagrun for example_branch_datetime_operator_2 to 2026-05-07 00:00:00+00:00, run_after=2026-05-08 00:00:00+00:00
[2026-05-08T18:19:55.511+0100] {logging_mixin.py:188} INFO - [2026-05-08T18:19:55.511+0100] {dag.py:3954} INFO - Setting next_dagrun for example_branch_datetime_operator_3 to 2026-05-07 00:00:00+00:00, run_after=2026-05-08 00:00:00+00:00
[2026-05-08T18:19:55.584+0100] {processor.py:183} INFO - Processing /home/najma/airflow-venv/lib/python3.12/site-packages/airflow/example_dags/example_branch_datetime_operator.py took 0.166 seconds
[2026-05-08T18:21:03.376+0100] {processor.py:161} INFO - Started process (PID=12111) to work on /home/najma/airflow-venv/lib/python3.12/site-packages/airflow/example_dags/example_branch_datetime_operator.py
[2026-05-08T18:21:03.378+0100] {processor.py:830} INFO - Processing file /home/najma/airflow-venv/lib/python3.12/site-packages/airflow/example_dags/example_branch_datetime_operator.py for tasks to queue
[2026-05-08T18:21:03.379+0100] {logging_mixin.py:188} INFO - [2026-05-08T18:21:03.379+0100] {dagbag.py:540} INFO - Filling up the DagBag from /home/najma/airflow-venv/lib/python3.12/site-packages/airflow/example_dags/example_branch_datetime_operator.py
[2026-05-08T18:21:03.387+0100] {processor.py:840} INFO - DAG(s) 'example_branch_datetime_operator_2', 'example_branch_datetime_operator', 'example_branch_datetime_operator_3' retrieved from /home/najma/airflow-venv/lib/python3.12/site-packages/airflow/example_dags/example_branch_datetime_operator.py
[2026-05-08T18:21:03.431+0100] {logging_mixin.py:188} INFO - [2026-05-08T18:21:03.431+0100] {dag.py:3096} INFO - Sync 3 DAGs
[2026-05-08T18:21:03.455+0100] {logging_mixin.py:188} INFO - [2026-05-08T18:21:03.455+0100] {dag.py:3954} INFO - Setting next_dagrun for example_branch_datetime_operator to 2026-05-07 00:00:00+00:00, run_after=2026-05-08 00:00:00+00:00
[2026-05-08T18:21:03.461+0100] {logging_mixin.py:188} INFO - [2026-05-08T18:21:03.461+0100] {dag.py:3954} INFO - Setting next_dagrun for example_branch_datetime_operator_2 to 2026-05-07 00:00:00+00:00, run_after=2026-05-08 00:00:00+00:00
[2026-05-08T18:21:03.465+0100] {logging_mixin.py:188} INFO - [2026-05-08T18:21:03.465+0100] {dag.py:3954} INFO - Setting next_dagrun for example_branch_datetime_operator_3 to 2026-05-07 00:00:00+00:00, run_after=2026-05-08 00:00:00+00:00
[2026-05-08T18:21:03.557+0100] {processor.py:183} INFO - Processing /home/najma/airflow-venv/lib/python3.12/site-packages/airflow/example_dags/example_branch_datetime_operator.py took 0.185 seconds
[2026-05-08T18:22:19.327+0100] {processor.py:161} INFO - Started process (PID=12171) to work on /home/najma/airflow-venv/lib/python3.12/site-packages/airflow/example_dags/example_branch_datetime_operator.py
[2026-05-08T18:22:19.328+0100] {processor.py:830} INFO - Processing file /home/najma/airflow-venv/lib/python3.12/site-packages/airflow/example_dags/example_branch_datetime_operator.py for tasks to queue
[2026-05-08T18:22:19.330+0100] {logging_mixin.py:188} INFO - [2026-05-08T18:22:19.329+0100] {dagbag.py:540} INFO - Filling up the DagBag from /home/najma/airflow-venv/lib/python3.12/site-packages/airflow/example_dags/example_branch_datetime_operator.py
[2026-05-08T18:22:19.340+0100] {processor.py:840} INFO - DAG(s) 'example_branch_datetime_operator', 'example_branch_datetime_operator_2', 'example_branch_datetime_operator_3' retrieved from /home/najma/airflow-venv/lib/python3.12/site-packages/airflow/example_dags/example_branch_datetime_operator.py
[2026-05-08T18:22:19.377+0100] {logging_mixin.py:188} INFO - [2026-05-08T18:22:19.377+0100] {dag.py:3096} INFO - Sync 3 DAGs
[2026-05-08T18:22:19.405+0100] {logging_mixin.py:188} INFO - [2026-05-08T18:22:19.405+0100] {dag.py:3954} INFO - Setting next_dagrun for example_branch_datetime_operator to 2026-05-07 00:00:00+00:00, run_after=2026-05-08 00:00:00+00:00
[2026-05-08T18:22:19.411+0100] {logging_mixin.py:188} INFO - [2026-05-08T18:22:19.411+0100] {dag.py:3954} INFO - Setting next_dagrun for example_branch_datetime_operator_2 to 2026-05-07 00:00:00+00:00, run_after=2026-05-08 00:00:00+00:00
[2026-05-08T18:22:19.416+0100] {logging_mixin.py:188} INFO - [2026-05-08T18:22:19.416+0100] {dag.py:3954} INFO - Setting next_dagrun for example_branch_datetime_operator_3 to 2026-05-07 00:00:00+00:00, run_after=2026-05-08 00:00:00+00:00
[2026-05-08T18:22:19.508+0100] {processor.py:183} INFO - Processing /home/najma/airflow-venv/lib/python3.12/site-packages/airflow/example_dags/example_branch_datetime_operator.py took 0.186 seconds
[2026-05-08T18:24:30.274+0100] {processor.py:161} INFO - Started process (PID=12284) to work on /home/najma/airflow-venv/lib/python3.12/site-packages/airflow/example_dags/example_branch_datetime_operator.py
[2026-05-08T18:24:30.276+0100] {processor.py:830} INFO - Processing file /home/najma/airflow-venv/lib/python3.12/site-packages/airflow/example_dags/example_branch_datetime_operator.py for tasks to queue
[2026-05-08T18:24:30.279+0100] {logging_mixin.py:188} INFO - [2026-05-08T18:24:30.278+0100] {dagbag.py:540} INFO - Filling up the DagBag from /home/najma/airflow-venv/lib/python3.12/site-packages/airflow/example_dags/example_branch_datetime_operator.py
[2026-05-08T18:24:30.291+0100] {processor.py:840} INFO - DAG(s) 'example_branch_datetime_operator', 'example_branch_datetime_operator_2', 'example_branch_datetime_operator_3' retrieved from /home/najma/airflow-venv/lib/python3.12/site-packages/airflow/example_dags/example_branch_datetime_operator.py
[2026-05-08T18:24:30.357+0100] {logging_mixin.py:188} INFO - [2026-05-08T18:24:30.356+0100] {dag.py:3096} INFO - Sync 3 DAGs
[2026-05-08T18:24:30.390+0100] {logging_mixin.py:188} INFO - [2026-05-08T18:24:30.389+0100] {dag.py:3954} INFO - Setting next_dagrun for example_branch_datetime_operator to 2026-05-07 00:00:00+00:00, run_after=2026-05-08 00:00:00+00:00
[2026-05-08T18:24:30.396+0100] {logging_mixin.py:188} INFO - [2026-05-08T18:24:30.396+0100] {dag.py:3954} INFO - Setting next_dagrun for example_branch_datetime_operator_2 to 2026-05-07 00:00:00+00:00, run_after=2026-05-08 00:00:00+00:00
[2026-05-08T18:24:30.400+0100] {logging_mixin.py:188} INFO - [2026-05-08T18:24:30.400+0100] {dag.py:3954} INFO - Setting next_dagrun for example_branch_datetime_operator_3 to 2026-05-07 00:00:00+00:00, run_after=2026-05-08 00:00:00+00:00
[2026-05-08T18:24:30.524+0100] {processor.py:183} INFO - Processing /home/najma/airflow-venv/lib/python3.12/site-packages/airflow/example_dags/example_branch_datetime_operator.py took 0.254 seconds
[2026-05-08T18:25:49.816+0100] {processor.py:161} INFO - Started process (PID=12357) to work on /home/najma/airflow-venv/lib/python3.12/site-packages/airflow/example_dags/example_branch_datetime_operator.py
[2026-05-08T18:25:49.818+0100] {processor.py:830} INFO - Processing file /home/najma/airflow-venv/lib/python3.12/site-packages/airflow/example_dags/example_branch_datetime_operator.py for tasks to queue
[2026-05-08T18:25:49.820+0100] {logging_mixin.py:188} INFO - [2026-05-08T18:25:49.820+0100] {dagbag.py:540} INFO - Filling up the DagBag from /home/najma/airflow-venv/lib/python3.12/site-packages/airflow/example_dags/example_branch_datetime_operator.py
[2026-05-08T18:25:49.830+0100] {processor.py:840} INFO - DAG(s) 'example_branch_datetime_operator_3', 'example_branch_datetime_operator_2', 'example_branch_datetime_operator' retrieved from /home/najma/airflow-venv/lib/python3.12/site-packages/airflow/example_dags/example_branch_datetime_operator.py
[2026-05-08T18:25:49.879+0100] {logging_mixin.py:188} INFO - [2026-05-08T18:25:49.879+0100] {dag.py:3096} INFO - Sync 3 DAGs
[2026-05-08T18:25:49.912+0100] {logging_mixin.py:188} INFO - [2026-05-08T18:25:49.912+0100] {dag.py:3954} INFO - Setting next_dagrun for example_branch_datetime_operator to 2026-05-07 00:00:00+00:00, run_after=2026-05-08 00:00:00+00:00
[2026-05-08T18:25:49.921+0100] {logging_mixin.py:188} INFO - [2026-05-08T18:25:49.921+0100] {dag.py:3954} INFO - Setting next_dagrun for example_branch_datetime_operator_2 to 2026-05-07 00:00:00+00:00, run_after=2026-05-08 00:00:00+00:00
[2026-05-08T18:25:49.928+0100] {logging_mixin.py:188} INFO - [2026-05-08T18:25:49.927+0100] {dag.py:3954} INFO - Setting next_dagrun for example_branch_datetime_operator_3 to 2026-05-07 00:00:00+00:00, run_after=2026-05-08 00:00:00+00:00
[2026-05-08T18:25:50.138+0100] {processor.py:183} INFO - Processing /home/najma/airflow-venv/lib/python3.12/site-packages/airflow/example_dags/example_branch_datetime_operator.py took 0.325 seconds
[2026-05-08T18:27:05.250+0100] {processor.py:161} INFO - Started process (PID=12418) to work on /home/najma/airflow-venv/lib/python3.12/site-packages/airflow/example_dags/example_branch_datetime_operator.py
[2026-05-08T18:27:05.251+0100] {processor.py:830} INFO - Processing file /home/najma/airflow-venv/lib/python3.12/site-packages/airflow/example_dags/example_branch_datetime_operator.py for tasks to queue
[2026-05-08T18:27:05.253+0100] {logging_mixin.py:188} INFO - [2026-05-08T18:27:05.252+0100] {dagbag.py:540} INFO - Filling up the DagBag from /home/najma/airflow-venv/lib/python3.12/site-packages/airflow/example_dags/example_branch_datetime_operator.py
[2026-05-08T18:27:05.267+0100] {processor.py:840} INFO - DAG(s) 'example_branch_datetime_operator_3', 'example_branch_datetime_operator_2', 'example_branch_datetime_operator' retrieved from /home/najma/airflow-venv/lib/python3.12/site-packages/airflow/example_dags/example_branch_datetime_operator.py
[2026-05-08T18:27:05.323+0100] {logging_mixin.py:188} INFO - [2026-05-08T18:27:05.323+0100] {dag.py:3096} INFO - Sync 3 DAGs
[2026-05-08T18:27:05.357+0100] {logging_mixin.py:188} INFO - [2026-05-08T18:27:05.357+0100] {dag.py:3954} INFO - Setting next_dagrun for example_branch_datetime_operator to 2026-05-07 00:00:00+00:00, run_after=2026-05-08 00:00:00+00:00
[2026-05-08T18:27:05.368+0100] {logging_mixin.py:188} INFO - [2026-05-08T18:27:05.368+0100] {dag.py:3954} INFO - Setting next_dagrun for example_branch_datetime_operator_2 to 2026-05-07 00:00:00+00:00, run_after=2026-05-08 00:00:00+00:00
[2026-05-08T18:27:05.373+0100] {logging_mixin.py:188} INFO - [2026-05-08T18:27:05.372+0100] {dag.py:3954} INFO - Setting next_dagrun for example_branch_datetime_operator_3 to 2026-05-07 00:00:00+00:00, run_after=2026-05-08 00:00:00+00:00
[2026-05-08T18:27:05.459+0100] {processor.py:183} INFO - Processing /home/najma/airflow-venv/lib/python3.12/site-packages/airflow/example_dags/example_branch_datetime_operator.py took 0.215 seconds
[2026-05-08T18:28:27.800+0100] {processor.py:161} INFO - Started process (PID=12482) to work on /home/najma/airflow-venv/lib/python3.12/site-packages/airflow/example_dags/example_branch_datetime_operator.py
[2026-05-08T18:28:27.801+0100] {processor.py:830} INFO - Processing file /home/najma/airflow-venv/lib/python3.12/site-packages/airflow/example_dags/example_branch_datetime_operator.py for tasks to queue
[2026-05-08T18:28:27.803+0100] {logging_mixin.py:188} INFO - [2026-05-08T18:28:27.803+0100] {dagbag.py:540} INFO - Filling up the DagBag from /home/najma/airflow-venv/lib/python3.12/site-packages/airflow/example_dags/example_branch_datetime_operator.py
[2026-05-08T18:28:27.811+0100] {processor.py:840} INFO - DAG(s) 'example_branch_datetime_operator_2', 'example_branch_datetime_operator_3', 'example_branch_datetime_operator' retrieved from /home/najma/airflow-venv/lib/python3.12/site-packages/airflow/example_dags/example_branch_datetime_operator.py
[2026-05-08T18:28:27.855+0100] {logging_mixin.py:188} INFO - [2026-05-08T18:28:27.855+0100] {dag.py:3096} INFO - Sync 3 DAGs
[2026-05-08T18:28:27.882+0100] {logging_mixin.py:188} INFO - [2026-05-08T18:28:27.882+0100] {dag.py:3954} INFO - Setting next_dagrun for example_branch_datetime_operator to 2026-05-07 00:00:00+00:00, run_after=2026-05-08 00:00:00+00:00
[2026-05-08T18:28:27.890+0100] {logging_mixin.py:188} INFO - [2026-05-08T18:28:27.890+0100] {dag.py:3954} INFO - Setting next_dagrun for example_branch_datetime_operator_2 to 2026-05-07 00:00:00+00:00, run_after=2026-05-08 00:00:00+00:00
[2026-05-08T18:28:27.895+0100] {logging_mixin.py:188} INFO - [2026-05-08T18:28:27.895+0100] {dag.py:3954} INFO - Setting next_dagrun for example_branch_datetime_operator_3 to 2026-05-07 00:00:00+00:00, run_after=2026-05-08 00:00:00+00:00
[2026-05-08T18:28:27.992+0100] {processor.py:183} INFO - Processing /home/najma/airflow-venv/lib/python3.12/site-packages/airflow/example_dags/example_branch_datetime_operator.py took 0.196 seconds
[2026-05-08T18:29:42.394+0100] {processor.py:161} INFO - Started process (PID=12541) to work on /home/najma/airflow-venv/lib/python3.12/site-packages/airflow/example_dags/example_branch_datetime_operator.py
[2026-05-08T18:29:42.395+0100] {processor.py:830} INFO - Processing file /home/najma/airflow-venv/lib/python3.12/site-packages/airflow/example_dags/example_branch_datetime_operator.py for tasks to queue
[2026-05-08T18:29:42.397+0100] {logging_mixin.py:188} INFO - [2026-05-08T18:29:42.397+0100] {dagbag.py:540} INFO - Filling up the DagBag from /home/najma/airflow-venv/lib/python3.12/site-packages/airflow/example_dags/example_branch_datetime_operator.py
[2026-05-08T18:29:42.408+0100] {processor.py:840} INFO - DAG(s) 'example_branch_datetime_operator_2', 'example_branch_datetime_operator_3', 'example_branch_datetime_operator' retrieved from /home/najma/airflow-venv/lib/python3.12/site-packages/airflow/example_dags/example_branch_datetime_operator.py
[2026-05-08T18:29:42.446+0100] {logging_mixin.py:188} INFO - [2026-05-08T18:29:42.445+0100] {dag.py:3096} INFO - Sync 3 DAGs
[2026-05-08T18:29:42.473+0100] {logging_mixin.py:188} INFO - [2026-05-08T18:29:42.473+0100] {dag.py:3954} INFO - Setting next_dagrun for example_branch_datetime_operator to 2026-05-07 00:00:00+00:00, run_after=2026-05-08 00:00:00+00:00
[2026-05-08T18:29:42.480+0100] {logging_mixin.py:188} INFO - [2026-05-08T18:29:42.480+0100] {dag.py:3954} INFO - Setting next_dagrun for example_branch_datetime_operator_2 to 2026-05-07 00:00:00+00:00, run_after=2026-05-08 00:00:00+00:00
[2026-05-08T18:29:42.485+0100] {logging_mixin.py:188} INFO - [2026-05-08T18:29:42.485+0100] {dag.py:3954} INFO - Setting next_dagrun for example_branch_datetime_operator_3 to 2026-05-07 00:00:00+00:00, run_after=2026-05-08 00:00:00+00:00
[2026-05-08T18:29:42.576+0100] {processor.py:183} INFO - Processing /home/najma/airflow-venv/lib/python3.12/site-packages/airflow/example_dags/example_branch_datetime_operator.py took 0.186 seconds
[2026-05-08T18:31:00.796+0100] {processor.py:161} INFO - Started process (PID=12602) to work on /home/najma/airflow-venv/lib/python3.12/site-packages/airflow/example_dags/example_branch_datetime_operator.py
[2026-05-08T18:31:00.797+0100] {processor.py:830} INFO - Processing file /home/najma/airflow-venv/lib/python3.12/site-packages/airflow/example_dags/example_branch_datetime_operator.py for tasks to queue
[2026-05-08T18:31:00.799+0100] {logging_mixin.py:188} INFO - [2026-05-08T18:31:00.799+0100] {dagbag.py:540} INFO - Filling up the DagBag from /home/najma/airflow-venv/lib/python3.12/site-packages/airflow/example_dags/example_branch_datetime_operator.py
[2026-05-08T18:31:00.807+0100] {processor.py:840} INFO - DAG(s) 'example_branch_datetime_operator_2', 'example_branch_datetime_operator_3', 'example_branch_datetime_operator' retrieved from /home/najma/airflow-venv/lib/python3.12/site-packages/airflow/example_dags/example_branch_datetime_operator.py
[2026-05-08T18:31:00.849+0100] {logging_mixin.py:188} INFO - [2026-05-08T18:31:00.848+0100] {dag.py:3096} INFO - Sync 3 DAGs
[2026-05-08T18:31:00.877+0100] {logging_mixin.py:188} INFO - [2026-05-08T18:31:00.877+0100] {dag.py:3954} INFO - Setting next_dagrun for example_branch_datetime_operator to 2026-05-07 00:00:00+00:00, run_after=2026-05-08 00:00:00+00:00
[2026-05-08T18:31:00.885+0100] {logging_mixin.py:188} INFO - [2026-05-08T18:31:00.884+0100] {dag.py:3954} INFO - Setting next_dagrun for example_branch_datetime_operator_2 to 2026-05-07 00:00:00+00:00, run_after=2026-05-08 00:00:00+00:00
[2026-05-08T18:31:00.889+0100] {logging_mixin.py:188} INFO - [2026-05-08T18:31:00.889+0100] {dag.py:3954} INFO - Setting next_dagrun for example_branch_datetime_operator_3 to 2026-05-07 00:00:00+00:00, run_after=2026-05-08 00:00:00+00:00
[2026-05-08T18:31:00.973+0100] {processor.py:183} INFO - Processing /home/najma/airflow-venv/lib/python3.12/site-packages/airflow/example_dags/example_branch_datetime_operator.py took 0.182 seconds
[2026-05-08T18:32:18.515+0100] {processor.py:161} INFO - Started process (PID=12662) to work on /home/najma/airflow-venv/lib/python3.12/site-packages/airflow/example_dags/example_branch_datetime_operator.py
[2026-05-08T18:32:18.516+0100] {processor.py:830} INFO - Processing file /home/najma/airflow-venv/lib/python3.12/site-packages/airflow/example_dags/example_branch_datetime_operator.py for tasks to queue
[2026-05-08T18:32:18.518+0100] {logging_mixin.py:188} INFO - [2026-05-08T18:32:18.518+0100] {dagbag.py:540} INFO - Filling up the DagBag from /home/najma/airflow-venv/lib/python3.12/site-packages/airflow/example_dags/example_branch_datetime_operator.py
[2026-05-08T18:32:18.526+0100] {processor.py:840} INFO - DAG(s) 'example_branch_datetime_operator_3', 'example_branch_datetime_operator_2', 'example_branch_datetime_operator' retrieved from /home/najma/airflow-venv/lib/python3.12/site-packages/airflow/example_dags/example_branch_datetime_operator.py
[2026-05-08T18:32:18.568+0100] {logging_mixin.py:188} INFO - [2026-05-08T18:32:18.567+0100] {dag.py:3096} INFO - Sync 3 DAGs
[2026-05-08T18:32:18.594+0100] {logging_mixin.py:188} INFO - [2026-05-08T18:32:18.593+0100] {dag.py:3954} INFO - Setting next_dagrun for example_branch_datetime_operator to 2026-05-07 00:00:00+00:00, run_after=2026-05-08 00:00:00+00:00
[2026-05-08T18:32:18.601+0100] {logging_mixin.py:188} INFO - [2026-05-08T18:32:18.600+0100] {dag.py:3954} INFO - Setting next_dagrun for example_branch_datetime_operator_2 to 2026-05-07 00:00:00+00:00, run_after=2026-05-08 00:00:00+00:00
[2026-05-08T18:32:18.604+0100] {logging_mixin.py:188} INFO - [2026-05-08T18:32:18.604+0100] {dag.py:3954} INFO - Setting next_dagrun for example_branch_datetime_operator_3 to 2026-05-07 00:00:00+00:00, run_after=2026-05-08 00:00:00+00:00
[2026-05-08T18:32:18.682+0100] {processor.py:183} INFO - Processing /home/najma/airflow-venv/lib/python3.12/site-packages/airflow/example_dags/example_branch_datetime_operator.py took 0.172 seconds
[2026-05-08T18:34:36.018+0100] {processor.py:161} INFO - Started process (PID=12786) to work on /home/najma/airflow-venv/lib/python3.12/site-packages/airflow/example_dags/example_branch_datetime_operator.py
[2026-05-08T18:34:36.019+0100] {processor.py:830} INFO - Processing file /home/najma/airflow-venv/lib/python3.12/site-packages/airflow/example_dags/example_branch_datetime_operator.py for tasks to queue
[2026-05-08T18:34:36.021+0100] {logging_mixin.py:188} INFO - [2026-05-08T18:34:36.020+0100] {dagbag.py:540} INFO - Filling up the DagBag from /home/najma/airflow-venv/lib/python3.12/site-packages/airflow/example_dags/example_branch_datetime_operator.py
[2026-05-08T18:34:36.029+0100] {processor.py:840} INFO - DAG(s) 'example_branch_datetime_operator', 'example_branch_datetime_operator_2', 'example_branch_datetime_operator_3' retrieved from /home/najma/airflow-venv/lib/python3.12/site-packages/airflow/example_dags/example_branch_datetime_operator.py
[2026-05-08T18:34:36.076+0100] {logging_mixin.py:188} INFO - [2026-05-08T18:34:36.076+0100] {dag.py:3096} INFO - Sync 3 DAGs
[2026-05-08T18:34:36.107+0100] {logging_mixin.py:188} INFO - [2026-05-08T18:34:36.107+0100] {dag.py:3954} INFO - Setting next_dagrun for example_branch_datetime_operator to 2026-05-07 00:00:00+00:00, run_after=2026-05-08 00:00:00+00:00
[2026-05-08T18:34:36.119+0100] {logging_mixin.py:188} INFO - [2026-05-08T18:34:36.119+0100] {dag.py:3954} INFO - Setting next_dagrun for example_branch_datetime_operator_2 to 2026-05-07 00:00:00+00:00, run_after=2026-05-08 00:00:00+00:00
[2026-05-08T18:34:36.124+0100] {logging_mixin.py:188} INFO - [2026-05-08T18:34:36.124+0100] {dag.py:3954} INFO - Setting next_dagrun for example_branch_datetime_operator_3 to 2026-05-07 00:00:00+00:00, run_after=2026-05-08 00:00:00+00:00
[2026-05-08T18:34:36.253+0100] {processor.py:183} INFO - Processing /home/najma/airflow-venv/lib/python3.12/site-packages/airflow/example_dags/example_branch_datetime_operator.py took 0.239 seconds
[2026-05-08T18:35:48.076+0100] {processor.py:161} INFO - Started process (PID=12853) to work on /home/najma/airflow-venv/lib/python3.12/site-packages/airflow/example_dags/example_branch_datetime_operator.py
[2026-05-08T18:35:48.079+0100] {processor.py:830} INFO - Processing file /home/najma/airflow-venv/lib/python3.12/site-packages/airflow/example_dags/example_branch_datetime_operator.py for tasks to queue
[2026-05-08T18:35:48.087+0100] {logging_mixin.py:188} INFO - [2026-05-08T18:35:48.086+0100] {dagbag.py:540} INFO - Filling up the DagBag from /home/najma/airflow-venv/lib/python3.12/site-packages/airflow/example_dags/example_branch_datetime_operator.py
[2026-05-08T18:35:48.097+0100] {processor.py:840} INFO - DAG(s) 'example_branch_datetime_operator_2', 'example_branch_datetime_operator', 'example_branch_datetime_operator_3' retrieved from /home/najma/airflow-venv/lib/python3.12/site-packages/airflow/example_dags/example_branch_datetime_operator.py
[2026-05-08T18:35:48.145+0100] {logging_mixin.py:188} INFO - [2026-05-08T18:35:48.144+0100] {dag.py:3096} INFO - Sync 3 DAGs
[2026-05-08T18:35:48.179+0100] {logging_mixin.py:188} INFO - [2026-05-08T18:35:48.179+0100] {dag.py:3954} INFO - Setting next_dagrun for example_branch_datetime_operator to 2026-05-07 00:00:00+00:00, run_after=2026-05-08 00:00:00+00:00
[2026-05-08T18:35:48.187+0100] {logging_mixin.py:188} INFO - [2026-05-08T18:35:48.187+0100] {dag.py:3954} INFO - Setting next_dagrun for example_branch_datetime_operator_2 to 2026-05-07 00:00:00+00:00, run_after=2026-05-08 00:00:00+00:00
[2026-05-08T18:35:48.192+0100] {logging_mixin.py:188} INFO - [2026-05-08T18:35:48.191+0100] {dag.py:3954} INFO - Setting next_dagrun for example_branch_datetime_operator_3 to 2026-05-07 00:00:00+00:00, run_after=2026-05-08 00:00:00+00:00
[2026-05-08T18:35:48.297+0100] {processor.py:183} INFO - Processing /home/najma/airflow-venv/lib/python3.12/site-packages/airflow/example_dags/example_branch_datetime_operator.py took 0.225 seconds
[2026-05-08T18:37:00.465+0100] {processor.py:161} INFO - Started process (PID=12912) to work on /home/najma/airflow-venv/lib/python3.12/site-packages/airflow/example_dags/example_branch_datetime_operator.py
[2026-05-08T18:37:00.467+0100] {processor.py:830} INFO - Processing file /home/najma/airflow-venv/lib/python3.12/site-packages/airflow/example_dags/example_branch_datetime_operator.py for tasks to queue
[2026-05-08T18:37:00.468+0100] {logging_mixin.py:188} INFO - [2026-05-08T18:37:00.468+0100] {dagbag.py:540} INFO - Filling up the DagBag from /home/najma/airflow-venv/lib/python3.12/site-packages/airflow/example_dags/example_branch_datetime_operator.py
[2026-05-08T18:37:00.477+0100] {processor.py:840} INFO - DAG(s) 'example_branch_datetime_operator_2', 'example_branch_datetime_operator', 'example_branch_datetime_operator_3' retrieved from /home/najma/airflow-venv/lib/python3.12/site-packages/airflow/example_dags/example_branch_datetime_operator.py
[2026-05-08T18:37:00.520+0100] {logging_mixin.py:188} INFO - [2026-05-08T18:37:00.520+0100] {dag.py:3096} INFO - Sync 3 DAGs
[2026-05-08T18:37:00.547+0100] {logging_mixin.py:188} INFO - [2026-05-08T18:37:00.546+0100] {dag.py:3954} INFO - Setting next_dagrun for example_branch_datetime_operator to 2026-05-07 00:00:00+00:00, run_after=2026-05-08 00:00:00+00:00
[2026-05-08T18:37:00.554+0100] {logging_mixin.py:188} INFO - [2026-05-08T18:37:00.554+0100] {dag.py:3954} INFO - Setting next_dagrun for example_branch_datetime_operator_2 to 2026-05-07 00:00:00+00:00, run_after=2026-05-08 00:00:00+00:00
[2026-05-08T18:37:00.558+0100] {logging_mixin.py:188} INFO - [2026-05-08T18:37:00.558+0100] {dag.py:3954} INFO - Setting next_dagrun for example_branch_datetime_operator_3 to 2026-05-07 00:00:00+00:00, run_after=2026-05-08 00:00:00+00:00
[2026-05-08T18:37:00.650+0100] {processor.py:183} INFO - Processing /home/najma/airflow-venv/lib/python3.12/site-packages/airflow/example_dags/example_branch_datetime_operator.py took 0.189 seconds
[2026-05-08T18:38:24.042+0100] {processor.py:161} INFO - Started process (PID=12976) to work on /home/najma/airflow-venv/lib/python3.12/site-packages/airflow/example_dags/example_branch_datetime_operator.py
[2026-05-08T18:38:24.044+0100] {processor.py:830} INFO - Processing file /home/najma/airflow-venv/lib/python3.12/site-packages/airflow/example_dags/example_branch_datetime_operator.py for tasks to queue
[2026-05-08T18:38:24.046+0100] {logging_mixin.py:188} INFO - [2026-05-08T18:38:24.045+0100] {dagbag.py:540} INFO - Filling up the DagBag from /home/najma/airflow-venv/lib/python3.12/site-packages/airflow/example_dags/example_branch_datetime_operator.py
[2026-05-08T18:38:24.058+0100] {processor.py:840} INFO - DAG(s) 'example_branch_datetime_operator_3', 'example_branch_datetime_operator', 'example_branch_datetime_operator_2' retrieved from /home/najma/airflow-venv/lib/python3.12/site-packages/airflow/example_dags/example_branch_datetime_operator.py
[2026-05-08T18:38:24.096+0100] {logging_mixin.py:188} INFO - [2026-05-08T18:38:24.096+0100] {dag.py:3096} INFO - Sync 3 DAGs
[2026-05-08T18:38:24.124+0100] {logging_mixin.py:188} INFO - [2026-05-08T18:38:24.124+0100] {dag.py:3954} INFO - Setting next_dagrun for example_branch_datetime_operator to 2026-05-07 00:00:00+00:00, run_after=2026-05-08 00:00:00+00:00
[2026-05-08T18:38:24.131+0100] {logging_mixin.py:188} INFO - [2026-05-08T18:38:24.131+0100] {dag.py:3954} INFO - Setting next_dagrun for example_branch_datetime_operator_2 to 2026-05-07 00:00:00+00:00, run_after=2026-05-08 00:00:00+00:00
[2026-05-08T18:38:24.135+0100] {logging_mixin.py:188} INFO - [2026-05-08T18:38:24.135+0100] {dag.py:3954} INFO - Setting next_dagrun for example_branch_datetime_operator_3 to 2026-05-07 00:00:00+00:00, run_after=2026-05-08 00:00:00+00:00
[2026-05-08T18:38:24.246+0100] {processor.py:183} INFO - Processing /home/najma/airflow-venv/lib/python3.12/site-packages/airflow/example_dags/example_branch_datetime_operator.py took 0.209 seconds
