[2026-05-08T16:42:57.809+0100] {processor.py:161} INFO - Started process (PID=9544) to work on /home/najma/airflow-venv/lib/python3.12/site-packages/airflow/example_dags/example_latest_only_with_trigger.py
[2026-05-08T16:42:57.810+0100] {processor.py:830} INFO - Processing file /home/najma/airflow-venv/lib/python3.12/site-packages/airflow/example_dags/example_latest_only_with_trigger.py for tasks to queue
[2026-05-08T16:42:57.812+0100] {logging_mixin.py:188} INFO - [2026-05-08T16:42:57.812+0100] {dagbag.py:540} INFO - Filling up the DagBag from /home/najma/airflow-venv/lib/python3.12/site-packages/airflow/example_dags/example_latest_only_with_trigger.py
[2026-05-08T16:42:57.821+0100] {processor.py:840} INFO - DAG(s) 'latest_only_with_trigger' retrieved from /home/najma/airflow-venv/lib/python3.12/site-packages/airflow/example_dags/example_latest_only_with_trigger.py
[2026-05-08T16:42:57.990+0100] {logging_mixin.py:188} INFO - [2026-05-08T16:42:57.989+0100] {override.py:1829} INFO - Created Permission View: can read on DAG:latest_only_with_trigger
[2026-05-08T16:42:58.043+0100] {logging_mixin.py:188} INFO - [2026-05-08T16:42:58.042+0100] {override.py:1829} INFO - Created Permission View: can edit on DAG:latest_only_with_trigger
[2026-05-08T16:42:58.092+0100] {logging_mixin.py:188} INFO - [2026-05-08T16:42:58.091+0100] {override.py:1829} INFO - Created Permission View: can delete on DAG:latest_only_with_trigger
[2026-05-08T16:42:58.093+0100] {logging_mixin.py:188} INFO - [2026-05-08T16:42:58.093+0100] {dag.py:3096} INFO - Sync 1 DAGs
[2026-05-08T16:42:58.125+0100] {logging_mixin.py:188} INFO - [2026-05-08T16:42:58.125+0100] {dag.py:3118} INFO - Creating ORM DAG for latest_only_with_trigger
[2026-05-08T16:42:58.146+0100] {logging_mixin.py:188} INFO - [2026-05-08T16:42:58.146+0100] {dag.py:3954} INFO - Setting next_dagrun for latest_only_with_trigger to 2026-05-08 08:00:00+00:00, run_after=2026-05-08 12:00:00+00:00
[2026-05-08T16:42:58.236+0100] {processor.py:183} INFO - Processing /home/najma/airflow-venv/lib/python3.12/site-packages/airflow/example_dags/example_latest_only_with_trigger.py took 0.431 seconds
[2026-05-08T16:44:11.673+0100] {processor.py:161} INFO - Started process (PID=9603) to work on /home/najma/airflow-venv/lib/python3.12/site-packages/airflow/example_dags/example_latest_only_with_trigger.py
[2026-05-08T16:44:11.676+0100] {processor.py:830} INFO - Processing file /home/najma/airflow-venv/lib/python3.12/site-packages/airflow/example_dags/example_latest_only_with_trigger.py for tasks to queue
[2026-05-08T16:44:11.677+0100] {logging_mixin.py:188} INFO - [2026-05-08T16:44:11.677+0100] {dagbag.py:540} INFO - Filling up the DagBag from /home/najma/airflow-venv/lib/python3.12/site-packages/airflow/example_dags/example_latest_only_with_trigger.py
[2026-05-08T16:44:11.682+0100] {processor.py:840} INFO - DAG(s) 'latest_only_with_trigger' retrieved from /home/najma/airflow-venv/lib/python3.12/site-packages/airflow/example_dags/example_latest_only_with_trigger.py
[2026-05-08T16:44:11.712+0100] {logging_mixin.py:188} INFO - [2026-05-08T16:44:11.711+0100] {dag.py:3096} INFO - Sync 1 DAGs
[2026-05-08T16:44:11.740+0100] {logging_mixin.py:188} INFO - [2026-05-08T16:44:11.740+0100] {dag.py:3954} INFO - Setting next_dagrun for latest_only_with_trigger to 2026-05-08 08:00:00+00:00, run_after=2026-05-08 12:00:00+00:00
[2026-05-08T16:44:11.819+0100] {processor.py:183} INFO - Processing /home/najma/airflow-venv/lib/python3.12/site-packages/airflow/example_dags/example_latest_only_with_trigger.py took 0.149 seconds
[2026-05-08T16:45:37.037+0100] {processor.py:161} INFO - Started process (PID=9678) to work on /home/najma/airflow-venv/lib/python3.12/site-packages/airflow/example_dags/example_latest_only_with_trigger.py
[2026-05-08T16:45:37.039+0100] {processor.py:830} INFO - Processing file /home/najma/airflow-venv/lib/python3.12/site-packages/airflow/example_dags/example_latest_only_with_trigger.py for tasks to queue
[2026-05-08T16:45:37.041+0100] {logging_mixin.py:188} INFO - [2026-05-08T16:45:37.041+0100] {dagbag.py:540} INFO - Filling up the DagBag from /home/najma/airflow-venv/lib/python3.12/site-packages/airflow/example_dags/example_latest_only_with_trigger.py
[2026-05-08T16:45:37.049+0100] {processor.py:840} INFO - DAG(s) 'latest_only_with_trigger' retrieved from /home/najma/airflow-venv/lib/python3.12/site-packages/airflow/example_dags/example_latest_only_with_trigger.py
[2026-05-08T16:45:37.084+0100] {logging_mixin.py:188} INFO - [2026-05-08T16:45:37.084+0100] {dag.py:3096} INFO - Sync 1 DAGs
[2026-05-08T16:45:37.110+0100] {logging_mixin.py:188} INFO - [2026-05-08T16:45:37.110+0100] {dag.py:3954} INFO - Setting next_dagrun for latest_only_with_trigger to 2026-05-08 08:00:00+00:00, run_after=2026-05-08 12:00:00+00:00
[2026-05-08T16:45:37.193+0100] {processor.py:183} INFO - Processing /home/najma/airflow-venv/lib/python3.12/site-packages/airflow/example_dags/example_latest_only_with_trigger.py took 0.164 seconds
[2026-05-08T16:46:52.571+0100] {processor.py:161} INFO - Started process (PID=9751) to work on /home/najma/airflow-venv/lib/python3.12/site-packages/airflow/example_dags/example_latest_only_with_trigger.py
[2026-05-08T16:46:52.573+0100] {processor.py:830} INFO - Processing file /home/najma/airflow-venv/lib/python3.12/site-packages/airflow/example_dags/example_latest_only_with_trigger.py for tasks to queue
[2026-05-08T16:46:52.576+0100] {logging_mixin.py:188} INFO - [2026-05-08T16:46:52.576+0100] {dagbag.py:540} INFO - Filling up the DagBag from /home/najma/airflow-venv/lib/python3.12/site-packages/airflow/example_dags/example_latest_only_with_trigger.py
[2026-05-08T16:46:52.586+0100] {processor.py:840} INFO - DAG(s) 'latest_only_with_trigger' retrieved from /home/najma/airflow-venv/lib/python3.12/site-packages/airflow/example_dags/example_latest_only_with_trigger.py
[2026-05-08T16:46:52.628+0100] {logging_mixin.py:188} INFO - [2026-05-08T16:46:52.628+0100] {dag.py:3096} INFO - Sync 1 DAGs
[2026-05-08T16:46:52.666+0100] {logging_mixin.py:188} INFO - [2026-05-08T16:46:52.665+0100] {dag.py:3954} INFO - Setting next_dagrun for latest_only_with_trigger to 2026-05-08 08:00:00+00:00, run_after=2026-05-08 12:00:00+00:00
[2026-05-08T16:46:52.785+0100] {processor.py:183} INFO - Processing /home/najma/airflow-venv/lib/python3.12/site-packages/airflow/example_dags/example_latest_only_with_trigger.py took 0.221 seconds
[2026-05-08T16:48:09.085+0100] {processor.py:161} INFO - Started process (PID=9821) to work on /home/najma/airflow-venv/lib/python3.12/site-packages/airflow/example_dags/example_latest_only_with_trigger.py
[2026-05-08T16:48:09.086+0100] {processor.py:830} INFO - Processing file /home/najma/airflow-venv/lib/python3.12/site-packages/airflow/example_dags/example_latest_only_with_trigger.py for tasks to queue
[2026-05-08T16:48:09.088+0100] {logging_mixin.py:188} INFO - [2026-05-08T16:48:09.087+0100] {dagbag.py:540} INFO - Filling up the DagBag from /home/najma/airflow-venv/lib/python3.12/site-packages/airflow/example_dags/example_latest_only_with_trigger.py
[2026-05-08T16:48:09.092+0100] {processor.py:840} INFO - DAG(s) 'latest_only_with_trigger' retrieved from /home/najma/airflow-venv/lib/python3.12/site-packages/airflow/example_dags/example_latest_only_with_trigger.py
[2026-05-08T16:48:09.118+0100] {logging_mixin.py:188} INFO - [2026-05-08T16:48:09.117+0100] {dag.py:3096} INFO - Sync 1 DAGs
[2026-05-08T16:48:09.144+0100] {logging_mixin.py:188} INFO - [2026-05-08T16:48:09.144+0100] {dag.py:3954} INFO - Setting next_dagrun for latest_only_with_trigger to 2026-05-08 08:00:00+00:00, run_after=2026-05-08 12:00:00+00:00
[2026-05-08T16:48:09.224+0100] {processor.py:183} INFO - Processing /home/najma/airflow-venv/lib/python3.12/site-packages/airflow/example_dags/example_latest_only_with_trigger.py took 0.144 seconds
[2026-05-08T16:49:22.835+0100] {processor.py:161} INFO - Started process (PID=9886) to work on /home/najma/airflow-venv/lib/python3.12/site-packages/airflow/example_dags/example_latest_only_with_trigger.py
[2026-05-08T16:49:22.836+0100] {processor.py:830} INFO - Processing file /home/najma/airflow-venv/lib/python3.12/site-packages/airflow/example_dags/example_latest_only_with_trigger.py for tasks to queue
[2026-05-08T16:49:22.837+0100] {logging_mixin.py:188} INFO - [2026-05-08T16:49:22.837+0100] {dagbag.py:540} INFO - Filling up the DagBag from /home/najma/airflow-venv/lib/python3.12/site-packages/airflow/example_dags/example_latest_only_with_trigger.py
[2026-05-08T16:49:22.841+0100] {processor.py:840} INFO - DAG(s) 'latest_only_with_trigger' retrieved from /home/najma/airflow-venv/lib/python3.12/site-packages/airflow/example_dags/example_latest_only_with_trigger.py
[2026-05-08T16:49:22.869+0100] {logging_mixin.py:188} INFO - [2026-05-08T16:49:22.869+0100] {dag.py:3096} INFO - Sync 1 DAGs
[2026-05-08T16:49:22.895+0100] {logging_mixin.py:188} INFO - [2026-05-08T16:49:22.895+0100] {dag.py:3954} INFO - Setting next_dagrun for latest_only_with_trigger to 2026-05-08 08:00:00+00:00, run_after=2026-05-08 12:00:00+00:00
[2026-05-08T16:49:22.974+0100] {processor.py:183} INFO - Processing /home/najma/airflow-venv/lib/python3.12/site-packages/airflow/example_dags/example_latest_only_with_trigger.py took 0.143 seconds
[2026-05-08T17:45:34.700+0100] {processor.py:161} INFO - Started process (PID=10245) to work on /home/najma/airflow-venv/lib/python3.12/site-packages/airflow/example_dags/example_latest_only_with_trigger.py
[2026-05-08T17:45:34.702+0100] {processor.py:830} INFO - Processing file /home/najma/airflow-venv/lib/python3.12/site-packages/airflow/example_dags/example_latest_only_with_trigger.py for tasks to queue
[2026-05-08T17:45:34.703+0100] {logging_mixin.py:188} INFO - [2026-05-08T17:45:34.703+0100] {dagbag.py:540} INFO - Filling up the DagBag from /home/najma/airflow-venv/lib/python3.12/site-packages/airflow/example_dags/example_latest_only_with_trigger.py
[2026-05-08T17:45:34.707+0100] {processor.py:840} INFO - DAG(s) 'latest_only_with_trigger' retrieved from /home/najma/airflow-venv/lib/python3.12/site-packages/airflow/example_dags/example_latest_only_with_trigger.py
[2026-05-08T17:45:34.738+0100] {logging_mixin.py:188} INFO - [2026-05-08T17:45:34.738+0100] {dag.py:3096} INFO - Sync 1 DAGs
[2026-05-08T17:45:34.764+0100] {logging_mixin.py:188} INFO - [2026-05-08T17:45:34.764+0100] {dag.py:3954} INFO - Setting next_dagrun for latest_only_with_trigger to 2026-05-08 12:00:00+00:00, run_after=2026-05-08 16:00:00+00:00
[2026-05-08T17:45:34.883+0100] {processor.py:183} INFO - Processing /home/najma/airflow-venv/lib/python3.12/site-packages/airflow/example_dags/example_latest_only_with_trigger.py took 0.187 seconds
[2026-05-08T17:46:43.711+0100] {processor.py:161} INFO - Started process (PID=10319) to work on /home/najma/airflow-venv/lib/python3.12/site-packages/airflow/example_dags/example_latest_only_with_trigger.py
[2026-05-08T17:46:43.713+0100] {processor.py:830} INFO - Processing file /home/najma/airflow-venv/lib/python3.12/site-packages/airflow/example_dags/example_latest_only_with_trigger.py for tasks to queue
[2026-05-08T17:46:43.715+0100] {logging_mixin.py:188} INFO - [2026-05-08T17:46:43.714+0100] {dagbag.py:540} INFO - Filling up the DagBag from /home/najma/airflow-venv/lib/python3.12/site-packages/airflow/example_dags/example_latest_only_with_trigger.py
[2026-05-08T17:46:43.728+0100] {processor.py:840} INFO - DAG(s) 'latest_only_with_trigger' retrieved from /home/najma/airflow-venv/lib/python3.12/site-packages/airflow/example_dags/example_latest_only_with_trigger.py
[2026-05-08T17:46:43.784+0100] {logging_mixin.py:188} INFO - [2026-05-08T17:46:43.783+0100] {dag.py:3096} INFO - Sync 1 DAGs
[2026-05-08T17:46:43.826+0100] {logging_mixin.py:188} INFO - [2026-05-08T17:46:43.825+0100] {dag.py:3954} INFO - Setting next_dagrun for latest_only_with_trigger to 2026-05-08 12:00:00+00:00, run_after=2026-05-08 16:00:00+00:00
[2026-05-08T17:46:43.921+0100] {processor.py:183} INFO - Processing /home/najma/airflow-venv/lib/python3.12/site-packages/airflow/example_dags/example_latest_only_with_trigger.py took 0.218 seconds
[2026-05-08T17:48:03.544+0100] {processor.py:161} INFO - Started process (PID=10380) to work on /home/najma/airflow-venv/lib/python3.12/site-packages/airflow/example_dags/example_latest_only_with_trigger.py
[2026-05-08T17:48:03.545+0100] {processor.py:830} INFO - Processing file /home/najma/airflow-venv/lib/python3.12/site-packages/airflow/example_dags/example_latest_only_with_trigger.py for tasks to queue
[2026-05-08T17:48:03.547+0100] {logging_mixin.py:188} INFO - [2026-05-08T17:48:03.547+0100] {dagbag.py:540} INFO - Filling up the DagBag from /home/najma/airflow-venv/lib/python3.12/site-packages/airflow/example_dags/example_latest_only_with_trigger.py
[2026-05-08T17:48:03.558+0100] {processor.py:840} INFO - DAG(s) 'latest_only_with_trigger' retrieved from /home/najma/airflow-venv/lib/python3.12/site-packages/airflow/example_dags/example_latest_only_with_trigger.py
[2026-05-08T17:48:03.588+0100] {logging_mixin.py:188} INFO - [2026-05-08T17:48:03.588+0100] {dag.py:3096} INFO - Sync 1 DAGs
[2026-05-08T17:48:03.626+0100] {logging_mixin.py:188} INFO - [2026-05-08T17:48:03.626+0100] {dag.py:3954} INFO - Setting next_dagrun for latest_only_with_trigger to 2026-05-08 12:00:00+00:00, run_after=2026-05-08 16:00:00+00:00
[2026-05-08T17:48:03.705+0100] {processor.py:183} INFO - Processing /home/najma/airflow-venv/lib/python3.12/site-packages/airflow/example_dags/example_latest_only_with_trigger.py took 0.165 seconds
[2026-05-08T17:49:11.001+0100] {processor.py:161} INFO - Started process (PID=10441) to work on /home/najma/airflow-venv/lib/python3.12/site-packages/airflow/example_dags/example_latest_only_with_trigger.py
[2026-05-08T17:49:11.003+0100] {processor.py:830} INFO - Processing file /home/najma/airflow-venv/lib/python3.12/site-packages/airflow/example_dags/example_latest_only_with_trigger.py for tasks to queue
[2026-05-08T17:49:11.004+0100] {logging_mixin.py:188} INFO - [2026-05-08T17:49:11.004+0100] {dagbag.py:540} INFO - Filling up the DagBag from /home/najma/airflow-venv/lib/python3.12/site-packages/airflow/example_dags/example_latest_only_with_trigger.py
[2026-05-08T17:49:11.008+0100] {processor.py:840} INFO - DAG(s) 'latest_only_with_trigger' retrieved from /home/najma/airflow-venv/lib/python3.12/site-packages/airflow/example_dags/example_latest_only_with_trigger.py
[2026-05-08T17:49:11.039+0100] {logging_mixin.py:188} INFO - [2026-05-08T17:49:11.039+0100] {dag.py:3096} INFO - Sync 1 DAGs
[2026-05-08T17:49:11.069+0100] {logging_mixin.py:188} INFO - [2026-05-08T17:49:11.069+0100] {dag.py:3954} INFO - Setting next_dagrun for latest_only_with_trigger to 2026-05-08 12:00:00+00:00, run_after=2026-05-08 16:00:00+00:00
[2026-05-08T17:49:11.161+0100] {processor.py:183} INFO - Processing /home/najma/airflow-venv/lib/python3.12/site-packages/airflow/example_dags/example_latest_only_with_trigger.py took 0.163 seconds
[2026-05-08T17:50:24.690+0100] {processor.py:161} INFO - Started process (PID=10502) to work on /home/najma/airflow-venv/lib/python3.12/site-packages/airflow/example_dags/example_latest_only_with_trigger.py
[2026-05-08T17:50:24.691+0100] {processor.py:830} INFO - Processing file /home/najma/airflow-venv/lib/python3.12/site-packages/airflow/example_dags/example_latest_only_with_trigger.py for tasks to queue
[2026-05-08T17:50:24.693+0100] {logging_mixin.py:188} INFO - [2026-05-08T17:50:24.692+0100] {dagbag.py:540} INFO - Filling up the DagBag from /home/najma/airflow-venv/lib/python3.12/site-packages/airflow/example_dags/example_latest_only_with_trigger.py
[2026-05-08T17:50:24.697+0100] {processor.py:840} INFO - DAG(s) 'latest_only_with_trigger' retrieved from /home/najma/airflow-venv/lib/python3.12/site-packages/airflow/example_dags/example_latest_only_with_trigger.py
[2026-05-08T17:50:24.727+0100] {logging_mixin.py:188} INFO - [2026-05-08T17:50:24.727+0100] {dag.py:3096} INFO - Sync 1 DAGs
[2026-05-08T17:50:24.752+0100] {logging_mixin.py:188} INFO - [2026-05-08T17:50:24.752+0100] {dag.py:3954} INFO - Setting next_dagrun for latest_only_with_trigger to 2026-05-08 12:00:00+00:00, run_after=2026-05-08 16:00:00+00:00
[2026-05-08T17:50:24.852+0100] {processor.py:183} INFO - Processing /home/najma/airflow-venv/lib/python3.12/site-packages/airflow/example_dags/example_latest_only_with_trigger.py took 0.167 seconds
[2026-05-08T17:51:36.469+0100] {processor.py:161} INFO - Started process (PID=10562) to work on /home/najma/airflow-venv/lib/python3.12/site-packages/airflow/example_dags/example_latest_only_with_trigger.py
[2026-05-08T17:51:36.470+0100] {processor.py:830} INFO - Processing file /home/najma/airflow-venv/lib/python3.12/site-packages/airflow/example_dags/example_latest_only_with_trigger.py for tasks to queue
[2026-05-08T17:51:36.472+0100] {logging_mixin.py:188} INFO - [2026-05-08T17:51:36.472+0100] {dagbag.py:540} INFO - Filling up the DagBag from /home/najma/airflow-venv/lib/python3.12/site-packages/airflow/example_dags/example_latest_only_with_trigger.py
[2026-05-08T17:51:36.476+0100] {processor.py:840} INFO - DAG(s) 'latest_only_with_trigger' retrieved from /home/najma/airflow-venv/lib/python3.12/site-packages/airflow/example_dags/example_latest_only_with_trigger.py
[2026-05-08T17:51:36.505+0100] {logging_mixin.py:188} INFO - [2026-05-08T17:51:36.505+0100] {dag.py:3096} INFO - Sync 1 DAGs
[2026-05-08T17:51:36.532+0100] {logging_mixin.py:188} INFO - [2026-05-08T17:51:36.532+0100] {dag.py:3954} INFO - Setting next_dagrun for latest_only_with_trigger to 2026-05-08 12:00:00+00:00, run_after=2026-05-08 16:00:00+00:00
[2026-05-08T17:51:36.642+0100] {processor.py:183} INFO - Processing /home/najma/airflow-venv/lib/python3.12/site-packages/airflow/example_dags/example_latest_only_with_trigger.py took 0.177 seconds
[2026-05-08T17:52:58.531+0100] {processor.py:161} INFO - Started process (PID=10652) to work on /home/najma/airflow-venv/lib/python3.12/site-packages/airflow/example_dags/example_latest_only_with_trigger.py
[2026-05-08T17:52:58.536+0100] {processor.py:830} INFO - Processing file /home/najma/airflow-venv/lib/python3.12/site-packages/airflow/example_dags/example_latest_only_with_trigger.py for tasks to queue
[2026-05-08T17:52:58.538+0100] {logging_mixin.py:188} INFO - [2026-05-08T17:52:58.538+0100] {dagbag.py:540} INFO - Filling up the DagBag from /home/najma/airflow-venv/lib/python3.12/site-packages/airflow/example_dags/example_latest_only_with_trigger.py
[2026-05-08T17:52:58.542+0100] {processor.py:840} INFO - DAG(s) 'latest_only_with_trigger' retrieved from /home/najma/airflow-venv/lib/python3.12/site-packages/airflow/example_dags/example_latest_only_with_trigger.py
[2026-05-08T17:52:58.575+0100] {logging_mixin.py:188} INFO - [2026-05-08T17:52:58.575+0100] {dag.py:3096} INFO - Sync 1 DAGs
[2026-05-08T17:52:58.619+0100] {logging_mixin.py:188} INFO - [2026-05-08T17:52:58.619+0100] {dag.py:3954} INFO - Setting next_dagrun for latest_only_with_trigger to 2026-05-08 12:00:00+00:00, run_after=2026-05-08 16:00:00+00:00
[2026-05-08T17:52:58.710+0100] {processor.py:183} INFO - Processing /home/najma/airflow-venv/lib/python3.12/site-packages/airflow/example_dags/example_latest_only_with_trigger.py took 0.182 seconds
[2026-05-08T17:54:07.889+0100] {processor.py:161} INFO - Started process (PID=10713) to work on /home/najma/airflow-venv/lib/python3.12/site-packages/airflow/example_dags/example_latest_only_with_trigger.py
[2026-05-08T17:54:07.891+0100] {processor.py:830} INFO - Processing file /home/najma/airflow-venv/lib/python3.12/site-packages/airflow/example_dags/example_latest_only_with_trigger.py for tasks to queue
[2026-05-08T17:54:07.892+0100] {logging_mixin.py:188} INFO - [2026-05-08T17:54:07.892+0100] {dagbag.py:540} INFO - Filling up the DagBag from /home/najma/airflow-venv/lib/python3.12/site-packages/airflow/example_dags/example_latest_only_with_trigger.py
[2026-05-08T17:54:07.896+0100] {processor.py:840} INFO - DAG(s) 'latest_only_with_trigger' retrieved from /home/najma/airflow-venv/lib/python3.12/site-packages/airflow/example_dags/example_latest_only_with_trigger.py
[2026-05-08T17:54:07.924+0100] {logging_mixin.py:188} INFO - [2026-05-08T17:54:07.923+0100] {dag.py:3096} INFO - Sync 1 DAGs
[2026-05-08T17:54:07.950+0100] {logging_mixin.py:188} INFO - [2026-05-08T17:54:07.950+0100] {dag.py:3954} INFO - Setting next_dagrun for latest_only_with_trigger to 2026-05-08 12:00:00+00:00, run_after=2026-05-08 16:00:00+00:00
[2026-05-08T17:54:08.026+0100] {processor.py:183} INFO - Processing /home/najma/airflow-venv/lib/python3.12/site-packages/airflow/example_dags/example_latest_only_with_trigger.py took 0.140 seconds
[2026-05-08T17:55:14.562+0100] {processor.py:161} INFO - Started process (PID=10783) to work on /home/najma/airflow-venv/lib/python3.12/site-packages/airflow/example_dags/example_latest_only_with_trigger.py
[2026-05-08T17:55:14.563+0100] {processor.py:830} INFO - Processing file /home/najma/airflow-venv/lib/python3.12/site-packages/airflow/example_dags/example_latest_only_with_trigger.py for tasks to queue
[2026-05-08T17:55:14.565+0100] {logging_mixin.py:188} INFO - [2026-05-08T17:55:14.564+0100] {dagbag.py:540} INFO - Filling up the DagBag from /home/najma/airflow-venv/lib/python3.12/site-packages/airflow/example_dags/example_latest_only_with_trigger.py
[2026-05-08T17:55:14.569+0100] {processor.py:840} INFO - DAG(s) 'latest_only_with_trigger' retrieved from /home/najma/airflow-venv/lib/python3.12/site-packages/airflow/example_dags/example_latest_only_with_trigger.py
[2026-05-08T17:55:14.595+0100] {logging_mixin.py:188} INFO - [2026-05-08T17:55:14.595+0100] {dag.py:3096} INFO - Sync 1 DAGs
[2026-05-08T17:55:14.619+0100] {logging_mixin.py:188} INFO - [2026-05-08T17:55:14.619+0100] {dag.py:3954} INFO - Setting next_dagrun for latest_only_with_trigger to 2026-05-08 12:00:00+00:00, run_after=2026-05-08 16:00:00+00:00
[2026-05-08T17:55:14.707+0100] {processor.py:183} INFO - Processing /home/najma/airflow-venv/lib/python3.12/site-packages/airflow/example_dags/example_latest_only_with_trigger.py took 0.148 seconds
[2026-05-08T17:56:21.254+0100] {processor.py:161} INFO - Started process (PID=10842) to work on /home/najma/airflow-venv/lib/python3.12/site-packages/airflow/example_dags/example_latest_only_with_trigger.py
[2026-05-08T17:56:21.255+0100] {processor.py:830} INFO - Processing file /home/najma/airflow-venv/lib/python3.12/site-packages/airflow/example_dags/example_latest_only_with_trigger.py for tasks to queue
[2026-05-08T17:56:21.257+0100] {logging_mixin.py:188} INFO - [2026-05-08T17:56:21.257+0100] {dagbag.py:540} INFO - Filling up the DagBag from /home/najma/airflow-venv/lib/python3.12/site-packages/airflow/example_dags/example_latest_only_with_trigger.py
[2026-05-08T17:56:21.268+0100] {processor.py:840} INFO - DAG(s) 'latest_only_with_trigger' retrieved from /home/najma/airflow-venv/lib/python3.12/site-packages/airflow/example_dags/example_latest_only_with_trigger.py
[2026-05-08T17:56:21.303+0100] {logging_mixin.py:188} INFO - [2026-05-08T17:56:21.303+0100] {dag.py:3096} INFO - Sync 1 DAGs
[2026-05-08T17:56:21.333+0100] {logging_mixin.py:188} INFO - [2026-05-08T17:56:21.333+0100] {dag.py:3954} INFO - Setting next_dagrun for latest_only_with_trigger to 2026-05-08 12:00:00+00:00, run_after=2026-05-08 16:00:00+00:00
[2026-05-08T17:56:21.415+0100] {processor.py:183} INFO - Processing /home/najma/airflow-venv/lib/python3.12/site-packages/airflow/example_dags/example_latest_only_with_trigger.py took 0.168 seconds
[2026-05-08T17:57:37.935+0100] {processor.py:161} INFO - Started process (PID=10903) to work on /home/najma/airflow-venv/lib/python3.12/site-packages/airflow/example_dags/example_latest_only_with_trigger.py
[2026-05-08T17:57:37.936+0100] {processor.py:830} INFO - Processing file /home/najma/airflow-venv/lib/python3.12/site-packages/airflow/example_dags/example_latest_only_with_trigger.py for tasks to queue
[2026-05-08T17:57:37.939+0100] {logging_mixin.py:188} INFO - [2026-05-08T17:57:37.938+0100] {dagbag.py:540} INFO - Filling up the DagBag from /home/najma/airflow-venv/lib/python3.12/site-packages/airflow/example_dags/example_latest_only_with_trigger.py
[2026-05-08T17:57:37.943+0100] {processor.py:840} INFO - DAG(s) 'latest_only_with_trigger' retrieved from /home/najma/airflow-venv/lib/python3.12/site-packages/airflow/example_dags/example_latest_only_with_trigger.py
[2026-05-08T17:57:37.971+0100] {logging_mixin.py:188} INFO - [2026-05-08T17:57:37.970+0100] {dag.py:3096} INFO - Sync 1 DAGs
[2026-05-08T17:57:37.995+0100] {logging_mixin.py:188} INFO - [2026-05-08T17:57:37.995+0100] {dag.py:3954} INFO - Setting next_dagrun for latest_only_with_trigger to 2026-05-08 12:00:00+00:00, run_after=2026-05-08 16:00:00+00:00
[2026-05-08T17:57:38.073+0100] {processor.py:183} INFO - Processing /home/najma/airflow-venv/lib/python3.12/site-packages/airflow/example_dags/example_latest_only_with_trigger.py took 0.142 seconds
[2026-05-08T17:58:47.304+0100] {processor.py:161} INFO - Started process (PID=10964) to work on /home/najma/airflow-venv/lib/python3.12/site-packages/airflow/example_dags/example_latest_only_with_trigger.py
[2026-05-08T17:58:47.305+0100] {processor.py:830} INFO - Processing file /home/najma/airflow-venv/lib/python3.12/site-packages/airflow/example_dags/example_latest_only_with_trigger.py for tasks to queue
[2026-05-08T17:58:47.307+0100] {logging_mixin.py:188} INFO - [2026-05-08T17:58:47.306+0100] {dagbag.py:540} INFO - Filling up the DagBag from /home/najma/airflow-venv/lib/python3.12/site-packages/airflow/example_dags/example_latest_only_with_trigger.py
[2026-05-08T17:58:47.311+0100] {processor.py:840} INFO - DAG(s) 'latest_only_with_trigger' retrieved from /home/najma/airflow-venv/lib/python3.12/site-packages/airflow/example_dags/example_latest_only_with_trigger.py
[2026-05-08T17:58:47.337+0100] {logging_mixin.py:188} INFO - [2026-05-08T17:58:47.337+0100] {dag.py:3096} INFO - Sync 1 DAGs
[2026-05-08T17:58:47.362+0100] {logging_mixin.py:188} INFO - [2026-05-08T17:58:47.362+0100] {dag.py:3954} INFO - Setting next_dagrun for latest_only_with_trigger to 2026-05-08 12:00:00+00:00, run_after=2026-05-08 16:00:00+00:00
[2026-05-08T17:58:47.457+0100] {processor.py:183} INFO - Processing /home/najma/airflow-venv/lib/python3.12/site-packages/airflow/example_dags/example_latest_only_with_trigger.py took 0.157 seconds
[2026-05-08T17:59:53.176+0100] {processor.py:161} INFO - Started process (PID=11024) to work on /home/najma/airflow-venv/lib/python3.12/site-packages/airflow/example_dags/example_latest_only_with_trigger.py
[2026-05-08T17:59:53.177+0100] {processor.py:830} INFO - Processing file /home/najma/airflow-venv/lib/python3.12/site-packages/airflow/example_dags/example_latest_only_with_trigger.py for tasks to queue
[2026-05-08T17:59:53.179+0100] {logging_mixin.py:188} INFO - [2026-05-08T17:59:53.178+0100] {dagbag.py:540} INFO - Filling up the DagBag from /home/najma/airflow-venv/lib/python3.12/site-packages/airflow/example_dags/example_latest_only_with_trigger.py
[2026-05-08T17:59:53.183+0100] {processor.py:840} INFO - DAG(s) 'latest_only_with_trigger' retrieved from /home/najma/airflow-venv/lib/python3.12/site-packages/airflow/example_dags/example_latest_only_with_trigger.py
[2026-05-08T17:59:53.212+0100] {logging_mixin.py:188} INFO - [2026-05-08T17:59:53.212+0100] {dag.py:3096} INFO - Sync 1 DAGs
[2026-05-08T17:59:53.234+0100] {logging_mixin.py:188} INFO - [2026-05-08T17:59:53.234+0100] {dag.py:3954} INFO - Setting next_dagrun for latest_only_with_trigger to 2026-05-08 12:00:00+00:00, run_after=2026-05-08 16:00:00+00:00
[2026-05-08T17:59:53.309+0100] {processor.py:183} INFO - Processing /home/najma/airflow-venv/lib/python3.12/site-packages/airflow/example_dags/example_latest_only_with_trigger.py took 0.137 seconds
[2026-05-08T18:01:03.283+0100] {processor.py:161} INFO - Started process (PID=11085) to work on /home/najma/airflow-venv/lib/python3.12/site-packages/airflow/example_dags/example_latest_only_with_trigger.py
[2026-05-08T18:01:03.284+0100] {processor.py:830} INFO - Processing file /home/najma/airflow-venv/lib/python3.12/site-packages/airflow/example_dags/example_latest_only_with_trigger.py for tasks to queue
[2026-05-08T18:01:03.287+0100] {logging_mixin.py:188} INFO - [2026-05-08T18:01:03.286+0100] {dagbag.py:540} INFO - Filling up the DagBag from /home/najma/airflow-venv/lib/python3.12/site-packages/airflow/example_dags/example_latest_only_with_trigger.py
[2026-05-08T18:01:03.291+0100] {processor.py:840} INFO - DAG(s) 'latest_only_with_trigger' retrieved from /home/najma/airflow-venv/lib/python3.12/site-packages/airflow/example_dags/example_latest_only_with_trigger.py
[2026-05-08T18:01:03.319+0100] {logging_mixin.py:188} INFO - [2026-05-08T18:01:03.319+0100] {dag.py:3096} INFO - Sync 1 DAGs
[2026-05-08T18:01:03.345+0100] {logging_mixin.py:188} INFO - [2026-05-08T18:01:03.345+0100] {dag.py:3954} INFO - Setting next_dagrun for latest_only_with_trigger to 2026-05-08 12:00:00+00:00, run_after=2026-05-08 16:00:00+00:00
[2026-05-08T18:01:03.439+0100] {processor.py:183} INFO - Processing /home/najma/airflow-venv/lib/python3.12/site-packages/airflow/example_dags/example_latest_only_with_trigger.py took 0.160 seconds
[2026-05-08T18:02:07.280+0100] {processor.py:161} INFO - Started process (PID=11142) to work on /home/najma/airflow-venv/lib/python3.12/site-packages/airflow/example_dags/example_latest_only_with_trigger.py
[2026-05-08T18:02:07.281+0100] {processor.py:830} INFO - Processing file /home/najma/airflow-venv/lib/python3.12/site-packages/airflow/example_dags/example_latest_only_with_trigger.py for tasks to queue
[2026-05-08T18:02:07.283+0100] {logging_mixin.py:188} INFO - [2026-05-08T18:02:07.283+0100] {dagbag.py:540} INFO - Filling up the DagBag from /home/najma/airflow-venv/lib/python3.12/site-packages/airflow/example_dags/example_latest_only_with_trigger.py
[2026-05-08T18:02:07.287+0100] {processor.py:840} INFO - DAG(s) 'latest_only_with_trigger' retrieved from /home/najma/airflow-venv/lib/python3.12/site-packages/airflow/example_dags/example_latest_only_with_trigger.py
[2026-05-08T18:02:07.313+0100] {logging_mixin.py:188} INFO - [2026-05-08T18:02:07.312+0100] {dag.py:3096} INFO - Sync 1 DAGs
[2026-05-08T18:02:07.338+0100] {logging_mixin.py:188} INFO - [2026-05-08T18:02:07.338+0100] {dag.py:3954} INFO - Setting next_dagrun for latest_only_with_trigger to 2026-05-08 12:00:00+00:00, run_after=2026-05-08 16:00:00+00:00
[2026-05-08T18:02:07.413+0100] {processor.py:183} INFO - Processing /home/najma/airflow-venv/lib/python3.12/site-packages/airflow/example_dags/example_latest_only_with_trigger.py took 0.136 seconds
[2026-05-08T18:03:10.532+0100] {processor.py:161} INFO - Started process (PID=11200) to work on /home/najma/airflow-venv/lib/python3.12/site-packages/airflow/example_dags/example_latest_only_with_trigger.py
[2026-05-08T18:03:10.533+0100] {processor.py:830} INFO - Processing file /home/najma/airflow-venv/lib/python3.12/site-packages/airflow/example_dags/example_latest_only_with_trigger.py for tasks to queue
[2026-05-08T18:03:10.535+0100] {logging_mixin.py:188} INFO - [2026-05-08T18:03:10.534+0100] {dagbag.py:540} INFO - Filling up the DagBag from /home/najma/airflow-venv/lib/python3.12/site-packages/airflow/example_dags/example_latest_only_with_trigger.py
[2026-05-08T18:03:10.539+0100] {processor.py:840} INFO - DAG(s) 'latest_only_with_trigger' retrieved from /home/najma/airflow-venv/lib/python3.12/site-packages/airflow/example_dags/example_latest_only_with_trigger.py
[2026-05-08T18:03:10.564+0100] {logging_mixin.py:188} INFO - [2026-05-08T18:03:10.564+0100] {dag.py:3096} INFO - Sync 1 DAGs
[2026-05-08T18:03:10.587+0100] {logging_mixin.py:188} INFO - [2026-05-08T18:03:10.587+0100] {dag.py:3954} INFO - Setting next_dagrun for latest_only_with_trigger to 2026-05-08 12:00:00+00:00, run_after=2026-05-08 16:00:00+00:00
[2026-05-08T18:03:10.678+0100] {processor.py:183} INFO - Processing /home/najma/airflow-venv/lib/python3.12/site-packages/airflow/example_dags/example_latest_only_with_trigger.py took 0.150 seconds
[2026-05-08T18:04:20.462+0100] {processor.py:161} INFO - Started process (PID=11260) to work on /home/najma/airflow-venv/lib/python3.12/site-packages/airflow/example_dags/example_latest_only_with_trigger.py
[2026-05-08T18:04:20.463+0100] {processor.py:830} INFO - Processing file /home/najma/airflow-venv/lib/python3.12/site-packages/airflow/example_dags/example_latest_only_with_trigger.py for tasks to queue
[2026-05-08T18:04:20.465+0100] {logging_mixin.py:188} INFO - [2026-05-08T18:04:20.464+0100] {dagbag.py:540} INFO - Filling up the DagBag from /home/najma/airflow-venv/lib/python3.12/site-packages/airflow/example_dags/example_latest_only_with_trigger.py
[2026-05-08T18:04:20.469+0100] {processor.py:840} INFO - DAG(s) 'latest_only_with_trigger' retrieved from /home/najma/airflow-venv/lib/python3.12/site-packages/airflow/example_dags/example_latest_only_with_trigger.py
[2026-05-08T18:04:20.495+0100] {logging_mixin.py:188} INFO - [2026-05-08T18:04:20.495+0100] {dag.py:3096} INFO - Sync 1 DAGs
[2026-05-08T18:04:20.521+0100] {logging_mixin.py:188} INFO - [2026-05-08T18:04:20.521+0100] {dag.py:3954} INFO - Setting next_dagrun for latest_only_with_trigger to 2026-05-08 12:00:00+00:00, run_after=2026-05-08 16:00:00+00:00
[2026-05-08T18:04:20.703+0100] {processor.py:183} INFO - Processing /home/najma/airflow-venv/lib/python3.12/site-packages/airflow/example_dags/example_latest_only_with_trigger.py took 0.245 seconds
[2026-05-08T18:05:28.252+0100] {processor.py:161} INFO - Started process (PID=11318) to work on /home/najma/airflow-venv/lib/python3.12/site-packages/airflow/example_dags/example_latest_only_with_trigger.py
[2026-05-08T18:05:28.253+0100] {processor.py:830} INFO - Processing file /home/najma/airflow-venv/lib/python3.12/site-packages/airflow/example_dags/example_latest_only_with_trigger.py for tasks to queue
[2026-05-08T18:05:28.255+0100] {logging_mixin.py:188} INFO - [2026-05-08T18:05:28.255+0100] {dagbag.py:540} INFO - Filling up the DagBag from /home/najma/airflow-venv/lib/python3.12/site-packages/airflow/example_dags/example_latest_only_with_trigger.py
[2026-05-08T18:05:28.259+0100] {processor.py:840} INFO - DAG(s) 'latest_only_with_trigger' retrieved from /home/najma/airflow-venv/lib/python3.12/site-packages/airflow/example_dags/example_latest_only_with_trigger.py
[2026-05-08T18:05:28.287+0100] {logging_mixin.py:188} INFO - [2026-05-08T18:05:28.287+0100] {dag.py:3096} INFO - Sync 1 DAGs
[2026-05-08T18:05:28.397+0100] {logging_mixin.py:188} INFO - [2026-05-08T18:05:28.397+0100] {dag.py:3954} INFO - Setting next_dagrun for latest_only_with_trigger to 2026-05-08 12:00:00+00:00, run_after=2026-05-08 16:00:00+00:00
[2026-05-08T18:05:28.489+0100] {processor.py:183} INFO - Processing /home/najma/airflow-venv/lib/python3.12/site-packages/airflow/example_dags/example_latest_only_with_trigger.py took 0.240 seconds
[2026-05-08T18:06:32.953+0100] {processor.py:161} INFO - Started process (PID=11377) to work on /home/najma/airflow-venv/lib/python3.12/site-packages/airflow/example_dags/example_latest_only_with_trigger.py
[2026-05-08T18:06:32.954+0100] {processor.py:830} INFO - Processing file /home/najma/airflow-venv/lib/python3.12/site-packages/airflow/example_dags/example_latest_only_with_trigger.py for tasks to queue
[2026-05-08T18:06:32.956+0100] {logging_mixin.py:188} INFO - [2026-05-08T18:06:32.955+0100] {dagbag.py:540} INFO - Filling up the DagBag from /home/najma/airflow-venv/lib/python3.12/site-packages/airflow/example_dags/example_latest_only_with_trigger.py
[2026-05-08T18:06:32.960+0100] {processor.py:840} INFO - DAG(s) 'latest_only_with_trigger' retrieved from /home/najma/airflow-venv/lib/python3.12/site-packages/airflow/example_dags/example_latest_only_with_trigger.py
[2026-05-08T18:06:32.986+0100] {logging_mixin.py:188} INFO - [2026-05-08T18:06:32.986+0100] {dag.py:3096} INFO - Sync 1 DAGs
[2026-05-08T18:06:33.093+0100] {logging_mixin.py:188} INFO - [2026-05-08T18:06:33.093+0100] {dag.py:3954} INFO - Setting next_dagrun for latest_only_with_trigger to 2026-05-08 12:00:00+00:00, run_after=2026-05-08 16:00:00+00:00
[2026-05-08T18:06:33.184+0100] {processor.py:183} INFO - Processing /home/najma/airflow-venv/lib/python3.12/site-packages/airflow/example_dags/example_latest_only_with_trigger.py took 0.235 seconds
[2026-05-08T18:07:35.232+0100] {processor.py:161} INFO - Started process (PID=11433) to work on /home/najma/airflow-venv/lib/python3.12/site-packages/airflow/example_dags/example_latest_only_with_trigger.py
[2026-05-08T18:07:35.233+0100] {processor.py:830} INFO - Processing file /home/najma/airflow-venv/lib/python3.12/site-packages/airflow/example_dags/example_latest_only_with_trigger.py for tasks to queue
[2026-05-08T18:07:35.235+0100] {logging_mixin.py:188} INFO - [2026-05-08T18:07:35.234+0100] {dagbag.py:540} INFO - Filling up the DagBag from /home/najma/airflow-venv/lib/python3.12/site-packages/airflow/example_dags/example_latest_only_with_trigger.py
[2026-05-08T18:07:35.239+0100] {processor.py:840} INFO - DAG(s) 'latest_only_with_trigger' retrieved from /home/najma/airflow-venv/lib/python3.12/site-packages/airflow/example_dags/example_latest_only_with_trigger.py
[2026-05-08T18:07:35.267+0100] {logging_mixin.py:188} INFO - [2026-05-08T18:07:35.267+0100] {dag.py:3096} INFO - Sync 1 DAGs
[2026-05-08T18:07:35.291+0100] {logging_mixin.py:188} INFO - [2026-05-08T18:07:35.291+0100] {dag.py:3954} INFO - Setting next_dagrun for latest_only_with_trigger to 2026-05-08 12:00:00+00:00, run_after=2026-05-08 16:00:00+00:00
[2026-05-08T18:07:35.370+0100] {processor.py:183} INFO - Processing /home/najma/airflow-venv/lib/python3.12/site-packages/airflow/example_dags/example_latest_only_with_trigger.py took 0.142 seconds
[2026-05-08T18:08:39.556+0100] {processor.py:161} INFO - Started process (PID=11491) to work on /home/najma/airflow-venv/lib/python3.12/site-packages/airflow/example_dags/example_latest_only_with_trigger.py
[2026-05-08T18:08:39.558+0100] {processor.py:830} INFO - Processing file /home/najma/airflow-venv/lib/python3.12/site-packages/airflow/example_dags/example_latest_only_with_trigger.py for tasks to queue
[2026-05-08T18:08:39.559+0100] {logging_mixin.py:188} INFO - [2026-05-08T18:08:39.559+0100] {dagbag.py:540} INFO - Filling up the DagBag from /home/najma/airflow-venv/lib/python3.12/site-packages/airflow/example_dags/example_latest_only_with_trigger.py
[2026-05-08T18:08:39.564+0100] {processor.py:840} INFO - DAG(s) 'latest_only_with_trigger' retrieved from /home/najma/airflow-venv/lib/python3.12/site-packages/airflow/example_dags/example_latest_only_with_trigger.py
[2026-05-08T18:08:39.591+0100] {logging_mixin.py:188} INFO - [2026-05-08T18:08:39.590+0100] {dag.py:3096} INFO - Sync 1 DAGs
[2026-05-08T18:08:39.615+0100] {logging_mixin.py:188} INFO - [2026-05-08T18:08:39.615+0100] {dag.py:3954} INFO - Setting next_dagrun for latest_only_with_trigger to 2026-05-08 12:00:00+00:00, run_after=2026-05-08 16:00:00+00:00
[2026-05-08T18:08:39.714+0100] {processor.py:183} INFO - Processing /home/najma/airflow-venv/lib/python3.12/site-packages/airflow/example_dags/example_latest_only_with_trigger.py took 0.162 seconds
[2026-05-08T18:09:44.139+0100] {processor.py:161} INFO - Started process (PID=11549) to work on /home/najma/airflow-venv/lib/python3.12/site-packages/airflow/example_dags/example_latest_only_with_trigger.py
[2026-05-08T18:09:44.141+0100] {processor.py:830} INFO - Processing file /home/najma/airflow-venv/lib/python3.12/site-packages/airflow/example_dags/example_latest_only_with_trigger.py for tasks to queue
[2026-05-08T18:09:44.142+0100] {logging_mixin.py:188} INFO - [2026-05-08T18:09:44.142+0100] {dagbag.py:540} INFO - Filling up the DagBag from /home/najma/airflow-venv/lib/python3.12/site-packages/airflow/example_dags/example_latest_only_with_trigger.py
[2026-05-08T18:09:44.146+0100] {processor.py:840} INFO - DAG(s) 'latest_only_with_trigger' retrieved from /home/najma/airflow-venv/lib/python3.12/site-packages/airflow/example_dags/example_latest_only_with_trigger.py
[2026-05-08T18:09:44.175+0100] {logging_mixin.py:188} INFO - [2026-05-08T18:09:44.174+0100] {dag.py:3096} INFO - Sync 1 DAGs
[2026-05-08T18:09:44.202+0100] {logging_mixin.py:188} INFO - [2026-05-08T18:09:44.201+0100] {dag.py:3954} INFO - Setting next_dagrun for latest_only_with_trigger to 2026-05-08 12:00:00+00:00, run_after=2026-05-08 16:00:00+00:00
[2026-05-08T18:09:44.299+0100] {processor.py:183} INFO - Processing /home/najma/airflow-venv/lib/python3.12/site-packages/airflow/example_dags/example_latest_only_with_trigger.py took 0.163 seconds
[2026-05-08T18:10:45.453+0100] {processor.py:161} INFO - Started process (PID=11604) to work on /home/najma/airflow-venv/lib/python3.12/site-packages/airflow/example_dags/example_latest_only_with_trigger.py
[2026-05-08T18:10:45.454+0100] {processor.py:830} INFO - Processing file /home/najma/airflow-venv/lib/python3.12/site-packages/airflow/example_dags/example_latest_only_with_trigger.py for tasks to queue
[2026-05-08T18:10:45.456+0100] {logging_mixin.py:188} INFO - [2026-05-08T18:10:45.455+0100] {dagbag.py:540} INFO - Filling up the DagBag from /home/najma/airflow-venv/lib/python3.12/site-packages/airflow/example_dags/example_latest_only_with_trigger.py
[2026-05-08T18:10:45.460+0100] {processor.py:840} INFO - DAG(s) 'latest_only_with_trigger' retrieved from /home/najma/airflow-venv/lib/python3.12/site-packages/airflow/example_dags/example_latest_only_with_trigger.py
[2026-05-08T18:10:45.487+0100] {logging_mixin.py:188} INFO - [2026-05-08T18:10:45.487+0100] {dag.py:3096} INFO - Sync 1 DAGs
[2026-05-08T18:10:45.512+0100] {logging_mixin.py:188} INFO - [2026-05-08T18:10:45.512+0100] {dag.py:3954} INFO - Setting next_dagrun for latest_only_with_trigger to 2026-05-08 12:00:00+00:00, run_after=2026-05-08 16:00:00+00:00
[2026-05-08T18:10:45.588+0100] {processor.py:183} INFO - Processing /home/najma/airflow-venv/lib/python3.12/site-packages/airflow/example_dags/example_latest_only_with_trigger.py took 0.139 seconds
[2026-05-08T18:11:54.771+0100] {processor.py:161} INFO - Started process (PID=11660) to work on /home/najma/airflow-venv/lib/python3.12/site-packages/airflow/example_dags/example_latest_only_with_trigger.py
[2026-05-08T18:11:54.772+0100] {processor.py:830} INFO - Processing file /home/najma/airflow-venv/lib/python3.12/site-packages/airflow/example_dags/example_latest_only_with_trigger.py for tasks to queue
[2026-05-08T18:11:54.774+0100] {logging_mixin.py:188} INFO - [2026-05-08T18:11:54.774+0100] {dagbag.py:540} INFO - Filling up the DagBag from /home/najma/airflow-venv/lib/python3.12/site-packages/airflow/example_dags/example_latest_only_with_trigger.py
[2026-05-08T18:11:54.779+0100] {processor.py:840} INFO - DAG(s) 'latest_only_with_trigger' retrieved from /home/najma/airflow-venv/lib/python3.12/site-packages/airflow/example_dags/example_latest_only_with_trigger.py
[2026-05-08T18:11:54.810+0100] {logging_mixin.py:188} INFO - [2026-05-08T18:11:54.809+0100] {dag.py:3096} INFO - Sync 1 DAGs
[2026-05-08T18:11:54.837+0100] {logging_mixin.py:188} INFO - [2026-05-08T18:11:54.836+0100] {dag.py:3954} INFO - Setting next_dagrun for latest_only_with_trigger to 2026-05-08 12:00:00+00:00, run_after=2026-05-08 16:00:00+00:00
[2026-05-08T18:11:54.945+0100] {processor.py:183} INFO - Processing /home/najma/airflow-venv/lib/python3.12/site-packages/airflow/example_dags/example_latest_only_with_trigger.py took 0.178 seconds
[2026-05-08T18:13:18.069+0100] {processor.py:161} INFO - Started process (PID=11718) to work on /home/najma/airflow-venv/lib/python3.12/site-packages/airflow/example_dags/example_latest_only_with_trigger.py
[2026-05-08T18:13:18.076+0100] {processor.py:830} INFO - Processing file /home/najma/airflow-venv/lib/python3.12/site-packages/airflow/example_dags/example_latest_only_with_trigger.py for tasks to queue
[2026-05-08T18:13:18.078+0100] {logging_mixin.py:188} INFO - [2026-05-08T18:13:18.078+0100] {dagbag.py:540} INFO - Filling up the DagBag from /home/najma/airflow-venv/lib/python3.12/site-packages/airflow/example_dags/example_latest_only_with_trigger.py
[2026-05-08T18:13:18.082+0100] {processor.py:840} INFO - DAG(s) 'latest_only_with_trigger' retrieved from /home/najma/airflow-venv/lib/python3.12/site-packages/airflow/example_dags/example_latest_only_with_trigger.py
[2026-05-08T18:13:18.111+0100] {logging_mixin.py:188} INFO - [2026-05-08T18:13:18.110+0100] {dag.py:3096} INFO - Sync 1 DAGs
[2026-05-08T18:13:18.143+0100] {logging_mixin.py:188} INFO - [2026-05-08T18:13:18.143+0100] {dag.py:3954} INFO - Setting next_dagrun for latest_only_with_trigger to 2026-05-08 12:00:00+00:00, run_after=2026-05-08 16:00:00+00:00
[2026-05-08T18:13:18.234+0100] {processor.py:183} INFO - Processing /home/najma/airflow-venv/lib/python3.12/site-packages/airflow/example_dags/example_latest_only_with_trigger.py took 0.168 seconds
[2026-05-08T18:14:40.091+0100] {processor.py:161} INFO - Started process (PID=11797) to work on /home/najma/airflow-venv/lib/python3.12/site-packages/airflow/example_dags/example_latest_only_with_trigger.py
[2026-05-08T18:14:40.092+0100] {processor.py:830} INFO - Processing file /home/najma/airflow-venv/lib/python3.12/site-packages/airflow/example_dags/example_latest_only_with_trigger.py for tasks to queue
[2026-05-08T18:14:40.094+0100] {logging_mixin.py:188} INFO - [2026-05-08T18:14:40.093+0100] {dagbag.py:540} INFO - Filling up the DagBag from /home/najma/airflow-venv/lib/python3.12/site-packages/airflow/example_dags/example_latest_only_with_trigger.py
[2026-05-08T18:14:40.098+0100] {processor.py:840} INFO - DAG(s) 'latest_only_with_trigger' retrieved from /home/najma/airflow-venv/lib/python3.12/site-packages/airflow/example_dags/example_latest_only_with_trigger.py
[2026-05-08T18:14:40.126+0100] {logging_mixin.py:188} INFO - [2026-05-08T18:14:40.126+0100] {dag.py:3096} INFO - Sync 1 DAGs
[2026-05-08T18:14:40.152+0100] {logging_mixin.py:188} INFO - [2026-05-08T18:14:40.152+0100] {dag.py:3954} INFO - Setting next_dagrun for latest_only_with_trigger to 2026-05-08 12:00:00+00:00, run_after=2026-05-08 16:00:00+00:00
[2026-05-08T18:14:40.265+0100] {processor.py:183} INFO - Processing /home/najma/airflow-venv/lib/python3.12/site-packages/airflow/example_dags/example_latest_only_with_trigger.py took 0.179 seconds
[2026-05-08T18:15:55.257+0100] {processor.py:161} INFO - Started process (PID=11857) to work on /home/najma/airflow-venv/lib/python3.12/site-packages/airflow/example_dags/example_latest_only_with_trigger.py
[2026-05-08T18:15:55.259+0100] {processor.py:830} INFO - Processing file /home/najma/airflow-venv/lib/python3.12/site-packages/airflow/example_dags/example_latest_only_with_trigger.py for tasks to queue
[2026-05-08T18:15:55.261+0100] {logging_mixin.py:188} INFO - [2026-05-08T18:15:55.260+0100] {dagbag.py:540} INFO - Filling up the DagBag from /home/najma/airflow-venv/lib/python3.12/site-packages/airflow/example_dags/example_latest_only_with_trigger.py
[2026-05-08T18:15:55.265+0100] {processor.py:840} INFO - DAG(s) 'latest_only_with_trigger' retrieved from /home/najma/airflow-venv/lib/python3.12/site-packages/airflow/example_dags/example_latest_only_with_trigger.py
[2026-05-08T18:15:55.291+0100] {logging_mixin.py:188} INFO - [2026-05-08T18:15:55.291+0100] {dag.py:3096} INFO - Sync 1 DAGs
[2026-05-08T18:15:55.318+0100] {logging_mixin.py:188} INFO - [2026-05-08T18:15:55.317+0100] {dag.py:3954} INFO - Setting next_dagrun for latest_only_with_trigger to 2026-05-08 12:00:00+00:00, run_after=2026-05-08 16:00:00+00:00
[2026-05-08T18:15:55.434+0100] {processor.py:183} INFO - Processing /home/najma/airflow-venv/lib/python3.12/site-packages/airflow/example_dags/example_latest_only_with_trigger.py took 0.180 seconds
[2026-05-08T18:17:05.650+0100] {processor.py:161} INFO - Started process (PID=11917) to work on /home/najma/airflow-venv/lib/python3.12/site-packages/airflow/example_dags/example_latest_only_with_trigger.py
[2026-05-08T18:17:05.652+0100] {processor.py:830} INFO - Processing file /home/najma/airflow-venv/lib/python3.12/site-packages/airflow/example_dags/example_latest_only_with_trigger.py for tasks to queue
[2026-05-08T18:17:05.654+0100] {logging_mixin.py:188} INFO - [2026-05-08T18:17:05.653+0100] {dagbag.py:540} INFO - Filling up the DagBag from /home/najma/airflow-venv/lib/python3.12/site-packages/airflow/example_dags/example_latest_only_with_trigger.py
[2026-05-08T18:17:05.658+0100] {processor.py:840} INFO - DAG(s) 'latest_only_with_trigger' retrieved from /home/najma/airflow-venv/lib/python3.12/site-packages/airflow/example_dags/example_latest_only_with_trigger.py
[2026-05-08T18:17:05.687+0100] {logging_mixin.py:188} INFO - [2026-05-08T18:17:05.687+0100] {dag.py:3096} INFO - Sync 1 DAGs
[2026-05-08T18:17:05.716+0100] {logging_mixin.py:188} INFO - [2026-05-08T18:17:05.715+0100] {dag.py:3954} INFO - Setting next_dagrun for latest_only_with_trigger to 2026-05-08 12:00:00+00:00, run_after=2026-05-08 16:00:00+00:00
[2026-05-08T18:17:05.814+0100] {processor.py:183} INFO - Processing /home/najma/airflow-venv/lib/python3.12/site-packages/airflow/example_dags/example_latest_only_with_trigger.py took 0.168 seconds
[2026-05-08T18:18:17.474+0100] {processor.py:161} INFO - Started process (PID=11974) to work on /home/najma/airflow-venv/lib/python3.12/site-packages/airflow/example_dags/example_latest_only_with_trigger.py
[2026-05-08T18:18:17.476+0100] {processor.py:830} INFO - Processing file /home/najma/airflow-venv/lib/python3.12/site-packages/airflow/example_dags/example_latest_only_with_trigger.py for tasks to queue
[2026-05-08T18:18:17.477+0100] {logging_mixin.py:188} INFO - [2026-05-08T18:18:17.477+0100] {dagbag.py:540} INFO - Filling up the DagBag from /home/najma/airflow-venv/lib/python3.12/site-packages/airflow/example_dags/example_latest_only_with_trigger.py
[2026-05-08T18:18:17.482+0100] {processor.py:840} INFO - DAG(s) 'latest_only_with_trigger' retrieved from /home/najma/airflow-venv/lib/python3.12/site-packages/airflow/example_dags/example_latest_only_with_trigger.py
[2026-05-08T18:18:17.512+0100] {logging_mixin.py:188} INFO - [2026-05-08T18:18:17.510+0100] {dag.py:3096} INFO - Sync 1 DAGs
[2026-05-08T18:18:17.539+0100] {logging_mixin.py:188} INFO - [2026-05-08T18:18:17.538+0100] {dag.py:3954} INFO - Setting next_dagrun for latest_only_with_trigger to 2026-05-08 12:00:00+00:00, run_after=2026-05-08 16:00:00+00:00
[2026-05-08T18:18:17.653+0100] {processor.py:183} INFO - Processing /home/najma/airflow-venv/lib/python3.12/site-packages/airflow/example_dags/example_latest_only_with_trigger.py took 0.183 seconds
[2026-05-08T18:19:28.170+0100] {processor.py:161} INFO - Started process (PID=12031) to work on /home/najma/airflow-venv/lib/python3.12/site-packages/airflow/example_dags/example_latest_only_with_trigger.py
[2026-05-08T18:19:28.171+0100] {processor.py:830} INFO - Processing file /home/najma/airflow-venv/lib/python3.12/site-packages/airflow/example_dags/example_latest_only_with_trigger.py for tasks to queue
[2026-05-08T18:19:28.173+0100] {logging_mixin.py:188} INFO - [2026-05-08T18:19:28.173+0100] {dagbag.py:540} INFO - Filling up the DagBag from /home/najma/airflow-venv/lib/python3.12/site-packages/airflow/example_dags/example_latest_only_with_trigger.py
[2026-05-08T18:19:28.178+0100] {processor.py:840} INFO - DAG(s) 'latest_only_with_trigger' retrieved from /home/najma/airflow-venv/lib/python3.12/site-packages/airflow/example_dags/example_latest_only_with_trigger.py
[2026-05-08T18:19:28.207+0100] {logging_mixin.py:188} INFO - [2026-05-08T18:19:28.206+0100] {dag.py:3096} INFO - Sync 1 DAGs
[2026-05-08T18:19:28.232+0100] {logging_mixin.py:188} INFO - [2026-05-08T18:19:28.232+0100] {dag.py:3954} INFO - Setting next_dagrun for latest_only_with_trigger to 2026-05-08 12:00:00+00:00, run_after=2026-05-08 16:00:00+00:00
[2026-05-08T18:19:28.327+0100] {processor.py:183} INFO - Processing /home/najma/airflow-venv/lib/python3.12/site-packages/airflow/example_dags/example_latest_only_with_trigger.py took 0.161 seconds
[2026-05-08T18:20:34.246+0100] {processor.py:161} INFO - Started process (PID=12088) to work on /home/najma/airflow-venv/lib/python3.12/site-packages/airflow/example_dags/example_latest_only_with_trigger.py
[2026-05-08T18:20:34.247+0100] {processor.py:830} INFO - Processing file /home/najma/airflow-venv/lib/python3.12/site-packages/airflow/example_dags/example_latest_only_with_trigger.py for tasks to queue
[2026-05-08T18:20:34.249+0100] {logging_mixin.py:188} INFO - [2026-05-08T18:20:34.249+0100] {dagbag.py:540} INFO - Filling up the DagBag from /home/najma/airflow-venv/lib/python3.12/site-packages/airflow/example_dags/example_latest_only_with_trigger.py
[2026-05-08T18:20:34.254+0100] {processor.py:840} INFO - DAG(s) 'latest_only_with_trigger' retrieved from /home/najma/airflow-venv/lib/python3.12/site-packages/airflow/example_dags/example_latest_only_with_trigger.py
[2026-05-08T18:20:34.281+0100] {logging_mixin.py:188} INFO - [2026-05-08T18:20:34.281+0100] {dag.py:3096} INFO - Sync 1 DAGs
[2026-05-08T18:20:34.309+0100] {logging_mixin.py:188} INFO - [2026-05-08T18:20:34.309+0100] {dag.py:3954} INFO - Setting next_dagrun for latest_only_with_trigger to 2026-05-08 12:00:00+00:00, run_after=2026-05-08 16:00:00+00:00
[2026-05-08T18:20:34.389+0100] {processor.py:183} INFO - Processing /home/najma/airflow-venv/lib/python3.12/site-packages/airflow/example_dags/example_latest_only_with_trigger.py took 0.147 seconds
[2026-05-08T18:21:48.602+0100] {processor.py:161} INFO - Started process (PID=12146) to work on /home/najma/airflow-venv/lib/python3.12/site-packages/airflow/example_dags/example_latest_only_with_trigger.py
[2026-05-08T18:21:48.604+0100] {processor.py:830} INFO - Processing file /home/najma/airflow-venv/lib/python3.12/site-packages/airflow/example_dags/example_latest_only_with_trigger.py for tasks to queue
[2026-05-08T18:21:48.605+0100] {logging_mixin.py:188} INFO - [2026-05-08T18:21:48.605+0100] {dagbag.py:540} INFO - Filling up the DagBag from /home/najma/airflow-venv/lib/python3.12/site-packages/airflow/example_dags/example_latest_only_with_trigger.py
[2026-05-08T18:21:48.609+0100] {processor.py:840} INFO - DAG(s) 'latest_only_with_trigger' retrieved from /home/najma/airflow-venv/lib/python3.12/site-packages/airflow/example_dags/example_latest_only_with_trigger.py
[2026-05-08T18:21:48.637+0100] {logging_mixin.py:188} INFO - [2026-05-08T18:21:48.637+0100] {dag.py:3096} INFO - Sync 1 DAGs
[2026-05-08T18:21:48.664+0100] {logging_mixin.py:188} INFO - [2026-05-08T18:21:48.664+0100] {dag.py:3954} INFO - Setting next_dagrun for latest_only_with_trigger to 2026-05-08 12:00:00+00:00, run_after=2026-05-08 16:00:00+00:00
[2026-05-08T18:21:48.771+0100] {processor.py:183} INFO - Processing /home/najma/airflow-venv/lib/python3.12/site-packages/airflow/example_dags/example_latest_only_with_trigger.py took 0.172 seconds
[2026-05-08T18:22:58.602+0100] {processor.py:161} INFO - Started process (PID=12204) to work on /home/najma/airflow-venv/lib/python3.12/site-packages/airflow/example_dags/example_latest_only_with_trigger.py
[2026-05-08T18:22:58.604+0100] {processor.py:830} INFO - Processing file /home/najma/airflow-venv/lib/python3.12/site-packages/airflow/example_dags/example_latest_only_with_trigger.py for tasks to queue
[2026-05-08T18:22:58.605+0100] {logging_mixin.py:188} INFO - [2026-05-08T18:22:58.605+0100] {dagbag.py:540} INFO - Filling up the DagBag from /home/najma/airflow-venv/lib/python3.12/site-packages/airflow/example_dags/example_latest_only_with_trigger.py
[2026-05-08T18:22:58.609+0100] {processor.py:840} INFO - DAG(s) 'latest_only_with_trigger' retrieved from /home/najma/airflow-venv/lib/python3.12/site-packages/airflow/example_dags/example_latest_only_with_trigger.py
[2026-05-08T18:22:58.637+0100] {logging_mixin.py:188} INFO - [2026-05-08T18:22:58.637+0100] {dag.py:3096} INFO - Sync 1 DAGs
[2026-05-08T18:22:58.663+0100] {logging_mixin.py:188} INFO - [2026-05-08T18:22:58.662+0100] {dag.py:3954} INFO - Setting next_dagrun for latest_only_with_trigger to 2026-05-08 12:00:00+00:00, run_after=2026-05-08 16:00:00+00:00
[2026-05-08T18:22:58.756+0100] {processor.py:183} INFO - Processing /home/najma/airflow-venv/lib/python3.12/site-packages/airflow/example_dags/example_latest_only_with_trigger.py took 0.158 seconds
[2026-05-08T18:24:04.343+0100] {processor.py:161} INFO - Started process (PID=12258) to work on /home/najma/airflow-venv/lib/python3.12/site-packages/airflow/example_dags/example_latest_only_with_trigger.py
[2026-05-08T18:24:04.344+0100] {processor.py:830} INFO - Processing file /home/najma/airflow-venv/lib/python3.12/site-packages/airflow/example_dags/example_latest_only_with_trigger.py for tasks to queue
[2026-05-08T18:24:04.346+0100] {logging_mixin.py:188} INFO - [2026-05-08T18:24:04.345+0100] {dagbag.py:540} INFO - Filling up the DagBag from /home/najma/airflow-venv/lib/python3.12/site-packages/airflow/example_dags/example_latest_only_with_trigger.py
[2026-05-08T18:24:04.350+0100] {processor.py:840} INFO - DAG(s) 'latest_only_with_trigger' retrieved from /home/najma/airflow-venv/lib/python3.12/site-packages/airflow/example_dags/example_latest_only_with_trigger.py
[2026-05-08T18:24:04.382+0100] {logging_mixin.py:188} INFO - [2026-05-08T18:24:04.381+0100] {dag.py:3096} INFO - Sync 1 DAGs
[2026-05-08T18:24:04.410+0100] {logging_mixin.py:188} INFO - [2026-05-08T18:24:04.410+0100] {dag.py:3954} INFO - Setting next_dagrun for latest_only_with_trigger to 2026-05-08 12:00:00+00:00, run_after=2026-05-08 16:00:00+00:00
[2026-05-08T18:24:04.488+0100] {processor.py:183} INFO - Processing /home/najma/airflow-venv/lib/python3.12/site-packages/airflow/example_dags/example_latest_only_with_trigger.py took 0.150 seconds
[2026-05-08T18:25:16.786+0100] {processor.py:161} INFO - Started process (PID=12322) to work on /home/najma/airflow-venv/lib/python3.12/site-packages/airflow/example_dags/example_latest_only_with_trigger.py
[2026-05-08T18:25:16.788+0100] {processor.py:830} INFO - Processing file /home/najma/airflow-venv/lib/python3.12/site-packages/airflow/example_dags/example_latest_only_with_trigger.py for tasks to queue
[2026-05-08T18:25:16.790+0100] {logging_mixin.py:188} INFO - [2026-05-08T18:25:16.790+0100] {dagbag.py:540} INFO - Filling up the DagBag from /home/najma/airflow-venv/lib/python3.12/site-packages/airflow/example_dags/example_latest_only_with_trigger.py
[2026-05-08T18:25:16.799+0100] {processor.py:840} INFO - DAG(s) 'latest_only_with_trigger' retrieved from /home/najma/airflow-venv/lib/python3.12/site-packages/airflow/example_dags/example_latest_only_with_trigger.py
[2026-05-08T18:25:16.837+0100] {logging_mixin.py:188} INFO - [2026-05-08T18:25:16.837+0100] {dag.py:3096} INFO - Sync 1 DAGs
[2026-05-08T18:25:16.868+0100] {logging_mixin.py:188} INFO - [2026-05-08T18:25:16.868+0100] {dag.py:3954} INFO - Setting next_dagrun for latest_only_with_trigger to 2026-05-08 12:00:00+00:00, run_after=2026-05-08 16:00:00+00:00
[2026-05-08T18:25:16.974+0100] {processor.py:183} INFO - Processing /home/najma/airflow-venv/lib/python3.12/site-packages/airflow/example_dags/example_latest_only_with_trigger.py took 0.195 seconds
[2026-05-08T18:26:23.756+0100] {processor.py:161} INFO - Started process (PID=12389) to work on /home/najma/airflow-venv/lib/python3.12/site-packages/airflow/example_dags/example_latest_only_with_trigger.py
[2026-05-08T18:26:23.757+0100] {processor.py:830} INFO - Processing file /home/najma/airflow-venv/lib/python3.12/site-packages/airflow/example_dags/example_latest_only_with_trigger.py for tasks to queue
[2026-05-08T18:26:23.762+0100] {logging_mixin.py:188} INFO - [2026-05-08T18:26:23.761+0100] {dagbag.py:540} INFO - Filling up the DagBag from /home/najma/airflow-venv/lib/python3.12/site-packages/airflow/example_dags/example_latest_only_with_trigger.py
[2026-05-08T18:26:23.768+0100] {processor.py:840} INFO - DAG(s) 'latest_only_with_trigger' retrieved from /home/najma/airflow-venv/lib/python3.12/site-packages/airflow/example_dags/example_latest_only_with_trigger.py
[2026-05-08T18:26:23.811+0100] {logging_mixin.py:188} INFO - [2026-05-08T18:26:23.811+0100] {dag.py:3096} INFO - Sync 1 DAGs
[2026-05-08T18:26:23.870+0100] {logging_mixin.py:188} INFO - [2026-05-08T18:26:23.869+0100] {dag.py:3954} INFO - Setting next_dagrun for latest_only_with_trigger to 2026-05-08 12:00:00+00:00, run_after=2026-05-08 16:00:00+00:00
[2026-05-08T18:26:23.974+0100] {processor.py:183} INFO - Processing /home/najma/airflow-venv/lib/python3.12/site-packages/airflow/example_dags/example_latest_only_with_trigger.py took 0.222 seconds
[2026-05-08T18:27:50.195+0100] {processor.py:161} INFO - Started process (PID=12454) to work on /home/najma/airflow-venv/lib/python3.12/site-packages/airflow/example_dags/example_latest_only_with_trigger.py
[2026-05-08T18:27:50.197+0100] {processor.py:830} INFO - Processing file /home/najma/airflow-venv/lib/python3.12/site-packages/airflow/example_dags/example_latest_only_with_trigger.py for tasks to queue
[2026-05-08T18:27:50.198+0100] {logging_mixin.py:188} INFO - [2026-05-08T18:27:50.198+0100] {dagbag.py:540} INFO - Filling up the DagBag from /home/najma/airflow-venv/lib/python3.12/site-packages/airflow/example_dags/example_latest_only_with_trigger.py
[2026-05-08T18:27:50.203+0100] {processor.py:840} INFO - DAG(s) 'latest_only_with_trigger' retrieved from /home/najma/airflow-venv/lib/python3.12/site-packages/airflow/example_dags/example_latest_only_with_trigger.py
[2026-05-08T18:27:50.233+0100] {logging_mixin.py:188} INFO - [2026-05-08T18:27:50.232+0100] {dag.py:3096} INFO - Sync 1 DAGs
[2026-05-08T18:27:50.260+0100] {logging_mixin.py:188} INFO - [2026-05-08T18:27:50.260+0100] {dag.py:3954} INFO - Setting next_dagrun for latest_only_with_trigger to 2026-05-08 12:00:00+00:00, run_after=2026-05-08 16:00:00+00:00
[2026-05-08T18:27:50.339+0100] {processor.py:183} INFO - Processing /home/najma/airflow-venv/lib/python3.12/site-packages/airflow/example_dags/example_latest_only_with_trigger.py took 0.148 seconds
[2026-05-08T18:29:08.086+0100] {processor.py:161} INFO - Started process (PID=12513) to work on /home/najma/airflow-venv/lib/python3.12/site-packages/airflow/example_dags/example_latest_only_with_trigger.py
[2026-05-08T18:29:08.088+0100] {processor.py:830} INFO - Processing file /home/najma/airflow-venv/lib/python3.12/site-packages/airflow/example_dags/example_latest_only_with_trigger.py for tasks to queue
[2026-05-08T18:29:08.089+0100] {logging_mixin.py:188} INFO - [2026-05-08T18:29:08.089+0100] {dagbag.py:540} INFO - Filling up the DagBag from /home/najma/airflow-venv/lib/python3.12/site-packages/airflow/example_dags/example_latest_only_with_trigger.py
[2026-05-08T18:29:08.095+0100] {processor.py:840} INFO - DAG(s) 'latest_only_with_trigger' retrieved from /home/najma/airflow-venv/lib/python3.12/site-packages/airflow/example_dags/example_latest_only_with_trigger.py
[2026-05-08T18:29:08.129+0100] {logging_mixin.py:188} INFO - [2026-05-08T18:29:08.129+0100] {dag.py:3096} INFO - Sync 1 DAGs
[2026-05-08T18:29:08.157+0100] {logging_mixin.py:188} INFO - [2026-05-08T18:29:08.157+0100] {dag.py:3954} INFO - Setting next_dagrun for latest_only_with_trigger to 2026-05-08 12:00:00+00:00, run_after=2026-05-08 16:00:00+00:00
[2026-05-08T18:29:08.269+0100] {processor.py:183} INFO - Processing /home/najma/airflow-venv/lib/python3.12/site-packages/airflow/example_dags/example_latest_only_with_trigger.py took 0.187 seconds
[2026-05-08T18:30:23.691+0100] {processor.py:161} INFO - Started process (PID=12573) to work on /home/najma/airflow-venv/lib/python3.12/site-packages/airflow/example_dags/example_latest_only_with_trigger.py
[2026-05-08T18:30:23.692+0100] {processor.py:830} INFO - Processing file /home/najma/airflow-venv/lib/python3.12/site-packages/airflow/example_dags/example_latest_only_with_trigger.py for tasks to queue
[2026-05-08T18:30:23.694+0100] {logging_mixin.py:188} INFO - [2026-05-08T18:30:23.694+0100] {dagbag.py:540} INFO - Filling up the DagBag from /home/najma/airflow-venv/lib/python3.12/site-packages/airflow/example_dags/example_latest_only_with_trigger.py
[2026-05-08T18:30:23.699+0100] {processor.py:840} INFO - DAG(s) 'latest_only_with_trigger' retrieved from /home/najma/airflow-venv/lib/python3.12/site-packages/airflow/example_dags/example_latest_only_with_trigger.py
[2026-05-08T18:30:23.728+0100] {logging_mixin.py:188} INFO - [2026-05-08T18:30:23.728+0100] {dag.py:3096} INFO - Sync 1 DAGs
[2026-05-08T18:30:23.754+0100] {logging_mixin.py:188} INFO - [2026-05-08T18:30:23.754+0100] {dag.py:3954} INFO - Setting next_dagrun for latest_only_with_trigger to 2026-05-08 12:00:00+00:00, run_after=2026-05-08 16:00:00+00:00
[2026-05-08T18:30:23.859+0100] {processor.py:183} INFO - Processing /home/najma/airflow-venv/lib/python3.12/site-packages/airflow/example_dags/example_latest_only_with_trigger.py took 0.172 seconds
[2026-05-08T18:31:39.968+0100] {processor.py:161} INFO - Started process (PID=12633) to work on /home/najma/airflow-venv/lib/python3.12/site-packages/airflow/example_dags/example_latest_only_with_trigger.py
[2026-05-08T18:31:39.970+0100] {processor.py:830} INFO - Processing file /home/najma/airflow-venv/lib/python3.12/site-packages/airflow/example_dags/example_latest_only_with_trigger.py for tasks to queue
[2026-05-08T18:31:39.972+0100] {logging_mixin.py:188} INFO - [2026-05-08T18:31:39.972+0100] {dagbag.py:540} INFO - Filling up the DagBag from /home/najma/airflow-venv/lib/python3.12/site-packages/airflow/example_dags/example_latest_only_with_trigger.py
[2026-05-08T18:31:39.977+0100] {processor.py:840} INFO - DAG(s) 'latest_only_with_trigger' retrieved from /home/najma/airflow-venv/lib/python3.12/site-packages/airflow/example_dags/example_latest_only_with_trigger.py
[2026-05-08T18:31:40.006+0100] {logging_mixin.py:188} INFO - [2026-05-08T18:31:40.006+0100] {dag.py:3096} INFO - Sync 1 DAGs
[2026-05-08T18:31:40.034+0100] {logging_mixin.py:188} INFO - [2026-05-08T18:31:40.034+0100] {dag.py:3954} INFO - Setting next_dagrun for latest_only_with_trigger to 2026-05-08 12:00:00+00:00, run_after=2026-05-08 16:00:00+00:00
[2026-05-08T18:31:40.927+0100] {processor.py:183} INFO - Processing /home/najma/airflow-venv/lib/python3.12/site-packages/airflow/example_dags/example_latest_only_with_trigger.py took 0.963 seconds
[2026-05-08T18:32:57.871+0100] {processor.py:161} INFO - Started process (PID=12691) to work on /home/najma/airflow-venv/lib/python3.12/site-packages/airflow/example_dags/example_latest_only_with_trigger.py
[2026-05-08T18:32:57.873+0100] {processor.py:830} INFO - Processing file /home/najma/airflow-venv/lib/python3.12/site-packages/airflow/example_dags/example_latest_only_with_trigger.py for tasks to queue
[2026-05-08T18:32:57.875+0100] {logging_mixin.py:188} INFO - [2026-05-08T18:32:57.875+0100] {dagbag.py:540} INFO - Filling up the DagBag from /home/najma/airflow-venv/lib/python3.12/site-packages/airflow/example_dags/example_latest_only_with_trigger.py
[2026-05-08T18:32:57.898+0100] {processor.py:840} INFO - DAG(s) 'latest_only_with_trigger' retrieved from /home/najma/airflow-venv/lib/python3.12/site-packages/airflow/example_dags/example_latest_only_with_trigger.py
[2026-05-08T18:32:57.948+0100] {logging_mixin.py:188} INFO - [2026-05-08T18:32:57.948+0100] {dag.py:3096} INFO - Sync 1 DAGs
[2026-05-08T18:32:57.985+0100] {logging_mixin.py:188} INFO - [2026-05-08T18:32:57.985+0100] {dag.py:3954} INFO - Setting next_dagrun for latest_only_with_trigger to 2026-05-08 12:00:00+00:00, run_after=2026-05-08 16:00:00+00:00
[2026-05-08T18:32:58.099+0100] {processor.py:183} INFO - Processing /home/najma/airflow-venv/lib/python3.12/site-packages/airflow/example_dags/example_latest_only_with_trigger.py took 0.232 seconds
[2026-05-08T18:34:14.343+0100] {processor.py:161} INFO - Started process (PID=12755) to work on /home/najma/airflow-venv/lib/python3.12/site-packages/airflow/example_dags/example_latest_only_with_trigger.py
[2026-05-08T18:34:14.344+0100] {processor.py:830} INFO - Processing file /home/najma/airflow-venv/lib/python3.12/site-packages/airflow/example_dags/example_latest_only_with_trigger.py for tasks to queue
[2026-05-08T18:34:14.346+0100] {logging_mixin.py:188} INFO - [2026-05-08T18:34:14.346+0100] {dagbag.py:540} INFO - Filling up the DagBag from /home/najma/airflow-venv/lib/python3.12/site-packages/airflow/example_dags/example_latest_only_with_trigger.py
[2026-05-08T18:34:14.351+0100] {processor.py:840} INFO - DAG(s) 'latest_only_with_trigger' retrieved from /home/najma/airflow-venv/lib/python3.12/site-packages/airflow/example_dags/example_latest_only_with_trigger.py
[2026-05-08T18:34:14.381+0100] {logging_mixin.py:188} INFO - [2026-05-08T18:34:14.381+0100] {dag.py:3096} INFO - Sync 1 DAGs
[2026-05-08T18:34:14.406+0100] {logging_mixin.py:188} INFO - [2026-05-08T18:34:14.406+0100] {dag.py:3954} INFO - Setting next_dagrun for latest_only_with_trigger to 2026-05-08 12:00:00+00:00, run_after=2026-05-08 16:00:00+00:00
[2026-05-08T18:34:14.494+0100] {processor.py:183} INFO - Processing /home/najma/airflow-venv/lib/python3.12/site-packages/airflow/example_dags/example_latest_only_with_trigger.py took 0.155 seconds
[2026-05-08T18:35:19.378+0100] {processor.py:161} INFO - Started process (PID=12829) to work on /home/najma/airflow-venv/lib/python3.12/site-packages/airflow/example_dags/example_latest_only_with_trigger.py
[2026-05-08T18:35:19.379+0100] {processor.py:830} INFO - Processing file /home/najma/airflow-venv/lib/python3.12/site-packages/airflow/example_dags/example_latest_only_with_trigger.py for tasks to queue
[2026-05-08T18:35:19.381+0100] {logging_mixin.py:188} INFO - [2026-05-08T18:35:19.380+0100] {dagbag.py:540} INFO - Filling up the DagBag from /home/najma/airflow-venv/lib/python3.12/site-packages/airflow/example_dags/example_latest_only_with_trigger.py
[2026-05-08T18:35:19.385+0100] {processor.py:840} INFO - DAG(s) 'latest_only_with_trigger' retrieved from /home/najma/airflow-venv/lib/python3.12/site-packages/airflow/example_dags/example_latest_only_with_trigger.py
[2026-05-08T18:35:19.423+0100] {logging_mixin.py:188} INFO - [2026-05-08T18:35:19.422+0100] {dag.py:3096} INFO - Sync 1 DAGs
[2026-05-08T18:35:19.457+0100] {logging_mixin.py:188} INFO - [2026-05-08T18:35:19.457+0100] {dag.py:3954} INFO - Setting next_dagrun for latest_only_with_trigger to 2026-05-08 12:00:00+00:00, run_after=2026-05-08 16:00:00+00:00
[2026-05-08T18:35:19.549+0100] {processor.py:183} INFO - Processing /home/najma/airflow-venv/lib/python3.12/site-packages/airflow/example_dags/example_latest_only_with_trigger.py took 0.174 seconds
[2026-05-08T18:36:32.240+0100] {processor.py:161} INFO - Started process (PID=12889) to work on /home/najma/airflow-venv/lib/python3.12/site-packages/airflow/example_dags/example_latest_only_with_trigger.py
[2026-05-08T18:36:32.242+0100] {processor.py:830} INFO - Processing file /home/najma/airflow-venv/lib/python3.12/site-packages/airflow/example_dags/example_latest_only_with_trigger.py for tasks to queue
[2026-05-08T18:36:32.243+0100] {logging_mixin.py:188} INFO - [2026-05-08T18:36:32.242+0100] {dagbag.py:540} INFO - Filling up the DagBag from /home/najma/airflow-venv/lib/python3.12/site-packages/airflow/example_dags/example_latest_only_with_trigger.py
[2026-05-08T18:36:32.247+0100] {processor.py:840} INFO - DAG(s) 'latest_only_with_trigger' retrieved from /home/najma/airflow-venv/lib/python3.12/site-packages/airflow/example_dags/example_latest_only_with_trigger.py
[2026-05-08T18:36:32.275+0100] {logging_mixin.py:188} INFO - [2026-05-08T18:36:32.275+0100] {dag.py:3096} INFO - Sync 1 DAGs
[2026-05-08T18:36:32.301+0100] {logging_mixin.py:188} INFO - [2026-05-08T18:36:32.301+0100] {dag.py:3954} INFO - Setting next_dagrun for latest_only_with_trigger to 2026-05-08 12:00:00+00:00, run_after=2026-05-08 16:00:00+00:00
[2026-05-08T18:36:32.385+0100] {processor.py:183} INFO - Processing /home/najma/airflow-venv/lib/python3.12/site-packages/airflow/example_dags/example_latest_only_with_trigger.py took 0.150 seconds
[2026-05-08T18:37:49.715+0100] {processor.py:161} INFO - Started process (PID=12951) to work on /home/najma/airflow-venv/lib/python3.12/site-packages/airflow/example_dags/example_latest_only_with_trigger.py
[2026-05-08T18:37:49.716+0100] {processor.py:830} INFO - Processing file /home/najma/airflow-venv/lib/python3.12/site-packages/airflow/example_dags/example_latest_only_with_trigger.py for tasks to queue
[2026-05-08T18:37:49.717+0100] {logging_mixin.py:188} INFO - [2026-05-08T18:37:49.717+0100] {dagbag.py:540} INFO - Filling up the DagBag from /home/najma/airflow-venv/lib/python3.12/site-packages/airflow/example_dags/example_latest_only_with_trigger.py
[2026-05-08T18:37:49.722+0100] {processor.py:840} INFO - DAG(s) 'latest_only_with_trigger' retrieved from /home/najma/airflow-venv/lib/python3.12/site-packages/airflow/example_dags/example_latest_only_with_trigger.py
[2026-05-08T18:37:49.749+0100] {logging_mixin.py:188} INFO - [2026-05-08T18:37:49.749+0100] {dag.py:3096} INFO - Sync 1 DAGs
[2026-05-08T18:37:49.779+0100] {logging_mixin.py:188} INFO - [2026-05-08T18:37:49.779+0100] {dag.py:3954} INFO - Setting next_dagrun for latest_only_with_trigger to 2026-05-08 12:00:00+00:00, run_after=2026-05-08 16:00:00+00:00
[2026-05-08T18:37:49.872+0100] {processor.py:183} INFO - Processing /home/najma/airflow-venv/lib/python3.12/site-packages/airflow/example_dags/example_latest_only_with_trigger.py took 0.162 seconds
[2026-05-08T18:39:07.590+0100] {processor.py:161} INFO - Started process (PID=13017) to work on /home/najma/airflow-venv/lib/python3.12/site-packages/airflow/example_dags/example_latest_only_with_trigger.py
[2026-05-08T18:39:07.592+0100] {processor.py:830} INFO - Processing file /home/najma/airflow-venv/lib/python3.12/site-packages/airflow/example_dags/example_latest_only_with_trigger.py for tasks to queue
[2026-05-08T18:39:07.593+0100] {logging_mixin.py:188} INFO - [2026-05-08T18:39:07.593+0100] {dagbag.py:540} INFO - Filling up the DagBag from /home/najma/airflow-venv/lib/python3.12/site-packages/airflow/example_dags/example_latest_only_with_trigger.py
[2026-05-08T18:39:07.598+0100] {processor.py:840} INFO - DAG(s) 'latest_only_with_trigger' retrieved from /home/najma/airflow-venv/lib/python3.12/site-packages/airflow/example_dags/example_latest_only_with_trigger.py
[2026-05-08T18:39:07.631+0100] {logging_mixin.py:188} INFO - [2026-05-08T18:39:07.631+0100] {dag.py:3096} INFO - Sync 1 DAGs
[2026-05-08T18:39:07.661+0100] {logging_mixin.py:188} INFO - [2026-05-08T18:39:07.661+0100] {dag.py:3954} INFO - Setting next_dagrun for latest_only_with_trigger to 2026-05-08 12:00:00+00:00, run_after=2026-05-08 16:00:00+00:00
[2026-05-08T18:39:07.742+0100] {processor.py:183} INFO - Processing /home/najma/airflow-venv/lib/python3.12/site-packages/airflow/example_dags/example_latest_only_with_trigger.py took 0.156 seconds
