[2026-05-08T16:43:27.630+0100] {processor.py:161} INFO - Started process (PID=9565) to work on /home/najma/airflow-venv/lib/python3.12/site-packages/airflow/example_dags/example_params_trigger_ui.py
[2026-05-08T16:43:27.632+0100] {processor.py:830} INFO - Processing file /home/najma/airflow-venv/lib/python3.12/site-packages/airflow/example_dags/example_params_trigger_ui.py for tasks to queue
[2026-05-08T16:43:27.634+0100] {logging_mixin.py:188} INFO - [2026-05-08T16:43:27.633+0100] {dagbag.py:540} INFO - Filling up the DagBag from /home/najma/airflow-venv/lib/python3.12/site-packages/airflow/example_dags/example_params_trigger_ui.py
[2026-05-08T16:43:27.660+0100] {processor.py:840} INFO - DAG(s) 'example_params_trigger_ui' retrieved from /home/najma/airflow-venv/lib/python3.12/site-packages/airflow/example_dags/example_params_trigger_ui.py
[2026-05-08T16:43:27.940+0100] {logging_mixin.py:188} INFO - [2026-05-08T16:43:27.939+0100] {override.py:1829} INFO - Created Permission View: can read on DAG:example_params_trigger_ui
[2026-05-08T16:43:27.991+0100] {logging_mixin.py:188} INFO - [2026-05-08T16:43:27.990+0100] {override.py:1829} INFO - Created Permission View: can edit on DAG:example_params_trigger_ui
[2026-05-08T16:43:28.037+0100] {logging_mixin.py:188} INFO - [2026-05-08T16:43:28.037+0100] {override.py:1829} INFO - Created Permission View: can delete on DAG:example_params_trigger_ui
[2026-05-08T16:43:28.038+0100] {logging_mixin.py:188} INFO - [2026-05-08T16:43:28.038+0100] {dag.py:3096} INFO - Sync 1 DAGs
[2026-05-08T16:43:28.078+0100] {logging_mixin.py:188} INFO - [2026-05-08T16:43:28.078+0100] {dag.py:3118} INFO - Creating ORM DAG for example_params_trigger_ui
[2026-05-08T16:43:28.079+0100] {logging_mixin.py:188} INFO - [2026-05-08T16:43:28.079+0100] {dag.py:3954} INFO - Setting next_dagrun for example_params_trigger_ui to None, run_after=None
[2026-05-08T16:43:28.201+0100] {processor.py:183} INFO - Processing /home/najma/airflow-venv/lib/python3.12/site-packages/airflow/example_dags/example_params_trigger_ui.py took 0.575 seconds
[2026-05-08T16:44:54.352+0100] {processor.py:161} INFO - Started process (PID=9641) to work on /home/najma/airflow-venv/lib/python3.12/site-packages/airflow/example_dags/example_params_trigger_ui.py
[2026-05-08T16:44:54.354+0100] {processor.py:830} INFO - Processing file /home/najma/airflow-venv/lib/python3.12/site-packages/airflow/example_dags/example_params_trigger_ui.py for tasks to queue
[2026-05-08T16:44:54.355+0100] {logging_mixin.py:188} INFO - [2026-05-08T16:44:54.355+0100] {dagbag.py:540} INFO - Filling up the DagBag from /home/najma/airflow-venv/lib/python3.12/site-packages/airflow/example_dags/example_params_trigger_ui.py
[2026-05-08T16:44:54.384+0100] {processor.py:840} INFO - DAG(s) 'example_params_trigger_ui' retrieved from /home/najma/airflow-venv/lib/python3.12/site-packages/airflow/example_dags/example_params_trigger_ui.py
[2026-05-08T16:44:54.439+0100] {logging_mixin.py:188} INFO - [2026-05-08T16:44:54.439+0100] {dag.py:3096} INFO - Sync 1 DAGs
[2026-05-08T16:44:54.457+0100] {logging_mixin.py:188} INFO - [2026-05-08T16:44:54.456+0100] {dag.py:3954} INFO - Setting next_dagrun for example_params_trigger_ui to None, run_after=None
[2026-05-08T16:44:54.555+0100] {processor.py:183} INFO - Processing /home/najma/airflow-venv/lib/python3.12/site-packages/airflow/example_dags/example_params_trigger_ui.py took 0.207 seconds
[2026-05-08T16:46:15.614+0100] {processor.py:161} INFO - Started process (PID=9717) to work on /home/najma/airflow-venv/lib/python3.12/site-packages/airflow/example_dags/example_params_trigger_ui.py
[2026-05-08T16:46:15.615+0100] {processor.py:830} INFO - Processing file /home/najma/airflow-venv/lib/python3.12/site-packages/airflow/example_dags/example_params_trigger_ui.py for tasks to queue
[2026-05-08T16:46:15.616+0100] {logging_mixin.py:188} INFO - [2026-05-08T16:46:15.616+0100] {dagbag.py:540} INFO - Filling up the DagBag from /home/najma/airflow-venv/lib/python3.12/site-packages/airflow/example_dags/example_params_trigger_ui.py
[2026-05-08T16:46:15.627+0100] {processor.py:840} INFO - DAG(s) 'example_params_trigger_ui' retrieved from /home/najma/airflow-venv/lib/python3.12/site-packages/airflow/example_dags/example_params_trigger_ui.py
[2026-05-08T16:46:15.671+0100] {logging_mixin.py:188} INFO - [2026-05-08T16:46:15.671+0100] {dag.py:3096} INFO - Sync 1 DAGs
[2026-05-08T16:46:15.686+0100] {logging_mixin.py:188} INFO - [2026-05-08T16:46:15.686+0100] {dag.py:3954} INFO - Setting next_dagrun for example_params_trigger_ui to None, run_after=None
[2026-05-08T16:46:15.775+0100] {processor.py:183} INFO - Processing /home/najma/airflow-venv/lib/python3.12/site-packages/airflow/example_dags/example_params_trigger_ui.py took 0.165 seconds
[2026-05-08T16:47:35.309+0100] {processor.py:161} INFO - Started process (PID=9786) to work on /home/najma/airflow-venv/lib/python3.12/site-packages/airflow/example_dags/example_params_trigger_ui.py
[2026-05-08T16:47:35.311+0100] {processor.py:830} INFO - Processing file /home/najma/airflow-venv/lib/python3.12/site-packages/airflow/example_dags/example_params_trigger_ui.py for tasks to queue
[2026-05-08T16:47:35.313+0100] {logging_mixin.py:188} INFO - [2026-05-08T16:47:35.312+0100] {dagbag.py:540} INFO - Filling up the DagBag from /home/najma/airflow-venv/lib/python3.12/site-packages/airflow/example_dags/example_params_trigger_ui.py
[2026-05-08T16:47:35.324+0100] {processor.py:840} INFO - DAG(s) 'example_params_trigger_ui' retrieved from /home/najma/airflow-venv/lib/python3.12/site-packages/airflow/example_dags/example_params_trigger_ui.py
[2026-05-08T16:47:35.373+0100] {logging_mixin.py:188} INFO - [2026-05-08T16:47:35.373+0100] {dag.py:3096} INFO - Sync 1 DAGs
[2026-05-08T16:47:35.397+0100] {logging_mixin.py:188} INFO - [2026-05-08T16:47:35.397+0100] {dag.py:3954} INFO - Setting next_dagrun for example_params_trigger_ui to None, run_after=None
[2026-05-08T16:47:35.492+0100] {processor.py:183} INFO - Processing /home/najma/airflow-venv/lib/python3.12/site-packages/airflow/example_dags/example_params_trigger_ui.py took 0.187 seconds
[2026-05-08T16:48:45.746+0100] {processor.py:161} INFO - Started process (PID=9852) to work on /home/najma/airflow-venv/lib/python3.12/site-packages/airflow/example_dags/example_params_trigger_ui.py
[2026-05-08T16:48:45.747+0100] {processor.py:830} INFO - Processing file /home/najma/airflow-venv/lib/python3.12/site-packages/airflow/example_dags/example_params_trigger_ui.py for tasks to queue
[2026-05-08T16:48:45.749+0100] {logging_mixin.py:188} INFO - [2026-05-08T16:48:45.749+0100] {dagbag.py:540} INFO - Filling up the DagBag from /home/najma/airflow-venv/lib/python3.12/site-packages/airflow/example_dags/example_params_trigger_ui.py
[2026-05-08T16:48:45.761+0100] {processor.py:840} INFO - DAG(s) 'example_params_trigger_ui' retrieved from /home/najma/airflow-venv/lib/python3.12/site-packages/airflow/example_dags/example_params_trigger_ui.py
[2026-05-08T16:48:45.859+0100] {logging_mixin.py:188} INFO - [2026-05-08T16:48:45.858+0100] {dag.py:3096} INFO - Sync 1 DAGs
[2026-05-08T16:48:45.880+0100] {logging_mixin.py:188} INFO - [2026-05-08T16:48:45.880+0100] {dag.py:3954} INFO - Setting next_dagrun for example_params_trigger_ui to None, run_after=None
[2026-05-08T16:48:45.970+0100] {processor.py:183} INFO - Processing /home/najma/airflow-venv/lib/python3.12/site-packages/airflow/example_dags/example_params_trigger_ui.py took 0.228 seconds
[2026-05-08T17:45:58.360+0100] {processor.py:161} INFO - Started process (PID=10270) to work on /home/najma/airflow-venv/lib/python3.12/site-packages/airflow/example_dags/example_params_trigger_ui.py
[2026-05-08T17:45:58.361+0100] {processor.py:830} INFO - Processing file /home/najma/airflow-venv/lib/python3.12/site-packages/airflow/example_dags/example_params_trigger_ui.py for tasks to queue
[2026-05-08T17:45:58.363+0100] {logging_mixin.py:188} INFO - [2026-05-08T17:45:58.363+0100] {dagbag.py:540} INFO - Filling up the DagBag from /home/najma/airflow-venv/lib/python3.12/site-packages/airflow/example_dags/example_params_trigger_ui.py
[2026-05-08T17:45:58.376+0100] {processor.py:840} INFO - DAG(s) 'example_params_trigger_ui' retrieved from /home/najma/airflow-venv/lib/python3.12/site-packages/airflow/example_dags/example_params_trigger_ui.py
[2026-05-08T17:45:58.429+0100] {logging_mixin.py:188} INFO - [2026-05-08T17:45:58.429+0100] {dag.py:3096} INFO - Sync 1 DAGs
[2026-05-08T17:45:58.447+0100] {logging_mixin.py:188} INFO - [2026-05-08T17:45:58.447+0100] {dag.py:3954} INFO - Setting next_dagrun for example_params_trigger_ui to None, run_after=None
[2026-05-08T17:45:58.543+0100] {processor.py:183} INFO - Processing /home/najma/airflow-venv/lib/python3.12/site-packages/airflow/example_dags/example_params_trigger_ui.py took 0.187 seconds
[2026-05-08T17:47:23.574+0100] {processor.py:161} INFO - Started process (PID=10345) to work on /home/najma/airflow-venv/lib/python3.12/site-packages/airflow/example_dags/example_params_trigger_ui.py
[2026-05-08T17:47:23.576+0100] {processor.py:830} INFO - Processing file /home/najma/airflow-venv/lib/python3.12/site-packages/airflow/example_dags/example_params_trigger_ui.py for tasks to queue
[2026-05-08T17:47:23.578+0100] {logging_mixin.py:188} INFO - [2026-05-08T17:47:23.578+0100] {dagbag.py:540} INFO - Filling up the DagBag from /home/najma/airflow-venv/lib/python3.12/site-packages/airflow/example_dags/example_params_trigger_ui.py
[2026-05-08T17:47:23.594+0100] {processor.py:840} INFO - DAG(s) 'example_params_trigger_ui' retrieved from /home/najma/airflow-venv/lib/python3.12/site-packages/airflow/example_dags/example_params_trigger_ui.py
[2026-05-08T17:47:23.664+0100] {logging_mixin.py:188} INFO - [2026-05-08T17:47:23.664+0100] {dag.py:3096} INFO - Sync 1 DAGs
[2026-05-08T17:47:23.677+0100] {logging_mixin.py:188} INFO - [2026-05-08T17:47:23.677+0100] {dag.py:3954} INFO - Setting next_dagrun for example_params_trigger_ui to None, run_after=None
[2026-05-08T17:47:23.806+0100] {processor.py:183} INFO - Processing /home/najma/airflow-venv/lib/python3.12/site-packages/airflow/example_dags/example_params_trigger_ui.py took 0.237 seconds
[2026-05-08T17:48:31.645+0100] {processor.py:161} INFO - Started process (PID=10406) to work on /home/najma/airflow-venv/lib/python3.12/site-packages/airflow/example_dags/example_params_trigger_ui.py
[2026-05-08T17:48:31.646+0100] {processor.py:830} INFO - Processing file /home/najma/airflow-venv/lib/python3.12/site-packages/airflow/example_dags/example_params_trigger_ui.py for tasks to queue
[2026-05-08T17:48:31.648+0100] {logging_mixin.py:188} INFO - [2026-05-08T17:48:31.648+0100] {dagbag.py:540} INFO - Filling up the DagBag from /home/najma/airflow-venv/lib/python3.12/site-packages/airflow/example_dags/example_params_trigger_ui.py
[2026-05-08T17:48:31.659+0100] {processor.py:840} INFO - DAG(s) 'example_params_trigger_ui' retrieved from /home/najma/airflow-venv/lib/python3.12/site-packages/airflow/example_dags/example_params_trigger_ui.py
[2026-05-08T17:48:31.717+0100] {logging_mixin.py:188} INFO - [2026-05-08T17:48:31.717+0100] {dag.py:3096} INFO - Sync 1 DAGs
[2026-05-08T17:48:31.736+0100] {logging_mixin.py:188} INFO - [2026-05-08T17:48:31.736+0100] {dag.py:3954} INFO - Setting next_dagrun for example_params_trigger_ui to None, run_after=None
[2026-05-08T17:48:31.861+0100] {processor.py:183} INFO - Processing /home/najma/airflow-venv/lib/python3.12/site-packages/airflow/example_dags/example_params_trigger_ui.py took 0.220 seconds
[2026-05-08T17:49:40.907+0100] {processor.py:161} INFO - Started process (PID=10465) to work on /home/najma/airflow-venv/lib/python3.12/site-packages/airflow/example_dags/example_params_trigger_ui.py
[2026-05-08T17:49:40.908+0100] {processor.py:830} INFO - Processing file /home/najma/airflow-venv/lib/python3.12/site-packages/airflow/example_dags/example_params_trigger_ui.py for tasks to queue
[2026-05-08T17:49:40.909+0100] {logging_mixin.py:188} INFO - [2026-05-08T17:49:40.909+0100] {dagbag.py:540} INFO - Filling up the DagBag from /home/najma/airflow-venv/lib/python3.12/site-packages/airflow/example_dags/example_params_trigger_ui.py
[2026-05-08T17:49:40.924+0100] {processor.py:840} INFO - DAG(s) 'example_params_trigger_ui' retrieved from /home/najma/airflow-venv/lib/python3.12/site-packages/airflow/example_dags/example_params_trigger_ui.py
[2026-05-08T17:49:40.975+0100] {logging_mixin.py:188} INFO - [2026-05-08T17:49:40.975+0100] {dag.py:3096} INFO - Sync 1 DAGs
[2026-05-08T17:49:40.992+0100] {logging_mixin.py:188} INFO - [2026-05-08T17:49:40.992+0100] {dag.py:3954} INFO - Setting next_dagrun for example_params_trigger_ui to None, run_after=None
[2026-05-08T17:49:41.073+0100] {processor.py:183} INFO - Processing /home/najma/airflow-venv/lib/python3.12/site-packages/airflow/example_dags/example_params_trigger_ui.py took 0.171 seconds
[2026-05-08T17:50:57.154+0100] {processor.py:161} INFO - Started process (PID=10530) to work on /home/najma/airflow-venv/lib/python3.12/site-packages/airflow/example_dags/example_params_trigger_ui.py
[2026-05-08T17:50:57.155+0100] {processor.py:830} INFO - Processing file /home/najma/airflow-venv/lib/python3.12/site-packages/airflow/example_dags/example_params_trigger_ui.py for tasks to queue
[2026-05-08T17:50:57.157+0100] {logging_mixin.py:188} INFO - [2026-05-08T17:50:57.157+0100] {dagbag.py:540} INFO - Filling up the DagBag from /home/najma/airflow-venv/lib/python3.12/site-packages/airflow/example_dags/example_params_trigger_ui.py
[2026-05-08T17:50:57.167+0100] {processor.py:840} INFO - DAG(s) 'example_params_trigger_ui' retrieved from /home/najma/airflow-venv/lib/python3.12/site-packages/airflow/example_dags/example_params_trigger_ui.py
[2026-05-08T17:50:57.211+0100] {logging_mixin.py:188} INFO - [2026-05-08T17:50:57.211+0100] {dag.py:3096} INFO - Sync 1 DAGs
[2026-05-08T17:50:57.225+0100] {logging_mixin.py:188} INFO - [2026-05-08T17:50:57.225+0100] {dag.py:3954} INFO - Setting next_dagrun for example_params_trigger_ui to None, run_after=None
[2026-05-08T17:50:57.294+0100] {processor.py:183} INFO - Processing /home/najma/airflow-venv/lib/python3.12/site-packages/airflow/example_dags/example_params_trigger_ui.py took 0.145 seconds
[2026-05-08T17:52:08.981+0100] {processor.py:161} INFO - Started process (PID=10591) to work on /home/najma/airflow-venv/lib/python3.12/site-packages/airflow/example_dags/example_params_trigger_ui.py
[2026-05-08T17:52:08.982+0100] {processor.py:830} INFO - Processing file /home/najma/airflow-venv/lib/python3.12/site-packages/airflow/example_dags/example_params_trigger_ui.py for tasks to queue
[2026-05-08T17:52:08.984+0100] {logging_mixin.py:188} INFO - [2026-05-08T17:52:08.984+0100] {dagbag.py:540} INFO - Filling up the DagBag from /home/najma/airflow-venv/lib/python3.12/site-packages/airflow/example_dags/example_params_trigger_ui.py
[2026-05-08T17:52:09.004+0100] {processor.py:840} INFO - DAG(s) 'example_params_trigger_ui' retrieved from /home/najma/airflow-venv/lib/python3.12/site-packages/airflow/example_dags/example_params_trigger_ui.py
[2026-05-08T17:52:09.149+0100] {logging_mixin.py:188} INFO - [2026-05-08T17:52:09.149+0100] {dag.py:3096} INFO - Sync 1 DAGs
[2026-05-08T17:52:09.189+0100] {logging_mixin.py:188} INFO - [2026-05-08T17:52:09.188+0100] {dag.py:3954} INFO - Setting next_dagrun for example_params_trigger_ui to None, run_after=None
[2026-05-08T17:52:09.385+0100] {processor.py:183} INFO - Processing /home/najma/airflow-venv/lib/python3.12/site-packages/airflow/example_dags/example_params_trigger_ui.py took 0.410 seconds
[2026-05-08T17:53:28.013+0100] {processor.py:161} INFO - Started process (PID=10676) to work on /home/najma/airflow-venv/lib/python3.12/site-packages/airflow/example_dags/example_params_trigger_ui.py
[2026-05-08T17:53:28.015+0100] {processor.py:830} INFO - Processing file /home/najma/airflow-venv/lib/python3.12/site-packages/airflow/example_dags/example_params_trigger_ui.py for tasks to queue
[2026-05-08T17:53:28.016+0100] {logging_mixin.py:188} INFO - [2026-05-08T17:53:28.016+0100] {dagbag.py:540} INFO - Filling up the DagBag from /home/najma/airflow-venv/lib/python3.12/site-packages/airflow/example_dags/example_params_trigger_ui.py
[2026-05-08T17:53:28.026+0100] {processor.py:840} INFO - DAG(s) 'example_params_trigger_ui' retrieved from /home/najma/airflow-venv/lib/python3.12/site-packages/airflow/example_dags/example_params_trigger_ui.py
[2026-05-08T17:53:28.071+0100] {logging_mixin.py:188} INFO - [2026-05-08T17:53:28.071+0100] {dag.py:3096} INFO - Sync 1 DAGs
[2026-05-08T17:53:28.084+0100] {logging_mixin.py:188} INFO - [2026-05-08T17:53:28.084+0100] {dag.py:3954} INFO - Setting next_dagrun for example_params_trigger_ui to None, run_after=None
[2026-05-08T17:53:28.162+0100] {processor.py:183} INFO - Processing /home/najma/airflow-venv/lib/python3.12/site-packages/airflow/example_dags/example_params_trigger_ui.py took 0.153 seconds
[2026-05-08T17:54:37.984+0100] {processor.py:161} INFO - Started process (PID=10748) to work on /home/najma/airflow-venv/lib/python3.12/site-packages/airflow/example_dags/example_params_trigger_ui.py
[2026-05-08T17:54:37.985+0100] {processor.py:830} INFO - Processing file /home/najma/airflow-venv/lib/python3.12/site-packages/airflow/example_dags/example_params_trigger_ui.py for tasks to queue
[2026-05-08T17:54:37.986+0100] {logging_mixin.py:188} INFO - [2026-05-08T17:54:37.986+0100] {dagbag.py:540} INFO - Filling up the DagBag from /home/najma/airflow-venv/lib/python3.12/site-packages/airflow/example_dags/example_params_trigger_ui.py
[2026-05-08T17:54:37.997+0100] {processor.py:840} INFO - DAG(s) 'example_params_trigger_ui' retrieved from /home/najma/airflow-venv/lib/python3.12/site-packages/airflow/example_dags/example_params_trigger_ui.py
[2026-05-08T17:54:38.040+0100] {logging_mixin.py:188} INFO - [2026-05-08T17:54:38.040+0100] {dag.py:3096} INFO - Sync 1 DAGs
[2026-05-08T17:54:38.053+0100] {logging_mixin.py:188} INFO - [2026-05-08T17:54:38.053+0100] {dag.py:3954} INFO - Setting next_dagrun for example_params_trigger_ui to None, run_after=None
[2026-05-08T17:54:38.141+0100] {processor.py:183} INFO - Processing /home/najma/airflow-venv/lib/python3.12/site-packages/airflow/example_dags/example_params_trigger_ui.py took 0.162 seconds
[2026-05-08T17:55:41.362+0100] {processor.py:161} INFO - Started process (PID=10805) to work on /home/najma/airflow-venv/lib/python3.12/site-packages/airflow/example_dags/example_params_trigger_ui.py
[2026-05-08T17:55:41.363+0100] {processor.py:830} INFO - Processing file /home/najma/airflow-venv/lib/python3.12/site-packages/airflow/example_dags/example_params_trigger_ui.py for tasks to queue
[2026-05-08T17:55:41.365+0100] {logging_mixin.py:188} INFO - [2026-05-08T17:55:41.364+0100] {dagbag.py:540} INFO - Filling up the DagBag from /home/najma/airflow-venv/lib/python3.12/site-packages/airflow/example_dags/example_params_trigger_ui.py
[2026-05-08T17:55:41.375+0100] {processor.py:840} INFO - DAG(s) 'example_params_trigger_ui' retrieved from /home/najma/airflow-venv/lib/python3.12/site-packages/airflow/example_dags/example_params_trigger_ui.py
[2026-05-08T17:55:41.418+0100] {logging_mixin.py:188} INFO - [2026-05-08T17:55:41.418+0100] {dag.py:3096} INFO - Sync 1 DAGs
[2026-05-08T17:55:41.432+0100] {logging_mixin.py:188} INFO - [2026-05-08T17:55:41.432+0100] {dag.py:3954} INFO - Setting next_dagrun for example_params_trigger_ui to None, run_after=None
[2026-05-08T17:55:41.520+0100] {processor.py:183} INFO - Processing /home/najma/airflow-venv/lib/python3.12/site-packages/airflow/example_dags/example_params_trigger_ui.py took 0.162 seconds
[2026-05-08T17:56:52.612+0100] {processor.py:161} INFO - Started process (PID=10868) to work on /home/najma/airflow-venv/lib/python3.12/site-packages/airflow/example_dags/example_params_trigger_ui.py
[2026-05-08T17:56:52.613+0100] {processor.py:830} INFO - Processing file /home/najma/airflow-venv/lib/python3.12/site-packages/airflow/example_dags/example_params_trigger_ui.py for tasks to queue
[2026-05-08T17:56:52.615+0100] {logging_mixin.py:188} INFO - [2026-05-08T17:56:52.615+0100] {dagbag.py:540} INFO - Filling up the DagBag from /home/najma/airflow-venv/lib/python3.12/site-packages/airflow/example_dags/example_params_trigger_ui.py
[2026-05-08T17:56:52.625+0100] {processor.py:840} INFO - DAG(s) 'example_params_trigger_ui' retrieved from /home/najma/airflow-venv/lib/python3.12/site-packages/airflow/example_dags/example_params_trigger_ui.py
[2026-05-08T17:56:52.670+0100] {logging_mixin.py:188} INFO - [2026-05-08T17:56:52.669+0100] {dag.py:3096} INFO - Sync 1 DAGs
[2026-05-08T17:56:52.684+0100] {logging_mixin.py:188} INFO - [2026-05-08T17:56:52.684+0100] {dag.py:3954} INFO - Setting next_dagrun for example_params_trigger_ui to None, run_after=None
[2026-05-08T17:56:52.779+0100] {processor.py:183} INFO - Processing /home/najma/airflow-venv/lib/python3.12/site-packages/airflow/example_dags/example_params_trigger_ui.py took 0.171 seconds
[2026-05-08T17:58:07.784+0100] {processor.py:161} INFO - Started process (PID=10931) to work on /home/najma/airflow-venv/lib/python3.12/site-packages/airflow/example_dags/example_params_trigger_ui.py
[2026-05-08T17:58:07.785+0100] {processor.py:830} INFO - Processing file /home/najma/airflow-venv/lib/python3.12/site-packages/airflow/example_dags/example_params_trigger_ui.py for tasks to queue
[2026-05-08T17:58:07.787+0100] {logging_mixin.py:188} INFO - [2026-05-08T17:58:07.786+0100] {dagbag.py:540} INFO - Filling up the DagBag from /home/najma/airflow-venv/lib/python3.12/site-packages/airflow/example_dags/example_params_trigger_ui.py
[2026-05-08T17:58:07.797+0100] {processor.py:840} INFO - DAG(s) 'example_params_trigger_ui' retrieved from /home/najma/airflow-venv/lib/python3.12/site-packages/airflow/example_dags/example_params_trigger_ui.py
[2026-05-08T17:58:07.842+0100] {logging_mixin.py:188} INFO - [2026-05-08T17:58:07.842+0100] {dag.py:3096} INFO - Sync 1 DAGs
[2026-05-08T17:58:07.856+0100] {logging_mixin.py:188} INFO - [2026-05-08T17:58:07.856+0100] {dag.py:3954} INFO - Setting next_dagrun for example_params_trigger_ui to None, run_after=None
[2026-05-08T17:58:07.950+0100] {processor.py:183} INFO - Processing /home/najma/airflow-venv/lib/python3.12/site-packages/airflow/example_dags/example_params_trigger_ui.py took 0.170 seconds
[2026-05-08T17:59:14.627+0100] {processor.py:161} INFO - Started process (PID=10989) to work on /home/najma/airflow-venv/lib/python3.12/site-packages/airflow/example_dags/example_params_trigger_ui.py
[2026-05-08T17:59:14.628+0100] {processor.py:830} INFO - Processing file /home/najma/airflow-venv/lib/python3.12/site-packages/airflow/example_dags/example_params_trigger_ui.py for tasks to queue
[2026-05-08T17:59:14.630+0100] {logging_mixin.py:188} INFO - [2026-05-08T17:59:14.630+0100] {dagbag.py:540} INFO - Filling up the DagBag from /home/najma/airflow-venv/lib/python3.12/site-packages/airflow/example_dags/example_params_trigger_ui.py
[2026-05-08T17:59:14.646+0100] {processor.py:840} INFO - DAG(s) 'example_params_trigger_ui' retrieved from /home/najma/airflow-venv/lib/python3.12/site-packages/airflow/example_dags/example_params_trigger_ui.py
[2026-05-08T17:59:14.693+0100] {logging_mixin.py:188} INFO - [2026-05-08T17:59:14.693+0100] {dag.py:3096} INFO - Sync 1 DAGs
[2026-05-08T17:59:14.707+0100] {logging_mixin.py:188} INFO - [2026-05-08T17:59:14.707+0100] {dag.py:3954} INFO - Setting next_dagrun for example_params_trigger_ui to None, run_after=None
[2026-05-08T17:59:14.802+0100] {processor.py:183} INFO - Processing /home/najma/airflow-venv/lib/python3.12/site-packages/airflow/example_dags/example_params_trigger_ui.py took 0.179 seconds
[2026-05-08T18:00:23.997+0100] {processor.py:161} INFO - Started process (PID=11050) to work on /home/najma/airflow-venv/lib/python3.12/site-packages/airflow/example_dags/example_params_trigger_ui.py
[2026-05-08T18:00:23.998+0100] {processor.py:830} INFO - Processing file /home/najma/airflow-venv/lib/python3.12/site-packages/airflow/example_dags/example_params_trigger_ui.py for tasks to queue
[2026-05-08T18:00:24.000+0100] {logging_mixin.py:188} INFO - [2026-05-08T18:00:24.000+0100] {dagbag.py:540} INFO - Filling up the DagBag from /home/najma/airflow-venv/lib/python3.12/site-packages/airflow/example_dags/example_params_trigger_ui.py
[2026-05-08T18:00:24.010+0100] {processor.py:840} INFO - DAG(s) 'example_params_trigger_ui' retrieved from /home/najma/airflow-venv/lib/python3.12/site-packages/airflow/example_dags/example_params_trigger_ui.py
[2026-05-08T18:00:24.054+0100] {logging_mixin.py:188} INFO - [2026-05-08T18:00:24.054+0100] {dag.py:3096} INFO - Sync 1 DAGs
[2026-05-08T18:00:24.067+0100] {logging_mixin.py:188} INFO - [2026-05-08T18:00:24.067+0100] {dag.py:3954} INFO - Setting next_dagrun for example_params_trigger_ui to None, run_after=None
[2026-05-08T18:00:24.167+0100] {processor.py:183} INFO - Processing /home/najma/airflow-venv/lib/python3.12/site-packages/airflow/example_dags/example_params_trigger_ui.py took 0.174 seconds
[2026-05-08T18:01:31.048+0100] {processor.py:161} INFO - Started process (PID=11108) to work on /home/najma/airflow-venv/lib/python3.12/site-packages/airflow/example_dags/example_params_trigger_ui.py
[2026-05-08T18:01:31.050+0100] {processor.py:830} INFO - Processing file /home/najma/airflow-venv/lib/python3.12/site-packages/airflow/example_dags/example_params_trigger_ui.py for tasks to queue
[2026-05-08T18:01:31.052+0100] {logging_mixin.py:188} INFO - [2026-05-08T18:01:31.051+0100] {dagbag.py:540} INFO - Filling up the DagBag from /home/najma/airflow-venv/lib/python3.12/site-packages/airflow/example_dags/example_params_trigger_ui.py
[2026-05-08T18:01:31.061+0100] {processor.py:840} INFO - DAG(s) 'example_params_trigger_ui' retrieved from /home/najma/airflow-venv/lib/python3.12/site-packages/airflow/example_dags/example_params_trigger_ui.py
[2026-05-08T18:01:31.105+0100] {logging_mixin.py:188} INFO - [2026-05-08T18:01:31.104+0100] {dag.py:3096} INFO - Sync 1 DAGs
[2026-05-08T18:01:31.118+0100] {logging_mixin.py:188} INFO - [2026-05-08T18:01:31.118+0100] {dag.py:3954} INFO - Setting next_dagrun for example_params_trigger_ui to None, run_after=None
[2026-05-08T18:01:31.215+0100] {processor.py:183} INFO - Processing /home/najma/airflow-venv/lib/python3.12/site-packages/airflow/example_dags/example_params_trigger_ui.py took 0.171 seconds
[2026-05-08T18:02:33.476+0100] {processor.py:161} INFO - Started process (PID=11166) to work on /home/najma/airflow-venv/lib/python3.12/site-packages/airflow/example_dags/example_params_trigger_ui.py
[2026-05-08T18:02:33.477+0100] {processor.py:830} INFO - Processing file /home/najma/airflow-venv/lib/python3.12/site-packages/airflow/example_dags/example_params_trigger_ui.py for tasks to queue
[2026-05-08T18:02:33.479+0100] {logging_mixin.py:188} INFO - [2026-05-08T18:02:33.479+0100] {dagbag.py:540} INFO - Filling up the DagBag from /home/najma/airflow-venv/lib/python3.12/site-packages/airflow/example_dags/example_params_trigger_ui.py
[2026-05-08T18:02:33.490+0100] {processor.py:840} INFO - DAG(s) 'example_params_trigger_ui' retrieved from /home/najma/airflow-venv/lib/python3.12/site-packages/airflow/example_dags/example_params_trigger_ui.py
[2026-05-08T18:02:33.534+0100] {logging_mixin.py:188} INFO - [2026-05-08T18:02:33.533+0100] {dag.py:3096} INFO - Sync 1 DAGs
[2026-05-08T18:02:33.546+0100] {logging_mixin.py:188} INFO - [2026-05-08T18:02:33.545+0100] {dag.py:3954} INFO - Setting next_dagrun for example_params_trigger_ui to None, run_after=None
[2026-05-08T18:02:33.639+0100] {processor.py:183} INFO - Processing /home/najma/airflow-venv/lib/python3.12/site-packages/airflow/example_dags/example_params_trigger_ui.py took 0.167 seconds
[2026-05-08T18:03:40.505+0100] {processor.py:161} INFO - Started process (PID=11223) to work on /home/najma/airflow-venv/lib/python3.12/site-packages/airflow/example_dags/example_params_trigger_ui.py
[2026-05-08T18:03:40.507+0100] {processor.py:830} INFO - Processing file /home/najma/airflow-venv/lib/python3.12/site-packages/airflow/example_dags/example_params_trigger_ui.py for tasks to queue
[2026-05-08T18:03:40.508+0100] {logging_mixin.py:188} INFO - [2026-05-08T18:03:40.508+0100] {dagbag.py:540} INFO - Filling up the DagBag from /home/najma/airflow-venv/lib/python3.12/site-packages/airflow/example_dags/example_params_trigger_ui.py
[2026-05-08T18:03:40.519+0100] {processor.py:840} INFO - DAG(s) 'example_params_trigger_ui' retrieved from /home/najma/airflow-venv/lib/python3.12/site-packages/airflow/example_dags/example_params_trigger_ui.py
[2026-05-08T18:03:40.563+0100] {logging_mixin.py:188} INFO - [2026-05-08T18:03:40.563+0100] {dag.py:3096} INFO - Sync 1 DAGs
[2026-05-08T18:03:40.575+0100] {logging_mixin.py:188} INFO - [2026-05-08T18:03:40.575+0100] {dag.py:3954} INFO - Setting next_dagrun for example_params_trigger_ui to None, run_after=None
[2026-05-08T18:03:40.677+0100] {processor.py:183} INFO - Processing /home/najma/airflow-venv/lib/python3.12/site-packages/airflow/example_dags/example_params_trigger_ui.py took 0.175 seconds
[2026-05-08T18:04:49.876+0100] {processor.py:161} INFO - Started process (PID=11286) to work on /home/najma/airflow-venv/lib/python3.12/site-packages/airflow/example_dags/example_params_trigger_ui.py
[2026-05-08T18:04:49.877+0100] {processor.py:830} INFO - Processing file /home/najma/airflow-venv/lib/python3.12/site-packages/airflow/example_dags/example_params_trigger_ui.py for tasks to queue
[2026-05-08T18:04:49.879+0100] {logging_mixin.py:188} INFO - [2026-05-08T18:04:49.879+0100] {dagbag.py:540} INFO - Filling up the DagBag from /home/najma/airflow-venv/lib/python3.12/site-packages/airflow/example_dags/example_params_trigger_ui.py
[2026-05-08T18:04:49.889+0100] {processor.py:840} INFO - DAG(s) 'example_params_trigger_ui' retrieved from /home/najma/airflow-venv/lib/python3.12/site-packages/airflow/example_dags/example_params_trigger_ui.py
[2026-05-08T18:04:49.932+0100] {logging_mixin.py:188} INFO - [2026-05-08T18:04:49.932+0100] {dag.py:3096} INFO - Sync 1 DAGs
[2026-05-08T18:04:49.946+0100] {logging_mixin.py:188} INFO - [2026-05-08T18:04:49.946+0100] {dag.py:3954} INFO - Setting next_dagrun for example_params_trigger_ui to None, run_after=None
[2026-05-08T18:04:50.039+0100] {processor.py:183} INFO - Processing /home/najma/airflow-venv/lib/python3.12/site-packages/airflow/example_dags/example_params_trigger_ui.py took 0.167 seconds
[2026-05-08T18:05:58.579+0100] {processor.py:161} INFO - Started process (PID=11345) to work on /home/najma/airflow-venv/lib/python3.12/site-packages/airflow/example_dags/example_params_trigger_ui.py
[2026-05-08T18:05:58.580+0100] {processor.py:830} INFO - Processing file /home/najma/airflow-venv/lib/python3.12/site-packages/airflow/example_dags/example_params_trigger_ui.py for tasks to queue
[2026-05-08T18:05:58.582+0100] {logging_mixin.py:188} INFO - [2026-05-08T18:05:58.582+0100] {dagbag.py:540} INFO - Filling up the DagBag from /home/najma/airflow-venv/lib/python3.12/site-packages/airflow/example_dags/example_params_trigger_ui.py
[2026-05-08T18:05:58.593+0100] {processor.py:840} INFO - DAG(s) 'example_params_trigger_ui' retrieved from /home/najma/airflow-venv/lib/python3.12/site-packages/airflow/example_dags/example_params_trigger_ui.py
[2026-05-08T18:05:58.640+0100] {logging_mixin.py:188} INFO - [2026-05-08T18:05:58.639+0100] {dag.py:3096} INFO - Sync 1 DAGs
[2026-05-08T18:05:58.653+0100] {logging_mixin.py:188} INFO - [2026-05-08T18:05:58.653+0100] {dag.py:3954} INFO - Setting next_dagrun for example_params_trigger_ui to None, run_after=None
[2026-05-08T18:05:58.733+0100] {processor.py:183} INFO - Processing /home/najma/airflow-venv/lib/python3.12/site-packages/airflow/example_dags/example_params_trigger_ui.py took 0.158 seconds
[2026-05-08T18:07:01.135+0100] {processor.py:161} INFO - Started process (PID=11403) to work on /home/najma/airflow-venv/lib/python3.12/site-packages/airflow/example_dags/example_params_trigger_ui.py
[2026-05-08T18:07:01.136+0100] {processor.py:830} INFO - Processing file /home/najma/airflow-venv/lib/python3.12/site-packages/airflow/example_dags/example_params_trigger_ui.py for tasks to queue
[2026-05-08T18:07:01.138+0100] {logging_mixin.py:188} INFO - [2026-05-08T18:07:01.138+0100] {dagbag.py:540} INFO - Filling up the DagBag from /home/najma/airflow-venv/lib/python3.12/site-packages/airflow/example_dags/example_params_trigger_ui.py
[2026-05-08T18:07:01.150+0100] {processor.py:840} INFO - DAG(s) 'example_params_trigger_ui' retrieved from /home/najma/airflow-venv/lib/python3.12/site-packages/airflow/example_dags/example_params_trigger_ui.py
[2026-05-08T18:07:01.198+0100] {logging_mixin.py:188} INFO - [2026-05-08T18:07:01.197+0100] {dag.py:3096} INFO - Sync 1 DAGs
[2026-05-08T18:07:01.211+0100] {logging_mixin.py:188} INFO - [2026-05-08T18:07:01.211+0100] {dag.py:3954} INFO - Setting next_dagrun for example_params_trigger_ui to None, run_after=None
[2026-05-08T18:07:01.285+0100] {processor.py:183} INFO - Processing /home/najma/airflow-venv/lib/python3.12/site-packages/airflow/example_dags/example_params_trigger_ui.py took 0.154 seconds
[2026-05-08T18:08:02.837+0100] {processor.py:161} INFO - Started process (PID=11458) to work on /home/najma/airflow-venv/lib/python3.12/site-packages/airflow/example_dags/example_params_trigger_ui.py
[2026-05-08T18:08:02.838+0100] {processor.py:830} INFO - Processing file /home/najma/airflow-venv/lib/python3.12/site-packages/airflow/example_dags/example_params_trigger_ui.py for tasks to queue
[2026-05-08T18:08:02.840+0100] {logging_mixin.py:188} INFO - [2026-05-08T18:08:02.840+0100] {dagbag.py:540} INFO - Filling up the DagBag from /home/najma/airflow-venv/lib/python3.12/site-packages/airflow/example_dags/example_params_trigger_ui.py
[2026-05-08T18:08:02.850+0100] {processor.py:840} INFO - DAG(s) 'example_params_trigger_ui' retrieved from /home/najma/airflow-venv/lib/python3.12/site-packages/airflow/example_dags/example_params_trigger_ui.py
[2026-05-08T18:08:02.896+0100] {logging_mixin.py:188} INFO - [2026-05-08T18:08:02.896+0100] {dag.py:3096} INFO - Sync 1 DAGs
[2026-05-08T18:08:02.909+0100] {logging_mixin.py:188} INFO - [2026-05-08T18:08:02.909+0100] {dag.py:3954} INFO - Setting next_dagrun for example_params_trigger_ui to None, run_after=None
[2026-05-08T18:08:03.012+0100] {processor.py:183} INFO - Processing /home/najma/airflow-venv/lib/python3.12/site-packages/airflow/example_dags/example_params_trigger_ui.py took 0.179 seconds
[2026-05-08T18:09:08.325+0100] {processor.py:161} INFO - Started process (PID=11518) to work on /home/najma/airflow-venv/lib/python3.12/site-packages/airflow/example_dags/example_params_trigger_ui.py
[2026-05-08T18:09:08.327+0100] {processor.py:830} INFO - Processing file /home/najma/airflow-venv/lib/python3.12/site-packages/airflow/example_dags/example_params_trigger_ui.py for tasks to queue
[2026-05-08T18:09:08.328+0100] {logging_mixin.py:188} INFO - [2026-05-08T18:09:08.328+0100] {dagbag.py:540} INFO - Filling up the DagBag from /home/najma/airflow-venv/lib/python3.12/site-packages/airflow/example_dags/example_params_trigger_ui.py
[2026-05-08T18:09:08.340+0100] {processor.py:840} INFO - DAG(s) 'example_params_trigger_ui' retrieved from /home/najma/airflow-venv/lib/python3.12/site-packages/airflow/example_dags/example_params_trigger_ui.py
[2026-05-08T18:09:08.385+0100] {logging_mixin.py:188} INFO - [2026-05-08T18:09:08.384+0100] {dag.py:3096} INFO - Sync 1 DAGs
[2026-05-08T18:09:08.398+0100] {logging_mixin.py:188} INFO - [2026-05-08T18:09:08.397+0100] {dag.py:3954} INFO - Setting next_dagrun for example_params_trigger_ui to None, run_after=None
[2026-05-08T18:09:08.477+0100] {processor.py:183} INFO - Processing /home/najma/airflow-venv/lib/python3.12/site-packages/airflow/example_dags/example_params_trigger_ui.py took 0.155 seconds
[2026-05-08T18:10:10.338+0100] {processor.py:161} INFO - Started process (PID=11574) to work on /home/najma/airflow-venv/lib/python3.12/site-packages/airflow/example_dags/example_params_trigger_ui.py
[2026-05-08T18:10:10.339+0100] {processor.py:830} INFO - Processing file /home/najma/airflow-venv/lib/python3.12/site-packages/airflow/example_dags/example_params_trigger_ui.py for tasks to queue
[2026-05-08T18:10:10.341+0100] {logging_mixin.py:188} INFO - [2026-05-08T18:10:10.340+0100] {dagbag.py:540} INFO - Filling up the DagBag from /home/najma/airflow-venv/lib/python3.12/site-packages/airflow/example_dags/example_params_trigger_ui.py
[2026-05-08T18:10:10.351+0100] {processor.py:840} INFO - DAG(s) 'example_params_trigger_ui' retrieved from /home/najma/airflow-venv/lib/python3.12/site-packages/airflow/example_dags/example_params_trigger_ui.py
[2026-05-08T18:10:10.398+0100] {logging_mixin.py:188} INFO - [2026-05-08T18:10:10.398+0100] {dag.py:3096} INFO - Sync 1 DAGs
[2026-05-08T18:10:10.412+0100] {logging_mixin.py:188} INFO - [2026-05-08T18:10:10.412+0100] {dag.py:3954} INFO - Setting next_dagrun for example_params_trigger_ui to None, run_after=None
[2026-05-08T18:10:10.495+0100] {processor.py:183} INFO - Processing /home/najma/airflow-venv/lib/python3.12/site-packages/airflow/example_dags/example_params_trigger_ui.py took 0.161 seconds
[2026-05-08T18:11:14.711+0100] {processor.py:161} INFO - Started process (PID=11628) to work on /home/najma/airflow-venv/lib/python3.12/site-packages/airflow/example_dags/example_params_trigger_ui.py
[2026-05-08T18:11:14.712+0100] {processor.py:830} INFO - Processing file /home/najma/airflow-venv/lib/python3.12/site-packages/airflow/example_dags/example_params_trigger_ui.py for tasks to queue
[2026-05-08T18:11:14.714+0100] {logging_mixin.py:188} INFO - [2026-05-08T18:11:14.714+0100] {dagbag.py:540} INFO - Filling up the DagBag from /home/najma/airflow-venv/lib/python3.12/site-packages/airflow/example_dags/example_params_trigger_ui.py
[2026-05-08T18:11:14.725+0100] {processor.py:840} INFO - DAG(s) 'example_params_trigger_ui' retrieved from /home/najma/airflow-venv/lib/python3.12/site-packages/airflow/example_dags/example_params_trigger_ui.py
[2026-05-08T18:11:14.767+0100] {logging_mixin.py:188} INFO - [2026-05-08T18:11:14.767+0100] {dag.py:3096} INFO - Sync 1 DAGs
[2026-05-08T18:11:14.782+0100] {logging_mixin.py:188} INFO - [2026-05-08T18:11:14.781+0100] {dag.py:3954} INFO - Setting next_dagrun for example_params_trigger_ui to None, run_after=None
[2026-05-08T18:11:14.857+0100] {processor.py:183} INFO - Processing /home/najma/airflow-venv/lib/python3.12/site-packages/airflow/example_dags/example_params_trigger_ui.py took 0.150 seconds
[2026-05-08T18:12:27.005+0100] {processor.py:161} INFO - Started process (PID=11686) to work on /home/najma/airflow-venv/lib/python3.12/site-packages/airflow/example_dags/example_params_trigger_ui.py
[2026-05-08T18:12:27.006+0100] {processor.py:830} INFO - Processing file /home/najma/airflow-venv/lib/python3.12/site-packages/airflow/example_dags/example_params_trigger_ui.py for tasks to queue
[2026-05-08T18:12:27.007+0100] {logging_mixin.py:188} INFO - [2026-05-08T18:12:27.007+0100] {dagbag.py:540} INFO - Filling up the DagBag from /home/najma/airflow-venv/lib/python3.12/site-packages/airflow/example_dags/example_params_trigger_ui.py
[2026-05-08T18:12:27.018+0100] {processor.py:840} INFO - DAG(s) 'example_params_trigger_ui' retrieved from /home/najma/airflow-venv/lib/python3.12/site-packages/airflow/example_dags/example_params_trigger_ui.py
[2026-05-08T18:12:27.064+0100] {logging_mixin.py:188} INFO - [2026-05-08T18:12:27.064+0100] {dag.py:3096} INFO - Sync 1 DAGs
[2026-05-08T18:12:27.083+0100] {logging_mixin.py:188} INFO - [2026-05-08T18:12:27.083+0100] {dag.py:3954} INFO - Setting next_dagrun for example_params_trigger_ui to None, run_after=None
[2026-05-08T18:12:27.166+0100] {processor.py:183} INFO - Processing /home/najma/airflow-venv/lib/python3.12/site-packages/airflow/example_dags/example_params_trigger_ui.py took 0.165 seconds
[2026-05-08T18:13:59.409+0100] {processor.py:161} INFO - Started process (PID=11754) to work on /home/najma/airflow-venv/lib/python3.12/site-packages/airflow/example_dags/example_params_trigger_ui.py
[2026-05-08T18:13:59.411+0100] {processor.py:830} INFO - Processing file /home/najma/airflow-venv/lib/python3.12/site-packages/airflow/example_dags/example_params_trigger_ui.py for tasks to queue
[2026-05-08T18:13:59.413+0100] {logging_mixin.py:188} INFO - [2026-05-08T18:13:59.413+0100] {dagbag.py:540} INFO - Filling up the DagBag from /home/najma/airflow-venv/lib/python3.12/site-packages/airflow/example_dags/example_params_trigger_ui.py
[2026-05-08T18:13:59.427+0100] {processor.py:840} INFO - DAG(s) 'example_params_trigger_ui' retrieved from /home/najma/airflow-venv/lib/python3.12/site-packages/airflow/example_dags/example_params_trigger_ui.py
[2026-05-08T18:13:59.477+0100] {logging_mixin.py:188} INFO - [2026-05-08T18:13:59.477+0100] {dag.py:3096} INFO - Sync 1 DAGs
[2026-05-08T18:13:59.492+0100] {logging_mixin.py:188} INFO - [2026-05-08T18:13:59.492+0100] {dag.py:3954} INFO - Setting next_dagrun for example_params_trigger_ui to None, run_after=None
[2026-05-08T18:13:59.565+0100] {processor.py:183} INFO - Processing /home/najma/airflow-venv/lib/python3.12/site-packages/airflow/example_dags/example_params_trigger_ui.py took 0.160 seconds
[2026-05-08T18:15:13.299+0100] {processor.py:161} INFO - Started process (PID=11823) to work on /home/najma/airflow-venv/lib/python3.12/site-packages/airflow/example_dags/example_params_trigger_ui.py
[2026-05-08T18:15:13.301+0100] {processor.py:830} INFO - Processing file /home/najma/airflow-venv/lib/python3.12/site-packages/airflow/example_dags/example_params_trigger_ui.py for tasks to queue
[2026-05-08T18:15:13.302+0100] {logging_mixin.py:188} INFO - [2026-05-08T18:15:13.302+0100] {dagbag.py:540} INFO - Filling up the DagBag from /home/najma/airflow-venv/lib/python3.12/site-packages/airflow/example_dags/example_params_trigger_ui.py
[2026-05-08T18:15:13.331+0100] {processor.py:840} INFO - DAG(s) 'example_params_trigger_ui' retrieved from /home/najma/airflow-venv/lib/python3.12/site-packages/airflow/example_dags/example_params_trigger_ui.py
[2026-05-08T18:15:13.385+0100] {logging_mixin.py:188} INFO - [2026-05-08T18:15:13.385+0100] {dag.py:3096} INFO - Sync 1 DAGs
[2026-05-08T18:15:13.399+0100] {logging_mixin.py:188} INFO - [2026-05-08T18:15:13.399+0100] {dag.py:3954} INFO - Setting next_dagrun for example_params_trigger_ui to None, run_after=None
[2026-05-08T18:15:13.493+0100] {processor.py:183} INFO - Processing /home/najma/airflow-venv/lib/python3.12/site-packages/airflow/example_dags/example_params_trigger_ui.py took 0.198 seconds
[2026-05-08T18:16:26.057+0100] {processor.py:161} INFO - Started process (PID=11882) to work on /home/najma/airflow-venv/lib/python3.12/site-packages/airflow/example_dags/example_params_trigger_ui.py
[2026-05-08T18:16:26.058+0100] {processor.py:830} INFO - Processing file /home/najma/airflow-venv/lib/python3.12/site-packages/airflow/example_dags/example_params_trigger_ui.py for tasks to queue
[2026-05-08T18:16:26.060+0100] {logging_mixin.py:188} INFO - [2026-05-08T18:16:26.060+0100] {dagbag.py:540} INFO - Filling up the DagBag from /home/najma/airflow-venv/lib/python3.12/site-packages/airflow/example_dags/example_params_trigger_ui.py
[2026-05-08T18:16:26.071+0100] {processor.py:840} INFO - DAG(s) 'example_params_trigger_ui' retrieved from /home/najma/airflow-venv/lib/python3.12/site-packages/airflow/example_dags/example_params_trigger_ui.py
[2026-05-08T18:16:26.117+0100] {logging_mixin.py:188} INFO - [2026-05-08T18:16:26.117+0100] {dag.py:3096} INFO - Sync 1 DAGs
[2026-05-08T18:16:26.132+0100] {logging_mixin.py:188} INFO - [2026-05-08T18:16:26.132+0100] {dag.py:3954} INFO - Setting next_dagrun for example_params_trigger_ui to None, run_after=None
[2026-05-08T18:16:26.235+0100] {processor.py:183} INFO - Processing /home/najma/airflow-venv/lib/python3.12/site-packages/airflow/example_dags/example_params_trigger_ui.py took 0.183 seconds
[2026-05-08T18:17:36.524+0100] {processor.py:161} INFO - Started process (PID=11942) to work on /home/najma/airflow-venv/lib/python3.12/site-packages/airflow/example_dags/example_params_trigger_ui.py
[2026-05-08T18:17:36.526+0100] {processor.py:830} INFO - Processing file /home/najma/airflow-venv/lib/python3.12/site-packages/airflow/example_dags/example_params_trigger_ui.py for tasks to queue
[2026-05-08T18:17:36.528+0100] {logging_mixin.py:188} INFO - [2026-05-08T18:17:36.527+0100] {dagbag.py:540} INFO - Filling up the DagBag from /home/najma/airflow-venv/lib/python3.12/site-packages/airflow/example_dags/example_params_trigger_ui.py
[2026-05-08T18:17:36.538+0100] {processor.py:840} INFO - DAG(s) 'example_params_trigger_ui' retrieved from /home/najma/airflow-venv/lib/python3.12/site-packages/airflow/example_dags/example_params_trigger_ui.py
[2026-05-08T18:17:36.584+0100] {logging_mixin.py:188} INFO - [2026-05-08T18:17:36.584+0100] {dag.py:3096} INFO - Sync 1 DAGs
[2026-05-08T18:17:36.597+0100] {logging_mixin.py:188} INFO - [2026-05-08T18:17:36.597+0100] {dag.py:3954} INFO - Setting next_dagrun for example_params_trigger_ui to None, run_after=None
[2026-05-08T18:17:36.753+0100] {processor.py:183} INFO - Processing /home/najma/airflow-venv/lib/python3.12/site-packages/airflow/example_dags/example_params_trigger_ui.py took 0.233 seconds
[2026-05-08T18:18:51.503+0100] {processor.py:161} INFO - Started process (PID=12001) to work on /home/najma/airflow-venv/lib/python3.12/site-packages/airflow/example_dags/example_params_trigger_ui.py
[2026-05-08T18:18:51.505+0100] {processor.py:830} INFO - Processing file /home/najma/airflow-venv/lib/python3.12/site-packages/airflow/example_dags/example_params_trigger_ui.py for tasks to queue
[2026-05-08T18:18:51.506+0100] {logging_mixin.py:188} INFO - [2026-05-08T18:18:51.506+0100] {dagbag.py:540} INFO - Filling up the DagBag from /home/najma/airflow-venv/lib/python3.12/site-packages/airflow/example_dags/example_params_trigger_ui.py
[2026-05-08T18:18:51.517+0100] {processor.py:840} INFO - DAG(s) 'example_params_trigger_ui' retrieved from /home/najma/airflow-venv/lib/python3.12/site-packages/airflow/example_dags/example_params_trigger_ui.py
[2026-05-08T18:18:51.570+0100] {logging_mixin.py:188} INFO - [2026-05-08T18:18:51.569+0100] {dag.py:3096} INFO - Sync 1 DAGs
[2026-05-08T18:18:51.584+0100] {logging_mixin.py:188} INFO - [2026-05-08T18:18:51.584+0100] {dag.py:3954} INFO - Setting next_dagrun for example_params_trigger_ui to None, run_after=None
[2026-05-08T18:18:51.681+0100] {processor.py:183} INFO - Processing /home/najma/airflow-venv/lib/python3.12/site-packages/airflow/example_dags/example_params_trigger_ui.py took 0.181 seconds
[2026-05-08T18:19:58.121+0100] {processor.py:161} INFO - Started process (PID=12057) to work on /home/najma/airflow-venv/lib/python3.12/site-packages/airflow/example_dags/example_params_trigger_ui.py
[2026-05-08T18:19:58.122+0100] {processor.py:830} INFO - Processing file /home/najma/airflow-venv/lib/python3.12/site-packages/airflow/example_dags/example_params_trigger_ui.py for tasks to queue
[2026-05-08T18:19:58.126+0100] {logging_mixin.py:188} INFO - [2026-05-08T18:19:58.125+0100] {dagbag.py:540} INFO - Filling up the DagBag from /home/najma/airflow-venv/lib/python3.12/site-packages/airflow/example_dags/example_params_trigger_ui.py
[2026-05-08T18:19:58.137+0100] {processor.py:840} INFO - DAG(s) 'example_params_trigger_ui' retrieved from /home/najma/airflow-venv/lib/python3.12/site-packages/airflow/example_dags/example_params_trigger_ui.py
[2026-05-08T18:19:58.183+0100] {logging_mixin.py:188} INFO - [2026-05-08T18:19:58.182+0100] {dag.py:3096} INFO - Sync 1 DAGs
[2026-05-08T18:19:58.199+0100] {logging_mixin.py:188} INFO - [2026-05-08T18:19:58.199+0100] {dag.py:3954} INFO - Setting next_dagrun for example_params_trigger_ui to None, run_after=None
[2026-05-08T18:19:58.279+0100] {processor.py:183} INFO - Processing /home/najma/airflow-venv/lib/python3.12/site-packages/airflow/example_dags/example_params_trigger_ui.py took 0.162 seconds
[2026-05-08T18:21:06.197+0100] {processor.py:161} INFO - Started process (PID=12113) to work on /home/najma/airflow-venv/lib/python3.12/site-packages/airflow/example_dags/example_params_trigger_ui.py
[2026-05-08T18:21:06.198+0100] {processor.py:830} INFO - Processing file /home/najma/airflow-venv/lib/python3.12/site-packages/airflow/example_dags/example_params_trigger_ui.py for tasks to queue
[2026-05-08T18:21:06.200+0100] {logging_mixin.py:188} INFO - [2026-05-08T18:21:06.200+0100] {dagbag.py:540} INFO - Filling up the DagBag from /home/najma/airflow-venv/lib/python3.12/site-packages/airflow/example_dags/example_params_trigger_ui.py
[2026-05-08T18:21:06.210+0100] {processor.py:840} INFO - DAG(s) 'example_params_trigger_ui' retrieved from /home/najma/airflow-venv/lib/python3.12/site-packages/airflow/example_dags/example_params_trigger_ui.py
[2026-05-08T18:21:06.254+0100] {logging_mixin.py:188} INFO - [2026-05-08T18:21:06.253+0100] {dag.py:3096} INFO - Sync 1 DAGs
[2026-05-08T18:21:06.267+0100] {logging_mixin.py:188} INFO - [2026-05-08T18:21:06.267+0100] {dag.py:3954} INFO - Setting next_dagrun for example_params_trigger_ui to None, run_after=None
[2026-05-08T18:21:06.349+0100] {processor.py:183} INFO - Processing /home/najma/airflow-venv/lib/python3.12/site-packages/airflow/example_dags/example_params_trigger_ui.py took 0.156 seconds
[2026-05-08T18:22:21.814+0100] {processor.py:161} INFO - Started process (PID=12173) to work on /home/najma/airflow-venv/lib/python3.12/site-packages/airflow/example_dags/example_params_trigger_ui.py
[2026-05-08T18:22:21.815+0100] {processor.py:830} INFO - Processing file /home/najma/airflow-venv/lib/python3.12/site-packages/airflow/example_dags/example_params_trigger_ui.py for tasks to queue
[2026-05-08T18:22:21.818+0100] {logging_mixin.py:188} INFO - [2026-05-08T18:22:21.817+0100] {dagbag.py:540} INFO - Filling up the DagBag from /home/najma/airflow-venv/lib/python3.12/site-packages/airflow/example_dags/example_params_trigger_ui.py
[2026-05-08T18:22:21.831+0100] {processor.py:840} INFO - DAG(s) 'example_params_trigger_ui' retrieved from /home/najma/airflow-venv/lib/python3.12/site-packages/airflow/example_dags/example_params_trigger_ui.py
[2026-05-08T18:22:21.898+0100] {logging_mixin.py:188} INFO - [2026-05-08T18:22:21.896+0100] {dag.py:3096} INFO - Sync 1 DAGs
[2026-05-08T18:22:21.914+0100] {logging_mixin.py:188} INFO - [2026-05-08T18:22:21.913+0100] {dag.py:3954} INFO - Setting next_dagrun for example_params_trigger_ui to None, run_after=None
[2026-05-08T18:22:21.992+0100] {processor.py:183} INFO - Processing /home/najma/airflow-venv/lib/python3.12/site-packages/airflow/example_dags/example_params_trigger_ui.py took 0.182 seconds
[2026-05-08T18:24:33.744+0100] {processor.py:161} INFO - Started process (PID=12286) to work on /home/najma/airflow-venv/lib/python3.12/site-packages/airflow/example_dags/example_params_trigger_ui.py
[2026-05-08T18:24:33.746+0100] {processor.py:830} INFO - Processing file /home/najma/airflow-venv/lib/python3.12/site-packages/airflow/example_dags/example_params_trigger_ui.py for tasks to queue
[2026-05-08T18:24:33.748+0100] {logging_mixin.py:188} INFO - [2026-05-08T18:24:33.748+0100] {dagbag.py:540} INFO - Filling up the DagBag from /home/najma/airflow-venv/lib/python3.12/site-packages/airflow/example_dags/example_params_trigger_ui.py
[2026-05-08T18:24:33.769+0100] {processor.py:840} INFO - DAG(s) 'example_params_trigger_ui' retrieved from /home/najma/airflow-venv/lib/python3.12/site-packages/airflow/example_dags/example_params_trigger_ui.py
[2026-05-08T18:24:33.843+0100] {logging_mixin.py:188} INFO - [2026-05-08T18:24:33.842+0100] {dag.py:3096} INFO - Sync 1 DAGs
[2026-05-08T18:24:33.869+0100] {logging_mixin.py:188} INFO - [2026-05-08T18:24:33.868+0100] {dag.py:3954} INFO - Setting next_dagrun for example_params_trigger_ui to None, run_after=None
[2026-05-08T18:24:33.989+0100] {processor.py:183} INFO - Processing /home/najma/airflow-venv/lib/python3.12/site-packages/airflow/example_dags/example_params_trigger_ui.py took 0.255 seconds
[2026-05-08T18:25:52.209+0100] {processor.py:161} INFO - Started process (PID=12360) to work on /home/najma/airflow-venv/lib/python3.12/site-packages/airflow/example_dags/example_params_trigger_ui.py
[2026-05-08T18:25:52.211+0100] {processor.py:830} INFO - Processing file /home/najma/airflow-venv/lib/python3.12/site-packages/airflow/example_dags/example_params_trigger_ui.py for tasks to queue
[2026-05-08T18:25:52.212+0100] {logging_mixin.py:188} INFO - [2026-05-08T18:25:52.212+0100] {dagbag.py:540} INFO - Filling up the DagBag from /home/najma/airflow-venv/lib/python3.12/site-packages/airflow/example_dags/example_params_trigger_ui.py
[2026-05-08T18:25:52.224+0100] {processor.py:840} INFO - DAG(s) 'example_params_trigger_ui' retrieved from /home/najma/airflow-venv/lib/python3.12/site-packages/airflow/example_dags/example_params_trigger_ui.py
[2026-05-08T18:25:52.269+0100] {logging_mixin.py:188} INFO - [2026-05-08T18:25:52.268+0100] {dag.py:3096} INFO - Sync 1 DAGs
[2026-05-08T18:25:52.282+0100] {logging_mixin.py:188} INFO - [2026-05-08T18:25:52.282+0100] {dag.py:3954} INFO - Setting next_dagrun for example_params_trigger_ui to None, run_after=None
[2026-05-08T18:25:52.360+0100] {processor.py:183} INFO - Processing /home/najma/airflow-venv/lib/python3.12/site-packages/airflow/example_dags/example_params_trigger_ui.py took 0.154 seconds
[2026-05-08T18:27:08.124+0100] {processor.py:161} INFO - Started process (PID=12421) to work on /home/najma/airflow-venv/lib/python3.12/site-packages/airflow/example_dags/example_params_trigger_ui.py
[2026-05-08T18:27:08.129+0100] {processor.py:830} INFO - Processing file /home/najma/airflow-venv/lib/python3.12/site-packages/airflow/example_dags/example_params_trigger_ui.py for tasks to queue
[2026-05-08T18:27:08.135+0100] {logging_mixin.py:188} INFO - [2026-05-08T18:27:08.133+0100] {dagbag.py:540} INFO - Filling up the DagBag from /home/najma/airflow-venv/lib/python3.12/site-packages/airflow/example_dags/example_params_trigger_ui.py
[2026-05-08T18:27:08.183+0100] {processor.py:840} INFO - DAG(s) 'example_params_trigger_ui' retrieved from /home/najma/airflow-venv/lib/python3.12/site-packages/airflow/example_dags/example_params_trigger_ui.py
[2026-05-08T18:27:08.266+0100] {logging_mixin.py:188} INFO - [2026-05-08T18:27:08.266+0100] {dag.py:3096} INFO - Sync 1 DAGs
[2026-05-08T18:27:08.286+0100] {logging_mixin.py:188} INFO - [2026-05-08T18:27:08.286+0100] {dag.py:3954} INFO - Setting next_dagrun for example_params_trigger_ui to None, run_after=None
[2026-05-08T18:27:08.377+0100] {processor.py:183} INFO - Processing /home/najma/airflow-venv/lib/python3.12/site-packages/airflow/example_dags/example_params_trigger_ui.py took 0.273 seconds
[2026-05-08T18:28:30.416+0100] {processor.py:161} INFO - Started process (PID=12484) to work on /home/najma/airflow-venv/lib/python3.12/site-packages/airflow/example_dags/example_params_trigger_ui.py
[2026-05-08T18:28:30.417+0100] {processor.py:830} INFO - Processing file /home/najma/airflow-venv/lib/python3.12/site-packages/airflow/example_dags/example_params_trigger_ui.py for tasks to queue
[2026-05-08T18:28:30.419+0100] {logging_mixin.py:188} INFO - [2026-05-08T18:28:30.419+0100] {dagbag.py:540} INFO - Filling up the DagBag from /home/najma/airflow-venv/lib/python3.12/site-packages/airflow/example_dags/example_params_trigger_ui.py
[2026-05-08T18:28:30.432+0100] {processor.py:840} INFO - DAG(s) 'example_params_trigger_ui' retrieved from /home/najma/airflow-venv/lib/python3.12/site-packages/airflow/example_dags/example_params_trigger_ui.py
[2026-05-08T18:28:30.486+0100] {logging_mixin.py:188} INFO - [2026-05-08T18:28:30.485+0100] {dag.py:3096} INFO - Sync 1 DAGs
[2026-05-08T18:28:30.499+0100] {logging_mixin.py:188} INFO - [2026-05-08T18:28:30.499+0100] {dag.py:3954} INFO - Setting next_dagrun for example_params_trigger_ui to None, run_after=None
[2026-05-08T18:28:30.595+0100] {processor.py:183} INFO - Processing /home/najma/airflow-venv/lib/python3.12/site-packages/airflow/example_dags/example_params_trigger_ui.py took 0.183 seconds
[2026-05-08T18:29:45.258+0100] {processor.py:161} INFO - Started process (PID=12543) to work on /home/najma/airflow-venv/lib/python3.12/site-packages/airflow/example_dags/example_params_trigger_ui.py
[2026-05-08T18:29:45.259+0100] {processor.py:830} INFO - Processing file /home/najma/airflow-venv/lib/python3.12/site-packages/airflow/example_dags/example_params_trigger_ui.py for tasks to queue
[2026-05-08T18:29:45.261+0100] {logging_mixin.py:188} INFO - [2026-05-08T18:29:45.261+0100] {dagbag.py:540} INFO - Filling up the DagBag from /home/najma/airflow-venv/lib/python3.12/site-packages/airflow/example_dags/example_params_trigger_ui.py
[2026-05-08T18:29:45.272+0100] {processor.py:840} INFO - DAG(s) 'example_params_trigger_ui' retrieved from /home/najma/airflow-venv/lib/python3.12/site-packages/airflow/example_dags/example_params_trigger_ui.py
[2026-05-08T18:29:45.320+0100] {logging_mixin.py:188} INFO - [2026-05-08T18:29:45.320+0100] {dag.py:3096} INFO - Sync 1 DAGs
[2026-05-08T18:29:45.334+0100] {logging_mixin.py:188} INFO - [2026-05-08T18:29:45.334+0100] {dag.py:3954} INFO - Setting next_dagrun for example_params_trigger_ui to None, run_after=None
[2026-05-08T18:29:45.421+0100] {processor.py:183} INFO - Processing /home/najma/airflow-venv/lib/python3.12/site-packages/airflow/example_dags/example_params_trigger_ui.py took 0.167 seconds
[2026-05-08T18:31:03.122+0100] {processor.py:161} INFO - Started process (PID=12604) to work on /home/najma/airflow-venv/lib/python3.12/site-packages/airflow/example_dags/example_params_trigger_ui.py
[2026-05-08T18:31:03.123+0100] {processor.py:830} INFO - Processing file /home/najma/airflow-venv/lib/python3.12/site-packages/airflow/example_dags/example_params_trigger_ui.py for tasks to queue
[2026-05-08T18:31:03.125+0100] {logging_mixin.py:188} INFO - [2026-05-08T18:31:03.124+0100] {dagbag.py:540} INFO - Filling up the DagBag from /home/najma/airflow-venv/lib/python3.12/site-packages/airflow/example_dags/example_params_trigger_ui.py
[2026-05-08T18:31:03.140+0100] {processor.py:840} INFO - DAG(s) 'example_params_trigger_ui' retrieved from /home/najma/airflow-venv/lib/python3.12/site-packages/airflow/example_dags/example_params_trigger_ui.py
[2026-05-08T18:31:03.202+0100] {logging_mixin.py:188} INFO - [2026-05-08T18:31:03.201+0100] {dag.py:3096} INFO - Sync 1 DAGs
[2026-05-08T18:31:03.219+0100] {logging_mixin.py:188} INFO - [2026-05-08T18:31:03.218+0100] {dag.py:3954} INFO - Setting next_dagrun for example_params_trigger_ui to None, run_after=None
[2026-05-08T18:31:03.316+0100] {processor.py:183} INFO - Processing /home/najma/airflow-venv/lib/python3.12/site-packages/airflow/example_dags/example_params_trigger_ui.py took 0.198 seconds
[2026-05-08T18:32:20.808+0100] {processor.py:161} INFO - Started process (PID=12664) to work on /home/najma/airflow-venv/lib/python3.12/site-packages/airflow/example_dags/example_params_trigger_ui.py
[2026-05-08T18:32:20.824+0100] {processor.py:830} INFO - Processing file /home/najma/airflow-venv/lib/python3.12/site-packages/airflow/example_dags/example_params_trigger_ui.py for tasks to queue
[2026-05-08T18:32:20.826+0100] {logging_mixin.py:188} INFO - [2026-05-08T18:32:20.825+0100] {dagbag.py:540} INFO - Filling up the DagBag from /home/najma/airflow-venv/lib/python3.12/site-packages/airflow/example_dags/example_params_trigger_ui.py
[2026-05-08T18:32:20.836+0100] {processor.py:840} INFO - DAG(s) 'example_params_trigger_ui' retrieved from /home/najma/airflow-venv/lib/python3.12/site-packages/airflow/example_dags/example_params_trigger_ui.py
[2026-05-08T18:32:20.889+0100] {logging_mixin.py:188} INFO - [2026-05-08T18:32:20.889+0100] {dag.py:3096} INFO - Sync 1 DAGs
[2026-05-08T18:32:20.909+0100] {logging_mixin.py:188} INFO - [2026-05-08T18:32:20.908+0100] {dag.py:3954} INFO - Setting next_dagrun for example_params_trigger_ui to None, run_after=None
[2026-05-08T18:32:21.012+0100] {processor.py:183} INFO - Processing /home/najma/airflow-venv/lib/python3.12/site-packages/airflow/example_dags/example_params_trigger_ui.py took 0.207 seconds
[2026-05-08T18:34:38.960+0100] {processor.py:161} INFO - Started process (PID=12788) to work on /home/najma/airflow-venv/lib/python3.12/site-packages/airflow/example_dags/example_params_trigger_ui.py
[2026-05-08T18:34:38.961+0100] {processor.py:830} INFO - Processing file /home/najma/airflow-venv/lib/python3.12/site-packages/airflow/example_dags/example_params_trigger_ui.py for tasks to queue
[2026-05-08T18:34:38.963+0100] {logging_mixin.py:188} INFO - [2026-05-08T18:34:38.963+0100] {dagbag.py:540} INFO - Filling up the DagBag from /home/najma/airflow-venv/lib/python3.12/site-packages/airflow/example_dags/example_params_trigger_ui.py
[2026-05-08T18:34:38.974+0100] {processor.py:840} INFO - DAG(s) 'example_params_trigger_ui' retrieved from /home/najma/airflow-venv/lib/python3.12/site-packages/airflow/example_dags/example_params_trigger_ui.py
[2026-05-08T18:34:39.020+0100] {logging_mixin.py:188} INFO - [2026-05-08T18:34:39.020+0100] {dag.py:3096} INFO - Sync 1 DAGs
[2026-05-08T18:34:39.039+0100] {logging_mixin.py:188} INFO - [2026-05-08T18:34:39.039+0100] {dag.py:3954} INFO - Setting next_dagrun for example_params_trigger_ui to None, run_after=None
[2026-05-08T18:34:39.177+0100] {processor.py:183} INFO - Processing /home/najma/airflow-venv/lib/python3.12/site-packages/airflow/example_dags/example_params_trigger_ui.py took 0.221 seconds
[2026-05-08T18:35:51.080+0100] {processor.py:161} INFO - Started process (PID=12855) to work on /home/najma/airflow-venv/lib/python3.12/site-packages/airflow/example_dags/example_params_trigger_ui.py
[2026-05-08T18:35:51.082+0100] {processor.py:830} INFO - Processing file /home/najma/airflow-venv/lib/python3.12/site-packages/airflow/example_dags/example_params_trigger_ui.py for tasks to queue
[2026-05-08T18:35:51.083+0100] {logging_mixin.py:188} INFO - [2026-05-08T18:35:51.083+0100] {dagbag.py:540} INFO - Filling up the DagBag from /home/najma/airflow-venv/lib/python3.12/site-packages/airflow/example_dags/example_params_trigger_ui.py
[2026-05-08T18:35:51.099+0100] {processor.py:840} INFO - DAG(s) 'example_params_trigger_ui' retrieved from /home/najma/airflow-venv/lib/python3.12/site-packages/airflow/example_dags/example_params_trigger_ui.py
[2026-05-08T18:35:51.156+0100] {logging_mixin.py:188} INFO - [2026-05-08T18:35:51.156+0100] {dag.py:3096} INFO - Sync 1 DAGs
[2026-05-08T18:35:51.169+0100] {logging_mixin.py:188} INFO - [2026-05-08T18:35:51.168+0100] {dag.py:3954} INFO - Setting next_dagrun for example_params_trigger_ui to None, run_after=None
[2026-05-08T18:35:51.272+0100] {processor.py:183} INFO - Processing /home/najma/airflow-venv/lib/python3.12/site-packages/airflow/example_dags/example_params_trigger_ui.py took 0.197 seconds
[2026-05-08T18:37:02.977+0100] {processor.py:161} INFO - Started process (PID=12914) to work on /home/najma/airflow-venv/lib/python3.12/site-packages/airflow/example_dags/example_params_trigger_ui.py
[2026-05-08T18:37:02.978+0100] {processor.py:830} INFO - Processing file /home/najma/airflow-venv/lib/python3.12/site-packages/airflow/example_dags/example_params_trigger_ui.py for tasks to queue
[2026-05-08T18:37:02.979+0100] {logging_mixin.py:188} INFO - [2026-05-08T18:37:02.979+0100] {dagbag.py:540} INFO - Filling up the DagBag from /home/najma/airflow-venv/lib/python3.12/site-packages/airflow/example_dags/example_params_trigger_ui.py
[2026-05-08T18:37:02.993+0100] {processor.py:840} INFO - DAG(s) 'example_params_trigger_ui' retrieved from /home/najma/airflow-venv/lib/python3.12/site-packages/airflow/example_dags/example_params_trigger_ui.py
[2026-05-08T18:37:03.043+0100] {logging_mixin.py:188} INFO - [2026-05-08T18:37:03.042+0100] {dag.py:3096} INFO - Sync 1 DAGs
[2026-05-08T18:37:03.056+0100] {logging_mixin.py:188} INFO - [2026-05-08T18:37:03.056+0100] {dag.py:3954} INFO - Setting next_dagrun for example_params_trigger_ui to None, run_after=None
[2026-05-08T18:37:03.138+0100] {processor.py:183} INFO - Processing /home/najma/airflow-venv/lib/python3.12/site-packages/airflow/example_dags/example_params_trigger_ui.py took 0.166 seconds
[2026-05-08T18:38:26.713+0100] {processor.py:161} INFO - Started process (PID=12978) to work on /home/najma/airflow-venv/lib/python3.12/site-packages/airflow/example_dags/example_params_trigger_ui.py
[2026-05-08T18:38:26.714+0100] {processor.py:830} INFO - Processing file /home/najma/airflow-venv/lib/python3.12/site-packages/airflow/example_dags/example_params_trigger_ui.py for tasks to queue
[2026-05-08T18:38:26.715+0100] {logging_mixin.py:188} INFO - [2026-05-08T18:38:26.715+0100] {dagbag.py:540} INFO - Filling up the DagBag from /home/najma/airflow-venv/lib/python3.12/site-packages/airflow/example_dags/example_params_trigger_ui.py
[2026-05-08T18:38:26.727+0100] {processor.py:840} INFO - DAG(s) 'example_params_trigger_ui' retrieved from /home/najma/airflow-venv/lib/python3.12/site-packages/airflow/example_dags/example_params_trigger_ui.py
[2026-05-08T18:38:26.774+0100] {logging_mixin.py:188} INFO - [2026-05-08T18:38:26.773+0100] {dag.py:3096} INFO - Sync 1 DAGs
[2026-05-08T18:38:26.788+0100] {logging_mixin.py:188} INFO - [2026-05-08T18:38:26.788+0100] {dag.py:3954} INFO - Setting next_dagrun for example_params_trigger_ui to None, run_after=None
[2026-05-08T18:38:26.873+0100] {processor.py:183} INFO - Processing /home/najma/airflow-venv/lib/python3.12/site-packages/airflow/example_dags/example_params_trigger_ui.py took 0.164 seconds
