[2026-05-08T16:43:36.229+0100] {processor.py:161} INFO - Started process (PID=9570) to work on /home/najma/airflow-venv/lib/python3.12/site-packages/airflow/example_dags/example_sensor_decorator.py
[2026-05-08T16:43:36.231+0100] {processor.py:830} INFO - Processing file /home/najma/airflow-venv/lib/python3.12/site-packages/airflow/example_dags/example_sensor_decorator.py for tasks to queue
[2026-05-08T16:43:36.233+0100] {logging_mixin.py:188} INFO - [2026-05-08T16:43:36.233+0100] {dagbag.py:540} INFO - Filling up the DagBag from /home/najma/airflow-venv/lib/python3.12/site-packages/airflow/example_dags/example_sensor_decorator.py
[2026-05-08T16:43:36.238+0100] {processor.py:840} INFO - DAG(s) 'example_sensor_decorator' retrieved from /home/najma/airflow-venv/lib/python3.12/site-packages/airflow/example_dags/example_sensor_decorator.py
[2026-05-08T16:43:36.395+0100] {logging_mixin.py:188} INFO - [2026-05-08T16:43:36.394+0100] {override.py:1829} INFO - Created Permission View: can read on DAG:example_sensor_decorator
[2026-05-08T16:43:36.440+0100] {logging_mixin.py:188} INFO - [2026-05-08T16:43:36.440+0100] {override.py:1829} INFO - Created Permission View: can edit on DAG:example_sensor_decorator
[2026-05-08T16:43:36.484+0100] {logging_mixin.py:188} INFO - [2026-05-08T16:43:36.484+0100] {override.py:1829} INFO - Created Permission View: can delete on DAG:example_sensor_decorator
[2026-05-08T16:43:36.485+0100] {logging_mixin.py:188} INFO - [2026-05-08T16:43:36.485+0100] {dag.py:3096} INFO - Sync 1 DAGs
[2026-05-08T16:43:36.506+0100] {logging_mixin.py:188} INFO - [2026-05-08T16:43:36.506+0100] {dag.py:3118} INFO - Creating ORM DAG for example_sensor_decorator
[2026-05-08T16:43:36.507+0100] {logging_mixin.py:188} INFO - [2026-05-08T16:43:36.507+0100] {dag.py:3954} INFO - Setting next_dagrun for example_sensor_decorator to None, run_after=None
[2026-05-08T16:43:36.586+0100] {processor.py:183} INFO - Processing /home/najma/airflow-venv/lib/python3.12/site-packages/airflow/example_dags/example_sensor_decorator.py took 0.360 seconds
[2026-05-08T16:44:59.953+0100] {processor.py:161} INFO - Started process (PID=9646) to work on /home/najma/airflow-venv/lib/python3.12/site-packages/airflow/example_dags/example_sensor_decorator.py
[2026-05-08T16:44:59.969+0100] {processor.py:830} INFO - Processing file /home/najma/airflow-venv/lib/python3.12/site-packages/airflow/example_dags/example_sensor_decorator.py for tasks to queue
[2026-05-08T16:44:59.971+0100] {logging_mixin.py:188} INFO - [2026-05-08T16:44:59.971+0100] {dagbag.py:540} INFO - Filling up the DagBag from /home/najma/airflow-venv/lib/python3.12/site-packages/airflow/example_dags/example_sensor_decorator.py
[2026-05-08T16:44:59.977+0100] {processor.py:840} INFO - DAG(s) 'example_sensor_decorator' retrieved from /home/najma/airflow-venv/lib/python3.12/site-packages/airflow/example_dags/example_sensor_decorator.py
[2026-05-08T16:45:00.005+0100] {logging_mixin.py:188} INFO - [2026-05-08T16:45:00.004+0100] {dag.py:3096} INFO - Sync 1 DAGs
[2026-05-08T16:45:00.024+0100] {logging_mixin.py:188} INFO - [2026-05-08T16:45:00.024+0100] {dag.py:3954} INFO - Setting next_dagrun for example_sensor_decorator to None, run_after=None
[2026-05-08T16:45:00.118+0100] {processor.py:183} INFO - Processing /home/najma/airflow-venv/lib/python3.12/site-packages/airflow/example_dags/example_sensor_decorator.py took 0.169 seconds
[2026-05-08T16:46:21.937+0100] {processor.py:161} INFO - Started process (PID=9722) to work on /home/najma/airflow-venv/lib/python3.12/site-packages/airflow/example_dags/example_sensor_decorator.py
[2026-05-08T16:46:21.938+0100] {processor.py:830} INFO - Processing file /home/najma/airflow-venv/lib/python3.12/site-packages/airflow/example_dags/example_sensor_decorator.py for tasks to queue
[2026-05-08T16:46:21.940+0100] {logging_mixin.py:188} INFO - [2026-05-08T16:46:21.940+0100] {dagbag.py:540} INFO - Filling up the DagBag from /home/najma/airflow-venv/lib/python3.12/site-packages/airflow/example_dags/example_sensor_decorator.py
[2026-05-08T16:46:21.945+0100] {processor.py:840} INFO - DAG(s) 'example_sensor_decorator' retrieved from /home/najma/airflow-venv/lib/python3.12/site-packages/airflow/example_dags/example_sensor_decorator.py
[2026-05-08T16:46:21.969+0100] {logging_mixin.py:188} INFO - [2026-05-08T16:46:21.969+0100] {dag.py:3096} INFO - Sync 1 DAGs
[2026-05-08T16:46:21.983+0100] {logging_mixin.py:188} INFO - [2026-05-08T16:46:21.982+0100] {dag.py:3954} INFO - Setting next_dagrun for example_sensor_decorator to None, run_after=None
[2026-05-08T16:46:22.069+0100] {processor.py:183} INFO - Processing /home/najma/airflow-venv/lib/python3.12/site-packages/airflow/example_dags/example_sensor_decorator.py took 0.136 seconds
[2026-05-08T16:47:42.134+0100] {processor.py:161} INFO - Started process (PID=9793) to work on /home/najma/airflow-venv/lib/python3.12/site-packages/airflow/example_dags/example_sensor_decorator.py
[2026-05-08T16:47:42.135+0100] {processor.py:830} INFO - Processing file /home/najma/airflow-venv/lib/python3.12/site-packages/airflow/example_dags/example_sensor_decorator.py for tasks to queue
[2026-05-08T16:47:42.137+0100] {logging_mixin.py:188} INFO - [2026-05-08T16:47:42.136+0100] {dagbag.py:540} INFO - Filling up the DagBag from /home/najma/airflow-venv/lib/python3.12/site-packages/airflow/example_dags/example_sensor_decorator.py
[2026-05-08T16:47:42.142+0100] {processor.py:840} INFO - DAG(s) 'example_sensor_decorator' retrieved from /home/najma/airflow-venv/lib/python3.12/site-packages/airflow/example_dags/example_sensor_decorator.py
[2026-05-08T16:47:42.168+0100] {logging_mixin.py:188} INFO - [2026-05-08T16:47:42.168+0100] {dag.py:3096} INFO - Sync 1 DAGs
[2026-05-08T16:47:42.182+0100] {logging_mixin.py:188} INFO - [2026-05-08T16:47:42.182+0100] {dag.py:3954} INFO - Setting next_dagrun for example_sensor_decorator to None, run_after=None
[2026-05-08T16:47:42.261+0100] {processor.py:183} INFO - Processing /home/najma/airflow-venv/lib/python3.12/site-packages/airflow/example_dags/example_sensor_decorator.py took 0.131 seconds
[2026-05-08T16:48:52.506+0100] {processor.py:161} INFO - Started process (PID=9859) to work on /home/najma/airflow-venv/lib/python3.12/site-packages/airflow/example_dags/example_sensor_decorator.py
[2026-05-08T16:48:52.508+0100] {processor.py:830} INFO - Processing file /home/najma/airflow-venv/lib/python3.12/site-packages/airflow/example_dags/example_sensor_decorator.py for tasks to queue
[2026-05-08T16:48:52.509+0100] {logging_mixin.py:188} INFO - [2026-05-08T16:48:52.509+0100] {dagbag.py:540} INFO - Filling up the DagBag from /home/najma/airflow-venv/lib/python3.12/site-packages/airflow/example_dags/example_sensor_decorator.py
[2026-05-08T16:48:52.519+0100] {processor.py:840} INFO - DAG(s) 'example_sensor_decorator' retrieved from /home/najma/airflow-venv/lib/python3.12/site-packages/airflow/example_dags/example_sensor_decorator.py
[2026-05-08T16:48:52.550+0100] {logging_mixin.py:188} INFO - [2026-05-08T16:48:52.550+0100] {dag.py:3096} INFO - Sync 1 DAGs
[2026-05-08T16:48:52.566+0100] {logging_mixin.py:188} INFO - [2026-05-08T16:48:52.565+0100] {dag.py:3954} INFO - Setting next_dagrun for example_sensor_decorator to None, run_after=None
[2026-05-08T16:48:52.659+0100] {processor.py:183} INFO - Processing /home/najma/airflow-venv/lib/python3.12/site-packages/airflow/example_dags/example_sensor_decorator.py took 0.156 seconds
[2026-05-08T17:46:05.144+0100] {processor.py:161} INFO - Started process (PID=10278) to work on /home/najma/airflow-venv/lib/python3.12/site-packages/airflow/example_dags/example_sensor_decorator.py
[2026-05-08T17:46:05.145+0100] {processor.py:830} INFO - Processing file /home/najma/airflow-venv/lib/python3.12/site-packages/airflow/example_dags/example_sensor_decorator.py for tasks to queue
[2026-05-08T17:46:05.147+0100] {logging_mixin.py:188} INFO - [2026-05-08T17:46:05.147+0100] {dagbag.py:540} INFO - Filling up the DagBag from /home/najma/airflow-venv/lib/python3.12/site-packages/airflow/example_dags/example_sensor_decorator.py
[2026-05-08T17:46:05.154+0100] {processor.py:840} INFO - DAG(s) 'example_sensor_decorator' retrieved from /home/najma/airflow-venv/lib/python3.12/site-packages/airflow/example_dags/example_sensor_decorator.py
[2026-05-08T17:46:05.194+0100] {logging_mixin.py:188} INFO - [2026-05-08T17:46:05.194+0100] {dag.py:3096} INFO - Sync 1 DAGs
[2026-05-08T17:46:05.214+0100] {logging_mixin.py:188} INFO - [2026-05-08T17:46:05.214+0100] {dag.py:3954} INFO - Setting next_dagrun for example_sensor_decorator to None, run_after=None
[2026-05-08T17:46:05.342+0100] {processor.py:183} INFO - Processing /home/najma/airflow-venv/lib/python3.12/site-packages/airflow/example_dags/example_sensor_decorator.py took 0.202 seconds
[2026-05-08T17:47:29.837+0100] {processor.py:161} INFO - Started process (PID=10350) to work on /home/najma/airflow-venv/lib/python3.12/site-packages/airflow/example_dags/example_sensor_decorator.py
[2026-05-08T17:47:29.839+0100] {processor.py:830} INFO - Processing file /home/najma/airflow-venv/lib/python3.12/site-packages/airflow/example_dags/example_sensor_decorator.py for tasks to queue
[2026-05-08T17:47:29.841+0100] {logging_mixin.py:188} INFO - [2026-05-08T17:47:29.840+0100] {dagbag.py:540} INFO - Filling up the DagBag from /home/najma/airflow-venv/lib/python3.12/site-packages/airflow/example_dags/example_sensor_decorator.py
[2026-05-08T17:47:29.845+0100] {processor.py:840} INFO - DAG(s) 'example_sensor_decorator' retrieved from /home/najma/airflow-venv/lib/python3.12/site-packages/airflow/example_dags/example_sensor_decorator.py
[2026-05-08T17:47:29.872+0100] {logging_mixin.py:188} INFO - [2026-05-08T17:47:29.872+0100] {dag.py:3096} INFO - Sync 1 DAGs
[2026-05-08T17:47:29.885+0100] {logging_mixin.py:188} INFO - [2026-05-08T17:47:29.885+0100] {dag.py:3954} INFO - Setting next_dagrun for example_sensor_decorator to None, run_after=None
[2026-05-08T17:47:29.973+0100] {processor.py:183} INFO - Processing /home/najma/airflow-venv/lib/python3.12/site-packages/airflow/example_dags/example_sensor_decorator.py took 0.140 seconds
[2026-05-08T17:48:38.755+0100] {processor.py:161} INFO - Started process (PID=10411) to work on /home/najma/airflow-venv/lib/python3.12/site-packages/airflow/example_dags/example_sensor_decorator.py
[2026-05-08T17:48:38.757+0100] {processor.py:830} INFO - Processing file /home/najma/airflow-venv/lib/python3.12/site-packages/airflow/example_dags/example_sensor_decorator.py for tasks to queue
[2026-05-08T17:48:38.759+0100] {logging_mixin.py:188} INFO - [2026-05-08T17:48:38.758+0100] {dagbag.py:540} INFO - Filling up the DagBag from /home/najma/airflow-venv/lib/python3.12/site-packages/airflow/example_dags/example_sensor_decorator.py
[2026-05-08T17:48:38.764+0100] {processor.py:840} INFO - DAG(s) 'example_sensor_decorator' retrieved from /home/najma/airflow-venv/lib/python3.12/site-packages/airflow/example_dags/example_sensor_decorator.py
[2026-05-08T17:48:38.793+0100] {logging_mixin.py:188} INFO - [2026-05-08T17:48:38.793+0100] {dag.py:3096} INFO - Sync 1 DAGs
[2026-05-08T17:48:38.808+0100] {logging_mixin.py:188} INFO - [2026-05-08T17:48:38.807+0100] {dag.py:3954} INFO - Setting next_dagrun for example_sensor_decorator to None, run_after=None
[2026-05-08T17:48:38.890+0100] {processor.py:183} INFO - Processing /home/najma/airflow-venv/lib/python3.12/site-packages/airflow/example_dags/example_sensor_decorator.py took 0.139 seconds
[2026-05-08T17:49:47.430+0100] {processor.py:161} INFO - Started process (PID=10470) to work on /home/najma/airflow-venv/lib/python3.12/site-packages/airflow/example_dags/example_sensor_decorator.py
[2026-05-08T17:49:47.431+0100] {processor.py:830} INFO - Processing file /home/najma/airflow-venv/lib/python3.12/site-packages/airflow/example_dags/example_sensor_decorator.py for tasks to queue
[2026-05-08T17:49:47.434+0100] {logging_mixin.py:188} INFO - [2026-05-08T17:49:47.433+0100] {dagbag.py:540} INFO - Filling up the DagBag from /home/najma/airflow-venv/lib/python3.12/site-packages/airflow/example_dags/example_sensor_decorator.py
[2026-05-08T17:49:47.439+0100] {processor.py:840} INFO - DAG(s) 'example_sensor_decorator' retrieved from /home/najma/airflow-venv/lib/python3.12/site-packages/airflow/example_dags/example_sensor_decorator.py
[2026-05-08T17:49:47.466+0100] {logging_mixin.py:188} INFO - [2026-05-08T17:49:47.466+0100] {dag.py:3096} INFO - Sync 1 DAGs
[2026-05-08T17:49:47.480+0100] {logging_mixin.py:188} INFO - [2026-05-08T17:49:47.480+0100] {dag.py:3954} INFO - Setting next_dagrun for example_sensor_decorator to None, run_after=None
[2026-05-08T17:49:47.594+0100] {processor.py:183} INFO - Processing /home/najma/airflow-venv/lib/python3.12/site-packages/airflow/example_dags/example_sensor_decorator.py took 0.169 seconds
[2026-05-08T17:51:03.700+0100] {processor.py:161} INFO - Started process (PID=10535) to work on /home/najma/airflow-venv/lib/python3.12/site-packages/airflow/example_dags/example_sensor_decorator.py
[2026-05-08T17:51:03.701+0100] {processor.py:830} INFO - Processing file /home/najma/airflow-venv/lib/python3.12/site-packages/airflow/example_dags/example_sensor_decorator.py for tasks to queue
[2026-05-08T17:51:03.702+0100] {logging_mixin.py:188} INFO - [2026-05-08T17:51:03.702+0100] {dagbag.py:540} INFO - Filling up the DagBag from /home/najma/airflow-venv/lib/python3.12/site-packages/airflow/example_dags/example_sensor_decorator.py
[2026-05-08T17:51:03.707+0100] {processor.py:840} INFO - DAG(s) 'example_sensor_decorator' retrieved from /home/najma/airflow-venv/lib/python3.12/site-packages/airflow/example_dags/example_sensor_decorator.py
[2026-05-08T17:51:03.732+0100] {logging_mixin.py:188} INFO - [2026-05-08T17:51:03.732+0100] {dag.py:3096} INFO - Sync 1 DAGs
[2026-05-08T17:51:03.745+0100] {logging_mixin.py:188} INFO - [2026-05-08T17:51:03.745+0100] {dag.py:3954} INFO - Setting next_dagrun for example_sensor_decorator to None, run_after=None
[2026-05-08T17:51:03.847+0100] {processor.py:183} INFO - Processing /home/najma/airflow-venv/lib/python3.12/site-packages/airflow/example_dags/example_sensor_decorator.py took 0.152 seconds
[2026-05-08T17:52:16.163+0100] {processor.py:161} INFO - Started process (PID=10620) to work on /home/najma/airflow-venv/lib/python3.12/site-packages/airflow/example_dags/example_sensor_decorator.py
[2026-05-08T17:52:16.165+0100] {processor.py:830} INFO - Processing file /home/najma/airflow-venv/lib/python3.12/site-packages/airflow/example_dags/example_sensor_decorator.py for tasks to queue
[2026-05-08T17:52:16.167+0100] {logging_mixin.py:188} INFO - [2026-05-08T17:52:16.166+0100] {dagbag.py:540} INFO - Filling up the DagBag from /home/najma/airflow-venv/lib/python3.12/site-packages/airflow/example_dags/example_sensor_decorator.py
[2026-05-08T17:52:16.172+0100] {processor.py:840} INFO - DAG(s) 'example_sensor_decorator' retrieved from /home/najma/airflow-venv/lib/python3.12/site-packages/airflow/example_dags/example_sensor_decorator.py
[2026-05-08T17:52:16.199+0100] {logging_mixin.py:188} INFO - [2026-05-08T17:52:16.199+0100] {dag.py:3096} INFO - Sync 1 DAGs
[2026-05-08T17:52:16.213+0100] {logging_mixin.py:188} INFO - [2026-05-08T17:52:16.213+0100] {dag.py:3954} INFO - Setting next_dagrun for example_sensor_decorator to None, run_after=None
[2026-05-08T17:52:16.321+0100] {processor.py:183} INFO - Processing /home/najma/airflow-venv/lib/python3.12/site-packages/airflow/example_dags/example_sensor_decorator.py took 0.162 seconds
[2026-05-08T17:53:34.810+0100] {processor.py:161} INFO - Started process (PID=10681) to work on /home/najma/airflow-venv/lib/python3.12/site-packages/airflow/example_dags/example_sensor_decorator.py
[2026-05-08T17:53:34.823+0100] {processor.py:830} INFO - Processing file /home/najma/airflow-venv/lib/python3.12/site-packages/airflow/example_dags/example_sensor_decorator.py for tasks to queue
[2026-05-08T17:53:34.825+0100] {logging_mixin.py:188} INFO - [2026-05-08T17:53:34.824+0100] {dagbag.py:540} INFO - Filling up the DagBag from /home/najma/airflow-venv/lib/python3.12/site-packages/airflow/example_dags/example_sensor_decorator.py
[2026-05-08T17:53:34.830+0100] {processor.py:840} INFO - DAG(s) 'example_sensor_decorator' retrieved from /home/najma/airflow-venv/lib/python3.12/site-packages/airflow/example_dags/example_sensor_decorator.py
[2026-05-08T17:53:34.855+0100] {logging_mixin.py:188} INFO - [2026-05-08T17:53:34.855+0100] {dag.py:3096} INFO - Sync 1 DAGs
[2026-05-08T17:53:34.868+0100] {logging_mixin.py:188} INFO - [2026-05-08T17:53:34.868+0100] {dag.py:3954} INFO - Setting next_dagrun for example_sensor_decorator to None, run_after=None
[2026-05-08T17:53:34.954+0100] {processor.py:183} INFO - Processing /home/najma/airflow-venv/lib/python3.12/site-packages/airflow/example_dags/example_sensor_decorator.py took 0.149 seconds
[2026-05-08T17:54:42.687+0100] {processor.py:161} INFO - Started process (PID=10753) to work on /home/najma/airflow-venv/lib/python3.12/site-packages/airflow/example_dags/example_sensor_decorator.py
[2026-05-08T17:54:42.689+0100] {processor.py:830} INFO - Processing file /home/najma/airflow-venv/lib/python3.12/site-packages/airflow/example_dags/example_sensor_decorator.py for tasks to queue
[2026-05-08T17:54:42.690+0100] {logging_mixin.py:188} INFO - [2026-05-08T17:54:42.690+0100] {dagbag.py:540} INFO - Filling up the DagBag from /home/najma/airflow-venv/lib/python3.12/site-packages/airflow/example_dags/example_sensor_decorator.py
[2026-05-08T17:54:42.695+0100] {processor.py:840} INFO - DAG(s) 'example_sensor_decorator' retrieved from /home/najma/airflow-venv/lib/python3.12/site-packages/airflow/example_dags/example_sensor_decorator.py
[2026-05-08T17:54:42.721+0100] {logging_mixin.py:188} INFO - [2026-05-08T17:54:42.721+0100] {dag.py:3096} INFO - Sync 1 DAGs
[2026-05-08T17:54:42.734+0100] {logging_mixin.py:188} INFO - [2026-05-08T17:54:42.734+0100] {dag.py:3954} INFO - Setting next_dagrun for example_sensor_decorator to None, run_after=None
[2026-05-08T17:54:42.827+0100] {processor.py:183} INFO - Processing /home/najma/airflow-venv/lib/python3.12/site-packages/airflow/example_dags/example_sensor_decorator.py took 0.143 seconds
[2026-05-08T17:55:48.358+0100] {processor.py:161} INFO - Started process (PID=10812) to work on /home/najma/airflow-venv/lib/python3.12/site-packages/airflow/example_dags/example_sensor_decorator.py
[2026-05-08T17:55:48.359+0100] {processor.py:830} INFO - Processing file /home/najma/airflow-venv/lib/python3.12/site-packages/airflow/example_dags/example_sensor_decorator.py for tasks to queue
[2026-05-08T17:55:48.361+0100] {logging_mixin.py:188} INFO - [2026-05-08T17:55:48.361+0100] {dagbag.py:540} INFO - Filling up the DagBag from /home/najma/airflow-venv/lib/python3.12/site-packages/airflow/example_dags/example_sensor_decorator.py
[2026-05-08T17:55:48.367+0100] {processor.py:840} INFO - DAG(s) 'example_sensor_decorator' retrieved from /home/najma/airflow-venv/lib/python3.12/site-packages/airflow/example_dags/example_sensor_decorator.py
[2026-05-08T17:55:48.393+0100] {logging_mixin.py:188} INFO - [2026-05-08T17:55:48.392+0100] {dag.py:3096} INFO - Sync 1 DAGs
[2026-05-08T17:55:48.406+0100] {logging_mixin.py:188} INFO - [2026-05-08T17:55:48.405+0100] {dag.py:3954} INFO - Setting next_dagrun for example_sensor_decorator to None, run_after=None
[2026-05-08T17:55:48.485+0100] {processor.py:183} INFO - Processing /home/najma/airflow-venv/lib/python3.12/site-packages/airflow/example_dags/example_sensor_decorator.py took 0.131 seconds
[2026-05-08T17:56:57.701+0100] {processor.py:161} INFO - Started process (PID=10873) to work on /home/najma/airflow-venv/lib/python3.12/site-packages/airflow/example_dags/example_sensor_decorator.py
[2026-05-08T17:56:57.702+0100] {processor.py:830} INFO - Processing file /home/najma/airflow-venv/lib/python3.12/site-packages/airflow/example_dags/example_sensor_decorator.py for tasks to queue
[2026-05-08T17:56:57.703+0100] {logging_mixin.py:188} INFO - [2026-05-08T17:56:57.703+0100] {dagbag.py:540} INFO - Filling up the DagBag from /home/najma/airflow-venv/lib/python3.12/site-packages/airflow/example_dags/example_sensor_decorator.py
[2026-05-08T17:56:57.711+0100] {processor.py:840} INFO - DAG(s) 'example_sensor_decorator' retrieved from /home/najma/airflow-venv/lib/python3.12/site-packages/airflow/example_dags/example_sensor_decorator.py
[2026-05-08T17:56:57.735+0100] {logging_mixin.py:188} INFO - [2026-05-08T17:56:57.735+0100] {dag.py:3096} INFO - Sync 1 DAGs
[2026-05-08T17:56:57.749+0100] {logging_mixin.py:188} INFO - [2026-05-08T17:56:57.748+0100] {dag.py:3954} INFO - Setting next_dagrun for example_sensor_decorator to None, run_after=None
[2026-05-08T17:56:57.822+0100] {processor.py:183} INFO - Processing /home/najma/airflow-venv/lib/python3.12/site-packages/airflow/example_dags/example_sensor_decorator.py took 0.126 seconds
[2026-05-08T17:58:13.368+0100] {processor.py:161} INFO - Started process (PID=10936) to work on /home/najma/airflow-venv/lib/python3.12/site-packages/airflow/example_dags/example_sensor_decorator.py
[2026-05-08T17:58:13.369+0100] {processor.py:830} INFO - Processing file /home/najma/airflow-venv/lib/python3.12/site-packages/airflow/example_dags/example_sensor_decorator.py for tasks to queue
[2026-05-08T17:58:13.371+0100] {logging_mixin.py:188} INFO - [2026-05-08T17:58:13.370+0100] {dagbag.py:540} INFO - Filling up the DagBag from /home/najma/airflow-venv/lib/python3.12/site-packages/airflow/example_dags/example_sensor_decorator.py
[2026-05-08T17:58:13.376+0100] {processor.py:840} INFO - DAG(s) 'example_sensor_decorator' retrieved from /home/najma/airflow-venv/lib/python3.12/site-packages/airflow/example_dags/example_sensor_decorator.py
[2026-05-08T17:58:13.401+0100] {logging_mixin.py:188} INFO - [2026-05-08T17:58:13.401+0100] {dag.py:3096} INFO - Sync 1 DAGs
[2026-05-08T17:58:13.415+0100] {logging_mixin.py:188} INFO - [2026-05-08T17:58:13.415+0100] {dag.py:3954} INFO - Setting next_dagrun for example_sensor_decorator to None, run_after=None
[2026-05-08T17:58:13.489+0100] {processor.py:183} INFO - Processing /home/najma/airflow-venv/lib/python3.12/site-packages/airflow/example_dags/example_sensor_decorator.py took 0.125 seconds
[2026-05-08T17:59:21.018+0100] {processor.py:161} INFO - Started process (PID=10994) to work on /home/najma/airflow-venv/lib/python3.12/site-packages/airflow/example_dags/example_sensor_decorator.py
[2026-05-08T17:59:21.019+0100] {processor.py:830} INFO - Processing file /home/najma/airflow-venv/lib/python3.12/site-packages/airflow/example_dags/example_sensor_decorator.py for tasks to queue
[2026-05-08T17:59:21.021+0100] {logging_mixin.py:188} INFO - [2026-05-08T17:59:21.021+0100] {dagbag.py:540} INFO - Filling up the DagBag from /home/najma/airflow-venv/lib/python3.12/site-packages/airflow/example_dags/example_sensor_decorator.py
[2026-05-08T17:59:21.026+0100] {processor.py:840} INFO - DAG(s) 'example_sensor_decorator' retrieved from /home/najma/airflow-venv/lib/python3.12/site-packages/airflow/example_dags/example_sensor_decorator.py
[2026-05-08T17:59:21.053+0100] {logging_mixin.py:188} INFO - [2026-05-08T17:59:21.053+0100] {dag.py:3096} INFO - Sync 1 DAGs
[2026-05-08T17:59:21.068+0100] {logging_mixin.py:188} INFO - [2026-05-08T17:59:21.068+0100] {dag.py:3954} INFO - Setting next_dagrun for example_sensor_decorator to None, run_after=None
[2026-05-08T17:59:21.171+0100] {processor.py:183} INFO - Processing /home/najma/airflow-venv/lib/python3.12/site-packages/airflow/example_dags/example_sensor_decorator.py took 0.157 seconds
[2026-05-08T18:00:30.906+0100] {processor.py:161} INFO - Started process (PID=11055) to work on /home/najma/airflow-venv/lib/python3.12/site-packages/airflow/example_dags/example_sensor_decorator.py
[2026-05-08T18:00:30.907+0100] {processor.py:830} INFO - Processing file /home/najma/airflow-venv/lib/python3.12/site-packages/airflow/example_dags/example_sensor_decorator.py for tasks to queue
[2026-05-08T18:00:30.909+0100] {logging_mixin.py:188} INFO - [2026-05-08T18:00:30.908+0100] {dagbag.py:540} INFO - Filling up the DagBag from /home/najma/airflow-venv/lib/python3.12/site-packages/airflow/example_dags/example_sensor_decorator.py
[2026-05-08T18:00:30.913+0100] {processor.py:840} INFO - DAG(s) 'example_sensor_decorator' retrieved from /home/najma/airflow-venv/lib/python3.12/site-packages/airflow/example_dags/example_sensor_decorator.py
[2026-05-08T18:00:30.939+0100] {logging_mixin.py:188} INFO - [2026-05-08T18:00:30.939+0100] {dag.py:3096} INFO - Sync 1 DAGs
[2026-05-08T18:00:30.952+0100] {logging_mixin.py:188} INFO - [2026-05-08T18:00:30.952+0100] {dag.py:3954} INFO - Setting next_dagrun for example_sensor_decorator to None, run_after=None
[2026-05-08T18:00:31.048+0100] {processor.py:183} INFO - Processing /home/najma/airflow-venv/lib/python3.12/site-packages/airflow/example_dags/example_sensor_decorator.py took 0.146 seconds
[2026-05-08T18:01:36.663+0100] {processor.py:161} INFO - Started process (PID=11113) to work on /home/najma/airflow-venv/lib/python3.12/site-packages/airflow/example_dags/example_sensor_decorator.py
[2026-05-08T18:01:36.665+0100] {processor.py:830} INFO - Processing file /home/najma/airflow-venv/lib/python3.12/site-packages/airflow/example_dags/example_sensor_decorator.py for tasks to queue
[2026-05-08T18:01:36.666+0100] {logging_mixin.py:188} INFO - [2026-05-08T18:01:36.666+0100] {dagbag.py:540} INFO - Filling up the DagBag from /home/najma/airflow-venv/lib/python3.12/site-packages/airflow/example_dags/example_sensor_decorator.py
[2026-05-08T18:01:36.671+0100] {processor.py:840} INFO - DAG(s) 'example_sensor_decorator' retrieved from /home/najma/airflow-venv/lib/python3.12/site-packages/airflow/example_dags/example_sensor_decorator.py
[2026-05-08T18:01:36.697+0100] {logging_mixin.py:188} INFO - [2026-05-08T18:01:36.697+0100] {dag.py:3096} INFO - Sync 1 DAGs
[2026-05-08T18:01:36.709+0100] {logging_mixin.py:188} INFO - [2026-05-08T18:01:36.709+0100] {dag.py:3954} INFO - Setting next_dagrun for example_sensor_decorator to None, run_after=None
[2026-05-08T18:01:36.814+0100] {processor.py:183} INFO - Processing /home/najma/airflow-venv/lib/python3.12/site-packages/airflow/example_dags/example_sensor_decorator.py took 0.155 seconds
[2026-05-08T18:02:39.434+0100] {processor.py:161} INFO - Started process (PID=11171) to work on /home/najma/airflow-venv/lib/python3.12/site-packages/airflow/example_dags/example_sensor_decorator.py
[2026-05-08T18:02:39.435+0100] {processor.py:830} INFO - Processing file /home/najma/airflow-venv/lib/python3.12/site-packages/airflow/example_dags/example_sensor_decorator.py for tasks to queue
[2026-05-08T18:02:39.437+0100] {logging_mixin.py:188} INFO - [2026-05-08T18:02:39.436+0100] {dagbag.py:540} INFO - Filling up the DagBag from /home/najma/airflow-venv/lib/python3.12/site-packages/airflow/example_dags/example_sensor_decorator.py
[2026-05-08T18:02:39.441+0100] {processor.py:840} INFO - DAG(s) 'example_sensor_decorator' retrieved from /home/najma/airflow-venv/lib/python3.12/site-packages/airflow/example_dags/example_sensor_decorator.py
[2026-05-08T18:02:39.468+0100] {logging_mixin.py:188} INFO - [2026-05-08T18:02:39.467+0100] {dag.py:3096} INFO - Sync 1 DAGs
[2026-05-08T18:02:39.481+0100] {logging_mixin.py:188} INFO - [2026-05-08T18:02:39.481+0100] {dag.py:3954} INFO - Setting next_dagrun for example_sensor_decorator to None, run_after=None
[2026-05-08T18:02:39.557+0100] {processor.py:183} INFO - Processing /home/najma/airflow-venv/lib/python3.12/site-packages/airflow/example_dags/example_sensor_decorator.py took 0.126 seconds
[2026-05-08T18:03:46.334+0100] {processor.py:161} INFO - Started process (PID=11228) to work on /home/najma/airflow-venv/lib/python3.12/site-packages/airflow/example_dags/example_sensor_decorator.py
[2026-05-08T18:03:46.335+0100] {processor.py:830} INFO - Processing file /home/najma/airflow-venv/lib/python3.12/site-packages/airflow/example_dags/example_sensor_decorator.py for tasks to queue
[2026-05-08T18:03:46.337+0100] {logging_mixin.py:188} INFO - [2026-05-08T18:03:46.337+0100] {dagbag.py:540} INFO - Filling up the DagBag from /home/najma/airflow-venv/lib/python3.12/site-packages/airflow/example_dags/example_sensor_decorator.py
[2026-05-08T18:03:46.341+0100] {processor.py:840} INFO - DAG(s) 'example_sensor_decorator' retrieved from /home/najma/airflow-venv/lib/python3.12/site-packages/airflow/example_dags/example_sensor_decorator.py
[2026-05-08T18:03:46.366+0100] {logging_mixin.py:188} INFO - [2026-05-08T18:03:46.366+0100] {dag.py:3096} INFO - Sync 1 DAGs
[2026-05-08T18:03:46.380+0100] {logging_mixin.py:188} INFO - [2026-05-08T18:03:46.379+0100] {dag.py:3954} INFO - Setting next_dagrun for example_sensor_decorator to None, run_after=None
[2026-05-08T18:03:46.456+0100] {processor.py:183} INFO - Processing /home/najma/airflow-venv/lib/python3.12/site-packages/airflow/example_dags/example_sensor_decorator.py took 0.126 seconds
[2026-05-08T18:04:55.925+0100] {processor.py:161} INFO - Started process (PID=11291) to work on /home/najma/airflow-venv/lib/python3.12/site-packages/airflow/example_dags/example_sensor_decorator.py
[2026-05-08T18:04:55.926+0100] {processor.py:830} INFO - Processing file /home/najma/airflow-venv/lib/python3.12/site-packages/airflow/example_dags/example_sensor_decorator.py for tasks to queue
[2026-05-08T18:04:55.928+0100] {logging_mixin.py:188} INFO - [2026-05-08T18:04:55.928+0100] {dagbag.py:540} INFO - Filling up the DagBag from /home/najma/airflow-venv/lib/python3.12/site-packages/airflow/example_dags/example_sensor_decorator.py
[2026-05-08T18:04:55.934+0100] {processor.py:840} INFO - DAG(s) 'example_sensor_decorator' retrieved from /home/najma/airflow-venv/lib/python3.12/site-packages/airflow/example_dags/example_sensor_decorator.py
[2026-05-08T18:04:55.958+0100] {logging_mixin.py:188} INFO - [2026-05-08T18:04:55.958+0100] {dag.py:3096} INFO - Sync 1 DAGs
[2026-05-08T18:04:55.971+0100] {logging_mixin.py:188} INFO - [2026-05-08T18:04:55.971+0100] {dag.py:3954} INFO - Setting next_dagrun for example_sensor_decorator to None, run_after=None
[2026-05-08T18:04:56.070+0100] {processor.py:183} INFO - Processing /home/najma/airflow-venv/lib/python3.12/site-packages/airflow/example_dags/example_sensor_decorator.py took 0.149 seconds
[2026-05-08T18:06:03.879+0100] {processor.py:161} INFO - Started process (PID=11350) to work on /home/najma/airflow-venv/lib/python3.12/site-packages/airflow/example_dags/example_sensor_decorator.py
[2026-05-08T18:06:03.881+0100] {processor.py:830} INFO - Processing file /home/najma/airflow-venv/lib/python3.12/site-packages/airflow/example_dags/example_sensor_decorator.py for tasks to queue
[2026-05-08T18:06:03.882+0100] {logging_mixin.py:188} INFO - [2026-05-08T18:06:03.882+0100] {dagbag.py:540} INFO - Filling up the DagBag from /home/najma/airflow-venv/lib/python3.12/site-packages/airflow/example_dags/example_sensor_decorator.py
[2026-05-08T18:06:03.888+0100] {processor.py:840} INFO - DAG(s) 'example_sensor_decorator' retrieved from /home/najma/airflow-venv/lib/python3.12/site-packages/airflow/example_dags/example_sensor_decorator.py
[2026-05-08T18:06:03.913+0100] {logging_mixin.py:188} INFO - [2026-05-08T18:06:03.912+0100] {dag.py:3096} INFO - Sync 1 DAGs
[2026-05-08T18:06:03.928+0100] {logging_mixin.py:188} INFO - [2026-05-08T18:06:03.927+0100] {dag.py:3954} INFO - Setting next_dagrun for example_sensor_decorator to None, run_after=None
[2026-05-08T18:06:04.007+0100] {processor.py:183} INFO - Processing /home/najma/airflow-venv/lib/python3.12/site-packages/airflow/example_dags/example_sensor_decorator.py took 0.131 seconds
[2026-05-08T18:07:06.189+0100] {processor.py:161} INFO - Started process (PID=11408) to work on /home/najma/airflow-venv/lib/python3.12/site-packages/airflow/example_dags/example_sensor_decorator.py
[2026-05-08T18:07:06.190+0100] {processor.py:830} INFO - Processing file /home/najma/airflow-venv/lib/python3.12/site-packages/airflow/example_dags/example_sensor_decorator.py for tasks to queue
[2026-05-08T18:07:06.192+0100] {logging_mixin.py:188} INFO - [2026-05-08T18:07:06.191+0100] {dagbag.py:540} INFO - Filling up the DagBag from /home/najma/airflow-venv/lib/python3.12/site-packages/airflow/example_dags/example_sensor_decorator.py
[2026-05-08T18:07:06.197+0100] {processor.py:840} INFO - DAG(s) 'example_sensor_decorator' retrieved from /home/najma/airflow-venv/lib/python3.12/site-packages/airflow/example_dags/example_sensor_decorator.py
[2026-05-08T18:07:06.223+0100] {logging_mixin.py:188} INFO - [2026-05-08T18:07:06.223+0100] {dag.py:3096} INFO - Sync 1 DAGs
[2026-05-08T18:07:06.236+0100] {logging_mixin.py:188} INFO - [2026-05-08T18:07:06.236+0100] {dag.py:3954} INFO - Setting next_dagrun for example_sensor_decorator to None, run_after=None
[2026-05-08T18:07:06.331+0100] {processor.py:183} INFO - Processing /home/najma/airflow-venv/lib/python3.12/site-packages/airflow/example_dags/example_sensor_decorator.py took 0.146 seconds
[2026-05-08T18:08:07.696+0100] {processor.py:161} INFO - Started process (PID=11463) to work on /home/najma/airflow-venv/lib/python3.12/site-packages/airflow/example_dags/example_sensor_decorator.py
[2026-05-08T18:08:07.697+0100] {processor.py:830} INFO - Processing file /home/najma/airflow-venv/lib/python3.12/site-packages/airflow/example_dags/example_sensor_decorator.py for tasks to queue
[2026-05-08T18:08:07.699+0100] {logging_mixin.py:188} INFO - [2026-05-08T18:08:07.699+0100] {dagbag.py:540} INFO - Filling up the DagBag from /home/najma/airflow-venv/lib/python3.12/site-packages/airflow/example_dags/example_sensor_decorator.py
[2026-05-08T18:08:07.705+0100] {processor.py:840} INFO - DAG(s) 'example_sensor_decorator' retrieved from /home/najma/airflow-venv/lib/python3.12/site-packages/airflow/example_dags/example_sensor_decorator.py
[2026-05-08T18:08:07.730+0100] {logging_mixin.py:188} INFO - [2026-05-08T18:08:07.730+0100] {dag.py:3096} INFO - Sync 1 DAGs
[2026-05-08T18:08:07.743+0100] {logging_mixin.py:188} INFO - [2026-05-08T18:08:07.743+0100] {dag.py:3954} INFO - Setting next_dagrun for example_sensor_decorator to None, run_after=None
[2026-05-08T18:08:07.840+0100] {processor.py:183} INFO - Processing /home/najma/airflow-venv/lib/python3.12/site-packages/airflow/example_dags/example_sensor_decorator.py took 0.148 seconds
[2026-05-08T18:09:15.142+0100] {processor.py:161} INFO - Started process (PID=11523) to work on /home/najma/airflow-venv/lib/python3.12/site-packages/airflow/example_dags/example_sensor_decorator.py
[2026-05-08T18:09:15.144+0100] {processor.py:830} INFO - Processing file /home/najma/airflow-venv/lib/python3.12/site-packages/airflow/example_dags/example_sensor_decorator.py for tasks to queue
[2026-05-08T18:09:15.145+0100] {logging_mixin.py:188} INFO - [2026-05-08T18:09:15.145+0100] {dagbag.py:540} INFO - Filling up the DagBag from /home/najma/airflow-venv/lib/python3.12/site-packages/airflow/example_dags/example_sensor_decorator.py
[2026-05-08T18:09:15.150+0100] {processor.py:840} INFO - DAG(s) 'example_sensor_decorator' retrieved from /home/najma/airflow-venv/lib/python3.12/site-packages/airflow/example_dags/example_sensor_decorator.py
[2026-05-08T18:09:15.175+0100] {logging_mixin.py:188} INFO - [2026-05-08T18:09:15.175+0100] {dag.py:3096} INFO - Sync 1 DAGs
[2026-05-08T18:09:15.189+0100] {logging_mixin.py:188} INFO - [2026-05-08T18:09:15.189+0100] {dag.py:3954} INFO - Setting next_dagrun for example_sensor_decorator to None, run_after=None
[2026-05-08T18:09:15.290+0100] {processor.py:183} INFO - Processing /home/najma/airflow-venv/lib/python3.12/site-packages/airflow/example_dags/example_sensor_decorator.py took 0.151 seconds
[2026-05-08T18:10:16.444+0100] {processor.py:161} INFO - Started process (PID=11579) to work on /home/najma/airflow-venv/lib/python3.12/site-packages/airflow/example_dags/example_sensor_decorator.py
[2026-05-08T18:10:16.445+0100] {processor.py:830} INFO - Processing file /home/najma/airflow-venv/lib/python3.12/site-packages/airflow/example_dags/example_sensor_decorator.py for tasks to queue
[2026-05-08T18:10:16.446+0100] {logging_mixin.py:188} INFO - [2026-05-08T18:10:16.446+0100] {dagbag.py:540} INFO - Filling up the DagBag from /home/najma/airflow-venv/lib/python3.12/site-packages/airflow/example_dags/example_sensor_decorator.py
[2026-05-08T18:10:16.451+0100] {processor.py:840} INFO - DAG(s) 'example_sensor_decorator' retrieved from /home/najma/airflow-venv/lib/python3.12/site-packages/airflow/example_dags/example_sensor_decorator.py
[2026-05-08T18:10:16.476+0100] {logging_mixin.py:188} INFO - [2026-05-08T18:10:16.476+0100] {dag.py:3096} INFO - Sync 1 DAGs
[2026-05-08T18:10:16.489+0100] {logging_mixin.py:188} INFO - [2026-05-08T18:10:16.489+0100] {dag.py:3954} INFO - Setting next_dagrun for example_sensor_decorator to None, run_after=None
[2026-05-08T18:10:16.579+0100] {processor.py:183} INFO - Processing /home/najma/airflow-venv/lib/python3.12/site-packages/airflow/example_dags/example_sensor_decorator.py took 0.139 seconds
[2026-05-08T18:11:21.039+0100] {processor.py:161} INFO - Started process (PID=11633) to work on /home/najma/airflow-venv/lib/python3.12/site-packages/airflow/example_dags/example_sensor_decorator.py
[2026-05-08T18:11:21.040+0100] {processor.py:830} INFO - Processing file /home/najma/airflow-venv/lib/python3.12/site-packages/airflow/example_dags/example_sensor_decorator.py for tasks to queue
[2026-05-08T18:11:21.042+0100] {logging_mixin.py:188} INFO - [2026-05-08T18:11:21.042+0100] {dagbag.py:540} INFO - Filling up the DagBag from /home/najma/airflow-venv/lib/python3.12/site-packages/airflow/example_dags/example_sensor_decorator.py
[2026-05-08T18:11:21.056+0100] {processor.py:840} INFO - DAG(s) 'example_sensor_decorator' retrieved from /home/najma/airflow-venv/lib/python3.12/site-packages/airflow/example_dags/example_sensor_decorator.py
[2026-05-08T18:11:21.088+0100] {logging_mixin.py:188} INFO - [2026-05-08T18:11:21.088+0100] {dag.py:3096} INFO - Sync 1 DAGs
[2026-05-08T18:11:21.108+0100] {logging_mixin.py:188} INFO - [2026-05-08T18:11:21.108+0100] {dag.py:3954} INFO - Setting next_dagrun for example_sensor_decorator to None, run_after=None
[2026-05-08T18:11:21.204+0100] {processor.py:183} INFO - Processing /home/najma/airflow-venv/lib/python3.12/site-packages/airflow/example_dags/example_sensor_decorator.py took 0.169 seconds
[2026-05-08T18:12:33.260+0100] {processor.py:161} INFO - Started process (PID=11691) to work on /home/najma/airflow-venv/lib/python3.12/site-packages/airflow/example_dags/example_sensor_decorator.py
[2026-05-08T18:12:33.261+0100] {processor.py:830} INFO - Processing file /home/najma/airflow-venv/lib/python3.12/site-packages/airflow/example_dags/example_sensor_decorator.py for tasks to queue
[2026-05-08T18:12:33.262+0100] {logging_mixin.py:188} INFO - [2026-05-08T18:12:33.262+0100] {dagbag.py:540} INFO - Filling up the DagBag from /home/najma/airflow-venv/lib/python3.12/site-packages/airflow/example_dags/example_sensor_decorator.py
[2026-05-08T18:12:33.267+0100] {processor.py:840} INFO - DAG(s) 'example_sensor_decorator' retrieved from /home/najma/airflow-venv/lib/python3.12/site-packages/airflow/example_dags/example_sensor_decorator.py
[2026-05-08T18:12:33.290+0100] {logging_mixin.py:188} INFO - [2026-05-08T18:12:33.289+0100] {dag.py:3096} INFO - Sync 1 DAGs
[2026-05-08T18:12:33.303+0100] {logging_mixin.py:188} INFO - [2026-05-08T18:12:33.303+0100] {dag.py:3954} INFO - Setting next_dagrun for example_sensor_decorator to None, run_after=None
[2026-05-08T18:12:33.398+0100] {processor.py:183} INFO - Processing /home/najma/airflow-venv/lib/python3.12/site-packages/airflow/example_dags/example_sensor_decorator.py took 0.142 seconds
[2026-05-08T18:14:06.398+0100] {processor.py:161} INFO - Started process (PID=11759) to work on /home/najma/airflow-venv/lib/python3.12/site-packages/airflow/example_dags/example_sensor_decorator.py
[2026-05-08T18:14:06.413+0100] {processor.py:830} INFO - Processing file /home/najma/airflow-venv/lib/python3.12/site-packages/airflow/example_dags/example_sensor_decorator.py for tasks to queue
[2026-05-08T18:14:06.416+0100] {logging_mixin.py:188} INFO - [2026-05-08T18:14:06.415+0100] {dagbag.py:540} INFO - Filling up the DagBag from /home/najma/airflow-venv/lib/python3.12/site-packages/airflow/example_dags/example_sensor_decorator.py
[2026-05-08T18:14:06.422+0100] {processor.py:840} INFO - DAG(s) 'example_sensor_decorator' retrieved from /home/najma/airflow-venv/lib/python3.12/site-packages/airflow/example_dags/example_sensor_decorator.py
[2026-05-08T18:14:06.450+0100] {logging_mixin.py:188} INFO - [2026-05-08T18:14:06.450+0100] {dag.py:3096} INFO - Sync 1 DAGs
[2026-05-08T18:14:06.464+0100] {logging_mixin.py:188} INFO - [2026-05-08T18:14:06.463+0100] {dag.py:3954} INFO - Setting next_dagrun for example_sensor_decorator to None, run_after=None
[2026-05-08T18:14:06.558+0100] {processor.py:183} INFO - Processing /home/najma/airflow-venv/lib/python3.12/site-packages/airflow/example_dags/example_sensor_decorator.py took 0.164 seconds
[2026-05-08T18:15:20.632+0100] {processor.py:161} INFO - Started process (PID=11828) to work on /home/najma/airflow-venv/lib/python3.12/site-packages/airflow/example_dags/example_sensor_decorator.py
[2026-05-08T18:15:20.633+0100] {processor.py:830} INFO - Processing file /home/najma/airflow-venv/lib/python3.12/site-packages/airflow/example_dags/example_sensor_decorator.py for tasks to queue
[2026-05-08T18:15:20.635+0100] {logging_mixin.py:188} INFO - [2026-05-08T18:15:20.634+0100] {dagbag.py:540} INFO - Filling up the DagBag from /home/najma/airflow-venv/lib/python3.12/site-packages/airflow/example_dags/example_sensor_decorator.py
[2026-05-08T18:15:20.640+0100] {processor.py:840} INFO - DAG(s) 'example_sensor_decorator' retrieved from /home/najma/airflow-venv/lib/python3.12/site-packages/airflow/example_dags/example_sensor_decorator.py
[2026-05-08T18:15:20.667+0100] {logging_mixin.py:188} INFO - [2026-05-08T18:15:20.667+0100] {dag.py:3096} INFO - Sync 1 DAGs
[2026-05-08T18:15:20.680+0100] {logging_mixin.py:188} INFO - [2026-05-08T18:15:20.680+0100] {dag.py:3954} INFO - Setting next_dagrun for example_sensor_decorator to None, run_after=None
[2026-05-08T18:15:20.756+0100] {processor.py:183} INFO - Processing /home/najma/airflow-venv/lib/python3.12/site-packages/airflow/example_dags/example_sensor_decorator.py took 0.129 seconds
[2026-05-08T18:16:32.730+0100] {processor.py:161} INFO - Started process (PID=11887) to work on /home/najma/airflow-venv/lib/python3.12/site-packages/airflow/example_dags/example_sensor_decorator.py
[2026-05-08T18:16:32.731+0100] {processor.py:830} INFO - Processing file /home/najma/airflow-venv/lib/python3.12/site-packages/airflow/example_dags/example_sensor_decorator.py for tasks to queue
[2026-05-08T18:16:32.733+0100] {logging_mixin.py:188} INFO - [2026-05-08T18:16:32.733+0100] {dagbag.py:540} INFO - Filling up the DagBag from /home/najma/airflow-venv/lib/python3.12/site-packages/airflow/example_dags/example_sensor_decorator.py
[2026-05-08T18:16:32.738+0100] {processor.py:840} INFO - DAG(s) 'example_sensor_decorator' retrieved from /home/najma/airflow-venv/lib/python3.12/site-packages/airflow/example_dags/example_sensor_decorator.py
[2026-05-08T18:16:32.765+0100] {logging_mixin.py:188} INFO - [2026-05-08T18:16:32.765+0100] {dag.py:3096} INFO - Sync 1 DAGs
[2026-05-08T18:16:32.778+0100] {logging_mixin.py:188} INFO - [2026-05-08T18:16:32.778+0100] {dag.py:3954} INFO - Setting next_dagrun for example_sensor_decorator to None, run_after=None
[2026-05-08T18:16:32.875+0100] {processor.py:183} INFO - Processing /home/najma/airflow-venv/lib/python3.12/site-packages/airflow/example_dags/example_sensor_decorator.py took 0.149 seconds
[2026-05-08T18:17:43.511+0100] {processor.py:161} INFO - Started process (PID=11947) to work on /home/najma/airflow-venv/lib/python3.12/site-packages/airflow/example_dags/example_sensor_decorator.py
[2026-05-08T18:17:43.513+0100] {processor.py:830} INFO - Processing file /home/najma/airflow-venv/lib/python3.12/site-packages/airflow/example_dags/example_sensor_decorator.py for tasks to queue
[2026-05-08T18:17:43.515+0100] {logging_mixin.py:188} INFO - [2026-05-08T18:17:43.514+0100] {dagbag.py:540} INFO - Filling up the DagBag from /home/najma/airflow-venv/lib/python3.12/site-packages/airflow/example_dags/example_sensor_decorator.py
[2026-05-08T18:17:43.520+0100] {processor.py:840} INFO - DAG(s) 'example_sensor_decorator' retrieved from /home/najma/airflow-venv/lib/python3.12/site-packages/airflow/example_dags/example_sensor_decorator.py
[2026-05-08T18:17:43.547+0100] {logging_mixin.py:188} INFO - [2026-05-08T18:17:43.547+0100] {dag.py:3096} INFO - Sync 1 DAGs
[2026-05-08T18:17:43.561+0100] {logging_mixin.py:188} INFO - [2026-05-08T18:17:43.560+0100] {dag.py:3954} INFO - Setting next_dagrun for example_sensor_decorator to None, run_after=None
[2026-05-08T18:17:43.658+0100] {processor.py:183} INFO - Processing /home/najma/airflow-venv/lib/python3.12/site-packages/airflow/example_dags/example_sensor_decorator.py took 0.151 seconds
[2026-05-08T18:18:57.509+0100] {processor.py:161} INFO - Started process (PID=12006) to work on /home/najma/airflow-venv/lib/python3.12/site-packages/airflow/example_dags/example_sensor_decorator.py
[2026-05-08T18:18:57.510+0100] {processor.py:830} INFO - Processing file /home/najma/airflow-venv/lib/python3.12/site-packages/airflow/example_dags/example_sensor_decorator.py for tasks to queue
[2026-05-08T18:18:57.512+0100] {logging_mixin.py:188} INFO - [2026-05-08T18:18:57.512+0100] {dagbag.py:540} INFO - Filling up the DagBag from /home/najma/airflow-venv/lib/python3.12/site-packages/airflow/example_dags/example_sensor_decorator.py
[2026-05-08T18:18:57.517+0100] {processor.py:840} INFO - DAG(s) 'example_sensor_decorator' retrieved from /home/najma/airflow-venv/lib/python3.12/site-packages/airflow/example_dags/example_sensor_decorator.py
[2026-05-08T18:18:57.546+0100] {logging_mixin.py:188} INFO - [2026-05-08T18:18:57.546+0100] {dag.py:3096} INFO - Sync 1 DAGs
[2026-05-08T18:18:57.561+0100] {logging_mixin.py:188} INFO - [2026-05-08T18:18:57.561+0100] {dag.py:3954} INFO - Setting next_dagrun for example_sensor_decorator to None, run_after=None
[2026-05-08T18:18:57.661+0100] {processor.py:183} INFO - Processing /home/najma/airflow-venv/lib/python3.12/site-packages/airflow/example_dags/example_sensor_decorator.py took 0.156 seconds
[2026-05-08T18:20:03.480+0100] {processor.py:161} INFO - Started process (PID=12062) to work on /home/najma/airflow-venv/lib/python3.12/site-packages/airflow/example_dags/example_sensor_decorator.py
[2026-05-08T18:20:03.482+0100] {processor.py:830} INFO - Processing file /home/najma/airflow-venv/lib/python3.12/site-packages/airflow/example_dags/example_sensor_decorator.py for tasks to queue
[2026-05-08T18:20:03.484+0100] {logging_mixin.py:188} INFO - [2026-05-08T18:20:03.484+0100] {dagbag.py:540} INFO - Filling up the DagBag from /home/najma/airflow-venv/lib/python3.12/site-packages/airflow/example_dags/example_sensor_decorator.py
[2026-05-08T18:20:03.489+0100] {processor.py:840} INFO - DAG(s) 'example_sensor_decorator' retrieved from /home/najma/airflow-venv/lib/python3.12/site-packages/airflow/example_dags/example_sensor_decorator.py
[2026-05-08T18:20:03.515+0100] {logging_mixin.py:188} INFO - [2026-05-08T18:20:03.515+0100] {dag.py:3096} INFO - Sync 1 DAGs
[2026-05-08T18:20:03.529+0100] {logging_mixin.py:188} INFO - [2026-05-08T18:20:03.528+0100] {dag.py:3954} INFO - Setting next_dagrun for example_sensor_decorator to None, run_after=None
[2026-05-08T18:20:03.621+0100] {processor.py:183} INFO - Processing /home/najma/airflow-venv/lib/python3.12/site-packages/airflow/example_dags/example_sensor_decorator.py took 0.144 seconds
[2026-05-08T18:21:12.837+0100] {processor.py:161} INFO - Started process (PID=12118) to work on /home/najma/airflow-venv/lib/python3.12/site-packages/airflow/example_dags/example_sensor_decorator.py
[2026-05-08T18:21:12.838+0100] {processor.py:830} INFO - Processing file /home/najma/airflow-venv/lib/python3.12/site-packages/airflow/example_dags/example_sensor_decorator.py for tasks to queue
[2026-05-08T18:21:12.840+0100] {logging_mixin.py:188} INFO - [2026-05-08T18:21:12.840+0100] {dagbag.py:540} INFO - Filling up the DagBag from /home/najma/airflow-venv/lib/python3.12/site-packages/airflow/example_dags/example_sensor_decorator.py
[2026-05-08T18:21:12.846+0100] {processor.py:840} INFO - DAG(s) 'example_sensor_decorator' retrieved from /home/najma/airflow-venv/lib/python3.12/site-packages/airflow/example_dags/example_sensor_decorator.py
[2026-05-08T18:21:12.873+0100] {logging_mixin.py:188} INFO - [2026-05-08T18:21:12.872+0100] {dag.py:3096} INFO - Sync 1 DAGs
[2026-05-08T18:21:12.886+0100] {logging_mixin.py:188} INFO - [2026-05-08T18:21:12.885+0100] {dag.py:3954} INFO - Setting next_dagrun for example_sensor_decorator to None, run_after=None
[2026-05-08T18:21:12.978+0100] {processor.py:183} INFO - Processing /home/najma/airflow-venv/lib/python3.12/site-packages/airflow/example_dags/example_sensor_decorator.py took 0.145 seconds
[2026-05-08T18:22:27.332+0100] {processor.py:161} INFO - Started process (PID=12178) to work on /home/najma/airflow-venv/lib/python3.12/site-packages/airflow/example_dags/example_sensor_decorator.py
[2026-05-08T18:22:27.333+0100] {processor.py:830} INFO - Processing file /home/najma/airflow-venv/lib/python3.12/site-packages/airflow/example_dags/example_sensor_decorator.py for tasks to queue
[2026-05-08T18:22:27.336+0100] {logging_mixin.py:188} INFO - [2026-05-08T18:22:27.335+0100] {dagbag.py:540} INFO - Filling up the DagBag from /home/najma/airflow-venv/lib/python3.12/site-packages/airflow/example_dags/example_sensor_decorator.py
[2026-05-08T18:22:27.344+0100] {processor.py:840} INFO - DAG(s) 'example_sensor_decorator' retrieved from /home/najma/airflow-venv/lib/python3.12/site-packages/airflow/example_dags/example_sensor_decorator.py
[2026-05-08T18:22:27.398+0100] {logging_mixin.py:188} INFO - [2026-05-08T18:22:27.398+0100] {dag.py:3096} INFO - Sync 1 DAGs
[2026-05-08T18:22:27.449+0100] {logging_mixin.py:188} INFO - [2026-05-08T18:22:27.449+0100] {dag.py:3954} INFO - Setting next_dagrun for example_sensor_decorator to None, run_after=None
[2026-05-08T18:22:27.676+0100] {processor.py:183} INFO - Processing /home/najma/airflow-venv/lib/python3.12/site-packages/airflow/example_dags/example_sensor_decorator.py took 0.348 seconds
[2026-05-08T18:24:40.352+0100] {processor.py:161} INFO - Started process (PID=12291) to work on /home/najma/airflow-venv/lib/python3.12/site-packages/airflow/example_dags/example_sensor_decorator.py
[2026-05-08T18:24:40.354+0100] {processor.py:830} INFO - Processing file /home/najma/airflow-venv/lib/python3.12/site-packages/airflow/example_dags/example_sensor_decorator.py for tasks to queue
[2026-05-08T18:24:40.356+0100] {logging_mixin.py:188} INFO - [2026-05-08T18:24:40.356+0100] {dagbag.py:540} INFO - Filling up the DagBag from /home/najma/airflow-venv/lib/python3.12/site-packages/airflow/example_dags/example_sensor_decorator.py
[2026-05-08T18:24:40.361+0100] {processor.py:840} INFO - DAG(s) 'example_sensor_decorator' retrieved from /home/najma/airflow-venv/lib/python3.12/site-packages/airflow/example_dags/example_sensor_decorator.py
[2026-05-08T18:24:40.391+0100] {logging_mixin.py:188} INFO - [2026-05-08T18:24:40.391+0100] {dag.py:3096} INFO - Sync 1 DAGs
[2026-05-08T18:24:40.404+0100] {logging_mixin.py:188} INFO - [2026-05-08T18:24:40.404+0100] {dag.py:3954} INFO - Setting next_dagrun for example_sensor_decorator to None, run_after=None
[2026-05-08T18:24:40.515+0100] {processor.py:183} INFO - Processing /home/najma/airflow-venv/lib/python3.12/site-packages/airflow/example_dags/example_sensor_decorator.py took 0.166 seconds
[2026-05-08T18:25:57.767+0100] {processor.py:161} INFO - Started process (PID=12365) to work on /home/najma/airflow-venv/lib/python3.12/site-packages/airflow/example_dags/example_sensor_decorator.py
[2026-05-08T18:25:57.769+0100] {processor.py:830} INFO - Processing file /home/najma/airflow-venv/lib/python3.12/site-packages/airflow/example_dags/example_sensor_decorator.py for tasks to queue
[2026-05-08T18:25:57.771+0100] {logging_mixin.py:188} INFO - [2026-05-08T18:25:57.771+0100] {dagbag.py:540} INFO - Filling up the DagBag from /home/najma/airflow-venv/lib/python3.12/site-packages/airflow/example_dags/example_sensor_decorator.py
[2026-05-08T18:25:57.777+0100] {processor.py:840} INFO - DAG(s) 'example_sensor_decorator' retrieved from /home/najma/airflow-venv/lib/python3.12/site-packages/airflow/example_dags/example_sensor_decorator.py
[2026-05-08T18:25:57.806+0100] {logging_mixin.py:188} INFO - [2026-05-08T18:25:57.805+0100] {dag.py:3096} INFO - Sync 1 DAGs
[2026-05-08T18:25:57.823+0100] {logging_mixin.py:188} INFO - [2026-05-08T18:25:57.822+0100] {dag.py:3954} INFO - Setting next_dagrun for example_sensor_decorator to None, run_after=None
[2026-05-08T18:25:57.934+0100] {processor.py:183} INFO - Processing /home/najma/airflow-venv/lib/python3.12/site-packages/airflow/example_dags/example_sensor_decorator.py took 0.170 seconds
[2026-05-08T18:27:15.920+0100] {processor.py:161} INFO - Started process (PID=12426) to work on /home/najma/airflow-venv/lib/python3.12/site-packages/airflow/example_dags/example_sensor_decorator.py
[2026-05-08T18:27:15.922+0100] {processor.py:830} INFO - Processing file /home/najma/airflow-venv/lib/python3.12/site-packages/airflow/example_dags/example_sensor_decorator.py for tasks to queue
[2026-05-08T18:27:15.924+0100] {logging_mixin.py:188} INFO - [2026-05-08T18:27:15.923+0100] {dagbag.py:540} INFO - Filling up the DagBag from /home/najma/airflow-venv/lib/python3.12/site-packages/airflow/example_dags/example_sensor_decorator.py
[2026-05-08T18:27:15.929+0100] {processor.py:840} INFO - DAG(s) 'example_sensor_decorator' retrieved from /home/najma/airflow-venv/lib/python3.12/site-packages/airflow/example_dags/example_sensor_decorator.py
[2026-05-08T18:27:15.956+0100] {logging_mixin.py:188} INFO - [2026-05-08T18:27:15.956+0100] {dag.py:3096} INFO - Sync 1 DAGs
[2026-05-08T18:27:15.969+0100] {logging_mixin.py:188} INFO - [2026-05-08T18:27:15.969+0100] {dag.py:3954} INFO - Setting next_dagrun for example_sensor_decorator to None, run_after=None
[2026-05-08T18:27:16.053+0100] {processor.py:183} INFO - Processing /home/najma/airflow-venv/lib/python3.12/site-packages/airflow/example_dags/example_sensor_decorator.py took 0.137 seconds
[2026-05-08T18:28:37.007+0100] {processor.py:161} INFO - Started process (PID=12489) to work on /home/najma/airflow-venv/lib/python3.12/site-packages/airflow/example_dags/example_sensor_decorator.py
[2026-05-08T18:28:37.010+0100] {processor.py:830} INFO - Processing file /home/najma/airflow-venv/lib/python3.12/site-packages/airflow/example_dags/example_sensor_decorator.py for tasks to queue
[2026-05-08T18:28:37.012+0100] {logging_mixin.py:188} INFO - [2026-05-08T18:28:37.012+0100] {dagbag.py:540} INFO - Filling up the DagBag from /home/najma/airflow-venv/lib/python3.12/site-packages/airflow/example_dags/example_sensor_decorator.py
[2026-05-08T18:28:37.023+0100] {processor.py:840} INFO - DAG(s) 'example_sensor_decorator' retrieved from /home/najma/airflow-venv/lib/python3.12/site-packages/airflow/example_dags/example_sensor_decorator.py
[2026-05-08T18:28:37.066+0100] {logging_mixin.py:188} INFO - [2026-05-08T18:28:37.066+0100] {dag.py:3096} INFO - Sync 1 DAGs
[2026-05-08T18:28:37.083+0100] {logging_mixin.py:188} INFO - [2026-05-08T18:28:37.083+0100] {dag.py:3954} INFO - Setting next_dagrun for example_sensor_decorator to None, run_after=None
[2026-05-08T18:28:37.199+0100] {processor.py:183} INFO - Processing /home/najma/airflow-venv/lib/python3.12/site-packages/airflow/example_dags/example_sensor_decorator.py took 0.196 seconds
[2026-05-08T18:29:51.329+0100] {processor.py:161} INFO - Started process (PID=12548) to work on /home/najma/airflow-venv/lib/python3.12/site-packages/airflow/example_dags/example_sensor_decorator.py
[2026-05-08T18:29:51.330+0100] {processor.py:830} INFO - Processing file /home/najma/airflow-venv/lib/python3.12/site-packages/airflow/example_dags/example_sensor_decorator.py for tasks to queue
[2026-05-08T18:29:51.332+0100] {logging_mixin.py:188} INFO - [2026-05-08T18:29:51.332+0100] {dagbag.py:540} INFO - Filling up the DagBag from /home/najma/airflow-venv/lib/python3.12/site-packages/airflow/example_dags/example_sensor_decorator.py
[2026-05-08T18:29:51.337+0100] {processor.py:840} INFO - DAG(s) 'example_sensor_decorator' retrieved from /home/najma/airflow-venv/lib/python3.12/site-packages/airflow/example_dags/example_sensor_decorator.py
[2026-05-08T18:29:51.368+0100] {logging_mixin.py:188} INFO - [2026-05-08T18:29:51.368+0100] {dag.py:3096} INFO - Sync 1 DAGs
[2026-05-08T18:29:51.384+0100] {logging_mixin.py:188} INFO - [2026-05-08T18:29:51.384+0100] {dag.py:3954} INFO - Setting next_dagrun for example_sensor_decorator to None, run_after=None
[2026-05-08T18:29:51.471+0100] {processor.py:183} INFO - Processing /home/najma/airflow-venv/lib/python3.12/site-packages/airflow/example_dags/example_sensor_decorator.py took 0.146 seconds
[2026-05-08T18:31:10.157+0100] {processor.py:161} INFO - Started process (PID=12609) to work on /home/najma/airflow-venv/lib/python3.12/site-packages/airflow/example_dags/example_sensor_decorator.py
[2026-05-08T18:31:10.159+0100] {processor.py:830} INFO - Processing file /home/najma/airflow-venv/lib/python3.12/site-packages/airflow/example_dags/example_sensor_decorator.py for tasks to queue
[2026-05-08T18:31:10.160+0100] {logging_mixin.py:188} INFO - [2026-05-08T18:31:10.160+0100] {dagbag.py:540} INFO - Filling up the DagBag from /home/najma/airflow-venv/lib/python3.12/site-packages/airflow/example_dags/example_sensor_decorator.py
[2026-05-08T18:31:10.165+0100] {processor.py:840} INFO - DAG(s) 'example_sensor_decorator' retrieved from /home/najma/airflow-venv/lib/python3.12/site-packages/airflow/example_dags/example_sensor_decorator.py
[2026-05-08T18:31:10.198+0100] {logging_mixin.py:188} INFO - [2026-05-08T18:31:10.198+0100] {dag.py:3096} INFO - Sync 1 DAGs
[2026-05-08T18:31:10.214+0100] {logging_mixin.py:188} INFO - [2026-05-08T18:31:10.214+0100] {dag.py:3954} INFO - Setting next_dagrun for example_sensor_decorator to None, run_after=None
[2026-05-08T18:31:10.315+0100] {processor.py:183} INFO - Processing /home/najma/airflow-venv/lib/python3.12/site-packages/airflow/example_dags/example_sensor_decorator.py took 0.161 seconds
[2026-05-08T18:32:26.503+0100] {processor.py:161} INFO - Started process (PID=12669) to work on /home/najma/airflow-venv/lib/python3.12/site-packages/airflow/example_dags/example_sensor_decorator.py
[2026-05-08T18:32:26.518+0100] {processor.py:830} INFO - Processing file /home/najma/airflow-venv/lib/python3.12/site-packages/airflow/example_dags/example_sensor_decorator.py for tasks to queue
[2026-05-08T18:32:26.520+0100] {logging_mixin.py:188} INFO - [2026-05-08T18:32:26.519+0100] {dagbag.py:540} INFO - Filling up the DagBag from /home/najma/airflow-venv/lib/python3.12/site-packages/airflow/example_dags/example_sensor_decorator.py
[2026-05-08T18:32:26.524+0100] {processor.py:840} INFO - DAG(s) 'example_sensor_decorator' retrieved from /home/najma/airflow-venv/lib/python3.12/site-packages/airflow/example_dags/example_sensor_decorator.py
[2026-05-08T18:32:26.550+0100] {logging_mixin.py:188} INFO - [2026-05-08T18:32:26.550+0100] {dag.py:3096} INFO - Sync 1 DAGs
[2026-05-08T18:32:26.562+0100] {logging_mixin.py:188} INFO - [2026-05-08T18:32:26.562+0100] {dag.py:3954} INFO - Setting next_dagrun for example_sensor_decorator to None, run_after=None
[2026-05-08T18:32:26.641+0100] {processor.py:183} INFO - Processing /home/najma/airflow-venv/lib/python3.12/site-packages/airflow/example_dags/example_sensor_decorator.py took 0.142 seconds
[2026-05-08T18:34:43.754+0100] {processor.py:161} INFO - Started process (PID=12793) to work on /home/najma/airflow-venv/lib/python3.12/site-packages/airflow/example_dags/example_sensor_decorator.py
[2026-05-08T18:34:43.756+0100] {processor.py:830} INFO - Processing file /home/najma/airflow-venv/lib/python3.12/site-packages/airflow/example_dags/example_sensor_decorator.py for tasks to queue
[2026-05-08T18:34:43.757+0100] {logging_mixin.py:188} INFO - [2026-05-08T18:34:43.757+0100] {dagbag.py:540} INFO - Filling up the DagBag from /home/najma/airflow-venv/lib/python3.12/site-packages/airflow/example_dags/example_sensor_decorator.py
[2026-05-08T18:34:43.762+0100] {processor.py:840} INFO - DAG(s) 'example_sensor_decorator' retrieved from /home/najma/airflow-venv/lib/python3.12/site-packages/airflow/example_dags/example_sensor_decorator.py
[2026-05-08T18:34:43.789+0100] {logging_mixin.py:188} INFO - [2026-05-08T18:34:43.789+0100] {dag.py:3096} INFO - Sync 1 DAGs
[2026-05-08T18:34:43.802+0100] {logging_mixin.py:188} INFO - [2026-05-08T18:34:43.802+0100] {dag.py:3954} INFO - Setting next_dagrun for example_sensor_decorator to None, run_after=None
[2026-05-08T18:34:43.896+0100] {processor.py:183} INFO - Processing /home/najma/airflow-venv/lib/python3.12/site-packages/airflow/example_dags/example_sensor_decorator.py took 0.145 seconds
[2026-05-08T18:35:56.811+0100] {processor.py:161} INFO - Started process (PID=12860) to work on /home/najma/airflow-venv/lib/python3.12/site-packages/airflow/example_dags/example_sensor_decorator.py
[2026-05-08T18:35:56.813+0100] {processor.py:830} INFO - Processing file /home/najma/airflow-venv/lib/python3.12/site-packages/airflow/example_dags/example_sensor_decorator.py for tasks to queue
[2026-05-08T18:35:56.814+0100] {logging_mixin.py:188} INFO - [2026-05-08T18:35:56.814+0100] {dagbag.py:540} INFO - Filling up the DagBag from /home/najma/airflow-venv/lib/python3.12/site-packages/airflow/example_dags/example_sensor_decorator.py
[2026-05-08T18:35:56.825+0100] {processor.py:840} INFO - DAG(s) 'example_sensor_decorator' retrieved from /home/najma/airflow-venv/lib/python3.12/site-packages/airflow/example_dags/example_sensor_decorator.py
[2026-05-08T18:35:56.863+0100] {logging_mixin.py:188} INFO - [2026-05-08T18:35:56.863+0100] {dag.py:3096} INFO - Sync 1 DAGs
[2026-05-08T18:35:56.885+0100] {logging_mixin.py:188} INFO - [2026-05-08T18:35:56.884+0100] {dag.py:3954} INFO - Setting next_dagrun for example_sensor_decorator to None, run_after=None
[2026-05-08T18:35:56.988+0100] {processor.py:183} INFO - Processing /home/najma/airflow-venv/lib/python3.12/site-packages/airflow/example_dags/example_sensor_decorator.py took 0.182 seconds
[2026-05-08T18:37:10.279+0100] {processor.py:161} INFO - Started process (PID=12919) to work on /home/najma/airflow-venv/lib/python3.12/site-packages/airflow/example_dags/example_sensor_decorator.py
[2026-05-08T18:37:10.281+0100] {processor.py:830} INFO - Processing file /home/najma/airflow-venv/lib/python3.12/site-packages/airflow/example_dags/example_sensor_decorator.py for tasks to queue
[2026-05-08T18:37:10.282+0100] {logging_mixin.py:188} INFO - [2026-05-08T18:37:10.282+0100] {dagbag.py:540} INFO - Filling up the DagBag from /home/najma/airflow-venv/lib/python3.12/site-packages/airflow/example_dags/example_sensor_decorator.py
[2026-05-08T18:37:10.287+0100] {processor.py:840} INFO - DAG(s) 'example_sensor_decorator' retrieved from /home/najma/airflow-venv/lib/python3.12/site-packages/airflow/example_dags/example_sensor_decorator.py
[2026-05-08T18:37:10.311+0100] {logging_mixin.py:188} INFO - [2026-05-08T18:37:10.311+0100] {dag.py:3096} INFO - Sync 1 DAGs
[2026-05-08T18:37:10.324+0100] {logging_mixin.py:188} INFO - [2026-05-08T18:37:10.324+0100] {dag.py:3954} INFO - Setting next_dagrun for example_sensor_decorator to None, run_after=None
[2026-05-08T18:37:10.409+0100] {processor.py:183} INFO - Processing /home/najma/airflow-venv/lib/python3.12/site-packages/airflow/example_dags/example_sensor_decorator.py took 0.133 seconds
[2026-05-08T18:38:33.306+0100] {processor.py:161} INFO - Started process (PID=12983) to work on /home/najma/airflow-venv/lib/python3.12/site-packages/airflow/example_dags/example_sensor_decorator.py
[2026-05-08T18:38:33.308+0100] {processor.py:830} INFO - Processing file /home/najma/airflow-venv/lib/python3.12/site-packages/airflow/example_dags/example_sensor_decorator.py for tasks to queue
[2026-05-08T18:38:33.309+0100] {logging_mixin.py:188} INFO - [2026-05-08T18:38:33.309+0100] {dagbag.py:540} INFO - Filling up the DagBag from /home/najma/airflow-venv/lib/python3.12/site-packages/airflow/example_dags/example_sensor_decorator.py
[2026-05-08T18:38:33.318+0100] {processor.py:840} INFO - DAG(s) 'example_sensor_decorator' retrieved from /home/najma/airflow-venv/lib/python3.12/site-packages/airflow/example_dags/example_sensor_decorator.py
[2026-05-08T18:38:33.353+0100] {logging_mixin.py:188} INFO - [2026-05-08T18:38:33.353+0100] {dag.py:3096} INFO - Sync 1 DAGs
[2026-05-08T18:38:33.369+0100] {logging_mixin.py:188} INFO - [2026-05-08T18:38:33.369+0100] {dag.py:3954} INFO - Setting next_dagrun for example_sensor_decorator to None, run_after=None
[2026-05-08T18:38:33.475+0100] {processor.py:183} INFO - Processing /home/najma/airflow-venv/lib/python3.12/site-packages/airflow/example_dags/example_sensor_decorator.py took 0.173 seconds
