[2026-05-08T16:43:15.434+0100] {processor.py:161} INFO - Started process (PID=9557) to work on /home/najma/airflow-venv/lib/python3.12/site-packages/airflow/example_dags/example_complex.py
[2026-05-08T16:43:15.435+0100] {processor.py:830} INFO - Processing file /home/najma/airflow-venv/lib/python3.12/site-packages/airflow/example_dags/example_complex.py for tasks to queue
[2026-05-08T16:43:15.437+0100] {logging_mixin.py:188} INFO - [2026-05-08T16:43:15.437+0100] {dagbag.py:540} INFO - Filling up the DagBag from /home/najma/airflow-venv/lib/python3.12/site-packages/airflow/example_dags/example_complex.py
[2026-05-08T16:43:15.451+0100] {processor.py:840} INFO - DAG(s) 'example_complex' retrieved from /home/najma/airflow-venv/lib/python3.12/site-packages/airflow/example_dags/example_complex.py
[2026-05-08T16:43:15.621+0100] {logging_mixin.py:188} INFO - [2026-05-08T16:43:15.620+0100] {override.py:1829} INFO - Created Permission View: can read on DAG:example_complex
[2026-05-08T16:43:15.666+0100] {logging_mixin.py:188} INFO - [2026-05-08T16:43:15.665+0100] {override.py:1829} INFO - Created Permission View: can edit on DAG:example_complex
[2026-05-08T16:43:15.708+0100] {logging_mixin.py:188} INFO - [2026-05-08T16:43:15.708+0100] {override.py:1829} INFO - Created Permission View: can delete on DAG:example_complex
[2026-05-08T16:43:15.709+0100] {logging_mixin.py:188} INFO - [2026-05-08T16:43:15.709+0100] {dag.py:3096} INFO - Sync 1 DAGs
[2026-05-08T16:43:15.726+0100] {logging_mixin.py:188} INFO - [2026-05-08T16:43:15.726+0100] {dag.py:3118} INFO - Creating ORM DAG for example_complex
[2026-05-08T16:43:15.727+0100] {logging_mixin.py:188} INFO - [2026-05-08T16:43:15.727+0100] {dag.py:3954} INFO - Setting next_dagrun for example_complex to None, run_after=None
[2026-05-08T16:43:15.804+0100] {processor.py:183} INFO - Processing /home/najma/airflow-venv/lib/python3.12/site-packages/airflow/example_dags/example_complex.py took 0.374 seconds
[2026-05-08T16:44:37.300+0100] {processor.py:161} INFO - Started process (PID=9626) to work on /home/najma/airflow-venv/lib/python3.12/site-packages/airflow/example_dags/example_complex.py
[2026-05-08T16:44:37.302+0100] {processor.py:830} INFO - Processing file /home/najma/airflow-venv/lib/python3.12/site-packages/airflow/example_dags/example_complex.py for tasks to queue
[2026-05-08T16:44:37.304+0100] {logging_mixin.py:188} INFO - [2026-05-08T16:44:37.303+0100] {dagbag.py:540} INFO - Filling up the DagBag from /home/najma/airflow-venv/lib/python3.12/site-packages/airflow/example_dags/example_complex.py
[2026-05-08T16:44:37.330+0100] {processor.py:840} INFO - DAG(s) 'example_complex' retrieved from /home/najma/airflow-venv/lib/python3.12/site-packages/airflow/example_dags/example_complex.py
[2026-05-08T16:44:37.426+0100] {logging_mixin.py:188} INFO - [2026-05-08T16:44:37.426+0100] {dag.py:3096} INFO - Sync 1 DAGs
[2026-05-08T16:44:37.862+0100] {logging_mixin.py:188} INFO - [2026-05-08T16:44:37.862+0100] {dag.py:3954} INFO - Setting next_dagrun for example_complex to None, run_after=None
[2026-05-08T16:44:38.885+0100] {processor.py:183} INFO - Processing /home/najma/airflow-venv/lib/python3.12/site-packages/airflow/example_dags/example_complex.py took 1.590 seconds
[2026-05-08T16:46:07.814+0100] {processor.py:161} INFO - Started process (PID=9709) to work on /home/najma/airflow-venv/lib/python3.12/site-packages/airflow/example_dags/example_complex.py
[2026-05-08T16:46:07.815+0100] {processor.py:830} INFO - Processing file /home/najma/airflow-venv/lib/python3.12/site-packages/airflow/example_dags/example_complex.py for tasks to queue
[2026-05-08T16:46:07.818+0100] {logging_mixin.py:188} INFO - [2026-05-08T16:46:07.818+0100] {dagbag.py:540} INFO - Filling up the DagBag from /home/najma/airflow-venv/lib/python3.12/site-packages/airflow/example_dags/example_complex.py
[2026-05-08T16:46:07.827+0100] {processor.py:840} INFO - DAG(s) 'example_complex' retrieved from /home/najma/airflow-venv/lib/python3.12/site-packages/airflow/example_dags/example_complex.py
[2026-05-08T16:46:07.865+0100] {logging_mixin.py:188} INFO - [2026-05-08T16:46:07.864+0100] {dag.py:3096} INFO - Sync 1 DAGs
[2026-05-08T16:46:07.878+0100] {logging_mixin.py:188} INFO - [2026-05-08T16:46:07.877+0100] {dag.py:3954} INFO - Setting next_dagrun for example_complex to None, run_after=None
[2026-05-08T16:46:07.959+0100] {processor.py:183} INFO - Processing /home/najma/airflow-venv/lib/python3.12/site-packages/airflow/example_dags/example_complex.py took 0.149 seconds
[2026-05-08T16:47:24.696+0100] {processor.py:161} INFO - Started process (PID=9778) to work on /home/najma/airflow-venv/lib/python3.12/site-packages/airflow/example_dags/example_complex.py
[2026-05-08T16:47:24.697+0100] {processor.py:830} INFO - Processing file /home/najma/airflow-venv/lib/python3.12/site-packages/airflow/example_dags/example_complex.py for tasks to queue
[2026-05-08T16:47:24.699+0100] {logging_mixin.py:188} INFO - [2026-05-08T16:47:24.698+0100] {dagbag.py:540} INFO - Filling up the DagBag from /home/najma/airflow-venv/lib/python3.12/site-packages/airflow/example_dags/example_complex.py
[2026-05-08T16:47:24.711+0100] {processor.py:840} INFO - DAG(s) 'example_complex' retrieved from /home/najma/airflow-venv/lib/python3.12/site-packages/airflow/example_dags/example_complex.py
[2026-05-08T16:47:24.745+0100] {logging_mixin.py:188} INFO - [2026-05-08T16:47:24.745+0100] {dag.py:3096} INFO - Sync 1 DAGs
[2026-05-08T16:47:24.763+0100] {logging_mixin.py:188} INFO - [2026-05-08T16:47:24.763+0100] {dag.py:3954} INFO - Setting next_dagrun for example_complex to None, run_after=None
[2026-05-08T16:47:24.839+0100] {processor.py:183} INFO - Processing /home/najma/airflow-venv/lib/python3.12/site-packages/airflow/example_dags/example_complex.py took 0.146 seconds
[2026-05-08T16:48:34.966+0100] {processor.py:161} INFO - Started process (PID=9842) to work on /home/najma/airflow-venv/lib/python3.12/site-packages/airflow/example_dags/example_complex.py
[2026-05-08T16:48:34.967+0100] {processor.py:830} INFO - Processing file /home/najma/airflow-venv/lib/python3.12/site-packages/airflow/example_dags/example_complex.py for tasks to queue
[2026-05-08T16:48:34.968+0100] {logging_mixin.py:188} INFO - [2026-05-08T16:48:34.968+0100] {dagbag.py:540} INFO - Filling up the DagBag from /home/najma/airflow-venv/lib/python3.12/site-packages/airflow/example_dags/example_complex.py
[2026-05-08T16:48:34.977+0100] {processor.py:840} INFO - DAG(s) 'example_complex' retrieved from /home/najma/airflow-venv/lib/python3.12/site-packages/airflow/example_dags/example_complex.py
[2026-05-08T16:48:35.014+0100] {logging_mixin.py:188} INFO - [2026-05-08T16:48:35.014+0100] {dag.py:3096} INFO - Sync 1 DAGs
[2026-05-08T16:48:35.029+0100] {logging_mixin.py:188} INFO - [2026-05-08T16:48:35.029+0100] {dag.py:3954} INFO - Setting next_dagrun for example_complex to None, run_after=None
[2026-05-08T16:48:35.135+0100] {processor.py:183} INFO - Processing /home/najma/airflow-venv/lib/python3.12/site-packages/airflow/example_dags/example_complex.py took 0.173 seconds
[2026-05-08T17:45:48.127+0100] {processor.py:161} INFO - Started process (PID=10257) to work on /home/najma/airflow-venv/lib/python3.12/site-packages/airflow/example_dags/example_complex.py
[2026-05-08T17:45:48.129+0100] {processor.py:830} INFO - Processing file /home/najma/airflow-venv/lib/python3.12/site-packages/airflow/example_dags/example_complex.py for tasks to queue
[2026-05-08T17:45:48.130+0100] {logging_mixin.py:188} INFO - [2026-05-08T17:45:48.130+0100] {dagbag.py:540} INFO - Filling up the DagBag from /home/najma/airflow-venv/lib/python3.12/site-packages/airflow/example_dags/example_complex.py
[2026-05-08T17:45:48.138+0100] {processor.py:840} INFO - DAG(s) 'example_complex' retrieved from /home/najma/airflow-venv/lib/python3.12/site-packages/airflow/example_dags/example_complex.py
[2026-05-08T17:45:48.178+0100] {logging_mixin.py:188} INFO - [2026-05-08T17:45:48.178+0100] {dag.py:3096} INFO - Sync 1 DAGs
[2026-05-08T17:45:48.193+0100] {logging_mixin.py:188} INFO - [2026-05-08T17:45:48.192+0100] {dag.py:3954} INFO - Setting next_dagrun for example_complex to None, run_after=None
[2026-05-08T17:45:48.278+0100] {processor.py:183} INFO - Processing /home/najma/airflow-venv/lib/python3.12/site-packages/airflow/example_dags/example_complex.py took 0.155 seconds
[2026-05-08T17:47:12.969+0100] {processor.py:161} INFO - Started process (PID=10337) to work on /home/najma/airflow-venv/lib/python3.12/site-packages/airflow/example_dags/example_complex.py
[2026-05-08T17:47:12.971+0100] {processor.py:830} INFO - Processing file /home/najma/airflow-venv/lib/python3.12/site-packages/airflow/example_dags/example_complex.py for tasks to queue
[2026-05-08T17:47:12.973+0100] {logging_mixin.py:188} INFO - [2026-05-08T17:47:12.973+0100] {dagbag.py:540} INFO - Filling up the DagBag from /home/najma/airflow-venv/lib/python3.12/site-packages/airflow/example_dags/example_complex.py
[2026-05-08T17:47:12.982+0100] {processor.py:840} INFO - DAG(s) 'example_complex' retrieved from /home/najma/airflow-venv/lib/python3.12/site-packages/airflow/example_dags/example_complex.py
[2026-05-08T17:47:13.032+0100] {logging_mixin.py:188} INFO - [2026-05-08T17:47:13.032+0100] {dag.py:3096} INFO - Sync 1 DAGs
[2026-05-08T17:47:13.047+0100] {logging_mixin.py:188} INFO - [2026-05-08T17:47:13.047+0100] {dag.py:3954} INFO - Setting next_dagrun for example_complex to None, run_after=None
[2026-05-08T17:47:13.142+0100] {processor.py:183} INFO - Processing /home/najma/airflow-venv/lib/python3.12/site-packages/airflow/example_dags/example_complex.py took 0.179 seconds
[2026-05-08T17:48:22.975+0100] {processor.py:161} INFO - Started process (PID=10398) to work on /home/najma/airflow-venv/lib/python3.12/site-packages/airflow/example_dags/example_complex.py
[2026-05-08T17:48:22.976+0100] {processor.py:830} INFO - Processing file /home/najma/airflow-venv/lib/python3.12/site-packages/airflow/example_dags/example_complex.py for tasks to queue
[2026-05-08T17:48:22.978+0100] {logging_mixin.py:188} INFO - [2026-05-08T17:48:22.977+0100] {dagbag.py:540} INFO - Filling up the DagBag from /home/najma/airflow-venv/lib/python3.12/site-packages/airflow/example_dags/example_complex.py
[2026-05-08T17:48:22.987+0100] {processor.py:840} INFO - DAG(s) 'example_complex' retrieved from /home/najma/airflow-venv/lib/python3.12/site-packages/airflow/example_dags/example_complex.py
[2026-05-08T17:48:23.019+0100] {logging_mixin.py:188} INFO - [2026-05-08T17:48:23.019+0100] {dag.py:3096} INFO - Sync 1 DAGs
[2026-05-08T17:48:23.033+0100] {logging_mixin.py:188} INFO - [2026-05-08T17:48:23.032+0100] {dag.py:3954} INFO - Setting next_dagrun for example_complex to None, run_after=None
[2026-05-08T17:48:23.141+0100] {processor.py:183} INFO - Processing /home/najma/airflow-venv/lib/python3.12/site-packages/airflow/example_dags/example_complex.py took 0.170 seconds
[2026-05-08T17:49:31.327+0100] {processor.py:161} INFO - Started process (PID=10457) to work on /home/najma/airflow-venv/lib/python3.12/site-packages/airflow/example_dags/example_complex.py
[2026-05-08T17:49:31.328+0100] {processor.py:830} INFO - Processing file /home/najma/airflow-venv/lib/python3.12/site-packages/airflow/example_dags/example_complex.py for tasks to queue
[2026-05-08T17:49:31.330+0100] {logging_mixin.py:188} INFO - [2026-05-08T17:49:31.330+0100] {dagbag.py:540} INFO - Filling up the DagBag from /home/najma/airflow-venv/lib/python3.12/site-packages/airflow/example_dags/example_complex.py
[2026-05-08T17:49:31.338+0100] {processor.py:840} INFO - DAG(s) 'example_complex' retrieved from /home/najma/airflow-venv/lib/python3.12/site-packages/airflow/example_dags/example_complex.py
[2026-05-08T17:49:31.375+0100] {logging_mixin.py:188} INFO - [2026-05-08T17:49:31.375+0100] {dag.py:3096} INFO - Sync 1 DAGs
[2026-05-08T17:49:31.389+0100] {logging_mixin.py:188} INFO - [2026-05-08T17:49:31.389+0100] {dag.py:3954} INFO - Setting next_dagrun for example_complex to None, run_after=None
[2026-05-08T17:49:31.482+0100] {processor.py:183} INFO - Processing /home/najma/airflow-venv/lib/python3.12/site-packages/airflow/example_dags/example_complex.py took 0.159 seconds
[2026-05-08T17:50:48.234+0100] {processor.py:161} INFO - Started process (PID=10522) to work on /home/najma/airflow-venv/lib/python3.12/site-packages/airflow/example_dags/example_complex.py
[2026-05-08T17:50:48.235+0100] {processor.py:830} INFO - Processing file /home/najma/airflow-venv/lib/python3.12/site-packages/airflow/example_dags/example_complex.py for tasks to queue
[2026-05-08T17:50:48.238+0100] {logging_mixin.py:188} INFO - [2026-05-08T17:50:48.237+0100] {dagbag.py:540} INFO - Filling up the DagBag from /home/najma/airflow-venv/lib/python3.12/site-packages/airflow/example_dags/example_complex.py
[2026-05-08T17:50:48.251+0100] {processor.py:840} INFO - DAG(s) 'example_complex' retrieved from /home/najma/airflow-venv/lib/python3.12/site-packages/airflow/example_dags/example_complex.py
[2026-05-08T17:50:48.295+0100] {logging_mixin.py:188} INFO - [2026-05-08T17:50:48.295+0100] {dag.py:3096} INFO - Sync 1 DAGs
[2026-05-08T17:50:48.312+0100] {logging_mixin.py:188} INFO - [2026-05-08T17:50:48.312+0100] {dag.py:3954} INFO - Setting next_dagrun for example_complex to None, run_after=None
[2026-05-08T17:50:48.412+0100] {processor.py:183} INFO - Processing /home/najma/airflow-venv/lib/python3.12/site-packages/airflow/example_dags/example_complex.py took 0.183 seconds
[2026-05-08T17:51:58.873+0100] {processor.py:161} INFO - Started process (PID=10581) to work on /home/najma/airflow-venv/lib/python3.12/site-packages/airflow/example_dags/example_complex.py
[2026-05-08T17:51:58.874+0100] {processor.py:830} INFO - Processing file /home/najma/airflow-venv/lib/python3.12/site-packages/airflow/example_dags/example_complex.py for tasks to queue
[2026-05-08T17:51:58.876+0100] {logging_mixin.py:188} INFO - [2026-05-08T17:51:58.876+0100] {dagbag.py:540} INFO - Filling up the DagBag from /home/najma/airflow-venv/lib/python3.12/site-packages/airflow/example_dags/example_complex.py
[2026-05-08T17:51:58.884+0100] {processor.py:840} INFO - DAG(s) 'example_complex' retrieved from /home/najma/airflow-venv/lib/python3.12/site-packages/airflow/example_dags/example_complex.py
[2026-05-08T17:51:58.919+0100] {logging_mixin.py:188} INFO - [2026-05-08T17:51:58.919+0100] {dag.py:3096} INFO - Sync 1 DAGs
[2026-05-08T17:51:58.933+0100] {logging_mixin.py:188} INFO - [2026-05-08T17:51:58.933+0100] {dag.py:3954} INFO - Setting next_dagrun for example_complex to None, run_after=None
[2026-05-08T17:51:59.037+0100] {processor.py:183} INFO - Processing /home/najma/airflow-venv/lib/python3.12/site-packages/airflow/example_dags/example_complex.py took 0.168 seconds
[2026-05-08T17:53:18.895+0100] {processor.py:161} INFO - Started process (PID=10668) to work on /home/najma/airflow-venv/lib/python3.12/site-packages/airflow/example_dags/example_complex.py
[2026-05-08T17:53:18.910+0100] {processor.py:830} INFO - Processing file /home/najma/airflow-venv/lib/python3.12/site-packages/airflow/example_dags/example_complex.py for tasks to queue
[2026-05-08T17:53:18.912+0100] {logging_mixin.py:188} INFO - [2026-05-08T17:53:18.912+0100] {dagbag.py:540} INFO - Filling up the DagBag from /home/najma/airflow-venv/lib/python3.12/site-packages/airflow/example_dags/example_complex.py
[2026-05-08T17:53:18.920+0100] {processor.py:840} INFO - DAG(s) 'example_complex' retrieved from /home/najma/airflow-venv/lib/python3.12/site-packages/airflow/example_dags/example_complex.py
[2026-05-08T17:53:18.956+0100] {logging_mixin.py:188} INFO - [2026-05-08T17:53:18.956+0100] {dag.py:3096} INFO - Sync 1 DAGs
[2026-05-08T17:53:18.969+0100] {logging_mixin.py:188} INFO - [2026-05-08T17:53:18.969+0100] {dag.py:3954} INFO - Setting next_dagrun for example_complex to None, run_after=None
[2026-05-08T17:53:19.043+0100] {processor.py:183} INFO - Processing /home/najma/airflow-venv/lib/python3.12/site-packages/airflow/example_dags/example_complex.py took 0.151 seconds
[2026-05-08T17:54:27.372+0100] {processor.py:161} INFO - Started process (PID=10728) to work on /home/najma/airflow-venv/lib/python3.12/site-packages/airflow/example_dags/example_complex.py
[2026-05-08T17:54:27.373+0100] {processor.py:830} INFO - Processing file /home/najma/airflow-venv/lib/python3.12/site-packages/airflow/example_dags/example_complex.py for tasks to queue
[2026-05-08T17:54:27.375+0100] {logging_mixin.py:188} INFO - [2026-05-08T17:54:27.374+0100] {dagbag.py:540} INFO - Filling up the DagBag from /home/najma/airflow-venv/lib/python3.12/site-packages/airflow/example_dags/example_complex.py
[2026-05-08T17:54:27.382+0100] {processor.py:840} INFO - DAG(s) 'example_complex' retrieved from /home/najma/airflow-venv/lib/python3.12/site-packages/airflow/example_dags/example_complex.py
[2026-05-08T17:54:27.416+0100] {logging_mixin.py:188} INFO - [2026-05-08T17:54:27.416+0100] {dag.py:3096} INFO - Sync 1 DAGs
[2026-05-08T17:54:27.428+0100] {logging_mixin.py:188} INFO - [2026-05-08T17:54:27.428+0100] {dag.py:3954} INFO - Setting next_dagrun for example_complex to None, run_after=None
[2026-05-08T17:54:27.520+0100] {processor.py:183} INFO - Processing /home/najma/airflow-venv/lib/python3.12/site-packages/airflow/example_dags/example_complex.py took 0.152 seconds
[2026-05-08T17:55:31.067+0100] {processor.py:161} INFO - Started process (PID=10797) to work on /home/najma/airflow-venv/lib/python3.12/site-packages/airflow/example_dags/example_complex.py
[2026-05-08T17:55:31.069+0100] {processor.py:830} INFO - Processing file /home/najma/airflow-venv/lib/python3.12/site-packages/airflow/example_dags/example_complex.py for tasks to queue
[2026-05-08T17:55:31.071+0100] {logging_mixin.py:188} INFO - [2026-05-08T17:55:31.070+0100] {dagbag.py:540} INFO - Filling up the DagBag from /home/najma/airflow-venv/lib/python3.12/site-packages/airflow/example_dags/example_complex.py
[2026-05-08T17:55:31.078+0100] {processor.py:840} INFO - DAG(s) 'example_complex' retrieved from /home/najma/airflow-venv/lib/python3.12/site-packages/airflow/example_dags/example_complex.py
[2026-05-08T17:55:31.113+0100] {logging_mixin.py:188} INFO - [2026-05-08T17:55:31.113+0100] {dag.py:3096} INFO - Sync 1 DAGs
[2026-05-08T17:55:31.127+0100] {logging_mixin.py:188} INFO - [2026-05-08T17:55:31.127+0100] {dag.py:3954} INFO - Setting next_dagrun for example_complex to None, run_after=None
[2026-05-08T17:55:31.203+0100] {processor.py:183} INFO - Processing /home/najma/airflow-venv/lib/python3.12/site-packages/airflow/example_dags/example_complex.py took 0.140 seconds
[2026-05-08T17:56:43.025+0100] {processor.py:161} INFO - Started process (PID=10858) to work on /home/najma/airflow-venv/lib/python3.12/site-packages/airflow/example_dags/example_complex.py
[2026-05-08T17:56:43.027+0100] {processor.py:830} INFO - Processing file /home/najma/airflow-venv/lib/python3.12/site-packages/airflow/example_dags/example_complex.py for tasks to queue
[2026-05-08T17:56:43.028+0100] {logging_mixin.py:188} INFO - [2026-05-08T17:56:43.028+0100] {dagbag.py:540} INFO - Filling up the DagBag from /home/najma/airflow-venv/lib/python3.12/site-packages/airflow/example_dags/example_complex.py
[2026-05-08T17:56:43.036+0100] {processor.py:840} INFO - DAG(s) 'example_complex' retrieved from /home/najma/airflow-venv/lib/python3.12/site-packages/airflow/example_dags/example_complex.py
[2026-05-08T17:56:43.071+0100] {logging_mixin.py:188} INFO - [2026-05-08T17:56:43.070+0100] {dag.py:3096} INFO - Sync 1 DAGs
[2026-05-08T17:56:43.084+0100] {logging_mixin.py:188} INFO - [2026-05-08T17:56:43.084+0100] {dag.py:3954} INFO - Setting next_dagrun for example_complex to None, run_after=None
[2026-05-08T17:56:43.166+0100] {processor.py:183} INFO - Processing /home/najma/airflow-venv/lib/python3.12/site-packages/airflow/example_dags/example_complex.py took 0.145 seconds
[2026-05-08T17:57:58.376+0100] {processor.py:161} INFO - Started process (PID=10921) to work on /home/najma/airflow-venv/lib/python3.12/site-packages/airflow/example_dags/example_complex.py
[2026-05-08T17:57:58.377+0100] {processor.py:830} INFO - Processing file /home/najma/airflow-venv/lib/python3.12/site-packages/airflow/example_dags/example_complex.py for tasks to queue
[2026-05-08T17:57:58.379+0100] {logging_mixin.py:188} INFO - [2026-05-08T17:57:58.378+0100] {dagbag.py:540} INFO - Filling up the DagBag from /home/najma/airflow-venv/lib/python3.12/site-packages/airflow/example_dags/example_complex.py
[2026-05-08T17:57:58.386+0100] {processor.py:840} INFO - DAG(s) 'example_complex' retrieved from /home/najma/airflow-venv/lib/python3.12/site-packages/airflow/example_dags/example_complex.py
[2026-05-08T17:57:58.422+0100] {logging_mixin.py:188} INFO - [2026-05-08T17:57:58.422+0100] {dag.py:3096} INFO - Sync 1 DAGs
[2026-05-08T17:57:58.435+0100] {logging_mixin.py:188} INFO - [2026-05-08T17:57:58.435+0100] {dag.py:3954} INFO - Setting next_dagrun for example_complex to None, run_after=None
[2026-05-08T17:57:58.522+0100] {processor.py:183} INFO - Processing /home/najma/airflow-venv/lib/python3.12/site-packages/airflow/example_dags/example_complex.py took 0.150 seconds
[2026-05-08T17:59:03.759+0100] {processor.py:161} INFO - Started process (PID=10981) to work on /home/najma/airflow-venv/lib/python3.12/site-packages/airflow/example_dags/example_complex.py
[2026-05-08T17:59:03.761+0100] {processor.py:830} INFO - Processing file /home/najma/airflow-venv/lib/python3.12/site-packages/airflow/example_dags/example_complex.py for tasks to queue
[2026-05-08T17:59:03.762+0100] {logging_mixin.py:188} INFO - [2026-05-08T17:59:03.762+0100] {dagbag.py:540} INFO - Filling up the DagBag from /home/najma/airflow-venv/lib/python3.12/site-packages/airflow/example_dags/example_complex.py
[2026-05-08T17:59:03.769+0100] {processor.py:840} INFO - DAG(s) 'example_complex' retrieved from /home/najma/airflow-venv/lib/python3.12/site-packages/airflow/example_dags/example_complex.py
[2026-05-08T17:59:03.807+0100] {logging_mixin.py:188} INFO - [2026-05-08T17:59:03.807+0100] {dag.py:3096} INFO - Sync 1 DAGs
[2026-05-08T17:59:03.821+0100] {logging_mixin.py:188} INFO - [2026-05-08T17:59:03.820+0100] {dag.py:3954} INFO - Setting next_dagrun for example_complex to None, run_after=None
[2026-05-08T17:59:03.922+0100] {processor.py:183} INFO - Processing /home/najma/airflow-venv/lib/python3.12/site-packages/airflow/example_dags/example_complex.py took 0.166 seconds
[2026-05-08T18:00:13.397+0100] {processor.py:161} INFO - Started process (PID=11042) to work on /home/najma/airflow-venv/lib/python3.12/site-packages/airflow/example_dags/example_complex.py
[2026-05-08T18:00:13.398+0100] {processor.py:830} INFO - Processing file /home/najma/airflow-venv/lib/python3.12/site-packages/airflow/example_dags/example_complex.py for tasks to queue
[2026-05-08T18:00:13.400+0100] {logging_mixin.py:188} INFO - [2026-05-08T18:00:13.400+0100] {dagbag.py:540} INFO - Filling up the DagBag from /home/najma/airflow-venv/lib/python3.12/site-packages/airflow/example_dags/example_complex.py
[2026-05-08T18:00:13.408+0100] {processor.py:840} INFO - DAG(s) 'example_complex' retrieved from /home/najma/airflow-venv/lib/python3.12/site-packages/airflow/example_dags/example_complex.py
[2026-05-08T18:00:13.445+0100] {logging_mixin.py:188} INFO - [2026-05-08T18:00:13.444+0100] {dag.py:3096} INFO - Sync 1 DAGs
[2026-05-08T18:00:13.458+0100] {logging_mixin.py:188} INFO - [2026-05-08T18:00:13.457+0100] {dag.py:3954} INFO - Setting next_dagrun for example_complex to None, run_after=None
[2026-05-08T18:00:13.553+0100] {processor.py:183} INFO - Processing /home/najma/airflow-venv/lib/python3.12/site-packages/airflow/example_dags/example_complex.py took 0.159 seconds
[2026-05-08T18:01:21.353+0100] {processor.py:161} INFO - Started process (PID=11100) to work on /home/najma/airflow-venv/lib/python3.12/site-packages/airflow/example_dags/example_complex.py
[2026-05-08T18:01:21.354+0100] {processor.py:830} INFO - Processing file /home/najma/airflow-venv/lib/python3.12/site-packages/airflow/example_dags/example_complex.py for tasks to queue
[2026-05-08T18:01:21.356+0100] {logging_mixin.py:188} INFO - [2026-05-08T18:01:21.355+0100] {dagbag.py:540} INFO - Filling up the DagBag from /home/najma/airflow-venv/lib/python3.12/site-packages/airflow/example_dags/example_complex.py
[2026-05-08T18:01:21.363+0100] {processor.py:840} INFO - DAG(s) 'example_complex' retrieved from /home/najma/airflow-venv/lib/python3.12/site-packages/airflow/example_dags/example_complex.py
[2026-05-08T18:01:21.394+0100] {logging_mixin.py:188} INFO - [2026-05-08T18:01:21.394+0100] {dag.py:3096} INFO - Sync 1 DAGs
[2026-05-08T18:01:21.407+0100] {logging_mixin.py:188} INFO - [2026-05-08T18:01:21.406+0100] {dag.py:3954} INFO - Setting next_dagrun for example_complex to None, run_after=None
[2026-05-08T18:01:21.486+0100] {processor.py:183} INFO - Processing /home/najma/airflow-venv/lib/python3.12/site-packages/airflow/example_dags/example_complex.py took 0.137 seconds
[2026-05-08T18:02:23.915+0100] {processor.py:161} INFO - Started process (PID=11158) to work on /home/najma/airflow-venv/lib/python3.12/site-packages/airflow/example_dags/example_complex.py
[2026-05-08T18:02:23.916+0100] {processor.py:830} INFO - Processing file /home/najma/airflow-venv/lib/python3.12/site-packages/airflow/example_dags/example_complex.py for tasks to queue
[2026-05-08T18:02:23.917+0100] {logging_mixin.py:188} INFO - [2026-05-08T18:02:23.917+0100] {dagbag.py:540} INFO - Filling up the DagBag from /home/najma/airflow-venv/lib/python3.12/site-packages/airflow/example_dags/example_complex.py
[2026-05-08T18:02:23.924+0100] {processor.py:840} INFO - DAG(s) 'example_complex' retrieved from /home/najma/airflow-venv/lib/python3.12/site-packages/airflow/example_dags/example_complex.py
[2026-05-08T18:02:23.958+0100] {logging_mixin.py:188} INFO - [2026-05-08T18:02:23.958+0100] {dag.py:3096} INFO - Sync 1 DAGs
[2026-05-08T18:02:23.971+0100] {logging_mixin.py:188} INFO - [2026-05-08T18:02:23.971+0100] {dag.py:3954} INFO - Setting next_dagrun for example_complex to None, run_after=None
[2026-05-08T18:02:24.059+0100] {processor.py:183} INFO - Processing /home/najma/airflow-venv/lib/python3.12/site-packages/airflow/example_dags/example_complex.py took 0.148 seconds
[2026-05-08T18:03:30.315+0100] {processor.py:161} INFO - Started process (PID=11215) to work on /home/najma/airflow-venv/lib/python3.12/site-packages/airflow/example_dags/example_complex.py
[2026-05-08T18:03:30.316+0100] {processor.py:830} INFO - Processing file /home/najma/airflow-venv/lib/python3.12/site-packages/airflow/example_dags/example_complex.py for tasks to queue
[2026-05-08T18:03:30.318+0100] {logging_mixin.py:188} INFO - [2026-05-08T18:03:30.317+0100] {dagbag.py:540} INFO - Filling up the DagBag from /home/najma/airflow-venv/lib/python3.12/site-packages/airflow/example_dags/example_complex.py
[2026-05-08T18:03:30.325+0100] {processor.py:840} INFO - DAG(s) 'example_complex' retrieved from /home/najma/airflow-venv/lib/python3.12/site-packages/airflow/example_dags/example_complex.py
[2026-05-08T18:03:30.360+0100] {logging_mixin.py:188} INFO - [2026-05-08T18:03:30.360+0100] {dag.py:3096} INFO - Sync 1 DAGs
[2026-05-08T18:03:30.373+0100] {logging_mixin.py:188} INFO - [2026-05-08T18:03:30.373+0100] {dag.py:3954} INFO - Setting next_dagrun for example_complex to None, run_after=None
[2026-05-08T18:03:30.448+0100] {processor.py:183} INFO - Processing /home/najma/airflow-venv/lib/python3.12/site-packages/airflow/example_dags/example_complex.py took 0.137 seconds
[2026-05-08T18:04:39.875+0100] {processor.py:161} INFO - Started process (PID=11276) to work on /home/najma/airflow-venv/lib/python3.12/site-packages/airflow/example_dags/example_complex.py
[2026-05-08T18:04:39.876+0100] {processor.py:830} INFO - Processing file /home/najma/airflow-venv/lib/python3.12/site-packages/airflow/example_dags/example_complex.py for tasks to queue
[2026-05-08T18:04:39.878+0100] {logging_mixin.py:188} INFO - [2026-05-08T18:04:39.877+0100] {dagbag.py:540} INFO - Filling up the DagBag from /home/najma/airflow-venv/lib/python3.12/site-packages/airflow/example_dags/example_complex.py
[2026-05-08T18:04:39.886+0100] {processor.py:840} INFO - DAG(s) 'example_complex' retrieved from /home/najma/airflow-venv/lib/python3.12/site-packages/airflow/example_dags/example_complex.py
[2026-05-08T18:04:39.921+0100] {logging_mixin.py:188} INFO - [2026-05-08T18:04:39.920+0100] {dag.py:3096} INFO - Sync 1 DAGs
[2026-05-08T18:04:39.934+0100] {logging_mixin.py:188} INFO - [2026-05-08T18:04:39.934+0100] {dag.py:3954} INFO - Setting next_dagrun for example_complex to None, run_after=None
[2026-05-08T18:04:40.024+0100] {processor.py:183} INFO - Processing /home/najma/airflow-venv/lib/python3.12/site-packages/airflow/example_dags/example_complex.py took 0.153 seconds
[2026-05-08T18:05:49.634+0100] {processor.py:161} INFO - Started process (PID=11337) to work on /home/najma/airflow-venv/lib/python3.12/site-packages/airflow/example_dags/example_complex.py
[2026-05-08T18:05:49.636+0100] {processor.py:830} INFO - Processing file /home/najma/airflow-venv/lib/python3.12/site-packages/airflow/example_dags/example_complex.py for tasks to queue
[2026-05-08T18:05:49.638+0100] {logging_mixin.py:188} INFO - [2026-05-08T18:05:49.638+0100] {dagbag.py:540} INFO - Filling up the DagBag from /home/najma/airflow-venv/lib/python3.12/site-packages/airflow/example_dags/example_complex.py
[2026-05-08T18:05:49.645+0100] {processor.py:840} INFO - DAG(s) 'example_complex' retrieved from /home/najma/airflow-venv/lib/python3.12/site-packages/airflow/example_dags/example_complex.py
[2026-05-08T18:05:49.682+0100] {logging_mixin.py:188} INFO - [2026-05-08T18:05:49.682+0100] {dag.py:3096} INFO - Sync 1 DAGs
[2026-05-08T18:05:49.696+0100] {logging_mixin.py:188} INFO - [2026-05-08T18:05:49.696+0100] {dag.py:3954} INFO - Setting next_dagrun for example_complex to None, run_after=None
[2026-05-08T18:05:49.792+0100] {processor.py:183} INFO - Processing /home/najma/airflow-venv/lib/python3.12/site-packages/airflow/example_dags/example_complex.py took 0.161 seconds
[2026-05-08T18:06:53.025+0100] {processor.py:161} INFO - Started process (PID=11395) to work on /home/najma/airflow-venv/lib/python3.12/site-packages/airflow/example_dags/example_complex.py
[2026-05-08T18:06:53.026+0100] {processor.py:830} INFO - Processing file /home/najma/airflow-venv/lib/python3.12/site-packages/airflow/example_dags/example_complex.py for tasks to queue
[2026-05-08T18:06:53.028+0100] {logging_mixin.py:188} INFO - [2026-05-08T18:06:53.027+0100] {dagbag.py:540} INFO - Filling up the DagBag from /home/najma/airflow-venv/lib/python3.12/site-packages/airflow/example_dags/example_complex.py
[2026-05-08T18:06:53.036+0100] {processor.py:840} INFO - DAG(s) 'example_complex' retrieved from /home/najma/airflow-venv/lib/python3.12/site-packages/airflow/example_dags/example_complex.py
[2026-05-08T18:06:53.075+0100] {logging_mixin.py:188} INFO - [2026-05-08T18:06:53.075+0100] {dag.py:3096} INFO - Sync 1 DAGs
[2026-05-08T18:06:53.088+0100] {logging_mixin.py:188} INFO - [2026-05-08T18:06:53.088+0100] {dag.py:3954} INFO - Setting next_dagrun for example_complex to None, run_after=None
[2026-05-08T18:06:53.180+0100] {processor.py:183} INFO - Processing /home/najma/airflow-venv/lib/python3.12/site-packages/airflow/example_dags/example_complex.py took 0.160 seconds
[2026-05-08T18:07:53.837+0100] {processor.py:161} INFO - Started process (PID=11450) to work on /home/najma/airflow-venv/lib/python3.12/site-packages/airflow/example_dags/example_complex.py
[2026-05-08T18:07:53.838+0100] {processor.py:830} INFO - Processing file /home/najma/airflow-venv/lib/python3.12/site-packages/airflow/example_dags/example_complex.py for tasks to queue
[2026-05-08T18:07:53.840+0100] {logging_mixin.py:188} INFO - [2026-05-08T18:07:53.840+0100] {dagbag.py:540} INFO - Filling up the DagBag from /home/najma/airflow-venv/lib/python3.12/site-packages/airflow/example_dags/example_complex.py
[2026-05-08T18:07:53.848+0100] {processor.py:840} INFO - DAG(s) 'example_complex' retrieved from /home/najma/airflow-venv/lib/python3.12/site-packages/airflow/example_dags/example_complex.py
[2026-05-08T18:07:53.882+0100] {logging_mixin.py:188} INFO - [2026-05-08T18:07:53.882+0100] {dag.py:3096} INFO - Sync 1 DAGs
[2026-05-08T18:07:53.896+0100] {logging_mixin.py:188} INFO - [2026-05-08T18:07:53.895+0100] {dag.py:3954} INFO - Setting next_dagrun for example_complex to None, run_after=None
[2026-05-08T18:07:53.990+0100] {processor.py:183} INFO - Processing /home/najma/airflow-venv/lib/python3.12/site-packages/airflow/example_dags/example_complex.py took 0.157 seconds
[2026-05-08T18:09:00.698+0100] {processor.py:161} INFO - Started process (PID=11510) to work on /home/najma/airflow-venv/lib/python3.12/site-packages/airflow/example_dags/example_complex.py
[2026-05-08T18:09:00.699+0100] {processor.py:830} INFO - Processing file /home/najma/airflow-venv/lib/python3.12/site-packages/airflow/example_dags/example_complex.py for tasks to queue
[2026-05-08T18:09:00.701+0100] {logging_mixin.py:188} INFO - [2026-05-08T18:09:00.700+0100] {dagbag.py:540} INFO - Filling up the DagBag from /home/najma/airflow-venv/lib/python3.12/site-packages/airflow/example_dags/example_complex.py
[2026-05-08T18:09:00.708+0100] {processor.py:840} INFO - DAG(s) 'example_complex' retrieved from /home/najma/airflow-venv/lib/python3.12/site-packages/airflow/example_dags/example_complex.py
[2026-05-08T18:09:00.744+0100] {logging_mixin.py:188} INFO - [2026-05-08T18:09:00.744+0100] {dag.py:3096} INFO - Sync 1 DAGs
[2026-05-08T18:09:00.757+0100] {logging_mixin.py:188} INFO - [2026-05-08T18:09:00.757+0100] {dag.py:3954} INFO - Setting next_dagrun for example_complex to None, run_after=None
[2026-05-08T18:09:00.834+0100] {processor.py:183} INFO - Processing /home/najma/airflow-venv/lib/python3.12/site-packages/airflow/example_dags/example_complex.py took 0.140 seconds
[2026-05-08T18:10:02.121+0100] {processor.py:161} INFO - Started process (PID=11566) to work on /home/najma/airflow-venv/lib/python3.12/site-packages/airflow/example_dags/example_complex.py
[2026-05-08T18:10:02.122+0100] {processor.py:830} INFO - Processing file /home/najma/airflow-venv/lib/python3.12/site-packages/airflow/example_dags/example_complex.py for tasks to queue
[2026-05-08T18:10:02.124+0100] {logging_mixin.py:188} INFO - [2026-05-08T18:10:02.124+0100] {dagbag.py:540} INFO - Filling up the DagBag from /home/najma/airflow-venv/lib/python3.12/site-packages/airflow/example_dags/example_complex.py
[2026-05-08T18:10:02.133+0100] {processor.py:840} INFO - DAG(s) 'example_complex' retrieved from /home/najma/airflow-venv/lib/python3.12/site-packages/airflow/example_dags/example_complex.py
[2026-05-08T18:10:02.170+0100] {logging_mixin.py:188} INFO - [2026-05-08T18:10:02.170+0100] {dag.py:3096} INFO - Sync 1 DAGs
[2026-05-08T18:10:02.184+0100] {logging_mixin.py:188} INFO - [2026-05-08T18:10:02.184+0100] {dag.py:3954} INFO - Setting next_dagrun for example_complex to None, run_after=None
[2026-05-08T18:10:02.262+0100] {processor.py:183} INFO - Processing /home/najma/airflow-venv/lib/python3.12/site-packages/airflow/example_dags/example_complex.py took 0.147 seconds
[2026-05-08T18:11:04.069+0100] {processor.py:161} INFO - Started process (PID=11620) to work on /home/najma/airflow-venv/lib/python3.12/site-packages/airflow/example_dags/example_complex.py
[2026-05-08T18:11:04.071+0100] {processor.py:830} INFO - Processing file /home/najma/airflow-venv/lib/python3.12/site-packages/airflow/example_dags/example_complex.py for tasks to queue
[2026-05-08T18:11:04.072+0100] {logging_mixin.py:188} INFO - [2026-05-08T18:11:04.072+0100] {dagbag.py:540} INFO - Filling up the DagBag from /home/najma/airflow-venv/lib/python3.12/site-packages/airflow/example_dags/example_complex.py
[2026-05-08T18:11:04.080+0100] {processor.py:840} INFO - DAG(s) 'example_complex' retrieved from /home/najma/airflow-venv/lib/python3.12/site-packages/airflow/example_dags/example_complex.py
[2026-05-08T18:11:04.112+0100] {logging_mixin.py:188} INFO - [2026-05-08T18:11:04.112+0100] {dag.py:3096} INFO - Sync 1 DAGs
[2026-05-08T18:11:04.125+0100] {logging_mixin.py:188} INFO - [2026-05-08T18:11:04.125+0100] {dag.py:3954} INFO - Setting next_dagrun for example_complex to None, run_after=None
[2026-05-08T18:11:04.196+0100] {processor.py:183} INFO - Processing /home/najma/airflow-venv/lib/python3.12/site-packages/airflow/example_dags/example_complex.py took 0.131 seconds
[2026-05-08T18:12:17.788+0100] {processor.py:161} INFO - Started process (PID=11678) to work on /home/najma/airflow-venv/lib/python3.12/site-packages/airflow/example_dags/example_complex.py
[2026-05-08T18:12:17.789+0100] {processor.py:830} INFO - Processing file /home/najma/airflow-venv/lib/python3.12/site-packages/airflow/example_dags/example_complex.py for tasks to queue
[2026-05-08T18:12:17.791+0100] {logging_mixin.py:188} INFO - [2026-05-08T18:12:17.790+0100] {dagbag.py:540} INFO - Filling up the DagBag from /home/najma/airflow-venv/lib/python3.12/site-packages/airflow/example_dags/example_complex.py
[2026-05-08T18:12:17.798+0100] {processor.py:840} INFO - DAG(s) 'example_complex' retrieved from /home/najma/airflow-venv/lib/python3.12/site-packages/airflow/example_dags/example_complex.py
[2026-05-08T18:12:17.834+0100] {logging_mixin.py:188} INFO - [2026-05-08T18:12:17.834+0100] {dag.py:3096} INFO - Sync 1 DAGs
[2026-05-08T18:12:17.848+0100] {logging_mixin.py:188} INFO - [2026-05-08T18:12:17.847+0100] {dag.py:3954} INFO - Setting next_dagrun for example_complex to None, run_after=None
[2026-05-08T18:12:17.945+0100] {processor.py:183} INFO - Processing /home/najma/airflow-venv/lib/python3.12/site-packages/airflow/example_dags/example_complex.py took 0.161 seconds
[2026-05-08T18:13:49.971+0100] {processor.py:161} INFO - Started process (PID=11746) to work on /home/najma/airflow-venv/lib/python3.12/site-packages/airflow/example_dags/example_complex.py
[2026-05-08T18:13:49.973+0100] {processor.py:830} INFO - Processing file /home/najma/airflow-venv/lib/python3.12/site-packages/airflow/example_dags/example_complex.py for tasks to queue
[2026-05-08T18:13:49.976+0100] {logging_mixin.py:188} INFO - [2026-05-08T18:13:49.975+0100] {dagbag.py:540} INFO - Filling up the DagBag from /home/najma/airflow-venv/lib/python3.12/site-packages/airflow/example_dags/example_complex.py
[2026-05-08T18:13:49.984+0100] {processor.py:840} INFO - DAG(s) 'example_complex' retrieved from /home/najma/airflow-venv/lib/python3.12/site-packages/airflow/example_dags/example_complex.py
[2026-05-08T18:13:50.023+0100] {logging_mixin.py:188} INFO - [2026-05-08T18:13:50.023+0100] {dag.py:3096} INFO - Sync 1 DAGs
[2026-05-08T18:13:50.038+0100] {logging_mixin.py:188} INFO - [2026-05-08T18:13:50.038+0100] {dag.py:3954} INFO - Setting next_dagrun for example_complex to None, run_after=None
[2026-05-08T18:13:50.129+0100] {processor.py:183} INFO - Processing /home/najma/airflow-venv/lib/python3.12/site-packages/airflow/example_dags/example_complex.py took 0.162 seconds
[2026-05-08T18:15:02.874+0100] {processor.py:161} INFO - Started process (PID=11815) to work on /home/najma/airflow-venv/lib/python3.12/site-packages/airflow/example_dags/example_complex.py
[2026-05-08T18:15:02.875+0100] {processor.py:830} INFO - Processing file /home/najma/airflow-venv/lib/python3.12/site-packages/airflow/example_dags/example_complex.py for tasks to queue
[2026-05-08T18:15:02.877+0100] {logging_mixin.py:188} INFO - [2026-05-08T18:15:02.876+0100] {dagbag.py:540} INFO - Filling up the DagBag from /home/najma/airflow-venv/lib/python3.12/site-packages/airflow/example_dags/example_complex.py
[2026-05-08T18:15:02.884+0100] {processor.py:840} INFO - DAG(s) 'example_complex' retrieved from /home/najma/airflow-venv/lib/python3.12/site-packages/airflow/example_dags/example_complex.py
[2026-05-08T18:15:02.922+0100] {logging_mixin.py:188} INFO - [2026-05-08T18:15:02.921+0100] {dag.py:3096} INFO - Sync 1 DAGs
[2026-05-08T18:15:02.936+0100] {logging_mixin.py:188} INFO - [2026-05-08T18:15:02.936+0100] {dag.py:3954} INFO - Setting next_dagrun for example_complex to None, run_after=None
[2026-05-08T18:15:03.039+0100] {processor.py:183} INFO - Processing /home/najma/airflow-venv/lib/python3.12/site-packages/airflow/example_dags/example_complex.py took 0.169 seconds
[2026-05-08T18:16:16.657+0100] {processor.py:161} INFO - Started process (PID=11874) to work on /home/najma/airflow-venv/lib/python3.12/site-packages/airflow/example_dags/example_complex.py
[2026-05-08T18:16:16.658+0100] {processor.py:830} INFO - Processing file /home/najma/airflow-venv/lib/python3.12/site-packages/airflow/example_dags/example_complex.py for tasks to queue
[2026-05-08T18:16:16.660+0100] {logging_mixin.py:188} INFO - [2026-05-08T18:16:16.659+0100] {dagbag.py:540} INFO - Filling up the DagBag from /home/najma/airflow-venv/lib/python3.12/site-packages/airflow/example_dags/example_complex.py
[2026-05-08T18:16:16.671+0100] {processor.py:840} INFO - DAG(s) 'example_complex' retrieved from /home/najma/airflow-venv/lib/python3.12/site-packages/airflow/example_dags/example_complex.py
[2026-05-08T18:16:16.711+0100] {logging_mixin.py:188} INFO - [2026-05-08T18:16:16.711+0100] {dag.py:3096} INFO - Sync 1 DAGs
[2026-05-08T18:16:16.729+0100] {logging_mixin.py:188} INFO - [2026-05-08T18:16:16.728+0100] {dag.py:3954} INFO - Setting next_dagrun for example_complex to None, run_after=None
[2026-05-08T18:16:16.855+0100] {processor.py:183} INFO - Processing /home/najma/airflow-venv/lib/python3.12/site-packages/airflow/example_dags/example_complex.py took 0.203 seconds
[2026-05-08T18:17:27.014+0100] {processor.py:161} INFO - Started process (PID=11934) to work on /home/najma/airflow-venv/lib/python3.12/site-packages/airflow/example_dags/example_complex.py
[2026-05-08T18:17:27.015+0100] {processor.py:830} INFO - Processing file /home/najma/airflow-venv/lib/python3.12/site-packages/airflow/example_dags/example_complex.py for tasks to queue
[2026-05-08T18:17:27.017+0100] {logging_mixin.py:188} INFO - [2026-05-08T18:17:27.017+0100] {dagbag.py:540} INFO - Filling up the DagBag from /home/najma/airflow-venv/lib/python3.12/site-packages/airflow/example_dags/example_complex.py
[2026-05-08T18:17:27.031+0100] {processor.py:840} INFO - DAG(s) 'example_complex' retrieved from /home/najma/airflow-venv/lib/python3.12/site-packages/airflow/example_dags/example_complex.py
[2026-05-08T18:17:27.068+0100] {logging_mixin.py:188} INFO - [2026-05-08T18:17:27.068+0100] {dag.py:3096} INFO - Sync 1 DAGs
[2026-05-08T18:17:27.084+0100] {logging_mixin.py:188} INFO - [2026-05-08T18:17:27.084+0100] {dag.py:3954} INFO - Setting next_dagrun for example_complex to None, run_after=None
[2026-05-08T18:17:27.180+0100] {processor.py:183} INFO - Processing /home/najma/airflow-venv/lib/python3.12/site-packages/airflow/example_dags/example_complex.py took 0.170 seconds
[2026-05-08T18:18:42.090+0100] {processor.py:161} INFO - Started process (PID=11993) to work on /home/najma/airflow-venv/lib/python3.12/site-packages/airflow/example_dags/example_complex.py
[2026-05-08T18:18:42.091+0100] {processor.py:830} INFO - Processing file /home/najma/airflow-venv/lib/python3.12/site-packages/airflow/example_dags/example_complex.py for tasks to queue
[2026-05-08T18:18:42.093+0100] {logging_mixin.py:188} INFO - [2026-05-08T18:18:42.093+0100] {dagbag.py:540} INFO - Filling up the DagBag from /home/najma/airflow-venv/lib/python3.12/site-packages/airflow/example_dags/example_complex.py
[2026-05-08T18:18:42.107+0100] {processor.py:840} INFO - DAG(s) 'example_complex' retrieved from /home/najma/airflow-venv/lib/python3.12/site-packages/airflow/example_dags/example_complex.py
[2026-05-08T18:18:42.167+0100] {logging_mixin.py:188} INFO - [2026-05-08T18:18:42.167+0100] {dag.py:3096} INFO - Sync 1 DAGs
[2026-05-08T18:18:42.179+0100] {logging_mixin.py:188} INFO - [2026-05-08T18:18:42.179+0100] {dag.py:3954} INFO - Setting next_dagrun for example_complex to None, run_after=None
[2026-05-08T18:18:42.287+0100] {processor.py:183} INFO - Processing /home/najma/airflow-venv/lib/python3.12/site-packages/airflow/example_dags/example_complex.py took 0.202 seconds
[2026-05-08T18:19:48.746+0100] {processor.py:161} INFO - Started process (PID=12049) to work on /home/najma/airflow-venv/lib/python3.12/site-packages/airflow/example_dags/example_complex.py
[2026-05-08T18:19:48.747+0100] {processor.py:830} INFO - Processing file /home/najma/airflow-venv/lib/python3.12/site-packages/airflow/example_dags/example_complex.py for tasks to queue
[2026-05-08T18:19:48.749+0100] {logging_mixin.py:188} INFO - [2026-05-08T18:19:48.749+0100] {dagbag.py:540} INFO - Filling up the DagBag from /home/najma/airflow-venv/lib/python3.12/site-packages/airflow/example_dags/example_complex.py
[2026-05-08T18:19:48.757+0100] {processor.py:840} INFO - DAG(s) 'example_complex' retrieved from /home/najma/airflow-venv/lib/python3.12/site-packages/airflow/example_dags/example_complex.py
[2026-05-08T18:19:48.792+0100] {logging_mixin.py:188} INFO - [2026-05-08T18:19:48.791+0100] {dag.py:3096} INFO - Sync 1 DAGs
[2026-05-08T18:19:48.805+0100] {logging_mixin.py:188} INFO - [2026-05-08T18:19:48.805+0100] {dag.py:3954} INFO - Setting next_dagrun for example_complex to None, run_after=None
[2026-05-08T18:19:48.898+0100] {processor.py:183} INFO - Processing /home/najma/airflow-venv/lib/python3.12/site-packages/airflow/example_dags/example_complex.py took 0.156 seconds
[2026-05-08T18:20:56.606+0100] {processor.py:161} INFO - Started process (PID=12105) to work on /home/najma/airflow-venv/lib/python3.12/site-packages/airflow/example_dags/example_complex.py
[2026-05-08T18:20:56.608+0100] {processor.py:830} INFO - Processing file /home/najma/airflow-venv/lib/python3.12/site-packages/airflow/example_dags/example_complex.py for tasks to queue
[2026-05-08T18:20:56.610+0100] {logging_mixin.py:188} INFO - [2026-05-08T18:20:56.609+0100] {dagbag.py:540} INFO - Filling up the DagBag from /home/najma/airflow-venv/lib/python3.12/site-packages/airflow/example_dags/example_complex.py
[2026-05-08T18:20:56.618+0100] {processor.py:840} INFO - DAG(s) 'example_complex' retrieved from /home/najma/airflow-venv/lib/python3.12/site-packages/airflow/example_dags/example_complex.py
[2026-05-08T18:20:56.655+0100] {logging_mixin.py:188} INFO - [2026-05-08T18:20:56.655+0100] {dag.py:3096} INFO - Sync 1 DAGs
[2026-05-08T18:20:56.669+0100] {logging_mixin.py:188} INFO - [2026-05-08T18:20:56.669+0100] {dag.py:3954} INFO - Setting next_dagrun for example_complex to None, run_after=None
[2026-05-08T18:20:56.759+0100] {processor.py:183} INFO - Processing /home/najma/airflow-venv/lib/python3.12/site-packages/airflow/example_dags/example_complex.py took 0.156 seconds
[2026-05-08T18:22:11.131+0100] {processor.py:161} INFO - Started process (PID=12165) to work on /home/najma/airflow-venv/lib/python3.12/site-packages/airflow/example_dags/example_complex.py
[2026-05-08T18:22:11.132+0100] {processor.py:830} INFO - Processing file /home/najma/airflow-venv/lib/python3.12/site-packages/airflow/example_dags/example_complex.py for tasks to queue
[2026-05-08T18:22:11.134+0100] {logging_mixin.py:188} INFO - [2026-05-08T18:22:11.134+0100] {dagbag.py:540} INFO - Filling up the DagBag from /home/najma/airflow-venv/lib/python3.12/site-packages/airflow/example_dags/example_complex.py
[2026-05-08T18:22:11.144+0100] {processor.py:840} INFO - DAG(s) 'example_complex' retrieved from /home/najma/airflow-venv/lib/python3.12/site-packages/airflow/example_dags/example_complex.py
[2026-05-08T18:22:11.185+0100] {logging_mixin.py:188} INFO - [2026-05-08T18:22:11.185+0100] {dag.py:3096} INFO - Sync 1 DAGs
[2026-05-08T18:22:11.198+0100] {logging_mixin.py:188} INFO - [2026-05-08T18:22:11.198+0100] {dag.py:3954} INFO - Setting next_dagrun for example_complex to None, run_after=None
[2026-05-08T18:22:11.281+0100] {processor.py:183} INFO - Processing /home/najma/airflow-venv/lib/python3.12/site-packages/airflow/example_dags/example_complex.py took 0.155 seconds
[2026-05-08T18:23:21.300+0100] {processor.py:161} INFO - Started process (PID=12222) to work on /home/najma/airflow-venv/lib/python3.12/site-packages/airflow/example_dags/example_complex.py
[2026-05-08T18:23:21.301+0100] {processor.py:830} INFO - Processing file /home/najma/airflow-venv/lib/python3.12/site-packages/airflow/example_dags/example_complex.py for tasks to queue
[2026-05-08T18:23:21.303+0100] {logging_mixin.py:188} INFO - [2026-05-08T18:23:21.302+0100] {dagbag.py:540} INFO - Filling up the DagBag from /home/najma/airflow-venv/lib/python3.12/site-packages/airflow/example_dags/example_complex.py
[2026-05-08T18:23:21.315+0100] {processor.py:840} INFO - DAG(s) 'example_complex' retrieved from /home/najma/airflow-venv/lib/python3.12/site-packages/airflow/example_dags/example_complex.py
[2026-05-08T18:23:21.354+0100] {logging_mixin.py:188} INFO - [2026-05-08T18:23:21.354+0100] {dag.py:3096} INFO - Sync 1 DAGs
[2026-05-08T18:23:21.371+0100] {logging_mixin.py:188} INFO - [2026-05-08T18:23:21.371+0100] {dag.py:3954} INFO - Setting next_dagrun for example_complex to None, run_after=None
[2026-05-08T18:23:21.650+0100] {processor.py:183} INFO - Processing /home/najma/airflow-venv/lib/python3.12/site-packages/airflow/example_dags/example_complex.py took 0.354 seconds
[2026-05-08T18:24:17.795+0100] {processor.py:161} INFO - Started process (PID=12271) to work on /home/najma/airflow-venv/lib/python3.12/site-packages/airflow/example_dags/example_complex.py
[2026-05-08T18:24:17.797+0100] {processor.py:830} INFO - Processing file /home/najma/airflow-venv/lib/python3.12/site-packages/airflow/example_dags/example_complex.py for tasks to queue
[2026-05-08T18:24:17.799+0100] {logging_mixin.py:188} INFO - [2026-05-08T18:24:17.799+0100] {dagbag.py:540} INFO - Filling up the DagBag from /home/najma/airflow-venv/lib/python3.12/site-packages/airflow/example_dags/example_complex.py
[2026-05-08T18:24:17.806+0100] {processor.py:840} INFO - DAG(s) 'example_complex' retrieved from /home/najma/airflow-venv/lib/python3.12/site-packages/airflow/example_dags/example_complex.py
[2026-05-08T18:24:17.885+0100] {logging_mixin.py:188} INFO - [2026-05-08T18:24:17.885+0100] {dag.py:3096} INFO - Sync 1 DAGs
[2026-05-08T18:24:17.906+0100] {logging_mixin.py:188} INFO - [2026-05-08T18:24:17.905+0100] {dag.py:3954} INFO - Setting next_dagrun for example_complex to None, run_after=None
[2026-05-08T18:24:18.097+0100] {processor.py:183} INFO - Processing /home/najma/airflow-venv/lib/python3.12/site-packages/airflow/example_dags/example_complex.py took 0.306 seconds
[2026-05-08T18:25:41.562+0100] {processor.py:161} INFO - Started process (PID=12348) to work on /home/najma/airflow-venv/lib/python3.12/site-packages/airflow/example_dags/example_complex.py
[2026-05-08T18:25:41.564+0100] {processor.py:830} INFO - Processing file /home/najma/airflow-venv/lib/python3.12/site-packages/airflow/example_dags/example_complex.py for tasks to queue
[2026-05-08T18:25:41.566+0100] {logging_mixin.py:188} INFO - [2026-05-08T18:25:41.565+0100] {dagbag.py:540} INFO - Filling up the DagBag from /home/najma/airflow-venv/lib/python3.12/site-packages/airflow/example_dags/example_complex.py
[2026-05-08T18:25:41.574+0100] {processor.py:840} INFO - DAG(s) 'example_complex' retrieved from /home/najma/airflow-venv/lib/python3.12/site-packages/airflow/example_dags/example_complex.py
[2026-05-08T18:25:41.613+0100] {logging_mixin.py:188} INFO - [2026-05-08T18:25:41.613+0100] {dag.py:3096} INFO - Sync 1 DAGs
[2026-05-08T18:25:41.628+0100] {logging_mixin.py:188} INFO - [2026-05-08T18:25:41.628+0100] {dag.py:3954} INFO - Setting next_dagrun for example_complex to None, run_after=None
[2026-05-08T18:25:41.710+0100] {processor.py:183} INFO - Processing /home/najma/airflow-venv/lib/python3.12/site-packages/airflow/example_dags/example_complex.py took 0.151 seconds
[2026-05-08T18:26:56.827+0100] {processor.py:161} INFO - Started process (PID=12412) to work on /home/najma/airflow-venv/lib/python3.12/site-packages/airflow/example_dags/example_complex.py
[2026-05-08T18:26:56.828+0100] {processor.py:830} INFO - Processing file /home/najma/airflow-venv/lib/python3.12/site-packages/airflow/example_dags/example_complex.py for tasks to queue
[2026-05-08T18:26:56.830+0100] {logging_mixin.py:188} INFO - [2026-05-08T18:26:56.830+0100] {dagbag.py:540} INFO - Filling up the DagBag from /home/najma/airflow-venv/lib/python3.12/site-packages/airflow/example_dags/example_complex.py
[2026-05-08T18:26:56.841+0100] {processor.py:840} INFO - DAG(s) 'example_complex' retrieved from /home/najma/airflow-venv/lib/python3.12/site-packages/airflow/example_dags/example_complex.py
[2026-05-08T18:26:56.880+0100] {logging_mixin.py:188} INFO - [2026-05-08T18:26:56.879+0100] {dag.py:3096} INFO - Sync 1 DAGs
[2026-05-08T18:26:56.896+0100] {logging_mixin.py:188} INFO - [2026-05-08T18:26:56.896+0100] {dag.py:3954} INFO - Setting next_dagrun for example_complex to None, run_after=None
[2026-05-08T18:26:57.041+0100] {processor.py:183} INFO - Processing /home/najma/airflow-venv/lib/python3.12/site-packages/airflow/example_dags/example_complex.py took 0.218 seconds
[2026-05-08T18:28:19.895+0100] {processor.py:161} INFO - Started process (PID=12476) to work on /home/najma/airflow-venv/lib/python3.12/site-packages/airflow/example_dags/example_complex.py
[2026-05-08T18:28:19.897+0100] {processor.py:830} INFO - Processing file /home/najma/airflow-venv/lib/python3.12/site-packages/airflow/example_dags/example_complex.py for tasks to queue
[2026-05-08T18:28:19.898+0100] {logging_mixin.py:188} INFO - [2026-05-08T18:28:19.898+0100] {dagbag.py:540} INFO - Filling up the DagBag from /home/najma/airflow-venv/lib/python3.12/site-packages/airflow/example_dags/example_complex.py
[2026-05-08T18:28:19.907+0100] {processor.py:840} INFO - DAG(s) 'example_complex' retrieved from /home/najma/airflow-venv/lib/python3.12/site-packages/airflow/example_dags/example_complex.py
[2026-05-08T18:28:19.942+0100] {logging_mixin.py:188} INFO - [2026-05-08T18:28:19.942+0100] {dag.py:3096} INFO - Sync 1 DAGs
[2026-05-08T18:28:19.955+0100] {logging_mixin.py:188} INFO - [2026-05-08T18:28:19.955+0100] {dag.py:3954} INFO - Setting next_dagrun for example_complex to None, run_after=None
[2026-05-08T18:28:20.032+0100] {processor.py:183} INFO - Processing /home/najma/airflow-venv/lib/python3.12/site-packages/airflow/example_dags/example_complex.py took 0.141 seconds
[2026-05-08T18:29:34.814+0100] {processor.py:161} INFO - Started process (PID=12535) to work on /home/najma/airflow-venv/lib/python3.12/site-packages/airflow/example_dags/example_complex.py
[2026-05-08T18:29:34.815+0100] {processor.py:830} INFO - Processing file /home/najma/airflow-venv/lib/python3.12/site-packages/airflow/example_dags/example_complex.py for tasks to queue
[2026-05-08T18:29:34.818+0100] {logging_mixin.py:188} INFO - [2026-05-08T18:29:34.817+0100] {dagbag.py:540} INFO - Filling up the DagBag from /home/najma/airflow-venv/lib/python3.12/site-packages/airflow/example_dags/example_complex.py
[2026-05-08T18:29:34.825+0100] {processor.py:840} INFO - DAG(s) 'example_complex' retrieved from /home/najma/airflow-venv/lib/python3.12/site-packages/airflow/example_dags/example_complex.py
[2026-05-08T18:29:34.863+0100] {logging_mixin.py:188} INFO - [2026-05-08T18:29:34.863+0100] {dag.py:3096} INFO - Sync 1 DAGs
[2026-05-08T18:29:34.878+0100] {logging_mixin.py:188} INFO - [2026-05-08T18:29:34.878+0100] {dag.py:3954} INFO - Setting next_dagrun for example_complex to None, run_after=None
[2026-05-08T18:29:34.960+0100] {processor.py:183} INFO - Processing /home/najma/airflow-venv/lib/python3.12/site-packages/airflow/example_dags/example_complex.py took 0.150 seconds
[2026-05-08T18:30:52.685+0100] {processor.py:161} INFO - Started process (PID=12596) to work on /home/najma/airflow-venv/lib/python3.12/site-packages/airflow/example_dags/example_complex.py
[2026-05-08T18:30:52.686+0100] {processor.py:830} INFO - Processing file /home/najma/airflow-venv/lib/python3.12/site-packages/airflow/example_dags/example_complex.py for tasks to queue
[2026-05-08T18:30:52.689+0100] {logging_mixin.py:188} INFO - [2026-05-08T18:30:52.688+0100] {dagbag.py:540} INFO - Filling up the DagBag from /home/najma/airflow-venv/lib/python3.12/site-packages/airflow/example_dags/example_complex.py
[2026-05-08T18:30:52.696+0100] {processor.py:840} INFO - DAG(s) 'example_complex' retrieved from /home/najma/airflow-venv/lib/python3.12/site-packages/airflow/example_dags/example_complex.py
[2026-05-08T18:30:52.739+0100] {logging_mixin.py:188} INFO - [2026-05-08T18:30:52.739+0100] {dag.py:3096} INFO - Sync 1 DAGs
[2026-05-08T18:30:52.754+0100] {logging_mixin.py:188} INFO - [2026-05-08T18:30:52.754+0100] {dag.py:3954} INFO - Setting next_dagrun for example_complex to None, run_after=None
[2026-05-08T18:30:52.844+0100] {processor.py:183} INFO - Processing /home/najma/airflow-venv/lib/python3.12/site-packages/airflow/example_dags/example_complex.py took 0.163 seconds
[2026-05-08T18:32:11.317+0100] {processor.py:161} INFO - Started process (PID=12656) to work on /home/najma/airflow-venv/lib/python3.12/site-packages/airflow/example_dags/example_complex.py
[2026-05-08T18:32:11.319+0100] {processor.py:830} INFO - Processing file /home/najma/airflow-venv/lib/python3.12/site-packages/airflow/example_dags/example_complex.py for tasks to queue
[2026-05-08T18:32:11.321+0100] {logging_mixin.py:188} INFO - [2026-05-08T18:32:11.320+0100] {dagbag.py:540} INFO - Filling up the DagBag from /home/najma/airflow-venv/lib/python3.12/site-packages/airflow/example_dags/example_complex.py
[2026-05-08T18:32:11.330+0100] {processor.py:840} INFO - DAG(s) 'example_complex' retrieved from /home/najma/airflow-venv/lib/python3.12/site-packages/airflow/example_dags/example_complex.py
[2026-05-08T18:32:11.372+0100] {logging_mixin.py:188} INFO - [2026-05-08T18:32:11.372+0100] {dag.py:3096} INFO - Sync 1 DAGs
[2026-05-08T18:32:11.385+0100] {logging_mixin.py:188} INFO - [2026-05-08T18:32:11.384+0100] {dag.py:3954} INFO - Setting next_dagrun for example_complex to None, run_after=None
[2026-05-08T18:32:11.462+0100] {processor.py:183} INFO - Processing /home/najma/airflow-venv/lib/python3.12/site-packages/airflow/example_dags/example_complex.py took 0.149 seconds
[2026-05-08T18:33:28.955+0100] {processor.py:161} INFO - Started process (PID=12716) to work on /home/najma/airflow-venv/lib/python3.12/site-packages/airflow/example_dags/example_complex.py
[2026-05-08T18:33:28.958+0100] {processor.py:830} INFO - Processing file /home/najma/airflow-venv/lib/python3.12/site-packages/airflow/example_dags/example_complex.py for tasks to queue
[2026-05-08T18:33:28.960+0100] {logging_mixin.py:188} INFO - [2026-05-08T18:33:28.960+0100] {dagbag.py:540} INFO - Filling up the DagBag from /home/najma/airflow-venv/lib/python3.12/site-packages/airflow/example_dags/example_complex.py
[2026-05-08T18:33:28.973+0100] {processor.py:840} INFO - DAG(s) 'example_complex' retrieved from /home/najma/airflow-venv/lib/python3.12/site-packages/airflow/example_dags/example_complex.py
[2026-05-08T18:33:29.023+0100] {logging_mixin.py:188} INFO - [2026-05-08T18:33:29.023+0100] {dag.py:3096} INFO - Sync 1 DAGs
[2026-05-08T18:33:29.043+0100] {logging_mixin.py:188} INFO - [2026-05-08T18:33:29.042+0100] {dag.py:3954} INFO - Setting next_dagrun for example_complex to None, run_after=None
[2026-05-08T18:33:29.149+0100] {processor.py:183} INFO - Processing /home/najma/airflow-venv/lib/python3.12/site-packages/airflow/example_dags/example_complex.py took 0.197 seconds
[2026-05-08T18:34:28.094+0100] {processor.py:161} INFO - Started process (PID=12768) to work on /home/najma/airflow-venv/lib/python3.12/site-packages/airflow/example_dags/example_complex.py
[2026-05-08T18:34:28.095+0100] {processor.py:830} INFO - Processing file /home/najma/airflow-venv/lib/python3.12/site-packages/airflow/example_dags/example_complex.py for tasks to queue
[2026-05-08T18:34:28.097+0100] {logging_mixin.py:188} INFO - [2026-05-08T18:34:28.096+0100] {dagbag.py:540} INFO - Filling up the DagBag from /home/najma/airflow-venv/lib/python3.12/site-packages/airflow/example_dags/example_complex.py
[2026-05-08T18:34:28.105+0100] {processor.py:840} INFO - DAG(s) 'example_complex' retrieved from /home/najma/airflow-venv/lib/python3.12/site-packages/airflow/example_dags/example_complex.py
[2026-05-08T18:34:28.149+0100] {logging_mixin.py:188} INFO - [2026-05-08T18:34:28.148+0100] {dag.py:3096} INFO - Sync 1 DAGs
[2026-05-08T18:34:28.163+0100] {logging_mixin.py:188} INFO - [2026-05-08T18:34:28.163+0100] {dag.py:3954} INFO - Setting next_dagrun for example_complex to None, run_after=None
[2026-05-08T18:34:28.243+0100] {processor.py:183} INFO - Processing /home/najma/airflow-venv/lib/python3.12/site-packages/airflow/example_dags/example_complex.py took 0.154 seconds
[2026-05-08T18:35:38.334+0100] {processor.py:161} INFO - Started process (PID=12847) to work on /home/najma/airflow-venv/lib/python3.12/site-packages/airflow/example_dags/example_complex.py
[2026-05-08T18:35:38.336+0100] {processor.py:830} INFO - Processing file /home/najma/airflow-venv/lib/python3.12/site-packages/airflow/example_dags/example_complex.py for tasks to queue
[2026-05-08T18:35:38.339+0100] {logging_mixin.py:188} INFO - [2026-05-08T18:35:38.339+0100] {dagbag.py:540} INFO - Filling up the DagBag from /home/najma/airflow-venv/lib/python3.12/site-packages/airflow/example_dags/example_complex.py
[2026-05-08T18:35:38.347+0100] {processor.py:840} INFO - DAG(s) 'example_complex' retrieved from /home/najma/airflow-venv/lib/python3.12/site-packages/airflow/example_dags/example_complex.py
[2026-05-08T18:35:38.410+0100] {logging_mixin.py:188} INFO - [2026-05-08T18:35:38.409+0100] {dag.py:3096} INFO - Sync 1 DAGs
[2026-05-08T18:35:38.429+0100] {logging_mixin.py:188} INFO - [2026-05-08T18:35:38.429+0100] {dag.py:3954} INFO - Setting next_dagrun for example_complex to None, run_after=None
[2026-05-08T18:35:38.598+0100] {processor.py:183} INFO - Processing /home/najma/airflow-venv/lib/python3.12/site-packages/airflow/example_dags/example_complex.py took 0.269 seconds
[2026-05-08T18:36:52.214+0100] {processor.py:161} INFO - Started process (PID=12906) to work on /home/najma/airflow-venv/lib/python3.12/site-packages/airflow/example_dags/example_complex.py
[2026-05-08T18:36:52.219+0100] {processor.py:830} INFO - Processing file /home/najma/airflow-venv/lib/python3.12/site-packages/airflow/example_dags/example_complex.py for tasks to queue
[2026-05-08T18:36:52.220+0100] {logging_mixin.py:188} INFO - [2026-05-08T18:36:52.220+0100] {dagbag.py:540} INFO - Filling up the DagBag from /home/najma/airflow-venv/lib/python3.12/site-packages/airflow/example_dags/example_complex.py
[2026-05-08T18:36:52.228+0100] {processor.py:840} INFO - DAG(s) 'example_complex' retrieved from /home/najma/airflow-venv/lib/python3.12/site-packages/airflow/example_dags/example_complex.py
[2026-05-08T18:36:52.265+0100] {logging_mixin.py:188} INFO - [2026-05-08T18:36:52.265+0100] {dag.py:3096} INFO - Sync 1 DAGs
[2026-05-08T18:36:52.280+0100] {logging_mixin.py:188} INFO - [2026-05-08T18:36:52.280+0100] {dag.py:3954} INFO - Setting next_dagrun for example_complex to None, run_after=None
[2026-05-08T18:36:52.370+0100] {processor.py:183} INFO - Processing /home/najma/airflow-venv/lib/python3.12/site-packages/airflow/example_dags/example_complex.py took 0.159 seconds
[2026-05-08T18:38:15.807+0100] {processor.py:161} INFO - Started process (PID=12970) to work on /home/najma/airflow-venv/lib/python3.12/site-packages/airflow/example_dags/example_complex.py
[2026-05-08T18:38:15.809+0100] {processor.py:830} INFO - Processing file /home/najma/airflow-venv/lib/python3.12/site-packages/airflow/example_dags/example_complex.py for tasks to queue
[2026-05-08T18:38:15.811+0100] {logging_mixin.py:188} INFO - [2026-05-08T18:38:15.810+0100] {dagbag.py:540} INFO - Filling up the DagBag from /home/najma/airflow-venv/lib/python3.12/site-packages/airflow/example_dags/example_complex.py
[2026-05-08T18:38:15.819+0100] {processor.py:840} INFO - DAG(s) 'example_complex' retrieved from /home/najma/airflow-venv/lib/python3.12/site-packages/airflow/example_dags/example_complex.py
[2026-05-08T18:38:15.860+0100] {logging_mixin.py:188} INFO - [2026-05-08T18:38:15.860+0100] {dag.py:3096} INFO - Sync 1 DAGs
[2026-05-08T18:38:15.875+0100] {logging_mixin.py:188} INFO - [2026-05-08T18:38:15.874+0100] {dag.py:3954} INFO - Setting next_dagrun for example_complex to None, run_after=None
[2026-05-08T18:38:15.982+0100] {processor.py:183} INFO - Processing /home/najma/airflow-venv/lib/python3.12/site-packages/airflow/example_dags/example_complex.py took 0.178 seconds
[2026-05-08T18:39:29.165+0100] {processor.py:161} INFO - Started process (PID=13034) to work on /home/najma/airflow-venv/lib/python3.12/site-packages/airflow/example_dags/example_complex.py
[2026-05-08T18:39:29.178+0100] {processor.py:830} INFO - Processing file /home/najma/airflow-venv/lib/python3.12/site-packages/airflow/example_dags/example_complex.py for tasks to queue
[2026-05-08T18:39:29.179+0100] {logging_mixin.py:188} INFO - [2026-05-08T18:39:29.179+0100] {dagbag.py:540} INFO - Filling up the DagBag from /home/najma/airflow-venv/lib/python3.12/site-packages/airflow/example_dags/example_complex.py
[2026-05-08T18:39:29.187+0100] {processor.py:840} INFO - DAG(s) 'example_complex' retrieved from /home/najma/airflow-venv/lib/python3.12/site-packages/airflow/example_dags/example_complex.py
[2026-05-08T18:39:29.226+0100] {logging_mixin.py:188} INFO - [2026-05-08T18:39:29.226+0100] {dag.py:3096} INFO - Sync 1 DAGs
[2026-05-08T18:39:29.240+0100] {logging_mixin.py:188} INFO - [2026-05-08T18:39:29.240+0100] {dag.py:3954} INFO - Setting next_dagrun for example_complex to None, run_after=None
[2026-05-08T18:39:29.320+0100] {processor.py:183} INFO - Processing /home/najma/airflow-venv/lib/python3.12/site-packages/airflow/example_dags/example_complex.py took 0.159 seconds
