[2026-05-08T16:42:47.261+0100] {processor.py:161} INFO - Started process (PID=9514) to work on /home/najma/airflow-venv/lib/python3.12/site-packages/airflow/example_dags/example_short_circuit_operator.py
[2026-05-08T16:42:47.262+0100] {processor.py:830} INFO - Processing file /home/najma/airflow-venv/lib/python3.12/site-packages/airflow/example_dags/example_short_circuit_operator.py for tasks to queue
[2026-05-08T16:42:47.264+0100] {logging_mixin.py:188} INFO - [2026-05-08T16:42:47.264+0100] {dagbag.py:540} INFO - Filling up the DagBag from /home/najma/airflow-venv/lib/python3.12/site-packages/airflow/example_dags/example_short_circuit_operator.py
[2026-05-08T16:42:47.277+0100] {processor.py:840} INFO - DAG(s) 'example_short_circuit_operator' retrieved from /home/najma/airflow-venv/lib/python3.12/site-packages/airflow/example_dags/example_short_circuit_operator.py
[2026-05-08T16:42:47.460+0100] {logging_mixin.py:188} INFO - [2026-05-08T16:42:47.459+0100] {override.py:1829} INFO - Created Permission View: can read on DAG:example_short_circuit_operator
[2026-05-08T16:42:47.508+0100] {logging_mixin.py:188} INFO - [2026-05-08T16:42:47.508+0100] {override.py:1829} INFO - Created Permission View: can edit on DAG:example_short_circuit_operator
[2026-05-08T16:42:47.554+0100] {logging_mixin.py:188} INFO - [2026-05-08T16:42:47.553+0100] {override.py:1829} INFO - Created Permission View: can delete on DAG:example_short_circuit_operator
[2026-05-08T16:42:47.554+0100] {logging_mixin.py:188} INFO - [2026-05-08T16:42:47.554+0100] {dag.py:3096} INFO - Sync 1 DAGs
[2026-05-08T16:42:47.571+0100] {logging_mixin.py:188} INFO - [2026-05-08T16:42:47.571+0100] {dag.py:3118} INFO - Creating ORM DAG for example_short_circuit_operator
[2026-05-08T16:42:47.584+0100] {logging_mixin.py:188} INFO - [2026-05-08T16:42:47.584+0100] {dag.py:3954} INFO - Setting next_dagrun for example_short_circuit_operator to 2026-05-07 00:00:00+00:00, run_after=2026-05-08 00:00:00+00:00
[2026-05-08T16:42:47.697+0100] {processor.py:183} INFO - Processing /home/najma/airflow-venv/lib/python3.12/site-packages/airflow/example_dags/example_short_circuit_operator.py took 0.441 seconds
[2026-05-08T16:44:03.683+0100] {processor.py:161} INFO - Started process (PID=9595) to work on /home/najma/airflow-venv/lib/python3.12/site-packages/airflow/example_dags/example_short_circuit_operator.py
[2026-05-08T16:44:03.684+0100] {processor.py:830} INFO - Processing file /home/najma/airflow-venv/lib/python3.12/site-packages/airflow/example_dags/example_short_circuit_operator.py for tasks to queue
[2026-05-08T16:44:03.685+0100] {logging_mixin.py:188} INFO - [2026-05-08T16:44:03.685+0100] {dagbag.py:540} INFO - Filling up the DagBag from /home/najma/airflow-venv/lib/python3.12/site-packages/airflow/example_dags/example_short_circuit_operator.py
[2026-05-08T16:44:03.691+0100] {processor.py:840} INFO - DAG(s) 'example_short_circuit_operator' retrieved from /home/najma/airflow-venv/lib/python3.12/site-packages/airflow/example_dags/example_short_circuit_operator.py
[2026-05-08T16:44:03.718+0100] {logging_mixin.py:188} INFO - [2026-05-08T16:44:03.717+0100] {dag.py:3096} INFO - Sync 1 DAGs
[2026-05-08T16:44:03.744+0100] {logging_mixin.py:188} INFO - [2026-05-08T16:44:03.743+0100] {dag.py:3954} INFO - Setting next_dagrun for example_short_circuit_operator to 2026-05-07 00:00:00+00:00, run_after=2026-05-08 00:00:00+00:00
[2026-05-08T16:44:03.861+0100] {processor.py:183} INFO - Processing /home/najma/airflow-venv/lib/python3.12/site-packages/airflow/example_dags/example_short_circuit_operator.py took 0.181 seconds
[2026-05-08T16:45:23.126+0100] {processor.py:161} INFO - Started process (PID=9670) to work on /home/najma/airflow-venv/lib/python3.12/site-packages/airflow/example_dags/example_short_circuit_operator.py
[2026-05-08T16:45:23.128+0100] {processor.py:830} INFO - Processing file /home/najma/airflow-venv/lib/python3.12/site-packages/airflow/example_dags/example_short_circuit_operator.py for tasks to queue
[2026-05-08T16:45:23.129+0100] {logging_mixin.py:188} INFO - [2026-05-08T16:45:23.129+0100] {dagbag.py:540} INFO - Filling up the DagBag from /home/najma/airflow-venv/lib/python3.12/site-packages/airflow/example_dags/example_short_circuit_operator.py
[2026-05-08T16:45:23.142+0100] {processor.py:840} INFO - DAG(s) 'example_short_circuit_operator' retrieved from /home/najma/airflow-venv/lib/python3.12/site-packages/airflow/example_dags/example_short_circuit_operator.py
[2026-05-08T16:45:23.176+0100] {logging_mixin.py:188} INFO - [2026-05-08T16:45:23.176+0100] {dag.py:3096} INFO - Sync 1 DAGs
[2026-05-08T16:45:23.207+0100] {logging_mixin.py:188} INFO - [2026-05-08T16:45:23.207+0100] {dag.py:3954} INFO - Setting next_dagrun for example_short_circuit_operator to 2026-05-07 00:00:00+00:00, run_after=2026-05-08 00:00:00+00:00
[2026-05-08T16:45:23.306+0100] {processor.py:183} INFO - Processing /home/najma/airflow-venv/lib/python3.12/site-packages/airflow/example_dags/example_short_circuit_operator.py took 0.185 seconds
[2026-05-08T16:46:38.887+0100] {processor.py:161} INFO - Started process (PID=9736) to work on /home/najma/airflow-venv/lib/python3.12/site-packages/airflow/example_dags/example_short_circuit_operator.py
[2026-05-08T16:46:38.888+0100] {processor.py:830} INFO - Processing file /home/najma/airflow-venv/lib/python3.12/site-packages/airflow/example_dags/example_short_circuit_operator.py for tasks to queue
[2026-05-08T16:46:38.890+0100] {logging_mixin.py:188} INFO - [2026-05-08T16:46:38.890+0100] {dagbag.py:540} INFO - Filling up the DagBag from /home/najma/airflow-venv/lib/python3.12/site-packages/airflow/example_dags/example_short_circuit_operator.py
[2026-05-08T16:46:38.896+0100] {processor.py:840} INFO - DAG(s) 'example_short_circuit_operator' retrieved from /home/najma/airflow-venv/lib/python3.12/site-packages/airflow/example_dags/example_short_circuit_operator.py
[2026-05-08T16:46:38.926+0100] {logging_mixin.py:188} INFO - [2026-05-08T16:46:38.925+0100] {dag.py:3096} INFO - Sync 1 DAGs
[2026-05-08T16:46:39.167+0100] {logging_mixin.py:188} INFO - [2026-05-08T16:46:39.167+0100] {dag.py:3954} INFO - Setting next_dagrun for example_short_circuit_operator to 2026-05-07 00:00:00+00:00, run_after=2026-05-08 00:00:00+00:00
[2026-05-08T16:46:39.393+0100] {processor.py:183} INFO - Processing /home/najma/airflow-venv/lib/python3.12/site-packages/airflow/example_dags/example_short_circuit_operator.py took 0.510 seconds
[2026-05-08T16:48:00.631+0100] {processor.py:161} INFO - Started process (PID=9811) to work on /home/najma/airflow-venv/lib/python3.12/site-packages/airflow/example_dags/example_short_circuit_operator.py
[2026-05-08T16:48:00.632+0100] {processor.py:830} INFO - Processing file /home/najma/airflow-venv/lib/python3.12/site-packages/airflow/example_dags/example_short_circuit_operator.py for tasks to queue
[2026-05-08T16:48:00.634+0100] {logging_mixin.py:188} INFO - [2026-05-08T16:48:00.634+0100] {dagbag.py:540} INFO - Filling up the DagBag from /home/najma/airflow-venv/lib/python3.12/site-packages/airflow/example_dags/example_short_circuit_operator.py
[2026-05-08T16:48:00.641+0100] {processor.py:840} INFO - DAG(s) 'example_short_circuit_operator' retrieved from /home/najma/airflow-venv/lib/python3.12/site-packages/airflow/example_dags/example_short_circuit_operator.py
[2026-05-08T16:48:00.672+0100] {logging_mixin.py:188} INFO - [2026-05-08T16:48:00.672+0100] {dag.py:3096} INFO - Sync 1 DAGs
[2026-05-08T16:48:00.700+0100] {logging_mixin.py:188} INFO - [2026-05-08T16:48:00.699+0100] {dag.py:3954} INFO - Setting next_dagrun for example_short_circuit_operator to 2026-05-07 00:00:00+00:00, run_after=2026-05-08 00:00:00+00:00
[2026-05-08T16:48:00.800+0100] {processor.py:183} INFO - Processing /home/najma/airflow-venv/lib/python3.12/site-packages/airflow/example_dags/example_short_circuit_operator.py took 0.172 seconds
[2026-05-08T16:49:14.262+0100] {processor.py:161} INFO - Started process (PID=9878) to work on /home/najma/airflow-venv/lib/python3.12/site-packages/airflow/example_dags/example_short_circuit_operator.py
[2026-05-08T16:49:14.263+0100] {processor.py:830} INFO - Processing file /home/najma/airflow-venv/lib/python3.12/site-packages/airflow/example_dags/example_short_circuit_operator.py for tasks to queue
[2026-05-08T16:49:14.265+0100] {logging_mixin.py:188} INFO - [2026-05-08T16:49:14.265+0100] {dagbag.py:540} INFO - Filling up the DagBag from /home/najma/airflow-venv/lib/python3.12/site-packages/airflow/example_dags/example_short_circuit_operator.py
[2026-05-08T16:49:14.271+0100] {processor.py:840} INFO - DAG(s) 'example_short_circuit_operator' retrieved from /home/najma/airflow-venv/lib/python3.12/site-packages/airflow/example_dags/example_short_circuit_operator.py
[2026-05-08T16:49:14.302+0100] {logging_mixin.py:188} INFO - [2026-05-08T16:49:14.302+0100] {dag.py:3096} INFO - Sync 1 DAGs
[2026-05-08T16:49:14.329+0100] {logging_mixin.py:188} INFO - [2026-05-08T16:49:14.329+0100] {dag.py:3954} INFO - Setting next_dagrun for example_short_circuit_operator to 2026-05-07 00:00:00+00:00, run_after=2026-05-08 00:00:00+00:00
[2026-05-08T16:49:14.421+0100] {processor.py:183} INFO - Processing /home/najma/airflow-venv/lib/python3.12/site-packages/airflow/example_dags/example_short_circuit_operator.py took 0.163 seconds
[2026-05-08T17:45:24.310+0100] {processor.py:161} INFO - Started process (PID=10233) to work on /home/najma/airflow-venv/lib/python3.12/site-packages/airflow/example_dags/example_short_circuit_operator.py
[2026-05-08T17:45:24.311+0100] {processor.py:830} INFO - Processing file /home/najma/airflow-venv/lib/python3.12/site-packages/airflow/example_dags/example_short_circuit_operator.py for tasks to queue
[2026-05-08T17:45:24.313+0100] {logging_mixin.py:188} INFO - [2026-05-08T17:45:24.312+0100] {dagbag.py:540} INFO - Filling up the DagBag from /home/najma/airflow-venv/lib/python3.12/site-packages/airflow/example_dags/example_short_circuit_operator.py
[2026-05-08T17:45:24.321+0100] {processor.py:840} INFO - DAG(s) 'example_short_circuit_operator' retrieved from /home/najma/airflow-venv/lib/python3.12/site-packages/airflow/example_dags/example_short_circuit_operator.py
[2026-05-08T17:45:24.364+0100] {logging_mixin.py:188} INFO - [2026-05-08T17:45:24.364+0100] {dag.py:3096} INFO - Sync 1 DAGs
[2026-05-08T17:45:24.409+0100] {logging_mixin.py:188} INFO - [2026-05-08T17:45:24.408+0100] {dag.py:3954} INFO - Setting next_dagrun for example_short_circuit_operator to 2026-05-07 00:00:00+00:00, run_after=2026-05-08 00:00:00+00:00
[2026-05-08T17:45:24.514+0100] {processor.py:183} INFO - Processing /home/najma/airflow-venv/lib/python3.12/site-packages/airflow/example_dags/example_short_circuit_operator.py took 0.209 seconds
[2026-05-08T17:46:33.805+0100] {processor.py:161} INFO - Started process (PID=10307) to work on /home/najma/airflow-venv/lib/python3.12/site-packages/airflow/example_dags/example_short_circuit_operator.py
[2026-05-08T17:46:33.806+0100] {processor.py:830} INFO - Processing file /home/najma/airflow-venv/lib/python3.12/site-packages/airflow/example_dags/example_short_circuit_operator.py for tasks to queue
[2026-05-08T17:46:33.809+0100] {logging_mixin.py:188} INFO - [2026-05-08T17:46:33.809+0100] {dagbag.py:540} INFO - Filling up the DagBag from /home/najma/airflow-venv/lib/python3.12/site-packages/airflow/example_dags/example_short_circuit_operator.py
[2026-05-08T17:46:33.815+0100] {processor.py:840} INFO - DAG(s) 'example_short_circuit_operator' retrieved from /home/najma/airflow-venv/lib/python3.12/site-packages/airflow/example_dags/example_short_circuit_operator.py
[2026-05-08T17:46:33.844+0100] {logging_mixin.py:188} INFO - [2026-05-08T17:46:33.844+0100] {dag.py:3096} INFO - Sync 1 DAGs
[2026-05-08T17:46:33.872+0100] {logging_mixin.py:188} INFO - [2026-05-08T17:46:33.872+0100] {dag.py:3954} INFO - Setting next_dagrun for example_short_circuit_operator to 2026-05-07 00:00:00+00:00, run_after=2026-05-08 00:00:00+00:00
[2026-05-08T17:46:33.967+0100] {processor.py:183} INFO - Processing /home/najma/airflow-venv/lib/python3.12/site-packages/airflow/example_dags/example_short_circuit_operator.py took 0.167 seconds
[2026-05-08T17:47:54.616+0100] {processor.py:161} INFO - Started process (PID=10372) to work on /home/najma/airflow-venv/lib/python3.12/site-packages/airflow/example_dags/example_short_circuit_operator.py
[2026-05-08T17:47:54.619+0100] {processor.py:830} INFO - Processing file /home/najma/airflow-venv/lib/python3.12/site-packages/airflow/example_dags/example_short_circuit_operator.py for tasks to queue
[2026-05-08T17:47:54.621+0100] {logging_mixin.py:188} INFO - [2026-05-08T17:47:54.621+0100] {dagbag.py:540} INFO - Filling up the DagBag from /home/najma/airflow-venv/lib/python3.12/site-packages/airflow/example_dags/example_short_circuit_operator.py
[2026-05-08T17:47:54.630+0100] {processor.py:840} INFO - DAG(s) 'example_short_circuit_operator' retrieved from /home/najma/airflow-venv/lib/python3.12/site-packages/airflow/example_dags/example_short_circuit_operator.py
[2026-05-08T17:47:54.666+0100] {logging_mixin.py:188} INFO - [2026-05-08T17:47:54.665+0100] {dag.py:3096} INFO - Sync 1 DAGs
[2026-05-08T17:47:54.695+0100] {logging_mixin.py:188} INFO - [2026-05-08T17:47:54.695+0100] {dag.py:3954} INFO - Setting next_dagrun for example_short_circuit_operator to 2026-05-07 00:00:00+00:00, run_after=2026-05-08 00:00:00+00:00
[2026-05-08T17:47:54.777+0100] {processor.py:183} INFO - Processing /home/najma/airflow-venv/lib/python3.12/site-packages/airflow/example_dags/example_short_circuit_operator.py took 0.165 seconds
[2026-05-08T17:49:01.989+0100] {processor.py:161} INFO - Started process (PID=10433) to work on /home/najma/airflow-venv/lib/python3.12/site-packages/airflow/example_dags/example_short_circuit_operator.py
[2026-05-08T17:49:01.990+0100] {processor.py:830} INFO - Processing file /home/najma/airflow-venv/lib/python3.12/site-packages/airflow/example_dags/example_short_circuit_operator.py for tasks to queue
[2026-05-08T17:49:01.992+0100] {logging_mixin.py:188} INFO - [2026-05-08T17:49:01.991+0100] {dagbag.py:540} INFO - Filling up the DagBag from /home/najma/airflow-venv/lib/python3.12/site-packages/airflow/example_dags/example_short_circuit_operator.py
[2026-05-08T17:49:02.001+0100] {processor.py:840} INFO - DAG(s) 'example_short_circuit_operator' retrieved from /home/najma/airflow-venv/lib/python3.12/site-packages/airflow/example_dags/example_short_circuit_operator.py
[2026-05-08T17:49:02.032+0100] {logging_mixin.py:188} INFO - [2026-05-08T17:49:02.032+0100] {dag.py:3096} INFO - Sync 1 DAGs
[2026-05-08T17:49:02.065+0100] {logging_mixin.py:188} INFO - [2026-05-08T17:49:02.064+0100] {dag.py:3954} INFO - Setting next_dagrun for example_short_circuit_operator to 2026-05-07 00:00:00+00:00, run_after=2026-05-08 00:00:00+00:00
[2026-05-08T17:49:02.161+0100] {processor.py:183} INFO - Processing /home/najma/airflow-venv/lib/python3.12/site-packages/airflow/example_dags/example_short_circuit_operator.py took 0.176 seconds
[2026-05-08T17:50:14.442+0100] {processor.py:161} INFO - Started process (PID=10494) to work on /home/najma/airflow-venv/lib/python3.12/site-packages/airflow/example_dags/example_short_circuit_operator.py
[2026-05-08T17:50:14.443+0100] {processor.py:830} INFO - Processing file /home/najma/airflow-venv/lib/python3.12/site-packages/airflow/example_dags/example_short_circuit_operator.py for tasks to queue
[2026-05-08T17:50:14.445+0100] {logging_mixin.py:188} INFO - [2026-05-08T17:50:14.445+0100] {dagbag.py:540} INFO - Filling up the DagBag from /home/najma/airflow-venv/lib/python3.12/site-packages/airflow/example_dags/example_short_circuit_operator.py
[2026-05-08T17:50:14.451+0100] {processor.py:840} INFO - DAG(s) 'example_short_circuit_operator' retrieved from /home/najma/airflow-venv/lib/python3.12/site-packages/airflow/example_dags/example_short_circuit_operator.py
[2026-05-08T17:50:14.483+0100] {logging_mixin.py:188} INFO - [2026-05-08T17:50:14.483+0100] {dag.py:3096} INFO - Sync 1 DAGs
[2026-05-08T17:50:14.512+0100] {logging_mixin.py:188} INFO - [2026-05-08T17:50:14.512+0100] {dag.py:3954} INFO - Setting next_dagrun for example_short_circuit_operator to 2026-05-07 00:00:00+00:00, run_after=2026-05-08 00:00:00+00:00
[2026-05-08T17:50:14.612+0100] {processor.py:183} INFO - Processing /home/najma/airflow-venv/lib/python3.12/site-packages/airflow/example_dags/example_short_circuit_operator.py took 0.174 seconds
[2026-05-08T17:51:28.010+0100] {processor.py:161} INFO - Started process (PID=10554) to work on /home/najma/airflow-venv/lib/python3.12/site-packages/airflow/example_dags/example_short_circuit_operator.py
[2026-05-08T17:51:28.011+0100] {processor.py:830} INFO - Processing file /home/najma/airflow-venv/lib/python3.12/site-packages/airflow/example_dags/example_short_circuit_operator.py for tasks to queue
[2026-05-08T17:51:28.013+0100] {logging_mixin.py:188} INFO - [2026-05-08T17:51:28.012+0100] {dagbag.py:540} INFO - Filling up the DagBag from /home/najma/airflow-venv/lib/python3.12/site-packages/airflow/example_dags/example_short_circuit_operator.py
[2026-05-08T17:51:28.018+0100] {processor.py:840} INFO - DAG(s) 'example_short_circuit_operator' retrieved from /home/najma/airflow-venv/lib/python3.12/site-packages/airflow/example_dags/example_short_circuit_operator.py
[2026-05-08T17:51:28.048+0100] {logging_mixin.py:188} INFO - [2026-05-08T17:51:28.048+0100] {dag.py:3096} INFO - Sync 1 DAGs
[2026-05-08T17:51:28.075+0100] {logging_mixin.py:188} INFO - [2026-05-08T17:51:28.075+0100] {dag.py:3954} INFO - Setting next_dagrun for example_short_circuit_operator to 2026-05-07 00:00:00+00:00, run_after=2026-05-08 00:00:00+00:00
[2026-05-08T17:51:28.187+0100] {processor.py:183} INFO - Processing /home/najma/airflow-venv/lib/python3.12/site-packages/airflow/example_dags/example_short_circuit_operator.py took 0.181 seconds
[2026-05-08T17:52:51.822+0100] {processor.py:161} INFO - Started process (PID=10644) to work on /home/najma/airflow-venv/lib/python3.12/site-packages/airflow/example_dags/example_short_circuit_operator.py
[2026-05-08T17:52:51.826+0100] {processor.py:830} INFO - Processing file /home/najma/airflow-venv/lib/python3.12/site-packages/airflow/example_dags/example_short_circuit_operator.py for tasks to queue
[2026-05-08T17:52:51.829+0100] {logging_mixin.py:188} INFO - [2026-05-08T17:52:51.828+0100] {dagbag.py:540} INFO - Filling up the DagBag from /home/najma/airflow-venv/lib/python3.12/site-packages/airflow/example_dags/example_short_circuit_operator.py
[2026-05-08T17:52:51.837+0100] {processor.py:840} INFO - DAG(s) 'example_short_circuit_operator' retrieved from /home/najma/airflow-venv/lib/python3.12/site-packages/airflow/example_dags/example_short_circuit_operator.py
[2026-05-08T17:52:51.875+0100] {logging_mixin.py:188} INFO - [2026-05-08T17:52:51.875+0100] {dag.py:3096} INFO - Sync 1 DAGs
[2026-05-08T17:52:51.903+0100] {logging_mixin.py:188} INFO - [2026-05-08T17:52:51.902+0100] {dag.py:3954} INFO - Setting next_dagrun for example_short_circuit_operator to 2026-05-07 00:00:00+00:00, run_after=2026-05-08 00:00:00+00:00
[2026-05-08T17:52:51.995+0100] {processor.py:183} INFO - Processing /home/najma/airflow-venv/lib/python3.12/site-packages/airflow/example_dags/example_short_circuit_operator.py took 0.179 seconds
[2026-05-08T17:53:58.060+0100] {processor.py:161} INFO - Started process (PID=10703) to work on /home/najma/airflow-venv/lib/python3.12/site-packages/airflow/example_dags/example_short_circuit_operator.py
[2026-05-08T17:53:58.061+0100] {processor.py:830} INFO - Processing file /home/najma/airflow-venv/lib/python3.12/site-packages/airflow/example_dags/example_short_circuit_operator.py for tasks to queue
[2026-05-08T17:53:58.063+0100] {logging_mixin.py:188} INFO - [2026-05-08T17:53:58.063+0100] {dagbag.py:540} INFO - Filling up the DagBag from /home/najma/airflow-venv/lib/python3.12/site-packages/airflow/example_dags/example_short_circuit_operator.py
[2026-05-08T17:53:58.069+0100] {processor.py:840} INFO - DAG(s) 'example_short_circuit_operator' retrieved from /home/najma/airflow-venv/lib/python3.12/site-packages/airflow/example_dags/example_short_circuit_operator.py
[2026-05-08T17:53:58.097+0100] {logging_mixin.py:188} INFO - [2026-05-08T17:53:58.097+0100] {dag.py:3096} INFO - Sync 1 DAGs
[2026-05-08T17:53:58.123+0100] {logging_mixin.py:188} INFO - [2026-05-08T17:53:58.123+0100] {dag.py:3954} INFO - Setting next_dagrun for example_short_circuit_operator to 2026-05-07 00:00:00+00:00, run_after=2026-05-08 00:00:00+00:00
[2026-05-08T17:53:58.190+0100] {processor.py:183} INFO - Processing /home/najma/airflow-venv/lib/python3.12/site-packages/airflow/example_dags/example_short_circuit_operator.py took 0.134 seconds
[2026-05-08T17:55:06.257+0100] {processor.py:161} INFO - Started process (PID=10775) to work on /home/najma/airflow-venv/lib/python3.12/site-packages/airflow/example_dags/example_short_circuit_operator.py
[2026-05-08T17:55:06.258+0100] {processor.py:830} INFO - Processing file /home/najma/airflow-venv/lib/python3.12/site-packages/airflow/example_dags/example_short_circuit_operator.py for tasks to queue
[2026-05-08T17:55:06.260+0100] {logging_mixin.py:188} INFO - [2026-05-08T17:55:06.260+0100] {dagbag.py:540} INFO - Filling up the DagBag from /home/najma/airflow-venv/lib/python3.12/site-packages/airflow/example_dags/example_short_circuit_operator.py
[2026-05-08T17:55:06.266+0100] {processor.py:840} INFO - DAG(s) 'example_short_circuit_operator' retrieved from /home/najma/airflow-venv/lib/python3.12/site-packages/airflow/example_dags/example_short_circuit_operator.py
[2026-05-08T17:55:06.296+0100] {logging_mixin.py:188} INFO - [2026-05-08T17:55:06.295+0100] {dag.py:3096} INFO - Sync 1 DAGs
[2026-05-08T17:55:06.320+0100] {logging_mixin.py:188} INFO - [2026-05-08T17:55:06.320+0100] {dag.py:3954} INFO - Setting next_dagrun for example_short_circuit_operator to 2026-05-07 00:00:00+00:00, run_after=2026-05-08 00:00:00+00:00
[2026-05-08T17:55:06.419+0100] {processor.py:183} INFO - Processing /home/najma/airflow-venv/lib/python3.12/site-packages/airflow/example_dags/example_short_circuit_operator.py took 0.165 seconds
[2026-05-08T17:56:12.190+0100] {processor.py:161} INFO - Started process (PID=10834) to work on /home/najma/airflow-venv/lib/python3.12/site-packages/airflow/example_dags/example_short_circuit_operator.py
[2026-05-08T17:56:12.191+0100] {processor.py:830} INFO - Processing file /home/najma/airflow-venv/lib/python3.12/site-packages/airflow/example_dags/example_short_circuit_operator.py for tasks to queue
[2026-05-08T17:56:12.193+0100] {logging_mixin.py:188} INFO - [2026-05-08T17:56:12.193+0100] {dagbag.py:540} INFO - Filling up the DagBag from /home/najma/airflow-venv/lib/python3.12/site-packages/airflow/example_dags/example_short_circuit_operator.py
[2026-05-08T17:56:12.200+0100] {processor.py:840} INFO - DAG(s) 'example_short_circuit_operator' retrieved from /home/najma/airflow-venv/lib/python3.12/site-packages/airflow/example_dags/example_short_circuit_operator.py
[2026-05-08T17:56:12.231+0100] {logging_mixin.py:188} INFO - [2026-05-08T17:56:12.230+0100] {dag.py:3096} INFO - Sync 1 DAGs
[2026-05-08T17:56:12.255+0100] {logging_mixin.py:188} INFO - [2026-05-08T17:56:12.255+0100] {dag.py:3954} INFO - Setting next_dagrun for example_short_circuit_operator to 2026-05-07 00:00:00+00:00, run_after=2026-05-08 00:00:00+00:00
[2026-05-08T17:56:12.333+0100] {processor.py:183} INFO - Processing /home/najma/airflow-venv/lib/python3.12/site-packages/airflow/example_dags/example_short_circuit_operator.py took 0.146 seconds
[2026-05-08T17:57:29.053+0100] {processor.py:161} INFO - Started process (PID=10895) to work on /home/najma/airflow-venv/lib/python3.12/site-packages/airflow/example_dags/example_short_circuit_operator.py
[2026-05-08T17:57:29.054+0100] {processor.py:830} INFO - Processing file /home/najma/airflow-venv/lib/python3.12/site-packages/airflow/example_dags/example_short_circuit_operator.py for tasks to queue
[2026-05-08T17:57:29.055+0100] {logging_mixin.py:188} INFO - [2026-05-08T17:57:29.055+0100] {dagbag.py:540} INFO - Filling up the DagBag from /home/najma/airflow-venv/lib/python3.12/site-packages/airflow/example_dags/example_short_circuit_operator.py
[2026-05-08T17:57:29.061+0100] {processor.py:840} INFO - DAG(s) 'example_short_circuit_operator' retrieved from /home/najma/airflow-venv/lib/python3.12/site-packages/airflow/example_dags/example_short_circuit_operator.py
[2026-05-08T17:57:29.090+0100] {logging_mixin.py:188} INFO - [2026-05-08T17:57:29.090+0100] {dag.py:3096} INFO - Sync 1 DAGs
[2026-05-08T17:57:29.113+0100] {logging_mixin.py:188} INFO - [2026-05-08T17:57:29.113+0100] {dag.py:3954} INFO - Setting next_dagrun for example_short_circuit_operator to 2026-05-07 00:00:00+00:00, run_after=2026-05-08 00:00:00+00:00
[2026-05-08T17:57:29.203+0100] {processor.py:183} INFO - Processing /home/najma/airflow-venv/lib/python3.12/site-packages/airflow/example_dags/example_short_circuit_operator.py took 0.154 seconds
[2026-05-08T17:58:38.379+0100] {processor.py:161} INFO - Started process (PID=10956) to work on /home/najma/airflow-venv/lib/python3.12/site-packages/airflow/example_dags/example_short_circuit_operator.py
[2026-05-08T17:58:38.380+0100] {processor.py:830} INFO - Processing file /home/najma/airflow-venv/lib/python3.12/site-packages/airflow/example_dags/example_short_circuit_operator.py for tasks to queue
[2026-05-08T17:58:38.381+0100] {logging_mixin.py:188} INFO - [2026-05-08T17:58:38.381+0100] {dagbag.py:540} INFO - Filling up the DagBag from /home/najma/airflow-venv/lib/python3.12/site-packages/airflow/example_dags/example_short_circuit_operator.py
[2026-05-08T17:58:38.393+0100] {processor.py:840} INFO - DAG(s) 'example_short_circuit_operator' retrieved from /home/najma/airflow-venv/lib/python3.12/site-packages/airflow/example_dags/example_short_circuit_operator.py
[2026-05-08T17:58:38.429+0100] {logging_mixin.py:188} INFO - [2026-05-08T17:58:38.428+0100] {dag.py:3096} INFO - Sync 1 DAGs
[2026-05-08T17:58:38.454+0100] {logging_mixin.py:188} INFO - [2026-05-08T17:58:38.454+0100] {dag.py:3954} INFO - Setting next_dagrun for example_short_circuit_operator to 2026-05-07 00:00:00+00:00, run_after=2026-05-08 00:00:00+00:00
[2026-05-08T17:58:38.551+0100] {processor.py:183} INFO - Processing /home/najma/airflow-venv/lib/python3.12/site-packages/airflow/example_dags/example_short_circuit_operator.py took 0.176 seconds
[2026-05-08T17:59:44.383+0100] {processor.py:161} INFO - Started process (PID=11014) to work on /home/najma/airflow-venv/lib/python3.12/site-packages/airflow/example_dags/example_short_circuit_operator.py
[2026-05-08T17:59:44.384+0100] {processor.py:830} INFO - Processing file /home/najma/airflow-venv/lib/python3.12/site-packages/airflow/example_dags/example_short_circuit_operator.py for tasks to queue
[2026-05-08T17:59:44.386+0100] {logging_mixin.py:188} INFO - [2026-05-08T17:59:44.386+0100] {dagbag.py:540} INFO - Filling up the DagBag from /home/najma/airflow-venv/lib/python3.12/site-packages/airflow/example_dags/example_short_circuit_operator.py
[2026-05-08T17:59:44.392+0100] {processor.py:840} INFO - DAG(s) 'example_short_circuit_operator' retrieved from /home/najma/airflow-venv/lib/python3.12/site-packages/airflow/example_dags/example_short_circuit_operator.py
[2026-05-08T17:59:44.421+0100] {logging_mixin.py:188} INFO - [2026-05-08T17:59:44.421+0100] {dag.py:3096} INFO - Sync 1 DAGs
[2026-05-08T17:59:44.446+0100] {logging_mixin.py:188} INFO - [2026-05-08T17:59:44.446+0100] {dag.py:3954} INFO - Setting next_dagrun for example_short_circuit_operator to 2026-05-07 00:00:00+00:00, run_after=2026-05-08 00:00:00+00:00
[2026-05-08T17:59:44.524+0100] {processor.py:183} INFO - Processing /home/najma/airflow-venv/lib/python3.12/site-packages/airflow/example_dags/example_short_circuit_operator.py took 0.145 seconds
[2026-05-08T18:00:54.933+0100] {processor.py:161} INFO - Started process (PID=11077) to work on /home/najma/airflow-venv/lib/python3.12/site-packages/airflow/example_dags/example_short_circuit_operator.py
[2026-05-08T18:00:54.934+0100] {processor.py:830} INFO - Processing file /home/najma/airflow-venv/lib/python3.12/site-packages/airflow/example_dags/example_short_circuit_operator.py for tasks to queue
[2026-05-08T18:00:54.936+0100] {logging_mixin.py:188} INFO - [2026-05-08T18:00:54.935+0100] {dagbag.py:540} INFO - Filling up the DagBag from /home/najma/airflow-venv/lib/python3.12/site-packages/airflow/example_dags/example_short_circuit_operator.py
[2026-05-08T18:00:54.941+0100] {processor.py:840} INFO - DAG(s) 'example_short_circuit_operator' retrieved from /home/najma/airflow-venv/lib/python3.12/site-packages/airflow/example_dags/example_short_circuit_operator.py
[2026-05-08T18:00:54.971+0100] {logging_mixin.py:188} INFO - [2026-05-08T18:00:54.971+0100] {dag.py:3096} INFO - Sync 1 DAGs
[2026-05-08T18:00:54.996+0100] {logging_mixin.py:188} INFO - [2026-05-08T18:00:54.996+0100] {dag.py:3954} INFO - Setting next_dagrun for example_short_circuit_operator to 2026-05-07 00:00:00+00:00, run_after=2026-05-08 00:00:00+00:00
[2026-05-08T18:00:55.088+0100] {processor.py:183} INFO - Processing /home/najma/airflow-venv/lib/python3.12/site-packages/airflow/example_dags/example_short_circuit_operator.py took 0.159 seconds
[2026-05-08T18:01:58.966+0100] {processor.py:161} INFO - Started process (PID=11134) to work on /home/najma/airflow-venv/lib/python3.12/site-packages/airflow/example_dags/example_short_circuit_operator.py
[2026-05-08T18:01:58.968+0100] {processor.py:830} INFO - Processing file /home/najma/airflow-venv/lib/python3.12/site-packages/airflow/example_dags/example_short_circuit_operator.py for tasks to queue
[2026-05-08T18:01:58.969+0100] {logging_mixin.py:188} INFO - [2026-05-08T18:01:58.969+0100] {dagbag.py:540} INFO - Filling up the DagBag from /home/najma/airflow-venv/lib/python3.12/site-packages/airflow/example_dags/example_short_circuit_operator.py
[2026-05-08T18:01:58.975+0100] {processor.py:840} INFO - DAG(s) 'example_short_circuit_operator' retrieved from /home/najma/airflow-venv/lib/python3.12/site-packages/airflow/example_dags/example_short_circuit_operator.py
[2026-05-08T18:01:59.002+0100] {logging_mixin.py:188} INFO - [2026-05-08T18:01:59.001+0100] {dag.py:3096} INFO - Sync 1 DAGs
[2026-05-08T18:01:59.025+0100] {logging_mixin.py:188} INFO - [2026-05-08T18:01:59.025+0100] {dag.py:3954} INFO - Setting next_dagrun for example_short_circuit_operator to 2026-05-07 00:00:00+00:00, run_after=2026-05-08 00:00:00+00:00
[2026-05-08T18:01:59.106+0100] {processor.py:183} INFO - Processing /home/najma/airflow-venv/lib/python3.12/site-packages/airflow/example_dags/example_short_circuit_operator.py took 0.144 seconds
[2026-05-08T18:03:02.581+0100] {processor.py:161} INFO - Started process (PID=11192) to work on /home/najma/airflow-venv/lib/python3.12/site-packages/airflow/example_dags/example_short_circuit_operator.py
[2026-05-08T18:03:02.582+0100] {processor.py:830} INFO - Processing file /home/najma/airflow-venv/lib/python3.12/site-packages/airflow/example_dags/example_short_circuit_operator.py for tasks to queue
[2026-05-08T18:03:02.584+0100] {logging_mixin.py:188} INFO - [2026-05-08T18:03:02.583+0100] {dagbag.py:540} INFO - Filling up the DagBag from /home/najma/airflow-venv/lib/python3.12/site-packages/airflow/example_dags/example_short_circuit_operator.py
[2026-05-08T18:03:02.589+0100] {processor.py:840} INFO - DAG(s) 'example_short_circuit_operator' retrieved from /home/najma/airflow-venv/lib/python3.12/site-packages/airflow/example_dags/example_short_circuit_operator.py
[2026-05-08T18:03:02.617+0100] {logging_mixin.py:188} INFO - [2026-05-08T18:03:02.616+0100] {dag.py:3096} INFO - Sync 1 DAGs
[2026-05-08T18:03:02.639+0100] {logging_mixin.py:188} INFO - [2026-05-08T18:03:02.639+0100] {dag.py:3954} INFO - Setting next_dagrun for example_short_circuit_operator to 2026-05-07 00:00:00+00:00, run_after=2026-05-08 00:00:00+00:00
[2026-05-08T18:03:02.723+0100] {processor.py:183} INFO - Processing /home/najma/airflow-venv/lib/python3.12/site-packages/airflow/example_dags/example_short_circuit_operator.py took 0.146 seconds
[2026-05-08T18:04:11.212+0100] {processor.py:161} INFO - Started process (PID=11252) to work on /home/najma/airflow-venv/lib/python3.12/site-packages/airflow/example_dags/example_short_circuit_operator.py
[2026-05-08T18:04:11.213+0100] {processor.py:830} INFO - Processing file /home/najma/airflow-venv/lib/python3.12/site-packages/airflow/example_dags/example_short_circuit_operator.py for tasks to queue
[2026-05-08T18:04:11.215+0100] {logging_mixin.py:188} INFO - [2026-05-08T18:04:11.214+0100] {dagbag.py:540} INFO - Filling up the DagBag from /home/najma/airflow-venv/lib/python3.12/site-packages/airflow/example_dags/example_short_circuit_operator.py
[2026-05-08T18:04:11.220+0100] {processor.py:840} INFO - DAG(s) 'example_short_circuit_operator' retrieved from /home/najma/airflow-venv/lib/python3.12/site-packages/airflow/example_dags/example_short_circuit_operator.py
[2026-05-08T18:04:11.246+0100] {logging_mixin.py:188} INFO - [2026-05-08T18:04:11.246+0100] {dag.py:3096} INFO - Sync 1 DAGs
[2026-05-08T18:04:11.269+0100] {logging_mixin.py:188} INFO - [2026-05-08T18:04:11.269+0100] {dag.py:3954} INFO - Setting next_dagrun for example_short_circuit_operator to 2026-05-07 00:00:00+00:00, run_after=2026-05-08 00:00:00+00:00
[2026-05-08T18:04:11.368+0100] {processor.py:183} INFO - Processing /home/najma/airflow-venv/lib/python3.12/site-packages/airflow/example_dags/example_short_circuit_operator.py took 0.161 seconds
[2026-05-08T18:05:18.983+0100] {processor.py:161} INFO - Started process (PID=11310) to work on /home/najma/airflow-venv/lib/python3.12/site-packages/airflow/example_dags/example_short_circuit_operator.py
[2026-05-08T18:05:18.984+0100] {processor.py:830} INFO - Processing file /home/najma/airflow-venv/lib/python3.12/site-packages/airflow/example_dags/example_short_circuit_operator.py for tasks to queue
[2026-05-08T18:05:18.986+0100] {logging_mixin.py:188} INFO - [2026-05-08T18:05:18.985+0100] {dagbag.py:540} INFO - Filling up the DagBag from /home/najma/airflow-venv/lib/python3.12/site-packages/airflow/example_dags/example_short_circuit_operator.py
[2026-05-08T18:05:18.991+0100] {processor.py:840} INFO - DAG(s) 'example_short_circuit_operator' retrieved from /home/najma/airflow-venv/lib/python3.12/site-packages/airflow/example_dags/example_short_circuit_operator.py
[2026-05-08T18:05:19.020+0100] {logging_mixin.py:188} INFO - [2026-05-08T18:05:19.020+0100] {dag.py:3096} INFO - Sync 1 DAGs
[2026-05-08T18:05:19.047+0100] {logging_mixin.py:188} INFO - [2026-05-08T18:05:19.046+0100] {dag.py:3954} INFO - Setting next_dagrun for example_short_circuit_operator to 2026-05-07 00:00:00+00:00, run_after=2026-05-08 00:00:00+00:00
[2026-05-08T18:05:19.233+0100] {processor.py:183} INFO - Processing /home/najma/airflow-venv/lib/python3.12/site-packages/airflow/example_dags/example_short_circuit_operator.py took 0.253 seconds
[2026-05-08T18:06:24.924+0100] {processor.py:161} INFO - Started process (PID=11369) to work on /home/najma/airflow-venv/lib/python3.12/site-packages/airflow/example_dags/example_short_circuit_operator.py
[2026-05-08T18:06:24.926+0100] {processor.py:830} INFO - Processing file /home/najma/airflow-venv/lib/python3.12/site-packages/airflow/example_dags/example_short_circuit_operator.py for tasks to queue
[2026-05-08T18:06:24.927+0100] {logging_mixin.py:188} INFO - [2026-05-08T18:06:24.927+0100] {dagbag.py:540} INFO - Filling up the DagBag from /home/najma/airflow-venv/lib/python3.12/site-packages/airflow/example_dags/example_short_circuit_operator.py
[2026-05-08T18:06:24.933+0100] {processor.py:840} INFO - DAG(s) 'example_short_circuit_operator' retrieved from /home/najma/airflow-venv/lib/python3.12/site-packages/airflow/example_dags/example_short_circuit_operator.py
[2026-05-08T18:06:24.962+0100] {logging_mixin.py:188} INFO - [2026-05-08T18:06:24.961+0100] {dag.py:3096} INFO - Sync 1 DAGs
[2026-05-08T18:06:25.077+0100] {logging_mixin.py:188} INFO - [2026-05-08T18:06:25.077+0100] {dag.py:3954} INFO - Setting next_dagrun for example_short_circuit_operator to 2026-05-07 00:00:00+00:00, run_after=2026-05-08 00:00:00+00:00
[2026-05-08T18:06:25.161+0100] {processor.py:183} INFO - Processing /home/najma/airflow-venv/lib/python3.12/site-packages/airflow/example_dags/example_short_circuit_operator.py took 0.240 seconds
[2026-05-08T18:07:27.308+0100] {processor.py:161} INFO - Started process (PID=11425) to work on /home/najma/airflow-venv/lib/python3.12/site-packages/airflow/example_dags/example_short_circuit_operator.py
[2026-05-08T18:07:27.309+0100] {processor.py:830} INFO - Processing file /home/najma/airflow-venv/lib/python3.12/site-packages/airflow/example_dags/example_short_circuit_operator.py for tasks to queue
[2026-05-08T18:07:27.312+0100] {logging_mixin.py:188} INFO - [2026-05-08T18:07:27.311+0100] {dagbag.py:540} INFO - Filling up the DagBag from /home/najma/airflow-venv/lib/python3.12/site-packages/airflow/example_dags/example_short_circuit_operator.py
[2026-05-08T18:07:27.317+0100] {processor.py:840} INFO - DAG(s) 'example_short_circuit_operator' retrieved from /home/najma/airflow-venv/lib/python3.12/site-packages/airflow/example_dags/example_short_circuit_operator.py
[2026-05-08T18:07:27.346+0100] {logging_mixin.py:188} INFO - [2026-05-08T18:07:27.346+0100] {dag.py:3096} INFO - Sync 1 DAGs
[2026-05-08T18:07:27.373+0100] {logging_mixin.py:188} INFO - [2026-05-08T18:07:27.373+0100] {dag.py:3954} INFO - Setting next_dagrun for example_short_circuit_operator to 2026-05-07 00:00:00+00:00, run_after=2026-05-08 00:00:00+00:00
[2026-05-08T18:07:27.490+0100] {processor.py:183} INFO - Processing /home/najma/airflow-venv/lib/python3.12/site-packages/airflow/example_dags/example_short_circuit_operator.py took 0.185 seconds
[2026-05-08T18:08:30.624+0100] {processor.py:161} INFO - Started process (PID=11483) to work on /home/najma/airflow-venv/lib/python3.12/site-packages/airflow/example_dags/example_short_circuit_operator.py
[2026-05-08T18:08:30.626+0100] {processor.py:830} INFO - Processing file /home/najma/airflow-venv/lib/python3.12/site-packages/airflow/example_dags/example_short_circuit_operator.py for tasks to queue
[2026-05-08T18:08:30.628+0100] {logging_mixin.py:188} INFO - [2026-05-08T18:08:30.628+0100] {dagbag.py:540} INFO - Filling up the DagBag from /home/najma/airflow-venv/lib/python3.12/site-packages/airflow/example_dags/example_short_circuit_operator.py
[2026-05-08T18:08:30.633+0100] {processor.py:840} INFO - DAG(s) 'example_short_circuit_operator' retrieved from /home/najma/airflow-venv/lib/python3.12/site-packages/airflow/example_dags/example_short_circuit_operator.py
[2026-05-08T18:08:30.664+0100] {logging_mixin.py:188} INFO - [2026-05-08T18:08:30.663+0100] {dag.py:3096} INFO - Sync 1 DAGs
[2026-05-08T18:08:30.689+0100] {logging_mixin.py:188} INFO - [2026-05-08T18:08:30.689+0100] {dag.py:3954} INFO - Setting next_dagrun for example_short_circuit_operator to 2026-05-07 00:00:00+00:00, run_after=2026-05-08 00:00:00+00:00
[2026-05-08T18:08:30.791+0100] {processor.py:183} INFO - Processing /home/najma/airflow-venv/lib/python3.12/site-packages/airflow/example_dags/example_short_circuit_operator.py took 0.170 seconds
[2026-05-08T18:09:36.296+0100] {processor.py:161} INFO - Started process (PID=11541) to work on /home/najma/airflow-venv/lib/python3.12/site-packages/airflow/example_dags/example_short_circuit_operator.py
[2026-05-08T18:09:36.297+0100] {processor.py:830} INFO - Processing file /home/najma/airflow-venv/lib/python3.12/site-packages/airflow/example_dags/example_short_circuit_operator.py for tasks to queue
[2026-05-08T18:09:36.300+0100] {logging_mixin.py:188} INFO - [2026-05-08T18:09:36.299+0100] {dagbag.py:540} INFO - Filling up the DagBag from /home/najma/airflow-venv/lib/python3.12/site-packages/airflow/example_dags/example_short_circuit_operator.py
[2026-05-08T18:09:36.305+0100] {processor.py:840} INFO - DAG(s) 'example_short_circuit_operator' retrieved from /home/najma/airflow-venv/lib/python3.12/site-packages/airflow/example_dags/example_short_circuit_operator.py
[2026-05-08T18:09:36.334+0100] {logging_mixin.py:188} INFO - [2026-05-08T18:09:36.334+0100] {dag.py:3096} INFO - Sync 1 DAGs
[2026-05-08T18:09:36.358+0100] {logging_mixin.py:188} INFO - [2026-05-08T18:09:36.358+0100] {dag.py:3954} INFO - Setting next_dagrun for example_short_circuit_operator to 2026-05-07 00:00:00+00:00, run_after=2026-05-08 00:00:00+00:00
[2026-05-08T18:09:36.451+0100] {processor.py:183} INFO - Processing /home/najma/airflow-venv/lib/python3.12/site-packages/airflow/example_dags/example_short_circuit_operator.py took 0.158 seconds
[2026-05-08T18:10:36.695+0100] {processor.py:161} INFO - Started process (PID=11596) to work on /home/najma/airflow-venv/lib/python3.12/site-packages/airflow/example_dags/example_short_circuit_operator.py
[2026-05-08T18:10:36.696+0100] {processor.py:830} INFO - Processing file /home/najma/airflow-venv/lib/python3.12/site-packages/airflow/example_dags/example_short_circuit_operator.py for tasks to queue
[2026-05-08T18:10:36.697+0100] {logging_mixin.py:188} INFO - [2026-05-08T18:10:36.697+0100] {dagbag.py:540} INFO - Filling up the DagBag from /home/najma/airflow-venv/lib/python3.12/site-packages/airflow/example_dags/example_short_circuit_operator.py
[2026-05-08T18:10:36.703+0100] {processor.py:840} INFO - DAG(s) 'example_short_circuit_operator' retrieved from /home/najma/airflow-venv/lib/python3.12/site-packages/airflow/example_dags/example_short_circuit_operator.py
[2026-05-08T18:10:36.733+0100] {logging_mixin.py:188} INFO - [2026-05-08T18:10:36.733+0100] {dag.py:3096} INFO - Sync 1 DAGs
[2026-05-08T18:10:36.757+0100] {logging_mixin.py:188} INFO - [2026-05-08T18:10:36.757+0100] {dag.py:3954} INFO - Setting next_dagrun for example_short_circuit_operator to 2026-05-07 00:00:00+00:00, run_after=2026-05-08 00:00:00+00:00
[2026-05-08T18:10:36.853+0100] {processor.py:183} INFO - Processing /home/najma/airflow-venv/lib/python3.12/site-packages/airflow/example_dags/example_short_circuit_operator.py took 0.162 seconds
[2026-05-08T18:11:45.528+0100] {processor.py:161} INFO - Started process (PID=11652) to work on /home/najma/airflow-venv/lib/python3.12/site-packages/airflow/example_dags/example_short_circuit_operator.py
[2026-05-08T18:11:45.529+0100] {processor.py:830} INFO - Processing file /home/najma/airflow-venv/lib/python3.12/site-packages/airflow/example_dags/example_short_circuit_operator.py for tasks to queue
[2026-05-08T18:11:45.532+0100] {logging_mixin.py:188} INFO - [2026-05-08T18:11:45.531+0100] {dagbag.py:540} INFO - Filling up the DagBag from /home/najma/airflow-venv/lib/python3.12/site-packages/airflow/example_dags/example_short_circuit_operator.py
[2026-05-08T18:11:45.537+0100] {processor.py:840} INFO - DAG(s) 'example_short_circuit_operator' retrieved from /home/najma/airflow-venv/lib/python3.12/site-packages/airflow/example_dags/example_short_circuit_operator.py
[2026-05-08T18:11:45.567+0100] {logging_mixin.py:188} INFO - [2026-05-08T18:11:45.567+0100] {dag.py:3096} INFO - Sync 1 DAGs
[2026-05-08T18:11:45.592+0100] {logging_mixin.py:188} INFO - [2026-05-08T18:11:45.591+0100] {dag.py:3954} INFO - Setting next_dagrun for example_short_circuit_operator to 2026-05-07 00:00:00+00:00, run_after=2026-05-08 00:00:00+00:00
[2026-05-08T18:11:45.689+0100] {processor.py:183} INFO - Processing /home/najma/airflow-venv/lib/python3.12/site-packages/airflow/example_dags/example_short_circuit_operator.py took 0.165 seconds
[2026-05-08T18:13:09.756+0100] {processor.py:161} INFO - Started process (PID=11710) to work on /home/najma/airflow-venv/lib/python3.12/site-packages/airflow/example_dags/example_short_circuit_operator.py
[2026-05-08T18:13:09.771+0100] {processor.py:830} INFO - Processing file /home/najma/airflow-venv/lib/python3.12/site-packages/airflow/example_dags/example_short_circuit_operator.py for tasks to queue
[2026-05-08T18:13:09.774+0100] {logging_mixin.py:188} INFO - [2026-05-08T18:13:09.773+0100] {dagbag.py:540} INFO - Filling up the DagBag from /home/najma/airflow-venv/lib/python3.12/site-packages/airflow/example_dags/example_short_circuit_operator.py
[2026-05-08T18:13:09.779+0100] {processor.py:840} INFO - DAG(s) 'example_short_circuit_operator' retrieved from /home/najma/airflow-venv/lib/python3.12/site-packages/airflow/example_dags/example_short_circuit_operator.py
[2026-05-08T18:13:09.813+0100] {logging_mixin.py:188} INFO - [2026-05-08T18:13:09.813+0100] {dag.py:3096} INFO - Sync 1 DAGs
[2026-05-08T18:13:09.838+0100] {logging_mixin.py:188} INFO - [2026-05-08T18:13:09.838+0100] {dag.py:3954} INFO - Setting next_dagrun for example_short_circuit_operator to 2026-05-07 00:00:00+00:00, run_after=2026-05-08 00:00:00+00:00
[2026-05-08T18:13:09.925+0100] {processor.py:183} INFO - Processing /home/najma/airflow-venv/lib/python3.12/site-packages/airflow/example_dags/example_short_circuit_operator.py took 0.173 seconds
[2026-05-08T18:14:30.145+0100] {processor.py:161} INFO - Started process (PID=11778) to work on /home/najma/airflow-venv/lib/python3.12/site-packages/airflow/example_dags/example_short_circuit_operator.py
[2026-05-08T18:14:30.146+0100] {processor.py:830} INFO - Processing file /home/najma/airflow-venv/lib/python3.12/site-packages/airflow/example_dags/example_short_circuit_operator.py for tasks to queue
[2026-05-08T18:14:30.148+0100] {logging_mixin.py:188} INFO - [2026-05-08T18:14:30.148+0100] {dagbag.py:540} INFO - Filling up the DagBag from /home/najma/airflow-venv/lib/python3.12/site-packages/airflow/example_dags/example_short_circuit_operator.py
[2026-05-08T18:14:30.159+0100] {processor.py:840} INFO - DAG(s) 'example_short_circuit_operator' retrieved from /home/najma/airflow-venv/lib/python3.12/site-packages/airflow/example_dags/example_short_circuit_operator.py
[2026-05-08T18:14:30.196+0100] {logging_mixin.py:188} INFO - [2026-05-08T18:14:30.196+0100] {dag.py:3096} INFO - Sync 1 DAGs
[2026-05-08T18:14:30.230+0100] {logging_mixin.py:188} INFO - [2026-05-08T18:14:30.230+0100] {dag.py:3954} INFO - Setting next_dagrun for example_short_circuit_operator to 2026-05-07 00:00:00+00:00, run_after=2026-05-08 00:00:00+00:00
[2026-05-08T18:14:30.334+0100] {processor.py:183} INFO - Processing /home/najma/airflow-venv/lib/python3.12/site-packages/airflow/example_dags/example_short_circuit_operator.py took 0.194 seconds
[2026-05-08T18:15:47.188+0100] {processor.py:161} INFO - Started process (PID=11849) to work on /home/najma/airflow-venv/lib/python3.12/site-packages/airflow/example_dags/example_short_circuit_operator.py
[2026-05-08T18:15:47.189+0100] {processor.py:830} INFO - Processing file /home/najma/airflow-venv/lib/python3.12/site-packages/airflow/example_dags/example_short_circuit_operator.py for tasks to queue
[2026-05-08T18:15:47.192+0100] {logging_mixin.py:188} INFO - [2026-05-08T18:15:47.191+0100] {dagbag.py:540} INFO - Filling up the DagBag from /home/najma/airflow-venv/lib/python3.12/site-packages/airflow/example_dags/example_short_circuit_operator.py
[2026-05-08T18:15:47.198+0100] {processor.py:840} INFO - DAG(s) 'example_short_circuit_operator' retrieved from /home/najma/airflow-venv/lib/python3.12/site-packages/airflow/example_dags/example_short_circuit_operator.py
[2026-05-08T18:15:47.227+0100] {logging_mixin.py:188} INFO - [2026-05-08T18:15:47.226+0100] {dag.py:3096} INFO - Sync 1 DAGs
[2026-05-08T18:15:47.251+0100] {logging_mixin.py:188} INFO - [2026-05-08T18:15:47.251+0100] {dag.py:3954} INFO - Setting next_dagrun for example_short_circuit_operator to 2026-05-07 00:00:00+00:00, run_after=2026-05-08 00:00:00+00:00
[2026-05-08T18:15:47.360+0100] {processor.py:183} INFO - Processing /home/najma/airflow-venv/lib/python3.12/site-packages/airflow/example_dags/example_short_circuit_operator.py took 0.175 seconds
[2026-05-08T18:16:55.911+0100] {processor.py:161} INFO - Started process (PID=11906) to work on /home/najma/airflow-venv/lib/python3.12/site-packages/airflow/example_dags/example_short_circuit_operator.py
[2026-05-08T18:16:55.912+0100] {processor.py:830} INFO - Processing file /home/najma/airflow-venv/lib/python3.12/site-packages/airflow/example_dags/example_short_circuit_operator.py for tasks to queue
[2026-05-08T18:16:55.915+0100] {logging_mixin.py:188} INFO - [2026-05-08T18:16:55.914+0100] {dagbag.py:540} INFO - Filling up the DagBag from /home/najma/airflow-venv/lib/python3.12/site-packages/airflow/example_dags/example_short_circuit_operator.py
[2026-05-08T18:16:55.920+0100] {processor.py:840} INFO - DAG(s) 'example_short_circuit_operator' retrieved from /home/najma/airflow-venv/lib/python3.12/site-packages/airflow/example_dags/example_short_circuit_operator.py
[2026-05-08T18:16:55.948+0100] {logging_mixin.py:188} INFO - [2026-05-08T18:16:55.948+0100] {dag.py:3096} INFO - Sync 1 DAGs
[2026-05-08T18:16:55.974+0100] {logging_mixin.py:188} INFO - [2026-05-08T18:16:55.974+0100] {dag.py:3954} INFO - Setting next_dagrun for example_short_circuit_operator to 2026-05-07 00:00:00+00:00, run_after=2026-05-08 00:00:00+00:00
[2026-05-08T18:16:56.055+0100] {processor.py:183} INFO - Processing /home/najma/airflow-venv/lib/python3.12/site-packages/airflow/example_dags/example_short_circuit_operator.py took 0.148 seconds
[2026-05-08T18:18:09.792+0100] {processor.py:161} INFO - Started process (PID=11966) to work on /home/najma/airflow-venv/lib/python3.12/site-packages/airflow/example_dags/example_short_circuit_operator.py
[2026-05-08T18:18:09.794+0100] {processor.py:830} INFO - Processing file /home/najma/airflow-venv/lib/python3.12/site-packages/airflow/example_dags/example_short_circuit_operator.py for tasks to queue
[2026-05-08T18:18:09.797+0100] {logging_mixin.py:188} INFO - [2026-05-08T18:18:09.796+0100] {dagbag.py:540} INFO - Filling up the DagBag from /home/najma/airflow-venv/lib/python3.12/site-packages/airflow/example_dags/example_short_circuit_operator.py
[2026-05-08T18:18:09.805+0100] {processor.py:840} INFO - DAG(s) 'example_short_circuit_operator' retrieved from /home/najma/airflow-venv/lib/python3.12/site-packages/airflow/example_dags/example_short_circuit_operator.py
[2026-05-08T18:18:09.837+0100] {logging_mixin.py:188} INFO - [2026-05-08T18:18:09.837+0100] {dag.py:3096} INFO - Sync 1 DAGs
[2026-05-08T18:18:09.867+0100] {logging_mixin.py:188} INFO - [2026-05-08T18:18:09.865+0100] {dag.py:3954} INFO - Setting next_dagrun for example_short_circuit_operator to 2026-05-07 00:00:00+00:00, run_after=2026-05-08 00:00:00+00:00
[2026-05-08T18:18:09.972+0100] {processor.py:183} INFO - Processing /home/najma/airflow-venv/lib/python3.12/site-packages/airflow/example_dags/example_short_circuit_operator.py took 0.183 seconds
[2026-05-08T18:19:18.165+0100] {processor.py:161} INFO - Started process (PID=12023) to work on /home/najma/airflow-venv/lib/python3.12/site-packages/airflow/example_dags/example_short_circuit_operator.py
[2026-05-08T18:19:18.166+0100] {processor.py:830} INFO - Processing file /home/najma/airflow-venv/lib/python3.12/site-packages/airflow/example_dags/example_short_circuit_operator.py for tasks to queue
[2026-05-08T18:19:18.168+0100] {logging_mixin.py:188} INFO - [2026-05-08T18:19:18.168+0100] {dagbag.py:540} INFO - Filling up the DagBag from /home/najma/airflow-venv/lib/python3.12/site-packages/airflow/example_dags/example_short_circuit_operator.py
[2026-05-08T18:19:18.175+0100] {processor.py:840} INFO - DAG(s) 'example_short_circuit_operator' retrieved from /home/najma/airflow-venv/lib/python3.12/site-packages/airflow/example_dags/example_short_circuit_operator.py
[2026-05-08T18:19:18.206+0100] {logging_mixin.py:188} INFO - [2026-05-08T18:19:18.206+0100] {dag.py:3096} INFO - Sync 1 DAGs
[2026-05-08T18:19:18.234+0100] {logging_mixin.py:188} INFO - [2026-05-08T18:19:18.234+0100] {dag.py:3954} INFO - Setting next_dagrun for example_short_circuit_operator to 2026-05-07 00:00:00+00:00, run_after=2026-05-08 00:00:00+00:00
[2026-05-08T18:19:18.320+0100] {processor.py:183} INFO - Processing /home/najma/airflow-venv/lib/python3.12/site-packages/airflow/example_dags/example_short_circuit_operator.py took 0.159 seconds
[2026-05-08T18:20:25.208+0100] {processor.py:161} INFO - Started process (PID=12080) to work on /home/najma/airflow-venv/lib/python3.12/site-packages/airflow/example_dags/example_short_circuit_operator.py
[2026-05-08T18:20:25.209+0100] {processor.py:830} INFO - Processing file /home/najma/airflow-venv/lib/python3.12/site-packages/airflow/example_dags/example_short_circuit_operator.py for tasks to queue
[2026-05-08T18:20:25.210+0100] {logging_mixin.py:188} INFO - [2026-05-08T18:20:25.210+0100] {dagbag.py:540} INFO - Filling up the DagBag from /home/najma/airflow-venv/lib/python3.12/site-packages/airflow/example_dags/example_short_circuit_operator.py
[2026-05-08T18:20:25.217+0100] {processor.py:840} INFO - DAG(s) 'example_short_circuit_operator' retrieved from /home/najma/airflow-venv/lib/python3.12/site-packages/airflow/example_dags/example_short_circuit_operator.py
[2026-05-08T18:20:25.242+0100] {logging_mixin.py:188} INFO - [2026-05-08T18:20:25.242+0100] {dag.py:3096} INFO - Sync 1 DAGs
[2026-05-08T18:20:25.267+0100] {logging_mixin.py:188} INFO - [2026-05-08T18:20:25.267+0100] {dag.py:3954} INFO - Setting next_dagrun for example_short_circuit_operator to 2026-05-07 00:00:00+00:00, run_after=2026-05-08 00:00:00+00:00
[2026-05-08T18:20:25.362+0100] {processor.py:183} INFO - Processing /home/najma/airflow-venv/lib/python3.12/site-packages/airflow/example_dags/example_short_circuit_operator.py took 0.158 seconds
[2026-05-08T18:21:38.288+0100] {processor.py:161} INFO - Started process (PID=12138) to work on /home/najma/airflow-venv/lib/python3.12/site-packages/airflow/example_dags/example_short_circuit_operator.py
[2026-05-08T18:21:38.290+0100] {processor.py:830} INFO - Processing file /home/najma/airflow-venv/lib/python3.12/site-packages/airflow/example_dags/example_short_circuit_operator.py for tasks to queue
[2026-05-08T18:21:38.296+0100] {logging_mixin.py:188} INFO - [2026-05-08T18:21:38.296+0100] {dagbag.py:540} INFO - Filling up the DagBag from /home/najma/airflow-venv/lib/python3.12/site-packages/airflow/example_dags/example_short_circuit_operator.py
[2026-05-08T18:21:38.304+0100] {processor.py:840} INFO - DAG(s) 'example_short_circuit_operator' retrieved from /home/najma/airflow-venv/lib/python3.12/site-packages/airflow/example_dags/example_short_circuit_operator.py
[2026-05-08T18:21:38.352+0100] {logging_mixin.py:188} INFO - [2026-05-08T18:21:38.352+0100] {dag.py:3096} INFO - Sync 1 DAGs
[2026-05-08T18:21:38.381+0100] {logging_mixin.py:188} INFO - [2026-05-08T18:21:38.381+0100] {dag.py:3954} INFO - Setting next_dagrun for example_short_circuit_operator to 2026-05-07 00:00:00+00:00, run_after=2026-05-08 00:00:00+00:00
[2026-05-08T18:21:38.480+0100] {processor.py:183} INFO - Processing /home/najma/airflow-venv/lib/python3.12/site-packages/airflow/example_dags/example_short_circuit_operator.py took 0.197 seconds
[2026-05-08T18:22:48.821+0100] {processor.py:161} INFO - Started process (PID=12196) to work on /home/najma/airflow-venv/lib/python3.12/site-packages/airflow/example_dags/example_short_circuit_operator.py
[2026-05-08T18:22:48.823+0100] {processor.py:830} INFO - Processing file /home/najma/airflow-venv/lib/python3.12/site-packages/airflow/example_dags/example_short_circuit_operator.py for tasks to queue
[2026-05-08T18:22:48.825+0100] {logging_mixin.py:188} INFO - [2026-05-08T18:22:48.824+0100] {dagbag.py:540} INFO - Filling up the DagBag from /home/najma/airflow-venv/lib/python3.12/site-packages/airflow/example_dags/example_short_circuit_operator.py
[2026-05-08T18:22:48.834+0100] {processor.py:840} INFO - DAG(s) 'example_short_circuit_operator' retrieved from /home/najma/airflow-venv/lib/python3.12/site-packages/airflow/example_dags/example_short_circuit_operator.py
[2026-05-08T18:22:48.869+0100] {logging_mixin.py:188} INFO - [2026-05-08T18:22:48.868+0100] {dag.py:3096} INFO - Sync 1 DAGs
[2026-05-08T18:22:48.901+0100] {logging_mixin.py:188} INFO - [2026-05-08T18:22:48.900+0100] {dag.py:3954} INFO - Setting next_dagrun for example_short_circuit_operator to 2026-05-07 00:00:00+00:00, run_after=2026-05-08 00:00:00+00:00
[2026-05-08T18:22:48.987+0100] {processor.py:183} INFO - Processing /home/najma/airflow-venv/lib/python3.12/site-packages/airflow/example_dags/example_short_circuit_operator.py took 0.170 seconds
[2026-05-08T18:23:55.732+0100] {processor.py:161} INFO - Started process (PID=12250) to work on /home/najma/airflow-venv/lib/python3.12/site-packages/airflow/example_dags/example_short_circuit_operator.py
[2026-05-08T18:23:55.733+0100] {processor.py:830} INFO - Processing file /home/najma/airflow-venv/lib/python3.12/site-packages/airflow/example_dags/example_short_circuit_operator.py for tasks to queue
[2026-05-08T18:23:55.735+0100] {logging_mixin.py:188} INFO - [2026-05-08T18:23:55.734+0100] {dagbag.py:540} INFO - Filling up the DagBag from /home/najma/airflow-venv/lib/python3.12/site-packages/airflow/example_dags/example_short_circuit_operator.py
[2026-05-08T18:23:55.740+0100] {processor.py:840} INFO - DAG(s) 'example_short_circuit_operator' retrieved from /home/najma/airflow-venv/lib/python3.12/site-packages/airflow/example_dags/example_short_circuit_operator.py
[2026-05-08T18:23:55.773+0100] {logging_mixin.py:188} INFO - [2026-05-08T18:23:55.773+0100] {dag.py:3096} INFO - Sync 1 DAGs
[2026-05-08T18:23:55.801+0100] {logging_mixin.py:188} INFO - [2026-05-08T18:23:55.801+0100] {dag.py:3954} INFO - Setting next_dagrun for example_short_circuit_operator to 2026-05-07 00:00:00+00:00, run_after=2026-05-08 00:00:00+00:00
[2026-05-08T18:23:55.899+0100] {processor.py:183} INFO - Processing /home/najma/airflow-venv/lib/python3.12/site-packages/airflow/example_dags/example_short_circuit_operator.py took 0.171 seconds
[2026-05-08T18:25:08.176+0100] {processor.py:161} INFO - Started process (PID=12312) to work on /home/najma/airflow-venv/lib/python3.12/site-packages/airflow/example_dags/example_short_circuit_operator.py
[2026-05-08T18:25:08.178+0100] {processor.py:830} INFO - Processing file /home/najma/airflow-venv/lib/python3.12/site-packages/airflow/example_dags/example_short_circuit_operator.py for tasks to queue
[2026-05-08T18:25:08.180+0100] {logging_mixin.py:188} INFO - [2026-05-08T18:25:08.179+0100] {dagbag.py:540} INFO - Filling up the DagBag from /home/najma/airflow-venv/lib/python3.12/site-packages/airflow/example_dags/example_short_circuit_operator.py
[2026-05-08T18:25:08.185+0100] {processor.py:840} INFO - DAG(s) 'example_short_circuit_operator' retrieved from /home/najma/airflow-venv/lib/python3.12/site-packages/airflow/example_dags/example_short_circuit_operator.py
[2026-05-08T18:25:08.220+0100] {logging_mixin.py:188} INFO - [2026-05-08T18:25:08.219+0100] {dag.py:3096} INFO - Sync 1 DAGs
[2026-05-08T18:25:08.245+0100] {logging_mixin.py:188} INFO - [2026-05-08T18:25:08.245+0100] {dag.py:3954} INFO - Setting next_dagrun for example_short_circuit_operator to 2026-05-07 00:00:00+00:00, run_after=2026-05-08 00:00:00+00:00
[2026-05-08T18:25:08.349+0100] {processor.py:183} INFO - Processing /home/najma/airflow-venv/lib/python3.12/site-packages/airflow/example_dags/example_short_circuit_operator.py took 0.177 seconds
[2026-05-08T18:26:14.429+0100] {processor.py:161} INFO - Started process (PID=12381) to work on /home/najma/airflow-venv/lib/python3.12/site-packages/airflow/example_dags/example_short_circuit_operator.py
[2026-05-08T18:26:14.431+0100] {processor.py:830} INFO - Processing file /home/najma/airflow-venv/lib/python3.12/site-packages/airflow/example_dags/example_short_circuit_operator.py for tasks to queue
[2026-05-08T18:26:14.432+0100] {logging_mixin.py:188} INFO - [2026-05-08T18:26:14.432+0100] {dagbag.py:540} INFO - Filling up the DagBag from /home/najma/airflow-venv/lib/python3.12/site-packages/airflow/example_dags/example_short_circuit_operator.py
[2026-05-08T18:26:14.441+0100] {processor.py:840} INFO - DAG(s) 'example_short_circuit_operator' retrieved from /home/najma/airflow-venv/lib/python3.12/site-packages/airflow/example_dags/example_short_circuit_operator.py
[2026-05-08T18:26:14.475+0100] {logging_mixin.py:188} INFO - [2026-05-08T18:26:14.474+0100] {dag.py:3096} INFO - Sync 1 DAGs
[2026-05-08T18:26:14.501+0100] {logging_mixin.py:188} INFO - [2026-05-08T18:26:14.500+0100] {dag.py:3954} INFO - Setting next_dagrun for example_short_circuit_operator to 2026-05-07 00:00:00+00:00, run_after=2026-05-08 00:00:00+00:00
[2026-05-08T18:26:14.599+0100] {processor.py:183} INFO - Processing /home/najma/airflow-venv/lib/python3.12/site-packages/airflow/example_dags/example_short_circuit_operator.py took 0.173 seconds
[2026-05-08T18:27:40.826+0100] {processor.py:161} INFO - Started process (PID=12444) to work on /home/najma/airflow-venv/lib/python3.12/site-packages/airflow/example_dags/example_short_circuit_operator.py
[2026-05-08T18:27:40.827+0100] {processor.py:830} INFO - Processing file /home/najma/airflow-venv/lib/python3.12/site-packages/airflow/example_dags/example_short_circuit_operator.py for tasks to queue
[2026-05-08T18:27:40.829+0100] {logging_mixin.py:188} INFO - [2026-05-08T18:27:40.829+0100] {dagbag.py:540} INFO - Filling up the DagBag from /home/najma/airflow-venv/lib/python3.12/site-packages/airflow/example_dags/example_short_circuit_operator.py
[2026-05-08T18:27:40.841+0100] {processor.py:840} INFO - DAG(s) 'example_short_circuit_operator' retrieved from /home/najma/airflow-venv/lib/python3.12/site-packages/airflow/example_dags/example_short_circuit_operator.py
[2026-05-08T18:27:40.872+0100] {logging_mixin.py:188} INFO - [2026-05-08T18:27:40.872+0100] {dag.py:3096} INFO - Sync 1 DAGs
[2026-05-08T18:27:40.894+0100] {logging_mixin.py:188} INFO - [2026-05-08T18:27:40.893+0100] {dag.py:3954} INFO - Setting next_dagrun for example_short_circuit_operator to 2026-05-07 00:00:00+00:00, run_after=2026-05-08 00:00:00+00:00
[2026-05-08T18:27:40.977+0100] {processor.py:183} INFO - Processing /home/najma/airflow-venv/lib/python3.12/site-packages/airflow/example_dags/example_short_circuit_operator.py took 0.155 seconds
[2026-05-08T18:28:59.102+0100] {processor.py:161} INFO - Started process (PID=12505) to work on /home/najma/airflow-venv/lib/python3.12/site-packages/airflow/example_dags/example_short_circuit_operator.py
[2026-05-08T18:28:59.105+0100] {processor.py:830} INFO - Processing file /home/najma/airflow-venv/lib/python3.12/site-packages/airflow/example_dags/example_short_circuit_operator.py for tasks to queue
[2026-05-08T18:28:59.107+0100] {logging_mixin.py:188} INFO - [2026-05-08T18:28:59.106+0100] {dagbag.py:540} INFO - Filling up the DagBag from /home/najma/airflow-venv/lib/python3.12/site-packages/airflow/example_dags/example_short_circuit_operator.py
[2026-05-08T18:28:59.114+0100] {processor.py:840} INFO - DAG(s) 'example_short_circuit_operator' retrieved from /home/najma/airflow-venv/lib/python3.12/site-packages/airflow/example_dags/example_short_circuit_operator.py
[2026-05-08T18:28:59.147+0100] {logging_mixin.py:188} INFO - [2026-05-08T18:28:59.146+0100] {dag.py:3096} INFO - Sync 1 DAGs
[2026-05-08T18:28:59.178+0100] {logging_mixin.py:188} INFO - [2026-05-08T18:28:59.178+0100] {dag.py:3954} INFO - Setting next_dagrun for example_short_circuit_operator to 2026-05-07 00:00:00+00:00, run_after=2026-05-08 00:00:00+00:00
[2026-05-08T18:28:59.302+0100] {processor.py:183} INFO - Processing /home/najma/airflow-venv/lib/python3.12/site-packages/airflow/example_dags/example_short_circuit_operator.py took 0.204 seconds
[2026-05-08T18:30:14.660+0100] {processor.py:161} INFO - Started process (PID=12565) to work on /home/najma/airflow-venv/lib/python3.12/site-packages/airflow/example_dags/example_short_circuit_operator.py
[2026-05-08T18:30:14.662+0100] {processor.py:830} INFO - Processing file /home/najma/airflow-venv/lib/python3.12/site-packages/airflow/example_dags/example_short_circuit_operator.py for tasks to queue
[2026-05-08T18:30:14.664+0100] {logging_mixin.py:188} INFO - [2026-05-08T18:30:14.664+0100] {dagbag.py:540} INFO - Filling up the DagBag from /home/najma/airflow-venv/lib/python3.12/site-packages/airflow/example_dags/example_short_circuit_operator.py
[2026-05-08T18:30:14.676+0100] {processor.py:840} INFO - DAG(s) 'example_short_circuit_operator' retrieved from /home/najma/airflow-venv/lib/python3.12/site-packages/airflow/example_dags/example_short_circuit_operator.py
[2026-05-08T18:30:14.710+0100] {logging_mixin.py:188} INFO - [2026-05-08T18:30:14.710+0100] {dag.py:3096} INFO - Sync 1 DAGs
[2026-05-08T18:30:14.748+0100] {logging_mixin.py:188} INFO - [2026-05-08T18:30:14.748+0100] {dag.py:3954} INFO - Setting next_dagrun for example_short_circuit_operator to 2026-05-07 00:00:00+00:00, run_after=2026-05-08 00:00:00+00:00
[2026-05-08T18:30:14.842+0100] {processor.py:183} INFO - Processing /home/najma/airflow-venv/lib/python3.12/site-packages/airflow/example_dags/example_short_circuit_operator.py took 0.185 seconds
[2026-05-08T18:31:30.598+0100] {processor.py:161} INFO - Started process (PID=12625) to work on /home/najma/airflow-venv/lib/python3.12/site-packages/airflow/example_dags/example_short_circuit_operator.py
[2026-05-08T18:31:30.599+0100] {processor.py:830} INFO - Processing file /home/najma/airflow-venv/lib/python3.12/site-packages/airflow/example_dags/example_short_circuit_operator.py for tasks to queue
[2026-05-08T18:31:30.601+0100] {logging_mixin.py:188} INFO - [2026-05-08T18:31:30.601+0100] {dagbag.py:540} INFO - Filling up the DagBag from /home/najma/airflow-venv/lib/python3.12/site-packages/airflow/example_dags/example_short_circuit_operator.py
[2026-05-08T18:31:30.607+0100] {processor.py:840} INFO - DAG(s) 'example_short_circuit_operator' retrieved from /home/najma/airflow-venv/lib/python3.12/site-packages/airflow/example_dags/example_short_circuit_operator.py
[2026-05-08T18:31:30.635+0100] {logging_mixin.py:188} INFO - [2026-05-08T18:31:30.635+0100] {dag.py:3096} INFO - Sync 1 DAGs
[2026-05-08T18:31:30.660+0100] {logging_mixin.py:188} INFO - [2026-05-08T18:31:30.660+0100] {dag.py:3954} INFO - Setting next_dagrun for example_short_circuit_operator to 2026-05-07 00:00:00+00:00, run_after=2026-05-08 00:00:00+00:00
[2026-05-08T18:31:30.742+0100] {processor.py:183} INFO - Processing /home/najma/airflow-venv/lib/python3.12/site-packages/airflow/example_dags/example_short_circuit_operator.py took 0.148 seconds
[2026-05-08T18:32:47.243+0100] {processor.py:161} INFO - Started process (PID=12683) to work on /home/najma/airflow-venv/lib/python3.12/site-packages/airflow/example_dags/example_short_circuit_operator.py
[2026-05-08T18:32:47.246+0100] {processor.py:830} INFO - Processing file /home/najma/airflow-venv/lib/python3.12/site-packages/airflow/example_dags/example_short_circuit_operator.py for tasks to queue
[2026-05-08T18:32:47.254+0100] {logging_mixin.py:188} INFO - [2026-05-08T18:32:47.254+0100] {dagbag.py:540} INFO - Filling up the DagBag from /home/najma/airflow-venv/lib/python3.12/site-packages/airflow/example_dags/example_short_circuit_operator.py
[2026-05-08T18:32:47.266+0100] {processor.py:840} INFO - DAG(s) 'example_short_circuit_operator' retrieved from /home/najma/airflow-venv/lib/python3.12/site-packages/airflow/example_dags/example_short_circuit_operator.py
[2026-05-08T18:32:47.343+0100] {logging_mixin.py:188} INFO - [2026-05-08T18:32:47.342+0100] {dag.py:3096} INFO - Sync 1 DAGs
[2026-05-08T18:32:47.392+0100] {logging_mixin.py:188} INFO - [2026-05-08T18:32:47.392+0100] {dag.py:3954} INFO - Setting next_dagrun for example_short_circuit_operator to 2026-05-07 00:00:00+00:00, run_after=2026-05-08 00:00:00+00:00
[2026-05-08T18:32:47.538+0100] {processor.py:183} INFO - Processing /home/najma/airflow-venv/lib/python3.12/site-packages/airflow/example_dags/example_short_circuit_operator.py took 0.300 seconds
[2026-05-08T18:34:05.055+0100] {processor.py:161} INFO - Started process (PID=12743) to work on /home/najma/airflow-venv/lib/python3.12/site-packages/airflow/example_dags/example_short_circuit_operator.py
[2026-05-08T18:34:05.056+0100] {processor.py:830} INFO - Processing file /home/najma/airflow-venv/lib/python3.12/site-packages/airflow/example_dags/example_short_circuit_operator.py for tasks to queue
[2026-05-08T18:34:05.057+0100] {logging_mixin.py:188} INFO - [2026-05-08T18:34:05.057+0100] {dagbag.py:540} INFO - Filling up the DagBag from /home/najma/airflow-venv/lib/python3.12/site-packages/airflow/example_dags/example_short_circuit_operator.py
[2026-05-08T18:34:05.063+0100] {processor.py:840} INFO - DAG(s) 'example_short_circuit_operator' retrieved from /home/najma/airflow-venv/lib/python3.12/site-packages/airflow/example_dags/example_short_circuit_operator.py
[2026-05-08T18:34:05.095+0100] {logging_mixin.py:188} INFO - [2026-05-08T18:34:05.095+0100] {dag.py:3096} INFO - Sync 1 DAGs
[2026-05-08T18:34:05.122+0100] {logging_mixin.py:188} INFO - [2026-05-08T18:34:05.122+0100] {dag.py:3954} INFO - Setting next_dagrun for example_short_circuit_operator to 2026-05-07 00:00:00+00:00, run_after=2026-05-08 00:00:00+00:00
[2026-05-08T18:34:05.207+0100] {processor.py:183} INFO - Processing /home/najma/airflow-venv/lib/python3.12/site-packages/airflow/example_dags/example_short_circuit_operator.py took 0.157 seconds
[2026-05-08T18:35:11.367+0100] {processor.py:161} INFO - Started process (PID=12821) to work on /home/najma/airflow-venv/lib/python3.12/site-packages/airflow/example_dags/example_short_circuit_operator.py
[2026-05-08T18:35:11.368+0100] {processor.py:830} INFO - Processing file /home/najma/airflow-venv/lib/python3.12/site-packages/airflow/example_dags/example_short_circuit_operator.py for tasks to queue
[2026-05-08T18:35:11.370+0100] {logging_mixin.py:188} INFO - [2026-05-08T18:35:11.369+0100] {dagbag.py:540} INFO - Filling up the DagBag from /home/najma/airflow-venv/lib/python3.12/site-packages/airflow/example_dags/example_short_circuit_operator.py
[2026-05-08T18:35:11.379+0100] {processor.py:840} INFO - DAG(s) 'example_short_circuit_operator' retrieved from /home/najma/airflow-venv/lib/python3.12/site-packages/airflow/example_dags/example_short_circuit_operator.py
[2026-05-08T18:35:11.412+0100] {logging_mixin.py:188} INFO - [2026-05-08T18:35:11.411+0100] {dag.py:3096} INFO - Sync 1 DAGs
[2026-05-08T18:35:11.435+0100] {logging_mixin.py:188} INFO - [2026-05-08T18:35:11.435+0100] {dag.py:3954} INFO - Setting next_dagrun for example_short_circuit_operator to 2026-05-07 00:00:00+00:00, run_after=2026-05-08 00:00:00+00:00
[2026-05-08T18:35:11.518+0100] {processor.py:183} INFO - Processing /home/najma/airflow-venv/lib/python3.12/site-packages/airflow/example_dags/example_short_circuit_operator.py took 0.156 seconds
[2026-05-08T18:36:24.012+0100] {processor.py:161} INFO - Started process (PID=12881) to work on /home/najma/airflow-venv/lib/python3.12/site-packages/airflow/example_dags/example_short_circuit_operator.py
[2026-05-08T18:36:24.014+0100] {processor.py:830} INFO - Processing file /home/najma/airflow-venv/lib/python3.12/site-packages/airflow/example_dags/example_short_circuit_operator.py for tasks to queue
[2026-05-08T18:36:24.015+0100] {logging_mixin.py:188} INFO - [2026-05-08T18:36:24.014+0100] {dagbag.py:540} INFO - Filling up the DagBag from /home/najma/airflow-venv/lib/python3.12/site-packages/airflow/example_dags/example_short_circuit_operator.py
[2026-05-08T18:36:24.024+0100] {processor.py:840} INFO - DAG(s) 'example_short_circuit_operator' retrieved from /home/najma/airflow-venv/lib/python3.12/site-packages/airflow/example_dags/example_short_circuit_operator.py
[2026-05-08T18:36:24.055+0100] {logging_mixin.py:188} INFO - [2026-05-08T18:36:24.055+0100] {dag.py:3096} INFO - Sync 1 DAGs
[2026-05-08T18:36:24.083+0100] {logging_mixin.py:188} INFO - [2026-05-08T18:36:24.083+0100] {dag.py:3954} INFO - Setting next_dagrun for example_short_circuit_operator to 2026-05-07 00:00:00+00:00, run_after=2026-05-08 00:00:00+00:00
[2026-05-08T18:36:24.179+0100] {processor.py:183} INFO - Processing /home/najma/airflow-venv/lib/python3.12/site-packages/airflow/example_dags/example_short_circuit_operator.py took 0.172 seconds
[2026-05-08T18:37:41.212+0100] {processor.py:161} INFO - Started process (PID=12941) to work on /home/najma/airflow-venv/lib/python3.12/site-packages/airflow/example_dags/example_short_circuit_operator.py
[2026-05-08T18:37:41.214+0100] {processor.py:830} INFO - Processing file /home/najma/airflow-venv/lib/python3.12/site-packages/airflow/example_dags/example_short_circuit_operator.py for tasks to queue
[2026-05-08T18:37:41.215+0100] {logging_mixin.py:188} INFO - [2026-05-08T18:37:41.215+0100] {dagbag.py:540} INFO - Filling up the DagBag from /home/najma/airflow-venv/lib/python3.12/site-packages/airflow/example_dags/example_short_circuit_operator.py
[2026-05-08T18:37:41.222+0100] {processor.py:840} INFO - DAG(s) 'example_short_circuit_operator' retrieved from /home/najma/airflow-venv/lib/python3.12/site-packages/airflow/example_dags/example_short_circuit_operator.py
[2026-05-08T18:37:41.254+0100] {logging_mixin.py:188} INFO - [2026-05-08T18:37:41.254+0100] {dag.py:3096} INFO - Sync 1 DAGs
[2026-05-08T18:37:41.278+0100] {logging_mixin.py:188} INFO - [2026-05-08T18:37:41.278+0100] {dag.py:3954} INFO - Setting next_dagrun for example_short_circuit_operator to 2026-05-07 00:00:00+00:00, run_after=2026-05-08 00:00:00+00:00
[2026-05-08T18:37:41.367+0100] {processor.py:183} INFO - Processing /home/najma/airflow-venv/lib/python3.12/site-packages/airflow/example_dags/example_short_circuit_operator.py took 0.159 seconds
[2026-05-08T18:38:58.024+0100] {processor.py:161} INFO - Started process (PID=13008) to work on /home/najma/airflow-venv/lib/python3.12/site-packages/airflow/example_dags/example_short_circuit_operator.py
[2026-05-08T18:38:58.026+0100] {processor.py:830} INFO - Processing file /home/najma/airflow-venv/lib/python3.12/site-packages/airflow/example_dags/example_short_circuit_operator.py for tasks to queue
[2026-05-08T18:38:58.027+0100] {logging_mixin.py:188} INFO - [2026-05-08T18:38:58.027+0100] {dagbag.py:540} INFO - Filling up the DagBag from /home/najma/airflow-venv/lib/python3.12/site-packages/airflow/example_dags/example_short_circuit_operator.py
[2026-05-08T18:38:58.037+0100] {processor.py:840} INFO - DAG(s) 'example_short_circuit_operator' retrieved from /home/najma/airflow-venv/lib/python3.12/site-packages/airflow/example_dags/example_short_circuit_operator.py
[2026-05-08T18:38:58.069+0100] {logging_mixin.py:188} INFO - [2026-05-08T18:38:58.069+0100] {dag.py:3096} INFO - Sync 1 DAGs
[2026-05-08T18:38:58.096+0100] {logging_mixin.py:188} INFO - [2026-05-08T18:38:58.096+0100] {dag.py:3954} INFO - Setting next_dagrun for example_short_circuit_operator to 2026-05-07 00:00:00+00:00, run_after=2026-05-08 00:00:00+00:00
[2026-05-08T18:38:58.191+0100] {processor.py:183} INFO - Processing /home/najma/airflow-venv/lib/python3.12/site-packages/airflow/example_dags/example_short_circuit_operator.py took 0.170 seconds
