[2026-05-08T16:43:02.883+0100] {processor.py:161} INFO - Started process (PID=9547) to work on /home/najma/airflow-venv/lib/python3.12/site-packages/airflow/example_dags/example_python_decorator.py
[2026-05-08T16:43:02.884+0100] {processor.py:830} INFO - Processing file /home/najma/airflow-venv/lib/python3.12/site-packages/airflow/example_dags/example_python_decorator.py for tasks to queue
[2026-05-08T16:43:02.886+0100] {logging_mixin.py:188} INFO - [2026-05-08T16:43:02.885+0100] {dagbag.py:540} INFO - Filling up the DagBag from /home/najma/airflow-venv/lib/python3.12/site-packages/airflow/example_dags/example_python_decorator.py
[2026-05-08T16:43:02.998+0100] {logging_mixin.py:188} INFO - [2026-05-08T16:43:02.998+0100] {example_python_decorator.py:80} WARNING - The virtalenv_python example task requires virtualenv, please install it.
[2026-05-08T16:43:02.999+0100] {processor.py:840} INFO - DAG(s) 'example_python_decorator' retrieved from /home/najma/airflow-venv/lib/python3.12/site-packages/airflow/example_dags/example_python_decorator.py
[2026-05-08T16:43:03.190+0100] {logging_mixin.py:188} INFO - [2026-05-08T16:43:03.189+0100] {override.py:1829} INFO - Created Permission View: can read on DAG:example_python_decorator
[2026-05-08T16:43:03.240+0100] {logging_mixin.py:188} INFO - [2026-05-08T16:43:03.239+0100] {override.py:1829} INFO - Created Permission View: can edit on DAG:example_python_decorator
[2026-05-08T16:43:03.281+0100] {logging_mixin.py:188} INFO - [2026-05-08T16:43:03.280+0100] {override.py:1829} INFO - Created Permission View: can delete on DAG:example_python_decorator
[2026-05-08T16:43:03.282+0100] {logging_mixin.py:188} INFO - [2026-05-08T16:43:03.282+0100] {dag.py:3096} INFO - Sync 1 DAGs
[2026-05-08T16:43:03.300+0100] {logging_mixin.py:188} INFO - [2026-05-08T16:43:03.300+0100] {dag.py:3118} INFO - Creating ORM DAG for example_python_decorator
[2026-05-08T16:43:03.302+0100] {logging_mixin.py:188} INFO - [2026-05-08T16:43:03.302+0100] {dag.py:3954} INFO - Setting next_dagrun for example_python_decorator to None, run_after=None
[2026-05-08T16:43:03.389+0100] {processor.py:183} INFO - Processing /home/najma/airflow-venv/lib/python3.12/site-packages/airflow/example_dags/example_python_decorator.py took 0.511 seconds
[2026-05-08T16:44:16.186+0100] {processor.py:161} INFO - Started process (PID=9608) to work on /home/najma/airflow-venv/lib/python3.12/site-packages/airflow/example_dags/example_python_decorator.py
[2026-05-08T16:44:16.187+0100] {processor.py:830} INFO - Processing file /home/najma/airflow-venv/lib/python3.12/site-packages/airflow/example_dags/example_python_decorator.py for tasks to queue
[2026-05-08T16:44:16.189+0100] {logging_mixin.py:188} INFO - [2026-05-08T16:44:16.189+0100] {dagbag.py:540} INFO - Filling up the DagBag from /home/najma/airflow-venv/lib/python3.12/site-packages/airflow/example_dags/example_python_decorator.py
[2026-05-08T16:44:16.426+0100] {logging_mixin.py:188} INFO - [2026-05-08T16:44:16.426+0100] {example_python_decorator.py:80} WARNING - The virtalenv_python example task requires virtualenv, please install it.
[2026-05-08T16:44:16.428+0100] {processor.py:840} INFO - DAG(s) 'example_python_decorator' retrieved from /home/najma/airflow-venv/lib/python3.12/site-packages/airflow/example_dags/example_python_decorator.py
[2026-05-08T16:44:16.483+0100] {logging_mixin.py:188} INFO - [2026-05-08T16:44:16.483+0100] {dag.py:3096} INFO - Sync 1 DAGs
[2026-05-08T16:44:16.501+0100] {logging_mixin.py:188} INFO - [2026-05-08T16:44:16.501+0100] {dag.py:3954} INFO - Setting next_dagrun for example_python_decorator to None, run_after=None
[2026-05-08T16:44:16.665+0100] {processor.py:183} INFO - Processing /home/najma/airflow-venv/lib/python3.12/site-packages/airflow/example_dags/example_python_decorator.py took 0.485 seconds
[2026-05-08T16:45:41.036+0100] {processor.py:161} INFO - Started process (PID=9681) to work on /home/najma/airflow-venv/lib/python3.12/site-packages/airflow/example_dags/example_python_decorator.py
[2026-05-08T16:45:41.041+0100] {processor.py:830} INFO - Processing file /home/najma/airflow-venv/lib/python3.12/site-packages/airflow/example_dags/example_python_decorator.py for tasks to queue
[2026-05-08T16:45:41.042+0100] {logging_mixin.py:188} INFO - [2026-05-08T16:45:41.042+0100] {dagbag.py:540} INFO - Filling up the DagBag from /home/najma/airflow-venv/lib/python3.12/site-packages/airflow/example_dags/example_python_decorator.py
[2026-05-08T16:45:41.136+0100] {logging_mixin.py:188} INFO - [2026-05-08T16:45:41.136+0100] {example_python_decorator.py:80} WARNING - The virtalenv_python example task requires virtualenv, please install it.
[2026-05-08T16:45:41.137+0100] {processor.py:840} INFO - DAG(s) 'example_python_decorator' retrieved from /home/najma/airflow-venv/lib/python3.12/site-packages/airflow/example_dags/example_python_decorator.py
[2026-05-08T16:45:41.162+0100] {logging_mixin.py:188} INFO - [2026-05-08T16:45:41.162+0100] {dag.py:3096} INFO - Sync 1 DAGs
[2026-05-08T16:45:41.177+0100] {logging_mixin.py:188} INFO - [2026-05-08T16:45:41.177+0100] {dag.py:3954} INFO - Setting next_dagrun for example_python_decorator to None, run_after=None
[2026-05-08T16:45:41.262+0100] {processor.py:183} INFO - Processing /home/najma/airflow-venv/lib/python3.12/site-packages/airflow/example_dags/example_python_decorator.py took 0.230 seconds
[2026-05-08T16:46:56.804+0100] {processor.py:161} INFO - Started process (PID=9754) to work on /home/najma/airflow-venv/lib/python3.12/site-packages/airflow/example_dags/example_python_decorator.py
[2026-05-08T16:46:56.806+0100] {processor.py:830} INFO - Processing file /home/najma/airflow-venv/lib/python3.12/site-packages/airflow/example_dags/example_python_decorator.py for tasks to queue
[2026-05-08T16:46:56.808+0100] {logging_mixin.py:188} INFO - [2026-05-08T16:46:56.807+0100] {dagbag.py:540} INFO - Filling up the DagBag from /home/najma/airflow-venv/lib/python3.12/site-packages/airflow/example_dags/example_python_decorator.py
[2026-05-08T16:46:56.914+0100] {logging_mixin.py:188} INFO - [2026-05-08T16:46:56.914+0100] {example_python_decorator.py:80} WARNING - The virtalenv_python example task requires virtualenv, please install it.
[2026-05-08T16:46:56.915+0100] {processor.py:840} INFO - DAG(s) 'example_python_decorator' retrieved from /home/najma/airflow-venv/lib/python3.12/site-packages/airflow/example_dags/example_python_decorator.py
[2026-05-08T16:46:56.942+0100] {logging_mixin.py:188} INFO - [2026-05-08T16:46:56.941+0100] {dag.py:3096} INFO - Sync 1 DAGs
[2026-05-08T16:46:56.956+0100] {logging_mixin.py:188} INFO - [2026-05-08T16:46:56.956+0100] {dag.py:3954} INFO - Setting next_dagrun for example_python_decorator to None, run_after=None
[2026-05-08T16:46:57.049+0100] {processor.py:183} INFO - Processing /home/najma/airflow-venv/lib/python3.12/site-packages/airflow/example_dags/example_python_decorator.py took 0.248 seconds
[2026-05-08T16:48:13.005+0100] {processor.py:161} INFO - Started process (PID=9824) to work on /home/najma/airflow-venv/lib/python3.12/site-packages/airflow/example_dags/example_python_decorator.py
[2026-05-08T16:48:13.006+0100] {processor.py:830} INFO - Processing file /home/najma/airflow-venv/lib/python3.12/site-packages/airflow/example_dags/example_python_decorator.py for tasks to queue
[2026-05-08T16:48:13.007+0100] {logging_mixin.py:188} INFO - [2026-05-08T16:48:13.007+0100] {dagbag.py:540} INFO - Filling up the DagBag from /home/najma/airflow-venv/lib/python3.12/site-packages/airflow/example_dags/example_python_decorator.py
[2026-05-08T16:48:13.104+0100] {logging_mixin.py:188} INFO - [2026-05-08T16:48:13.104+0100] {example_python_decorator.py:80} WARNING - The virtalenv_python example task requires virtualenv, please install it.
[2026-05-08T16:48:13.105+0100] {processor.py:840} INFO - DAG(s) 'example_python_decorator' retrieved from /home/najma/airflow-venv/lib/python3.12/site-packages/airflow/example_dags/example_python_decorator.py
[2026-05-08T16:48:13.138+0100] {logging_mixin.py:188} INFO - [2026-05-08T16:48:13.138+0100] {dag.py:3096} INFO - Sync 1 DAGs
[2026-05-08T16:48:13.153+0100] {logging_mixin.py:188} INFO - [2026-05-08T16:48:13.153+0100] {dag.py:3954} INFO - Setting next_dagrun for example_python_decorator to None, run_after=None
[2026-05-08T16:48:13.262+0100] {processor.py:183} INFO - Processing /home/najma/airflow-venv/lib/python3.12/site-packages/airflow/example_dags/example_python_decorator.py took 0.262 seconds
[2026-05-08T16:49:25.926+0100] {processor.py:161} INFO - Started process (PID=9889) to work on /home/najma/airflow-venv/lib/python3.12/site-packages/airflow/example_dags/example_python_decorator.py
[2026-05-08T16:49:25.927+0100] {processor.py:830} INFO - Processing file /home/najma/airflow-venv/lib/python3.12/site-packages/airflow/example_dags/example_python_decorator.py for tasks to queue
[2026-05-08T16:49:25.929+0100] {logging_mixin.py:188} INFO - [2026-05-08T16:49:25.929+0100] {dagbag.py:540} INFO - Filling up the DagBag from /home/najma/airflow-venv/lib/python3.12/site-packages/airflow/example_dags/example_python_decorator.py
[2026-05-08T16:49:26.045+0100] {logging_mixin.py:188} INFO - [2026-05-08T16:49:26.045+0100] {example_python_decorator.py:80} WARNING - The virtalenv_python example task requires virtualenv, please install it.
[2026-05-08T16:49:26.046+0100] {processor.py:840} INFO - DAG(s) 'example_python_decorator' retrieved from /home/najma/airflow-venv/lib/python3.12/site-packages/airflow/example_dags/example_python_decorator.py
[2026-05-08T16:49:26.072+0100] {logging_mixin.py:188} INFO - [2026-05-08T16:49:26.072+0100] {dag.py:3096} INFO - Sync 1 DAGs
[2026-05-08T16:49:26.086+0100] {logging_mixin.py:188} INFO - [2026-05-08T16:49:26.086+0100] {dag.py:3954} INFO - Setting next_dagrun for example_python_decorator to None, run_after=None
[2026-05-08T16:49:26.170+0100] {processor.py:183} INFO - Processing /home/najma/airflow-venv/lib/python3.12/site-packages/airflow/example_dags/example_python_decorator.py took 0.248 seconds
[2026-05-08T17:45:38.890+0100] {processor.py:161} INFO - Started process (PID=10248) to work on /home/najma/airflow-venv/lib/python3.12/site-packages/airflow/example_dags/example_python_decorator.py
[2026-05-08T17:45:38.892+0100] {processor.py:830} INFO - Processing file /home/najma/airflow-venv/lib/python3.12/site-packages/airflow/example_dags/example_python_decorator.py for tasks to queue
[2026-05-08T17:45:38.894+0100] {logging_mixin.py:188} INFO - [2026-05-08T17:45:38.893+0100] {dagbag.py:540} INFO - Filling up the DagBag from /home/najma/airflow-venv/lib/python3.12/site-packages/airflow/example_dags/example_python_decorator.py
[2026-05-08T17:45:39.045+0100] {logging_mixin.py:188} INFO - [2026-05-08T17:45:39.045+0100] {example_python_decorator.py:80} WARNING - The virtalenv_python example task requires virtualenv, please install it.
[2026-05-08T17:45:39.046+0100] {processor.py:840} INFO - DAG(s) 'example_python_decorator' retrieved from /home/najma/airflow-venv/lib/python3.12/site-packages/airflow/example_dags/example_python_decorator.py
[2026-05-08T17:45:39.094+0100] {logging_mixin.py:188} INFO - [2026-05-08T17:45:39.094+0100] {dag.py:3096} INFO - Sync 1 DAGs
[2026-05-08T17:45:39.111+0100] {logging_mixin.py:188} INFO - [2026-05-08T17:45:39.111+0100] {dag.py:3954} INFO - Setting next_dagrun for example_python_decorator to None, run_after=None
[2026-05-08T17:45:39.222+0100] {processor.py:183} INFO - Processing /home/najma/airflow-venv/lib/python3.12/site-packages/airflow/example_dags/example_python_decorator.py took 0.336 seconds
[2026-05-08T17:46:47.517+0100] {processor.py:161} INFO - Started process (PID=10322) to work on /home/najma/airflow-venv/lib/python3.12/site-packages/airflow/example_dags/example_python_decorator.py
[2026-05-08T17:46:47.518+0100] {processor.py:830} INFO - Processing file /home/najma/airflow-venv/lib/python3.12/site-packages/airflow/example_dags/example_python_decorator.py for tasks to queue
[2026-05-08T17:46:47.520+0100] {logging_mixin.py:188} INFO - [2026-05-08T17:46:47.519+0100] {dagbag.py:540} INFO - Filling up the DagBag from /home/najma/airflow-venv/lib/python3.12/site-packages/airflow/example_dags/example_python_decorator.py
[2026-05-08T17:46:47.711+0100] {logging_mixin.py:188} INFO - [2026-05-08T17:46:47.711+0100] {example_python_decorator.py:80} WARNING - The virtalenv_python example task requires virtualenv, please install it.
[2026-05-08T17:46:47.713+0100] {processor.py:840} INFO - DAG(s) 'example_python_decorator' retrieved from /home/najma/airflow-venv/lib/python3.12/site-packages/airflow/example_dags/example_python_decorator.py
[2026-05-08T17:46:47.851+0100] {logging_mixin.py:188} INFO - [2026-05-08T17:46:47.850+0100] {dag.py:3096} INFO - Sync 1 DAGs
[2026-05-08T17:46:47.898+0100] {logging_mixin.py:188} INFO - [2026-05-08T17:46:47.897+0100] {dag.py:3954} INFO - Setting next_dagrun for example_python_decorator to None, run_after=None
[2026-05-08T17:46:48.022+0100] {processor.py:183} INFO - Processing /home/najma/airflow-venv/lib/python3.12/site-packages/airflow/example_dags/example_python_decorator.py took 0.511 seconds
[2026-05-08T17:48:06.700+0100] {processor.py:161} INFO - Started process (PID=10383) to work on /home/najma/airflow-venv/lib/python3.12/site-packages/airflow/example_dags/example_python_decorator.py
[2026-05-08T17:48:06.715+0100] {processor.py:830} INFO - Processing file /home/najma/airflow-venv/lib/python3.12/site-packages/airflow/example_dags/example_python_decorator.py for tasks to queue
[2026-05-08T17:48:06.717+0100] {logging_mixin.py:188} INFO - [2026-05-08T17:48:06.717+0100] {dagbag.py:540} INFO - Filling up the DagBag from /home/najma/airflow-venv/lib/python3.12/site-packages/airflow/example_dags/example_python_decorator.py
[2026-05-08T17:48:06.815+0100] {logging_mixin.py:188} INFO - [2026-05-08T17:48:06.814+0100] {example_python_decorator.py:80} WARNING - The virtalenv_python example task requires virtualenv, please install it.
[2026-05-08T17:48:06.815+0100] {processor.py:840} INFO - DAG(s) 'example_python_decorator' retrieved from /home/najma/airflow-venv/lib/python3.12/site-packages/airflow/example_dags/example_python_decorator.py
[2026-05-08T17:48:06.845+0100] {logging_mixin.py:188} INFO - [2026-05-08T17:48:06.844+0100] {dag.py:3096} INFO - Sync 1 DAGs
[2026-05-08T17:48:06.861+0100] {logging_mixin.py:188} INFO - [2026-05-08T17:48:06.860+0100] {dag.py:3954} INFO - Setting next_dagrun for example_python_decorator to None, run_after=None
[2026-05-08T17:48:06.940+0100] {processor.py:183} INFO - Processing /home/najma/airflow-venv/lib/python3.12/site-packages/airflow/example_dags/example_python_decorator.py took 0.243 seconds
[2026-05-08T17:49:14.963+0100] {processor.py:161} INFO - Started process (PID=10444) to work on /home/najma/airflow-venv/lib/python3.12/site-packages/airflow/example_dags/example_python_decorator.py
[2026-05-08T17:49:14.964+0100] {processor.py:830} INFO - Processing file /home/najma/airflow-venv/lib/python3.12/site-packages/airflow/example_dags/example_python_decorator.py for tasks to queue
[2026-05-08T17:49:14.966+0100] {logging_mixin.py:188} INFO - [2026-05-08T17:49:14.965+0100] {dagbag.py:540} INFO - Filling up the DagBag from /home/najma/airflow-venv/lib/python3.12/site-packages/airflow/example_dags/example_python_decorator.py
[2026-05-08T17:49:15.060+0100] {logging_mixin.py:188} INFO - [2026-05-08T17:49:15.059+0100] {example_python_decorator.py:80} WARNING - The virtalenv_python example task requires virtualenv, please install it.
[2026-05-08T17:49:15.061+0100] {processor.py:840} INFO - DAG(s) 'example_python_decorator' retrieved from /home/najma/airflow-venv/lib/python3.12/site-packages/airflow/example_dags/example_python_decorator.py
[2026-05-08T17:49:15.088+0100] {logging_mixin.py:188} INFO - [2026-05-08T17:49:15.088+0100] {dag.py:3096} INFO - Sync 1 DAGs
[2026-05-08T17:49:15.102+0100] {logging_mixin.py:188} INFO - [2026-05-08T17:49:15.102+0100] {dag.py:3954} INFO - Setting next_dagrun for example_python_decorator to None, run_after=None
[2026-05-08T17:49:15.205+0100] {processor.py:183} INFO - Processing /home/najma/airflow-venv/lib/python3.12/site-packages/airflow/example_dags/example_python_decorator.py took 0.245 seconds
[2026-05-08T17:50:28.894+0100] {processor.py:161} INFO - Started process (PID=10505) to work on /home/najma/airflow-venv/lib/python3.12/site-packages/airflow/example_dags/example_python_decorator.py
[2026-05-08T17:50:28.895+0100] {processor.py:830} INFO - Processing file /home/najma/airflow-venv/lib/python3.12/site-packages/airflow/example_dags/example_python_decorator.py for tasks to queue
[2026-05-08T17:50:28.897+0100] {logging_mixin.py:188} INFO - [2026-05-08T17:50:28.897+0100] {dagbag.py:540} INFO - Filling up the DagBag from /home/najma/airflow-venv/lib/python3.12/site-packages/airflow/example_dags/example_python_decorator.py
[2026-05-08T17:50:29.008+0100] {logging_mixin.py:188} INFO - [2026-05-08T17:50:29.008+0100] {example_python_decorator.py:80} WARNING - The virtalenv_python example task requires virtualenv, please install it.
[2026-05-08T17:50:29.009+0100] {processor.py:840} INFO - DAG(s) 'example_python_decorator' retrieved from /home/najma/airflow-venv/lib/python3.12/site-packages/airflow/example_dags/example_python_decorator.py
[2026-05-08T17:50:29.034+0100] {logging_mixin.py:188} INFO - [2026-05-08T17:50:29.034+0100] {dag.py:3096} INFO - Sync 1 DAGs
[2026-05-08T17:50:29.048+0100] {logging_mixin.py:188} INFO - [2026-05-08T17:50:29.048+0100] {dag.py:3954} INFO - Setting next_dagrun for example_python_decorator to None, run_after=None
[2026-05-08T17:50:29.130+0100] {processor.py:183} INFO - Processing /home/najma/airflow-venv/lib/python3.12/site-packages/airflow/example_dags/example_python_decorator.py took 0.239 seconds
[2026-05-08T17:51:40.188+0100] {processor.py:161} INFO - Started process (PID=10565) to work on /home/najma/airflow-venv/lib/python3.12/site-packages/airflow/example_dags/example_python_decorator.py
[2026-05-08T17:51:40.189+0100] {processor.py:830} INFO - Processing file /home/najma/airflow-venv/lib/python3.12/site-packages/airflow/example_dags/example_python_decorator.py for tasks to queue
[2026-05-08T17:51:40.192+0100] {logging_mixin.py:188} INFO - [2026-05-08T17:51:40.192+0100] {dagbag.py:540} INFO - Filling up the DagBag from /home/najma/airflow-venv/lib/python3.12/site-packages/airflow/example_dags/example_python_decorator.py
[2026-05-08T17:51:40.369+0100] {logging_mixin.py:188} INFO - [2026-05-08T17:51:40.368+0100] {example_python_decorator.py:80} WARNING - The virtalenv_python example task requires virtualenv, please install it.
[2026-05-08T17:51:40.369+0100] {processor.py:840} INFO - DAG(s) 'example_python_decorator' retrieved from /home/najma/airflow-venv/lib/python3.12/site-packages/airflow/example_dags/example_python_decorator.py
[2026-05-08T17:51:40.397+0100] {logging_mixin.py:188} INFO - [2026-05-08T17:51:40.396+0100] {dag.py:3096} INFO - Sync 1 DAGs
[2026-05-08T17:51:40.411+0100] {logging_mixin.py:188} INFO - [2026-05-08T17:51:40.411+0100] {dag.py:3954} INFO - Setting next_dagrun for example_python_decorator to None, run_after=None
[2026-05-08T17:51:40.497+0100] {processor.py:183} INFO - Processing /home/najma/airflow-venv/lib/python3.12/site-packages/airflow/example_dags/example_python_decorator.py took 0.313 seconds
[2026-05-08T17:53:02.825+0100] {processor.py:161} INFO - Started process (PID=10655) to work on /home/najma/airflow-venv/lib/python3.12/site-packages/airflow/example_dags/example_python_decorator.py
[2026-05-08T17:53:02.913+0100] {processor.py:830} INFO - Processing file /home/najma/airflow-venv/lib/python3.12/site-packages/airflow/example_dags/example_python_decorator.py for tasks to queue
[2026-05-08T17:53:02.915+0100] {logging_mixin.py:188} INFO - [2026-05-08T17:53:02.915+0100] {dagbag.py:540} INFO - Filling up the DagBag from /home/najma/airflow-venv/lib/python3.12/site-packages/airflow/example_dags/example_python_decorator.py
[2026-05-08T17:53:03.110+0100] {logging_mixin.py:188} INFO - [2026-05-08T17:53:03.110+0100] {example_python_decorator.py:80} WARNING - The virtalenv_python example task requires virtualenv, please install it.
[2026-05-08T17:53:03.111+0100] {processor.py:840} INFO - DAG(s) 'example_python_decorator' retrieved from /home/najma/airflow-venv/lib/python3.12/site-packages/airflow/example_dags/example_python_decorator.py
[2026-05-08T17:53:03.144+0100] {logging_mixin.py:188} INFO - [2026-05-08T17:53:03.143+0100] {dag.py:3096} INFO - Sync 1 DAGs
[2026-05-08T17:53:03.160+0100] {logging_mixin.py:188} INFO - [2026-05-08T17:53:03.160+0100] {dag.py:3954} INFO - Setting next_dagrun for example_python_decorator to None, run_after=None
[2026-05-08T17:53:03.258+0100] {processor.py:183} INFO - Processing /home/najma/airflow-venv/lib/python3.12/site-packages/airflow/example_dags/example_python_decorator.py took 0.437 seconds
[2026-05-08T17:54:10.957+0100] {processor.py:161} INFO - Started process (PID=10716) to work on /home/najma/airflow-venv/lib/python3.12/site-packages/airflow/example_dags/example_python_decorator.py
[2026-05-08T17:54:10.958+0100] {processor.py:830} INFO - Processing file /home/najma/airflow-venv/lib/python3.12/site-packages/airflow/example_dags/example_python_decorator.py for tasks to queue
[2026-05-08T17:54:10.959+0100] {logging_mixin.py:188} INFO - [2026-05-08T17:54:10.959+0100] {dagbag.py:540} INFO - Filling up the DagBag from /home/najma/airflow-venv/lib/python3.12/site-packages/airflow/example_dags/example_python_decorator.py
[2026-05-08T17:54:11.054+0100] {logging_mixin.py:188} INFO - [2026-05-08T17:54:11.053+0100] {example_python_decorator.py:80} WARNING - The virtalenv_python example task requires virtualenv, please install it.
[2026-05-08T17:54:11.054+0100] {processor.py:840} INFO - DAG(s) 'example_python_decorator' retrieved from /home/najma/airflow-venv/lib/python3.12/site-packages/airflow/example_dags/example_python_decorator.py
[2026-05-08T17:54:11.078+0100] {logging_mixin.py:188} INFO - [2026-05-08T17:54:11.078+0100] {dag.py:3096} INFO - Sync 1 DAGs
[2026-05-08T17:54:11.092+0100] {logging_mixin.py:188} INFO - [2026-05-08T17:54:11.091+0100] {dag.py:3954} INFO - Setting next_dagrun for example_python_decorator to None, run_after=None
[2026-05-08T17:54:11.174+0100] {processor.py:183} INFO - Processing /home/najma/airflow-venv/lib/python3.12/site-packages/airflow/example_dags/example_python_decorator.py took 0.222 seconds
[2026-05-08T17:55:18.256+0100] {processor.py:161} INFO - Started process (PID=10786) to work on /home/najma/airflow-venv/lib/python3.12/site-packages/airflow/example_dags/example_python_decorator.py
[2026-05-08T17:55:18.257+0100] {processor.py:830} INFO - Processing file /home/najma/airflow-venv/lib/python3.12/site-packages/airflow/example_dags/example_python_decorator.py for tasks to queue
[2026-05-08T17:55:18.259+0100] {logging_mixin.py:188} INFO - [2026-05-08T17:55:18.259+0100] {dagbag.py:540} INFO - Filling up the DagBag from /home/najma/airflow-venv/lib/python3.12/site-packages/airflow/example_dags/example_python_decorator.py
[2026-05-08T17:55:18.343+0100] {logging_mixin.py:188} INFO - [2026-05-08T17:55:18.343+0100] {example_python_decorator.py:80} WARNING - The virtalenv_python example task requires virtualenv, please install it.
[2026-05-08T17:55:18.344+0100] {processor.py:840} INFO - DAG(s) 'example_python_decorator' retrieved from /home/najma/airflow-venv/lib/python3.12/site-packages/airflow/example_dags/example_python_decorator.py
[2026-05-08T17:55:18.370+0100] {logging_mixin.py:188} INFO - [2026-05-08T17:55:18.370+0100] {dag.py:3096} INFO - Sync 1 DAGs
[2026-05-08T17:55:18.384+0100] {logging_mixin.py:188} INFO - [2026-05-08T17:55:18.383+0100] {dag.py:3954} INFO - Setting next_dagrun for example_python_decorator to None, run_after=None
[2026-05-08T17:55:18.463+0100] {processor.py:183} INFO - Processing /home/najma/airflow-venv/lib/python3.12/site-packages/airflow/example_dags/example_python_decorator.py took 0.210 seconds
[2026-05-08T17:56:25.281+0100] {processor.py:161} INFO - Started process (PID=10845) to work on /home/najma/airflow-venv/lib/python3.12/site-packages/airflow/example_dags/example_python_decorator.py
[2026-05-08T17:56:25.282+0100] {processor.py:830} INFO - Processing file /home/najma/airflow-venv/lib/python3.12/site-packages/airflow/example_dags/example_python_decorator.py for tasks to queue
[2026-05-08T17:56:25.284+0100] {logging_mixin.py:188} INFO - [2026-05-08T17:56:25.283+0100] {dagbag.py:540} INFO - Filling up the DagBag from /home/najma/airflow-venv/lib/python3.12/site-packages/airflow/example_dags/example_python_decorator.py
[2026-05-08T17:56:25.376+0100] {logging_mixin.py:188} INFO - [2026-05-08T17:56:25.376+0100] {example_python_decorator.py:80} WARNING - The virtalenv_python example task requires virtualenv, please install it.
[2026-05-08T17:56:25.377+0100] {processor.py:840} INFO - DAG(s) 'example_python_decorator' retrieved from /home/najma/airflow-venv/lib/python3.12/site-packages/airflow/example_dags/example_python_decorator.py
[2026-05-08T17:56:25.401+0100] {logging_mixin.py:188} INFO - [2026-05-08T17:56:25.401+0100] {dag.py:3096} INFO - Sync 1 DAGs
[2026-05-08T17:56:25.415+0100] {logging_mixin.py:188} INFO - [2026-05-08T17:56:25.415+0100] {dag.py:3954} INFO - Setting next_dagrun for example_python_decorator to None, run_after=None
[2026-05-08T17:56:25.492+0100] {processor.py:183} INFO - Processing /home/najma/airflow-venv/lib/python3.12/site-packages/airflow/example_dags/example_python_decorator.py took 0.216 seconds
[2026-05-08T17:57:41.014+0100] {processor.py:161} INFO - Started process (PID=10906) to work on /home/najma/airflow-venv/lib/python3.12/site-packages/airflow/example_dags/example_python_decorator.py
[2026-05-08T17:57:41.015+0100] {processor.py:830} INFO - Processing file /home/najma/airflow-venv/lib/python3.12/site-packages/airflow/example_dags/example_python_decorator.py for tasks to queue
[2026-05-08T17:57:41.017+0100] {logging_mixin.py:188} INFO - [2026-05-08T17:57:41.016+0100] {dagbag.py:540} INFO - Filling up the DagBag from /home/najma/airflow-venv/lib/python3.12/site-packages/airflow/example_dags/example_python_decorator.py
[2026-05-08T17:57:41.102+0100] {logging_mixin.py:188} INFO - [2026-05-08T17:57:41.102+0100] {example_python_decorator.py:80} WARNING - The virtalenv_python example task requires virtualenv, please install it.
[2026-05-08T17:57:41.103+0100] {processor.py:840} INFO - DAG(s) 'example_python_decorator' retrieved from /home/najma/airflow-venv/lib/python3.12/site-packages/airflow/example_dags/example_python_decorator.py
[2026-05-08T17:57:41.132+0100] {logging_mixin.py:188} INFO - [2026-05-08T17:57:41.132+0100] {dag.py:3096} INFO - Sync 1 DAGs
[2026-05-08T17:57:41.147+0100] {logging_mixin.py:188} INFO - [2026-05-08T17:57:41.146+0100] {dag.py:3954} INFO - Setting next_dagrun for example_python_decorator to None, run_after=None
[2026-05-08T17:57:41.236+0100] {processor.py:183} INFO - Processing /home/najma/airflow-venv/lib/python3.12/site-packages/airflow/example_dags/example_python_decorator.py took 0.227 seconds
[2026-05-08T17:58:49.832+0100] {processor.py:161} INFO - Started process (PID=10969) to work on /home/najma/airflow-venv/lib/python3.12/site-packages/airflow/example_dags/example_python_decorator.py
[2026-05-08T17:58:49.833+0100] {processor.py:830} INFO - Processing file /home/najma/airflow-venv/lib/python3.12/site-packages/airflow/example_dags/example_python_decorator.py for tasks to queue
[2026-05-08T17:58:49.835+0100] {logging_mixin.py:188} INFO - [2026-05-08T17:58:49.835+0100] {dagbag.py:540} INFO - Filling up the DagBag from /home/najma/airflow-venv/lib/python3.12/site-packages/airflow/example_dags/example_python_decorator.py
[2026-05-08T17:58:49.940+0100] {logging_mixin.py:188} INFO - [2026-05-08T17:58:49.940+0100] {example_python_decorator.py:80} WARNING - The virtalenv_python example task requires virtualenv, please install it.
[2026-05-08T17:58:49.941+0100] {processor.py:840} INFO - DAG(s) 'example_python_decorator' retrieved from /home/najma/airflow-venv/lib/python3.12/site-packages/airflow/example_dags/example_python_decorator.py
[2026-05-08T17:58:49.968+0100] {logging_mixin.py:188} INFO - [2026-05-08T17:58:49.968+0100] {dag.py:3096} INFO - Sync 1 DAGs
[2026-05-08T17:58:49.982+0100] {logging_mixin.py:188} INFO - [2026-05-08T17:58:49.982+0100] {dag.py:3954} INFO - Setting next_dagrun for example_python_decorator to None, run_after=None
[2026-05-08T17:58:50.088+0100] {processor.py:183} INFO - Processing /home/najma/airflow-venv/lib/python3.12/site-packages/airflow/example_dags/example_python_decorator.py took 0.260 seconds
[2026-05-08T17:59:57.272+0100] {processor.py:161} INFO - Started process (PID=11027) to work on /home/najma/airflow-venv/lib/python3.12/site-packages/airflow/example_dags/example_python_decorator.py
[2026-05-08T17:59:57.274+0100] {processor.py:830} INFO - Processing file /home/najma/airflow-venv/lib/python3.12/site-packages/airflow/example_dags/example_python_decorator.py for tasks to queue
[2026-05-08T17:59:57.276+0100] {logging_mixin.py:188} INFO - [2026-05-08T17:59:57.276+0100] {dagbag.py:540} INFO - Filling up the DagBag from /home/najma/airflow-venv/lib/python3.12/site-packages/airflow/example_dags/example_python_decorator.py
[2026-05-08T17:59:57.374+0100] {logging_mixin.py:188} INFO - [2026-05-08T17:59:57.374+0100] {example_python_decorator.py:80} WARNING - The virtalenv_python example task requires virtualenv, please install it.
[2026-05-08T17:59:57.375+0100] {processor.py:840} INFO - DAG(s) 'example_python_decorator' retrieved from /home/najma/airflow-venv/lib/python3.12/site-packages/airflow/example_dags/example_python_decorator.py
[2026-05-08T17:59:57.404+0100] {logging_mixin.py:188} INFO - [2026-05-08T17:59:57.404+0100] {dag.py:3096} INFO - Sync 1 DAGs
[2026-05-08T17:59:57.420+0100] {logging_mixin.py:188} INFO - [2026-05-08T17:59:57.420+0100] {dag.py:3954} INFO - Setting next_dagrun for example_python_decorator to None, run_after=None
[2026-05-08T17:59:57.502+0100] {processor.py:183} INFO - Processing /home/najma/airflow-venv/lib/python3.12/site-packages/airflow/example_dags/example_python_decorator.py took 0.233 seconds
[2026-05-08T18:01:05.913+0100] {processor.py:161} INFO - Started process (PID=11088) to work on /home/najma/airflow-venv/lib/python3.12/site-packages/airflow/example_dags/example_python_decorator.py
[2026-05-08T18:01:05.914+0100] {processor.py:830} INFO - Processing file /home/najma/airflow-venv/lib/python3.12/site-packages/airflow/example_dags/example_python_decorator.py for tasks to queue
[2026-05-08T18:01:05.916+0100] {logging_mixin.py:188} INFO - [2026-05-08T18:01:05.915+0100] {dagbag.py:540} INFO - Filling up the DagBag from /home/najma/airflow-venv/lib/python3.12/site-packages/airflow/example_dags/example_python_decorator.py
[2026-05-08T18:01:06.027+0100] {logging_mixin.py:188} INFO - [2026-05-08T18:01:06.026+0100] {example_python_decorator.py:80} WARNING - The virtalenv_python example task requires virtualenv, please install it.
[2026-05-08T18:01:06.028+0100] {processor.py:840} INFO - DAG(s) 'example_python_decorator' retrieved from /home/najma/airflow-venv/lib/python3.12/site-packages/airflow/example_dags/example_python_decorator.py
[2026-05-08T18:01:06.053+0100] {logging_mixin.py:188} INFO - [2026-05-08T18:01:06.053+0100] {dag.py:3096} INFO - Sync 1 DAGs
[2026-05-08T18:01:06.066+0100] {logging_mixin.py:188} INFO - [2026-05-08T18:01:06.066+0100] {dag.py:3954} INFO - Setting next_dagrun for example_python_decorator to None, run_after=None
[2026-05-08T18:01:06.141+0100] {processor.py:183} INFO - Processing /home/najma/airflow-venv/lib/python3.12/site-packages/airflow/example_dags/example_python_decorator.py took 0.232 seconds
[2026-05-08T18:02:10.659+0100] {processor.py:161} INFO - Started process (PID=11147) to work on /home/najma/airflow-venv/lib/python3.12/site-packages/airflow/example_dags/example_python_decorator.py
[2026-05-08T18:02:10.660+0100] {processor.py:830} INFO - Processing file /home/najma/airflow-venv/lib/python3.12/site-packages/airflow/example_dags/example_python_decorator.py for tasks to queue
[2026-05-08T18:02:10.662+0100] {logging_mixin.py:188} INFO - [2026-05-08T18:02:10.662+0100] {dagbag.py:540} INFO - Filling up the DagBag from /home/najma/airflow-venv/lib/python3.12/site-packages/airflow/example_dags/example_python_decorator.py
[2026-05-08T18:02:10.740+0100] {logging_mixin.py:188} INFO - [2026-05-08T18:02:10.740+0100] {example_python_decorator.py:80} WARNING - The virtalenv_python example task requires virtualenv, please install it.
[2026-05-08T18:02:10.741+0100] {processor.py:840} INFO - DAG(s) 'example_python_decorator' retrieved from /home/najma/airflow-venv/lib/python3.12/site-packages/airflow/example_dags/example_python_decorator.py
[2026-05-08T18:02:10.766+0100] {logging_mixin.py:188} INFO - [2026-05-08T18:02:10.766+0100] {dag.py:3096} INFO - Sync 1 DAGs
[2026-05-08T18:02:10.778+0100] {logging_mixin.py:188} INFO - [2026-05-08T18:02:10.778+0100] {dag.py:3954} INFO - Setting next_dagrun for example_python_decorator to None, run_after=None
[2026-05-08T18:02:10.873+0100] {processor.py:183} INFO - Processing /home/najma/airflow-venv/lib/python3.12/site-packages/airflow/example_dags/example_python_decorator.py took 0.218 seconds
[2026-05-08T18:03:14.433+0100] {processor.py:161} INFO - Started process (PID=11203) to work on /home/najma/airflow-venv/lib/python3.12/site-packages/airflow/example_dags/example_python_decorator.py
[2026-05-08T18:03:14.434+0100] {processor.py:830} INFO - Processing file /home/najma/airflow-venv/lib/python3.12/site-packages/airflow/example_dags/example_python_decorator.py for tasks to queue
[2026-05-08T18:03:14.436+0100] {logging_mixin.py:188} INFO - [2026-05-08T18:03:14.435+0100] {dagbag.py:540} INFO - Filling up the DagBag from /home/najma/airflow-venv/lib/python3.12/site-packages/airflow/example_dags/example_python_decorator.py
[2026-05-08T18:03:14.532+0100] {logging_mixin.py:188} INFO - [2026-05-08T18:03:14.532+0100] {example_python_decorator.py:80} WARNING - The virtalenv_python example task requires virtualenv, please install it.
[2026-05-08T18:03:14.533+0100] {processor.py:840} INFO - DAG(s) 'example_python_decorator' retrieved from /home/najma/airflow-venv/lib/python3.12/site-packages/airflow/example_dags/example_python_decorator.py
[2026-05-08T18:03:14.558+0100] {logging_mixin.py:188} INFO - [2026-05-08T18:03:14.558+0100] {dag.py:3096} INFO - Sync 1 DAGs
[2026-05-08T18:03:14.571+0100] {logging_mixin.py:188} INFO - [2026-05-08T18:03:14.571+0100] {dag.py:3954} INFO - Setting next_dagrun for example_python_decorator to None, run_after=None
[2026-05-08T18:03:14.647+0100] {processor.py:183} INFO - Processing /home/najma/airflow-venv/lib/python3.12/site-packages/airflow/example_dags/example_python_decorator.py took 0.218 seconds
[2026-05-08T18:04:24.542+0100] {processor.py:161} INFO - Started process (PID=11263) to work on /home/najma/airflow-venv/lib/python3.12/site-packages/airflow/example_dags/example_python_decorator.py
[2026-05-08T18:04:24.543+0100] {processor.py:830} INFO - Processing file /home/najma/airflow-venv/lib/python3.12/site-packages/airflow/example_dags/example_python_decorator.py for tasks to queue
[2026-05-08T18:04:24.545+0100] {logging_mixin.py:188} INFO - [2026-05-08T18:04:24.545+0100] {dagbag.py:540} INFO - Filling up the DagBag from /home/najma/airflow-venv/lib/python3.12/site-packages/airflow/example_dags/example_python_decorator.py
[2026-05-08T18:04:24.651+0100] {logging_mixin.py:188} INFO - [2026-05-08T18:04:24.650+0100] {example_python_decorator.py:80} WARNING - The virtalenv_python example task requires virtualenv, please install it.
[2026-05-08T18:04:24.652+0100] {processor.py:840} INFO - DAG(s) 'example_python_decorator' retrieved from /home/najma/airflow-venv/lib/python3.12/site-packages/airflow/example_dags/example_python_decorator.py
[2026-05-08T18:04:24.679+0100] {logging_mixin.py:188} INFO - [2026-05-08T18:04:24.678+0100] {dag.py:3096} INFO - Sync 1 DAGs
[2026-05-08T18:04:24.691+0100] {logging_mixin.py:188} INFO - [2026-05-08T18:04:24.691+0100] {dag.py:3954} INFO - Setting next_dagrun for example_python_decorator to None, run_after=None
[2026-05-08T18:04:24.773+0100] {processor.py:183} INFO - Processing /home/najma/airflow-venv/lib/python3.12/site-packages/airflow/example_dags/example_python_decorator.py took 0.235 seconds
[2026-05-08T18:05:32.241+0100] {processor.py:161} INFO - Started process (PID=11321) to work on /home/najma/airflow-venv/lib/python3.12/site-packages/airflow/example_dags/example_python_decorator.py
[2026-05-08T18:05:32.242+0100] {processor.py:830} INFO - Processing file /home/najma/airflow-venv/lib/python3.12/site-packages/airflow/example_dags/example_python_decorator.py for tasks to queue
[2026-05-08T18:05:32.244+0100] {logging_mixin.py:188} INFO - [2026-05-08T18:05:32.244+0100] {dagbag.py:540} INFO - Filling up the DagBag from /home/najma/airflow-venv/lib/python3.12/site-packages/airflow/example_dags/example_python_decorator.py
[2026-05-08T18:05:32.347+0100] {logging_mixin.py:188} INFO - [2026-05-08T18:05:32.347+0100] {example_python_decorator.py:80} WARNING - The virtalenv_python example task requires virtualenv, please install it.
[2026-05-08T18:05:32.348+0100] {processor.py:840} INFO - DAG(s) 'example_python_decorator' retrieved from /home/najma/airflow-venv/lib/python3.12/site-packages/airflow/example_dags/example_python_decorator.py
[2026-05-08T18:05:32.375+0100] {logging_mixin.py:188} INFO - [2026-05-08T18:05:32.374+0100] {dag.py:3096} INFO - Sync 1 DAGs
[2026-05-08T18:05:32.472+0100] {logging_mixin.py:188} INFO - [2026-05-08T18:05:32.472+0100] {dag.py:3954} INFO - Setting next_dagrun for example_python_decorator to None, run_after=None
[2026-05-08T18:05:32.547+0100] {processor.py:183} INFO - Processing /home/najma/airflow-venv/lib/python3.12/site-packages/airflow/example_dags/example_python_decorator.py took 0.310 seconds
[2026-05-08T18:06:37.191+0100] {processor.py:161} INFO - Started process (PID=11380) to work on /home/najma/airflow-venv/lib/python3.12/site-packages/airflow/example_dags/example_python_decorator.py
[2026-05-08T18:06:37.192+0100] {processor.py:830} INFO - Processing file /home/najma/airflow-venv/lib/python3.12/site-packages/airflow/example_dags/example_python_decorator.py for tasks to queue
[2026-05-08T18:06:37.194+0100] {logging_mixin.py:188} INFO - [2026-05-08T18:06:37.194+0100] {dagbag.py:540} INFO - Filling up the DagBag from /home/najma/airflow-venv/lib/python3.12/site-packages/airflow/example_dags/example_python_decorator.py
[2026-05-08T18:06:37.274+0100] {logging_mixin.py:188} INFO - [2026-05-08T18:06:37.274+0100] {example_python_decorator.py:80} WARNING - The virtalenv_python example task requires virtualenv, please install it.
[2026-05-08T18:06:37.274+0100] {processor.py:840} INFO - DAG(s) 'example_python_decorator' retrieved from /home/najma/airflow-venv/lib/python3.12/site-packages/airflow/example_dags/example_python_decorator.py
[2026-05-08T18:06:37.299+0100] {logging_mixin.py:188} INFO - [2026-05-08T18:06:37.298+0100] {dag.py:3096} INFO - Sync 1 DAGs
[2026-05-08T18:06:37.391+0100] {logging_mixin.py:188} INFO - [2026-05-08T18:06:37.391+0100] {dag.py:3954} INFO - Setting next_dagrun for example_python_decorator to None, run_after=None
[2026-05-08T18:06:37.483+0100] {processor.py:183} INFO - Processing /home/najma/airflow-venv/lib/python3.12/site-packages/airflow/example_dags/example_python_decorator.py took 0.296 seconds
[2026-05-08T18:07:39.200+0100] {processor.py:161} INFO - Started process (PID=11436) to work on /home/najma/airflow-venv/lib/python3.12/site-packages/airflow/example_dags/example_python_decorator.py
[2026-05-08T18:07:39.201+0100] {processor.py:830} INFO - Processing file /home/najma/airflow-venv/lib/python3.12/site-packages/airflow/example_dags/example_python_decorator.py for tasks to queue
[2026-05-08T18:07:39.203+0100] {logging_mixin.py:188} INFO - [2026-05-08T18:07:39.203+0100] {dagbag.py:540} INFO - Filling up the DagBag from /home/najma/airflow-venv/lib/python3.12/site-packages/airflow/example_dags/example_python_decorator.py
[2026-05-08T18:07:39.301+0100] {logging_mixin.py:188} INFO - [2026-05-08T18:07:39.301+0100] {example_python_decorator.py:80} WARNING - The virtalenv_python example task requires virtualenv, please install it.
[2026-05-08T18:07:39.302+0100] {processor.py:840} INFO - DAG(s) 'example_python_decorator' retrieved from /home/najma/airflow-venv/lib/python3.12/site-packages/airflow/example_dags/example_python_decorator.py
[2026-05-08T18:07:39.327+0100] {logging_mixin.py:188} INFO - [2026-05-08T18:07:39.327+0100] {dag.py:3096} INFO - Sync 1 DAGs
[2026-05-08T18:07:39.340+0100] {logging_mixin.py:188} INFO - [2026-05-08T18:07:39.340+0100] {dag.py:3954} INFO - Setting next_dagrun for example_python_decorator to None, run_after=None
[2026-05-08T18:07:39.419+0100] {processor.py:183} INFO - Processing /home/najma/airflow-venv/lib/python3.12/site-packages/airflow/example_dags/example_python_decorator.py took 0.223 seconds
[2026-05-08T18:08:42.889+0100] {processor.py:161} INFO - Started process (PID=11494) to work on /home/najma/airflow-venv/lib/python3.12/site-packages/airflow/example_dags/example_python_decorator.py
[2026-05-08T18:08:42.890+0100] {processor.py:830} INFO - Processing file /home/najma/airflow-venv/lib/python3.12/site-packages/airflow/example_dags/example_python_decorator.py for tasks to queue
[2026-05-08T18:08:42.892+0100] {logging_mixin.py:188} INFO - [2026-05-08T18:08:42.892+0100] {dagbag.py:540} INFO - Filling up the DagBag from /home/najma/airflow-venv/lib/python3.12/site-packages/airflow/example_dags/example_python_decorator.py
[2026-05-08T18:08:42.986+0100] {logging_mixin.py:188} INFO - [2026-05-08T18:08:42.986+0100] {example_python_decorator.py:80} WARNING - The virtalenv_python example task requires virtualenv, please install it.
[2026-05-08T18:08:42.986+0100] {processor.py:840} INFO - DAG(s) 'example_python_decorator' retrieved from /home/najma/airflow-venv/lib/python3.12/site-packages/airflow/example_dags/example_python_decorator.py
[2026-05-08T18:08:43.010+0100] {logging_mixin.py:188} INFO - [2026-05-08T18:08:43.010+0100] {dag.py:3096} INFO - Sync 1 DAGs
[2026-05-08T18:08:43.024+0100] {logging_mixin.py:188} INFO - [2026-05-08T18:08:43.023+0100] {dag.py:3954} INFO - Setting next_dagrun for example_python_decorator to None, run_after=None
[2026-05-08T18:08:43.100+0100] {processor.py:183} INFO - Processing /home/najma/airflow-venv/lib/python3.12/site-packages/airflow/example_dags/example_python_decorator.py took 0.215 seconds
[2026-05-08T18:09:48.115+0100] {processor.py:161} INFO - Started process (PID=11552) to work on /home/najma/airflow-venv/lib/python3.12/site-packages/airflow/example_dags/example_python_decorator.py
[2026-05-08T18:09:48.116+0100] {processor.py:830} INFO - Processing file /home/najma/airflow-venv/lib/python3.12/site-packages/airflow/example_dags/example_python_decorator.py for tasks to queue
[2026-05-08T18:09:48.118+0100] {logging_mixin.py:188} INFO - [2026-05-08T18:09:48.117+0100] {dagbag.py:540} INFO - Filling up the DagBag from /home/najma/airflow-venv/lib/python3.12/site-packages/airflow/example_dags/example_python_decorator.py
[2026-05-08T18:09:48.227+0100] {logging_mixin.py:188} INFO - [2026-05-08T18:09:48.227+0100] {example_python_decorator.py:80} WARNING - The virtalenv_python example task requires virtualenv, please install it.
[2026-05-08T18:09:48.228+0100] {processor.py:840} INFO - DAG(s) 'example_python_decorator' retrieved from /home/najma/airflow-venv/lib/python3.12/site-packages/airflow/example_dags/example_python_decorator.py
[2026-05-08T18:09:48.266+0100] {logging_mixin.py:188} INFO - [2026-05-08T18:09:48.265+0100] {dag.py:3096} INFO - Sync 1 DAGs
[2026-05-08T18:09:48.283+0100] {logging_mixin.py:188} INFO - [2026-05-08T18:09:48.282+0100] {dag.py:3954} INFO - Setting next_dagrun for example_python_decorator to None, run_after=None
[2026-05-08T18:09:48.383+0100] {processor.py:183} INFO - Processing /home/najma/airflow-venv/lib/python3.12/site-packages/airflow/example_dags/example_python_decorator.py took 0.272 seconds
[2026-05-08T18:10:49.454+0100] {processor.py:161} INFO - Started process (PID=11607) to work on /home/najma/airflow-venv/lib/python3.12/site-packages/airflow/example_dags/example_python_decorator.py
[2026-05-08T18:10:49.455+0100] {processor.py:830} INFO - Processing file /home/najma/airflow-venv/lib/python3.12/site-packages/airflow/example_dags/example_python_decorator.py for tasks to queue
[2026-05-08T18:10:49.456+0100] {logging_mixin.py:188} INFO - [2026-05-08T18:10:49.456+0100] {dagbag.py:540} INFO - Filling up the DagBag from /home/najma/airflow-venv/lib/python3.12/site-packages/airflow/example_dags/example_python_decorator.py
[2026-05-08T18:10:49.531+0100] {logging_mixin.py:188} INFO - [2026-05-08T18:10:49.531+0100] {example_python_decorator.py:80} WARNING - The virtalenv_python example task requires virtualenv, please install it.
[2026-05-08T18:10:49.532+0100] {processor.py:840} INFO - DAG(s) 'example_python_decorator' retrieved from /home/najma/airflow-venv/lib/python3.12/site-packages/airflow/example_dags/example_python_decorator.py
[2026-05-08T18:10:49.557+0100] {logging_mixin.py:188} INFO - [2026-05-08T18:10:49.557+0100] {dag.py:3096} INFO - Sync 1 DAGs
[2026-05-08T18:10:49.570+0100] {logging_mixin.py:188} INFO - [2026-05-08T18:10:49.570+0100] {dag.py:3954} INFO - Setting next_dagrun for example_python_decorator to None, run_after=None
[2026-05-08T18:10:49.658+0100] {processor.py:183} INFO - Processing /home/najma/airflow-venv/lib/python3.12/site-packages/airflow/example_dags/example_python_decorator.py took 0.209 seconds
[2026-05-08T18:11:58.895+0100] {processor.py:161} INFO - Started process (PID=11663) to work on /home/najma/airflow-venv/lib/python3.12/site-packages/airflow/example_dags/example_python_decorator.py
[2026-05-08T18:11:58.896+0100] {processor.py:830} INFO - Processing file /home/najma/airflow-venv/lib/python3.12/site-packages/airflow/example_dags/example_python_decorator.py for tasks to queue
[2026-05-08T18:11:58.897+0100] {logging_mixin.py:188} INFO - [2026-05-08T18:11:58.897+0100] {dagbag.py:540} INFO - Filling up the DagBag from /home/najma/airflow-venv/lib/python3.12/site-packages/airflow/example_dags/example_python_decorator.py
[2026-05-08T18:11:58.987+0100] {logging_mixin.py:188} INFO - [2026-05-08T18:11:58.987+0100] {example_python_decorator.py:80} WARNING - The virtalenv_python example task requires virtualenv, please install it.
[2026-05-08T18:11:58.988+0100] {processor.py:840} INFO - DAG(s) 'example_python_decorator' retrieved from /home/najma/airflow-venv/lib/python3.12/site-packages/airflow/example_dags/example_python_decorator.py
[2026-05-08T18:11:59.012+0100] {logging_mixin.py:188} INFO - [2026-05-08T18:11:59.012+0100] {dag.py:3096} INFO - Sync 1 DAGs
[2026-05-08T18:11:59.024+0100] {logging_mixin.py:188} INFO - [2026-05-08T18:11:59.024+0100] {dag.py:3954} INFO - Setting next_dagrun for example_python_decorator to None, run_after=None
[2026-05-08T18:11:59.112+0100] {processor.py:183} INFO - Processing /home/najma/airflow-venv/lib/python3.12/site-packages/airflow/example_dags/example_python_decorator.py took 0.221 seconds
[2026-05-08T18:13:21.171+0100] {processor.py:161} INFO - Started process (PID=11721) to work on /home/najma/airflow-venv/lib/python3.12/site-packages/airflow/example_dags/example_python_decorator.py
[2026-05-08T18:13:21.173+0100] {processor.py:830} INFO - Processing file /home/najma/airflow-venv/lib/python3.12/site-packages/airflow/example_dags/example_python_decorator.py for tasks to queue
[2026-05-08T18:13:21.175+0100] {logging_mixin.py:188} INFO - [2026-05-08T18:13:21.174+0100] {dagbag.py:540} INFO - Filling up the DagBag from /home/najma/airflow-venv/lib/python3.12/site-packages/airflow/example_dags/example_python_decorator.py
[2026-05-08T18:13:21.271+0100] {logging_mixin.py:188} INFO - [2026-05-08T18:13:21.271+0100] {example_python_decorator.py:80} WARNING - The virtalenv_python example task requires virtualenv, please install it.
[2026-05-08T18:13:21.272+0100] {processor.py:840} INFO - DAG(s) 'example_python_decorator' retrieved from /home/najma/airflow-venv/lib/python3.12/site-packages/airflow/example_dags/example_python_decorator.py
[2026-05-08T18:13:21.300+0100] {logging_mixin.py:188} INFO - [2026-05-08T18:13:21.300+0100] {dag.py:3096} INFO - Sync 1 DAGs
[2026-05-08T18:13:21.314+0100] {logging_mixin.py:188} INFO - [2026-05-08T18:13:21.314+0100] {dag.py:3954} INFO - Setting next_dagrun for example_python_decorator to None, run_after=None
[2026-05-08T18:13:21.416+0100] {processor.py:183} INFO - Processing /home/najma/airflow-venv/lib/python3.12/site-packages/airflow/example_dags/example_python_decorator.py took 0.249 seconds
[2026-05-08T18:14:43.575+0100] {processor.py:161} INFO - Started process (PID=11800) to work on /home/najma/airflow-venv/lib/python3.12/site-packages/airflow/example_dags/example_python_decorator.py
[2026-05-08T18:14:43.576+0100] {processor.py:830} INFO - Processing file /home/najma/airflow-venv/lib/python3.12/site-packages/airflow/example_dags/example_python_decorator.py for tasks to queue
[2026-05-08T18:14:43.578+0100] {logging_mixin.py:188} INFO - [2026-05-08T18:14:43.577+0100] {dagbag.py:540} INFO - Filling up the DagBag from /home/najma/airflow-venv/lib/python3.12/site-packages/airflow/example_dags/example_python_decorator.py
[2026-05-08T18:14:43.708+0100] {logging_mixin.py:188} INFO - [2026-05-08T18:14:43.707+0100] {example_python_decorator.py:80} WARNING - The virtalenv_python example task requires virtualenv, please install it.
[2026-05-08T18:14:43.708+0100] {processor.py:840} INFO - DAG(s) 'example_python_decorator' retrieved from /home/najma/airflow-venv/lib/python3.12/site-packages/airflow/example_dags/example_python_decorator.py
[2026-05-08T18:14:43.737+0100] {logging_mixin.py:188} INFO - [2026-05-08T18:14:43.737+0100] {dag.py:3096} INFO - Sync 1 DAGs
[2026-05-08T18:14:43.751+0100] {logging_mixin.py:188} INFO - [2026-05-08T18:14:43.751+0100] {dag.py:3954} INFO - Setting next_dagrun for example_python_decorator to None, run_after=None
[2026-05-08T18:14:43.837+0100] {processor.py:183} INFO - Processing /home/najma/airflow-venv/lib/python3.12/site-packages/airflow/example_dags/example_python_decorator.py took 0.267 seconds
[2026-05-08T18:15:59.200+0100] {processor.py:161} INFO - Started process (PID=11860) to work on /home/najma/airflow-venv/lib/python3.12/site-packages/airflow/example_dags/example_python_decorator.py
[2026-05-08T18:15:59.202+0100] {processor.py:830} INFO - Processing file /home/najma/airflow-venv/lib/python3.12/site-packages/airflow/example_dags/example_python_decorator.py for tasks to queue
[2026-05-08T18:15:59.203+0100] {logging_mixin.py:188} INFO - [2026-05-08T18:15:59.203+0100] {dagbag.py:540} INFO - Filling up the DagBag from /home/najma/airflow-venv/lib/python3.12/site-packages/airflow/example_dags/example_python_decorator.py
[2026-05-08T18:15:59.299+0100] {logging_mixin.py:188} INFO - [2026-05-08T18:15:59.299+0100] {example_python_decorator.py:80} WARNING - The virtalenv_python example task requires virtualenv, please install it.
[2026-05-08T18:15:59.300+0100] {processor.py:840} INFO - DAG(s) 'example_python_decorator' retrieved from /home/najma/airflow-venv/lib/python3.12/site-packages/airflow/example_dags/example_python_decorator.py
[2026-05-08T18:15:59.326+0100] {logging_mixin.py:188} INFO - [2026-05-08T18:15:59.325+0100] {dag.py:3096} INFO - Sync 1 DAGs
[2026-05-08T18:15:59.339+0100] {logging_mixin.py:188} INFO - [2026-05-08T18:15:59.339+0100] {dag.py:3954} INFO - Setting next_dagrun for example_python_decorator to None, run_after=None
[2026-05-08T18:15:59.417+0100] {processor.py:183} INFO - Processing /home/najma/airflow-venv/lib/python3.12/site-packages/airflow/example_dags/example_python_decorator.py took 0.221 seconds
[2026-05-08T18:17:08.887+0100] {processor.py:161} INFO - Started process (PID=11920) to work on /home/najma/airflow-venv/lib/python3.12/site-packages/airflow/example_dags/example_python_decorator.py
[2026-05-08T18:17:08.888+0100] {processor.py:830} INFO - Processing file /home/najma/airflow-venv/lib/python3.12/site-packages/airflow/example_dags/example_python_decorator.py for tasks to queue
[2026-05-08T18:17:08.890+0100] {logging_mixin.py:188} INFO - [2026-05-08T18:17:08.890+0100] {dagbag.py:540} INFO - Filling up the DagBag from /home/najma/airflow-venv/lib/python3.12/site-packages/airflow/example_dags/example_python_decorator.py
[2026-05-08T18:17:08.980+0100] {logging_mixin.py:188} INFO - [2026-05-08T18:17:08.980+0100] {example_python_decorator.py:80} WARNING - The virtalenv_python example task requires virtualenv, please install it.
[2026-05-08T18:17:08.981+0100] {processor.py:840} INFO - DAG(s) 'example_python_decorator' retrieved from /home/najma/airflow-venv/lib/python3.12/site-packages/airflow/example_dags/example_python_decorator.py
[2026-05-08T18:17:09.009+0100] {logging_mixin.py:188} INFO - [2026-05-08T18:17:09.008+0100] {dag.py:3096} INFO - Sync 1 DAGs
[2026-05-08T18:17:09.026+0100] {logging_mixin.py:188} INFO - [2026-05-08T18:17:09.025+0100] {dag.py:3954} INFO - Setting next_dagrun for example_python_decorator to None, run_after=None
[2026-05-08T18:17:09.113+0100] {processor.py:183} INFO - Processing /home/najma/airflow-venv/lib/python3.12/site-packages/airflow/example_dags/example_python_decorator.py took 0.230 seconds
[2026-05-08T18:18:21.491+0100] {processor.py:161} INFO - Started process (PID=11977) to work on /home/najma/airflow-venv/lib/python3.12/site-packages/airflow/example_dags/example_python_decorator.py
[2026-05-08T18:18:21.492+0100] {processor.py:830} INFO - Processing file /home/najma/airflow-venv/lib/python3.12/site-packages/airflow/example_dags/example_python_decorator.py for tasks to queue
[2026-05-08T18:18:21.494+0100] {logging_mixin.py:188} INFO - [2026-05-08T18:18:21.494+0100] {dagbag.py:540} INFO - Filling up the DagBag from /home/najma/airflow-venv/lib/python3.12/site-packages/airflow/example_dags/example_python_decorator.py
[2026-05-08T18:18:21.601+0100] {logging_mixin.py:188} INFO - [2026-05-08T18:18:21.601+0100] {example_python_decorator.py:80} WARNING - The virtalenv_python example task requires virtualenv, please install it.
[2026-05-08T18:18:21.602+0100] {processor.py:840} INFO - DAG(s) 'example_python_decorator' retrieved from /home/najma/airflow-venv/lib/python3.12/site-packages/airflow/example_dags/example_python_decorator.py
[2026-05-08T18:18:21.628+0100] {logging_mixin.py:188} INFO - [2026-05-08T18:18:21.628+0100] {dag.py:3096} INFO - Sync 1 DAGs
[2026-05-08T18:18:21.642+0100] {logging_mixin.py:188} INFO - [2026-05-08T18:18:21.642+0100] {dag.py:3954} INFO - Setting next_dagrun for example_python_decorator to None, run_after=None
[2026-05-08T18:18:21.723+0100] {processor.py:183} INFO - Processing /home/najma/airflow-venv/lib/python3.12/site-packages/airflow/example_dags/example_python_decorator.py took 0.237 seconds
[2026-05-08T18:19:31.109+0100] {processor.py:161} INFO - Started process (PID=12034) to work on /home/najma/airflow-venv/lib/python3.12/site-packages/airflow/example_dags/example_python_decorator.py
[2026-05-08T18:19:31.111+0100] {processor.py:830} INFO - Processing file /home/najma/airflow-venv/lib/python3.12/site-packages/airflow/example_dags/example_python_decorator.py for tasks to queue
[2026-05-08T18:19:31.113+0100] {logging_mixin.py:188} INFO - [2026-05-08T18:19:31.113+0100] {dagbag.py:540} INFO - Filling up the DagBag from /home/najma/airflow-venv/lib/python3.12/site-packages/airflow/example_dags/example_python_decorator.py
[2026-05-08T18:19:31.197+0100] {logging_mixin.py:188} INFO - [2026-05-08T18:19:31.197+0100] {example_python_decorator.py:80} WARNING - The virtalenv_python example task requires virtualenv, please install it.
[2026-05-08T18:19:31.198+0100] {processor.py:840} INFO - DAG(s) 'example_python_decorator' retrieved from /home/najma/airflow-venv/lib/python3.12/site-packages/airflow/example_dags/example_python_decorator.py
[2026-05-08T18:19:31.224+0100] {logging_mixin.py:188} INFO - [2026-05-08T18:19:31.224+0100] {dag.py:3096} INFO - Sync 1 DAGs
[2026-05-08T18:19:31.240+0100] {logging_mixin.py:188} INFO - [2026-05-08T18:19:31.240+0100] {dag.py:3954} INFO - Setting next_dagrun for example_python_decorator to None, run_after=None
[2026-05-08T18:19:31.336+0100] {processor.py:183} INFO - Processing /home/najma/airflow-venv/lib/python3.12/site-packages/airflow/example_dags/example_python_decorator.py took 0.231 seconds
[2026-05-08T18:20:38.242+0100] {processor.py:161} INFO - Started process (PID=12091) to work on /home/najma/airflow-venv/lib/python3.12/site-packages/airflow/example_dags/example_python_decorator.py
[2026-05-08T18:20:38.243+0100] {processor.py:830} INFO - Processing file /home/najma/airflow-venv/lib/python3.12/site-packages/airflow/example_dags/example_python_decorator.py for tasks to queue
[2026-05-08T18:20:38.245+0100] {logging_mixin.py:188} INFO - [2026-05-08T18:20:38.244+0100] {dagbag.py:540} INFO - Filling up the DagBag from /home/najma/airflow-venv/lib/python3.12/site-packages/airflow/example_dags/example_python_decorator.py
[2026-05-08T18:20:38.325+0100] {logging_mixin.py:188} INFO - [2026-05-08T18:20:38.325+0100] {example_python_decorator.py:80} WARNING - The virtalenv_python example task requires virtualenv, please install it.
[2026-05-08T18:20:38.326+0100] {processor.py:840} INFO - DAG(s) 'example_python_decorator' retrieved from /home/najma/airflow-venv/lib/python3.12/site-packages/airflow/example_dags/example_python_decorator.py
[2026-05-08T18:20:38.351+0100] {logging_mixin.py:188} INFO - [2026-05-08T18:20:38.351+0100] {dag.py:3096} INFO - Sync 1 DAGs
[2026-05-08T18:20:38.364+0100] {logging_mixin.py:188} INFO - [2026-05-08T18:20:38.364+0100] {dag.py:3954} INFO - Setting next_dagrun for example_python_decorator to None, run_after=None
[2026-05-08T18:20:38.460+0100] {processor.py:183} INFO - Processing /home/najma/airflow-venv/lib/python3.12/site-packages/airflow/example_dags/example_python_decorator.py took 0.223 seconds
[2026-05-08T18:21:52.602+0100] {processor.py:161} INFO - Started process (PID=12149) to work on /home/najma/airflow-venv/lib/python3.12/site-packages/airflow/example_dags/example_python_decorator.py
[2026-05-08T18:21:52.604+0100] {processor.py:830} INFO - Processing file /home/najma/airflow-venv/lib/python3.12/site-packages/airflow/example_dags/example_python_decorator.py for tasks to queue
[2026-05-08T18:21:52.606+0100] {logging_mixin.py:188} INFO - [2026-05-08T18:21:52.605+0100] {dagbag.py:540} INFO - Filling up the DagBag from /home/najma/airflow-venv/lib/python3.12/site-packages/airflow/example_dags/example_python_decorator.py
[2026-05-08T18:21:52.730+0100] {logging_mixin.py:188} INFO - [2026-05-08T18:21:52.730+0100] {example_python_decorator.py:80} WARNING - The virtalenv_python example task requires virtualenv, please install it.
[2026-05-08T18:21:52.731+0100] {processor.py:840} INFO - DAG(s) 'example_python_decorator' retrieved from /home/najma/airflow-venv/lib/python3.12/site-packages/airflow/example_dags/example_python_decorator.py
[2026-05-08T18:21:52.768+0100] {logging_mixin.py:188} INFO - [2026-05-08T18:21:52.767+0100] {dag.py:3096} INFO - Sync 1 DAGs
[2026-05-08T18:21:52.783+0100] {logging_mixin.py:188} INFO - [2026-05-08T18:21:52.783+0100] {dag.py:3954} INFO - Setting next_dagrun for example_python_decorator to None, run_after=None
[2026-05-08T18:21:52.865+0100] {processor.py:183} INFO - Processing /home/najma/airflow-venv/lib/python3.12/site-packages/airflow/example_dags/example_python_decorator.py took 0.267 seconds
[2026-05-08T18:23:02.777+0100] {processor.py:161} INFO - Started process (PID=12207) to work on /home/najma/airflow-venv/lib/python3.12/site-packages/airflow/example_dags/example_python_decorator.py
[2026-05-08T18:23:02.778+0100] {processor.py:830} INFO - Processing file /home/najma/airflow-venv/lib/python3.12/site-packages/airflow/example_dags/example_python_decorator.py for tasks to queue
[2026-05-08T18:23:02.780+0100] {logging_mixin.py:188} INFO - [2026-05-08T18:23:02.780+0100] {dagbag.py:540} INFO - Filling up the DagBag from /home/najma/airflow-venv/lib/python3.12/site-packages/airflow/example_dags/example_python_decorator.py
[2026-05-08T18:23:02.860+0100] {logging_mixin.py:188} INFO - [2026-05-08T18:23:02.859+0100] {example_python_decorator.py:80} WARNING - The virtalenv_python example task requires virtualenv, please install it.
[2026-05-08T18:23:02.860+0100] {processor.py:840} INFO - DAG(s) 'example_python_decorator' retrieved from /home/najma/airflow-venv/lib/python3.12/site-packages/airflow/example_dags/example_python_decorator.py
[2026-05-08T18:23:02.884+0100] {logging_mixin.py:188} INFO - [2026-05-08T18:23:02.883+0100] {dag.py:3096} INFO - Sync 1 DAGs
[2026-05-08T18:23:02.896+0100] {logging_mixin.py:188} INFO - [2026-05-08T18:23:02.896+0100] {dag.py:3954} INFO - Setting next_dagrun for example_python_decorator to None, run_after=None
[2026-05-08T18:23:02.970+0100] {processor.py:183} INFO - Processing /home/najma/airflow-venv/lib/python3.12/site-packages/airflow/example_dags/example_python_decorator.py took 0.197 seconds
[2026-05-08T18:24:07.142+0100] {processor.py:161} INFO - Started process (PID=12261) to work on /home/najma/airflow-venv/lib/python3.12/site-packages/airflow/example_dags/example_python_decorator.py
[2026-05-08T18:24:07.143+0100] {processor.py:830} INFO - Processing file /home/najma/airflow-venv/lib/python3.12/site-packages/airflow/example_dags/example_python_decorator.py for tasks to queue
[2026-05-08T18:24:07.145+0100] {logging_mixin.py:188} INFO - [2026-05-08T18:24:07.144+0100] {dagbag.py:540} INFO - Filling up the DagBag from /home/najma/airflow-venv/lib/python3.12/site-packages/airflow/example_dags/example_python_decorator.py
[2026-05-08T18:24:07.257+0100] {logging_mixin.py:188} INFO - [2026-05-08T18:24:07.257+0100] {example_python_decorator.py:80} WARNING - The virtalenv_python example task requires virtualenv, please install it.
[2026-05-08T18:24:07.258+0100] {processor.py:840} INFO - DAG(s) 'example_python_decorator' retrieved from /home/najma/airflow-venv/lib/python3.12/site-packages/airflow/example_dags/example_python_decorator.py
[2026-05-08T18:24:07.300+0100] {logging_mixin.py:188} INFO - [2026-05-08T18:24:07.299+0100] {dag.py:3096} INFO - Sync 1 DAGs
[2026-05-08T18:24:07.314+0100] {logging_mixin.py:188} INFO - [2026-05-08T18:24:07.314+0100] {dag.py:3954} INFO - Setting next_dagrun for example_python_decorator to None, run_after=None
[2026-05-08T18:24:07.399+0100] {processor.py:183} INFO - Processing /home/najma/airflow-venv/lib/python3.12/site-packages/airflow/example_dags/example_python_decorator.py took 0.261 seconds
[2026-05-08T18:25:20.591+0100] {processor.py:161} INFO - Started process (PID=12326) to work on /home/najma/airflow-venv/lib/python3.12/site-packages/airflow/example_dags/example_python_decorator.py
[2026-05-08T18:25:20.593+0100] {processor.py:830} INFO - Processing file /home/najma/airflow-venv/lib/python3.12/site-packages/airflow/example_dags/example_python_decorator.py for tasks to queue
[2026-05-08T18:25:20.595+0100] {logging_mixin.py:188} INFO - [2026-05-08T18:25:20.595+0100] {dagbag.py:540} INFO - Filling up the DagBag from /home/najma/airflow-venv/lib/python3.12/site-packages/airflow/example_dags/example_python_decorator.py
[2026-05-08T18:25:20.775+0100] {logging_mixin.py:188} INFO - [2026-05-08T18:25:20.775+0100] {example_python_decorator.py:80} WARNING - The virtalenv_python example task requires virtualenv, please install it.
[2026-05-08T18:25:20.777+0100] {processor.py:840} INFO - DAG(s) 'example_python_decorator' retrieved from /home/najma/airflow-venv/lib/python3.12/site-packages/airflow/example_dags/example_python_decorator.py
[2026-05-08T18:25:20.854+0100] {logging_mixin.py:188} INFO - [2026-05-08T18:25:20.854+0100] {dag.py:3096} INFO - Sync 1 DAGs
[2026-05-08T18:25:20.869+0100] {logging_mixin.py:188} INFO - [2026-05-08T18:25:20.868+0100] {dag.py:3954} INFO - Setting next_dagrun for example_python_decorator to None, run_after=None
[2026-05-08T18:25:21.003+0100] {processor.py:183} INFO - Processing /home/najma/airflow-venv/lib/python3.12/site-packages/airflow/example_dags/example_python_decorator.py took 0.418 seconds
[2026-05-08T18:26:27.508+0100] {processor.py:161} INFO - Started process (PID=12392) to work on /home/najma/airflow-venv/lib/python3.12/site-packages/airflow/example_dags/example_python_decorator.py
[2026-05-08T18:26:27.509+0100] {processor.py:830} INFO - Processing file /home/najma/airflow-venv/lib/python3.12/site-packages/airflow/example_dags/example_python_decorator.py for tasks to queue
[2026-05-08T18:26:27.511+0100] {logging_mixin.py:188} INFO - [2026-05-08T18:26:27.511+0100] {dagbag.py:540} INFO - Filling up the DagBag from /home/najma/airflow-venv/lib/python3.12/site-packages/airflow/example_dags/example_python_decorator.py
[2026-05-08T18:26:27.594+0100] {logging_mixin.py:188} INFO - [2026-05-08T18:26:27.594+0100] {example_python_decorator.py:80} WARNING - The virtalenv_python example task requires virtualenv, please install it.
[2026-05-08T18:26:27.595+0100] {processor.py:840} INFO - DAG(s) 'example_python_decorator' retrieved from /home/najma/airflow-venv/lib/python3.12/site-packages/airflow/example_dags/example_python_decorator.py
[2026-05-08T18:26:27.621+0100] {logging_mixin.py:188} INFO - [2026-05-08T18:26:27.621+0100] {dag.py:3096} INFO - Sync 1 DAGs
[2026-05-08T18:26:27.637+0100] {logging_mixin.py:188} INFO - [2026-05-08T18:26:27.637+0100] {dag.py:3954} INFO - Setting next_dagrun for example_python_decorator to None, run_after=None
[2026-05-08T18:26:27.726+0100] {processor.py:183} INFO - Processing /home/najma/airflow-venv/lib/python3.12/site-packages/airflow/example_dags/example_python_decorator.py took 0.224 seconds
[2026-05-08T18:27:54.321+0100] {processor.py:161} INFO - Started process (PID=12457) to work on /home/najma/airflow-venv/lib/python3.12/site-packages/airflow/example_dags/example_python_decorator.py
[2026-05-08T18:27:54.323+0100] {processor.py:830} INFO - Processing file /home/najma/airflow-venv/lib/python3.12/site-packages/airflow/example_dags/example_python_decorator.py for tasks to queue
[2026-05-08T18:27:54.325+0100] {logging_mixin.py:188} INFO - [2026-05-08T18:27:54.324+0100] {dagbag.py:540} INFO - Filling up the DagBag from /home/najma/airflow-venv/lib/python3.12/site-packages/airflow/example_dags/example_python_decorator.py
[2026-05-08T18:27:54.409+0100] {logging_mixin.py:188} INFO - [2026-05-08T18:27:54.409+0100] {example_python_decorator.py:80} WARNING - The virtalenv_python example task requires virtualenv, please install it.
[2026-05-08T18:27:54.410+0100] {processor.py:840} INFO - DAG(s) 'example_python_decorator' retrieved from /home/najma/airflow-venv/lib/python3.12/site-packages/airflow/example_dags/example_python_decorator.py
[2026-05-08T18:27:54.437+0100] {logging_mixin.py:188} INFO - [2026-05-08T18:27:54.437+0100] {dag.py:3096} INFO - Sync 1 DAGs
[2026-05-08T18:27:54.450+0100] {logging_mixin.py:188} INFO - [2026-05-08T18:27:54.450+0100] {dag.py:3954} INFO - Setting next_dagrun for example_python_decorator to None, run_after=None
[2026-05-08T18:27:54.552+0100] {processor.py:183} INFO - Processing /home/najma/airflow-venv/lib/python3.12/site-packages/airflow/example_dags/example_python_decorator.py took 0.234 seconds
[2026-05-08T18:29:11.702+0100] {processor.py:161} INFO - Started process (PID=12516) to work on /home/najma/airflow-venv/lib/python3.12/site-packages/airflow/example_dags/example_python_decorator.py
[2026-05-08T18:29:11.703+0100] {processor.py:830} INFO - Processing file /home/najma/airflow-venv/lib/python3.12/site-packages/airflow/example_dags/example_python_decorator.py for tasks to queue
[2026-05-08T18:29:11.705+0100] {logging_mixin.py:188} INFO - [2026-05-08T18:29:11.705+0100] {dagbag.py:540} INFO - Filling up the DagBag from /home/najma/airflow-venv/lib/python3.12/site-packages/airflow/example_dags/example_python_decorator.py
[2026-05-08T18:29:11.809+0100] {logging_mixin.py:188} INFO - [2026-05-08T18:29:11.809+0100] {example_python_decorator.py:80} WARNING - The virtalenv_python example task requires virtualenv, please install it.
[2026-05-08T18:29:11.810+0100] {processor.py:840} INFO - DAG(s) 'example_python_decorator' retrieved from /home/najma/airflow-venv/lib/python3.12/site-packages/airflow/example_dags/example_python_decorator.py
[2026-05-08T18:29:11.838+0100] {logging_mixin.py:188} INFO - [2026-05-08T18:29:11.837+0100] {dag.py:3096} INFO - Sync 1 DAGs
[2026-05-08T18:29:11.852+0100] {logging_mixin.py:188} INFO - [2026-05-08T18:29:11.851+0100] {dag.py:3954} INFO - Setting next_dagrun for example_python_decorator to None, run_after=None
[2026-05-08T18:29:11.937+0100] {processor.py:183} INFO - Processing /home/najma/airflow-venv/lib/python3.12/site-packages/airflow/example_dags/example_python_decorator.py took 0.241 seconds
[2026-05-08T18:30:27.835+0100] {processor.py:161} INFO - Started process (PID=12576) to work on /home/najma/airflow-venv/lib/python3.12/site-packages/airflow/example_dags/example_python_decorator.py
[2026-05-08T18:30:27.836+0100] {processor.py:830} INFO - Processing file /home/najma/airflow-venv/lib/python3.12/site-packages/airflow/example_dags/example_python_decorator.py for tasks to queue
[2026-05-08T18:30:27.839+0100] {logging_mixin.py:188} INFO - [2026-05-08T18:30:27.838+0100] {dagbag.py:540} INFO - Filling up the DagBag from /home/najma/airflow-venv/lib/python3.12/site-packages/airflow/example_dags/example_python_decorator.py
[2026-05-08T18:30:28.012+0100] {logging_mixin.py:188} INFO - [2026-05-08T18:30:28.011+0100] {example_python_decorator.py:80} WARNING - The virtalenv_python example task requires virtualenv, please install it.
[2026-05-08T18:30:28.013+0100] {processor.py:840} INFO - DAG(s) 'example_python_decorator' retrieved from /home/najma/airflow-venv/lib/python3.12/site-packages/airflow/example_dags/example_python_decorator.py
[2026-05-08T18:30:28.045+0100] {logging_mixin.py:188} INFO - [2026-05-08T18:30:28.044+0100] {dag.py:3096} INFO - Sync 1 DAGs
[2026-05-08T18:30:28.060+0100] {logging_mixin.py:188} INFO - [2026-05-08T18:30:28.060+0100] {dag.py:3954} INFO - Setting next_dagrun for example_python_decorator to None, run_after=None
[2026-05-08T18:30:28.166+0100] {processor.py:183} INFO - Processing /home/najma/airflow-venv/lib/python3.12/site-packages/airflow/example_dags/example_python_decorator.py took 0.336 seconds
[2026-05-08T18:31:44.536+0100] {processor.py:161} INFO - Started process (PID=12636) to work on /home/najma/airflow-venv/lib/python3.12/site-packages/airflow/example_dags/example_python_decorator.py
[2026-05-08T18:31:44.542+0100] {processor.py:830} INFO - Processing file /home/najma/airflow-venv/lib/python3.12/site-packages/airflow/example_dags/example_python_decorator.py for tasks to queue
[2026-05-08T18:31:44.548+0100] {logging_mixin.py:188} INFO - [2026-05-08T18:31:44.545+0100] {dagbag.py:540} INFO - Filling up the DagBag from /home/najma/airflow-venv/lib/python3.12/site-packages/airflow/example_dags/example_python_decorator.py
[2026-05-08T18:31:45.048+0100] {logging_mixin.py:188} INFO - [2026-05-08T18:31:45.048+0100] {example_python_decorator.py:80} WARNING - The virtalenv_python example task requires virtualenv, please install it.
[2026-05-08T18:31:45.049+0100] {processor.py:840} INFO - DAG(s) 'example_python_decorator' retrieved from /home/najma/airflow-venv/lib/python3.12/site-packages/airflow/example_dags/example_python_decorator.py
[2026-05-08T18:31:45.082+0100] {logging_mixin.py:188} INFO - [2026-05-08T18:31:45.082+0100] {dag.py:3096} INFO - Sync 1 DAGs
[2026-05-08T18:31:45.096+0100] {logging_mixin.py:188} INFO - [2026-05-08T18:31:45.096+0100] {dag.py:3954} INFO - Setting next_dagrun for example_python_decorator to None, run_after=None
[2026-05-08T18:31:45.205+0100] {processor.py:183} INFO - Processing /home/najma/airflow-venv/lib/python3.12/site-packages/airflow/example_dags/example_python_decorator.py took 0.673 seconds
[2026-05-08T18:33:02.438+0100] {processor.py:161} INFO - Started process (PID=12694) to work on /home/najma/airflow-venv/lib/python3.12/site-packages/airflow/example_dags/example_python_decorator.py
[2026-05-08T18:33:02.442+0100] {processor.py:830} INFO - Processing file /home/najma/airflow-venv/lib/python3.12/site-packages/airflow/example_dags/example_python_decorator.py for tasks to queue
[2026-05-08T18:33:02.446+0100] {logging_mixin.py:188} INFO - [2026-05-08T18:33:02.446+0100] {dagbag.py:540} INFO - Filling up the DagBag from /home/najma/airflow-venv/lib/python3.12/site-packages/airflow/example_dags/example_python_decorator.py
[2026-05-08T18:33:02.581+0100] {logging_mixin.py:188} INFO - [2026-05-08T18:33:02.580+0100] {example_python_decorator.py:80} WARNING - The virtalenv_python example task requires virtualenv, please install it.
[2026-05-08T18:33:02.582+0100] {processor.py:840} INFO - DAG(s) 'example_python_decorator' retrieved from /home/najma/airflow-venv/lib/python3.12/site-packages/airflow/example_dags/example_python_decorator.py
[2026-05-08T18:33:02.615+0100] {logging_mixin.py:188} INFO - [2026-05-08T18:33:02.615+0100] {dag.py:3096} INFO - Sync 1 DAGs
[2026-05-08T18:33:02.638+0100] {logging_mixin.py:188} INFO - [2026-05-08T18:33:02.638+0100] {dag.py:3954} INFO - Setting next_dagrun for example_python_decorator to None, run_after=None
[2026-05-08T18:33:02.754+0100] {processor.py:183} INFO - Processing /home/najma/airflow-venv/lib/python3.12/site-packages/airflow/example_dags/example_python_decorator.py took 0.321 seconds
[2026-05-08T18:34:18.543+0100] {processor.py:161} INFO - Started process (PID=12758) to work on /home/najma/airflow-venv/lib/python3.12/site-packages/airflow/example_dags/example_python_decorator.py
[2026-05-08T18:34:18.545+0100] {processor.py:830} INFO - Processing file /home/najma/airflow-venv/lib/python3.12/site-packages/airflow/example_dags/example_python_decorator.py for tasks to queue
[2026-05-08T18:34:18.546+0100] {logging_mixin.py:188} INFO - [2026-05-08T18:34:18.546+0100] {dagbag.py:540} INFO - Filling up the DagBag from /home/najma/airflow-venv/lib/python3.12/site-packages/airflow/example_dags/example_python_decorator.py
[2026-05-08T18:34:18.669+0100] {logging_mixin.py:188} INFO - [2026-05-08T18:34:18.668+0100] {example_python_decorator.py:80} WARNING - The virtalenv_python example task requires virtualenv, please install it.
[2026-05-08T18:34:18.670+0100] {processor.py:840} INFO - DAG(s) 'example_python_decorator' retrieved from /home/najma/airflow-venv/lib/python3.12/site-packages/airflow/example_dags/example_python_decorator.py
[2026-05-08T18:34:18.701+0100] {logging_mixin.py:188} INFO - [2026-05-08T18:34:18.701+0100] {dag.py:3096} INFO - Sync 1 DAGs
[2026-05-08T18:34:18.715+0100] {logging_mixin.py:188} INFO - [2026-05-08T18:34:18.715+0100] {dag.py:3954} INFO - Setting next_dagrun for example_python_decorator to None, run_after=None
[2026-05-08T18:34:18.803+0100] {processor.py:183} INFO - Processing /home/najma/airflow-venv/lib/python3.12/site-packages/airflow/example_dags/example_python_decorator.py took 0.264 seconds
[2026-05-08T18:35:28.994+0100] {processor.py:161} INFO - Started process (PID=12837) to work on /home/najma/airflow-venv/lib/python3.12/site-packages/airflow/example_dags/example_python_decorator.py
[2026-05-08T18:35:28.995+0100] {processor.py:830} INFO - Processing file /home/najma/airflow-venv/lib/python3.12/site-packages/airflow/example_dags/example_python_decorator.py for tasks to queue
[2026-05-08T18:35:28.997+0100] {logging_mixin.py:188} INFO - [2026-05-08T18:35:28.996+0100] {dagbag.py:540} INFO - Filling up the DagBag from /home/najma/airflow-venv/lib/python3.12/site-packages/airflow/example_dags/example_python_decorator.py
[2026-05-08T18:35:29.117+0100] {logging_mixin.py:188} INFO - [2026-05-08T18:35:29.116+0100] {example_python_decorator.py:80} WARNING - The virtalenv_python example task requires virtualenv, please install it.
[2026-05-08T18:35:29.118+0100] {processor.py:840} INFO - DAG(s) 'example_python_decorator' retrieved from /home/najma/airflow-venv/lib/python3.12/site-packages/airflow/example_dags/example_python_decorator.py
[2026-05-08T18:35:29.149+0100] {logging_mixin.py:188} INFO - [2026-05-08T18:35:29.149+0100] {dag.py:3096} INFO - Sync 1 DAGs
[2026-05-08T18:35:29.164+0100] {logging_mixin.py:188} INFO - [2026-05-08T18:35:29.164+0100] {dag.py:3954} INFO - Setting next_dagrun for example_python_decorator to None, run_after=None
[2026-05-08T18:35:29.268+0100] {processor.py:183} INFO - Processing /home/najma/airflow-venv/lib/python3.12/site-packages/airflow/example_dags/example_python_decorator.py took 0.284 seconds
[2026-05-08T18:36:35.981+0100] {processor.py:161} INFO - Started process (PID=12892) to work on /home/najma/airflow-venv/lib/python3.12/site-packages/airflow/example_dags/example_python_decorator.py
[2026-05-08T18:36:35.996+0100] {processor.py:830} INFO - Processing file /home/najma/airflow-venv/lib/python3.12/site-packages/airflow/example_dags/example_python_decorator.py for tasks to queue
[2026-05-08T18:36:35.997+0100] {logging_mixin.py:188} INFO - [2026-05-08T18:36:35.997+0100] {dagbag.py:540} INFO - Filling up the DagBag from /home/najma/airflow-venv/lib/python3.12/site-packages/airflow/example_dags/example_python_decorator.py
[2026-05-08T18:36:36.085+0100] {logging_mixin.py:188} INFO - [2026-05-08T18:36:36.085+0100] {example_python_decorator.py:80} WARNING - The virtalenv_python example task requires virtualenv, please install it.
[2026-05-08T18:36:36.086+0100] {processor.py:840} INFO - DAG(s) 'example_python_decorator' retrieved from /home/najma/airflow-venv/lib/python3.12/site-packages/airflow/example_dags/example_python_decorator.py
[2026-05-08T18:36:36.115+0100] {logging_mixin.py:188} INFO - [2026-05-08T18:36:36.114+0100] {dag.py:3096} INFO - Sync 1 DAGs
[2026-05-08T18:36:36.132+0100] {logging_mixin.py:188} INFO - [2026-05-08T18:36:36.132+0100] {dag.py:3954} INFO - Setting next_dagrun for example_python_decorator to None, run_after=None
[2026-05-08T18:36:36.227+0100] {processor.py:183} INFO - Processing /home/najma/airflow-venv/lib/python3.12/site-packages/airflow/example_dags/example_python_decorator.py took 0.249 seconds
[2026-05-08T18:37:52.933+0100] {processor.py:161} INFO - Started process (PID=12954) to work on /home/najma/airflow-venv/lib/python3.12/site-packages/airflow/example_dags/example_python_decorator.py
[2026-05-08T18:37:52.934+0100] {processor.py:830} INFO - Processing file /home/najma/airflow-venv/lib/python3.12/site-packages/airflow/example_dags/example_python_decorator.py for tasks to queue
[2026-05-08T18:37:52.936+0100] {logging_mixin.py:188} INFO - [2026-05-08T18:37:52.935+0100] {dagbag.py:540} INFO - Filling up the DagBag from /home/najma/airflow-venv/lib/python3.12/site-packages/airflow/example_dags/example_python_decorator.py
[2026-05-08T18:37:53.282+0100] {logging_mixin.py:188} INFO - [2026-05-08T18:37:53.282+0100] {example_python_decorator.py:80} WARNING - The virtalenv_python example task requires virtualenv, please install it.
[2026-05-08T18:37:53.283+0100] {processor.py:840} INFO - DAG(s) 'example_python_decorator' retrieved from /home/najma/airflow-venv/lib/python3.12/site-packages/airflow/example_dags/example_python_decorator.py
[2026-05-08T18:37:53.317+0100] {logging_mixin.py:188} INFO - [2026-05-08T18:37:53.316+0100] {dag.py:3096} INFO - Sync 1 DAGs
[2026-05-08T18:37:53.332+0100] {logging_mixin.py:188} INFO - [2026-05-08T18:37:53.332+0100] {dag.py:3954} INFO - Setting next_dagrun for example_python_decorator to None, run_after=None
[2026-05-08T18:37:53.438+0100] {processor.py:183} INFO - Processing /home/najma/airflow-venv/lib/python3.12/site-packages/airflow/example_dags/example_python_decorator.py took 0.511 seconds
[2026-05-08T18:39:11.195+0100] {processor.py:161} INFO - Started process (PID=13020) to work on /home/najma/airflow-venv/lib/python3.12/site-packages/airflow/example_dags/example_python_decorator.py
[2026-05-08T18:39:11.197+0100] {processor.py:830} INFO - Processing file /home/najma/airflow-venv/lib/python3.12/site-packages/airflow/example_dags/example_python_decorator.py for tasks to queue
[2026-05-08T18:39:11.199+0100] {logging_mixin.py:188} INFO - [2026-05-08T18:39:11.198+0100] {dagbag.py:540} INFO - Filling up the DagBag from /home/najma/airflow-venv/lib/python3.12/site-packages/airflow/example_dags/example_python_decorator.py
[2026-05-08T18:39:11.300+0100] {logging_mixin.py:188} INFO - [2026-05-08T18:39:11.300+0100] {example_python_decorator.py:80} WARNING - The virtalenv_python example task requires virtualenv, please install it.
[2026-05-08T18:39:11.301+0100] {processor.py:840} INFO - DAG(s) 'example_python_decorator' retrieved from /home/najma/airflow-venv/lib/python3.12/site-packages/airflow/example_dags/example_python_decorator.py
[2026-05-08T18:39:11.332+0100] {logging_mixin.py:188} INFO - [2026-05-08T18:39:11.332+0100] {dag.py:3096} INFO - Sync 1 DAGs
[2026-05-08T18:39:11.349+0100] {logging_mixin.py:188} INFO - [2026-05-08T18:39:11.349+0100] {dag.py:3954} INFO - Setting next_dagrun for example_python_decorator to None, run_after=None
[2026-05-08T18:39:11.446+0100] {processor.py:183} INFO - Processing /home/najma/airflow-venv/lib/python3.12/site-packages/airflow/example_dags/example_python_decorator.py took 0.255 seconds
