[2026-05-08T16:43:29.463+0100] {processor.py:161} INFO - Started process (PID=9566) to work on /home/najma/airflow-venv/lib/python3.12/site-packages/airflow/example_dags/example_branch_python_dop_operator_3.py
[2026-05-08T16:43:29.464+0100] {processor.py:830} INFO - Processing file /home/najma/airflow-venv/lib/python3.12/site-packages/airflow/example_dags/example_branch_python_dop_operator_3.py for tasks to queue
[2026-05-08T16:43:29.466+0100] {logging_mixin.py:188} INFO - [2026-05-08T16:43:29.466+0100] {dagbag.py:540} INFO - Filling up the DagBag from /home/najma/airflow-venv/lib/python3.12/site-packages/airflow/example_dags/example_branch_python_dop_operator_3.py
[2026-05-08T16:43:29.477+0100] {processor.py:840} INFO - DAG(s) 'example_branch_dop_operator_v3' retrieved from /home/najma/airflow-venv/lib/python3.12/site-packages/airflow/example_dags/example_branch_python_dop_operator_3.py
[2026-05-08T16:43:29.686+0100] {logging_mixin.py:188} INFO - [2026-05-08T16:43:29.685+0100] {override.py:1829} INFO - Created Permission View: can read on DAG:example_branch_dop_operator_v3
[2026-05-08T16:43:29.733+0100] {logging_mixin.py:188} INFO - [2026-05-08T16:43:29.732+0100] {override.py:1829} INFO - Created Permission View: can edit on DAG:example_branch_dop_operator_v3
[2026-05-08T16:43:29.776+0100] {logging_mixin.py:188} INFO - [2026-05-08T16:43:29.776+0100] {override.py:1829} INFO - Created Permission View: can delete on DAG:example_branch_dop_operator_v3
[2026-05-08T16:43:29.777+0100] {logging_mixin.py:188} INFO - [2026-05-08T16:43:29.777+0100] {dag.py:3096} INFO - Sync 1 DAGs
[2026-05-08T16:43:29.798+0100] {logging_mixin.py:188} INFO - [2026-05-08T16:43:29.797+0100] {dag.py:3118} INFO - Creating ORM DAG for example_branch_dop_operator_v3
[2026-05-08T16:43:29.815+0100] {logging_mixin.py:188} INFO - [2026-05-08T16:43:29.815+0100] {dag.py:3954} INFO - Setting next_dagrun for example_branch_dop_operator_v3 to 2026-05-08 15:42:00+00:00, run_after=2026-05-08 15:43:00+00:00
[2026-05-08T16:43:29.891+0100] {processor.py:183} INFO - Processing /home/najma/airflow-venv/lib/python3.12/site-packages/airflow/example_dags/example_branch_python_dop_operator_3.py took 0.432 seconds
[2026-05-08T16:44:55.758+0100] {processor.py:161} INFO - Started process (PID=9642) to work on /home/najma/airflow-venv/lib/python3.12/site-packages/airflow/example_dags/example_branch_python_dop_operator_3.py
[2026-05-08T16:44:55.760+0100] {processor.py:830} INFO - Processing file /home/najma/airflow-venv/lib/python3.12/site-packages/airflow/example_dags/example_branch_python_dop_operator_3.py for tasks to queue
[2026-05-08T16:44:55.761+0100] {logging_mixin.py:188} INFO - [2026-05-08T16:44:55.761+0100] {dagbag.py:540} INFO - Filling up the DagBag from /home/najma/airflow-venv/lib/python3.12/site-packages/airflow/example_dags/example_branch_python_dop_operator_3.py
[2026-05-08T16:44:55.768+0100] {processor.py:840} INFO - DAG(s) 'example_branch_dop_operator_v3' retrieved from /home/najma/airflow-venv/lib/python3.12/site-packages/airflow/example_dags/example_branch_python_dop_operator_3.py
[2026-05-08T16:44:55.794+0100] {logging_mixin.py:188} INFO - [2026-05-08T16:44:55.794+0100] {dag.py:3096} INFO - Sync 1 DAGs
[2026-05-08T16:44:55.827+0100] {logging_mixin.py:188} INFO - [2026-05-08T16:44:55.827+0100] {dag.py:3954} INFO - Setting next_dagrun for example_branch_dop_operator_v3 to 2026-05-08 15:43:00+00:00, run_after=2026-05-08 15:44:00+00:00
[2026-05-08T16:44:55.930+0100] {processor.py:183} INFO - Processing /home/najma/airflow-venv/lib/python3.12/site-packages/airflow/example_dags/example_branch_python_dop_operator_3.py took 0.176 seconds
[2026-05-08T16:46:16.937+0100] {processor.py:161} INFO - Started process (PID=9718) to work on /home/najma/airflow-venv/lib/python3.12/site-packages/airflow/example_dags/example_branch_python_dop_operator_3.py
[2026-05-08T16:46:16.939+0100] {processor.py:830} INFO - Processing file /home/najma/airflow-venv/lib/python3.12/site-packages/airflow/example_dags/example_branch_python_dop_operator_3.py for tasks to queue
[2026-05-08T16:46:16.940+0100] {logging_mixin.py:188} INFO - [2026-05-08T16:46:16.940+0100] {dagbag.py:540} INFO - Filling up the DagBag from /home/najma/airflow-venv/lib/python3.12/site-packages/airflow/example_dags/example_branch_python_dop_operator_3.py
[2026-05-08T16:46:16.948+0100] {processor.py:840} INFO - DAG(s) 'example_branch_dop_operator_v3' retrieved from /home/najma/airflow-venv/lib/python3.12/site-packages/airflow/example_dags/example_branch_python_dop_operator_3.py
[2026-05-08T16:46:16.977+0100] {logging_mixin.py:188} INFO - [2026-05-08T16:46:16.976+0100] {dag.py:3096} INFO - Sync 1 DAGs
[2026-05-08T16:46:17.008+0100] {logging_mixin.py:188} INFO - [2026-05-08T16:46:17.007+0100] {dag.py:3954} INFO - Setting next_dagrun for example_branch_dop_operator_v3 to 2026-05-08 15:45:00+00:00, run_after=2026-05-08 15:46:00+00:00
[2026-05-08T16:46:17.096+0100] {processor.py:183} INFO - Processing /home/najma/airflow-venv/lib/python3.12/site-packages/airflow/example_dags/example_branch_python_dop_operator_3.py took 0.163 seconds
[2026-05-08T16:47:36.450+0100] {processor.py:161} INFO - Started process (PID=9787) to work on /home/najma/airflow-venv/lib/python3.12/site-packages/airflow/example_dags/example_branch_python_dop_operator_3.py
[2026-05-08T16:47:36.451+0100] {processor.py:830} INFO - Processing file /home/najma/airflow-venv/lib/python3.12/site-packages/airflow/example_dags/example_branch_python_dop_operator_3.py for tasks to queue
[2026-05-08T16:47:36.454+0100] {logging_mixin.py:188} INFO - [2026-05-08T16:47:36.454+0100] {dagbag.py:540} INFO - Filling up the DagBag from /home/najma/airflow-venv/lib/python3.12/site-packages/airflow/example_dags/example_branch_python_dop_operator_3.py
[2026-05-08T16:47:36.465+0100] {processor.py:840} INFO - DAG(s) 'example_branch_dop_operator_v3' retrieved from /home/najma/airflow-venv/lib/python3.12/site-packages/airflow/example_dags/example_branch_python_dop_operator_3.py
[2026-05-08T16:47:36.499+0100] {logging_mixin.py:188} INFO - [2026-05-08T16:47:36.499+0100] {dag.py:3096} INFO - Sync 1 DAGs
[2026-05-08T16:47:36.532+0100] {logging_mixin.py:188} INFO - [2026-05-08T16:47:36.532+0100] {dag.py:3954} INFO - Setting next_dagrun for example_branch_dop_operator_v3 to 2026-05-08 15:46:00+00:00, run_after=2026-05-08 15:47:00+00:00
[2026-05-08T16:47:36.610+0100] {processor.py:183} INFO - Processing /home/najma/airflow-venv/lib/python3.12/site-packages/airflow/example_dags/example_branch_python_dop_operator_3.py took 0.165 seconds
[2026-05-08T16:48:46.741+0100] {processor.py:161} INFO - Started process (PID=9853) to work on /home/najma/airflow-venv/lib/python3.12/site-packages/airflow/example_dags/example_branch_python_dop_operator_3.py
[2026-05-08T16:48:46.742+0100] {processor.py:830} INFO - Processing file /home/najma/airflow-venv/lib/python3.12/site-packages/airflow/example_dags/example_branch_python_dop_operator_3.py for tasks to queue
[2026-05-08T16:48:46.744+0100] {logging_mixin.py:188} INFO - [2026-05-08T16:48:46.744+0100] {dagbag.py:540} INFO - Filling up the DagBag from /home/najma/airflow-venv/lib/python3.12/site-packages/airflow/example_dags/example_branch_python_dop_operator_3.py
[2026-05-08T16:48:46.750+0100] {processor.py:840} INFO - DAG(s) 'example_branch_dop_operator_v3' retrieved from /home/najma/airflow-venv/lib/python3.12/site-packages/airflow/example_dags/example_branch_python_dop_operator_3.py
[2026-05-08T16:48:46.778+0100] {logging_mixin.py:188} INFO - [2026-05-08T16:48:46.777+0100] {dag.py:3096} INFO - Sync 1 DAGs
[2026-05-08T16:48:46.809+0100] {logging_mixin.py:188} INFO - [2026-05-08T16:48:46.809+0100] {dag.py:3954} INFO - Setting next_dagrun for example_branch_dop_operator_v3 to 2026-05-08 15:47:00+00:00, run_after=2026-05-08 15:48:00+00:00
[2026-05-08T16:48:46.921+0100] {processor.py:183} INFO - Processing /home/najma/airflow-venv/lib/python3.12/site-packages/airflow/example_dags/example_branch_python_dop_operator_3.py took 0.183 seconds
[2026-05-08T17:45:59.809+0100] {processor.py:161} INFO - Started process (PID=10273) to work on /home/najma/airflow-venv/lib/python3.12/site-packages/airflow/example_dags/example_branch_python_dop_operator_3.py
[2026-05-08T17:45:59.811+0100] {processor.py:830} INFO - Processing file /home/najma/airflow-venv/lib/python3.12/site-packages/airflow/example_dags/example_branch_python_dop_operator_3.py for tasks to queue
[2026-05-08T17:45:59.813+0100] {logging_mixin.py:188} INFO - [2026-05-08T17:45:59.812+0100] {dagbag.py:540} INFO - Filling up the DagBag from /home/najma/airflow-venv/lib/python3.12/site-packages/airflow/example_dags/example_branch_python_dop_operator_3.py
[2026-05-08T17:45:59.819+0100] {processor.py:840} INFO - DAG(s) 'example_branch_dop_operator_v3' retrieved from /home/najma/airflow-venv/lib/python3.12/site-packages/airflow/example_dags/example_branch_python_dop_operator_3.py
[2026-05-08T17:45:59.846+0100] {logging_mixin.py:188} INFO - [2026-05-08T17:45:59.846+0100] {dag.py:3096} INFO - Sync 1 DAGs
[2026-05-08T17:45:59.877+0100] {logging_mixin.py:188} INFO - [2026-05-08T17:45:59.877+0100] {dag.py:3954} INFO - Setting next_dagrun for example_branch_dop_operator_v3 to 2026-05-08 16:44:00+00:00, run_after=2026-05-08 16:45:00+00:00
[2026-05-08T17:45:59.988+0100] {processor.py:183} INFO - Processing /home/najma/airflow-venv/lib/python3.12/site-packages/airflow/example_dags/example_branch_python_dop_operator_3.py took 0.183 seconds
[2026-05-08T17:47:24.984+0100] {processor.py:161} INFO - Started process (PID=10346) to work on /home/najma/airflow-venv/lib/python3.12/site-packages/airflow/example_dags/example_branch_python_dop_operator_3.py
[2026-05-08T17:47:25.008+0100] {processor.py:830} INFO - Processing file /home/najma/airflow-venv/lib/python3.12/site-packages/airflow/example_dags/example_branch_python_dop_operator_3.py for tasks to queue
[2026-05-08T17:47:25.009+0100] {logging_mixin.py:188} INFO - [2026-05-08T17:47:25.009+0100] {dagbag.py:540} INFO - Filling up the DagBag from /home/najma/airflow-venv/lib/python3.12/site-packages/airflow/example_dags/example_branch_python_dop_operator_3.py
[2026-05-08T17:47:25.016+0100] {processor.py:840} INFO - DAG(s) 'example_branch_dop_operator_v3' retrieved from /home/najma/airflow-venv/lib/python3.12/site-packages/airflow/example_dags/example_branch_python_dop_operator_3.py
[2026-05-08T17:47:25.041+0100] {logging_mixin.py:188} INFO - [2026-05-08T17:47:25.040+0100] {dag.py:3096} INFO - Sync 1 DAGs
[2026-05-08T17:47:25.069+0100] {logging_mixin.py:188} INFO - [2026-05-08T17:47:25.069+0100] {dag.py:3954} INFO - Setting next_dagrun for example_branch_dop_operator_v3 to 2026-05-08 16:46:00+00:00, run_after=2026-05-08 16:47:00+00:00
[2026-05-08T17:47:25.169+0100] {processor.py:183} INFO - Processing /home/najma/airflow-venv/lib/python3.12/site-packages/airflow/example_dags/example_branch_python_dop_operator_3.py took 0.189 seconds
[2026-05-08T17:48:33.214+0100] {processor.py:161} INFO - Started process (PID=10407) to work on /home/najma/airflow-venv/lib/python3.12/site-packages/airflow/example_dags/example_branch_python_dop_operator_3.py
[2026-05-08T17:48:33.216+0100] {processor.py:830} INFO - Processing file /home/najma/airflow-venv/lib/python3.12/site-packages/airflow/example_dags/example_branch_python_dop_operator_3.py for tasks to queue
[2026-05-08T17:48:33.222+0100] {logging_mixin.py:188} INFO - [2026-05-08T17:48:33.220+0100] {dagbag.py:540} INFO - Filling up the DagBag from /home/najma/airflow-venv/lib/python3.12/site-packages/airflow/example_dags/example_branch_python_dop_operator_3.py
[2026-05-08T17:48:33.233+0100] {processor.py:840} INFO - DAG(s) 'example_branch_dop_operator_v3' retrieved from /home/najma/airflow-venv/lib/python3.12/site-packages/airflow/example_dags/example_branch_python_dop_operator_3.py
[2026-05-08T17:48:33.261+0100] {logging_mixin.py:188} INFO - [2026-05-08T17:48:33.261+0100] {dag.py:3096} INFO - Sync 1 DAGs
[2026-05-08T17:48:33.292+0100] {logging_mixin.py:188} INFO - [2026-05-08T17:48:33.292+0100] {dag.py:3954} INFO - Setting next_dagrun for example_branch_dop_operator_v3 to 2026-05-08 16:47:00+00:00, run_after=2026-05-08 16:48:00+00:00
[2026-05-08T17:48:33.377+0100] {processor.py:183} INFO - Processing /home/najma/airflow-venv/lib/python3.12/site-packages/airflow/example_dags/example_branch_python_dop_operator_3.py took 0.170 seconds
[2026-05-08T17:49:42.082+0100] {processor.py:161} INFO - Started process (PID=10466) to work on /home/najma/airflow-venv/lib/python3.12/site-packages/airflow/example_dags/example_branch_python_dop_operator_3.py
[2026-05-08T17:49:42.083+0100] {processor.py:830} INFO - Processing file /home/najma/airflow-venv/lib/python3.12/site-packages/airflow/example_dags/example_branch_python_dop_operator_3.py for tasks to queue
[2026-05-08T17:49:42.085+0100] {logging_mixin.py:188} INFO - [2026-05-08T17:49:42.085+0100] {dagbag.py:540} INFO - Filling up the DagBag from /home/najma/airflow-venv/lib/python3.12/site-packages/airflow/example_dags/example_branch_python_dop_operator_3.py
[2026-05-08T17:49:42.092+0100] {processor.py:840} INFO - DAG(s) 'example_branch_dop_operator_v3' retrieved from /home/najma/airflow-venv/lib/python3.12/site-packages/airflow/example_dags/example_branch_python_dop_operator_3.py
[2026-05-08T17:49:42.120+0100] {logging_mixin.py:188} INFO - [2026-05-08T17:49:42.119+0100] {dag.py:3096} INFO - Sync 1 DAGs
[2026-05-08T17:49:42.148+0100] {logging_mixin.py:188} INFO - [2026-05-08T17:49:42.148+0100] {dag.py:3954} INFO - Setting next_dagrun for example_branch_dop_operator_v3 to 2026-05-08 16:48:00+00:00, run_after=2026-05-08 16:49:00+00:00
[2026-05-08T17:49:42.238+0100] {processor.py:183} INFO - Processing /home/najma/airflow-venv/lib/python3.12/site-packages/airflow/example_dags/example_branch_python_dop_operator_3.py took 0.160 seconds
[2026-05-08T17:50:58.516+0100] {processor.py:161} INFO - Started process (PID=10531) to work on /home/najma/airflow-venv/lib/python3.12/site-packages/airflow/example_dags/example_branch_python_dop_operator_3.py
[2026-05-08T17:50:58.517+0100] {processor.py:830} INFO - Processing file /home/najma/airflow-venv/lib/python3.12/site-packages/airflow/example_dags/example_branch_python_dop_operator_3.py for tasks to queue
[2026-05-08T17:50:58.520+0100] {logging_mixin.py:188} INFO - [2026-05-08T17:50:58.519+0100] {dagbag.py:540} INFO - Filling up the DagBag from /home/najma/airflow-venv/lib/python3.12/site-packages/airflow/example_dags/example_branch_python_dop_operator_3.py
[2026-05-08T17:50:58.530+0100] {processor.py:840} INFO - DAG(s) 'example_branch_dop_operator_v3' retrieved from /home/najma/airflow-venv/lib/python3.12/site-packages/airflow/example_dags/example_branch_python_dop_operator_3.py
[2026-05-08T17:50:58.564+0100] {logging_mixin.py:188} INFO - [2026-05-08T17:50:58.564+0100] {dag.py:3096} INFO - Sync 1 DAGs
[2026-05-08T17:50:58.594+0100] {logging_mixin.py:188} INFO - [2026-05-08T17:50:58.594+0100] {dag.py:3954} INFO - Setting next_dagrun for example_branch_dop_operator_v3 to 2026-05-08 16:49:00+00:00, run_after=2026-05-08 16:50:00+00:00
[2026-05-08T17:50:58.685+0100] {processor.py:183} INFO - Processing /home/najma/airflow-venv/lib/python3.12/site-packages/airflow/example_dags/example_branch_python_dop_operator_3.py took 0.174 seconds
[2026-05-08T17:52:10.605+0100] {processor.py:161} INFO - Started process (PID=10607) to work on /home/najma/airflow-venv/lib/python3.12/site-packages/airflow/example_dags/example_branch_python_dop_operator_3.py
[2026-05-08T17:52:10.607+0100] {processor.py:830} INFO - Processing file /home/najma/airflow-venv/lib/python3.12/site-packages/airflow/example_dags/example_branch_python_dop_operator_3.py for tasks to queue
[2026-05-08T17:52:10.609+0100] {logging_mixin.py:188} INFO - [2026-05-08T17:52:10.608+0100] {dagbag.py:540} INFO - Filling up the DagBag from /home/najma/airflow-venv/lib/python3.12/site-packages/airflow/example_dags/example_branch_python_dop_operator_3.py
[2026-05-08T17:52:10.616+0100] {processor.py:840} INFO - DAG(s) 'example_branch_dop_operator_v3' retrieved from /home/najma/airflow-venv/lib/python3.12/site-packages/airflow/example_dags/example_branch_python_dop_operator_3.py
[2026-05-08T17:52:10.644+0100] {logging_mixin.py:188} INFO - [2026-05-08T17:52:10.644+0100] {dag.py:3096} INFO - Sync 1 DAGs
[2026-05-08T17:52:10.674+0100] {logging_mixin.py:188} INFO - [2026-05-08T17:52:10.673+0100] {dag.py:3954} INFO - Setting next_dagrun for example_branch_dop_operator_v3 to 2026-05-08 16:51:00+00:00, run_after=2026-05-08 16:52:00+00:00
[2026-05-08T17:52:10.764+0100] {processor.py:183} INFO - Processing /home/najma/airflow-venv/lib/python3.12/site-packages/airflow/example_dags/example_branch_python_dop_operator_3.py took 0.162 seconds
[2026-05-08T17:53:29.330+0100] {processor.py:161} INFO - Started process (PID=10677) to work on /home/najma/airflow-venv/lib/python3.12/site-packages/airflow/example_dags/example_branch_python_dop_operator_3.py
[2026-05-08T17:53:29.332+0100] {processor.py:830} INFO - Processing file /home/najma/airflow-venv/lib/python3.12/site-packages/airflow/example_dags/example_branch_python_dop_operator_3.py for tasks to queue
[2026-05-08T17:53:29.333+0100] {logging_mixin.py:188} INFO - [2026-05-08T17:53:29.333+0100] {dagbag.py:540} INFO - Filling up the DagBag from /home/najma/airflow-venv/lib/python3.12/site-packages/airflow/example_dags/example_branch_python_dop_operator_3.py
[2026-05-08T17:53:29.339+0100] {processor.py:840} INFO - DAG(s) 'example_branch_dop_operator_v3' retrieved from /home/najma/airflow-venv/lib/python3.12/site-packages/airflow/example_dags/example_branch_python_dop_operator_3.py
[2026-05-08T17:53:29.372+0100] {logging_mixin.py:188} INFO - [2026-05-08T17:53:29.371+0100] {dag.py:3096} INFO - Sync 1 DAGs
[2026-05-08T17:53:29.408+0100] {logging_mixin.py:188} INFO - [2026-05-08T17:53:29.405+0100] {dag.py:3954} INFO - Setting next_dagrun for example_branch_dop_operator_v3 to 2026-05-08 16:52:00+00:00, run_after=2026-05-08 16:53:00+00:00
[2026-05-08T17:53:29.501+0100] {processor.py:183} INFO - Processing /home/najma/airflow-venv/lib/python3.12/site-packages/airflow/example_dags/example_branch_python_dop_operator_3.py took 0.175 seconds
[2026-05-08T17:54:38.830+0100] {processor.py:161} INFO - Started process (PID=10749) to work on /home/najma/airflow-venv/lib/python3.12/site-packages/airflow/example_dags/example_branch_python_dop_operator_3.py
[2026-05-08T17:54:38.832+0100] {processor.py:830} INFO - Processing file /home/najma/airflow-venv/lib/python3.12/site-packages/airflow/example_dags/example_branch_python_dop_operator_3.py for tasks to queue
[2026-05-08T17:54:38.834+0100] {logging_mixin.py:188} INFO - [2026-05-08T17:54:38.833+0100] {dagbag.py:540} INFO - Filling up the DagBag from /home/najma/airflow-venv/lib/python3.12/site-packages/airflow/example_dags/example_branch_python_dop_operator_3.py
[2026-05-08T17:54:38.840+0100] {processor.py:840} INFO - DAG(s) 'example_branch_dop_operator_v3' retrieved from /home/najma/airflow-venv/lib/python3.12/site-packages/airflow/example_dags/example_branch_python_dop_operator_3.py
[2026-05-08T17:54:38.866+0100] {logging_mixin.py:188} INFO - [2026-05-08T17:54:38.865+0100] {dag.py:3096} INFO - Sync 1 DAGs
[2026-05-08T17:54:38.891+0100] {logging_mixin.py:188} INFO - [2026-05-08T17:54:38.891+0100] {dag.py:3954} INFO - Setting next_dagrun for example_branch_dop_operator_v3 to 2026-05-08 16:53:00+00:00, run_after=2026-05-08 16:54:00+00:00
[2026-05-08T17:54:38.979+0100] {processor.py:183} INFO - Processing /home/najma/airflow-venv/lib/python3.12/site-packages/airflow/example_dags/example_branch_python_dop_operator_3.py took 0.152 seconds
[2026-05-08T17:55:42.695+0100] {processor.py:161} INFO - Started process (PID=10806) to work on /home/najma/airflow-venv/lib/python3.12/site-packages/airflow/example_dags/example_branch_python_dop_operator_3.py
[2026-05-08T17:55:42.696+0100] {processor.py:830} INFO - Processing file /home/najma/airflow-venv/lib/python3.12/site-packages/airflow/example_dags/example_branch_python_dop_operator_3.py for tasks to queue
[2026-05-08T17:55:42.698+0100] {logging_mixin.py:188} INFO - [2026-05-08T17:55:42.698+0100] {dagbag.py:540} INFO - Filling up the DagBag from /home/najma/airflow-venv/lib/python3.12/site-packages/airflow/example_dags/example_branch_python_dop_operator_3.py
[2026-05-08T17:55:42.713+0100] {processor.py:840} INFO - DAG(s) 'example_branch_dop_operator_v3' retrieved from /home/najma/airflow-venv/lib/python3.12/site-packages/airflow/example_dags/example_branch_python_dop_operator_3.py
[2026-05-08T17:55:42.756+0100] {logging_mixin.py:188} INFO - [2026-05-08T17:55:42.756+0100] {dag.py:3096} INFO - Sync 1 DAGs
[2026-05-08T17:55:42.785+0100] {logging_mixin.py:188} INFO - [2026-05-08T17:55:42.785+0100] {dag.py:3954} INFO - Setting next_dagrun for example_branch_dop_operator_v3 to 2026-05-08 16:54:00+00:00, run_after=2026-05-08 16:55:00+00:00
[2026-05-08T17:55:42.876+0100] {processor.py:183} INFO - Processing /home/najma/airflow-venv/lib/python3.12/site-packages/airflow/example_dags/example_branch_python_dop_operator_3.py took 0.185 seconds
[2026-05-08T17:56:53.368+0100] {processor.py:161} INFO - Started process (PID=10869) to work on /home/najma/airflow-venv/lib/python3.12/site-packages/airflow/example_dags/example_branch_python_dop_operator_3.py
[2026-05-08T17:56:53.369+0100] {processor.py:830} INFO - Processing file /home/najma/airflow-venv/lib/python3.12/site-packages/airflow/example_dags/example_branch_python_dop_operator_3.py for tasks to queue
[2026-05-08T17:56:53.371+0100] {logging_mixin.py:188} INFO - [2026-05-08T17:56:53.371+0100] {dagbag.py:540} INFO - Filling up the DagBag from /home/najma/airflow-venv/lib/python3.12/site-packages/airflow/example_dags/example_branch_python_dop_operator_3.py
[2026-05-08T17:56:53.378+0100] {processor.py:840} INFO - DAG(s) 'example_branch_dop_operator_v3' retrieved from /home/najma/airflow-venv/lib/python3.12/site-packages/airflow/example_dags/example_branch_python_dop_operator_3.py
[2026-05-08T17:56:53.406+0100] {logging_mixin.py:188} INFO - [2026-05-08T17:56:53.406+0100] {dag.py:3096} INFO - Sync 1 DAGs
[2026-05-08T17:56:53.436+0100] {logging_mixin.py:188} INFO - [2026-05-08T17:56:53.435+0100] {dag.py:3954} INFO - Setting next_dagrun for example_branch_dop_operator_v3 to 2026-05-08 16:55:00+00:00, run_after=2026-05-08 16:56:00+00:00
[2026-05-08T17:56:53.516+0100] {processor.py:183} INFO - Processing /home/najma/airflow-venv/lib/python3.12/site-packages/airflow/example_dags/example_branch_python_dop_operator_3.py took 0.152 seconds
[2026-05-08T17:58:08.698+0100] {processor.py:161} INFO - Started process (PID=10932) to work on /home/najma/airflow-venv/lib/python3.12/site-packages/airflow/example_dags/example_branch_python_dop_operator_3.py
[2026-05-08T17:58:08.699+0100] {processor.py:830} INFO - Processing file /home/najma/airflow-venv/lib/python3.12/site-packages/airflow/example_dags/example_branch_python_dop_operator_3.py for tasks to queue
[2026-05-08T17:58:08.701+0100] {logging_mixin.py:188} INFO - [2026-05-08T17:58:08.701+0100] {dagbag.py:540} INFO - Filling up the DagBag from /home/najma/airflow-venv/lib/python3.12/site-packages/airflow/example_dags/example_branch_python_dop_operator_3.py
[2026-05-08T17:58:08.708+0100] {processor.py:840} INFO - DAG(s) 'example_branch_dop_operator_v3' retrieved from /home/najma/airflow-venv/lib/python3.12/site-packages/airflow/example_dags/example_branch_python_dop_operator_3.py
[2026-05-08T17:58:08.742+0100] {logging_mixin.py:188} INFO - [2026-05-08T17:58:08.741+0100] {dag.py:3096} INFO - Sync 1 DAGs
[2026-05-08T17:58:08.770+0100] {logging_mixin.py:188} INFO - [2026-05-08T17:58:08.770+0100] {dag.py:3954} INFO - Setting next_dagrun for example_branch_dop_operator_v3 to 2026-05-08 16:57:00+00:00, run_after=2026-05-08 16:58:00+00:00
[2026-05-08T17:58:08.847+0100] {processor.py:183} INFO - Processing /home/najma/airflow-venv/lib/python3.12/site-packages/airflow/example_dags/example_branch_python_dop_operator_3.py took 0.153 seconds
[2026-05-08T17:59:16.105+0100] {processor.py:161} INFO - Started process (PID=10990) to work on /home/najma/airflow-venv/lib/python3.12/site-packages/airflow/example_dags/example_branch_python_dop_operator_3.py
[2026-05-08T17:59:16.107+0100] {processor.py:830} INFO - Processing file /home/najma/airflow-venv/lib/python3.12/site-packages/airflow/example_dags/example_branch_python_dop_operator_3.py for tasks to queue
[2026-05-08T17:59:16.109+0100] {logging_mixin.py:188} INFO - [2026-05-08T17:59:16.108+0100] {dagbag.py:540} INFO - Filling up the DagBag from /home/najma/airflow-venv/lib/python3.12/site-packages/airflow/example_dags/example_branch_python_dop_operator_3.py
[2026-05-08T17:59:16.116+0100] {processor.py:840} INFO - DAG(s) 'example_branch_dop_operator_v3' retrieved from /home/najma/airflow-venv/lib/python3.12/site-packages/airflow/example_dags/example_branch_python_dop_operator_3.py
[2026-05-08T17:59:16.142+0100] {logging_mixin.py:188} INFO - [2026-05-08T17:59:16.141+0100] {dag.py:3096} INFO - Sync 1 DAGs
[2026-05-08T17:59:16.169+0100] {logging_mixin.py:188} INFO - [2026-05-08T17:59:16.169+0100] {dag.py:3954} INFO - Setting next_dagrun for example_branch_dop_operator_v3 to 2026-05-08 16:58:00+00:00, run_after=2026-05-08 16:59:00+00:00
[2026-05-08T17:59:16.271+0100] {processor.py:183} INFO - Processing /home/najma/airflow-venv/lib/python3.12/site-packages/airflow/example_dags/example_branch_python_dop_operator_3.py took 0.169 seconds
[2026-05-08T18:00:25.364+0100] {processor.py:161} INFO - Started process (PID=11051) to work on /home/najma/airflow-venv/lib/python3.12/site-packages/airflow/example_dags/example_branch_python_dop_operator_3.py
[2026-05-08T18:00:25.366+0100] {processor.py:830} INFO - Processing file /home/najma/airflow-venv/lib/python3.12/site-packages/airflow/example_dags/example_branch_python_dop_operator_3.py for tasks to queue
[2026-05-08T18:00:25.367+0100] {logging_mixin.py:188} INFO - [2026-05-08T18:00:25.367+0100] {dagbag.py:540} INFO - Filling up the DagBag from /home/najma/airflow-venv/lib/python3.12/site-packages/airflow/example_dags/example_branch_python_dop_operator_3.py
[2026-05-08T18:00:25.373+0100] {processor.py:840} INFO - DAG(s) 'example_branch_dop_operator_v3' retrieved from /home/najma/airflow-venv/lib/python3.12/site-packages/airflow/example_dags/example_branch_python_dop_operator_3.py
[2026-05-08T18:00:25.398+0100] {logging_mixin.py:188} INFO - [2026-05-08T18:00:25.398+0100] {dag.py:3096} INFO - Sync 1 DAGs
[2026-05-08T18:00:25.423+0100] {logging_mixin.py:188} INFO - [2026-05-08T18:00:25.423+0100] {dag.py:3954} INFO - Setting next_dagrun for example_branch_dop_operator_v3 to 2026-05-08 16:59:00+00:00, run_after=2026-05-08 17:00:00+00:00
[2026-05-08T18:00:25.523+0100] {processor.py:183} INFO - Processing /home/najma/airflow-venv/lib/python3.12/site-packages/airflow/example_dags/example_branch_python_dop_operator_3.py took 0.162 seconds
[2026-05-08T18:01:32.390+0100] {processor.py:161} INFO - Started process (PID=11109) to work on /home/najma/airflow-venv/lib/python3.12/site-packages/airflow/example_dags/example_branch_python_dop_operator_3.py
[2026-05-08T18:01:32.391+0100] {processor.py:830} INFO - Processing file /home/najma/airflow-venv/lib/python3.12/site-packages/airflow/example_dags/example_branch_python_dop_operator_3.py for tasks to queue
[2026-05-08T18:01:32.393+0100] {logging_mixin.py:188} INFO - [2026-05-08T18:01:32.393+0100] {dagbag.py:540} INFO - Filling up the DagBag from /home/najma/airflow-venv/lib/python3.12/site-packages/airflow/example_dags/example_branch_python_dop_operator_3.py
[2026-05-08T18:01:32.399+0100] {processor.py:840} INFO - DAG(s) 'example_branch_dop_operator_v3' retrieved from /home/najma/airflow-venv/lib/python3.12/site-packages/airflow/example_dags/example_branch_python_dop_operator_3.py
[2026-05-08T18:01:32.428+0100] {logging_mixin.py:188} INFO - [2026-05-08T18:01:32.427+0100] {dag.py:3096} INFO - Sync 1 DAGs
[2026-05-08T18:01:32.455+0100] {logging_mixin.py:188} INFO - [2026-05-08T18:01:32.455+0100] {dag.py:3954} INFO - Setting next_dagrun for example_branch_dop_operator_v3 to 2026-05-08 17:00:00+00:00, run_after=2026-05-08 17:01:00+00:00
[2026-05-08T18:01:32.532+0100] {processor.py:183} INFO - Processing /home/najma/airflow-venv/lib/python3.12/site-packages/airflow/example_dags/example_branch_python_dop_operator_3.py took 0.146 seconds
[2026-05-08T18:02:34.815+0100] {processor.py:161} INFO - Started process (PID=11167) to work on /home/najma/airflow-venv/lib/python3.12/site-packages/airflow/example_dags/example_branch_python_dop_operator_3.py
[2026-05-08T18:02:34.817+0100] {processor.py:830} INFO - Processing file /home/najma/airflow-venv/lib/python3.12/site-packages/airflow/example_dags/example_branch_python_dop_operator_3.py for tasks to queue
[2026-05-08T18:02:34.818+0100] {logging_mixin.py:188} INFO - [2026-05-08T18:02:34.818+0100] {dagbag.py:540} INFO - Filling up the DagBag from /home/najma/airflow-venv/lib/python3.12/site-packages/airflow/example_dags/example_branch_python_dop_operator_3.py
[2026-05-08T18:02:34.825+0100] {processor.py:840} INFO - DAG(s) 'example_branch_dop_operator_v3' retrieved from /home/najma/airflow-venv/lib/python3.12/site-packages/airflow/example_dags/example_branch_python_dop_operator_3.py
[2026-05-08T18:02:34.851+0100] {logging_mixin.py:188} INFO - [2026-05-08T18:02:34.851+0100] {dag.py:3096} INFO - Sync 1 DAGs
[2026-05-08T18:02:34.881+0100] {logging_mixin.py:188} INFO - [2026-05-08T18:02:34.881+0100] {dag.py:3954} INFO - Setting next_dagrun for example_branch_dop_operator_v3 to 2026-05-08 17:01:00+00:00, run_after=2026-05-08 17:02:00+00:00
[2026-05-08T18:02:34.975+0100] {processor.py:183} INFO - Processing /home/najma/airflow-venv/lib/python3.12/site-packages/airflow/example_dags/example_branch_python_dop_operator_3.py took 0.164 seconds
[2026-05-08T18:03:40.970+0100] {processor.py:161} INFO - Started process (PID=11224) to work on /home/najma/airflow-venv/lib/python3.12/site-packages/airflow/example_dags/example_branch_python_dop_operator_3.py
[2026-05-08T18:03:40.971+0100] {processor.py:830} INFO - Processing file /home/najma/airflow-venv/lib/python3.12/site-packages/airflow/example_dags/example_branch_python_dop_operator_3.py for tasks to queue
[2026-05-08T18:03:40.973+0100] {logging_mixin.py:188} INFO - [2026-05-08T18:03:40.973+0100] {dagbag.py:540} INFO - Filling up the DagBag from /home/najma/airflow-venv/lib/python3.12/site-packages/airflow/example_dags/example_branch_python_dop_operator_3.py
[2026-05-08T18:03:40.980+0100] {processor.py:840} INFO - DAG(s) 'example_branch_dop_operator_v3' retrieved from /home/najma/airflow-venv/lib/python3.12/site-packages/airflow/example_dags/example_branch_python_dop_operator_3.py
[2026-05-08T18:03:41.008+0100] {logging_mixin.py:188} INFO - [2026-05-08T18:03:41.008+0100] {dag.py:3096} INFO - Sync 1 DAGs
[2026-05-08T18:03:41.035+0100] {logging_mixin.py:188} INFO - [2026-05-08T18:03:41.035+0100] {dag.py:3954} INFO - Setting next_dagrun for example_branch_dop_operator_v3 to 2026-05-08 17:02:00+00:00, run_after=2026-05-08 17:03:00+00:00
[2026-05-08T18:03:41.137+0100] {processor.py:183} INFO - Processing /home/najma/airflow-venv/lib/python3.12/site-packages/airflow/example_dags/example_branch_python_dop_operator_3.py took 0.171 seconds
[2026-05-08T18:04:51.240+0100] {processor.py:161} INFO - Started process (PID=11287) to work on /home/najma/airflow-venv/lib/python3.12/site-packages/airflow/example_dags/example_branch_python_dop_operator_3.py
[2026-05-08T18:04:51.241+0100] {processor.py:830} INFO - Processing file /home/najma/airflow-venv/lib/python3.12/site-packages/airflow/example_dags/example_branch_python_dop_operator_3.py for tasks to queue
[2026-05-08T18:04:51.243+0100] {logging_mixin.py:188} INFO - [2026-05-08T18:04:51.243+0100] {dagbag.py:540} INFO - Filling up the DagBag from /home/najma/airflow-venv/lib/python3.12/site-packages/airflow/example_dags/example_branch_python_dop_operator_3.py
[2026-05-08T18:04:51.250+0100] {processor.py:840} INFO - DAG(s) 'example_branch_dop_operator_v3' retrieved from /home/najma/airflow-venv/lib/python3.12/site-packages/airflow/example_dags/example_branch_python_dop_operator_3.py
[2026-05-08T18:04:51.276+0100] {logging_mixin.py:188} INFO - [2026-05-08T18:04:51.276+0100] {dag.py:3096} INFO - Sync 1 DAGs
[2026-05-08T18:04:51.301+0100] {logging_mixin.py:188} INFO - [2026-05-08T18:04:51.301+0100] {dag.py:3954} INFO - Setting next_dagrun for example_branch_dop_operator_v3 to 2026-05-08 17:03:00+00:00, run_after=2026-05-08 17:04:00+00:00
[2026-05-08T18:04:51.400+0100] {processor.py:183} INFO - Processing /home/najma/airflow-venv/lib/python3.12/site-packages/airflow/example_dags/example_branch_python_dop_operator_3.py took 0.163 seconds
[2026-05-08T18:05:59.869+0100] {processor.py:161} INFO - Started process (PID=11346) to work on /home/najma/airflow-venv/lib/python3.12/site-packages/airflow/example_dags/example_branch_python_dop_operator_3.py
[2026-05-08T18:05:59.871+0100] {processor.py:830} INFO - Processing file /home/najma/airflow-venv/lib/python3.12/site-packages/airflow/example_dags/example_branch_python_dop_operator_3.py for tasks to queue
[2026-05-08T18:05:59.872+0100] {logging_mixin.py:188} INFO - [2026-05-08T18:05:59.872+0100] {dagbag.py:540} INFO - Filling up the DagBag from /home/najma/airflow-venv/lib/python3.12/site-packages/airflow/example_dags/example_branch_python_dop_operator_3.py
[2026-05-08T18:05:59.878+0100] {processor.py:840} INFO - DAG(s) 'example_branch_dop_operator_v3' retrieved from /home/najma/airflow-venv/lib/python3.12/site-packages/airflow/example_dags/example_branch_python_dop_operator_3.py
[2026-05-08T18:05:59.906+0100] {logging_mixin.py:188} INFO - [2026-05-08T18:05:59.905+0100] {dag.py:3096} INFO - Sync 1 DAGs
[2026-05-08T18:05:59.931+0100] {logging_mixin.py:188} INFO - [2026-05-08T18:05:59.931+0100] {dag.py:3954} INFO - Setting next_dagrun for example_branch_dop_operator_v3 to 2026-05-08 17:04:00+00:00, run_after=2026-05-08 17:05:00+00:00
[2026-05-08T18:06:00.012+0100] {processor.py:183} INFO - Processing /home/najma/airflow-venv/lib/python3.12/site-packages/airflow/example_dags/example_branch_python_dop_operator_3.py took 0.146 seconds
[2026-05-08T18:07:02.424+0100] {processor.py:161} INFO - Started process (PID=11404) to work on /home/najma/airflow-venv/lib/python3.12/site-packages/airflow/example_dags/example_branch_python_dop_operator_3.py
[2026-05-08T18:07:02.425+0100] {processor.py:830} INFO - Processing file /home/najma/airflow-venv/lib/python3.12/site-packages/airflow/example_dags/example_branch_python_dop_operator_3.py for tasks to queue
[2026-05-08T18:07:02.427+0100] {logging_mixin.py:188} INFO - [2026-05-08T18:07:02.426+0100] {dagbag.py:540} INFO - Filling up the DagBag from /home/najma/airflow-venv/lib/python3.12/site-packages/airflow/example_dags/example_branch_python_dop_operator_3.py
[2026-05-08T18:07:02.433+0100] {processor.py:840} INFO - DAG(s) 'example_branch_dop_operator_v3' retrieved from /home/najma/airflow-venv/lib/python3.12/site-packages/airflow/example_dags/example_branch_python_dop_operator_3.py
[2026-05-08T18:07:02.460+0100] {logging_mixin.py:188} INFO - [2026-05-08T18:07:02.460+0100] {dag.py:3096} INFO - Sync 1 DAGs
[2026-05-08T18:07:02.487+0100] {logging_mixin.py:188} INFO - [2026-05-08T18:07:02.487+0100] {dag.py:3954} INFO - Setting next_dagrun for example_branch_dop_operator_v3 to 2026-05-08 17:06:00+00:00, run_after=2026-05-08 17:07:00+00:00
[2026-05-08T18:07:02.570+0100] {processor.py:183} INFO - Processing /home/najma/airflow-venv/lib/python3.12/site-packages/airflow/example_dags/example_branch_python_dop_operator_3.py took 0.151 seconds
[2026-05-08T18:08:03.160+0100] {processor.py:161} INFO - Started process (PID=11459) to work on /home/najma/airflow-venv/lib/python3.12/site-packages/airflow/example_dags/example_branch_python_dop_operator_3.py
[2026-05-08T18:08:03.161+0100] {processor.py:830} INFO - Processing file /home/najma/airflow-venv/lib/python3.12/site-packages/airflow/example_dags/example_branch_python_dop_operator_3.py for tasks to queue
[2026-05-08T18:08:03.163+0100] {logging_mixin.py:188} INFO - [2026-05-08T18:08:03.163+0100] {dagbag.py:540} INFO - Filling up the DagBag from /home/najma/airflow-venv/lib/python3.12/site-packages/airflow/example_dags/example_branch_python_dop_operator_3.py
[2026-05-08T18:08:03.169+0100] {processor.py:840} INFO - DAG(s) 'example_branch_dop_operator_v3' retrieved from /home/najma/airflow-venv/lib/python3.12/site-packages/airflow/example_dags/example_branch_python_dop_operator_3.py
[2026-05-08T18:08:03.197+0100] {logging_mixin.py:188} INFO - [2026-05-08T18:08:03.196+0100] {dag.py:3096} INFO - Sync 1 DAGs
[2026-05-08T18:08:03.225+0100] {logging_mixin.py:188} INFO - [2026-05-08T18:08:03.224+0100] {dag.py:3954} INFO - Setting next_dagrun for example_branch_dop_operator_v3 to 2026-05-08 17:07:00+00:00, run_after=2026-05-08 17:08:00+00:00
[2026-05-08T18:08:03.315+0100] {processor.py:183} INFO - Processing /home/najma/airflow-venv/lib/python3.12/site-packages/airflow/example_dags/example_branch_python_dop_operator_3.py took 0.159 seconds
[2026-05-08T18:09:09.625+0100] {processor.py:161} INFO - Started process (PID=11519) to work on /home/najma/airflow-venv/lib/python3.12/site-packages/airflow/example_dags/example_branch_python_dop_operator_3.py
[2026-05-08T18:09:09.626+0100] {processor.py:830} INFO - Processing file /home/najma/airflow-venv/lib/python3.12/site-packages/airflow/example_dags/example_branch_python_dop_operator_3.py for tasks to queue
[2026-05-08T18:09:09.627+0100] {logging_mixin.py:188} INFO - [2026-05-08T18:09:09.627+0100] {dagbag.py:540} INFO - Filling up the DagBag from /home/najma/airflow-venv/lib/python3.12/site-packages/airflow/example_dags/example_branch_python_dop_operator_3.py
[2026-05-08T18:09:09.634+0100] {processor.py:840} INFO - DAG(s) 'example_branch_dop_operator_v3' retrieved from /home/najma/airflow-venv/lib/python3.12/site-packages/airflow/example_dags/example_branch_python_dop_operator_3.py
[2026-05-08T18:09:09.661+0100] {logging_mixin.py:188} INFO - [2026-05-08T18:09:09.661+0100] {dag.py:3096} INFO - Sync 1 DAGs
[2026-05-08T18:09:09.690+0100] {logging_mixin.py:188} INFO - [2026-05-08T18:09:09.690+0100] {dag.py:3954} INFO - Setting next_dagrun for example_branch_dop_operator_v3 to 2026-05-08 17:08:00+00:00, run_after=2026-05-08 17:09:00+00:00
[2026-05-08T18:09:09.787+0100] {processor.py:183} INFO - Processing /home/najma/airflow-venv/lib/python3.12/site-packages/airflow/example_dags/example_branch_python_dop_operator_3.py took 0.166 seconds
[2026-05-08T18:10:11.089+0100] {processor.py:161} INFO - Started process (PID=11575) to work on /home/najma/airflow-venv/lib/python3.12/site-packages/airflow/example_dags/example_branch_python_dop_operator_3.py
[2026-05-08T18:10:11.090+0100] {processor.py:830} INFO - Processing file /home/najma/airflow-venv/lib/python3.12/site-packages/airflow/example_dags/example_branch_python_dop_operator_3.py for tasks to queue
[2026-05-08T18:10:11.092+0100] {logging_mixin.py:188} INFO - [2026-05-08T18:10:11.091+0100] {dagbag.py:540} INFO - Filling up the DagBag from /home/najma/airflow-venv/lib/python3.12/site-packages/airflow/example_dags/example_branch_python_dop_operator_3.py
[2026-05-08T18:10:11.099+0100] {processor.py:840} INFO - DAG(s) 'example_branch_dop_operator_v3' retrieved from /home/najma/airflow-venv/lib/python3.12/site-packages/airflow/example_dags/example_branch_python_dop_operator_3.py
[2026-05-08T18:10:11.125+0100] {logging_mixin.py:188} INFO - [2026-05-08T18:10:11.125+0100] {dag.py:3096} INFO - Sync 1 DAGs
[2026-05-08T18:10:11.153+0100] {logging_mixin.py:188} INFO - [2026-05-08T18:10:11.153+0100] {dag.py:3954} INFO - Setting next_dagrun for example_branch_dop_operator_v3 to 2026-05-08 17:09:00+00:00, run_after=2026-05-08 17:10:00+00:00
[2026-05-08T18:10:11.238+0100] {processor.py:183} INFO - Processing /home/najma/airflow-venv/lib/python3.12/site-packages/airflow/example_dags/example_branch_python_dop_operator_3.py took 0.153 seconds
[2026-05-08T18:11:16.076+0100] {processor.py:161} INFO - Started process (PID=11629) to work on /home/najma/airflow-venv/lib/python3.12/site-packages/airflow/example_dags/example_branch_python_dop_operator_3.py
[2026-05-08T18:11:16.077+0100] {processor.py:830} INFO - Processing file /home/najma/airflow-venv/lib/python3.12/site-packages/airflow/example_dags/example_branch_python_dop_operator_3.py for tasks to queue
[2026-05-08T18:11:16.079+0100] {logging_mixin.py:188} INFO - [2026-05-08T18:11:16.079+0100] {dagbag.py:540} INFO - Filling up the DagBag from /home/najma/airflow-venv/lib/python3.12/site-packages/airflow/example_dags/example_branch_python_dop_operator_3.py
[2026-05-08T18:11:16.085+0100] {processor.py:840} INFO - DAG(s) 'example_branch_dop_operator_v3' retrieved from /home/najma/airflow-venv/lib/python3.12/site-packages/airflow/example_dags/example_branch_python_dop_operator_3.py
[2026-05-08T18:11:16.113+0100] {logging_mixin.py:188} INFO - [2026-05-08T18:11:16.113+0100] {dag.py:3096} INFO - Sync 1 DAGs
[2026-05-08T18:11:16.139+0100] {logging_mixin.py:188} INFO - [2026-05-08T18:11:16.139+0100] {dag.py:3954} INFO - Setting next_dagrun for example_branch_dop_operator_v3 to 2026-05-08 17:10:00+00:00, run_after=2026-05-08 17:11:00+00:00
[2026-05-08T18:11:16.224+0100] {processor.py:183} INFO - Processing /home/najma/airflow-venv/lib/python3.12/site-packages/airflow/example_dags/example_branch_python_dop_operator_3.py took 0.152 seconds
[2026-05-08T18:12:28.309+0100] {processor.py:161} INFO - Started process (PID=11687) to work on /home/najma/airflow-venv/lib/python3.12/site-packages/airflow/example_dags/example_branch_python_dop_operator_3.py
[2026-05-08T18:12:28.310+0100] {processor.py:830} INFO - Processing file /home/najma/airflow-venv/lib/python3.12/site-packages/airflow/example_dags/example_branch_python_dop_operator_3.py for tasks to queue
[2026-05-08T18:12:28.313+0100] {logging_mixin.py:188} INFO - [2026-05-08T18:12:28.312+0100] {dagbag.py:540} INFO - Filling up the DagBag from /home/najma/airflow-venv/lib/python3.12/site-packages/airflow/example_dags/example_branch_python_dop_operator_3.py
[2026-05-08T18:12:28.320+0100] {processor.py:840} INFO - DAG(s) 'example_branch_dop_operator_v3' retrieved from /home/najma/airflow-venv/lib/python3.12/site-packages/airflow/example_dags/example_branch_python_dop_operator_3.py
[2026-05-08T18:12:28.350+0100] {logging_mixin.py:188} INFO - [2026-05-08T18:12:28.349+0100] {dag.py:3096} INFO - Sync 1 DAGs
[2026-05-08T18:12:28.378+0100] {logging_mixin.py:188} INFO - [2026-05-08T18:12:28.378+0100] {dag.py:3954} INFO - Setting next_dagrun for example_branch_dop_operator_v3 to 2026-05-08 17:11:00+00:00, run_after=2026-05-08 17:12:00+00:00
[2026-05-08T18:12:28.457+0100] {processor.py:183} INFO - Processing /home/najma/airflow-venv/lib/python3.12/site-packages/airflow/example_dags/example_branch_python_dop_operator_3.py took 0.153 seconds
[2026-05-08T18:14:00.703+0100] {processor.py:161} INFO - Started process (PID=11755) to work on /home/najma/airflow-venv/lib/python3.12/site-packages/airflow/example_dags/example_branch_python_dop_operator_3.py
[2026-05-08T18:14:00.718+0100] {processor.py:830} INFO - Processing file /home/najma/airflow-venv/lib/python3.12/site-packages/airflow/example_dags/example_branch_python_dop_operator_3.py for tasks to queue
[2026-05-08T18:14:00.720+0100] {logging_mixin.py:188} INFO - [2026-05-08T18:14:00.720+0100] {dagbag.py:540} INFO - Filling up the DagBag from /home/najma/airflow-venv/lib/python3.12/site-packages/airflow/example_dags/example_branch_python_dop_operator_3.py
[2026-05-08T18:14:00.726+0100] {processor.py:840} INFO - DAG(s) 'example_branch_dop_operator_v3' retrieved from /home/najma/airflow-venv/lib/python3.12/site-packages/airflow/example_dags/example_branch_python_dop_operator_3.py
[2026-05-08T18:14:00.752+0100] {logging_mixin.py:188} INFO - [2026-05-08T18:14:00.752+0100] {dag.py:3096} INFO - Sync 1 DAGs
[2026-05-08T18:14:00.780+0100] {logging_mixin.py:188} INFO - [2026-05-08T18:14:00.780+0100] {dag.py:3954} INFO - Setting next_dagrun for example_branch_dop_operator_v3 to 2026-05-08 17:13:00+00:00, run_after=2026-05-08 17:14:00+00:00
[2026-05-08T18:14:00.859+0100] {processor.py:183} INFO - Processing /home/najma/airflow-venv/lib/python3.12/site-packages/airflow/example_dags/example_branch_python_dop_operator_3.py took 0.160 seconds
[2026-05-08T18:15:14.983+0100] {processor.py:161} INFO - Started process (PID=11824) to work on /home/najma/airflow-venv/lib/python3.12/site-packages/airflow/example_dags/example_branch_python_dop_operator_3.py
[2026-05-08T18:15:14.987+0100] {processor.py:830} INFO - Processing file /home/najma/airflow-venv/lib/python3.12/site-packages/airflow/example_dags/example_branch_python_dop_operator_3.py for tasks to queue
[2026-05-08T18:15:14.995+0100] {logging_mixin.py:188} INFO - [2026-05-08T18:15:14.989+0100] {dagbag.py:540} INFO - Filling up the DagBag from /home/najma/airflow-venv/lib/python3.12/site-packages/airflow/example_dags/example_branch_python_dop_operator_3.py
[2026-05-08T18:15:15.013+0100] {processor.py:840} INFO - DAG(s) 'example_branch_dop_operator_v3' retrieved from /home/najma/airflow-venv/lib/python3.12/site-packages/airflow/example_dags/example_branch_python_dop_operator_3.py
[2026-05-08T18:15:15.057+0100] {logging_mixin.py:188} INFO - [2026-05-08T18:15:15.057+0100] {dag.py:3096} INFO - Sync 1 DAGs
[2026-05-08T18:15:15.087+0100] {logging_mixin.py:188} INFO - [2026-05-08T18:15:15.087+0100] {dag.py:3954} INFO - Setting next_dagrun for example_branch_dop_operator_v3 to 2026-05-08 17:14:00+00:00, run_after=2026-05-08 17:15:00+00:00
[2026-05-08T18:15:15.187+0100] {processor.py:183} INFO - Processing /home/najma/airflow-venv/lib/python3.12/site-packages/airflow/example_dags/example_branch_python_dop_operator_3.py took 0.211 seconds
[2026-05-08T18:16:27.469+0100] {processor.py:161} INFO - Started process (PID=11883) to work on /home/najma/airflow-venv/lib/python3.12/site-packages/airflow/example_dags/example_branch_python_dop_operator_3.py
[2026-05-08T18:16:27.470+0100] {processor.py:830} INFO - Processing file /home/najma/airflow-venv/lib/python3.12/site-packages/airflow/example_dags/example_branch_python_dop_operator_3.py for tasks to queue
[2026-05-08T18:16:27.472+0100] {logging_mixin.py:188} INFO - [2026-05-08T18:16:27.471+0100] {dagbag.py:540} INFO - Filling up the DagBag from /home/najma/airflow-venv/lib/python3.12/site-packages/airflow/example_dags/example_branch_python_dop_operator_3.py
[2026-05-08T18:16:27.479+0100] {processor.py:840} INFO - DAG(s) 'example_branch_dop_operator_v3' retrieved from /home/najma/airflow-venv/lib/python3.12/site-packages/airflow/example_dags/example_branch_python_dop_operator_3.py
[2026-05-08T18:16:27.506+0100] {logging_mixin.py:188} INFO - [2026-05-08T18:16:27.506+0100] {dag.py:3096} INFO - Sync 1 DAGs
[2026-05-08T18:16:27.532+0100] {logging_mixin.py:188} INFO - [2026-05-08T18:16:27.532+0100] {dag.py:3954} INFO - Setting next_dagrun for example_branch_dop_operator_v3 to 2026-05-08 17:15:00+00:00, run_after=2026-05-08 17:16:00+00:00
[2026-05-08T18:16:27.629+0100] {processor.py:183} INFO - Processing /home/najma/airflow-venv/lib/python3.12/site-packages/airflow/example_dags/example_branch_python_dop_operator_3.py took 0.164 seconds
[2026-05-08T18:17:37.958+0100] {processor.py:161} INFO - Started process (PID=11943) to work on /home/najma/airflow-venv/lib/python3.12/site-packages/airflow/example_dags/example_branch_python_dop_operator_3.py
[2026-05-08T18:17:37.960+0100] {processor.py:830} INFO - Processing file /home/najma/airflow-venv/lib/python3.12/site-packages/airflow/example_dags/example_branch_python_dop_operator_3.py for tasks to queue
[2026-05-08T18:17:37.963+0100] {logging_mixin.py:188} INFO - [2026-05-08T18:17:37.963+0100] {dagbag.py:540} INFO - Filling up the DagBag from /home/najma/airflow-venv/lib/python3.12/site-packages/airflow/example_dags/example_branch_python_dop_operator_3.py
[2026-05-08T18:17:37.971+0100] {processor.py:840} INFO - DAG(s) 'example_branch_dop_operator_v3' retrieved from /home/najma/airflow-venv/lib/python3.12/site-packages/airflow/example_dags/example_branch_python_dop_operator_3.py
[2026-05-08T18:17:38.051+0100] {logging_mixin.py:188} INFO - [2026-05-08T18:17:38.050+0100] {dag.py:3096} INFO - Sync 1 DAGs
[2026-05-08T18:17:38.149+0100] {logging_mixin.py:188} INFO - [2026-05-08T18:17:38.149+0100] {dag.py:3954} INFO - Setting next_dagrun for example_branch_dop_operator_v3 to 2026-05-08 17:16:00+00:00, run_after=2026-05-08 17:17:00+00:00
[2026-05-08T18:17:38.244+0100] {processor.py:183} INFO - Processing /home/najma/airflow-venv/lib/python3.12/site-packages/airflow/example_dags/example_branch_python_dop_operator_3.py took 0.291 seconds
[2026-05-08T18:18:52.922+0100] {processor.py:161} INFO - Started process (PID=12002) to work on /home/najma/airflow-venv/lib/python3.12/site-packages/airflow/example_dags/example_branch_python_dop_operator_3.py
[2026-05-08T18:18:52.923+0100] {processor.py:830} INFO - Processing file /home/najma/airflow-venv/lib/python3.12/site-packages/airflow/example_dags/example_branch_python_dop_operator_3.py for tasks to queue
[2026-05-08T18:18:52.925+0100] {logging_mixin.py:188} INFO - [2026-05-08T18:18:52.924+0100] {dagbag.py:540} INFO - Filling up the DagBag from /home/najma/airflow-venv/lib/python3.12/site-packages/airflow/example_dags/example_branch_python_dop_operator_3.py
[2026-05-08T18:18:52.931+0100] {processor.py:840} INFO - DAG(s) 'example_branch_dop_operator_v3' retrieved from /home/najma/airflow-venv/lib/python3.12/site-packages/airflow/example_dags/example_branch_python_dop_operator_3.py
[2026-05-08T18:18:52.956+0100] {logging_mixin.py:188} INFO - [2026-05-08T18:18:52.955+0100] {dag.py:3096} INFO - Sync 1 DAGs
[2026-05-08T18:18:52.981+0100] {logging_mixin.py:188} INFO - [2026-05-08T18:18:52.980+0100] {dag.py:3954} INFO - Setting next_dagrun for example_branch_dop_operator_v3 to 2026-05-08 17:17:00+00:00, run_after=2026-05-08 17:18:00+00:00
[2026-05-08T18:18:53.059+0100] {processor.py:183} INFO - Processing /home/najma/airflow-venv/lib/python3.12/site-packages/airflow/example_dags/example_branch_python_dop_operator_3.py took 0.142 seconds
[2026-05-08T18:19:58.870+0100] {processor.py:161} INFO - Started process (PID=12058) to work on /home/najma/airflow-venv/lib/python3.12/site-packages/airflow/example_dags/example_branch_python_dop_operator_3.py
[2026-05-08T18:19:58.872+0100] {processor.py:830} INFO - Processing file /home/najma/airflow-venv/lib/python3.12/site-packages/airflow/example_dags/example_branch_python_dop_operator_3.py for tasks to queue
[2026-05-08T18:19:58.873+0100] {logging_mixin.py:188} INFO - [2026-05-08T18:19:58.873+0100] {dagbag.py:540} INFO - Filling up the DagBag from /home/najma/airflow-venv/lib/python3.12/site-packages/airflow/example_dags/example_branch_python_dop_operator_3.py
[2026-05-08T18:19:58.880+0100] {processor.py:840} INFO - DAG(s) 'example_branch_dop_operator_v3' retrieved from /home/najma/airflow-venv/lib/python3.12/site-packages/airflow/example_dags/example_branch_python_dop_operator_3.py
[2026-05-08T18:19:58.907+0100] {logging_mixin.py:188} INFO - [2026-05-08T18:19:58.907+0100] {dag.py:3096} INFO - Sync 1 DAGs
[2026-05-08T18:19:58.936+0100] {logging_mixin.py:188} INFO - [2026-05-08T18:19:58.935+0100] {dag.py:3954} INFO - Setting next_dagrun for example_branch_dop_operator_v3 to 2026-05-08 17:18:00+00:00, run_after=2026-05-08 17:19:00+00:00
[2026-05-08T18:19:59.037+0100] {processor.py:183} INFO - Processing /home/najma/airflow-venv/lib/python3.12/site-packages/airflow/example_dags/example_branch_python_dop_operator_3.py took 0.171 seconds
[2026-05-08T18:21:07.398+0100] {processor.py:161} INFO - Started process (PID=12114) to work on /home/najma/airflow-venv/lib/python3.12/site-packages/airflow/example_dags/example_branch_python_dop_operator_3.py
[2026-05-08T18:21:07.400+0100] {processor.py:830} INFO - Processing file /home/najma/airflow-venv/lib/python3.12/site-packages/airflow/example_dags/example_branch_python_dop_operator_3.py for tasks to queue
[2026-05-08T18:21:07.401+0100] {logging_mixin.py:188} INFO - [2026-05-08T18:21:07.401+0100] {dagbag.py:540} INFO - Filling up the DagBag from /home/najma/airflow-venv/lib/python3.12/site-packages/airflow/example_dags/example_branch_python_dop_operator_3.py
[2026-05-08T18:21:07.408+0100] {processor.py:840} INFO - DAG(s) 'example_branch_dop_operator_v3' retrieved from /home/najma/airflow-venv/lib/python3.12/site-packages/airflow/example_dags/example_branch_python_dop_operator_3.py
[2026-05-08T18:21:07.440+0100] {logging_mixin.py:188} INFO - [2026-05-08T18:21:07.439+0100] {dag.py:3096} INFO - Sync 1 DAGs
[2026-05-08T18:21:07.483+0100] {logging_mixin.py:188} INFO - [2026-05-08T18:21:07.483+0100] {dag.py:3954} INFO - Setting next_dagrun for example_branch_dop_operator_v3 to 2026-05-08 17:20:00+00:00, run_after=2026-05-08 17:21:00+00:00
[2026-05-08T18:21:07.574+0100] {processor.py:183} INFO - Processing /home/najma/airflow-venv/lib/python3.12/site-packages/airflow/example_dags/example_branch_python_dop_operator_3.py took 0.181 seconds
[2026-05-08T18:22:23.296+0100] {processor.py:161} INFO - Started process (PID=12174) to work on /home/najma/airflow-venv/lib/python3.12/site-packages/airflow/example_dags/example_branch_python_dop_operator_3.py
[2026-05-08T18:22:23.297+0100] {processor.py:830} INFO - Processing file /home/najma/airflow-venv/lib/python3.12/site-packages/airflow/example_dags/example_branch_python_dop_operator_3.py for tasks to queue
[2026-05-08T18:22:23.299+0100] {logging_mixin.py:188} INFO - [2026-05-08T18:22:23.299+0100] {dagbag.py:540} INFO - Filling up the DagBag from /home/najma/airflow-venv/lib/python3.12/site-packages/airflow/example_dags/example_branch_python_dop_operator_3.py
[2026-05-08T18:22:23.305+0100] {processor.py:840} INFO - DAG(s) 'example_branch_dop_operator_v3' retrieved from /home/najma/airflow-venv/lib/python3.12/site-packages/airflow/example_dags/example_branch_python_dop_operator_3.py
[2026-05-08T18:22:23.330+0100] {logging_mixin.py:188} INFO - [2026-05-08T18:22:23.329+0100] {dag.py:3096} INFO - Sync 1 DAGs
[2026-05-08T18:22:23.364+0100] {logging_mixin.py:188} INFO - [2026-05-08T18:22:23.364+0100] {dag.py:3954} INFO - Setting next_dagrun for example_branch_dop_operator_v3 to 2026-05-08 17:21:00+00:00, run_after=2026-05-08 17:22:00+00:00
[2026-05-08T18:22:23.439+0100] {processor.py:183} INFO - Processing /home/najma/airflow-venv/lib/python3.12/site-packages/airflow/example_dags/example_branch_python_dop_operator_3.py took 0.147 seconds
[2026-05-08T18:24:35.429+0100] {processor.py:161} INFO - Started process (PID=12287) to work on /home/najma/airflow-venv/lib/python3.12/site-packages/airflow/example_dags/example_branch_python_dop_operator_3.py
[2026-05-08T18:24:35.430+0100] {processor.py:830} INFO - Processing file /home/najma/airflow-venv/lib/python3.12/site-packages/airflow/example_dags/example_branch_python_dop_operator_3.py for tasks to queue
[2026-05-08T18:24:35.432+0100] {logging_mixin.py:188} INFO - [2026-05-08T18:24:35.432+0100] {dagbag.py:540} INFO - Filling up the DagBag from /home/najma/airflow-venv/lib/python3.12/site-packages/airflow/example_dags/example_branch_python_dop_operator_3.py
[2026-05-08T18:24:35.439+0100] {processor.py:840} INFO - DAG(s) 'example_branch_dop_operator_v3' retrieved from /home/najma/airflow-venv/lib/python3.12/site-packages/airflow/example_dags/example_branch_python_dop_operator_3.py
[2026-05-08T18:24:35.469+0100] {logging_mixin.py:188} INFO - [2026-05-08T18:24:35.469+0100] {dag.py:3096} INFO - Sync 1 DAGs
[2026-05-08T18:24:35.502+0100] {logging_mixin.py:188} INFO - [2026-05-08T18:24:35.502+0100] {dag.py:3954} INFO - Setting next_dagrun for example_branch_dop_operator_v3 to 2026-05-08 17:23:00+00:00, run_after=2026-05-08 17:24:00+00:00
[2026-05-08T18:24:35.596+0100] {processor.py:183} INFO - Processing /home/najma/airflow-venv/lib/python3.12/site-packages/airflow/example_dags/example_branch_python_dop_operator_3.py took 0.172 seconds
[2026-05-08T18:25:53.517+0100] {processor.py:161} INFO - Started process (PID=12361) to work on /home/najma/airflow-venv/lib/python3.12/site-packages/airflow/example_dags/example_branch_python_dop_operator_3.py
[2026-05-08T18:25:53.519+0100] {processor.py:830} INFO - Processing file /home/najma/airflow-venv/lib/python3.12/site-packages/airflow/example_dags/example_branch_python_dop_operator_3.py for tasks to queue
[2026-05-08T18:25:53.521+0100] {logging_mixin.py:188} INFO - [2026-05-08T18:25:53.520+0100] {dagbag.py:540} INFO - Filling up the DagBag from /home/najma/airflow-venv/lib/python3.12/site-packages/airflow/example_dags/example_branch_python_dop_operator_3.py
[2026-05-08T18:25:53.536+0100] {processor.py:840} INFO - DAG(s) 'example_branch_dop_operator_v3' retrieved from /home/najma/airflow-venv/lib/python3.12/site-packages/airflow/example_dags/example_branch_python_dop_operator_3.py
[2026-05-08T18:25:53.566+0100] {logging_mixin.py:188} INFO - [2026-05-08T18:25:53.565+0100] {dag.py:3096} INFO - Sync 1 DAGs
[2026-05-08T18:25:53.595+0100] {logging_mixin.py:188} INFO - [2026-05-08T18:25:53.595+0100] {dag.py:3954} INFO - Setting next_dagrun for example_branch_dop_operator_v3 to 2026-05-08 17:24:00+00:00, run_after=2026-05-08 17:25:00+00:00
[2026-05-08T18:25:53.686+0100] {processor.py:183} INFO - Processing /home/najma/airflow-venv/lib/python3.12/site-packages/airflow/example_dags/example_branch_python_dop_operator_3.py took 0.173 seconds
[2026-05-08T18:27:09.734+0100] {processor.py:161} INFO - Started process (PID=12422) to work on /home/najma/airflow-venv/lib/python3.12/site-packages/airflow/example_dags/example_branch_python_dop_operator_3.py
[2026-05-08T18:27:09.735+0100] {processor.py:830} INFO - Processing file /home/najma/airflow-venv/lib/python3.12/site-packages/airflow/example_dags/example_branch_python_dop_operator_3.py for tasks to queue
[2026-05-08T18:27:09.740+0100] {logging_mixin.py:188} INFO - [2026-05-08T18:27:09.738+0100] {dagbag.py:540} INFO - Filling up the DagBag from /home/najma/airflow-venv/lib/python3.12/site-packages/airflow/example_dags/example_branch_python_dop_operator_3.py
[2026-05-08T18:27:09.784+0100] {processor.py:840} INFO - DAG(s) 'example_branch_dop_operator_v3' retrieved from /home/najma/airflow-venv/lib/python3.12/site-packages/airflow/example_dags/example_branch_python_dop_operator_3.py
[2026-05-08T18:27:09.846+0100] {logging_mixin.py:188} INFO - [2026-05-08T18:27:09.845+0100] {dag.py:3096} INFO - Sync 1 DAGs
[2026-05-08T18:27:09.905+0100] {logging_mixin.py:188} INFO - [2026-05-08T18:27:09.905+0100] {dag.py:3954} INFO - Setting next_dagrun for example_branch_dop_operator_v3 to 2026-05-08 17:26:00+00:00, run_after=2026-05-08 17:27:00+00:00
[2026-05-08T18:27:10.068+0100] {processor.py:183} INFO - Processing /home/najma/airflow-venv/lib/python3.12/site-packages/airflow/example_dags/example_branch_python_dop_operator_3.py took 0.339 seconds
[2026-05-08T18:28:32.017+0100] {processor.py:161} INFO - Started process (PID=12485) to work on /home/najma/airflow-venv/lib/python3.12/site-packages/airflow/example_dags/example_branch_python_dop_operator_3.py
[2026-05-08T18:28:32.018+0100] {processor.py:830} INFO - Processing file /home/najma/airflow-venv/lib/python3.12/site-packages/airflow/example_dags/example_branch_python_dop_operator_3.py for tasks to queue
[2026-05-08T18:28:32.020+0100] {logging_mixin.py:188} INFO - [2026-05-08T18:28:32.020+0100] {dagbag.py:540} INFO - Filling up the DagBag from /home/najma/airflow-venv/lib/python3.12/site-packages/airflow/example_dags/example_branch_python_dop_operator_3.py
[2026-05-08T18:28:32.027+0100] {processor.py:840} INFO - DAG(s) 'example_branch_dop_operator_v3' retrieved from /home/najma/airflow-venv/lib/python3.12/site-packages/airflow/example_dags/example_branch_python_dop_operator_3.py
[2026-05-08T18:28:32.055+0100] {logging_mixin.py:188} INFO - [2026-05-08T18:28:32.055+0100] {dag.py:3096} INFO - Sync 1 DAGs
[2026-05-08T18:28:32.083+0100] {logging_mixin.py:188} INFO - [2026-05-08T18:28:32.083+0100] {dag.py:3954} INFO - Setting next_dagrun for example_branch_dop_operator_v3 to 2026-05-08 17:27:00+00:00, run_after=2026-05-08 17:28:00+00:00
[2026-05-08T18:28:32.189+0100] {processor.py:183} INFO - Processing /home/najma/airflow-venv/lib/python3.12/site-packages/airflow/example_dags/example_branch_python_dop_operator_3.py took 0.175 seconds
[2026-05-08T18:29:46.665+0100] {processor.py:161} INFO - Started process (PID=12544) to work on /home/najma/airflow-venv/lib/python3.12/site-packages/airflow/example_dags/example_branch_python_dop_operator_3.py
[2026-05-08T18:29:46.666+0100] {processor.py:830} INFO - Processing file /home/najma/airflow-venv/lib/python3.12/site-packages/airflow/example_dags/example_branch_python_dop_operator_3.py for tasks to queue
[2026-05-08T18:29:46.668+0100] {logging_mixin.py:188} INFO - [2026-05-08T18:29:46.668+0100] {dagbag.py:540} INFO - Filling up the DagBag from /home/najma/airflow-venv/lib/python3.12/site-packages/airflow/example_dags/example_branch_python_dop_operator_3.py
[2026-05-08T18:29:46.683+0100] {processor.py:840} INFO - DAG(s) 'example_branch_dop_operator_v3' retrieved from /home/najma/airflow-venv/lib/python3.12/site-packages/airflow/example_dags/example_branch_python_dop_operator_3.py
[2026-05-08T18:29:46.740+0100] {logging_mixin.py:188} INFO - [2026-05-08T18:29:46.740+0100] {dag.py:3096} INFO - Sync 1 DAGs
[2026-05-08T18:29:46.799+0100] {logging_mixin.py:188} INFO - [2026-05-08T18:29:46.798+0100] {dag.py:3954} INFO - Setting next_dagrun for example_branch_dop_operator_v3 to 2026-05-08 17:28:00+00:00, run_after=2026-05-08 17:29:00+00:00
[2026-05-08T18:29:46.952+0100] {processor.py:183} INFO - Processing /home/najma/airflow-venv/lib/python3.12/site-packages/airflow/example_dags/example_branch_python_dop_operator_3.py took 0.292 seconds
[2026-05-08T18:31:04.465+0100] {processor.py:161} INFO - Started process (PID=12605) to work on /home/najma/airflow-venv/lib/python3.12/site-packages/airflow/example_dags/example_branch_python_dop_operator_3.py
[2026-05-08T18:31:04.467+0100] {processor.py:830} INFO - Processing file /home/najma/airflow-venv/lib/python3.12/site-packages/airflow/example_dags/example_branch_python_dop_operator_3.py for tasks to queue
[2026-05-08T18:31:04.468+0100] {logging_mixin.py:188} INFO - [2026-05-08T18:31:04.468+0100] {dagbag.py:540} INFO - Filling up the DagBag from /home/najma/airflow-venv/lib/python3.12/site-packages/airflow/example_dags/example_branch_python_dop_operator_3.py
[2026-05-08T18:31:04.476+0100] {processor.py:840} INFO - DAG(s) 'example_branch_dop_operator_v3' retrieved from /home/najma/airflow-venv/lib/python3.12/site-packages/airflow/example_dags/example_branch_python_dop_operator_3.py
[2026-05-08T18:31:04.505+0100] {logging_mixin.py:188} INFO - [2026-05-08T18:31:04.505+0100] {dag.py:3096} INFO - Sync 1 DAGs
[2026-05-08T18:31:04.536+0100] {logging_mixin.py:188} INFO - [2026-05-08T18:31:04.535+0100] {dag.py:3954} INFO - Setting next_dagrun for example_branch_dop_operator_v3 to 2026-05-08 17:30:00+00:00, run_after=2026-05-08 17:31:00+00:00
[2026-05-08T18:31:04.640+0100] {processor.py:183} INFO - Processing /home/najma/airflow-venv/lib/python3.12/site-packages/airflow/example_dags/example_branch_python_dop_operator_3.py took 0.179 seconds
[2026-05-08T18:32:21.303+0100] {processor.py:161} INFO - Started process (PID=12665) to work on /home/najma/airflow-venv/lib/python3.12/site-packages/airflow/example_dags/example_branch_python_dop_operator_3.py
[2026-05-08T18:32:21.304+0100] {processor.py:830} INFO - Processing file /home/najma/airflow-venv/lib/python3.12/site-packages/airflow/example_dags/example_branch_python_dop_operator_3.py for tasks to queue
[2026-05-08T18:32:21.306+0100] {logging_mixin.py:188} INFO - [2026-05-08T18:32:21.306+0100] {dagbag.py:540} INFO - Filling up the DagBag from /home/najma/airflow-venv/lib/python3.12/site-packages/airflow/example_dags/example_branch_python_dop_operator_3.py
[2026-05-08T18:32:21.313+0100] {processor.py:840} INFO - DAG(s) 'example_branch_dop_operator_v3' retrieved from /home/najma/airflow-venv/lib/python3.12/site-packages/airflow/example_dags/example_branch_python_dop_operator_3.py
[2026-05-08T18:32:21.340+0100] {logging_mixin.py:188} INFO - [2026-05-08T18:32:21.340+0100] {dag.py:3096} INFO - Sync 1 DAGs
[2026-05-08T18:32:21.366+0100] {logging_mixin.py:188} INFO - [2026-05-08T18:32:21.366+0100] {dag.py:3954} INFO - Setting next_dagrun for example_branch_dop_operator_v3 to 2026-05-08 17:31:00+00:00, run_after=2026-05-08 17:32:00+00:00
[2026-05-08T18:32:21.466+0100] {processor.py:183} INFO - Processing /home/najma/airflow-venv/lib/python3.12/site-packages/airflow/example_dags/example_branch_python_dop_operator_3.py took 0.167 seconds
[2026-05-08T18:34:40.380+0100] {processor.py:161} INFO - Started process (PID=12789) to work on /home/najma/airflow-venv/lib/python3.12/site-packages/airflow/example_dags/example_branch_python_dop_operator_3.py
[2026-05-08T18:34:40.381+0100] {processor.py:830} INFO - Processing file /home/najma/airflow-venv/lib/python3.12/site-packages/airflow/example_dags/example_branch_python_dop_operator_3.py for tasks to queue
[2026-05-08T18:34:40.383+0100] {logging_mixin.py:188} INFO - [2026-05-08T18:34:40.382+0100] {dagbag.py:540} INFO - Filling up the DagBag from /home/najma/airflow-venv/lib/python3.12/site-packages/airflow/example_dags/example_branch_python_dop_operator_3.py
[2026-05-08T18:34:40.389+0100] {processor.py:840} INFO - DAG(s) 'example_branch_dop_operator_v3' retrieved from /home/najma/airflow-venv/lib/python3.12/site-packages/airflow/example_dags/example_branch_python_dop_operator_3.py
[2026-05-08T18:34:40.419+0100] {logging_mixin.py:188} INFO - [2026-05-08T18:34:40.419+0100] {dag.py:3096} INFO - Sync 1 DAGs
[2026-05-08T18:34:40.447+0100] {logging_mixin.py:188} INFO - [2026-05-08T18:34:40.447+0100] {dag.py:3954} INFO - Setting next_dagrun for example_branch_dop_operator_v3 to 2026-05-08 17:33:00+00:00, run_after=2026-05-08 17:34:00+00:00
[2026-05-08T18:34:40.549+0100] {processor.py:183} INFO - Processing /home/najma/airflow-venv/lib/python3.12/site-packages/airflow/example_dags/example_branch_python_dop_operator_3.py took 0.173 seconds
[2026-05-08T18:35:52.078+0100] {processor.py:161} INFO - Started process (PID=12856) to work on /home/najma/airflow-venv/lib/python3.12/site-packages/airflow/example_dags/example_branch_python_dop_operator_3.py
[2026-05-08T18:35:52.080+0100] {processor.py:830} INFO - Processing file /home/najma/airflow-venv/lib/python3.12/site-packages/airflow/example_dags/example_branch_python_dop_operator_3.py for tasks to queue
[2026-05-08T18:35:52.081+0100] {logging_mixin.py:188} INFO - [2026-05-08T18:35:52.081+0100] {dagbag.py:540} INFO - Filling up the DagBag from /home/najma/airflow-venv/lib/python3.12/site-packages/airflow/example_dags/example_branch_python_dop_operator_3.py
[2026-05-08T18:35:52.088+0100] {processor.py:840} INFO - DAG(s) 'example_branch_dop_operator_v3' retrieved from /home/najma/airflow-venv/lib/python3.12/site-packages/airflow/example_dags/example_branch_python_dop_operator_3.py
[2026-05-08T18:35:52.112+0100] {logging_mixin.py:188} INFO - [2026-05-08T18:35:52.112+0100] {dag.py:3096} INFO - Sync 1 DAGs
[2026-05-08T18:35:52.140+0100] {logging_mixin.py:188} INFO - [2026-05-08T18:35:52.139+0100] {dag.py:3954} INFO - Setting next_dagrun for example_branch_dop_operator_v3 to 2026-05-08 17:34:00+00:00, run_after=2026-05-08 17:35:00+00:00
[2026-05-08T18:35:52.246+0100] {processor.py:183} INFO - Processing /home/najma/airflow-venv/lib/python3.12/site-packages/airflow/example_dags/example_branch_python_dop_operator_3.py took 0.172 seconds
[2026-05-08T18:37:04.348+0100] {processor.py:161} INFO - Started process (PID=12915) to work on /home/najma/airflow-venv/lib/python3.12/site-packages/airflow/example_dags/example_branch_python_dop_operator_3.py
[2026-05-08T18:37:04.353+0100] {processor.py:830} INFO - Processing file /home/najma/airflow-venv/lib/python3.12/site-packages/airflow/example_dags/example_branch_python_dop_operator_3.py for tasks to queue
[2026-05-08T18:37:04.356+0100] {logging_mixin.py:188} INFO - [2026-05-08T18:37:04.356+0100] {dagbag.py:540} INFO - Filling up the DagBag from /home/najma/airflow-venv/lib/python3.12/site-packages/airflow/example_dags/example_branch_python_dop_operator_3.py
[2026-05-08T18:37:04.368+0100] {processor.py:840} INFO - DAG(s) 'example_branch_dop_operator_v3' retrieved from /home/najma/airflow-venv/lib/python3.12/site-packages/airflow/example_dags/example_branch_python_dop_operator_3.py
[2026-05-08T18:37:04.431+0100] {logging_mixin.py:188} INFO - [2026-05-08T18:37:04.431+0100] {dag.py:3096} INFO - Sync 1 DAGs
[2026-05-08T18:37:04.483+0100] {logging_mixin.py:188} INFO - [2026-05-08T18:37:04.482+0100] {dag.py:3954} INFO - Setting next_dagrun for example_branch_dop_operator_v3 to 2026-05-08 17:36:00+00:00, run_after=2026-05-08 17:37:00+00:00
[2026-05-08T18:37:04.589+0100] {processor.py:183} INFO - Processing /home/najma/airflow-venv/lib/python3.12/site-packages/airflow/example_dags/example_branch_python_dop_operator_3.py took 0.245 seconds
[2026-05-08T18:38:28.080+0100] {processor.py:161} INFO - Started process (PID=12979) to work on /home/najma/airflow-venv/lib/python3.12/site-packages/airflow/example_dags/example_branch_python_dop_operator_3.py
[2026-05-08T18:38:28.082+0100] {processor.py:830} INFO - Processing file /home/najma/airflow-venv/lib/python3.12/site-packages/airflow/example_dags/example_branch_python_dop_operator_3.py for tasks to queue
[2026-05-08T18:38:28.084+0100] {logging_mixin.py:188} INFO - [2026-05-08T18:38:28.084+0100] {dagbag.py:540} INFO - Filling up the DagBag from /home/najma/airflow-venv/lib/python3.12/site-packages/airflow/example_dags/example_branch_python_dop_operator_3.py
[2026-05-08T18:38:28.090+0100] {processor.py:840} INFO - DAG(s) 'example_branch_dop_operator_v3' retrieved from /home/najma/airflow-venv/lib/python3.12/site-packages/airflow/example_dags/example_branch_python_dop_operator_3.py
[2026-05-08T18:38:28.119+0100] {logging_mixin.py:188} INFO - [2026-05-08T18:38:28.119+0100] {dag.py:3096} INFO - Sync 1 DAGs
[2026-05-08T18:38:28.147+0100] {logging_mixin.py:188} INFO - [2026-05-08T18:38:28.147+0100] {dag.py:3954} INFO - Setting next_dagrun for example_branch_dop_operator_v3 to 2026-05-08 17:37:00+00:00, run_after=2026-05-08 17:38:00+00:00
[2026-05-08T18:38:28.244+0100] {processor.py:183} INFO - Processing /home/najma/airflow-venv/lib/python3.12/site-packages/airflow/example_dags/example_branch_python_dop_operator_3.py took 0.167 seconds
