[2026-05-08T16:43:16.986+0100] {processor.py:161} INFO - Started process (PID=9558) to work on /home/najma/airflow-venv/lib/python3.12/site-packages/airflow/example_dags/example_dynamic_task_mapping.py
[2026-05-08T16:43:16.987+0100] {processor.py:830} INFO - Processing file /home/najma/airflow-venv/lib/python3.12/site-packages/airflow/example_dags/example_dynamic_task_mapping.py for tasks to queue
[2026-05-08T16:43:16.990+0100] {logging_mixin.py:188} INFO - [2026-05-08T16:43:16.989+0100] {dagbag.py:540} INFO - Filling up the DagBag from /home/najma/airflow-venv/lib/python3.12/site-packages/airflow/example_dags/example_dynamic_task_mapping.py
[2026-05-08T16:43:16.996+0100] {processor.py:840} INFO - DAG(s) 'example_dynamic_task_mapping' retrieved from /home/najma/airflow-venv/lib/python3.12/site-packages/airflow/example_dags/example_dynamic_task_mapping.py
[2026-05-08T16:43:17.192+0100] {logging_mixin.py:188} INFO - [2026-05-08T16:43:17.192+0100] {override.py:1829} INFO - Created Permission View: can read on DAG:example_dynamic_task_mapping
[2026-05-08T16:43:17.246+0100] {logging_mixin.py:188} INFO - [2026-05-08T16:43:17.246+0100] {override.py:1829} INFO - Created Permission View: can edit on DAG:example_dynamic_task_mapping
[2026-05-08T16:43:17.299+0100] {logging_mixin.py:188} INFO - [2026-05-08T16:43:17.298+0100] {override.py:1829} INFO - Created Permission View: can delete on DAG:example_dynamic_task_mapping
[2026-05-08T16:43:17.300+0100] {logging_mixin.py:188} INFO - [2026-05-08T16:43:17.300+0100] {dag.py:3096} INFO - Sync 1 DAGs
[2026-05-08T16:43:17.322+0100] {logging_mixin.py:188} INFO - [2026-05-08T16:43:17.321+0100] {dag.py:3118} INFO - Creating ORM DAG for example_dynamic_task_mapping
[2026-05-08T16:43:17.334+0100] {logging_mixin.py:188} INFO - [2026-05-08T16:43:17.334+0100] {dag.py:3954} INFO - Setting next_dagrun for example_dynamic_task_mapping to 2022-03-04 00:00:00+00:00, run_after=2022-03-05 00:00:00+00:00
[2026-05-08T16:43:17.408+0100] {processor.py:183} INFO - Processing /home/najma/airflow-venv/lib/python3.12/site-packages/airflow/example_dags/example_dynamic_task_mapping.py took 0.426 seconds
[2026-05-08T16:44:40.843+0100] {processor.py:161} INFO - Started process (PID=9627) to work on /home/najma/airflow-venv/lib/python3.12/site-packages/airflow/example_dags/example_dynamic_task_mapping.py
[2026-05-08T16:44:40.845+0100] {processor.py:830} INFO - Processing file /home/najma/airflow-venv/lib/python3.12/site-packages/airflow/example_dags/example_dynamic_task_mapping.py for tasks to queue
[2026-05-08T16:44:40.847+0100] {logging_mixin.py:188} INFO - [2026-05-08T16:44:40.846+0100] {dagbag.py:540} INFO - Filling up the DagBag from /home/najma/airflow-venv/lib/python3.12/site-packages/airflow/example_dags/example_dynamic_task_mapping.py
[2026-05-08T16:44:40.852+0100] {processor.py:840} INFO - DAG(s) 'example_dynamic_task_mapping' retrieved from /home/najma/airflow-venv/lib/python3.12/site-packages/airflow/example_dags/example_dynamic_task_mapping.py
[2026-05-08T16:44:40.879+0100] {logging_mixin.py:188} INFO - [2026-05-08T16:44:40.878+0100] {dag.py:3096} INFO - Sync 1 DAGs
[2026-05-08T16:44:40.903+0100] {logging_mixin.py:188} INFO - [2026-05-08T16:44:40.903+0100] {dag.py:3954} INFO - Setting next_dagrun for example_dynamic_task_mapping to 2022-03-04 00:00:00+00:00, run_after=2022-03-05 00:00:00+00:00
[2026-05-08T16:44:40.983+0100] {processor.py:183} INFO - Processing /home/najma/airflow-venv/lib/python3.12/site-packages/airflow/example_dags/example_dynamic_task_mapping.py took 0.144 seconds
[2026-05-08T16:46:08.188+0100] {processor.py:161} INFO - Started process (PID=9710) to work on /home/najma/airflow-venv/lib/python3.12/site-packages/airflow/example_dags/example_dynamic_task_mapping.py
[2026-05-08T16:46:08.193+0100] {processor.py:830} INFO - Processing file /home/najma/airflow-venv/lib/python3.12/site-packages/airflow/example_dags/example_dynamic_task_mapping.py for tasks to queue
[2026-05-08T16:46:08.195+0100] {logging_mixin.py:188} INFO - [2026-05-08T16:46:08.194+0100] {dagbag.py:540} INFO - Filling up the DagBag from /home/najma/airflow-venv/lib/python3.12/site-packages/airflow/example_dags/example_dynamic_task_mapping.py
[2026-05-08T16:46:08.201+0100] {processor.py:840} INFO - DAG(s) 'example_dynamic_task_mapping' retrieved from /home/najma/airflow-venv/lib/python3.12/site-packages/airflow/example_dags/example_dynamic_task_mapping.py
[2026-05-08T16:46:08.226+0100] {logging_mixin.py:188} INFO - [2026-05-08T16:46:08.226+0100] {dag.py:3096} INFO - Sync 1 DAGs
[2026-05-08T16:46:08.251+0100] {logging_mixin.py:188} INFO - [2026-05-08T16:46:08.251+0100] {dag.py:3954} INFO - Setting next_dagrun for example_dynamic_task_mapping to 2022-03-04 00:00:00+00:00, run_after=2022-03-05 00:00:00+00:00
[2026-05-08T16:46:08.346+0100] {processor.py:183} INFO - Processing /home/najma/airflow-venv/lib/python3.12/site-packages/airflow/example_dags/example_dynamic_task_mapping.py took 0.162 seconds
[2026-05-08T16:47:26.052+0100] {processor.py:161} INFO - Started process (PID=9779) to work on /home/najma/airflow-venv/lib/python3.12/site-packages/airflow/example_dags/example_dynamic_task_mapping.py
[2026-05-08T16:47:26.053+0100] {processor.py:830} INFO - Processing file /home/najma/airflow-venv/lib/python3.12/site-packages/airflow/example_dags/example_dynamic_task_mapping.py for tasks to queue
[2026-05-08T16:47:26.055+0100] {logging_mixin.py:188} INFO - [2026-05-08T16:47:26.055+0100] {dagbag.py:540} INFO - Filling up the DagBag from /home/najma/airflow-venv/lib/python3.12/site-packages/airflow/example_dags/example_dynamic_task_mapping.py
[2026-05-08T16:47:26.060+0100] {processor.py:840} INFO - DAG(s) 'example_dynamic_task_mapping' retrieved from /home/najma/airflow-venv/lib/python3.12/site-packages/airflow/example_dags/example_dynamic_task_mapping.py
[2026-05-08T16:47:26.084+0100] {logging_mixin.py:188} INFO - [2026-05-08T16:47:26.084+0100] {dag.py:3096} INFO - Sync 1 DAGs
[2026-05-08T16:47:26.109+0100] {logging_mixin.py:188} INFO - [2026-05-08T16:47:26.109+0100] {dag.py:3954} INFO - Setting next_dagrun for example_dynamic_task_mapping to 2022-03-04 00:00:00+00:00, run_after=2022-03-05 00:00:00+00:00
[2026-05-08T16:47:26.182+0100] {processor.py:183} INFO - Processing /home/najma/airflow-venv/lib/python3.12/site-packages/airflow/example_dags/example_dynamic_task_mapping.py took 0.134 seconds
[2026-05-08T16:48:36.412+0100] {processor.py:161} INFO - Started process (PID=9845) to work on /home/najma/airflow-venv/lib/python3.12/site-packages/airflow/example_dags/example_dynamic_task_mapping.py
[2026-05-08T16:48:36.416+0100] {processor.py:830} INFO - Processing file /home/najma/airflow-venv/lib/python3.12/site-packages/airflow/example_dags/example_dynamic_task_mapping.py for tasks to queue
[2026-05-08T16:48:36.422+0100] {logging_mixin.py:188} INFO - [2026-05-08T16:48:36.421+0100] {dagbag.py:540} INFO - Filling up the DagBag from /home/najma/airflow-venv/lib/python3.12/site-packages/airflow/example_dags/example_dynamic_task_mapping.py
[2026-05-08T16:48:36.440+0100] {processor.py:840} INFO - DAG(s) 'example_dynamic_task_mapping' retrieved from /home/najma/airflow-venv/lib/python3.12/site-packages/airflow/example_dags/example_dynamic_task_mapping.py
[2026-05-08T16:48:36.470+0100] {logging_mixin.py:188} INFO - [2026-05-08T16:48:36.470+0100] {dag.py:3096} INFO - Sync 1 DAGs
[2026-05-08T16:48:36.497+0100] {logging_mixin.py:188} INFO - [2026-05-08T16:48:36.496+0100] {dag.py:3954} INFO - Setting next_dagrun for example_dynamic_task_mapping to 2022-03-04 00:00:00+00:00, run_after=2022-03-05 00:00:00+00:00
[2026-05-08T16:48:36.584+0100] {processor.py:183} INFO - Processing /home/najma/airflow-venv/lib/python3.12/site-packages/airflow/example_dags/example_dynamic_task_mapping.py took 0.199 seconds
[2026-05-08T17:45:49.429+0100] {processor.py:161} INFO - Started process (PID=10260) to work on /home/najma/airflow-venv/lib/python3.12/site-packages/airflow/example_dags/example_dynamic_task_mapping.py
[2026-05-08T17:45:49.431+0100] {processor.py:830} INFO - Processing file /home/najma/airflow-venv/lib/python3.12/site-packages/airflow/example_dags/example_dynamic_task_mapping.py for tasks to queue
[2026-05-08T17:45:49.433+0100] {logging_mixin.py:188} INFO - [2026-05-08T17:45:49.433+0100] {dagbag.py:540} INFO - Filling up the DagBag from /home/najma/airflow-venv/lib/python3.12/site-packages/airflow/example_dags/example_dynamic_task_mapping.py
[2026-05-08T17:45:49.439+0100] {processor.py:840} INFO - DAG(s) 'example_dynamic_task_mapping' retrieved from /home/najma/airflow-venv/lib/python3.12/site-packages/airflow/example_dags/example_dynamic_task_mapping.py
[2026-05-08T17:45:49.465+0100] {logging_mixin.py:188} INFO - [2026-05-08T17:45:49.465+0100] {dag.py:3096} INFO - Sync 1 DAGs
[2026-05-08T17:45:49.503+0100] {logging_mixin.py:188} INFO - [2026-05-08T17:45:49.503+0100] {dag.py:3954} INFO - Setting next_dagrun for example_dynamic_task_mapping to 2022-03-04 00:00:00+00:00, run_after=2022-03-05 00:00:00+00:00
[2026-05-08T17:45:49.607+0100] {processor.py:183} INFO - Processing /home/najma/airflow-venv/lib/python3.12/site-packages/airflow/example_dags/example_dynamic_task_mapping.py took 0.181 seconds
[2026-05-08T17:47:14.400+0100] {processor.py:161} INFO - Started process (PID=10338) to work on /home/najma/airflow-venv/lib/python3.12/site-packages/airflow/example_dags/example_dynamic_task_mapping.py
[2026-05-08T17:47:14.402+0100] {processor.py:830} INFO - Processing file /home/najma/airflow-venv/lib/python3.12/site-packages/airflow/example_dags/example_dynamic_task_mapping.py for tasks to queue
[2026-05-08T17:47:14.404+0100] {logging_mixin.py:188} INFO - [2026-05-08T17:47:14.404+0100] {dagbag.py:540} INFO - Filling up the DagBag from /home/najma/airflow-venv/lib/python3.12/site-packages/airflow/example_dags/example_dynamic_task_mapping.py
[2026-05-08T17:47:14.410+0100] {processor.py:840} INFO - DAG(s) 'example_dynamic_task_mapping' retrieved from /home/najma/airflow-venv/lib/python3.12/site-packages/airflow/example_dags/example_dynamic_task_mapping.py
[2026-05-08T17:47:14.441+0100] {logging_mixin.py:188} INFO - [2026-05-08T17:47:14.441+0100] {dag.py:3096} INFO - Sync 1 DAGs
[2026-05-08T17:47:14.467+0100] {logging_mixin.py:188} INFO - [2026-05-08T17:47:14.467+0100] {dag.py:3954} INFO - Setting next_dagrun for example_dynamic_task_mapping to 2022-03-04 00:00:00+00:00, run_after=2022-03-05 00:00:00+00:00
[2026-05-08T17:47:14.582+0100] {processor.py:183} INFO - Processing /home/najma/airflow-venv/lib/python3.12/site-packages/airflow/example_dags/example_dynamic_task_mapping.py took 0.185 seconds
[2026-05-08T17:48:24.339+0100] {processor.py:161} INFO - Started process (PID=10399) to work on /home/najma/airflow-venv/lib/python3.12/site-packages/airflow/example_dags/example_dynamic_task_mapping.py
[2026-05-08T17:48:24.340+0100] {processor.py:830} INFO - Processing file /home/najma/airflow-venv/lib/python3.12/site-packages/airflow/example_dags/example_dynamic_task_mapping.py for tasks to queue
[2026-05-08T17:48:24.342+0100] {logging_mixin.py:188} INFO - [2026-05-08T17:48:24.342+0100] {dagbag.py:540} INFO - Filling up the DagBag from /home/najma/airflow-venv/lib/python3.12/site-packages/airflow/example_dags/example_dynamic_task_mapping.py
[2026-05-08T17:48:24.356+0100] {processor.py:840} INFO - DAG(s) 'example_dynamic_task_mapping' retrieved from /home/najma/airflow-venv/lib/python3.12/site-packages/airflow/example_dags/example_dynamic_task_mapping.py
[2026-05-08T17:48:24.397+0100] {logging_mixin.py:188} INFO - [2026-05-08T17:48:24.397+0100] {dag.py:3096} INFO - Sync 1 DAGs
[2026-05-08T17:48:24.427+0100] {logging_mixin.py:188} INFO - [2026-05-08T17:48:24.427+0100] {dag.py:3954} INFO - Setting next_dagrun for example_dynamic_task_mapping to 2022-03-04 00:00:00+00:00, run_after=2022-03-05 00:00:00+00:00
[2026-05-08T17:48:24.515+0100] {processor.py:183} INFO - Processing /home/najma/airflow-venv/lib/python3.12/site-packages/airflow/example_dags/example_dynamic_task_mapping.py took 0.180 seconds
[2026-05-08T17:49:32.709+0100] {processor.py:161} INFO - Started process (PID=10458) to work on /home/najma/airflow-venv/lib/python3.12/site-packages/airflow/example_dags/example_dynamic_task_mapping.py
[2026-05-08T17:49:32.710+0100] {processor.py:830} INFO - Processing file /home/najma/airflow-venv/lib/python3.12/site-packages/airflow/example_dags/example_dynamic_task_mapping.py for tasks to queue
[2026-05-08T17:49:32.712+0100] {logging_mixin.py:188} INFO - [2026-05-08T17:49:32.712+0100] {dagbag.py:540} INFO - Filling up the DagBag from /home/najma/airflow-venv/lib/python3.12/site-packages/airflow/example_dags/example_dynamic_task_mapping.py
[2026-05-08T17:49:32.721+0100] {processor.py:840} INFO - DAG(s) 'example_dynamic_task_mapping' retrieved from /home/najma/airflow-venv/lib/python3.12/site-packages/airflow/example_dags/example_dynamic_task_mapping.py
[2026-05-08T17:49:32.752+0100] {logging_mixin.py:188} INFO - [2026-05-08T17:49:32.751+0100] {dag.py:3096} INFO - Sync 1 DAGs
[2026-05-08T17:49:32.783+0100] {logging_mixin.py:188} INFO - [2026-05-08T17:49:32.783+0100] {dag.py:3954} INFO - Setting next_dagrun for example_dynamic_task_mapping to 2022-03-04 00:00:00+00:00, run_after=2022-03-05 00:00:00+00:00
[2026-05-08T17:49:32.865+0100] {processor.py:183} INFO - Processing /home/najma/airflow-venv/lib/python3.12/site-packages/airflow/example_dags/example_dynamic_task_mapping.py took 0.160 seconds
[2026-05-08T17:50:49.659+0100] {processor.py:161} INFO - Started process (PID=10523) to work on /home/najma/airflow-venv/lib/python3.12/site-packages/airflow/example_dags/example_dynamic_task_mapping.py
[2026-05-08T17:50:49.660+0100] {processor.py:830} INFO - Processing file /home/najma/airflow-venv/lib/python3.12/site-packages/airflow/example_dags/example_dynamic_task_mapping.py for tasks to queue
[2026-05-08T17:50:49.662+0100] {logging_mixin.py:188} INFO - [2026-05-08T17:50:49.662+0100] {dagbag.py:540} INFO - Filling up the DagBag from /home/najma/airflow-venv/lib/python3.12/site-packages/airflow/example_dags/example_dynamic_task_mapping.py
[2026-05-08T17:50:49.668+0100] {processor.py:840} INFO - DAG(s) 'example_dynamic_task_mapping' retrieved from /home/najma/airflow-venv/lib/python3.12/site-packages/airflow/example_dags/example_dynamic_task_mapping.py
[2026-05-08T17:50:49.697+0100] {logging_mixin.py:188} INFO - [2026-05-08T17:50:49.696+0100] {dag.py:3096} INFO - Sync 1 DAGs
[2026-05-08T17:50:49.724+0100] {logging_mixin.py:188} INFO - [2026-05-08T17:50:49.724+0100] {dag.py:3954} INFO - Setting next_dagrun for example_dynamic_task_mapping to 2022-03-04 00:00:00+00:00, run_after=2022-03-05 00:00:00+00:00
[2026-05-08T17:50:49.806+0100] {processor.py:183} INFO - Processing /home/najma/airflow-venv/lib/python3.12/site-packages/airflow/example_dags/example_dynamic_task_mapping.py took 0.151 seconds
[2026-05-08T17:52:00.197+0100] {processor.py:161} INFO - Started process (PID=10582) to work on /home/najma/airflow-venv/lib/python3.12/site-packages/airflow/example_dags/example_dynamic_task_mapping.py
[2026-05-08T17:52:00.198+0100] {processor.py:830} INFO - Processing file /home/najma/airflow-venv/lib/python3.12/site-packages/airflow/example_dags/example_dynamic_task_mapping.py for tasks to queue
[2026-05-08T17:52:00.200+0100] {logging_mixin.py:188} INFO - [2026-05-08T17:52:00.200+0100] {dagbag.py:540} INFO - Filling up the DagBag from /home/najma/airflow-venv/lib/python3.12/site-packages/airflow/example_dags/example_dynamic_task_mapping.py
[2026-05-08T17:52:00.208+0100] {processor.py:840} INFO - DAG(s) 'example_dynamic_task_mapping' retrieved from /home/najma/airflow-venv/lib/python3.12/site-packages/airflow/example_dags/example_dynamic_task_mapping.py
[2026-05-08T17:52:00.237+0100] {logging_mixin.py:188} INFO - [2026-05-08T17:52:00.237+0100] {dag.py:3096} INFO - Sync 1 DAGs
[2026-05-08T17:52:00.262+0100] {logging_mixin.py:188} INFO - [2026-05-08T17:52:00.261+0100] {dag.py:3954} INFO - Setting next_dagrun for example_dynamic_task_mapping to 2022-03-04 00:00:00+00:00, run_after=2022-03-05 00:00:00+00:00
[2026-05-08T17:52:00.342+0100] {processor.py:183} INFO - Processing /home/najma/airflow-venv/lib/python3.12/site-packages/airflow/example_dags/example_dynamic_task_mapping.py took 0.150 seconds
[2026-05-08T17:53:20.084+0100] {processor.py:161} INFO - Started process (PID=10669) to work on /home/najma/airflow-venv/lib/python3.12/site-packages/airflow/example_dags/example_dynamic_task_mapping.py
[2026-05-08T17:53:20.086+0100] {processor.py:830} INFO - Processing file /home/najma/airflow-venv/lib/python3.12/site-packages/airflow/example_dags/example_dynamic_task_mapping.py for tasks to queue
[2026-05-08T17:53:20.088+0100] {logging_mixin.py:188} INFO - [2026-05-08T17:53:20.087+0100] {dagbag.py:540} INFO - Filling up the DagBag from /home/najma/airflow-venv/lib/python3.12/site-packages/airflow/example_dags/example_dynamic_task_mapping.py
[2026-05-08T17:53:20.094+0100] {processor.py:840} INFO - DAG(s) 'example_dynamic_task_mapping' retrieved from /home/najma/airflow-venv/lib/python3.12/site-packages/airflow/example_dags/example_dynamic_task_mapping.py
[2026-05-08T17:53:20.119+0100] {logging_mixin.py:188} INFO - [2026-05-08T17:53:20.118+0100] {dag.py:3096} INFO - Sync 1 DAGs
[2026-05-08T17:53:20.142+0100] {logging_mixin.py:188} INFO - [2026-05-08T17:53:20.142+0100] {dag.py:3954} INFO - Setting next_dagrun for example_dynamic_task_mapping to 2022-03-04 00:00:00+00:00, run_after=2022-03-05 00:00:00+00:00
[2026-05-08T17:53:20.216+0100] {processor.py:183} INFO - Processing /home/najma/airflow-venv/lib/python3.12/site-packages/airflow/example_dags/example_dynamic_task_mapping.py took 0.136 seconds
[2026-05-08T17:54:28.511+0100] {processor.py:161} INFO - Started process (PID=10729) to work on /home/najma/airflow-venv/lib/python3.12/site-packages/airflow/example_dags/example_dynamic_task_mapping.py
[2026-05-08T17:54:28.513+0100] {processor.py:830} INFO - Processing file /home/najma/airflow-venv/lib/python3.12/site-packages/airflow/example_dags/example_dynamic_task_mapping.py for tasks to queue
[2026-05-08T17:54:28.514+0100] {logging_mixin.py:188} INFO - [2026-05-08T17:54:28.514+0100] {dagbag.py:540} INFO - Filling up the DagBag from /home/najma/airflow-venv/lib/python3.12/site-packages/airflow/example_dags/example_dynamic_task_mapping.py
[2026-05-08T17:54:28.519+0100] {processor.py:840} INFO - DAG(s) 'example_dynamic_task_mapping' retrieved from /home/najma/airflow-venv/lib/python3.12/site-packages/airflow/example_dags/example_dynamic_task_mapping.py
[2026-05-08T17:54:28.548+0100] {logging_mixin.py:188} INFO - [2026-05-08T17:54:28.548+0100] {dag.py:3096} INFO - Sync 1 DAGs
[2026-05-08T17:54:28.575+0100] {logging_mixin.py:188} INFO - [2026-05-08T17:54:28.575+0100] {dag.py:3954} INFO - Setting next_dagrun for example_dynamic_task_mapping to 2022-03-04 00:00:00+00:00, run_after=2022-03-05 00:00:00+00:00
[2026-05-08T17:54:28.649+0100] {processor.py:183} INFO - Processing /home/najma/airflow-venv/lib/python3.12/site-packages/airflow/example_dags/example_dynamic_task_mapping.py took 0.141 seconds
[2026-05-08T17:55:32.408+0100] {processor.py:161} INFO - Started process (PID=10798) to work on /home/najma/airflow-venv/lib/python3.12/site-packages/airflow/example_dags/example_dynamic_task_mapping.py
[2026-05-08T17:55:32.409+0100] {processor.py:830} INFO - Processing file /home/najma/airflow-venv/lib/python3.12/site-packages/airflow/example_dags/example_dynamic_task_mapping.py for tasks to queue
[2026-05-08T17:55:32.411+0100] {logging_mixin.py:188} INFO - [2026-05-08T17:55:32.410+0100] {dagbag.py:540} INFO - Filling up the DagBag from /home/najma/airflow-venv/lib/python3.12/site-packages/airflow/example_dags/example_dynamic_task_mapping.py
[2026-05-08T17:55:32.416+0100] {processor.py:840} INFO - DAG(s) 'example_dynamic_task_mapping' retrieved from /home/najma/airflow-venv/lib/python3.12/site-packages/airflow/example_dags/example_dynamic_task_mapping.py
[2026-05-08T17:55:32.442+0100] {logging_mixin.py:188} INFO - [2026-05-08T17:55:32.441+0100] {dag.py:3096} INFO - Sync 1 DAGs
[2026-05-08T17:55:32.465+0100] {logging_mixin.py:188} INFO - [2026-05-08T17:55:32.464+0100] {dag.py:3954} INFO - Setting next_dagrun for example_dynamic_task_mapping to 2022-03-04 00:00:00+00:00, run_after=2022-03-05 00:00:00+00:00
[2026-05-08T17:55:32.553+0100] {processor.py:183} INFO - Processing /home/najma/airflow-venv/lib/python3.12/site-packages/airflow/example_dags/example_dynamic_task_mapping.py took 0.149 seconds
[2026-05-08T17:56:44.368+0100] {processor.py:161} INFO - Started process (PID=10859) to work on /home/najma/airflow-venv/lib/python3.12/site-packages/airflow/example_dags/example_dynamic_task_mapping.py
[2026-05-08T17:56:44.370+0100] {processor.py:830} INFO - Processing file /home/najma/airflow-venv/lib/python3.12/site-packages/airflow/example_dags/example_dynamic_task_mapping.py for tasks to queue
[2026-05-08T17:56:44.371+0100] {logging_mixin.py:188} INFO - [2026-05-08T17:56:44.371+0100] {dagbag.py:540} INFO - Filling up the DagBag from /home/najma/airflow-venv/lib/python3.12/site-packages/airflow/example_dags/example_dynamic_task_mapping.py
[2026-05-08T17:56:44.377+0100] {processor.py:840} INFO - DAG(s) 'example_dynamic_task_mapping' retrieved from /home/najma/airflow-venv/lib/python3.12/site-packages/airflow/example_dags/example_dynamic_task_mapping.py
[2026-05-08T17:56:44.406+0100] {logging_mixin.py:188} INFO - [2026-05-08T17:56:44.405+0100] {dag.py:3096} INFO - Sync 1 DAGs
[2026-05-08T17:56:44.432+0100] {logging_mixin.py:188} INFO - [2026-05-08T17:56:44.432+0100] {dag.py:3954} INFO - Setting next_dagrun for example_dynamic_task_mapping to 2022-03-04 00:00:00+00:00, run_after=2022-03-05 00:00:00+00:00
[2026-05-08T17:56:44.518+0100] {processor.py:183} INFO - Processing /home/najma/airflow-venv/lib/python3.12/site-packages/airflow/example_dags/example_dynamic_task_mapping.py took 0.153 seconds
[2026-05-08T17:57:59.697+0100] {processor.py:161} INFO - Started process (PID=10922) to work on /home/najma/airflow-venv/lib/python3.12/site-packages/airflow/example_dags/example_dynamic_task_mapping.py
[2026-05-08T17:57:59.698+0100] {processor.py:830} INFO - Processing file /home/najma/airflow-venv/lib/python3.12/site-packages/airflow/example_dags/example_dynamic_task_mapping.py for tasks to queue
[2026-05-08T17:57:59.700+0100] {logging_mixin.py:188} INFO - [2026-05-08T17:57:59.699+0100] {dagbag.py:540} INFO - Filling up the DagBag from /home/najma/airflow-venv/lib/python3.12/site-packages/airflow/example_dags/example_dynamic_task_mapping.py
[2026-05-08T17:57:59.705+0100] {processor.py:840} INFO - DAG(s) 'example_dynamic_task_mapping' retrieved from /home/najma/airflow-venv/lib/python3.12/site-packages/airflow/example_dags/example_dynamic_task_mapping.py
[2026-05-08T17:57:59.730+0100] {logging_mixin.py:188} INFO - [2026-05-08T17:57:59.729+0100] {dag.py:3096} INFO - Sync 1 DAGs
[2026-05-08T17:57:59.755+0100] {logging_mixin.py:188} INFO - [2026-05-08T17:57:59.754+0100] {dag.py:3954} INFO - Setting next_dagrun for example_dynamic_task_mapping to 2022-03-04 00:00:00+00:00, run_after=2022-03-05 00:00:00+00:00
[2026-05-08T17:57:59.831+0100] {processor.py:183} INFO - Processing /home/najma/airflow-venv/lib/python3.12/site-packages/airflow/example_dags/example_dynamic_task_mapping.py took 0.138 seconds
[2026-05-08T17:59:05.129+0100] {processor.py:161} INFO - Started process (PID=10982) to work on /home/najma/airflow-venv/lib/python3.12/site-packages/airflow/example_dags/example_dynamic_task_mapping.py
[2026-05-08T17:59:05.130+0100] {processor.py:830} INFO - Processing file /home/najma/airflow-venv/lib/python3.12/site-packages/airflow/example_dags/example_dynamic_task_mapping.py for tasks to queue
[2026-05-08T17:59:05.133+0100] {logging_mixin.py:188} INFO - [2026-05-08T17:59:05.133+0100] {dagbag.py:540} INFO - Filling up the DagBag from /home/najma/airflow-venv/lib/python3.12/site-packages/airflow/example_dags/example_dynamic_task_mapping.py
[2026-05-08T17:59:05.139+0100] {processor.py:840} INFO - DAG(s) 'example_dynamic_task_mapping' retrieved from /home/najma/airflow-venv/lib/python3.12/site-packages/airflow/example_dags/example_dynamic_task_mapping.py
[2026-05-08T17:59:05.167+0100] {logging_mixin.py:188} INFO - [2026-05-08T17:59:05.167+0100] {dag.py:3096} INFO - Sync 1 DAGs
[2026-05-08T17:59:05.190+0100] {logging_mixin.py:188} INFO - [2026-05-08T17:59:05.190+0100] {dag.py:3954} INFO - Setting next_dagrun for example_dynamic_task_mapping to 2022-03-04 00:00:00+00:00, run_after=2022-03-05 00:00:00+00:00
[2026-05-08T17:59:05.266+0100] {processor.py:183} INFO - Processing /home/najma/airflow-venv/lib/python3.12/site-packages/airflow/example_dags/example_dynamic_task_mapping.py took 0.141 seconds
[2026-05-08T18:00:14.770+0100] {processor.py:161} INFO - Started process (PID=11043) to work on /home/najma/airflow-venv/lib/python3.12/site-packages/airflow/example_dags/example_dynamic_task_mapping.py
[2026-05-08T18:00:14.772+0100] {processor.py:830} INFO - Processing file /home/najma/airflow-venv/lib/python3.12/site-packages/airflow/example_dags/example_dynamic_task_mapping.py for tasks to queue
[2026-05-08T18:00:14.774+0100] {logging_mixin.py:188} INFO - [2026-05-08T18:00:14.773+0100] {dagbag.py:540} INFO - Filling up the DagBag from /home/najma/airflow-venv/lib/python3.12/site-packages/airflow/example_dags/example_dynamic_task_mapping.py
[2026-05-08T18:00:14.779+0100] {processor.py:840} INFO - DAG(s) 'example_dynamic_task_mapping' retrieved from /home/najma/airflow-venv/lib/python3.12/site-packages/airflow/example_dags/example_dynamic_task_mapping.py
[2026-05-08T18:00:14.806+0100] {logging_mixin.py:188} INFO - [2026-05-08T18:00:14.806+0100] {dag.py:3096} INFO - Sync 1 DAGs
[2026-05-08T18:00:14.833+0100] {logging_mixin.py:188} INFO - [2026-05-08T18:00:14.833+0100] {dag.py:3954} INFO - Setting next_dagrun for example_dynamic_task_mapping to 2022-03-04 00:00:00+00:00, run_after=2022-03-05 00:00:00+00:00
[2026-05-08T18:00:14.934+0100] {processor.py:183} INFO - Processing /home/najma/airflow-venv/lib/python3.12/site-packages/airflow/example_dags/example_dynamic_task_mapping.py took 0.168 seconds
[2026-05-08T18:01:22.671+0100] {processor.py:161} INFO - Started process (PID=11101) to work on /home/najma/airflow-venv/lib/python3.12/site-packages/airflow/example_dags/example_dynamic_task_mapping.py
[2026-05-08T18:01:22.672+0100] {processor.py:830} INFO - Processing file /home/najma/airflow-venv/lib/python3.12/site-packages/airflow/example_dags/example_dynamic_task_mapping.py for tasks to queue
[2026-05-08T18:01:22.674+0100] {logging_mixin.py:188} INFO - [2026-05-08T18:01:22.674+0100] {dagbag.py:540} INFO - Filling up the DagBag from /home/najma/airflow-venv/lib/python3.12/site-packages/airflow/example_dags/example_dynamic_task_mapping.py
[2026-05-08T18:01:22.679+0100] {processor.py:840} INFO - DAG(s) 'example_dynamic_task_mapping' retrieved from /home/najma/airflow-venv/lib/python3.12/site-packages/airflow/example_dags/example_dynamic_task_mapping.py
[2026-05-08T18:01:22.706+0100] {logging_mixin.py:188} INFO - [2026-05-08T18:01:22.706+0100] {dag.py:3096} INFO - Sync 1 DAGs
[2026-05-08T18:01:22.729+0100] {logging_mixin.py:188} INFO - [2026-05-08T18:01:22.729+0100] {dag.py:3954} INFO - Setting next_dagrun for example_dynamic_task_mapping to 2022-03-04 00:00:00+00:00, run_after=2022-03-05 00:00:00+00:00
[2026-05-08T18:01:22.824+0100] {processor.py:183} INFO - Processing /home/najma/airflow-venv/lib/python3.12/site-packages/airflow/example_dags/example_dynamic_task_mapping.py took 0.156 seconds
[2026-05-08T18:02:25.214+0100] {processor.py:161} INFO - Started process (PID=11159) to work on /home/najma/airflow-venv/lib/python3.12/site-packages/airflow/example_dags/example_dynamic_task_mapping.py
[2026-05-08T18:02:25.215+0100] {processor.py:830} INFO - Processing file /home/najma/airflow-venv/lib/python3.12/site-packages/airflow/example_dags/example_dynamic_task_mapping.py for tasks to queue
[2026-05-08T18:02:25.216+0100] {logging_mixin.py:188} INFO - [2026-05-08T18:02:25.216+0100] {dagbag.py:540} INFO - Filling up the DagBag from /home/najma/airflow-venv/lib/python3.12/site-packages/airflow/example_dags/example_dynamic_task_mapping.py
[2026-05-08T18:02:25.222+0100] {processor.py:840} INFO - DAG(s) 'example_dynamic_task_mapping' retrieved from /home/najma/airflow-venv/lib/python3.12/site-packages/airflow/example_dags/example_dynamic_task_mapping.py
[2026-05-08T18:02:25.247+0100] {logging_mixin.py:188} INFO - [2026-05-08T18:02:25.247+0100] {dag.py:3096} INFO - Sync 1 DAGs
[2026-05-08T18:02:25.271+0100] {logging_mixin.py:188} INFO - [2026-05-08T18:02:25.271+0100] {dag.py:3954} INFO - Setting next_dagrun for example_dynamic_task_mapping to 2022-03-04 00:00:00+00:00, run_after=2022-03-05 00:00:00+00:00
[2026-05-08T18:02:25.366+0100] {processor.py:183} INFO - Processing /home/najma/airflow-venv/lib/python3.12/site-packages/airflow/example_dags/example_dynamic_task_mapping.py took 0.156 seconds
[2026-05-08T18:03:31.679+0100] {processor.py:161} INFO - Started process (PID=11216) to work on /home/najma/airflow-venv/lib/python3.12/site-packages/airflow/example_dags/example_dynamic_task_mapping.py
[2026-05-08T18:03:31.680+0100] {processor.py:830} INFO - Processing file /home/najma/airflow-venv/lib/python3.12/site-packages/airflow/example_dags/example_dynamic_task_mapping.py for tasks to queue
[2026-05-08T18:03:31.681+0100] {logging_mixin.py:188} INFO - [2026-05-08T18:03:31.681+0100] {dagbag.py:540} INFO - Filling up the DagBag from /home/najma/airflow-venv/lib/python3.12/site-packages/airflow/example_dags/example_dynamic_task_mapping.py
[2026-05-08T18:03:31.686+0100] {processor.py:840} INFO - DAG(s) 'example_dynamic_task_mapping' retrieved from /home/najma/airflow-venv/lib/python3.12/site-packages/airflow/example_dags/example_dynamic_task_mapping.py
[2026-05-08T18:03:31.713+0100] {logging_mixin.py:188} INFO - [2026-05-08T18:03:31.713+0100] {dag.py:3096} INFO - Sync 1 DAGs
[2026-05-08T18:03:31.736+0100] {logging_mixin.py:188} INFO - [2026-05-08T18:03:31.736+0100] {dag.py:3954} INFO - Setting next_dagrun for example_dynamic_task_mapping to 2022-03-04 00:00:00+00:00, run_after=2022-03-05 00:00:00+00:00
[2026-05-08T18:03:31.811+0100] {processor.py:183} INFO - Processing /home/najma/airflow-venv/lib/python3.12/site-packages/airflow/example_dags/example_dynamic_task_mapping.py took 0.137 seconds
[2026-05-08T18:04:40.621+0100] {processor.py:161} INFO - Started process (PID=11277) to work on /home/najma/airflow-venv/lib/python3.12/site-packages/airflow/example_dags/example_dynamic_task_mapping.py
[2026-05-08T18:04:40.622+0100] {processor.py:830} INFO - Processing file /home/najma/airflow-venv/lib/python3.12/site-packages/airflow/example_dags/example_dynamic_task_mapping.py for tasks to queue
[2026-05-08T18:04:40.624+0100] {logging_mixin.py:188} INFO - [2026-05-08T18:04:40.623+0100] {dagbag.py:540} INFO - Filling up the DagBag from /home/najma/airflow-venv/lib/python3.12/site-packages/airflow/example_dags/example_dynamic_task_mapping.py
[2026-05-08T18:04:40.629+0100] {processor.py:840} INFO - DAG(s) 'example_dynamic_task_mapping' retrieved from /home/najma/airflow-venv/lib/python3.12/site-packages/airflow/example_dags/example_dynamic_task_mapping.py
[2026-05-08T18:04:40.652+0100] {logging_mixin.py:188} INFO - [2026-05-08T18:04:40.651+0100] {dag.py:3096} INFO - Sync 1 DAGs
[2026-05-08T18:04:40.680+0100] {logging_mixin.py:188} INFO - [2026-05-08T18:04:40.680+0100] {dag.py:3954} INFO - Setting next_dagrun for example_dynamic_task_mapping to 2022-03-04 00:00:00+00:00, run_after=2022-03-05 00:00:00+00:00
[2026-05-08T18:04:40.758+0100] {processor.py:183} INFO - Processing /home/najma/airflow-venv/lib/python3.12/site-packages/airflow/example_dags/example_dynamic_task_mapping.py took 0.140 seconds
[2026-05-08T18:05:51.011+0100] {processor.py:161} INFO - Started process (PID=11338) to work on /home/najma/airflow-venv/lib/python3.12/site-packages/airflow/example_dags/example_dynamic_task_mapping.py
[2026-05-08T18:05:51.012+0100] {processor.py:830} INFO - Processing file /home/najma/airflow-venv/lib/python3.12/site-packages/airflow/example_dags/example_dynamic_task_mapping.py for tasks to queue
[2026-05-08T18:05:51.014+0100] {logging_mixin.py:188} INFO - [2026-05-08T18:05:51.013+0100] {dagbag.py:540} INFO - Filling up the DagBag from /home/najma/airflow-venv/lib/python3.12/site-packages/airflow/example_dags/example_dynamic_task_mapping.py
[2026-05-08T18:05:51.019+0100] {processor.py:840} INFO - DAG(s) 'example_dynamic_task_mapping' retrieved from /home/najma/airflow-venv/lib/python3.12/site-packages/airflow/example_dags/example_dynamic_task_mapping.py
[2026-05-08T18:05:51.045+0100] {logging_mixin.py:188} INFO - [2026-05-08T18:05:51.044+0100] {dag.py:3096} INFO - Sync 1 DAGs
[2026-05-08T18:05:51.068+0100] {logging_mixin.py:188} INFO - [2026-05-08T18:05:51.068+0100] {dag.py:3954} INFO - Setting next_dagrun for example_dynamic_task_mapping to 2022-03-04 00:00:00+00:00, run_after=2022-03-05 00:00:00+00:00
[2026-05-08T18:05:51.155+0100] {processor.py:183} INFO - Processing /home/najma/airflow-venv/lib/python3.12/site-packages/airflow/example_dags/example_dynamic_task_mapping.py took 0.148 seconds
[2026-05-08T18:06:54.333+0100] {processor.py:161} INFO - Started process (PID=11396) to work on /home/najma/airflow-venv/lib/python3.12/site-packages/airflow/example_dags/example_dynamic_task_mapping.py
[2026-05-08T18:06:54.334+0100] {processor.py:830} INFO - Processing file /home/najma/airflow-venv/lib/python3.12/site-packages/airflow/example_dags/example_dynamic_task_mapping.py for tasks to queue
[2026-05-08T18:06:54.336+0100] {logging_mixin.py:188} INFO - [2026-05-08T18:06:54.335+0100] {dagbag.py:540} INFO - Filling up the DagBag from /home/najma/airflow-venv/lib/python3.12/site-packages/airflow/example_dags/example_dynamic_task_mapping.py
[2026-05-08T18:06:54.341+0100] {processor.py:840} INFO - DAG(s) 'example_dynamic_task_mapping' retrieved from /home/najma/airflow-venv/lib/python3.12/site-packages/airflow/example_dags/example_dynamic_task_mapping.py
[2026-05-08T18:06:54.367+0100] {logging_mixin.py:188} INFO - [2026-05-08T18:06:54.367+0100] {dag.py:3096} INFO - Sync 1 DAGs
[2026-05-08T18:06:54.394+0100] {logging_mixin.py:188} INFO - [2026-05-08T18:06:54.394+0100] {dag.py:3954} INFO - Setting next_dagrun for example_dynamic_task_mapping to 2022-03-04 00:00:00+00:00, run_after=2022-03-05 00:00:00+00:00
[2026-05-08T18:06:54.471+0100] {processor.py:183} INFO - Processing /home/najma/airflow-venv/lib/python3.12/site-packages/airflow/example_dags/example_dynamic_task_mapping.py took 0.142 seconds
[2026-05-08T18:07:54.558+0100] {processor.py:161} INFO - Started process (PID=11451) to work on /home/najma/airflow-venv/lib/python3.12/site-packages/airflow/example_dags/example_dynamic_task_mapping.py
[2026-05-08T18:07:54.560+0100] {processor.py:830} INFO - Processing file /home/najma/airflow-venv/lib/python3.12/site-packages/airflow/example_dags/example_dynamic_task_mapping.py for tasks to queue
[2026-05-08T18:07:54.562+0100] {logging_mixin.py:188} INFO - [2026-05-08T18:07:54.561+0100] {dagbag.py:540} INFO - Filling up the DagBag from /home/najma/airflow-venv/lib/python3.12/site-packages/airflow/example_dags/example_dynamic_task_mapping.py
[2026-05-08T18:07:54.567+0100] {processor.py:840} INFO - DAG(s) 'example_dynamic_task_mapping' retrieved from /home/najma/airflow-venv/lib/python3.12/site-packages/airflow/example_dags/example_dynamic_task_mapping.py
[2026-05-08T18:07:54.593+0100] {logging_mixin.py:188} INFO - [2026-05-08T18:07:54.593+0100] {dag.py:3096} INFO - Sync 1 DAGs
[2026-05-08T18:07:54.616+0100] {logging_mixin.py:188} INFO - [2026-05-08T18:07:54.616+0100] {dag.py:3954} INFO - Setting next_dagrun for example_dynamic_task_mapping to 2022-03-04 00:00:00+00:00, run_after=2022-03-05 00:00:00+00:00
[2026-05-08T18:07:54.713+0100] {processor.py:183} INFO - Processing /home/najma/airflow-venv/lib/python3.12/site-packages/airflow/example_dags/example_dynamic_task_mapping.py took 0.159 seconds
[2026-05-08T18:09:01.340+0100] {processor.py:161} INFO - Started process (PID=11511) to work on /home/najma/airflow-venv/lib/python3.12/site-packages/airflow/example_dags/example_dynamic_task_mapping.py
[2026-05-08T18:09:01.342+0100] {processor.py:830} INFO - Processing file /home/najma/airflow-venv/lib/python3.12/site-packages/airflow/example_dags/example_dynamic_task_mapping.py for tasks to queue
[2026-05-08T18:09:01.344+0100] {logging_mixin.py:188} INFO - [2026-05-08T18:09:01.343+0100] {dagbag.py:540} INFO - Filling up the DagBag from /home/najma/airflow-venv/lib/python3.12/site-packages/airflow/example_dags/example_dynamic_task_mapping.py
[2026-05-08T18:09:01.349+0100] {processor.py:840} INFO - DAG(s) 'example_dynamic_task_mapping' retrieved from /home/najma/airflow-venv/lib/python3.12/site-packages/airflow/example_dags/example_dynamic_task_mapping.py
[2026-05-08T18:09:01.378+0100] {logging_mixin.py:188} INFO - [2026-05-08T18:09:01.378+0100] {dag.py:3096} INFO - Sync 1 DAGs
[2026-05-08T18:09:01.407+0100] {logging_mixin.py:188} INFO - [2026-05-08T18:09:01.406+0100] {dag.py:3954} INFO - Setting next_dagrun for example_dynamic_task_mapping to 2022-03-04 00:00:00+00:00, run_after=2022-03-05 00:00:00+00:00
[2026-05-08T18:09:01.484+0100] {processor.py:183} INFO - Processing /home/najma/airflow-venv/lib/python3.12/site-packages/airflow/example_dags/example_dynamic_task_mapping.py took 0.147 seconds
[2026-05-08T18:10:03.450+0100] {processor.py:161} INFO - Started process (PID=11567) to work on /home/najma/airflow-venv/lib/python3.12/site-packages/airflow/example_dags/example_dynamic_task_mapping.py
[2026-05-08T18:10:03.451+0100] {processor.py:830} INFO - Processing file /home/najma/airflow-venv/lib/python3.12/site-packages/airflow/example_dags/example_dynamic_task_mapping.py for tasks to queue
[2026-05-08T18:10:03.453+0100] {logging_mixin.py:188} INFO - [2026-05-08T18:10:03.453+0100] {dagbag.py:540} INFO - Filling up the DagBag from /home/najma/airflow-venv/lib/python3.12/site-packages/airflow/example_dags/example_dynamic_task_mapping.py
[2026-05-08T18:10:03.458+0100] {processor.py:840} INFO - DAG(s) 'example_dynamic_task_mapping' retrieved from /home/najma/airflow-venv/lib/python3.12/site-packages/airflow/example_dags/example_dynamic_task_mapping.py
[2026-05-08T18:10:03.482+0100] {logging_mixin.py:188} INFO - [2026-05-08T18:10:03.482+0100] {dag.py:3096} INFO - Sync 1 DAGs
[2026-05-08T18:10:03.505+0100] {logging_mixin.py:188} INFO - [2026-05-08T18:10:03.505+0100] {dag.py:3954} INFO - Setting next_dagrun for example_dynamic_task_mapping to 2022-03-04 00:00:00+00:00, run_after=2022-03-05 00:00:00+00:00
[2026-05-08T18:10:03.592+0100] {processor.py:183} INFO - Processing /home/najma/airflow-venv/lib/python3.12/site-packages/airflow/example_dags/example_dynamic_task_mapping.py took 0.146 seconds
[2026-05-08T18:11:05.453+0100] {processor.py:161} INFO - Started process (PID=11621) to work on /home/najma/airflow-venv/lib/python3.12/site-packages/airflow/example_dags/example_dynamic_task_mapping.py
[2026-05-08T18:11:05.454+0100] {processor.py:830} INFO - Processing file /home/najma/airflow-venv/lib/python3.12/site-packages/airflow/example_dags/example_dynamic_task_mapping.py for tasks to queue
[2026-05-08T18:11:05.455+0100] {logging_mixin.py:188} INFO - [2026-05-08T18:11:05.455+0100] {dagbag.py:540} INFO - Filling up the DagBag from /home/najma/airflow-venv/lib/python3.12/site-packages/airflow/example_dags/example_dynamic_task_mapping.py
[2026-05-08T18:11:05.460+0100] {processor.py:840} INFO - DAG(s) 'example_dynamic_task_mapping' retrieved from /home/najma/airflow-venv/lib/python3.12/site-packages/airflow/example_dags/example_dynamic_task_mapping.py
[2026-05-08T18:11:05.485+0100] {logging_mixin.py:188} INFO - [2026-05-08T18:11:05.484+0100] {dag.py:3096} INFO - Sync 1 DAGs
[2026-05-08T18:11:05.508+0100] {logging_mixin.py:188} INFO - [2026-05-08T18:11:05.508+0100] {dag.py:3954} INFO - Setting next_dagrun for example_dynamic_task_mapping to 2022-03-04 00:00:00+00:00, run_after=2022-03-05 00:00:00+00:00
[2026-05-08T18:11:05.579+0100] {processor.py:183} INFO - Processing /home/najma/airflow-venv/lib/python3.12/site-packages/airflow/example_dags/example_dynamic_task_mapping.py took 0.130 seconds
[2026-05-08T18:12:18.969+0100] {processor.py:161} INFO - Started process (PID=11679) to work on /home/najma/airflow-venv/lib/python3.12/site-packages/airflow/example_dags/example_dynamic_task_mapping.py
[2026-05-08T18:12:18.971+0100] {processor.py:830} INFO - Processing file /home/najma/airflow-venv/lib/python3.12/site-packages/airflow/example_dags/example_dynamic_task_mapping.py for tasks to queue
[2026-05-08T18:12:18.972+0100] {logging_mixin.py:188} INFO - [2026-05-08T18:12:18.972+0100] {dagbag.py:540} INFO - Filling up the DagBag from /home/najma/airflow-venv/lib/python3.12/site-packages/airflow/example_dags/example_dynamic_task_mapping.py
[2026-05-08T18:12:18.978+0100] {processor.py:840} INFO - DAG(s) 'example_dynamic_task_mapping' retrieved from /home/najma/airflow-venv/lib/python3.12/site-packages/airflow/example_dags/example_dynamic_task_mapping.py
[2026-05-08T18:12:19.003+0100] {logging_mixin.py:188} INFO - [2026-05-08T18:12:19.003+0100] {dag.py:3096} INFO - Sync 1 DAGs
[2026-05-08T18:12:19.028+0100] {logging_mixin.py:188} INFO - [2026-05-08T18:12:19.028+0100] {dag.py:3954} INFO - Setting next_dagrun for example_dynamic_task_mapping to 2022-03-04 00:00:00+00:00, run_after=2022-03-05 00:00:00+00:00
[2026-05-08T18:12:19.123+0100] {processor.py:183} INFO - Processing /home/najma/airflow-venv/lib/python3.12/site-packages/airflow/example_dags/example_dynamic_task_mapping.py took 0.157 seconds
[2026-05-08T18:13:51.302+0100] {processor.py:161} INFO - Started process (PID=11747) to work on /home/najma/airflow-venv/lib/python3.12/site-packages/airflow/example_dags/example_dynamic_task_mapping.py
[2026-05-08T18:13:51.304+0100] {processor.py:830} INFO - Processing file /home/najma/airflow-venv/lib/python3.12/site-packages/airflow/example_dags/example_dynamic_task_mapping.py for tasks to queue
[2026-05-08T18:13:51.307+0100] {logging_mixin.py:188} INFO - [2026-05-08T18:13:51.306+0100] {dagbag.py:540} INFO - Filling up the DagBag from /home/najma/airflow-venv/lib/python3.12/site-packages/airflow/example_dags/example_dynamic_task_mapping.py
[2026-05-08T18:13:51.313+0100] {processor.py:840} INFO - DAG(s) 'example_dynamic_task_mapping' retrieved from /home/najma/airflow-venv/lib/python3.12/site-packages/airflow/example_dags/example_dynamic_task_mapping.py
[2026-05-08T18:13:51.339+0100] {logging_mixin.py:188} INFO - [2026-05-08T18:13:51.339+0100] {dag.py:3096} INFO - Sync 1 DAGs
[2026-05-08T18:13:51.365+0100] {logging_mixin.py:188} INFO - [2026-05-08T18:13:51.364+0100] {dag.py:3954} INFO - Setting next_dagrun for example_dynamic_task_mapping to 2022-03-04 00:00:00+00:00, run_after=2022-03-05 00:00:00+00:00
[2026-05-08T18:13:51.447+0100] {processor.py:183} INFO - Processing /home/najma/airflow-venv/lib/python3.12/site-packages/airflow/example_dags/example_dynamic_task_mapping.py took 0.149 seconds
[2026-05-08T18:15:04.294+0100] {processor.py:161} INFO - Started process (PID=11816) to work on /home/najma/airflow-venv/lib/python3.12/site-packages/airflow/example_dags/example_dynamic_task_mapping.py
[2026-05-08T18:15:04.299+0100] {processor.py:830} INFO - Processing file /home/najma/airflow-venv/lib/python3.12/site-packages/airflow/example_dags/example_dynamic_task_mapping.py for tasks to queue
[2026-05-08T18:15:04.301+0100] {logging_mixin.py:188} INFO - [2026-05-08T18:15:04.300+0100] {dagbag.py:540} INFO - Filling up the DagBag from /home/najma/airflow-venv/lib/python3.12/site-packages/airflow/example_dags/example_dynamic_task_mapping.py
[2026-05-08T18:15:04.309+0100] {processor.py:840} INFO - DAG(s) 'example_dynamic_task_mapping' retrieved from /home/najma/airflow-venv/lib/python3.12/site-packages/airflow/example_dags/example_dynamic_task_mapping.py
[2026-05-08T18:15:04.354+0100] {logging_mixin.py:188} INFO - [2026-05-08T18:15:04.351+0100] {dag.py:3096} INFO - Sync 1 DAGs
[2026-05-08T18:15:04.392+0100] {logging_mixin.py:188} INFO - [2026-05-08T18:15:04.391+0100] {dag.py:3954} INFO - Setting next_dagrun for example_dynamic_task_mapping to 2022-03-04 00:00:00+00:00, run_after=2022-03-05 00:00:00+00:00
[2026-05-08T18:15:04.501+0100] {processor.py:183} INFO - Processing /home/najma/airflow-venv/lib/python3.12/site-packages/airflow/example_dags/example_dynamic_task_mapping.py took 0.214 seconds
[2026-05-08T18:16:17.793+0100] {processor.py:161} INFO - Started process (PID=11875) to work on /home/najma/airflow-venv/lib/python3.12/site-packages/airflow/example_dags/example_dynamic_task_mapping.py
[2026-05-08T18:16:17.794+0100] {processor.py:830} INFO - Processing file /home/najma/airflow-venv/lib/python3.12/site-packages/airflow/example_dags/example_dynamic_task_mapping.py for tasks to queue
[2026-05-08T18:16:17.796+0100] {logging_mixin.py:188} INFO - [2026-05-08T18:16:17.796+0100] {dagbag.py:540} INFO - Filling up the DagBag from /home/najma/airflow-venv/lib/python3.12/site-packages/airflow/example_dags/example_dynamic_task_mapping.py
[2026-05-08T18:16:17.801+0100] {processor.py:840} INFO - DAG(s) 'example_dynamic_task_mapping' retrieved from /home/najma/airflow-venv/lib/python3.12/site-packages/airflow/example_dags/example_dynamic_task_mapping.py
[2026-05-08T18:16:17.831+0100] {logging_mixin.py:188} INFO - [2026-05-08T18:16:17.831+0100] {dag.py:3096} INFO - Sync 1 DAGs
[2026-05-08T18:16:17.858+0100] {logging_mixin.py:188} INFO - [2026-05-08T18:16:17.858+0100] {dag.py:3954} INFO - Setting next_dagrun for example_dynamic_task_mapping to 2022-03-04 00:00:00+00:00, run_after=2022-03-05 00:00:00+00:00
[2026-05-08T18:16:17.956+0100] {processor.py:183} INFO - Processing /home/najma/airflow-venv/lib/python3.12/site-packages/airflow/example_dags/example_dynamic_task_mapping.py took 0.168 seconds
[2026-05-08T18:17:27.615+0100] {processor.py:161} INFO - Started process (PID=11935) to work on /home/najma/airflow-venv/lib/python3.12/site-packages/airflow/example_dags/example_dynamic_task_mapping.py
[2026-05-08T18:17:27.616+0100] {processor.py:830} INFO - Processing file /home/najma/airflow-venv/lib/python3.12/site-packages/airflow/example_dags/example_dynamic_task_mapping.py for tasks to queue
[2026-05-08T18:17:27.618+0100] {logging_mixin.py:188} INFO - [2026-05-08T18:17:27.617+0100] {dagbag.py:540} INFO - Filling up the DagBag from /home/najma/airflow-venv/lib/python3.12/site-packages/airflow/example_dags/example_dynamic_task_mapping.py
[2026-05-08T18:17:27.624+0100] {processor.py:840} INFO - DAG(s) 'example_dynamic_task_mapping' retrieved from /home/najma/airflow-venv/lib/python3.12/site-packages/airflow/example_dags/example_dynamic_task_mapping.py
[2026-05-08T18:17:27.652+0100] {logging_mixin.py:188} INFO - [2026-05-08T18:17:27.651+0100] {dag.py:3096} INFO - Sync 1 DAGs
[2026-05-08T18:17:27.678+0100] {logging_mixin.py:188} INFO - [2026-05-08T18:17:27.678+0100] {dag.py:3954} INFO - Setting next_dagrun for example_dynamic_task_mapping to 2022-03-04 00:00:00+00:00, run_after=2022-03-05 00:00:00+00:00
[2026-05-08T18:17:27.774+0100] {processor.py:183} INFO - Processing /home/najma/airflow-venv/lib/python3.12/site-packages/airflow/example_dags/example_dynamic_task_mapping.py took 0.164 seconds
[2026-05-08T18:18:42.819+0100] {processor.py:161} INFO - Started process (PID=11994) to work on /home/najma/airflow-venv/lib/python3.12/site-packages/airflow/example_dags/example_dynamic_task_mapping.py
[2026-05-08T18:18:42.821+0100] {processor.py:830} INFO - Processing file /home/najma/airflow-venv/lib/python3.12/site-packages/airflow/example_dags/example_dynamic_task_mapping.py for tasks to queue
[2026-05-08T18:18:42.825+0100] {logging_mixin.py:188} INFO - [2026-05-08T18:18:42.825+0100] {dagbag.py:540} INFO - Filling up the DagBag from /home/najma/airflow-venv/lib/python3.12/site-packages/airflow/example_dags/example_dynamic_task_mapping.py
[2026-05-08T18:18:42.832+0100] {processor.py:840} INFO - DAG(s) 'example_dynamic_task_mapping' retrieved from /home/najma/airflow-venv/lib/python3.12/site-packages/airflow/example_dags/example_dynamic_task_mapping.py
[2026-05-08T18:18:42.859+0100] {logging_mixin.py:188} INFO - [2026-05-08T18:18:42.859+0100] {dag.py:3096} INFO - Sync 1 DAGs
[2026-05-08T18:18:42.885+0100] {logging_mixin.py:188} INFO - [2026-05-08T18:18:42.885+0100] {dag.py:3954} INFO - Setting next_dagrun for example_dynamic_task_mapping to 2022-03-04 00:00:00+00:00, run_after=2022-03-05 00:00:00+00:00
[2026-05-08T18:18:42.987+0100] {processor.py:183} INFO - Processing /home/najma/airflow-venv/lib/python3.12/site-packages/airflow/example_dags/example_dynamic_task_mapping.py took 0.172 seconds
[2026-05-08T18:19:49.129+0100] {processor.py:161} INFO - Started process (PID=12050) to work on /home/najma/airflow-venv/lib/python3.12/site-packages/airflow/example_dags/example_dynamic_task_mapping.py
[2026-05-08T18:19:49.130+0100] {processor.py:830} INFO - Processing file /home/najma/airflow-venv/lib/python3.12/site-packages/airflow/example_dags/example_dynamic_task_mapping.py for tasks to queue
[2026-05-08T18:19:49.132+0100] {logging_mixin.py:188} INFO - [2026-05-08T18:19:49.132+0100] {dagbag.py:540} INFO - Filling up the DagBag from /home/najma/airflow-venv/lib/python3.12/site-packages/airflow/example_dags/example_dynamic_task_mapping.py
[2026-05-08T18:19:49.137+0100] {processor.py:840} INFO - DAG(s) 'example_dynamic_task_mapping' retrieved from /home/najma/airflow-venv/lib/python3.12/site-packages/airflow/example_dags/example_dynamic_task_mapping.py
[2026-05-08T18:19:49.163+0100] {logging_mixin.py:188} INFO - [2026-05-08T18:19:49.163+0100] {dag.py:3096} INFO - Sync 1 DAGs
[2026-05-08T18:19:49.187+0100] {logging_mixin.py:188} INFO - [2026-05-08T18:19:49.187+0100] {dag.py:3954} INFO - Setting next_dagrun for example_dynamic_task_mapping to 2022-03-04 00:00:00+00:00, run_after=2022-03-05 00:00:00+00:00
[2026-05-08T18:19:49.282+0100] {processor.py:183} INFO - Processing /home/najma/airflow-venv/lib/python3.12/site-packages/airflow/example_dags/example_dynamic_task_mapping.py took 0.156 seconds
[2026-05-08T18:20:57.985+0100] {processor.py:161} INFO - Started process (PID=12106) to work on /home/najma/airflow-venv/lib/python3.12/site-packages/airflow/example_dags/example_dynamic_task_mapping.py
[2026-05-08T18:20:57.987+0100] {processor.py:830} INFO - Processing file /home/najma/airflow-venv/lib/python3.12/site-packages/airflow/example_dags/example_dynamic_task_mapping.py for tasks to queue
[2026-05-08T18:20:57.989+0100] {logging_mixin.py:188} INFO - [2026-05-08T18:20:57.988+0100] {dagbag.py:540} INFO - Filling up the DagBag from /home/najma/airflow-venv/lib/python3.12/site-packages/airflow/example_dags/example_dynamic_task_mapping.py
[2026-05-08T18:20:57.994+0100] {processor.py:840} INFO - DAG(s) 'example_dynamic_task_mapping' retrieved from /home/najma/airflow-venv/lib/python3.12/site-packages/airflow/example_dags/example_dynamic_task_mapping.py
[2026-05-08T18:20:58.020+0100] {logging_mixin.py:188} INFO - [2026-05-08T18:20:58.020+0100] {dag.py:3096} INFO - Sync 1 DAGs
[2026-05-08T18:20:58.046+0100] {logging_mixin.py:188} INFO - [2026-05-08T18:20:58.046+0100] {dag.py:3954} INFO - Setting next_dagrun for example_dynamic_task_mapping to 2022-03-04 00:00:00+00:00, run_after=2022-03-05 00:00:00+00:00
[2026-05-08T18:20:58.141+0100] {processor.py:183} INFO - Processing /home/najma/airflow-venv/lib/python3.12/site-packages/airflow/example_dags/example_dynamic_task_mapping.py took 0.160 seconds
[2026-05-08T18:22:12.511+0100] {processor.py:161} INFO - Started process (PID=12166) to work on /home/najma/airflow-venv/lib/python3.12/site-packages/airflow/example_dags/example_dynamic_task_mapping.py
[2026-05-08T18:22:12.512+0100] {processor.py:830} INFO - Processing file /home/najma/airflow-venv/lib/python3.12/site-packages/airflow/example_dags/example_dynamic_task_mapping.py for tasks to queue
[2026-05-08T18:22:12.514+0100] {logging_mixin.py:188} INFO - [2026-05-08T18:22:12.514+0100] {dagbag.py:540} INFO - Filling up the DagBag from /home/najma/airflow-venv/lib/python3.12/site-packages/airflow/example_dags/example_dynamic_task_mapping.py
[2026-05-08T18:22:12.525+0100] {processor.py:840} INFO - DAG(s) 'example_dynamic_task_mapping' retrieved from /home/najma/airflow-venv/lib/python3.12/site-packages/airflow/example_dags/example_dynamic_task_mapping.py
[2026-05-08T18:22:12.550+0100] {logging_mixin.py:188} INFO - [2026-05-08T18:22:12.549+0100] {dag.py:3096} INFO - Sync 1 DAGs
[2026-05-08T18:22:12.575+0100] {logging_mixin.py:188} INFO - [2026-05-08T18:22:12.575+0100] {dag.py:3954} INFO - Setting next_dagrun for example_dynamic_task_mapping to 2022-03-04 00:00:00+00:00, run_after=2022-03-05 00:00:00+00:00
[2026-05-08T18:22:12.661+0100] {processor.py:183} INFO - Processing /home/najma/airflow-venv/lib/python3.12/site-packages/airflow/example_dags/example_dynamic_task_mapping.py took 0.154 seconds
[2026-05-08T18:23:23.040+0100] {processor.py:161} INFO - Started process (PID=12223) to work on /home/najma/airflow-venv/lib/python3.12/site-packages/airflow/example_dags/example_dynamic_task_mapping.py
[2026-05-08T18:23:23.041+0100] {processor.py:830} INFO - Processing file /home/najma/airflow-venv/lib/python3.12/site-packages/airflow/example_dags/example_dynamic_task_mapping.py for tasks to queue
[2026-05-08T18:23:23.043+0100] {logging_mixin.py:188} INFO - [2026-05-08T18:23:23.042+0100] {dagbag.py:540} INFO - Filling up the DagBag from /home/najma/airflow-venv/lib/python3.12/site-packages/airflow/example_dags/example_dynamic_task_mapping.py
[2026-05-08T18:23:23.050+0100] {processor.py:840} INFO - DAG(s) 'example_dynamic_task_mapping' retrieved from /home/najma/airflow-venv/lib/python3.12/site-packages/airflow/example_dags/example_dynamic_task_mapping.py
[2026-05-08T18:23:23.075+0100] {logging_mixin.py:188} INFO - [2026-05-08T18:23:23.075+0100] {dag.py:3096} INFO - Sync 1 DAGs
[2026-05-08T18:23:23.098+0100] {logging_mixin.py:188} INFO - [2026-05-08T18:23:23.098+0100] {dag.py:3954} INFO - Setting next_dagrun for example_dynamic_task_mapping to 2022-03-04 00:00:00+00:00, run_after=2022-03-05 00:00:00+00:00
[2026-05-08T18:23:23.186+0100] {processor.py:183} INFO - Processing /home/najma/airflow-venv/lib/python3.12/site-packages/airflow/example_dags/example_dynamic_task_mapping.py took 0.150 seconds
[2026-05-08T18:24:19.431+0100] {processor.py:161} INFO - Started process (PID=12273) to work on /home/najma/airflow-venv/lib/python3.12/site-packages/airflow/example_dags/example_dynamic_task_mapping.py
[2026-05-08T18:24:19.437+0100] {processor.py:830} INFO - Processing file /home/najma/airflow-venv/lib/python3.12/site-packages/airflow/example_dags/example_dynamic_task_mapping.py for tasks to queue
[2026-05-08T18:24:19.444+0100] {logging_mixin.py:188} INFO - [2026-05-08T18:24:19.443+0100] {dagbag.py:540} INFO - Filling up the DagBag from /home/najma/airflow-venv/lib/python3.12/site-packages/airflow/example_dags/example_dynamic_task_mapping.py
[2026-05-08T18:24:19.581+0100] {processor.py:840} INFO - DAG(s) 'example_dynamic_task_mapping' retrieved from /home/najma/airflow-venv/lib/python3.12/site-packages/airflow/example_dags/example_dynamic_task_mapping.py
[2026-05-08T18:24:19.745+0100] {logging_mixin.py:188} INFO - [2026-05-08T18:24:19.740+0100] {dag.py:3096} INFO - Sync 1 DAGs
[2026-05-08T18:24:20.400+0100] {logging_mixin.py:188} INFO - [2026-05-08T18:24:20.400+0100] {dag.py:3954} INFO - Setting next_dagrun for example_dynamic_task_mapping to 2022-03-04 00:00:00+00:00, run_after=2022-03-05 00:00:00+00:00
[2026-05-08T18:24:21.285+0100] {processor.py:183} INFO - Processing /home/najma/airflow-venv/lib/python3.12/site-packages/airflow/example_dags/example_dynamic_task_mapping.py took 1.866 seconds
[2026-05-08T18:25:42.898+0100] {processor.py:161} INFO - Started process (PID=12349) to work on /home/najma/airflow-venv/lib/python3.12/site-packages/airflow/example_dags/example_dynamic_task_mapping.py
[2026-05-08T18:25:42.900+0100] {processor.py:830} INFO - Processing file /home/najma/airflow-venv/lib/python3.12/site-packages/airflow/example_dags/example_dynamic_task_mapping.py for tasks to queue
[2026-05-08T18:25:42.903+0100] {logging_mixin.py:188} INFO - [2026-05-08T18:25:42.902+0100] {dagbag.py:540} INFO - Filling up the DagBag from /home/najma/airflow-venv/lib/python3.12/site-packages/airflow/example_dags/example_dynamic_task_mapping.py
[2026-05-08T18:25:42.911+0100] {processor.py:840} INFO - DAG(s) 'example_dynamic_task_mapping' retrieved from /home/najma/airflow-venv/lib/python3.12/site-packages/airflow/example_dags/example_dynamic_task_mapping.py
[2026-05-08T18:25:42.937+0100] {logging_mixin.py:188} INFO - [2026-05-08T18:25:42.937+0100] {dag.py:3096} INFO - Sync 1 DAGs
[2026-05-08T18:25:42.964+0100] {logging_mixin.py:188} INFO - [2026-05-08T18:25:42.964+0100] {dag.py:3954} INFO - Setting next_dagrun for example_dynamic_task_mapping to 2022-03-04 00:00:00+00:00, run_after=2022-03-05 00:00:00+00:00
[2026-05-08T18:25:43.053+0100] {processor.py:183} INFO - Processing /home/najma/airflow-venv/lib/python3.12/site-packages/airflow/example_dags/example_dynamic_task_mapping.py took 0.159 seconds
[2026-05-08T18:26:58.541+0100] {processor.py:161} INFO - Started process (PID=12413) to work on /home/najma/airflow-venv/lib/python3.12/site-packages/airflow/example_dags/example_dynamic_task_mapping.py
[2026-05-08T18:26:58.543+0100] {processor.py:830} INFO - Processing file /home/najma/airflow-venv/lib/python3.12/site-packages/airflow/example_dags/example_dynamic_task_mapping.py for tasks to queue
[2026-05-08T18:26:58.545+0100] {logging_mixin.py:188} INFO - [2026-05-08T18:26:58.545+0100] {dagbag.py:540} INFO - Filling up the DagBag from /home/najma/airflow-venv/lib/python3.12/site-packages/airflow/example_dags/example_dynamic_task_mapping.py
[2026-05-08T18:26:58.551+0100] {processor.py:840} INFO - DAG(s) 'example_dynamic_task_mapping' retrieved from /home/najma/airflow-venv/lib/python3.12/site-packages/airflow/example_dags/example_dynamic_task_mapping.py
[2026-05-08T18:26:58.579+0100] {logging_mixin.py:188} INFO - [2026-05-08T18:26:58.578+0100] {dag.py:3096} INFO - Sync 1 DAGs
[2026-05-08T18:26:58.608+0100] {logging_mixin.py:188} INFO - [2026-05-08T18:26:58.608+0100] {dag.py:3954} INFO - Setting next_dagrun for example_dynamic_task_mapping to 2022-03-04 00:00:00+00:00, run_after=2022-03-05 00:00:00+00:00
[2026-05-08T18:26:58.711+0100] {processor.py:183} INFO - Processing /home/najma/airflow-venv/lib/python3.12/site-packages/airflow/example_dags/example_dynamic_task_mapping.py took 0.174 seconds
[2026-05-08T18:28:21.187+0100] {processor.py:161} INFO - Started process (PID=12477) to work on /home/najma/airflow-venv/lib/python3.12/site-packages/airflow/example_dags/example_dynamic_task_mapping.py
[2026-05-08T18:28:21.188+0100] {processor.py:830} INFO - Processing file /home/najma/airflow-venv/lib/python3.12/site-packages/airflow/example_dags/example_dynamic_task_mapping.py for tasks to queue
[2026-05-08T18:28:21.190+0100] {logging_mixin.py:188} INFO - [2026-05-08T18:28:21.190+0100] {dagbag.py:540} INFO - Filling up the DagBag from /home/najma/airflow-venv/lib/python3.12/site-packages/airflow/example_dags/example_dynamic_task_mapping.py
[2026-05-08T18:28:21.195+0100] {processor.py:840} INFO - DAG(s) 'example_dynamic_task_mapping' retrieved from /home/najma/airflow-venv/lib/python3.12/site-packages/airflow/example_dags/example_dynamic_task_mapping.py
[2026-05-08T18:28:21.227+0100] {logging_mixin.py:188} INFO - [2026-05-08T18:28:21.227+0100] {dag.py:3096} INFO - Sync 1 DAGs
[2026-05-08T18:28:21.258+0100] {logging_mixin.py:188} INFO - [2026-05-08T18:28:21.258+0100] {dag.py:3954} INFO - Setting next_dagrun for example_dynamic_task_mapping to 2022-03-04 00:00:00+00:00, run_after=2022-03-05 00:00:00+00:00
[2026-05-08T18:28:21.345+0100] {processor.py:183} INFO - Processing /home/najma/airflow-venv/lib/python3.12/site-packages/airflow/example_dags/example_dynamic_task_mapping.py took 0.162 seconds
[2026-05-08T18:29:35.839+0100] {processor.py:161} INFO - Started process (PID=12536) to work on /home/najma/airflow-venv/lib/python3.12/site-packages/airflow/example_dags/example_dynamic_task_mapping.py
[2026-05-08T18:29:35.841+0100] {processor.py:830} INFO - Processing file /home/najma/airflow-venv/lib/python3.12/site-packages/airflow/example_dags/example_dynamic_task_mapping.py for tasks to queue
[2026-05-08T18:29:35.842+0100] {logging_mixin.py:188} INFO - [2026-05-08T18:29:35.842+0100] {dagbag.py:540} INFO - Filling up the DagBag from /home/najma/airflow-venv/lib/python3.12/site-packages/airflow/example_dags/example_dynamic_task_mapping.py
[2026-05-08T18:29:35.848+0100] {processor.py:840} INFO - DAG(s) 'example_dynamic_task_mapping' retrieved from /home/najma/airflow-venv/lib/python3.12/site-packages/airflow/example_dags/example_dynamic_task_mapping.py
[2026-05-08T18:29:35.876+0100] {logging_mixin.py:188} INFO - [2026-05-08T18:29:35.876+0100] {dag.py:3096} INFO - Sync 1 DAGs
[2026-05-08T18:29:35.905+0100] {logging_mixin.py:188} INFO - [2026-05-08T18:29:35.905+0100] {dag.py:3954} INFO - Setting next_dagrun for example_dynamic_task_mapping to 2022-03-04 00:00:00+00:00, run_after=2022-03-05 00:00:00+00:00
[2026-05-08T18:29:36.006+0100] {processor.py:183} INFO - Processing /home/najma/airflow-venv/lib/python3.12/site-packages/airflow/example_dags/example_dynamic_task_mapping.py took 0.170 seconds
[2026-05-08T18:30:54.097+0100] {processor.py:161} INFO - Started process (PID=12597) to work on /home/najma/airflow-venv/lib/python3.12/site-packages/airflow/example_dags/example_dynamic_task_mapping.py
[2026-05-08T18:30:54.098+0100] {processor.py:830} INFO - Processing file /home/najma/airflow-venv/lib/python3.12/site-packages/airflow/example_dags/example_dynamic_task_mapping.py for tasks to queue
[2026-05-08T18:30:54.101+0100] {logging_mixin.py:188} INFO - [2026-05-08T18:30:54.100+0100] {dagbag.py:540} INFO - Filling up the DagBag from /home/najma/airflow-venv/lib/python3.12/site-packages/airflow/example_dags/example_dynamic_task_mapping.py
[2026-05-08T18:30:54.108+0100] {processor.py:840} INFO - DAG(s) 'example_dynamic_task_mapping' retrieved from /home/najma/airflow-venv/lib/python3.12/site-packages/airflow/example_dags/example_dynamic_task_mapping.py
[2026-05-08T18:30:54.136+0100] {logging_mixin.py:188} INFO - [2026-05-08T18:30:54.135+0100] {dag.py:3096} INFO - Sync 1 DAGs
[2026-05-08T18:30:54.165+0100] {logging_mixin.py:188} INFO - [2026-05-08T18:30:54.164+0100] {dag.py:3954} INFO - Setting next_dagrun for example_dynamic_task_mapping to 2022-03-04 00:00:00+00:00, run_after=2022-03-05 00:00:00+00:00
[2026-05-08T18:30:54.257+0100] {processor.py:183} INFO - Processing /home/najma/airflow-venv/lib/python3.12/site-packages/airflow/example_dags/example_dynamic_task_mapping.py took 0.164 seconds
[2026-05-08T18:32:12.633+0100] {processor.py:161} INFO - Started process (PID=12657) to work on /home/najma/airflow-venv/lib/python3.12/site-packages/airflow/example_dags/example_dynamic_task_mapping.py
[2026-05-08T18:32:12.634+0100] {processor.py:830} INFO - Processing file /home/najma/airflow-venv/lib/python3.12/site-packages/airflow/example_dags/example_dynamic_task_mapping.py for tasks to queue
[2026-05-08T18:32:12.636+0100] {logging_mixin.py:188} INFO - [2026-05-08T18:32:12.636+0100] {dagbag.py:540} INFO - Filling up the DagBag from /home/najma/airflow-venv/lib/python3.12/site-packages/airflow/example_dags/example_dynamic_task_mapping.py
[2026-05-08T18:32:12.642+0100] {processor.py:840} INFO - DAG(s) 'example_dynamic_task_mapping' retrieved from /home/najma/airflow-venv/lib/python3.12/site-packages/airflow/example_dags/example_dynamic_task_mapping.py
[2026-05-08T18:32:12.669+0100] {logging_mixin.py:188} INFO - [2026-05-08T18:32:12.668+0100] {dag.py:3096} INFO - Sync 1 DAGs
[2026-05-08T18:32:12.693+0100] {logging_mixin.py:188} INFO - [2026-05-08T18:32:12.693+0100] {dag.py:3954} INFO - Setting next_dagrun for example_dynamic_task_mapping to 2022-03-04 00:00:00+00:00, run_after=2022-03-05 00:00:00+00:00
[2026-05-08T18:32:12.772+0100] {processor.py:183} INFO - Processing /home/najma/airflow-venv/lib/python3.12/site-packages/airflow/example_dags/example_dynamic_task_mapping.py took 0.143 seconds
[2026-05-08T18:34:29.411+0100] {processor.py:161} INFO - Started process (PID=12769) to work on /home/najma/airflow-venv/lib/python3.12/site-packages/airflow/example_dags/example_dynamic_task_mapping.py
[2026-05-08T18:34:29.412+0100] {processor.py:830} INFO - Processing file /home/najma/airflow-venv/lib/python3.12/site-packages/airflow/example_dags/example_dynamic_task_mapping.py for tasks to queue
[2026-05-08T18:34:29.414+0100] {logging_mixin.py:188} INFO - [2026-05-08T18:34:29.414+0100] {dagbag.py:540} INFO - Filling up the DagBag from /home/najma/airflow-venv/lib/python3.12/site-packages/airflow/example_dags/example_dynamic_task_mapping.py
[2026-05-08T18:34:29.419+0100] {processor.py:840} INFO - DAG(s) 'example_dynamic_task_mapping' retrieved from /home/najma/airflow-venv/lib/python3.12/site-packages/airflow/example_dags/example_dynamic_task_mapping.py
[2026-05-08T18:34:29.448+0100] {logging_mixin.py:188} INFO - [2026-05-08T18:34:29.447+0100] {dag.py:3096} INFO - Sync 1 DAGs
[2026-05-08T18:34:29.471+0100] {logging_mixin.py:188} INFO - [2026-05-08T18:34:29.471+0100] {dag.py:3954} INFO - Setting next_dagrun for example_dynamic_task_mapping to 2022-03-04 00:00:00+00:00, run_after=2022-03-05 00:00:00+00:00
[2026-05-08T18:34:29.563+0100] {processor.py:183} INFO - Processing /home/najma/airflow-venv/lib/python3.12/site-packages/airflow/example_dags/example_dynamic_task_mapping.py took 0.156 seconds
[2026-05-08T18:35:39.743+0100] {processor.py:161} INFO - Started process (PID=12848) to work on /home/najma/airflow-venv/lib/python3.12/site-packages/airflow/example_dags/example_dynamic_task_mapping.py
[2026-05-08T18:35:39.744+0100] {processor.py:830} INFO - Processing file /home/najma/airflow-venv/lib/python3.12/site-packages/airflow/example_dags/example_dynamic_task_mapping.py for tasks to queue
[2026-05-08T18:35:39.745+0100] {logging_mixin.py:188} INFO - [2026-05-08T18:35:39.745+0100] {dagbag.py:540} INFO - Filling up the DagBag from /home/najma/airflow-venv/lib/python3.12/site-packages/airflow/example_dags/example_dynamic_task_mapping.py
[2026-05-08T18:35:39.751+0100] {processor.py:840} INFO - DAG(s) 'example_dynamic_task_mapping' retrieved from /home/najma/airflow-venv/lib/python3.12/site-packages/airflow/example_dags/example_dynamic_task_mapping.py
[2026-05-08T18:35:39.777+0100] {logging_mixin.py:188} INFO - [2026-05-08T18:35:39.777+0100] {dag.py:3096} INFO - Sync 1 DAGs
[2026-05-08T18:35:39.804+0100] {logging_mixin.py:188} INFO - [2026-05-08T18:35:39.804+0100] {dag.py:3954} INFO - Setting next_dagrun for example_dynamic_task_mapping to 2022-03-04 00:00:00+00:00, run_after=2022-03-05 00:00:00+00:00
[2026-05-08T18:35:39.878+0100] {processor.py:183} INFO - Processing /home/najma/airflow-venv/lib/python3.12/site-packages/airflow/example_dags/example_dynamic_task_mapping.py took 0.139 seconds
[2026-05-08T18:36:53.585+0100] {processor.py:161} INFO - Started process (PID=12907) to work on /home/najma/airflow-venv/lib/python3.12/site-packages/airflow/example_dags/example_dynamic_task_mapping.py
[2026-05-08T18:36:53.599+0100] {processor.py:830} INFO - Processing file /home/najma/airflow-venv/lib/python3.12/site-packages/airflow/example_dags/example_dynamic_task_mapping.py for tasks to queue
[2026-05-08T18:36:53.600+0100] {logging_mixin.py:188} INFO - [2026-05-08T18:36:53.600+0100] {dagbag.py:540} INFO - Filling up the DagBag from /home/najma/airflow-venv/lib/python3.12/site-packages/airflow/example_dags/example_dynamic_task_mapping.py
[2026-05-08T18:36:53.606+0100] {processor.py:840} INFO - DAG(s) 'example_dynamic_task_mapping' retrieved from /home/najma/airflow-venv/lib/python3.12/site-packages/airflow/example_dags/example_dynamic_task_mapping.py
[2026-05-08T18:36:53.631+0100] {logging_mixin.py:188} INFO - [2026-05-08T18:36:53.631+0100] {dag.py:3096} INFO - Sync 1 DAGs
[2026-05-08T18:36:53.660+0100] {logging_mixin.py:188} INFO - [2026-05-08T18:36:53.660+0100] {dag.py:3954} INFO - Setting next_dagrun for example_dynamic_task_mapping to 2022-03-04 00:00:00+00:00, run_after=2022-03-05 00:00:00+00:00
[2026-05-08T18:36:53.743+0100] {processor.py:183} INFO - Processing /home/najma/airflow-venv/lib/python3.12/site-packages/airflow/example_dags/example_dynamic_task_mapping.py took 0.163 seconds
[2026-05-08T18:38:17.340+0100] {processor.py:161} INFO - Started process (PID=12971) to work on /home/najma/airflow-venv/lib/python3.12/site-packages/airflow/example_dags/example_dynamic_task_mapping.py
[2026-05-08T18:38:17.349+0100] {processor.py:830} INFO - Processing file /home/najma/airflow-venv/lib/python3.12/site-packages/airflow/example_dags/example_dynamic_task_mapping.py for tasks to queue
[2026-05-08T18:38:17.351+0100] {logging_mixin.py:188} INFO - [2026-05-08T18:38:17.350+0100] {dagbag.py:540} INFO - Filling up the DagBag from /home/najma/airflow-venv/lib/python3.12/site-packages/airflow/example_dags/example_dynamic_task_mapping.py
[2026-05-08T18:38:17.357+0100] {processor.py:840} INFO - DAG(s) 'example_dynamic_task_mapping' retrieved from /home/najma/airflow-venv/lib/python3.12/site-packages/airflow/example_dags/example_dynamic_task_mapping.py
[2026-05-08T18:38:17.428+0100] {logging_mixin.py:188} INFO - [2026-05-08T18:38:17.428+0100] {dag.py:3096} INFO - Sync 1 DAGs
[2026-05-08T18:38:17.477+0100] {logging_mixin.py:188} INFO - [2026-05-08T18:38:17.477+0100] {dag.py:3954} INFO - Setting next_dagrun for example_dynamic_task_mapping to 2022-03-04 00:00:00+00:00, run_after=2022-03-05 00:00:00+00:00
[2026-05-08T18:38:17.630+0100] {processor.py:183} INFO - Processing /home/najma/airflow-venv/lib/python3.12/site-packages/airflow/example_dags/example_dynamic_task_mapping.py took 0.294 seconds
