[2026-05-08T16:42:30.176+0100] {processor.py:161} INFO - Started process (PID=9504) to work on /home/najma/airflow-venv/lib/python3.12/site-packages/airflow/example_dags/example_short_circuit_decorator.py
[2026-05-08T16:42:30.177+0100] {processor.py:830} INFO - Processing file /home/najma/airflow-venv/lib/python3.12/site-packages/airflow/example_dags/example_short_circuit_decorator.py for tasks to queue
[2026-05-08T16:42:30.180+0100] {logging_mixin.py:188} INFO - [2026-05-08T16:42:30.179+0100] {dagbag.py:540} INFO - Filling up the DagBag from /home/najma/airflow-venv/lib/python3.12/site-packages/airflow/example_dags/example_short_circuit_decorator.py
[2026-05-08T16:42:30.188+0100] {processor.py:840} INFO - DAG(s) 'example_short_circuit_decorator' retrieved from /home/najma/airflow-venv/lib/python3.12/site-packages/airflow/example_dags/example_short_circuit_decorator.py
[2026-05-08T16:42:30.389+0100] {logging_mixin.py:188} INFO - [2026-05-08T16:42:30.389+0100] {override.py:1829} INFO - Created Permission View: can read on DAG:example_short_circuit_decorator
[2026-05-08T16:42:30.477+0100] {logging_mixin.py:188} INFO - [2026-05-08T16:42:30.476+0100] {override.py:1829} INFO - Created Permission View: can edit on DAG:example_short_circuit_decorator
[2026-05-08T16:42:30.550+0100] {logging_mixin.py:188} INFO - [2026-05-08T16:42:30.550+0100] {override.py:1829} INFO - Created Permission View: can delete on DAG:example_short_circuit_decorator
[2026-05-08T16:42:30.552+0100] {logging_mixin.py:188} INFO - [2026-05-08T16:42:30.551+0100] {dag.py:3096} INFO - Sync 1 DAGs
[2026-05-08T16:42:30.579+0100] {logging_mixin.py:188} INFO - [2026-05-08T16:42:30.579+0100] {dag.py:3118} INFO - Creating ORM DAG for example_short_circuit_decorator
[2026-05-08T16:42:30.592+0100] {logging_mixin.py:188} INFO - [2026-05-08T16:42:30.592+0100] {dag.py:3954} INFO - Setting next_dagrun for example_short_circuit_decorator to 2026-05-07 00:00:00+00:00, run_after=2026-05-08 00:00:00+00:00
[2026-05-08T16:42:30.702+0100] {processor.py:183} INFO - Processing /home/najma/airflow-venv/lib/python3.12/site-packages/airflow/example_dags/example_short_circuit_decorator.py took 0.530 seconds
[2026-05-08T16:43:51.988+0100] {processor.py:161} INFO - Started process (PID=9583) to work on /home/najma/airflow-venv/lib/python3.12/site-packages/airflow/example_dags/example_short_circuit_decorator.py
[2026-05-08T16:43:51.990+0100] {processor.py:830} INFO - Processing file /home/najma/airflow-venv/lib/python3.12/site-packages/airflow/example_dags/example_short_circuit_decorator.py for tasks to queue
[2026-05-08T16:43:51.992+0100] {logging_mixin.py:188} INFO - [2026-05-08T16:43:51.992+0100] {dagbag.py:540} INFO - Filling up the DagBag from /home/najma/airflow-venv/lib/python3.12/site-packages/airflow/example_dags/example_short_circuit_decorator.py
[2026-05-08T16:43:52.000+0100] {processor.py:840} INFO - DAG(s) 'example_short_circuit_decorator' retrieved from /home/najma/airflow-venv/lib/python3.12/site-packages/airflow/example_dags/example_short_circuit_decorator.py
[2026-05-08T16:43:52.030+0100] {logging_mixin.py:188} INFO - [2026-05-08T16:43:52.030+0100] {dag.py:3096} INFO - Sync 1 DAGs
[2026-05-08T16:43:52.055+0100] {logging_mixin.py:188} INFO - [2026-05-08T16:43:52.055+0100] {dag.py:3954} INFO - Setting next_dagrun for example_short_circuit_decorator to 2026-05-07 00:00:00+00:00, run_after=2026-05-08 00:00:00+00:00
[2026-05-08T16:43:52.166+0100] {processor.py:183} INFO - Processing /home/najma/airflow-venv/lib/python3.12/site-packages/airflow/example_dags/example_short_circuit_decorator.py took 0.182 seconds
[2026-05-08T16:44:32.134+0100] {processor.py:161} INFO - Started process (PID=9622) to work on /home/najma/airflow-venv/lib/python3.12/site-packages/airflow/example_dags/example_short_circuit_decorator.py
[2026-05-08T16:44:32.135+0100] {processor.py:830} INFO - Processing file /home/najma/airflow-venv/lib/python3.12/site-packages/airflow/example_dags/example_short_circuit_decorator.py for tasks to queue
[2026-05-08T16:44:32.137+0100] {logging_mixin.py:188} INFO - [2026-05-08T16:44:32.136+0100] {dagbag.py:540} INFO - Filling up the DagBag from /home/najma/airflow-venv/lib/python3.12/site-packages/airflow/example_dags/example_short_circuit_decorator.py
[2026-05-08T16:44:32.144+0100] {processor.py:840} INFO - DAG(s) 'example_short_circuit_decorator' retrieved from /home/najma/airflow-venv/lib/python3.12/site-packages/airflow/example_dags/example_short_circuit_decorator.py
[2026-05-08T16:44:32.173+0100] {logging_mixin.py:188} INFO - [2026-05-08T16:44:32.173+0100] {dag.py:3096} INFO - Sync 1 DAGs
[2026-05-08T16:44:32.198+0100] {logging_mixin.py:188} INFO - [2026-05-08T16:44:32.198+0100] {dag.py:3954} INFO - Setting next_dagrun for example_short_circuit_decorator to 2026-05-07 00:00:00+00:00, run_after=2026-05-08 00:00:00+00:00
[2026-05-08T16:44:32.279+0100] {processor.py:183} INFO - Processing /home/najma/airflow-venv/lib/python3.12/site-packages/airflow/example_dags/example_short_circuit_decorator.py took 0.149 seconds
[2026-05-08T16:45:12.114+0100] {processor.py:161} INFO - Started process (PID=9660) to work on /home/najma/airflow-venv/lib/python3.12/site-packages/airflow/example_dags/example_short_circuit_decorator.py
[2026-05-08T16:45:12.120+0100] {processor.py:830} INFO - Processing file /home/najma/airflow-venv/lib/python3.12/site-packages/airflow/example_dags/example_short_circuit_decorator.py for tasks to queue
[2026-05-08T16:45:12.122+0100] {logging_mixin.py:188} INFO - [2026-05-08T16:45:12.122+0100] {dagbag.py:540} INFO - Filling up the DagBag from /home/najma/airflow-venv/lib/python3.12/site-packages/airflow/example_dags/example_short_circuit_decorator.py
[2026-05-08T16:45:12.130+0100] {processor.py:840} INFO - DAG(s) 'example_short_circuit_decorator' retrieved from /home/najma/airflow-venv/lib/python3.12/site-packages/airflow/example_dags/example_short_circuit_decorator.py
[2026-05-08T16:45:12.172+0100] {logging_mixin.py:188} INFO - [2026-05-08T16:45:12.172+0100] {dag.py:3096} INFO - Sync 1 DAGs
[2026-05-08T16:45:12.201+0100] {logging_mixin.py:188} INFO - [2026-05-08T16:45:12.201+0100] {dag.py:3954} INFO - Setting next_dagrun for example_short_circuit_decorator to 2026-05-07 00:00:00+00:00, run_after=2026-05-08 00:00:00+00:00
[2026-05-08T16:45:12.335+0100] {processor.py:183} INFO - Processing /home/najma/airflow-venv/lib/python3.12/site-packages/airflow/example_dags/example_short_circuit_decorator.py took 0.225 seconds
[2026-05-08T16:45:57.849+0100] {processor.py:161} INFO - Started process (PID=9699) to work on /home/najma/airflow-venv/lib/python3.12/site-packages/airflow/example_dags/example_short_circuit_decorator.py
[2026-05-08T16:45:57.851+0100] {processor.py:830} INFO - Processing file /home/najma/airflow-venv/lib/python3.12/site-packages/airflow/example_dags/example_short_circuit_decorator.py for tasks to queue
[2026-05-08T16:45:57.853+0100] {logging_mixin.py:188} INFO - [2026-05-08T16:45:57.853+0100] {dagbag.py:540} INFO - Filling up the DagBag from /home/najma/airflow-venv/lib/python3.12/site-packages/airflow/example_dags/example_short_circuit_decorator.py
[2026-05-08T16:45:57.860+0100] {processor.py:840} INFO - DAG(s) 'example_short_circuit_decorator' retrieved from /home/najma/airflow-venv/lib/python3.12/site-packages/airflow/example_dags/example_short_circuit_decorator.py
[2026-05-08T16:45:57.890+0100] {logging_mixin.py:188} INFO - [2026-05-08T16:45:57.889+0100] {dag.py:3096} INFO - Sync 1 DAGs
[2026-05-08T16:45:57.915+0100] {logging_mixin.py:188} INFO - [2026-05-08T16:45:57.915+0100] {dag.py:3954} INFO - Setting next_dagrun for example_short_circuit_decorator to 2026-05-07 00:00:00+00:00, run_after=2026-05-08 00:00:00+00:00
[2026-05-08T16:45:58.023+0100] {processor.py:183} INFO - Processing /home/najma/airflow-venv/lib/python3.12/site-packages/airflow/example_dags/example_short_circuit_decorator.py took 0.177 seconds
[2026-05-08T16:46:34.884+0100] {processor.py:161} INFO - Started process (PID=9733) to work on /home/najma/airflow-venv/lib/python3.12/site-packages/airflow/example_dags/example_short_circuit_decorator.py
[2026-05-08T16:46:34.885+0100] {processor.py:830} INFO - Processing file /home/najma/airflow-venv/lib/python3.12/site-packages/airflow/example_dags/example_short_circuit_decorator.py for tasks to queue
[2026-05-08T16:46:34.887+0100] {logging_mixin.py:188} INFO - [2026-05-08T16:46:34.886+0100] {dagbag.py:540} INFO - Filling up the DagBag from /home/najma/airflow-venv/lib/python3.12/site-packages/airflow/example_dags/example_short_circuit_decorator.py
[2026-05-08T16:46:34.893+0100] {processor.py:840} INFO - DAG(s) 'example_short_circuit_decorator' retrieved from /home/najma/airflow-venv/lib/python3.12/site-packages/airflow/example_dags/example_short_circuit_decorator.py
[2026-05-08T16:46:34.924+0100] {logging_mixin.py:188} INFO - [2026-05-08T16:46:34.924+0100] {dag.py:3096} INFO - Sync 1 DAGs
[2026-05-08T16:46:34.957+0100] {logging_mixin.py:188} INFO - [2026-05-08T16:46:34.956+0100] {dag.py:3954} INFO - Setting next_dagrun for example_short_circuit_decorator to 2026-05-07 00:00:00+00:00, run_after=2026-05-08 00:00:00+00:00
[2026-05-08T16:46:35.044+0100] {processor.py:183} INFO - Processing /home/najma/airflow-venv/lib/python3.12/site-packages/airflow/example_dags/example_short_circuit_decorator.py took 0.165 seconds
[2026-05-08T16:47:13.865+0100] {processor.py:161} INFO - Started process (PID=9769) to work on /home/najma/airflow-venv/lib/python3.12/site-packages/airflow/example_dags/example_short_circuit_decorator.py
[2026-05-08T16:47:13.866+0100] {processor.py:830} INFO - Processing file /home/najma/airflow-venv/lib/python3.12/site-packages/airflow/example_dags/example_short_circuit_decorator.py for tasks to queue
[2026-05-08T16:47:13.868+0100] {logging_mixin.py:188} INFO - [2026-05-08T16:47:13.868+0100] {dagbag.py:540} INFO - Filling up the DagBag from /home/najma/airflow-venv/lib/python3.12/site-packages/airflow/example_dags/example_short_circuit_decorator.py
[2026-05-08T16:47:13.875+0100] {processor.py:840} INFO - DAG(s) 'example_short_circuit_decorator' retrieved from /home/najma/airflow-venv/lib/python3.12/site-packages/airflow/example_dags/example_short_circuit_decorator.py
[2026-05-08T16:47:13.905+0100] {logging_mixin.py:188} INFO - [2026-05-08T16:47:13.905+0100] {dag.py:3096} INFO - Sync 1 DAGs
[2026-05-08T16:47:13.931+0100] {logging_mixin.py:188} INFO - [2026-05-08T16:47:13.931+0100] {dag.py:3954} INFO - Setting next_dagrun for example_short_circuit_decorator to 2026-05-07 00:00:00+00:00, run_after=2026-05-08 00:00:00+00:00
[2026-05-08T16:47:14.030+0100] {processor.py:183} INFO - Processing /home/najma/airflow-venv/lib/python3.12/site-packages/airflow/example_dags/example_short_circuit_decorator.py took 0.169 seconds
[2026-05-08T16:47:54.355+0100] {processor.py:161} INFO - Started process (PID=9806) to work on /home/najma/airflow-venv/lib/python3.12/site-packages/airflow/example_dags/example_short_circuit_decorator.py
[2026-05-08T16:47:54.357+0100] {processor.py:830} INFO - Processing file /home/najma/airflow-venv/lib/python3.12/site-packages/airflow/example_dags/example_short_circuit_decorator.py for tasks to queue
[2026-05-08T16:47:54.359+0100] {logging_mixin.py:188} INFO - [2026-05-08T16:47:54.358+0100] {dagbag.py:540} INFO - Filling up the DagBag from /home/najma/airflow-venv/lib/python3.12/site-packages/airflow/example_dags/example_short_circuit_decorator.py
[2026-05-08T16:47:54.366+0100] {processor.py:840} INFO - DAG(s) 'example_short_circuit_decorator' retrieved from /home/najma/airflow-venv/lib/python3.12/site-packages/airflow/example_dags/example_short_circuit_decorator.py
[2026-05-08T16:47:54.396+0100] {logging_mixin.py:188} INFO - [2026-05-08T16:47:54.396+0100] {dag.py:3096} INFO - Sync 1 DAGs
[2026-05-08T16:47:54.422+0100] {logging_mixin.py:188} INFO - [2026-05-08T16:47:54.422+0100] {dag.py:3954} INFO - Setting next_dagrun for example_short_circuit_decorator to 2026-05-07 00:00:00+00:00, run_after=2026-05-08 00:00:00+00:00
[2026-05-08T16:47:54.516+0100] {processor.py:183} INFO - Processing /home/najma/airflow-venv/lib/python3.12/site-packages/airflow/example_dags/example_short_circuit_decorator.py took 0.164 seconds
[2026-05-08T16:49:06.230+0100] {processor.py:161} INFO - Started process (PID=9872) to work on /home/najma/airflow-venv/lib/python3.12/site-packages/airflow/example_dags/example_short_circuit_decorator.py
[2026-05-08T16:49:06.232+0100] {processor.py:830} INFO - Processing file /home/najma/airflow-venv/lib/python3.12/site-packages/airflow/example_dags/example_short_circuit_decorator.py for tasks to queue
[2026-05-08T16:49:06.234+0100] {logging_mixin.py:188} INFO - [2026-05-08T16:49:06.233+0100] {dagbag.py:540} INFO - Filling up the DagBag from /home/najma/airflow-venv/lib/python3.12/site-packages/airflow/example_dags/example_short_circuit_decorator.py
[2026-05-08T16:49:06.242+0100] {processor.py:840} INFO - DAG(s) 'example_short_circuit_decorator' retrieved from /home/najma/airflow-venv/lib/python3.12/site-packages/airflow/example_dags/example_short_circuit_decorator.py
[2026-05-08T16:49:06.276+0100] {logging_mixin.py:188} INFO - [2026-05-08T16:49:06.276+0100] {dag.py:3096} INFO - Sync 1 DAGs
[2026-05-08T16:49:06.304+0100] {logging_mixin.py:188} INFO - [2026-05-08T16:49:06.304+0100] {dag.py:3954} INFO - Setting next_dagrun for example_short_circuit_decorator to 2026-05-07 00:00:00+00:00, run_after=2026-05-08 00:00:00+00:00
[2026-05-08T16:49:06.400+0100] {processor.py:183} INFO - Processing /home/najma/airflow-venv/lib/python3.12/site-packages/airflow/example_dags/example_short_circuit_decorator.py took 0.175 seconds
[2026-05-08T17:45:05.411+0100] {processor.py:161} INFO - Started process (PID=10219) to work on /home/najma/airflow-venv/lib/python3.12/site-packages/airflow/example_dags/example_short_circuit_decorator.py
[2026-05-08T17:45:05.412+0100] {processor.py:830} INFO - Processing file /home/najma/airflow-venv/lib/python3.12/site-packages/airflow/example_dags/example_short_circuit_decorator.py for tasks to queue
[2026-05-08T17:45:05.414+0100] {logging_mixin.py:188} INFO - [2026-05-08T17:45:05.414+0100] {dagbag.py:540} INFO - Filling up the DagBag from /home/najma/airflow-venv/lib/python3.12/site-packages/airflow/example_dags/example_short_circuit_decorator.py
[2026-05-08T17:45:05.421+0100] {processor.py:840} INFO - DAG(s) 'example_short_circuit_decorator' retrieved from /home/najma/airflow-venv/lib/python3.12/site-packages/airflow/example_dags/example_short_circuit_decorator.py
[2026-05-08T17:45:05.455+0100] {logging_mixin.py:188} INFO - [2026-05-08T17:45:05.455+0100] {dag.py:3096} INFO - Sync 1 DAGs
[2026-05-08T17:45:05.478+0100] {logging_mixin.py:188} INFO - [2026-05-08T17:45:05.478+0100] {dag.py:3954} INFO - Setting next_dagrun for example_short_circuit_decorator to 2026-05-07 00:00:00+00:00, run_after=2026-05-08 00:00:00+00:00
[2026-05-08T17:45:05.560+0100] {processor.py:183} INFO - Processing /home/najma/airflow-venv/lib/python3.12/site-packages/airflow/example_dags/example_short_circuit_decorator.py took 0.153 seconds
[2026-05-08T17:46:20.536+0100] {processor.py:161} INFO - Started process (PID=10294) to work on /home/najma/airflow-venv/lib/python3.12/site-packages/airflow/example_dags/example_short_circuit_decorator.py
[2026-05-08T17:46:20.540+0100] {processor.py:830} INFO - Processing file /home/najma/airflow-venv/lib/python3.12/site-packages/airflow/example_dags/example_short_circuit_decorator.py for tasks to queue
[2026-05-08T17:46:20.542+0100] {logging_mixin.py:188} INFO - [2026-05-08T17:46:20.542+0100] {dagbag.py:540} INFO - Filling up the DagBag from /home/najma/airflow-venv/lib/python3.12/site-packages/airflow/example_dags/example_short_circuit_decorator.py
[2026-05-08T17:46:20.553+0100] {processor.py:840} INFO - DAG(s) 'example_short_circuit_decorator' retrieved from /home/najma/airflow-venv/lib/python3.12/site-packages/airflow/example_dags/example_short_circuit_decorator.py
[2026-05-08T17:46:20.601+0100] {logging_mixin.py:188} INFO - [2026-05-08T17:46:20.601+0100] {dag.py:3096} INFO - Sync 1 DAGs
[2026-05-08T17:46:20.632+0100] {logging_mixin.py:188} INFO - [2026-05-08T17:46:20.631+0100] {dag.py:3954} INFO - Setting next_dagrun for example_short_circuit_decorator to 2026-05-07 00:00:00+00:00, run_after=2026-05-08 00:00:00+00:00
[2026-05-08T17:46:20.732+0100] {processor.py:183} INFO - Processing /home/najma/airflow-venv/lib/python3.12/site-packages/airflow/example_dags/example_short_circuit_decorator.py took 0.201 seconds
[2026-05-08T17:47:41.374+0100] {processor.py:161} INFO - Started process (PID=10360) to work on /home/najma/airflow-venv/lib/python3.12/site-packages/airflow/example_dags/example_short_circuit_decorator.py
[2026-05-08T17:47:41.376+0100] {processor.py:830} INFO - Processing file /home/najma/airflow-venv/lib/python3.12/site-packages/airflow/example_dags/example_short_circuit_decorator.py for tasks to queue
[2026-05-08T17:47:41.378+0100] {logging_mixin.py:188} INFO - [2026-05-08T17:47:41.378+0100] {dagbag.py:540} INFO - Filling up the DagBag from /home/najma/airflow-venv/lib/python3.12/site-packages/airflow/example_dags/example_short_circuit_decorator.py
[2026-05-08T17:47:41.386+0100] {processor.py:840} INFO - DAG(s) 'example_short_circuit_decorator' retrieved from /home/najma/airflow-venv/lib/python3.12/site-packages/airflow/example_dags/example_short_circuit_decorator.py
[2026-05-08T17:47:41.419+0100] {logging_mixin.py:188} INFO - [2026-05-08T17:47:41.419+0100] {dag.py:3096} INFO - Sync 1 DAGs
[2026-05-08T17:47:41.448+0100] {logging_mixin.py:188} INFO - [2026-05-08T17:47:41.448+0100] {dag.py:3954} INFO - Setting next_dagrun for example_short_circuit_decorator to 2026-05-07 00:00:00+00:00, run_after=2026-05-08 00:00:00+00:00
[2026-05-08T17:47:41.560+0100] {processor.py:183} INFO - Processing /home/najma/airflow-venv/lib/python3.12/site-packages/airflow/example_dags/example_short_circuit_decorator.py took 0.190 seconds
[2026-05-08T17:48:50.820+0100] {processor.py:161} INFO - Started process (PID=10423) to work on /home/najma/airflow-venv/lib/python3.12/site-packages/airflow/example_dags/example_short_circuit_decorator.py
[2026-05-08T17:48:50.822+0100] {processor.py:830} INFO - Processing file /home/najma/airflow-venv/lib/python3.12/site-packages/airflow/example_dags/example_short_circuit_decorator.py for tasks to queue
[2026-05-08T17:48:50.827+0100] {logging_mixin.py:188} INFO - [2026-05-08T17:48:50.826+0100] {dagbag.py:540} INFO - Filling up the DagBag from /home/najma/airflow-venv/lib/python3.12/site-packages/airflow/example_dags/example_short_circuit_decorator.py
[2026-05-08T17:48:50.846+0100] {processor.py:840} INFO - DAG(s) 'example_short_circuit_decorator' retrieved from /home/najma/airflow-venv/lib/python3.12/site-packages/airflow/example_dags/example_short_circuit_decorator.py
[2026-05-08T17:48:50.903+0100] {logging_mixin.py:188} INFO - [2026-05-08T17:48:50.902+0100] {dag.py:3096} INFO - Sync 1 DAGs
[2026-05-08T17:48:50.927+0100] {logging_mixin.py:188} INFO - [2026-05-08T17:48:50.927+0100] {dag.py:3954} INFO - Setting next_dagrun for example_short_circuit_decorator to 2026-05-07 00:00:00+00:00, run_after=2026-05-08 00:00:00+00:00
[2026-05-08T17:48:51.008+0100] {processor.py:183} INFO - Processing /home/najma/airflow-venv/lib/python3.12/site-packages/airflow/example_dags/example_short_circuit_decorator.py took 0.193 seconds
[2026-05-08T17:50:02.323+0100] {processor.py:161} INFO - Started process (PID=10482) to work on /home/najma/airflow-venv/lib/python3.12/site-packages/airflow/example_dags/example_short_circuit_decorator.py
[2026-05-08T17:50:02.324+0100] {processor.py:830} INFO - Processing file /home/najma/airflow-venv/lib/python3.12/site-packages/airflow/example_dags/example_short_circuit_decorator.py for tasks to queue
[2026-05-08T17:50:02.325+0100] {logging_mixin.py:188} INFO - [2026-05-08T17:50:02.325+0100] {dagbag.py:540} INFO - Filling up the DagBag from /home/najma/airflow-venv/lib/python3.12/site-packages/airflow/example_dags/example_short_circuit_decorator.py
[2026-05-08T17:50:02.338+0100] {processor.py:840} INFO - DAG(s) 'example_short_circuit_decorator' retrieved from /home/najma/airflow-venv/lib/python3.12/site-packages/airflow/example_dags/example_short_circuit_decorator.py
[2026-05-08T17:50:02.369+0100] {logging_mixin.py:188} INFO - [2026-05-08T17:50:02.369+0100] {dag.py:3096} INFO - Sync 1 DAGs
[2026-05-08T17:50:02.401+0100] {logging_mixin.py:188} INFO - [2026-05-08T17:50:02.401+0100] {dag.py:3954} INFO - Setting next_dagrun for example_short_circuit_decorator to 2026-05-07 00:00:00+00:00, run_after=2026-05-08 00:00:00+00:00
[2026-05-08T17:50:02.499+0100] {processor.py:183} INFO - Processing /home/najma/airflow-venv/lib/python3.12/site-packages/airflow/example_dags/example_short_circuit_decorator.py took 0.181 seconds
[2026-05-08T17:51:14.776+0100] {processor.py:161} INFO - Started process (PID=10544) to work on /home/najma/airflow-venv/lib/python3.12/site-packages/airflow/example_dags/example_short_circuit_decorator.py
[2026-05-08T17:51:14.777+0100] {processor.py:830} INFO - Processing file /home/najma/airflow-venv/lib/python3.12/site-packages/airflow/example_dags/example_short_circuit_decorator.py for tasks to queue
[2026-05-08T17:51:14.779+0100] {logging_mixin.py:188} INFO - [2026-05-08T17:51:14.779+0100] {dagbag.py:540} INFO - Filling up the DagBag from /home/najma/airflow-venv/lib/python3.12/site-packages/airflow/example_dags/example_short_circuit_decorator.py
[2026-05-08T17:51:14.795+0100] {processor.py:840} INFO - DAG(s) 'example_short_circuit_decorator' retrieved from /home/najma/airflow-venv/lib/python3.12/site-packages/airflow/example_dags/example_short_circuit_decorator.py
[2026-05-08T17:51:14.826+0100] {logging_mixin.py:188} INFO - [2026-05-08T17:51:14.826+0100] {dag.py:3096} INFO - Sync 1 DAGs
[2026-05-08T17:51:14.851+0100] {logging_mixin.py:188} INFO - [2026-05-08T17:51:14.850+0100] {dag.py:3954} INFO - Setting next_dagrun for example_short_circuit_decorator to 2026-05-07 00:00:00+00:00, run_after=2026-05-08 00:00:00+00:00
[2026-05-08T17:51:14.931+0100] {processor.py:183} INFO - Processing /home/najma/airflow-venv/lib/python3.12/site-packages/airflow/example_dags/example_short_circuit_decorator.py took 0.160 seconds
[2026-05-08T17:52:38.769+0100] {processor.py:161} INFO - Started process (PID=10632) to work on /home/najma/airflow-venv/lib/python3.12/site-packages/airflow/example_dags/example_short_circuit_decorator.py
[2026-05-08T17:52:38.771+0100] {processor.py:830} INFO - Processing file /home/najma/airflow-venv/lib/python3.12/site-packages/airflow/example_dags/example_short_circuit_decorator.py for tasks to queue
[2026-05-08T17:52:38.774+0100] {logging_mixin.py:188} INFO - [2026-05-08T17:52:38.773+0100] {dagbag.py:540} INFO - Filling up the DagBag from /home/najma/airflow-venv/lib/python3.12/site-packages/airflow/example_dags/example_short_circuit_decorator.py
[2026-05-08T17:52:38.789+0100] {processor.py:840} INFO - DAG(s) 'example_short_circuit_decorator' retrieved from /home/najma/airflow-venv/lib/python3.12/site-packages/airflow/example_dags/example_short_circuit_decorator.py
[2026-05-08T17:52:38.823+0100] {logging_mixin.py:188} INFO - [2026-05-08T17:52:38.823+0100] {dag.py:3096} INFO - Sync 1 DAGs
[2026-05-08T17:52:38.856+0100] {logging_mixin.py:188} INFO - [2026-05-08T17:52:38.856+0100] {dag.py:3954} INFO - Setting next_dagrun for example_short_circuit_decorator to 2026-05-07 00:00:00+00:00, run_after=2026-05-08 00:00:00+00:00
[2026-05-08T17:52:38.939+0100] {processor.py:183} INFO - Processing /home/najma/airflow-venv/lib/python3.12/site-packages/airflow/example_dags/example_short_circuit_decorator.py took 0.175 seconds
[2026-05-08T17:53:47.319+0100] {processor.py:161} INFO - Started process (PID=10691) to work on /home/najma/airflow-venv/lib/python3.12/site-packages/airflow/example_dags/example_short_circuit_decorator.py
[2026-05-08T17:53:47.321+0100] {processor.py:830} INFO - Processing file /home/najma/airflow-venv/lib/python3.12/site-packages/airflow/example_dags/example_short_circuit_decorator.py for tasks to queue
[2026-05-08T17:53:47.322+0100] {logging_mixin.py:188} INFO - [2026-05-08T17:53:47.322+0100] {dagbag.py:540} INFO - Filling up the DagBag from /home/najma/airflow-venv/lib/python3.12/site-packages/airflow/example_dags/example_short_circuit_decorator.py
[2026-05-08T17:53:47.329+0100] {processor.py:840} INFO - DAG(s) 'example_short_circuit_decorator' retrieved from /home/najma/airflow-venv/lib/python3.12/site-packages/airflow/example_dags/example_short_circuit_decorator.py
[2026-05-08T17:53:47.359+0100] {logging_mixin.py:188} INFO - [2026-05-08T17:53:47.359+0100] {dag.py:3096} INFO - Sync 1 DAGs
[2026-05-08T17:53:47.386+0100] {logging_mixin.py:188} INFO - [2026-05-08T17:53:47.385+0100] {dag.py:3954} INFO - Setting next_dagrun for example_short_circuit_decorator to 2026-05-07 00:00:00+00:00, run_after=2026-05-08 00:00:00+00:00
[2026-05-08T17:53:47.468+0100] {processor.py:183} INFO - Processing /home/najma/airflow-venv/lib/python3.12/site-packages/airflow/example_dags/example_short_circuit_decorator.py took 0.152 seconds
[2026-05-08T17:54:55.397+0100] {processor.py:161} INFO - Started process (PID=10765) to work on /home/najma/airflow-venv/lib/python3.12/site-packages/airflow/example_dags/example_short_circuit_decorator.py
[2026-05-08T17:54:55.398+0100] {processor.py:830} INFO - Processing file /home/najma/airflow-venv/lib/python3.12/site-packages/airflow/example_dags/example_short_circuit_decorator.py for tasks to queue
[2026-05-08T17:54:55.400+0100] {logging_mixin.py:188} INFO - [2026-05-08T17:54:55.400+0100] {dagbag.py:540} INFO - Filling up the DagBag from /home/najma/airflow-venv/lib/python3.12/site-packages/airflow/example_dags/example_short_circuit_decorator.py
[2026-05-08T17:54:55.407+0100] {processor.py:840} INFO - DAG(s) 'example_short_circuit_decorator' retrieved from /home/najma/airflow-venv/lib/python3.12/site-packages/airflow/example_dags/example_short_circuit_decorator.py
[2026-05-08T17:54:55.436+0100] {logging_mixin.py:188} INFO - [2026-05-08T17:54:55.436+0100] {dag.py:3096} INFO - Sync 1 DAGs
[2026-05-08T17:54:55.463+0100] {logging_mixin.py:188} INFO - [2026-05-08T17:54:55.462+0100] {dag.py:3954} INFO - Setting next_dagrun for example_short_circuit_decorator to 2026-05-07 00:00:00+00:00, run_after=2026-05-08 00:00:00+00:00
[2026-05-08T17:54:55.556+0100] {processor.py:183} INFO - Processing /home/najma/airflow-venv/lib/python3.12/site-packages/airflow/example_dags/example_short_circuit_decorator.py took 0.163 seconds
[2026-05-08T17:56:00.450+0100] {processor.py:161} INFO - Started process (PID=10822) to work on /home/najma/airflow-venv/lib/python3.12/site-packages/airflow/example_dags/example_short_circuit_decorator.py
[2026-05-08T17:56:00.451+0100] {processor.py:830} INFO - Processing file /home/najma/airflow-venv/lib/python3.12/site-packages/airflow/example_dags/example_short_circuit_decorator.py for tasks to queue
[2026-05-08T17:56:00.453+0100] {logging_mixin.py:188} INFO - [2026-05-08T17:56:00.452+0100] {dagbag.py:540} INFO - Filling up the DagBag from /home/najma/airflow-venv/lib/python3.12/site-packages/airflow/example_dags/example_short_circuit_decorator.py
[2026-05-08T17:56:00.460+0100] {processor.py:840} INFO - DAG(s) 'example_short_circuit_decorator' retrieved from /home/najma/airflow-venv/lib/python3.12/site-packages/airflow/example_dags/example_short_circuit_decorator.py
[2026-05-08T17:56:00.490+0100] {logging_mixin.py:188} INFO - [2026-05-08T17:56:00.490+0100] {dag.py:3096} INFO - Sync 1 DAGs
[2026-05-08T17:56:00.513+0100] {logging_mixin.py:188} INFO - [2026-05-08T17:56:00.513+0100] {dag.py:3954} INFO - Setting next_dagrun for example_short_circuit_decorator to 2026-05-07 00:00:00+00:00, run_after=2026-05-08 00:00:00+00:00
[2026-05-08T17:56:00.614+0100] {processor.py:183} INFO - Processing /home/najma/airflow-venv/lib/python3.12/site-packages/airflow/example_dags/example_short_circuit_decorator.py took 0.168 seconds
[2026-05-08T17:57:15.989+0100] {processor.py:161} INFO - Started process (PID=10883) to work on /home/najma/airflow-venv/lib/python3.12/site-packages/airflow/example_dags/example_short_circuit_decorator.py
[2026-05-08T17:57:15.990+0100] {processor.py:830} INFO - Processing file /home/najma/airflow-venv/lib/python3.12/site-packages/airflow/example_dags/example_short_circuit_decorator.py for tasks to queue
[2026-05-08T17:57:15.992+0100] {logging_mixin.py:188} INFO - [2026-05-08T17:57:15.991+0100] {dagbag.py:540} INFO - Filling up the DagBag from /home/najma/airflow-venv/lib/python3.12/site-packages/airflow/example_dags/example_short_circuit_decorator.py
[2026-05-08T17:57:15.998+0100] {processor.py:840} INFO - DAG(s) 'example_short_circuit_decorator' retrieved from /home/najma/airflow-venv/lib/python3.12/site-packages/airflow/example_dags/example_short_circuit_decorator.py
[2026-05-08T17:57:16.030+0100] {logging_mixin.py:188} INFO - [2026-05-08T17:57:16.030+0100] {dag.py:3096} INFO - Sync 1 DAGs
[2026-05-08T17:57:16.055+0100] {logging_mixin.py:188} INFO - [2026-05-08T17:57:16.055+0100] {dag.py:3954} INFO - Setting next_dagrun for example_short_circuit_decorator to 2026-05-07 00:00:00+00:00, run_after=2026-05-08 00:00:00+00:00
[2026-05-08T17:57:16.141+0100] {processor.py:183} INFO - Processing /home/najma/airflow-venv/lib/python3.12/site-packages/airflow/example_dags/example_short_circuit_decorator.py took 0.156 seconds
[2026-05-08T17:58:26.413+0100] {processor.py:161} INFO - Started process (PID=10946) to work on /home/najma/airflow-venv/lib/python3.12/site-packages/airflow/example_dags/example_short_circuit_decorator.py
[2026-05-08T17:58:26.414+0100] {processor.py:830} INFO - Processing file /home/najma/airflow-venv/lib/python3.12/site-packages/airflow/example_dags/example_short_circuit_decorator.py for tasks to queue
[2026-05-08T17:58:26.416+0100] {logging_mixin.py:188} INFO - [2026-05-08T17:58:26.415+0100] {dagbag.py:540} INFO - Filling up the DagBag from /home/najma/airflow-venv/lib/python3.12/site-packages/airflow/example_dags/example_short_circuit_decorator.py
[2026-05-08T17:58:26.423+0100] {processor.py:840} INFO - DAG(s) 'example_short_circuit_decorator' retrieved from /home/najma/airflow-venv/lib/python3.12/site-packages/airflow/example_dags/example_short_circuit_decorator.py
[2026-05-08T17:58:26.451+0100] {logging_mixin.py:188} INFO - [2026-05-08T17:58:26.451+0100] {dag.py:3096} INFO - Sync 1 DAGs
[2026-05-08T17:58:26.476+0100] {logging_mixin.py:188} INFO - [2026-05-08T17:58:26.476+0100] {dag.py:3954} INFO - Setting next_dagrun for example_short_circuit_decorator to 2026-05-07 00:00:00+00:00, run_after=2026-05-08 00:00:00+00:00
[2026-05-08T17:58:26.573+0100] {processor.py:183} INFO - Processing /home/najma/airflow-venv/lib/python3.12/site-packages/airflow/example_dags/example_short_circuit_decorator.py took 0.164 seconds
[2026-05-08T17:59:32.758+0100] {processor.py:161} INFO - Started process (PID=11003) to work on /home/najma/airflow-venv/lib/python3.12/site-packages/airflow/example_dags/example_short_circuit_decorator.py
[2026-05-08T17:59:32.759+0100] {processor.py:830} INFO - Processing file /home/najma/airflow-venv/lib/python3.12/site-packages/airflow/example_dags/example_short_circuit_decorator.py for tasks to queue
[2026-05-08T17:59:32.761+0100] {logging_mixin.py:188} INFO - [2026-05-08T17:59:32.761+0100] {dagbag.py:540} INFO - Filling up the DagBag from /home/najma/airflow-venv/lib/python3.12/site-packages/airflow/example_dags/example_short_circuit_decorator.py
[2026-05-08T17:59:32.772+0100] {processor.py:840} INFO - DAG(s) 'example_short_circuit_decorator' retrieved from /home/najma/airflow-venv/lib/python3.12/site-packages/airflow/example_dags/example_short_circuit_decorator.py
[2026-05-08T17:59:32.800+0100] {logging_mixin.py:188} INFO - [2026-05-08T17:59:32.800+0100] {dag.py:3096} INFO - Sync 1 DAGs
[2026-05-08T17:59:32.827+0100] {logging_mixin.py:188} INFO - [2026-05-08T17:59:32.827+0100] {dag.py:3954} INFO - Setting next_dagrun for example_short_circuit_decorator to 2026-05-07 00:00:00+00:00, run_after=2026-05-08 00:00:00+00:00
[2026-05-08T17:59:32.914+0100] {processor.py:183} INFO - Processing /home/najma/airflow-venv/lib/python3.12/site-packages/airflow/example_dags/example_short_circuit_decorator.py took 0.160 seconds
[2026-05-08T18:00:43.286+0100] {processor.py:161} INFO - Started process (PID=11065) to work on /home/najma/airflow-venv/lib/python3.12/site-packages/airflow/example_dags/example_short_circuit_decorator.py
[2026-05-08T18:00:43.288+0100] {processor.py:830} INFO - Processing file /home/najma/airflow-venv/lib/python3.12/site-packages/airflow/example_dags/example_short_circuit_decorator.py for tasks to queue
[2026-05-08T18:00:43.289+0100] {logging_mixin.py:188} INFO - [2026-05-08T18:00:43.289+0100] {dagbag.py:540} INFO - Filling up the DagBag from /home/najma/airflow-venv/lib/python3.12/site-packages/airflow/example_dags/example_short_circuit_decorator.py
[2026-05-08T18:00:43.296+0100] {processor.py:840} INFO - DAG(s) 'example_short_circuit_decorator' retrieved from /home/najma/airflow-venv/lib/python3.12/site-packages/airflow/example_dags/example_short_circuit_decorator.py
[2026-05-08T18:00:43.323+0100] {logging_mixin.py:188} INFO - [2026-05-08T18:00:43.323+0100] {dag.py:3096} INFO - Sync 1 DAGs
[2026-05-08T18:00:43.348+0100] {logging_mixin.py:188} INFO - [2026-05-08T18:00:43.347+0100] {dag.py:3954} INFO - Setting next_dagrun for example_short_circuit_decorator to 2026-05-07 00:00:00+00:00, run_after=2026-05-08 00:00:00+00:00
[2026-05-08T18:00:43.424+0100] {processor.py:183} INFO - Processing /home/najma/airflow-venv/lib/python3.12/site-packages/airflow/example_dags/example_short_circuit_decorator.py took 0.141 seconds
[2026-05-08T18:01:47.570+0100] {processor.py:161} INFO - Started process (PID=11122) to work on /home/najma/airflow-venv/lib/python3.12/site-packages/airflow/example_dags/example_short_circuit_decorator.py
[2026-05-08T18:01:47.571+0100] {processor.py:830} INFO - Processing file /home/najma/airflow-venv/lib/python3.12/site-packages/airflow/example_dags/example_short_circuit_decorator.py for tasks to queue
[2026-05-08T18:01:47.573+0100] {logging_mixin.py:188} INFO - [2026-05-08T18:01:47.573+0100] {dagbag.py:540} INFO - Filling up the DagBag from /home/najma/airflow-venv/lib/python3.12/site-packages/airflow/example_dags/example_short_circuit_decorator.py
[2026-05-08T18:01:47.580+0100] {processor.py:840} INFO - DAG(s) 'example_short_circuit_decorator' retrieved from /home/najma/airflow-venv/lib/python3.12/site-packages/airflow/example_dags/example_short_circuit_decorator.py
[2026-05-08T18:01:47.609+0100] {logging_mixin.py:188} INFO - [2026-05-08T18:01:47.609+0100] {dag.py:3096} INFO - Sync 1 DAGs
[2026-05-08T18:01:47.632+0100] {logging_mixin.py:188} INFO - [2026-05-08T18:01:47.632+0100] {dag.py:3954} INFO - Setting next_dagrun for example_short_circuit_decorator to 2026-05-07 00:00:00+00:00, run_after=2026-05-08 00:00:00+00:00
[2026-05-08T18:01:47.708+0100] {processor.py:183} INFO - Processing /home/najma/airflow-venv/lib/python3.12/site-packages/airflow/example_dags/example_short_circuit_decorator.py took 0.142 seconds
[2026-05-08T18:02:50.855+0100] {processor.py:161} INFO - Started process (PID=11182) to work on /home/najma/airflow-venv/lib/python3.12/site-packages/airflow/example_dags/example_short_circuit_decorator.py
[2026-05-08T18:02:50.856+0100] {processor.py:830} INFO - Processing file /home/najma/airflow-venv/lib/python3.12/site-packages/airflow/example_dags/example_short_circuit_decorator.py for tasks to queue
[2026-05-08T18:02:50.858+0100] {logging_mixin.py:188} INFO - [2026-05-08T18:02:50.857+0100] {dagbag.py:540} INFO - Filling up the DagBag from /home/najma/airflow-venv/lib/python3.12/site-packages/airflow/example_dags/example_short_circuit_decorator.py
[2026-05-08T18:02:50.864+0100] {processor.py:840} INFO - DAG(s) 'example_short_circuit_decorator' retrieved from /home/najma/airflow-venv/lib/python3.12/site-packages/airflow/example_dags/example_short_circuit_decorator.py
[2026-05-08T18:02:50.892+0100] {logging_mixin.py:188} INFO - [2026-05-08T18:02:50.892+0100] {dag.py:3096} INFO - Sync 1 DAGs
[2026-05-08T18:02:50.915+0100] {logging_mixin.py:188} INFO - [2026-05-08T18:02:50.915+0100] {dag.py:3954} INFO - Setting next_dagrun for example_short_circuit_decorator to 2026-05-07 00:00:00+00:00, run_after=2026-05-08 00:00:00+00:00
[2026-05-08T18:02:51.007+0100] {processor.py:183} INFO - Processing /home/najma/airflow-venv/lib/python3.12/site-packages/airflow/example_dags/example_short_circuit_decorator.py took 0.156 seconds
[2026-05-08T18:03:58.756+0100] {processor.py:161} INFO - Started process (PID=11240) to work on /home/najma/airflow-venv/lib/python3.12/site-packages/airflow/example_dags/example_short_circuit_decorator.py
[2026-05-08T18:03:58.757+0100] {processor.py:830} INFO - Processing file /home/najma/airflow-venv/lib/python3.12/site-packages/airflow/example_dags/example_short_circuit_decorator.py for tasks to queue
[2026-05-08T18:03:58.758+0100] {logging_mixin.py:188} INFO - [2026-05-08T18:03:58.758+0100] {dagbag.py:540} INFO - Filling up the DagBag from /home/najma/airflow-venv/lib/python3.12/site-packages/airflow/example_dags/example_short_circuit_decorator.py
[2026-05-08T18:03:58.765+0100] {processor.py:840} INFO - DAG(s) 'example_short_circuit_decorator' retrieved from /home/najma/airflow-venv/lib/python3.12/site-packages/airflow/example_dags/example_short_circuit_decorator.py
[2026-05-08T18:03:58.793+0100] {logging_mixin.py:188} INFO - [2026-05-08T18:03:58.793+0100] {dag.py:3096} INFO - Sync 1 DAGs
[2026-05-08T18:03:58.818+0100] {logging_mixin.py:188} INFO - [2026-05-08T18:03:58.818+0100] {dag.py:3954} INFO - Setting next_dagrun for example_short_circuit_decorator to 2026-05-07 00:00:00+00:00, run_after=2026-05-08 00:00:00+00:00
[2026-05-08T18:03:58.929+0100] {processor.py:183} INFO - Processing /home/najma/airflow-venv/lib/python3.12/site-packages/airflow/example_dags/example_short_circuit_decorator.py took 0.178 seconds
[2026-05-08T18:05:06.647+0100] {processor.py:161} INFO - Started process (PID=11300) to work on /home/najma/airflow-venv/lib/python3.12/site-packages/airflow/example_dags/example_short_circuit_decorator.py
[2026-05-08T18:05:06.649+0100] {processor.py:830} INFO - Processing file /home/najma/airflow-venv/lib/python3.12/site-packages/airflow/example_dags/example_short_circuit_decorator.py for tasks to queue
[2026-05-08T18:05:06.650+0100] {logging_mixin.py:188} INFO - [2026-05-08T18:05:06.650+0100] {dagbag.py:540} INFO - Filling up the DagBag from /home/najma/airflow-venv/lib/python3.12/site-packages/airflow/example_dags/example_short_circuit_decorator.py
[2026-05-08T18:05:06.657+0100] {processor.py:840} INFO - DAG(s) 'example_short_circuit_decorator' retrieved from /home/najma/airflow-venv/lib/python3.12/site-packages/airflow/example_dags/example_short_circuit_decorator.py
[2026-05-08T18:05:06.687+0100] {logging_mixin.py:188} INFO - [2026-05-08T18:05:06.686+0100] {dag.py:3096} INFO - Sync 1 DAGs
[2026-05-08T18:05:06.712+0100] {logging_mixin.py:188} INFO - [2026-05-08T18:05:06.712+0100] {dag.py:3954} INFO - Setting next_dagrun for example_short_circuit_decorator to 2026-05-07 00:00:00+00:00, run_after=2026-05-08 00:00:00+00:00
[2026-05-08T18:05:06.889+0100] {processor.py:183} INFO - Processing /home/najma/airflow-venv/lib/python3.12/site-packages/airflow/example_dags/example_short_circuit_decorator.py took 0.245 seconds
[2026-05-08T18:06:12.019+0100] {processor.py:161} INFO - Started process (PID=11359) to work on /home/najma/airflow-venv/lib/python3.12/site-packages/airflow/example_dags/example_short_circuit_decorator.py
[2026-05-08T18:06:12.021+0100] {processor.py:830} INFO - Processing file /home/najma/airflow-venv/lib/python3.12/site-packages/airflow/example_dags/example_short_circuit_decorator.py for tasks to queue
[2026-05-08T18:06:12.022+0100] {logging_mixin.py:188} INFO - [2026-05-08T18:06:12.022+0100] {dagbag.py:540} INFO - Filling up the DagBag from /home/najma/airflow-venv/lib/python3.12/site-packages/airflow/example_dags/example_short_circuit_decorator.py
[2026-05-08T18:06:12.028+0100] {processor.py:840} INFO - DAG(s) 'example_short_circuit_decorator' retrieved from /home/najma/airflow-venv/lib/python3.12/site-packages/airflow/example_dags/example_short_circuit_decorator.py
[2026-05-08T18:06:12.058+0100] {logging_mixin.py:188} INFO - [2026-05-08T18:06:12.058+0100] {dag.py:3096} INFO - Sync 1 DAGs
[2026-05-08T18:06:12.165+0100] {logging_mixin.py:188} INFO - [2026-05-08T18:06:12.165+0100] {dag.py:3954} INFO - Setting next_dagrun for example_short_circuit_decorator to 2026-05-07 00:00:00+00:00, run_after=2026-05-08 00:00:00+00:00
[2026-05-08T18:06:12.244+0100] {processor.py:183} INFO - Processing /home/najma/airflow-venv/lib/python3.12/site-packages/airflow/example_dags/example_short_circuit_decorator.py took 0.228 seconds
[2026-05-08T18:07:15.338+0100] {processor.py:161} INFO - Started process (PID=11415) to work on /home/najma/airflow-venv/lib/python3.12/site-packages/airflow/example_dags/example_short_circuit_decorator.py
[2026-05-08T18:07:15.340+0100] {processor.py:830} INFO - Processing file /home/najma/airflow-venv/lib/python3.12/site-packages/airflow/example_dags/example_short_circuit_decorator.py for tasks to queue
[2026-05-08T18:07:15.341+0100] {logging_mixin.py:188} INFO - [2026-05-08T18:07:15.341+0100] {dagbag.py:540} INFO - Filling up the DagBag from /home/najma/airflow-venv/lib/python3.12/site-packages/airflow/example_dags/example_short_circuit_decorator.py
[2026-05-08T18:07:15.348+0100] {processor.py:840} INFO - DAG(s) 'example_short_circuit_decorator' retrieved from /home/najma/airflow-venv/lib/python3.12/site-packages/airflow/example_dags/example_short_circuit_decorator.py
[2026-05-08T18:07:15.377+0100] {logging_mixin.py:188} INFO - [2026-05-08T18:07:15.377+0100] {dag.py:3096} INFO - Sync 1 DAGs
[2026-05-08T18:07:15.403+0100] {logging_mixin.py:188} INFO - [2026-05-08T18:07:15.403+0100] {dag.py:3954} INFO - Setting next_dagrun for example_short_circuit_decorator to 2026-05-07 00:00:00+00:00, run_after=2026-05-08 00:00:00+00:00
[2026-05-08T18:07:15.495+0100] {processor.py:183} INFO - Processing /home/najma/airflow-venv/lib/python3.12/site-packages/airflow/example_dags/example_short_circuit_decorator.py took 0.160 seconds
[2026-05-08T18:08:17.911+0100] {processor.py:161} INFO - Started process (PID=11473) to work on /home/najma/airflow-venv/lib/python3.12/site-packages/airflow/example_dags/example_short_circuit_decorator.py
[2026-05-08T18:08:17.912+0100] {processor.py:830} INFO - Processing file /home/najma/airflow-venv/lib/python3.12/site-packages/airflow/example_dags/example_short_circuit_decorator.py for tasks to queue
[2026-05-08T18:08:17.914+0100] {logging_mixin.py:188} INFO - [2026-05-08T18:08:17.914+0100] {dagbag.py:540} INFO - Filling up the DagBag from /home/najma/airflow-venv/lib/python3.12/site-packages/airflow/example_dags/example_short_circuit_decorator.py
[2026-05-08T18:08:17.921+0100] {processor.py:840} INFO - DAG(s) 'example_short_circuit_decorator' retrieved from /home/najma/airflow-venv/lib/python3.12/site-packages/airflow/example_dags/example_short_circuit_decorator.py
[2026-05-08T18:08:17.950+0100] {logging_mixin.py:188} INFO - [2026-05-08T18:08:17.950+0100] {dag.py:3096} INFO - Sync 1 DAGs
[2026-05-08T18:08:17.976+0100] {logging_mixin.py:188} INFO - [2026-05-08T18:08:17.975+0100] {dag.py:3954} INFO - Setting next_dagrun for example_short_circuit_decorator to 2026-05-07 00:00:00+00:00, run_after=2026-05-08 00:00:00+00:00
[2026-05-08T18:08:18.065+0100] {processor.py:183} INFO - Processing /home/najma/airflow-venv/lib/python3.12/site-packages/airflow/example_dags/example_short_circuit_decorator.py took 0.158 seconds
[2026-05-08T18:09:25.437+0100] {processor.py:161} INFO - Started process (PID=11531) to work on /home/najma/airflow-venv/lib/python3.12/site-packages/airflow/example_dags/example_short_circuit_decorator.py
[2026-05-08T18:09:25.439+0100] {processor.py:830} INFO - Processing file /home/najma/airflow-venv/lib/python3.12/site-packages/airflow/example_dags/example_short_circuit_decorator.py for tasks to queue
[2026-05-08T18:09:25.441+0100] {logging_mixin.py:188} INFO - [2026-05-08T18:09:25.440+0100] {dagbag.py:540} INFO - Filling up the DagBag from /home/najma/airflow-venv/lib/python3.12/site-packages/airflow/example_dags/example_short_circuit_decorator.py
[2026-05-08T18:09:25.448+0100] {processor.py:840} INFO - DAG(s) 'example_short_circuit_decorator' retrieved from /home/najma/airflow-venv/lib/python3.12/site-packages/airflow/example_dags/example_short_circuit_decorator.py
[2026-05-08T18:09:25.480+0100] {logging_mixin.py:188} INFO - [2026-05-08T18:09:25.480+0100] {dag.py:3096} INFO - Sync 1 DAGs
[2026-05-08T18:09:25.506+0100] {logging_mixin.py:188} INFO - [2026-05-08T18:09:25.506+0100] {dag.py:3954} INFO - Setting next_dagrun for example_short_circuit_decorator to 2026-05-07 00:00:00+00:00, run_after=2026-05-08 00:00:00+00:00
[2026-05-08T18:09:25.603+0100] {processor.py:183} INFO - Processing /home/najma/airflow-venv/lib/python3.12/site-packages/airflow/example_dags/example_short_circuit_decorator.py took 0.170 seconds
[2026-05-08T18:10:24.579+0100] {processor.py:161} INFO - Started process (PID=11586) to work on /home/najma/airflow-venv/lib/python3.12/site-packages/airflow/example_dags/example_short_circuit_decorator.py
[2026-05-08T18:10:24.580+0100] {processor.py:830} INFO - Processing file /home/najma/airflow-venv/lib/python3.12/site-packages/airflow/example_dags/example_short_circuit_decorator.py for tasks to queue
[2026-05-08T18:10:24.581+0100] {logging_mixin.py:188} INFO - [2026-05-08T18:10:24.581+0100] {dagbag.py:540} INFO - Filling up the DagBag from /home/najma/airflow-venv/lib/python3.12/site-packages/airflow/example_dags/example_short_circuit_decorator.py
[2026-05-08T18:10:24.588+0100] {processor.py:840} INFO - DAG(s) 'example_short_circuit_decorator' retrieved from /home/najma/airflow-venv/lib/python3.12/site-packages/airflow/example_dags/example_short_circuit_decorator.py
[2026-05-08T18:10:24.616+0100] {logging_mixin.py:188} INFO - [2026-05-08T18:10:24.615+0100] {dag.py:3096} INFO - Sync 1 DAGs
[2026-05-08T18:10:24.642+0100] {logging_mixin.py:188} INFO - [2026-05-08T18:10:24.642+0100] {dag.py:3954} INFO - Setting next_dagrun for example_short_circuit_decorator to 2026-05-07 00:00:00+00:00, run_after=2026-05-08 00:00:00+00:00
[2026-05-08T18:10:24.720+0100] {processor.py:183} INFO - Processing /home/najma/airflow-venv/lib/python3.12/site-packages/airflow/example_dags/example_short_circuit_decorator.py took 0.145 seconds
[2026-05-08T18:11:32.548+0100] {processor.py:161} INFO - Started process (PID=11642) to work on /home/najma/airflow-venv/lib/python3.12/site-packages/airflow/example_dags/example_short_circuit_decorator.py
[2026-05-08T18:11:32.549+0100] {processor.py:830} INFO - Processing file /home/najma/airflow-venv/lib/python3.12/site-packages/airflow/example_dags/example_short_circuit_decorator.py for tasks to queue
[2026-05-08T18:11:32.551+0100] {logging_mixin.py:188} INFO - [2026-05-08T18:11:32.551+0100] {dagbag.py:540} INFO - Filling up the DagBag from /home/najma/airflow-venv/lib/python3.12/site-packages/airflow/example_dags/example_short_circuit_decorator.py
[2026-05-08T18:11:32.557+0100] {processor.py:840} INFO - DAG(s) 'example_short_circuit_decorator' retrieved from /home/najma/airflow-venv/lib/python3.12/site-packages/airflow/example_dags/example_short_circuit_decorator.py
[2026-05-08T18:11:32.585+0100] {logging_mixin.py:188} INFO - [2026-05-08T18:11:32.584+0100] {dag.py:3096} INFO - Sync 1 DAGs
[2026-05-08T18:11:32.610+0100] {logging_mixin.py:188} INFO - [2026-05-08T18:11:32.610+0100] {dag.py:3954} INFO - Setting next_dagrun for example_short_circuit_decorator to 2026-05-07 00:00:00+00:00, run_after=2026-05-08 00:00:00+00:00
[2026-05-08T18:11:32.689+0100] {processor.py:183} INFO - Processing /home/najma/airflow-venv/lib/python3.12/site-packages/airflow/example_dags/example_short_circuit_decorator.py took 0.145 seconds
[2026-05-08T18:12:43.602+0100] {processor.py:161} INFO - Started process (PID=11700) to work on /home/najma/airflow-venv/lib/python3.12/site-packages/airflow/example_dags/example_short_circuit_decorator.py
[2026-05-08T18:12:43.604+0100] {processor.py:830} INFO - Processing file /home/najma/airflow-venv/lib/python3.12/site-packages/airflow/example_dags/example_short_circuit_decorator.py for tasks to queue
[2026-05-08T18:12:43.605+0100] {logging_mixin.py:188} INFO - [2026-05-08T18:12:43.605+0100] {dagbag.py:540} INFO - Filling up the DagBag from /home/najma/airflow-venv/lib/python3.12/site-packages/airflow/example_dags/example_short_circuit_decorator.py
[2026-05-08T18:12:43.613+0100] {processor.py:840} INFO - DAG(s) 'example_short_circuit_decorator' retrieved from /home/najma/airflow-venv/lib/python3.12/site-packages/airflow/example_dags/example_short_circuit_decorator.py
[2026-05-08T18:12:43.641+0100] {logging_mixin.py:188} INFO - [2026-05-08T18:12:43.641+0100] {dag.py:3096} INFO - Sync 1 DAGs
[2026-05-08T18:12:43.665+0100] {logging_mixin.py:188} INFO - [2026-05-08T18:12:43.665+0100] {dag.py:3954} INFO - Setting next_dagrun for example_short_circuit_decorator to 2026-05-07 00:00:00+00:00, run_after=2026-05-08 00:00:00+00:00
[2026-05-08T18:12:43.743+0100] {processor.py:183} INFO - Processing /home/najma/airflow-venv/lib/python3.12/site-packages/airflow/example_dags/example_short_circuit_decorator.py took 0.145 seconds
[2026-05-08T18:13:33.880+0100] {processor.py:161} INFO - Started process (PID=11731) to work on /home/najma/airflow-venv/lib/python3.12/site-packages/airflow/example_dags/example_short_circuit_decorator.py
[2026-05-08T18:13:33.882+0100] {processor.py:830} INFO - Processing file /home/najma/airflow-venv/lib/python3.12/site-packages/airflow/example_dags/example_short_circuit_decorator.py for tasks to queue
[2026-05-08T18:13:33.884+0100] {logging_mixin.py:188} INFO - [2026-05-08T18:13:33.884+0100] {dagbag.py:540} INFO - Filling up the DagBag from /home/najma/airflow-venv/lib/python3.12/site-packages/airflow/example_dags/example_short_circuit_decorator.py
[2026-05-08T18:13:33.893+0100] {processor.py:840} INFO - DAG(s) 'example_short_circuit_decorator' retrieved from /home/najma/airflow-venv/lib/python3.12/site-packages/airflow/example_dags/example_short_circuit_decorator.py
[2026-05-08T18:13:33.926+0100] {logging_mixin.py:188} INFO - [2026-05-08T18:13:33.925+0100] {dag.py:3096} INFO - Sync 1 DAGs
[2026-05-08T18:13:33.953+0100] {logging_mixin.py:188} INFO - [2026-05-08T18:13:33.953+0100] {dag.py:3954} INFO - Setting next_dagrun for example_short_circuit_decorator to 2026-05-07 00:00:00+00:00, run_after=2026-05-08 00:00:00+00:00
[2026-05-08T18:13:34.074+0100] {processor.py:183} INFO - Processing /home/najma/airflow-venv/lib/python3.12/site-packages/airflow/example_dags/example_short_circuit_decorator.py took 0.199 seconds
[2026-05-08T18:14:19.717+0100] {processor.py:161} INFO - Started process (PID=11770) to work on /home/najma/airflow-venv/lib/python3.12/site-packages/airflow/example_dags/example_short_circuit_decorator.py
[2026-05-08T18:14:19.718+0100] {processor.py:830} INFO - Processing file /home/najma/airflow-venv/lib/python3.12/site-packages/airflow/example_dags/example_short_circuit_decorator.py for tasks to queue
[2026-05-08T18:14:19.720+0100] {logging_mixin.py:188} INFO - [2026-05-08T18:14:19.719+0100] {dagbag.py:540} INFO - Filling up the DagBag from /home/najma/airflow-venv/lib/python3.12/site-packages/airflow/example_dags/example_short_circuit_decorator.py
[2026-05-08T18:14:19.731+0100] {processor.py:840} INFO - DAG(s) 'example_short_circuit_decorator' retrieved from /home/najma/airflow-venv/lib/python3.12/site-packages/airflow/example_dags/example_short_circuit_decorator.py
[2026-05-08T18:14:19.765+0100] {logging_mixin.py:188} INFO - [2026-05-08T18:14:19.761+0100] {dag.py:3096} INFO - Sync 1 DAGs
[2026-05-08T18:14:19.795+0100] {logging_mixin.py:188} INFO - [2026-05-08T18:14:19.794+0100] {dag.py:3954} INFO - Setting next_dagrun for example_short_circuit_decorator to 2026-05-07 00:00:00+00:00, run_after=2026-05-08 00:00:00+00:00
[2026-05-08T18:14:19.907+0100] {processor.py:183} INFO - Processing /home/najma/airflow-venv/lib/python3.12/site-packages/airflow/example_dags/example_short_circuit_decorator.py took 0.195 seconds
[2026-05-08T18:15:35.235+0100] {processor.py:161} INFO - Started process (PID=11839) to work on /home/najma/airflow-venv/lib/python3.12/site-packages/airflow/example_dags/example_short_circuit_decorator.py
[2026-05-08T18:15:35.237+0100] {processor.py:830} INFO - Processing file /home/najma/airflow-venv/lib/python3.12/site-packages/airflow/example_dags/example_short_circuit_decorator.py for tasks to queue
[2026-05-08T18:15:35.239+0100] {logging_mixin.py:188} INFO - [2026-05-08T18:15:35.238+0100] {dagbag.py:540} INFO - Filling up the DagBag from /home/najma/airflow-venv/lib/python3.12/site-packages/airflow/example_dags/example_short_circuit_decorator.py
[2026-05-08T18:15:35.245+0100] {processor.py:840} INFO - DAG(s) 'example_short_circuit_decorator' retrieved from /home/najma/airflow-venv/lib/python3.12/site-packages/airflow/example_dags/example_short_circuit_decorator.py
[2026-05-08T18:15:35.276+0100] {logging_mixin.py:188} INFO - [2026-05-08T18:15:35.275+0100] {dag.py:3096} INFO - Sync 1 DAGs
[2026-05-08T18:15:35.301+0100] {logging_mixin.py:188} INFO - [2026-05-08T18:15:35.301+0100] {dag.py:3954} INFO - Setting next_dagrun for example_short_circuit_decorator to 2026-05-07 00:00:00+00:00, run_after=2026-05-08 00:00:00+00:00
[2026-05-08T18:15:35.381+0100] {processor.py:183} INFO - Processing /home/najma/airflow-venv/lib/python3.12/site-packages/airflow/example_dags/example_short_circuit_decorator.py took 0.149 seconds
[2026-05-08T18:16:44.561+0100] {processor.py:161} INFO - Started process (PID=11896) to work on /home/najma/airflow-venv/lib/python3.12/site-packages/airflow/example_dags/example_short_circuit_decorator.py
[2026-05-08T18:16:44.562+0100] {processor.py:830} INFO - Processing file /home/najma/airflow-venv/lib/python3.12/site-packages/airflow/example_dags/example_short_circuit_decorator.py for tasks to queue
[2026-05-08T18:16:44.563+0100] {logging_mixin.py:188} INFO - [2026-05-08T18:16:44.563+0100] {dagbag.py:540} INFO - Filling up the DagBag from /home/najma/airflow-venv/lib/python3.12/site-packages/airflow/example_dags/example_short_circuit_decorator.py
[2026-05-08T18:16:44.571+0100] {processor.py:840} INFO - DAG(s) 'example_short_circuit_decorator' retrieved from /home/najma/airflow-venv/lib/python3.12/site-packages/airflow/example_dags/example_short_circuit_decorator.py
[2026-05-08T18:16:44.602+0100] {logging_mixin.py:188} INFO - [2026-05-08T18:16:44.602+0100] {dag.py:3096} INFO - Sync 1 DAGs
[2026-05-08T18:16:44.630+0100] {logging_mixin.py:188} INFO - [2026-05-08T18:16:44.629+0100] {dag.py:3954} INFO - Setting next_dagrun for example_short_circuit_decorator to 2026-05-07 00:00:00+00:00, run_after=2026-05-08 00:00:00+00:00
[2026-05-08T18:16:44.716+0100] {processor.py:183} INFO - Processing /home/najma/airflow-venv/lib/python3.12/site-packages/airflow/example_dags/example_short_circuit_decorator.py took 0.161 seconds
[2026-05-08T18:17:54.453+0100] {processor.py:161} INFO - Started process (PID=11956) to work on /home/najma/airflow-venv/lib/python3.12/site-packages/airflow/example_dags/example_short_circuit_decorator.py
[2026-05-08T18:17:54.454+0100] {processor.py:830} INFO - Processing file /home/najma/airflow-venv/lib/python3.12/site-packages/airflow/example_dags/example_short_circuit_decorator.py for tasks to queue
[2026-05-08T18:17:54.456+0100] {logging_mixin.py:188} INFO - [2026-05-08T18:17:54.456+0100] {dagbag.py:540} INFO - Filling up the DagBag from /home/najma/airflow-venv/lib/python3.12/site-packages/airflow/example_dags/example_short_circuit_decorator.py
[2026-05-08T18:17:54.463+0100] {processor.py:840} INFO - DAG(s) 'example_short_circuit_decorator' retrieved from /home/najma/airflow-venv/lib/python3.12/site-packages/airflow/example_dags/example_short_circuit_decorator.py
[2026-05-08T18:17:54.492+0100] {logging_mixin.py:188} INFO - [2026-05-08T18:17:54.492+0100] {dag.py:3096} INFO - Sync 1 DAGs
[2026-05-08T18:17:54.518+0100] {logging_mixin.py:188} INFO - [2026-05-08T18:17:54.518+0100] {dag.py:3954} INFO - Setting next_dagrun for example_short_circuit_decorator to 2026-05-07 00:00:00+00:00, run_after=2026-05-08 00:00:00+00:00
[2026-05-08T18:17:54.616+0100] {processor.py:183} INFO - Processing /home/najma/airflow-venv/lib/python3.12/site-packages/airflow/example_dags/example_short_circuit_decorator.py took 0.166 seconds
[2026-05-08T18:18:36.151+0100] {processor.py:161} INFO - Started process (PID=11987) to work on /home/najma/airflow-venv/lib/python3.12/site-packages/airflow/example_dags/example_short_circuit_decorator.py
[2026-05-08T18:18:36.152+0100] {processor.py:830} INFO - Processing file /home/najma/airflow-venv/lib/python3.12/site-packages/airflow/example_dags/example_short_circuit_decorator.py for tasks to queue
[2026-05-08T18:18:36.154+0100] {logging_mixin.py:188} INFO - [2026-05-08T18:18:36.154+0100] {dagbag.py:540} INFO - Filling up the DagBag from /home/najma/airflow-venv/lib/python3.12/site-packages/airflow/example_dags/example_short_circuit_decorator.py
[2026-05-08T18:18:36.162+0100] {processor.py:840} INFO - DAG(s) 'example_short_circuit_decorator' retrieved from /home/najma/airflow-venv/lib/python3.12/site-packages/airflow/example_dags/example_short_circuit_decorator.py
[2026-05-08T18:18:36.191+0100] {logging_mixin.py:188} INFO - [2026-05-08T18:18:36.191+0100] {dag.py:3096} INFO - Sync 1 DAGs
[2026-05-08T18:18:36.217+0100] {logging_mixin.py:188} INFO - [2026-05-08T18:18:36.216+0100] {dag.py:3954} INFO - Setting next_dagrun for example_short_circuit_decorator to 2026-05-07 00:00:00+00:00, run_after=2026-05-08 00:00:00+00:00
[2026-05-08T18:18:36.303+0100] {processor.py:183} INFO - Processing /home/najma/airflow-venv/lib/python3.12/site-packages/airflow/example_dags/example_short_circuit_decorator.py took 0.156 seconds
[2026-05-08T18:19:41.429+0100] {processor.py:161} INFO - Started process (PID=12043) to work on /home/najma/airflow-venv/lib/python3.12/site-packages/airflow/example_dags/example_short_circuit_decorator.py
[2026-05-08T18:19:41.430+0100] {processor.py:830} INFO - Processing file /home/najma/airflow-venv/lib/python3.12/site-packages/airflow/example_dags/example_short_circuit_decorator.py for tasks to queue
[2026-05-08T18:19:41.432+0100] {logging_mixin.py:188} INFO - [2026-05-08T18:19:41.432+0100] {dagbag.py:540} INFO - Filling up the DagBag from /home/najma/airflow-venv/lib/python3.12/site-packages/airflow/example_dags/example_short_circuit_decorator.py
[2026-05-08T18:19:41.443+0100] {processor.py:840} INFO - DAG(s) 'example_short_circuit_decorator' retrieved from /home/najma/airflow-venv/lib/python3.12/site-packages/airflow/example_dags/example_short_circuit_decorator.py
[2026-05-08T18:19:41.472+0100] {logging_mixin.py:188} INFO - [2026-05-08T18:19:41.472+0100] {dag.py:3096} INFO - Sync 1 DAGs
[2026-05-08T18:19:41.497+0100] {logging_mixin.py:188} INFO - [2026-05-08T18:19:41.497+0100] {dag.py:3954} INFO - Setting next_dagrun for example_short_circuit_decorator to 2026-05-07 00:00:00+00:00, run_after=2026-05-08 00:00:00+00:00
[2026-05-08T18:19:41.591+0100] {processor.py:183} INFO - Processing /home/najma/airflow-venv/lib/python3.12/site-packages/airflow/example_dags/example_short_circuit_decorator.py took 0.165 seconds
[2026-05-08T18:20:48.747+0100] {processor.py:161} INFO - Started process (PID=12099) to work on /home/najma/airflow-venv/lib/python3.12/site-packages/airflow/example_dags/example_short_circuit_decorator.py
[2026-05-08T18:20:48.748+0100] {processor.py:830} INFO - Processing file /home/najma/airflow-venv/lib/python3.12/site-packages/airflow/example_dags/example_short_circuit_decorator.py for tasks to queue
[2026-05-08T18:20:48.749+0100] {logging_mixin.py:188} INFO - [2026-05-08T18:20:48.749+0100] {dagbag.py:540} INFO - Filling up the DagBag from /home/najma/airflow-venv/lib/python3.12/site-packages/airflow/example_dags/example_short_circuit_decorator.py
[2026-05-08T18:20:48.756+0100] {processor.py:840} INFO - DAG(s) 'example_short_circuit_decorator' retrieved from /home/najma/airflow-venv/lib/python3.12/site-packages/airflow/example_dags/example_short_circuit_decorator.py
[2026-05-08T18:20:48.787+0100] {logging_mixin.py:188} INFO - [2026-05-08T18:20:48.786+0100] {dag.py:3096} INFO - Sync 1 DAGs
[2026-05-08T18:20:48.809+0100] {logging_mixin.py:188} INFO - [2026-05-08T18:20:48.809+0100] {dag.py:3954} INFO - Setting next_dagrun for example_short_circuit_decorator to 2026-05-07 00:00:00+00:00, run_after=2026-05-08 00:00:00+00:00
[2026-05-08T18:20:48.901+0100] {processor.py:183} INFO - Processing /home/najma/airflow-venv/lib/python3.12/site-packages/airflow/example_dags/example_short_circuit_decorator.py took 0.158 seconds
[2026-05-08T18:22:04.479+0100] {processor.py:161} INFO - Started process (PID=12159) to work on /home/najma/airflow-venv/lib/python3.12/site-packages/airflow/example_dags/example_short_circuit_decorator.py
[2026-05-08T18:22:04.480+0100] {processor.py:830} INFO - Processing file /home/najma/airflow-venv/lib/python3.12/site-packages/airflow/example_dags/example_short_circuit_decorator.py for tasks to queue
[2026-05-08T18:22:04.482+0100] {logging_mixin.py:188} INFO - [2026-05-08T18:22:04.481+0100] {dagbag.py:540} INFO - Filling up the DagBag from /home/najma/airflow-venv/lib/python3.12/site-packages/airflow/example_dags/example_short_circuit_decorator.py
[2026-05-08T18:22:04.490+0100] {processor.py:840} INFO - DAG(s) 'example_short_circuit_decorator' retrieved from /home/najma/airflow-venv/lib/python3.12/site-packages/airflow/example_dags/example_short_circuit_decorator.py
[2026-05-08T18:22:04.521+0100] {logging_mixin.py:188} INFO - [2026-05-08T18:22:04.521+0100] {dag.py:3096} INFO - Sync 1 DAGs
[2026-05-08T18:22:04.548+0100] {logging_mixin.py:188} INFO - [2026-05-08T18:22:04.547+0100] {dag.py:3954} INFO - Setting next_dagrun for example_short_circuit_decorator to 2026-05-07 00:00:00+00:00, run_after=2026-05-08 00:00:00+00:00
[2026-05-08T18:22:04.628+0100] {processor.py:183} INFO - Processing /home/najma/airflow-venv/lib/python3.12/site-packages/airflow/example_dags/example_short_circuit_decorator.py took 0.154 seconds
[2026-05-08T18:23:14.710+0100] {processor.py:161} INFO - Started process (PID=12216) to work on /home/najma/airflow-venv/lib/python3.12/site-packages/airflow/example_dags/example_short_circuit_decorator.py
[2026-05-08T18:23:14.712+0100] {processor.py:830} INFO - Processing file /home/najma/airflow-venv/lib/python3.12/site-packages/airflow/example_dags/example_short_circuit_decorator.py for tasks to queue
[2026-05-08T18:23:14.714+0100] {logging_mixin.py:188} INFO - [2026-05-08T18:23:14.714+0100] {dagbag.py:540} INFO - Filling up the DagBag from /home/najma/airflow-venv/lib/python3.12/site-packages/airflow/example_dags/example_short_circuit_decorator.py
[2026-05-08T18:23:14.726+0100] {processor.py:840} INFO - DAG(s) 'example_short_circuit_decorator' retrieved from /home/najma/airflow-venv/lib/python3.12/site-packages/airflow/example_dags/example_short_circuit_decorator.py
[2026-05-08T18:23:14.756+0100] {logging_mixin.py:188} INFO - [2026-05-08T18:23:14.755+0100] {dag.py:3096} INFO - Sync 1 DAGs
[2026-05-08T18:23:14.782+0100] {logging_mixin.py:188} INFO - [2026-05-08T18:23:14.782+0100] {dag.py:3954} INFO - Setting next_dagrun for example_short_circuit_decorator to 2026-05-07 00:00:00+00:00, run_after=2026-05-08 00:00:00+00:00
[2026-05-08T18:23:14.862+0100] {processor.py:183} INFO - Processing /home/najma/airflow-venv/lib/python3.12/site-packages/airflow/example_dags/example_short_circuit_decorator.py took 0.157 seconds
[2026-05-08T18:23:45.421+0100] {processor.py:161} INFO - Started process (PID=12240) to work on /home/najma/airflow-venv/lib/python3.12/site-packages/airflow/example_dags/example_short_circuit_decorator.py
[2026-05-08T18:23:45.422+0100] {processor.py:830} INFO - Processing file /home/najma/airflow-venv/lib/python3.12/site-packages/airflow/example_dags/example_short_circuit_decorator.py for tasks to queue
[2026-05-08T18:23:45.424+0100] {logging_mixin.py:188} INFO - [2026-05-08T18:23:45.424+0100] {dagbag.py:540} INFO - Filling up the DagBag from /home/najma/airflow-venv/lib/python3.12/site-packages/airflow/example_dags/example_short_circuit_decorator.py
[2026-05-08T18:23:45.434+0100] {processor.py:840} INFO - DAG(s) 'example_short_circuit_decorator' retrieved from /home/najma/airflow-venv/lib/python3.12/site-packages/airflow/example_dags/example_short_circuit_decorator.py
[2026-05-08T18:23:45.469+0100] {logging_mixin.py:188} INFO - [2026-05-08T18:23:45.469+0100] {dag.py:3096} INFO - Sync 1 DAGs
[2026-05-08T18:23:45.492+0100] {logging_mixin.py:188} INFO - [2026-05-08T18:23:45.491+0100] {dag.py:3954} INFO - Setting next_dagrun for example_short_circuit_decorator to 2026-05-07 00:00:00+00:00, run_after=2026-05-08 00:00:00+00:00
[2026-05-08T18:23:45.588+0100] {processor.py:183} INFO - Processing /home/najma/airflow-venv/lib/python3.12/site-packages/airflow/example_dags/example_short_circuit_decorator.py took 0.170 seconds
[2026-05-08T18:24:55.497+0100] {processor.py:161} INFO - Started process (PID=12302) to work on /home/najma/airflow-venv/lib/python3.12/site-packages/airflow/example_dags/example_short_circuit_decorator.py
[2026-05-08T18:24:55.500+0100] {processor.py:830} INFO - Processing file /home/najma/airflow-venv/lib/python3.12/site-packages/airflow/example_dags/example_short_circuit_decorator.py for tasks to queue
[2026-05-08T18:24:55.502+0100] {logging_mixin.py:188} INFO - [2026-05-08T18:24:55.502+0100] {dagbag.py:540} INFO - Filling up the DagBag from /home/najma/airflow-venv/lib/python3.12/site-packages/airflow/example_dags/example_short_circuit_decorator.py
[2026-05-08T18:24:55.509+0100] {processor.py:840} INFO - DAG(s) 'example_short_circuit_decorator' retrieved from /home/najma/airflow-venv/lib/python3.12/site-packages/airflow/example_dags/example_short_circuit_decorator.py
[2026-05-08T18:24:55.542+0100] {logging_mixin.py:188} INFO - [2026-05-08T18:24:55.542+0100] {dag.py:3096} INFO - Sync 1 DAGs
[2026-05-08T18:24:55.570+0100] {logging_mixin.py:188} INFO - [2026-05-08T18:24:55.570+0100] {dag.py:3954} INFO - Setting next_dagrun for example_short_circuit_decorator to 2026-05-07 00:00:00+00:00, run_after=2026-05-08 00:00:00+00:00
[2026-05-08T18:24:55.660+0100] {processor.py:183} INFO - Processing /home/najma/airflow-venv/lib/python3.12/site-packages/airflow/example_dags/example_short_circuit_decorator.py took 0.167 seconds
[2026-05-08T18:25:38.471+0100] {processor.py:161} INFO - Started process (PID=12341) to work on /home/najma/airflow-venv/lib/python3.12/site-packages/airflow/example_dags/example_short_circuit_decorator.py
[2026-05-08T18:25:38.473+0100] {processor.py:830} INFO - Processing file /home/najma/airflow-venv/lib/python3.12/site-packages/airflow/example_dags/example_short_circuit_decorator.py for tasks to queue
[2026-05-08T18:25:38.475+0100] {logging_mixin.py:188} INFO - [2026-05-08T18:25:38.474+0100] {dagbag.py:540} INFO - Filling up the DagBag from /home/najma/airflow-venv/lib/python3.12/site-packages/airflow/example_dags/example_short_circuit_decorator.py
[2026-05-08T18:25:38.484+0100] {processor.py:840} INFO - DAG(s) 'example_short_circuit_decorator' retrieved from /home/najma/airflow-venv/lib/python3.12/site-packages/airflow/example_dags/example_short_circuit_decorator.py
[2026-05-08T18:25:38.519+0100] {logging_mixin.py:188} INFO - [2026-05-08T18:25:38.519+0100] {dag.py:3096} INFO - Sync 1 DAGs
[2026-05-08T18:25:38.544+0100] {logging_mixin.py:188} INFO - [2026-05-08T18:25:38.544+0100] {dag.py:3954} INFO - Setting next_dagrun for example_short_circuit_decorator to 2026-05-07 00:00:00+00:00, run_after=2026-05-08 00:00:00+00:00
[2026-05-08T18:25:38.626+0100] {processor.py:183} INFO - Processing /home/najma/airflow-venv/lib/python3.12/site-packages/airflow/example_dags/example_short_circuit_decorator.py took 0.159 seconds
[2026-05-08T18:26:48.273+0100] {processor.py:161} INFO - Started process (PID=12406) to work on /home/najma/airflow-venv/lib/python3.12/site-packages/airflow/example_dags/example_short_circuit_decorator.py
[2026-05-08T18:26:48.277+0100] {processor.py:830} INFO - Processing file /home/najma/airflow-venv/lib/python3.12/site-packages/airflow/example_dags/example_short_circuit_decorator.py for tasks to queue
[2026-05-08T18:26:48.285+0100] {logging_mixin.py:188} INFO - [2026-05-08T18:26:48.285+0100] {dagbag.py:540} INFO - Filling up the DagBag from /home/najma/airflow-venv/lib/python3.12/site-packages/airflow/example_dags/example_short_circuit_decorator.py
[2026-05-08T18:26:48.303+0100] {processor.py:840} INFO - DAG(s) 'example_short_circuit_decorator' retrieved from /home/najma/airflow-venv/lib/python3.12/site-packages/airflow/example_dags/example_short_circuit_decorator.py
[2026-05-08T18:26:48.359+0100] {logging_mixin.py:188} INFO - [2026-05-08T18:26:48.359+0100] {dag.py:3096} INFO - Sync 1 DAGs
[2026-05-08T18:26:48.405+0100] {logging_mixin.py:188} INFO - [2026-05-08T18:26:48.405+0100] {dag.py:3954} INFO - Setting next_dagrun for example_short_circuit_decorator to 2026-05-07 00:00:00+00:00, run_after=2026-05-08 00:00:00+00:00
[2026-05-08T18:26:48.531+0100] {processor.py:183} INFO - Processing /home/najma/airflow-venv/lib/python3.12/site-packages/airflow/example_dags/example_short_circuit_decorator.py took 0.263 seconds
[2026-05-08T18:27:32.878+0100] {processor.py:161} INFO - Started process (PID=12437) to work on /home/najma/airflow-venv/lib/python3.12/site-packages/airflow/example_dags/example_short_circuit_decorator.py
[2026-05-08T18:27:32.883+0100] {processor.py:830} INFO - Processing file /home/najma/airflow-venv/lib/python3.12/site-packages/airflow/example_dags/example_short_circuit_decorator.py for tasks to queue
[2026-05-08T18:27:32.885+0100] {logging_mixin.py:188} INFO - [2026-05-08T18:27:32.884+0100] {dagbag.py:540} INFO - Filling up the DagBag from /home/najma/airflow-venv/lib/python3.12/site-packages/airflow/example_dags/example_short_circuit_decorator.py
[2026-05-08T18:27:32.893+0100] {processor.py:840} INFO - DAG(s) 'example_short_circuit_decorator' retrieved from /home/najma/airflow-venv/lib/python3.12/site-packages/airflow/example_dags/example_short_circuit_decorator.py
[2026-05-08T18:27:32.921+0100] {logging_mixin.py:188} INFO - [2026-05-08T18:27:32.921+0100] {dag.py:3096} INFO - Sync 1 DAGs
[2026-05-08T18:27:32.944+0100] {logging_mixin.py:188} INFO - [2026-05-08T18:27:32.944+0100] {dag.py:3954} INFO - Setting next_dagrun for example_short_circuit_decorator to 2026-05-07 00:00:00+00:00, run_after=2026-05-08 00:00:00+00:00
[2026-05-08T18:27:33.028+0100] {processor.py:183} INFO - Processing /home/najma/airflow-venv/lib/python3.12/site-packages/airflow/example_dags/example_short_circuit_decorator.py took 0.154 seconds
[2026-05-08T18:28:14.482+0100] {processor.py:161} INFO - Started process (PID=12471) to work on /home/najma/airflow-venv/lib/python3.12/site-packages/airflow/example_dags/example_short_circuit_decorator.py
[2026-05-08T18:28:14.484+0100] {processor.py:830} INFO - Processing file /home/najma/airflow-venv/lib/python3.12/site-packages/airflow/example_dags/example_short_circuit_decorator.py for tasks to queue
[2026-05-08T18:28:14.486+0100] {logging_mixin.py:188} INFO - [2026-05-08T18:28:14.485+0100] {dagbag.py:540} INFO - Filling up the DagBag from /home/najma/airflow-venv/lib/python3.12/site-packages/airflow/example_dags/example_short_circuit_decorator.py
[2026-05-08T18:28:14.493+0100] {processor.py:840} INFO - DAG(s) 'example_short_circuit_decorator' retrieved from /home/najma/airflow-venv/lib/python3.12/site-packages/airflow/example_dags/example_short_circuit_decorator.py
[2026-05-08T18:28:14.526+0100] {logging_mixin.py:188} INFO - [2026-05-08T18:28:14.526+0100] {dag.py:3096} INFO - Sync 1 DAGs
[2026-05-08T18:28:14.557+0100] {logging_mixin.py:188} INFO - [2026-05-08T18:28:14.557+0100] {dag.py:3954} INFO - Setting next_dagrun for example_short_circuit_decorator to 2026-05-07 00:00:00+00:00, run_after=2026-05-08 00:00:00+00:00
[2026-05-08T18:28:14.655+0100] {processor.py:183} INFO - Processing /home/najma/airflow-venv/lib/python3.12/site-packages/airflow/example_dags/example_short_circuit_decorator.py took 0.177 seconds
[2026-05-08T18:29:27.930+0100] {processor.py:161} INFO - Started process (PID=12530) to work on /home/najma/airflow-venv/lib/python3.12/site-packages/airflow/example_dags/example_short_circuit_decorator.py
[2026-05-08T18:29:27.932+0100] {processor.py:830} INFO - Processing file /home/najma/airflow-venv/lib/python3.12/site-packages/airflow/example_dags/example_short_circuit_decorator.py for tasks to queue
[2026-05-08T18:29:27.933+0100] {logging_mixin.py:188} INFO - [2026-05-08T18:29:27.933+0100] {dagbag.py:540} INFO - Filling up the DagBag from /home/najma/airflow-venv/lib/python3.12/site-packages/airflow/example_dags/example_short_circuit_decorator.py
[2026-05-08T18:29:27.940+0100] {processor.py:840} INFO - DAG(s) 'example_short_circuit_decorator' retrieved from /home/najma/airflow-venv/lib/python3.12/site-packages/airflow/example_dags/example_short_circuit_decorator.py
[2026-05-08T18:29:27.974+0100] {logging_mixin.py:188} INFO - [2026-05-08T18:29:27.973+0100] {dag.py:3096} INFO - Sync 1 DAGs
[2026-05-08T18:29:28.004+0100] {logging_mixin.py:188} INFO - [2026-05-08T18:29:28.004+0100] {dag.py:3954} INFO - Setting next_dagrun for example_short_circuit_decorator to 2026-05-07 00:00:00+00:00, run_after=2026-05-08 00:00:00+00:00
[2026-05-08T18:29:28.128+0100] {processor.py:183} INFO - Processing /home/najma/airflow-venv/lib/python3.12/site-packages/airflow/example_dags/example_short_circuit_decorator.py took 0.202 seconds
[2026-05-08T18:30:46.339+0100] {processor.py:161} INFO - Started process (PID=12590) to work on /home/najma/airflow-venv/lib/python3.12/site-packages/airflow/example_dags/example_short_circuit_decorator.py
[2026-05-08T18:30:46.341+0100] {processor.py:830} INFO - Processing file /home/najma/airflow-venv/lib/python3.12/site-packages/airflow/example_dags/example_short_circuit_decorator.py for tasks to queue
[2026-05-08T18:30:46.342+0100] {logging_mixin.py:188} INFO - [2026-05-08T18:30:46.342+0100] {dagbag.py:540} INFO - Filling up the DagBag from /home/najma/airflow-venv/lib/python3.12/site-packages/airflow/example_dags/example_short_circuit_decorator.py
[2026-05-08T18:30:46.353+0100] {processor.py:840} INFO - DAG(s) 'example_short_circuit_decorator' retrieved from /home/najma/airflow-venv/lib/python3.12/site-packages/airflow/example_dags/example_short_circuit_decorator.py
[2026-05-08T18:30:46.381+0100] {logging_mixin.py:188} INFO - [2026-05-08T18:30:46.381+0100] {dag.py:3096} INFO - Sync 1 DAGs
[2026-05-08T18:30:46.405+0100] {logging_mixin.py:188} INFO - [2026-05-08T18:30:46.405+0100] {dag.py:3954} INFO - Setting next_dagrun for example_short_circuit_decorator to 2026-05-07 00:00:00+00:00, run_after=2026-05-08 00:00:00+00:00
[2026-05-08T18:30:46.487+0100] {processor.py:183} INFO - Processing /home/najma/airflow-venv/lib/python3.12/site-packages/airflow/example_dags/example_short_circuit_decorator.py took 0.151 seconds
[2026-05-08T18:32:04.227+0100] {processor.py:161} INFO - Started process (PID=12650) to work on /home/najma/airflow-venv/lib/python3.12/site-packages/airflow/example_dags/example_short_circuit_decorator.py
[2026-05-08T18:32:04.242+0100] {processor.py:830} INFO - Processing file /home/najma/airflow-venv/lib/python3.12/site-packages/airflow/example_dags/example_short_circuit_decorator.py for tasks to queue
[2026-05-08T18:32:04.244+0100] {logging_mixin.py:188} INFO - [2026-05-08T18:32:04.243+0100] {dagbag.py:540} INFO - Filling up the DagBag from /home/najma/airflow-venv/lib/python3.12/site-packages/airflow/example_dags/example_short_circuit_decorator.py
[2026-05-08T18:32:04.251+0100] {processor.py:840} INFO - DAG(s) 'example_short_circuit_decorator' retrieved from /home/najma/airflow-venv/lib/python3.12/site-packages/airflow/example_dags/example_short_circuit_decorator.py
[2026-05-08T18:32:04.280+0100] {logging_mixin.py:188} INFO - [2026-05-08T18:32:04.280+0100] {dag.py:3096} INFO - Sync 1 DAGs
[2026-05-08T18:32:04.305+0100] {logging_mixin.py:188} INFO - [2026-05-08T18:32:04.305+0100] {dag.py:3954} INFO - Setting next_dagrun for example_short_circuit_decorator to 2026-05-07 00:00:00+00:00, run_after=2026-05-08 00:00:00+00:00
[2026-05-08T18:32:04.397+0100] {processor.py:183} INFO - Processing /home/najma/airflow-venv/lib/python3.12/site-packages/airflow/example_dags/example_short_circuit_decorator.py took 0.173 seconds
[2026-05-08T18:33:21.285+0100] {processor.py:161} INFO - Started process (PID=12708) to work on /home/najma/airflow-venv/lib/python3.12/site-packages/airflow/example_dags/example_short_circuit_decorator.py
[2026-05-08T18:33:21.286+0100] {processor.py:830} INFO - Processing file /home/najma/airflow-venv/lib/python3.12/site-packages/airflow/example_dags/example_short_circuit_decorator.py for tasks to queue
[2026-05-08T18:33:21.288+0100] {logging_mixin.py:188} INFO - [2026-05-08T18:33:21.287+0100] {dagbag.py:540} INFO - Filling up the DagBag from /home/najma/airflow-venv/lib/python3.12/site-packages/airflow/example_dags/example_short_circuit_decorator.py
[2026-05-08T18:33:21.295+0100] {processor.py:840} INFO - DAG(s) 'example_short_circuit_decorator' retrieved from /home/najma/airflow-venv/lib/python3.12/site-packages/airflow/example_dags/example_short_circuit_decorator.py
[2026-05-08T18:33:21.324+0100] {logging_mixin.py:188} INFO - [2026-05-08T18:33:21.324+0100] {dag.py:3096} INFO - Sync 1 DAGs
[2026-05-08T18:33:21.349+0100] {logging_mixin.py:188} INFO - [2026-05-08T18:33:21.348+0100] {dag.py:3954} INFO - Setting next_dagrun for example_short_circuit_decorator to 2026-05-07 00:00:00+00:00, run_after=2026-05-08 00:00:00+00:00
[2026-05-08T18:33:21.429+0100] {processor.py:183} INFO - Processing /home/najma/airflow-venv/lib/python3.12/site-packages/airflow/example_dags/example_short_circuit_decorator.py took 0.148 seconds
[2026-05-08T18:33:52.107+0100] {processor.py:161} INFO - Started process (PID=12733) to work on /home/najma/airflow-venv/lib/python3.12/site-packages/airflow/example_dags/example_short_circuit_decorator.py
[2026-05-08T18:33:52.109+0100] {processor.py:830} INFO - Processing file /home/najma/airflow-venv/lib/python3.12/site-packages/airflow/example_dags/example_short_circuit_decorator.py for tasks to queue
[2026-05-08T18:33:52.111+0100] {logging_mixin.py:188} INFO - [2026-05-08T18:33:52.111+0100] {dagbag.py:540} INFO - Filling up the DagBag from /home/najma/airflow-venv/lib/python3.12/site-packages/airflow/example_dags/example_short_circuit_decorator.py
[2026-05-08T18:33:52.123+0100] {processor.py:840} INFO - DAG(s) 'example_short_circuit_decorator' retrieved from /home/najma/airflow-venv/lib/python3.12/site-packages/airflow/example_dags/example_short_circuit_decorator.py
[2026-05-08T18:33:52.169+0100] {logging_mixin.py:188} INFO - [2026-05-08T18:33:52.169+0100] {dag.py:3096} INFO - Sync 1 DAGs
[2026-05-08T18:33:52.201+0100] {logging_mixin.py:188} INFO - [2026-05-08T18:33:52.200+0100] {dag.py:3954} INFO - Setting next_dagrun for example_short_circuit_decorator to 2026-05-07 00:00:00+00:00, run_after=2026-05-08 00:00:00+00:00
[2026-05-08T18:33:52.297+0100] {processor.py:183} INFO - Processing /home/najma/airflow-venv/lib/python3.12/site-packages/airflow/example_dags/example_short_circuit_decorator.py took 0.195 seconds
[2026-05-08T18:34:56.769+0100] {processor.py:161} INFO - Started process (PID=12806) to work on /home/najma/airflow-venv/lib/python3.12/site-packages/airflow/example_dags/example_short_circuit_decorator.py
[2026-05-08T18:34:56.771+0100] {processor.py:830} INFO - Processing file /home/najma/airflow-venv/lib/python3.12/site-packages/airflow/example_dags/example_short_circuit_decorator.py for tasks to queue
[2026-05-08T18:34:56.772+0100] {logging_mixin.py:188} INFO - [2026-05-08T18:34:56.772+0100] {dagbag.py:540} INFO - Filling up the DagBag from /home/najma/airflow-venv/lib/python3.12/site-packages/airflow/example_dags/example_short_circuit_decorator.py
[2026-05-08T18:34:56.790+0100] {processor.py:840} INFO - DAG(s) 'example_short_circuit_decorator' retrieved from /home/najma/airflow-venv/lib/python3.12/site-packages/airflow/example_dags/example_short_circuit_decorator.py
[2026-05-08T18:34:56.859+0100] {logging_mixin.py:188} INFO - [2026-05-08T18:34:56.858+0100] {dag.py:3096} INFO - Sync 1 DAGs
[2026-05-08T18:34:56.906+0100] {logging_mixin.py:188} INFO - [2026-05-08T18:34:56.906+0100] {dag.py:3954} INFO - Setting next_dagrun for example_short_circuit_decorator to 2026-05-07 00:00:00+00:00, run_after=2026-05-08 00:00:00+00:00
[2026-05-08T18:34:57.018+0100] {processor.py:183} INFO - Processing /home/najma/airflow-venv/lib/python3.12/site-packages/airflow/example_dags/example_short_circuit_decorator.py took 0.254 seconds
[2026-05-08T18:36:11.727+0100] {processor.py:161} INFO - Started process (PID=12871) to work on /home/najma/airflow-venv/lib/python3.12/site-packages/airflow/example_dags/example_short_circuit_decorator.py
[2026-05-08T18:36:11.728+0100] {processor.py:830} INFO - Processing file /home/najma/airflow-venv/lib/python3.12/site-packages/airflow/example_dags/example_short_circuit_decorator.py for tasks to queue
[2026-05-08T18:36:11.729+0100] {logging_mixin.py:188} INFO - [2026-05-08T18:36:11.729+0100] {dagbag.py:540} INFO - Filling up the DagBag from /home/najma/airflow-venv/lib/python3.12/site-packages/airflow/example_dags/example_short_circuit_decorator.py
[2026-05-08T18:36:11.737+0100] {processor.py:840} INFO - DAG(s) 'example_short_circuit_decorator' retrieved from /home/najma/airflow-venv/lib/python3.12/site-packages/airflow/example_dags/example_short_circuit_decorator.py
[2026-05-08T18:36:11.769+0100] {logging_mixin.py:188} INFO - [2026-05-08T18:36:11.769+0100] {dag.py:3096} INFO - Sync 1 DAGs
[2026-05-08T18:36:11.794+0100] {logging_mixin.py:188} INFO - [2026-05-08T18:36:11.794+0100] {dag.py:3954} INFO - Setting next_dagrun for example_short_circuit_decorator to 2026-05-07 00:00:00+00:00, run_after=2026-05-08 00:00:00+00:00
[2026-05-08T18:36:11.886+0100] {processor.py:183} INFO - Processing /home/najma/airflow-venv/lib/python3.12/site-packages/airflow/example_dags/example_short_circuit_decorator.py took 0.164 seconds
[2026-05-08T18:37:25.090+0100] {processor.py:161} INFO - Started process (PID=12931) to work on /home/najma/airflow-venv/lib/python3.12/site-packages/airflow/example_dags/example_short_circuit_decorator.py
[2026-05-08T18:37:25.174+0100] {processor.py:830} INFO - Processing file /home/najma/airflow-venv/lib/python3.12/site-packages/airflow/example_dags/example_short_circuit_decorator.py for tasks to queue
[2026-05-08T18:37:25.176+0100] {logging_mixin.py:188} INFO - [2026-05-08T18:37:25.175+0100] {dagbag.py:540} INFO - Filling up the DagBag from /home/najma/airflow-venv/lib/python3.12/site-packages/airflow/example_dags/example_short_circuit_decorator.py
[2026-05-08T18:37:25.187+0100] {processor.py:840} INFO - DAG(s) 'example_short_circuit_decorator' retrieved from /home/najma/airflow-venv/lib/python3.12/site-packages/airflow/example_dags/example_short_circuit_decorator.py
[2026-05-08T18:37:25.465+0100] {logging_mixin.py:188} INFO - [2026-05-08T18:37:25.465+0100] {dag.py:3096} INFO - Sync 1 DAGs
[2026-05-08T18:37:25.495+0100] {logging_mixin.py:188} INFO - [2026-05-08T18:37:25.495+0100] {dag.py:3954} INFO - Setting next_dagrun for example_short_circuit_decorator to 2026-05-07 00:00:00+00:00, run_after=2026-05-08 00:00:00+00:00
[2026-05-08T18:37:26.115+0100] {processor.py:183} INFO - Processing /home/najma/airflow-venv/lib/python3.12/site-packages/airflow/example_dags/example_short_circuit_decorator.py took 1.030 seconds
[2026-05-08T18:38:07.857+0100] {processor.py:161} INFO - Started process (PID=12964) to work on /home/najma/airflow-venv/lib/python3.12/site-packages/airflow/example_dags/example_short_circuit_decorator.py
[2026-05-08T18:38:07.860+0100] {processor.py:830} INFO - Processing file /home/najma/airflow-venv/lib/python3.12/site-packages/airflow/example_dags/example_short_circuit_decorator.py for tasks to queue
[2026-05-08T18:38:07.863+0100] {logging_mixin.py:188} INFO - [2026-05-08T18:38:07.862+0100] {dagbag.py:540} INFO - Filling up the DagBag from /home/najma/airflow-venv/lib/python3.12/site-packages/airflow/example_dags/example_short_circuit_decorator.py
[2026-05-08T18:38:07.886+0100] {processor.py:840} INFO - DAG(s) 'example_short_circuit_decorator' retrieved from /home/najma/airflow-venv/lib/python3.12/site-packages/airflow/example_dags/example_short_circuit_decorator.py
[2026-05-08T18:38:07.961+0100] {logging_mixin.py:188} INFO - [2026-05-08T18:38:07.960+0100] {dag.py:3096} INFO - Sync 1 DAGs
[2026-05-08T18:38:08.016+0100] {logging_mixin.py:188} INFO - [2026-05-08T18:38:08.016+0100] {dag.py:3954} INFO - Setting next_dagrun for example_short_circuit_decorator to 2026-05-07 00:00:00+00:00, run_after=2026-05-08 00:00:00+00:00
[2026-05-08T18:38:08.129+0100] {processor.py:183} INFO - Processing /home/najma/airflow-venv/lib/python3.12/site-packages/airflow/example_dags/example_short_circuit_decorator.py took 0.278 seconds
[2026-05-08T18:39:21.730+0100] {processor.py:161} INFO - Started process (PID=13028) to work on /home/najma/airflow-venv/lib/python3.12/site-packages/airflow/example_dags/example_short_circuit_decorator.py
[2026-05-08T18:39:21.731+0100] {processor.py:830} INFO - Processing file /home/najma/airflow-venv/lib/python3.12/site-packages/airflow/example_dags/example_short_circuit_decorator.py for tasks to queue
[2026-05-08T18:39:21.732+0100] {logging_mixin.py:188} INFO - [2026-05-08T18:39:21.732+0100] {dagbag.py:540} INFO - Filling up the DagBag from /home/najma/airflow-venv/lib/python3.12/site-packages/airflow/example_dags/example_short_circuit_decorator.py
[2026-05-08T18:39:21.740+0100] {processor.py:840} INFO - DAG(s) 'example_short_circuit_decorator' retrieved from /home/najma/airflow-venv/lib/python3.12/site-packages/airflow/example_dags/example_short_circuit_decorator.py
[2026-05-08T18:39:21.773+0100] {logging_mixin.py:188} INFO - [2026-05-08T18:39:21.772+0100] {dag.py:3096} INFO - Sync 1 DAGs
[2026-05-08T18:39:21.801+0100] {logging_mixin.py:188} INFO - [2026-05-08T18:39:21.801+0100] {dag.py:3954} INFO - Setting next_dagrun for example_short_circuit_decorator to 2026-05-07 00:00:00+00:00, run_after=2026-05-08 00:00:00+00:00
[2026-05-08T18:39:21.902+0100] {processor.py:183} INFO - Processing /home/najma/airflow-venv/lib/python3.12/site-packages/airflow/example_dags/example_short_circuit_decorator.py took 0.176 seconds
