[2026-05-08T16:42:28.491+0100] {processor.py:161} INFO - Started process (PID=9503) to work on /home/najma/airflow-venv/lib/python3.12/site-packages/airflow/example_dags/example_setup_teardown_taskflow.py
[2026-05-08T16:42:28.493+0100] {processor.py:830} INFO - Processing file /home/najma/airflow-venv/lib/python3.12/site-packages/airflow/example_dags/example_setup_teardown_taskflow.py for tasks to queue
[2026-05-08T16:42:28.494+0100] {logging_mixin.py:188} INFO - [2026-05-08T16:42:28.494+0100] {dagbag.py:540} INFO - Filling up the DagBag from /home/najma/airflow-venv/lib/python3.12/site-packages/airflow/example_dags/example_setup_teardown_taskflow.py
[2026-05-08T16:42:28.502+0100] {processor.py:840} INFO - DAG(s) 'example_setup_teardown_taskflow' retrieved from /home/najma/airflow-venv/lib/python3.12/site-packages/airflow/example_dags/example_setup_teardown_taskflow.py
[2026-05-08T16:42:28.705+0100] {logging_mixin.py:188} INFO - [2026-05-08T16:42:28.705+0100] {override.py:1829} INFO - Created Permission View: can read on DAG:example_setup_teardown_taskflow
[2026-05-08T16:42:28.753+0100] {logging_mixin.py:188} INFO - [2026-05-08T16:42:28.752+0100] {override.py:1829} INFO - Created Permission View: can edit on DAG:example_setup_teardown_taskflow
[2026-05-08T16:42:28.796+0100] {logging_mixin.py:188} INFO - [2026-05-08T16:42:28.796+0100] {override.py:1829} INFO - Created Permission View: can delete on DAG:example_setup_teardown_taskflow
[2026-05-08T16:42:28.797+0100] {logging_mixin.py:188} INFO - [2026-05-08T16:42:28.797+0100] {dag.py:3096} INFO - Sync 1 DAGs
[2026-05-08T16:42:28.816+0100] {logging_mixin.py:188} INFO - [2026-05-08T16:42:28.815+0100] {dag.py:3118} INFO - Creating ORM DAG for example_setup_teardown_taskflow
[2026-05-08T16:42:28.828+0100] {logging_mixin.py:188} INFO - [2026-05-08T16:42:28.828+0100] {dag.py:3954} INFO - Setting next_dagrun for example_setup_teardown_taskflow to 2026-05-07 00:00:00+00:00, run_after=2026-05-08 00:00:00+00:00
[2026-05-08T16:42:28.907+0100] {processor.py:183} INFO - Processing /home/najma/airflow-venv/lib/python3.12/site-packages/airflow/example_dags/example_setup_teardown_taskflow.py took 0.419 seconds
[2026-05-08T16:43:50.635+0100] {processor.py:161} INFO - Started process (PID=9582) to work on /home/najma/airflow-venv/lib/python3.12/site-packages/airflow/example_dags/example_setup_teardown_taskflow.py
[2026-05-08T16:43:50.636+0100] {processor.py:830} INFO - Processing file /home/najma/airflow-venv/lib/python3.12/site-packages/airflow/example_dags/example_setup_teardown_taskflow.py for tasks to queue
[2026-05-08T16:43:50.638+0100] {logging_mixin.py:188} INFO - [2026-05-08T16:43:50.637+0100] {dagbag.py:540} INFO - Filling up the DagBag from /home/najma/airflow-venv/lib/python3.12/site-packages/airflow/example_dags/example_setup_teardown_taskflow.py
[2026-05-08T16:43:50.645+0100] {processor.py:840} INFO - DAG(s) 'example_setup_teardown_taskflow' retrieved from /home/najma/airflow-venv/lib/python3.12/site-packages/airflow/example_dags/example_setup_teardown_taskflow.py
[2026-05-08T16:43:50.672+0100] {logging_mixin.py:188} INFO - [2026-05-08T16:43:50.672+0100] {dag.py:3096} INFO - Sync 1 DAGs
[2026-05-08T16:43:50.697+0100] {logging_mixin.py:188} INFO - [2026-05-08T16:43:50.697+0100] {dag.py:3954} INFO - Setting next_dagrun for example_setup_teardown_taskflow to 2026-05-07 00:00:00+00:00, run_after=2026-05-08 00:00:00+00:00
[2026-05-08T16:43:50.777+0100] {processor.py:183} INFO - Processing /home/najma/airflow-venv/lib/python3.12/site-packages/airflow/example_dags/example_setup_teardown_taskflow.py took 0.145 seconds
[2026-05-08T16:44:30.804+0100] {processor.py:161} INFO - Started process (PID=9621) to work on /home/najma/airflow-venv/lib/python3.12/site-packages/airflow/example_dags/example_setup_teardown_taskflow.py
[2026-05-08T16:44:30.805+0100] {processor.py:830} INFO - Processing file /home/najma/airflow-venv/lib/python3.12/site-packages/airflow/example_dags/example_setup_teardown_taskflow.py for tasks to queue
[2026-05-08T16:44:30.807+0100] {logging_mixin.py:188} INFO - [2026-05-08T16:44:30.807+0100] {dagbag.py:540} INFO - Filling up the DagBag from /home/najma/airflow-venv/lib/python3.12/site-packages/airflow/example_dags/example_setup_teardown_taskflow.py
[2026-05-08T16:44:30.815+0100] {processor.py:840} INFO - DAG(s) 'example_setup_teardown_taskflow' retrieved from /home/najma/airflow-venv/lib/python3.12/site-packages/airflow/example_dags/example_setup_teardown_taskflow.py
[2026-05-08T16:44:30.843+0100] {logging_mixin.py:188} INFO - [2026-05-08T16:44:30.843+0100] {dag.py:3096} INFO - Sync 1 DAGs
[2026-05-08T16:44:30.868+0100] {logging_mixin.py:188} INFO - [2026-05-08T16:44:30.868+0100] {dag.py:3954} INFO - Setting next_dagrun for example_setup_teardown_taskflow to 2026-05-07 00:00:00+00:00, run_after=2026-05-08 00:00:00+00:00
[2026-05-08T16:44:30.968+0100] {processor.py:183} INFO - Processing /home/najma/airflow-venv/lib/python3.12/site-packages/airflow/example_dags/example_setup_teardown_taskflow.py took 0.167 seconds
[2026-05-08T16:45:11.494+0100] {processor.py:161} INFO - Started process (PID=9658) to work on /home/najma/airflow-venv/lib/python3.12/site-packages/airflow/example_dags/example_setup_teardown_taskflow.py
[2026-05-08T16:45:11.496+0100] {processor.py:830} INFO - Processing file /home/najma/airflow-venv/lib/python3.12/site-packages/airflow/example_dags/example_setup_teardown_taskflow.py for tasks to queue
[2026-05-08T16:45:11.497+0100] {logging_mixin.py:188} INFO - [2026-05-08T16:45:11.497+0100] {dagbag.py:540} INFO - Filling up the DagBag from /home/najma/airflow-venv/lib/python3.12/site-packages/airflow/example_dags/example_setup_teardown_taskflow.py
[2026-05-08T16:45:11.505+0100] {processor.py:840} INFO - DAG(s) 'example_setup_teardown_taskflow' retrieved from /home/najma/airflow-venv/lib/python3.12/site-packages/airflow/example_dags/example_setup_teardown_taskflow.py
[2026-05-08T16:45:11.537+0100] {logging_mixin.py:188} INFO - [2026-05-08T16:45:11.536+0100] {dag.py:3096} INFO - Sync 1 DAGs
[2026-05-08T16:45:11.565+0100] {logging_mixin.py:188} INFO - [2026-05-08T16:45:11.565+0100] {dag.py:3954} INFO - Setting next_dagrun for example_setup_teardown_taskflow to 2026-05-07 00:00:00+00:00, run_after=2026-05-08 00:00:00+00:00
[2026-05-08T16:45:11.704+0100] {processor.py:183} INFO - Processing /home/najma/airflow-venv/lib/python3.12/site-packages/airflow/example_dags/example_setup_teardown_taskflow.py took 0.213 seconds
[2026-05-08T16:45:57.312+0100] {processor.py:161} INFO - Started process (PID=9698) to work on /home/najma/airflow-venv/lib/python3.12/site-packages/airflow/example_dags/example_setup_teardown_taskflow.py
[2026-05-08T16:45:57.314+0100] {processor.py:830} INFO - Processing file /home/najma/airflow-venv/lib/python3.12/site-packages/airflow/example_dags/example_setup_teardown_taskflow.py for tasks to queue
[2026-05-08T16:45:57.316+0100] {logging_mixin.py:188} INFO - [2026-05-08T16:45:57.315+0100] {dagbag.py:540} INFO - Filling up the DagBag from /home/najma/airflow-venv/lib/python3.12/site-packages/airflow/example_dags/example_setup_teardown_taskflow.py
[2026-05-08T16:45:57.332+0100] {processor.py:840} INFO - DAG(s) 'example_setup_teardown_taskflow' retrieved from /home/najma/airflow-venv/lib/python3.12/site-packages/airflow/example_dags/example_setup_teardown_taskflow.py
[2026-05-08T16:45:57.376+0100] {logging_mixin.py:188} INFO - [2026-05-08T16:45:57.376+0100] {dag.py:3096} INFO - Sync 1 DAGs
[2026-05-08T16:45:57.411+0100] {logging_mixin.py:188} INFO - [2026-05-08T16:45:57.411+0100] {dag.py:3954} INFO - Setting next_dagrun for example_setup_teardown_taskflow to 2026-05-07 00:00:00+00:00, run_after=2026-05-08 00:00:00+00:00
[2026-05-08T16:45:57.521+0100] {processor.py:183} INFO - Processing /home/najma/airflow-venv/lib/python3.12/site-packages/airflow/example_dags/example_setup_teardown_taskflow.py took 0.213 seconds
[2026-05-08T16:46:33.961+0100] {processor.py:161} INFO - Started process (PID=9732) to work on /home/najma/airflow-venv/lib/python3.12/site-packages/airflow/example_dags/example_setup_teardown_taskflow.py
[2026-05-08T16:46:33.963+0100] {processor.py:830} INFO - Processing file /home/najma/airflow-venv/lib/python3.12/site-packages/airflow/example_dags/example_setup_teardown_taskflow.py for tasks to queue
[2026-05-08T16:46:33.965+0100] {logging_mixin.py:188} INFO - [2026-05-08T16:46:33.964+0100] {dagbag.py:540} INFO - Filling up the DagBag from /home/najma/airflow-venv/lib/python3.12/site-packages/airflow/example_dags/example_setup_teardown_taskflow.py
[2026-05-08T16:46:33.974+0100] {processor.py:840} INFO - DAG(s) 'example_setup_teardown_taskflow' retrieved from /home/najma/airflow-venv/lib/python3.12/site-packages/airflow/example_dags/example_setup_teardown_taskflow.py
[2026-05-08T16:46:34.006+0100] {logging_mixin.py:188} INFO - [2026-05-08T16:46:34.006+0100] {dag.py:3096} INFO - Sync 1 DAGs
[2026-05-08T16:46:34.035+0100] {logging_mixin.py:188} INFO - [2026-05-08T16:46:34.034+0100] {dag.py:3954} INFO - Setting next_dagrun for example_setup_teardown_taskflow to 2026-05-07 00:00:00+00:00, run_after=2026-05-08 00:00:00+00:00
[2026-05-08T16:46:34.117+0100] {processor.py:183} INFO - Processing /home/najma/airflow-venv/lib/python3.12/site-packages/airflow/example_dags/example_setup_teardown_taskflow.py took 0.161 seconds
[2026-05-08T16:47:12.537+0100] {processor.py:161} INFO - Started process (PID=9768) to work on /home/najma/airflow-venv/lib/python3.12/site-packages/airflow/example_dags/example_setup_teardown_taskflow.py
[2026-05-08T16:47:12.539+0100] {processor.py:830} INFO - Processing file /home/najma/airflow-venv/lib/python3.12/site-packages/airflow/example_dags/example_setup_teardown_taskflow.py for tasks to queue
[2026-05-08T16:47:12.540+0100] {logging_mixin.py:188} INFO - [2026-05-08T16:47:12.540+0100] {dagbag.py:540} INFO - Filling up the DagBag from /home/najma/airflow-venv/lib/python3.12/site-packages/airflow/example_dags/example_setup_teardown_taskflow.py
[2026-05-08T16:47:12.549+0100] {processor.py:840} INFO - DAG(s) 'example_setup_teardown_taskflow' retrieved from /home/najma/airflow-venv/lib/python3.12/site-packages/airflow/example_dags/example_setup_teardown_taskflow.py
[2026-05-08T16:47:12.582+0100] {logging_mixin.py:188} INFO - [2026-05-08T16:47:12.582+0100] {dag.py:3096} INFO - Sync 1 DAGs
[2026-05-08T16:47:12.607+0100] {logging_mixin.py:188} INFO - [2026-05-08T16:47:12.607+0100] {dag.py:3954} INFO - Setting next_dagrun for example_setup_teardown_taskflow to 2026-05-07 00:00:00+00:00, run_after=2026-05-08 00:00:00+00:00
[2026-05-08T16:47:12.731+0100] {processor.py:183} INFO - Processing /home/najma/airflow-venv/lib/python3.12/site-packages/airflow/example_dags/example_setup_teardown_taskflow.py took 0.199 seconds
[2026-05-08T16:47:52.945+0100] {processor.py:161} INFO - Started process (PID=9805) to work on /home/najma/airflow-venv/lib/python3.12/site-packages/airflow/example_dags/example_setup_teardown_taskflow.py
[2026-05-08T16:47:52.947+0100] {processor.py:830} INFO - Processing file /home/najma/airflow-venv/lib/python3.12/site-packages/airflow/example_dags/example_setup_teardown_taskflow.py for tasks to queue
[2026-05-08T16:47:52.948+0100] {logging_mixin.py:188} INFO - [2026-05-08T16:47:52.948+0100] {dagbag.py:540} INFO - Filling up the DagBag from /home/najma/airflow-venv/lib/python3.12/site-packages/airflow/example_dags/example_setup_teardown_taskflow.py
[2026-05-08T16:47:52.956+0100] {processor.py:840} INFO - DAG(s) 'example_setup_teardown_taskflow' retrieved from /home/najma/airflow-venv/lib/python3.12/site-packages/airflow/example_dags/example_setup_teardown_taskflow.py
[2026-05-08T16:47:52.985+0100] {logging_mixin.py:188} INFO - [2026-05-08T16:47:52.985+0100] {dag.py:3096} INFO - Sync 1 DAGs
[2026-05-08T16:47:53.013+0100] {logging_mixin.py:188} INFO - [2026-05-08T16:47:53.013+0100] {dag.py:3954} INFO - Setting next_dagrun for example_setup_teardown_taskflow to 2026-05-07 00:00:00+00:00, run_after=2026-05-08 00:00:00+00:00
[2026-05-08T16:47:53.132+0100] {processor.py:183} INFO - Processing /home/najma/airflow-venv/lib/python3.12/site-packages/airflow/example_dags/example_setup_teardown_taskflow.py took 0.190 seconds
[2026-05-08T16:48:28.999+0100] {processor.py:161} INFO - Started process (PID=9836) to work on /home/najma/airflow-venv/lib/python3.12/site-packages/airflow/example_dags/example_setup_teardown_taskflow.py
[2026-05-08T16:48:29.000+0100] {processor.py:830} INFO - Processing file /home/najma/airflow-venv/lib/python3.12/site-packages/airflow/example_dags/example_setup_teardown_taskflow.py for tasks to queue
[2026-05-08T16:48:29.002+0100] {logging_mixin.py:188} INFO - [2026-05-08T16:48:29.002+0100] {dagbag.py:540} INFO - Filling up the DagBag from /home/najma/airflow-venv/lib/python3.12/site-packages/airflow/example_dags/example_setup_teardown_taskflow.py
[2026-05-08T16:48:29.019+0100] {processor.py:840} INFO - DAG(s) 'example_setup_teardown_taskflow' retrieved from /home/najma/airflow-venv/lib/python3.12/site-packages/airflow/example_dags/example_setup_teardown_taskflow.py
[2026-05-08T16:48:29.073+0100] {logging_mixin.py:188} INFO - [2026-05-08T16:48:29.073+0100] {dag.py:3096} INFO - Sync 1 DAGs
[2026-05-08T16:48:29.124+0100] {logging_mixin.py:188} INFO - [2026-05-08T16:48:29.124+0100] {dag.py:3954} INFO - Setting next_dagrun for example_setup_teardown_taskflow to 2026-05-07 00:00:00+00:00, run_after=2026-05-08 00:00:00+00:00
[2026-05-08T16:48:29.228+0100] {processor.py:183} INFO - Processing /home/najma/airflow-venv/lib/python3.12/site-packages/airflow/example_dags/example_setup_teardown_taskflow.py took 0.233 seconds
[2026-05-08T16:49:04.926+0100] {processor.py:161} INFO - Started process (PID=9871) to work on /home/najma/airflow-venv/lib/python3.12/site-packages/airflow/example_dags/example_setup_teardown_taskflow.py
[2026-05-08T16:49:04.927+0100] {processor.py:830} INFO - Processing file /home/najma/airflow-venv/lib/python3.12/site-packages/airflow/example_dags/example_setup_teardown_taskflow.py for tasks to queue
[2026-05-08T16:49:04.929+0100] {logging_mixin.py:188} INFO - [2026-05-08T16:49:04.929+0100] {dagbag.py:540} INFO - Filling up the DagBag from /home/najma/airflow-venv/lib/python3.12/site-packages/airflow/example_dags/example_setup_teardown_taskflow.py
[2026-05-08T16:49:04.936+0100] {processor.py:840} INFO - DAG(s) 'example_setup_teardown_taskflow' retrieved from /home/najma/airflow-venv/lib/python3.12/site-packages/airflow/example_dags/example_setup_teardown_taskflow.py
[2026-05-08T16:49:04.964+0100] {logging_mixin.py:188} INFO - [2026-05-08T16:49:04.964+0100] {dag.py:3096} INFO - Sync 1 DAGs
[2026-05-08T16:49:04.988+0100] {logging_mixin.py:188} INFO - [2026-05-08T16:49:04.988+0100] {dag.py:3954} INFO - Setting next_dagrun for example_setup_teardown_taskflow to 2026-05-07 00:00:00+00:00, run_after=2026-05-08 00:00:00+00:00
[2026-05-08T16:49:05.067+0100] {processor.py:183} INFO - Processing /home/najma/airflow-venv/lib/python3.12/site-packages/airflow/example_dags/example_setup_teardown_taskflow.py took 0.145 seconds
[2026-05-08T16:49:41.060+0100] {processor.py:161} INFO - Started process (PID=9903) to work on /home/najma/airflow-venv/lib/python3.12/site-packages/airflow/example_dags/example_setup_teardown_taskflow.py
[2026-05-08T16:49:41.061+0100] {processor.py:830} INFO - Processing file /home/najma/airflow-venv/lib/python3.12/site-packages/airflow/example_dags/example_setup_teardown_taskflow.py for tasks to queue
[2026-05-08T16:49:41.065+0100] {logging_mixin.py:188} INFO - [2026-05-08T16:49:41.064+0100] {dagbag.py:540} INFO - Filling up the DagBag from /home/najma/airflow-venv/lib/python3.12/site-packages/airflow/example_dags/example_setup_teardown_taskflow.py
[2026-05-08T16:49:41.073+0100] {processor.py:840} INFO - DAG(s) 'example_setup_teardown_taskflow' retrieved from /home/najma/airflow-venv/lib/python3.12/site-packages/airflow/example_dags/example_setup_teardown_taskflow.py
[2026-05-08T16:49:41.102+0100] {logging_mixin.py:188} INFO - [2026-05-08T16:49:41.102+0100] {dag.py:3096} INFO - Sync 1 DAGs
[2026-05-08T16:49:41.136+0100] {logging_mixin.py:188} INFO - [2026-05-08T16:49:41.135+0100] {dag.py:3954} INFO - Setting next_dagrun for example_setup_teardown_taskflow to 2026-05-07 00:00:00+00:00, run_after=2026-05-08 00:00:00+00:00
[2026-05-08T16:49:41.262+0100] {processor.py:183} INFO - Processing /home/najma/airflow-venv/lib/python3.12/site-packages/airflow/example_dags/example_setup_teardown_taskflow.py took 0.206 seconds
[2026-05-08T17:45:04.867+0100] {processor.py:161} INFO - Started process (PID=10218) to work on /home/najma/airflow-venv/lib/python3.12/site-packages/airflow/example_dags/example_setup_teardown_taskflow.py
[2026-05-08T17:45:04.869+0100] {processor.py:830} INFO - Processing file /home/najma/airflow-venv/lib/python3.12/site-packages/airflow/example_dags/example_setup_teardown_taskflow.py for tasks to queue
[2026-05-08T17:45:04.871+0100] {logging_mixin.py:188} INFO - [2026-05-08T17:45:04.870+0100] {dagbag.py:540} INFO - Filling up the DagBag from /home/najma/airflow-venv/lib/python3.12/site-packages/airflow/example_dags/example_setup_teardown_taskflow.py
[2026-05-08T17:45:04.877+0100] {processor.py:840} INFO - DAG(s) 'example_setup_teardown_taskflow' retrieved from /home/najma/airflow-venv/lib/python3.12/site-packages/airflow/example_dags/example_setup_teardown_taskflow.py
[2026-05-08T17:45:04.913+0100] {logging_mixin.py:188} INFO - [2026-05-08T17:45:04.912+0100] {dag.py:3096} INFO - Sync 1 DAGs
[2026-05-08T17:45:04.940+0100] {logging_mixin.py:188} INFO - [2026-05-08T17:45:04.940+0100] {dag.py:3954} INFO - Setting next_dagrun for example_setup_teardown_taskflow to 2026-05-07 00:00:00+00:00, run_after=2026-05-08 00:00:00+00:00
[2026-05-08T17:45:05.021+0100] {processor.py:183} INFO - Processing /home/najma/airflow-venv/lib/python3.12/site-packages/airflow/example_dags/example_setup_teardown_taskflow.py took 0.157 seconds
[2026-05-08T17:46:18.866+0100] {processor.py:161} INFO - Started process (PID=10293) to work on /home/najma/airflow-venv/lib/python3.12/site-packages/airflow/example_dags/example_setup_teardown_taskflow.py
[2026-05-08T17:46:18.867+0100] {processor.py:830} INFO - Processing file /home/najma/airflow-venv/lib/python3.12/site-packages/airflow/example_dags/example_setup_teardown_taskflow.py for tasks to queue
[2026-05-08T17:46:18.870+0100] {logging_mixin.py:188} INFO - [2026-05-08T17:46:18.869+0100] {dagbag.py:540} INFO - Filling up the DagBag from /home/najma/airflow-venv/lib/python3.12/site-packages/airflow/example_dags/example_setup_teardown_taskflow.py
[2026-05-08T17:46:18.887+0100] {processor.py:840} INFO - DAG(s) 'example_setup_teardown_taskflow' retrieved from /home/najma/airflow-venv/lib/python3.12/site-packages/airflow/example_dags/example_setup_teardown_taskflow.py
[2026-05-08T17:46:18.944+0100] {logging_mixin.py:188} INFO - [2026-05-08T17:46:18.944+0100] {dag.py:3096} INFO - Sync 1 DAGs
[2026-05-08T17:46:18.990+0100] {logging_mixin.py:188} INFO - [2026-05-08T17:46:18.989+0100] {dag.py:3954} INFO - Setting next_dagrun for example_setup_teardown_taskflow to 2026-05-07 00:00:00+00:00, run_after=2026-05-08 00:00:00+00:00
[2026-05-08T17:46:19.118+0100] {processor.py:183} INFO - Processing /home/najma/airflow-venv/lib/python3.12/site-packages/airflow/example_dags/example_setup_teardown_taskflow.py took 0.257 seconds
[2026-05-08T17:47:03.950+0100] {processor.py:161} INFO - Started process (PID=10330) to work on /home/najma/airflow-venv/lib/python3.12/site-packages/airflow/example_dags/example_setup_teardown_taskflow.py
[2026-05-08T17:47:03.951+0100] {processor.py:830} INFO - Processing file /home/najma/airflow-venv/lib/python3.12/site-packages/airflow/example_dags/example_setup_teardown_taskflow.py for tasks to queue
[2026-05-08T17:47:03.953+0100] {logging_mixin.py:188} INFO - [2026-05-08T17:47:03.953+0100] {dagbag.py:540} INFO - Filling up the DagBag from /home/najma/airflow-venv/lib/python3.12/site-packages/airflow/example_dags/example_setup_teardown_taskflow.py
[2026-05-08T17:47:03.967+0100] {processor.py:840} INFO - DAG(s) 'example_setup_teardown_taskflow' retrieved from /home/najma/airflow-venv/lib/python3.12/site-packages/airflow/example_dags/example_setup_teardown_taskflow.py
[2026-05-08T17:47:04.000+0100] {logging_mixin.py:188} INFO - [2026-05-08T17:47:04.000+0100] {dag.py:3096} INFO - Sync 1 DAGs
[2026-05-08T17:47:04.027+0100] {logging_mixin.py:188} INFO - [2026-05-08T17:47:04.027+0100] {dag.py:3954} INFO - Setting next_dagrun for example_setup_teardown_taskflow to 2026-05-07 00:00:00+00:00, run_after=2026-05-08 00:00:00+00:00
[2026-05-08T17:47:04.111+0100] {processor.py:183} INFO - Processing /home/najma/airflow-venv/lib/python3.12/site-packages/airflow/example_dags/example_setup_teardown_taskflow.py took 0.167 seconds
[2026-05-08T17:48:15.286+0100] {processor.py:161} INFO - Started process (PID=10391) to work on /home/najma/airflow-venv/lib/python3.12/site-packages/airflow/example_dags/example_setup_teardown_taskflow.py
[2026-05-08T17:48:15.287+0100] {processor.py:830} INFO - Processing file /home/najma/airflow-venv/lib/python3.12/site-packages/airflow/example_dags/example_setup_teardown_taskflow.py for tasks to queue
[2026-05-08T17:48:15.289+0100] {logging_mixin.py:188} INFO - [2026-05-08T17:48:15.288+0100] {dagbag.py:540} INFO - Filling up the DagBag from /home/najma/airflow-venv/lib/python3.12/site-packages/airflow/example_dags/example_setup_teardown_taskflow.py
[2026-05-08T17:48:15.297+0100] {processor.py:840} INFO - DAG(s) 'example_setup_teardown_taskflow' retrieved from /home/najma/airflow-venv/lib/python3.12/site-packages/airflow/example_dags/example_setup_teardown_taskflow.py
[2026-05-08T17:48:15.328+0100] {logging_mixin.py:188} INFO - [2026-05-08T17:48:15.328+0100] {dag.py:3096} INFO - Sync 1 DAGs
[2026-05-08T17:48:15.354+0100] {logging_mixin.py:188} INFO - [2026-05-08T17:48:15.354+0100] {dag.py:3954} INFO - Setting next_dagrun for example_setup_teardown_taskflow to 2026-05-07 00:00:00+00:00, run_after=2026-05-08 00:00:00+00:00
[2026-05-08T17:48:15.451+0100] {processor.py:183} INFO - Processing /home/najma/airflow-venv/lib/python3.12/site-packages/airflow/example_dags/example_setup_teardown_taskflow.py took 0.169 seconds
[2026-05-08T17:49:23.238+0100] {processor.py:161} INFO - Started process (PID=10450) to work on /home/najma/airflow-venv/lib/python3.12/site-packages/airflow/example_dags/example_setup_teardown_taskflow.py
[2026-05-08T17:49:23.239+0100] {processor.py:830} INFO - Processing file /home/najma/airflow-venv/lib/python3.12/site-packages/airflow/example_dags/example_setup_teardown_taskflow.py for tasks to queue
[2026-05-08T17:49:23.241+0100] {logging_mixin.py:188} INFO - [2026-05-08T17:49:23.241+0100] {dagbag.py:540} INFO - Filling up the DagBag from /home/najma/airflow-venv/lib/python3.12/site-packages/airflow/example_dags/example_setup_teardown_taskflow.py
[2026-05-08T17:49:23.254+0100] {processor.py:840} INFO - DAG(s) 'example_setup_teardown_taskflow' retrieved from /home/najma/airflow-venv/lib/python3.12/site-packages/airflow/example_dags/example_setup_teardown_taskflow.py
[2026-05-08T17:49:23.285+0100] {logging_mixin.py:188} INFO - [2026-05-08T17:49:23.284+0100] {dag.py:3096} INFO - Sync 1 DAGs
[2026-05-08T17:49:23.317+0100] {logging_mixin.py:188} INFO - [2026-05-08T17:49:23.316+0100] {dag.py:3954} INFO - Setting next_dagrun for example_setup_teardown_taskflow to 2026-05-07 00:00:00+00:00, run_after=2026-05-08 00:00:00+00:00
[2026-05-08T17:49:23.409+0100] {processor.py:183} INFO - Processing /home/najma/airflow-venv/lib/python3.12/site-packages/airflow/example_dags/example_setup_teardown_taskflow.py took 0.174 seconds
[2026-05-08T17:50:39.284+0100] {processor.py:161} INFO - Started process (PID=10513) to work on /home/najma/airflow-venv/lib/python3.12/site-packages/airflow/example_dags/example_setup_teardown_taskflow.py
[2026-05-08T17:50:39.285+0100] {processor.py:830} INFO - Processing file /home/najma/airflow-venv/lib/python3.12/site-packages/airflow/example_dags/example_setup_teardown_taskflow.py for tasks to queue
[2026-05-08T17:50:39.287+0100] {logging_mixin.py:188} INFO - [2026-05-08T17:50:39.286+0100] {dagbag.py:540} INFO - Filling up the DagBag from /home/najma/airflow-venv/lib/python3.12/site-packages/airflow/example_dags/example_setup_teardown_taskflow.py
[2026-05-08T17:50:39.297+0100] {processor.py:840} INFO - DAG(s) 'example_setup_teardown_taskflow' retrieved from /home/najma/airflow-venv/lib/python3.12/site-packages/airflow/example_dags/example_setup_teardown_taskflow.py
[2026-05-08T17:50:39.327+0100] {logging_mixin.py:188} INFO - [2026-05-08T17:50:39.327+0100] {dag.py:3096} INFO - Sync 1 DAGs
[2026-05-08T17:50:39.360+0100] {logging_mixin.py:188} INFO - [2026-05-08T17:50:39.360+0100] {dag.py:3954} INFO - Setting next_dagrun for example_setup_teardown_taskflow to 2026-05-07 00:00:00+00:00, run_after=2026-05-08 00:00:00+00:00
[2026-05-08T17:50:39.456+0100] {processor.py:183} INFO - Processing /home/najma/airflow-venv/lib/python3.12/site-packages/airflow/example_dags/example_setup_teardown_taskflow.py took 0.176 seconds
[2026-05-08T17:51:50.843+0100] {processor.py:161} INFO - Started process (PID=10574) to work on /home/najma/airflow-venv/lib/python3.12/site-packages/airflow/example_dags/example_setup_teardown_taskflow.py
[2026-05-08T17:51:50.845+0100] {processor.py:830} INFO - Processing file /home/najma/airflow-venv/lib/python3.12/site-packages/airflow/example_dags/example_setup_teardown_taskflow.py for tasks to queue
[2026-05-08T17:51:50.847+0100] {logging_mixin.py:188} INFO - [2026-05-08T17:51:50.847+0100] {dagbag.py:540} INFO - Filling up the DagBag from /home/najma/airflow-venv/lib/python3.12/site-packages/airflow/example_dags/example_setup_teardown_taskflow.py
[2026-05-08T17:51:50.862+0100] {processor.py:840} INFO - DAG(s) 'example_setup_teardown_taskflow' retrieved from /home/najma/airflow-venv/lib/python3.12/site-packages/airflow/example_dags/example_setup_teardown_taskflow.py
[2026-05-08T17:51:50.923+0100] {logging_mixin.py:188} INFO - [2026-05-08T17:51:50.922+0100] {dag.py:3096} INFO - Sync 1 DAGs
[2026-05-08T17:51:50.954+0100] {logging_mixin.py:188} INFO - [2026-05-08T17:51:50.953+0100] {dag.py:3954} INFO - Setting next_dagrun for example_setup_teardown_taskflow to 2026-05-07 00:00:00+00:00, run_after=2026-05-08 00:00:00+00:00
[2026-05-08T17:51:51.069+0100] {processor.py:183} INFO - Processing /home/najma/airflow-venv/lib/python3.12/site-packages/airflow/example_dags/example_setup_teardown_taskflow.py took 0.230 seconds
[2026-05-08T17:52:37.385+0100] {processor.py:161} INFO - Started process (PID=10631) to work on /home/najma/airflow-venv/lib/python3.12/site-packages/airflow/example_dags/example_setup_teardown_taskflow.py
[2026-05-08T17:52:37.387+0100] {processor.py:830} INFO - Processing file /home/najma/airflow-venv/lib/python3.12/site-packages/airflow/example_dags/example_setup_teardown_taskflow.py for tasks to queue
[2026-05-08T17:52:37.389+0100] {logging_mixin.py:188} INFO - [2026-05-08T17:52:37.389+0100] {dagbag.py:540} INFO - Filling up the DagBag from /home/najma/airflow-venv/lib/python3.12/site-packages/airflow/example_dags/example_setup_teardown_taskflow.py
[2026-05-08T17:52:37.399+0100] {processor.py:840} INFO - DAG(s) 'example_setup_teardown_taskflow' retrieved from /home/najma/airflow-venv/lib/python3.12/site-packages/airflow/example_dags/example_setup_teardown_taskflow.py
[2026-05-08T17:52:37.431+0100] {logging_mixin.py:188} INFO - [2026-05-08T17:52:37.431+0100] {dag.py:3096} INFO - Sync 1 DAGs
[2026-05-08T17:52:37.458+0100] {logging_mixin.py:188} INFO - [2026-05-08T17:52:37.458+0100] {dag.py:3954} INFO - Setting next_dagrun for example_setup_teardown_taskflow to 2026-05-07 00:00:00+00:00, run_after=2026-05-08 00:00:00+00:00
[2026-05-08T17:52:37.550+0100] {processor.py:183} INFO - Processing /home/najma/airflow-venv/lib/python3.12/site-packages/airflow/example_dags/example_setup_teardown_taskflow.py took 0.168 seconds
[2026-05-08T17:53:46.883+0100] {processor.py:161} INFO - Started process (PID=10690) to work on /home/najma/airflow-venv/lib/python3.12/site-packages/airflow/example_dags/example_setup_teardown_taskflow.py
[2026-05-08T17:53:46.884+0100] {processor.py:830} INFO - Processing file /home/najma/airflow-venv/lib/python3.12/site-packages/airflow/example_dags/example_setup_teardown_taskflow.py for tasks to queue
[2026-05-08T17:53:46.886+0100] {logging_mixin.py:188} INFO - [2026-05-08T17:53:46.886+0100] {dagbag.py:540} INFO - Filling up the DagBag from /home/najma/airflow-venv/lib/python3.12/site-packages/airflow/example_dags/example_setup_teardown_taskflow.py
[2026-05-08T17:53:46.893+0100] {processor.py:840} INFO - DAG(s) 'example_setup_teardown_taskflow' retrieved from /home/najma/airflow-venv/lib/python3.12/site-packages/airflow/example_dags/example_setup_teardown_taskflow.py
[2026-05-08T17:53:46.921+0100] {logging_mixin.py:188} INFO - [2026-05-08T17:53:46.921+0100] {dag.py:3096} INFO - Sync 1 DAGs
[2026-05-08T17:53:46.947+0100] {logging_mixin.py:188} INFO - [2026-05-08T17:53:46.946+0100] {dag.py:3954} INFO - Setting next_dagrun for example_setup_teardown_taskflow to 2026-05-07 00:00:00+00:00, run_after=2026-05-08 00:00:00+00:00
[2026-05-08T17:53:47.025+0100] {processor.py:183} INFO - Processing /home/najma/airflow-venv/lib/python3.12/site-packages/airflow/example_dags/example_setup_teardown_taskflow.py took 0.146 seconds
[2026-05-08T17:54:54.009+0100] {processor.py:161} INFO - Started process (PID=10764) to work on /home/najma/airflow-venv/lib/python3.12/site-packages/airflow/example_dags/example_setup_teardown_taskflow.py
[2026-05-08T17:54:54.010+0100] {processor.py:830} INFO - Processing file /home/najma/airflow-venv/lib/python3.12/site-packages/airflow/example_dags/example_setup_teardown_taskflow.py for tasks to queue
[2026-05-08T17:54:54.012+0100] {logging_mixin.py:188} INFO - [2026-05-08T17:54:54.012+0100] {dagbag.py:540} INFO - Filling up the DagBag from /home/najma/airflow-venv/lib/python3.12/site-packages/airflow/example_dags/example_setup_teardown_taskflow.py
[2026-05-08T17:54:54.029+0100] {processor.py:840} INFO - DAG(s) 'example_setup_teardown_taskflow' retrieved from /home/najma/airflow-venv/lib/python3.12/site-packages/airflow/example_dags/example_setup_teardown_taskflow.py
[2026-05-08T17:54:54.069+0100] {logging_mixin.py:188} INFO - [2026-05-08T17:54:54.068+0100] {dag.py:3096} INFO - Sync 1 DAGs
[2026-05-08T17:54:54.102+0100] {logging_mixin.py:188} INFO - [2026-05-08T17:54:54.101+0100] {dag.py:3954} INFO - Setting next_dagrun for example_setup_teardown_taskflow to 2026-05-07 00:00:00+00:00, run_after=2026-05-08 00:00:00+00:00
[2026-05-08T17:54:54.209+0100] {processor.py:183} INFO - Processing /home/najma/airflow-venv/lib/python3.12/site-packages/airflow/example_dags/example_setup_teardown_taskflow.py took 0.205 seconds
[2026-05-08T17:55:59.130+0100] {processor.py:161} INFO - Started process (PID=10821) to work on /home/najma/airflow-venv/lib/python3.12/site-packages/airflow/example_dags/example_setup_teardown_taskflow.py
[2026-05-08T17:55:59.131+0100] {processor.py:830} INFO - Processing file /home/najma/airflow-venv/lib/python3.12/site-packages/airflow/example_dags/example_setup_teardown_taskflow.py for tasks to queue
[2026-05-08T17:55:59.133+0100] {logging_mixin.py:188} INFO - [2026-05-08T17:55:59.133+0100] {dagbag.py:540} INFO - Filling up the DagBag from /home/najma/airflow-venv/lib/python3.12/site-packages/airflow/example_dags/example_setup_teardown_taskflow.py
[2026-05-08T17:55:59.140+0100] {processor.py:840} INFO - DAG(s) 'example_setup_teardown_taskflow' retrieved from /home/najma/airflow-venv/lib/python3.12/site-packages/airflow/example_dags/example_setup_teardown_taskflow.py
[2026-05-08T17:55:59.169+0100] {logging_mixin.py:188} INFO - [2026-05-08T17:55:59.168+0100] {dag.py:3096} INFO - Sync 1 DAGs
[2026-05-08T17:55:59.194+0100] {logging_mixin.py:188} INFO - [2026-05-08T17:55:59.194+0100] {dag.py:3954} INFO - Setting next_dagrun for example_setup_teardown_taskflow to 2026-05-07 00:00:00+00:00, run_after=2026-05-08 00:00:00+00:00
[2026-05-08T17:55:59.295+0100] {processor.py:183} INFO - Processing /home/najma/airflow-venv/lib/python3.12/site-packages/airflow/example_dags/example_setup_teardown_taskflow.py took 0.169 seconds
[2026-05-08T17:57:14.925+0100] {processor.py:161} INFO - Started process (PID=10882) to work on /home/najma/airflow-venv/lib/python3.12/site-packages/airflow/example_dags/example_setup_teardown_taskflow.py
[2026-05-08T17:57:14.927+0100] {processor.py:830} INFO - Processing file /home/najma/airflow-venv/lib/python3.12/site-packages/airflow/example_dags/example_setup_teardown_taskflow.py for tasks to queue
[2026-05-08T17:57:14.929+0100] {logging_mixin.py:188} INFO - [2026-05-08T17:57:14.928+0100] {dagbag.py:540} INFO - Filling up the DagBag from /home/najma/airflow-venv/lib/python3.12/site-packages/airflow/example_dags/example_setup_teardown_taskflow.py
[2026-05-08T17:57:14.936+0100] {processor.py:840} INFO - DAG(s) 'example_setup_teardown_taskflow' retrieved from /home/najma/airflow-venv/lib/python3.12/site-packages/airflow/example_dags/example_setup_teardown_taskflow.py
[2026-05-08T17:57:14.966+0100] {logging_mixin.py:188} INFO - [2026-05-08T17:57:14.966+0100] {dag.py:3096} INFO - Sync 1 DAGs
[2026-05-08T17:57:14.994+0100] {logging_mixin.py:188} INFO - [2026-05-08T17:57:14.993+0100] {dag.py:3954} INFO - Setting next_dagrun for example_setup_teardown_taskflow to 2026-05-07 00:00:00+00:00, run_after=2026-05-08 00:00:00+00:00
[2026-05-08T17:57:15.085+0100] {processor.py:183} INFO - Processing /home/najma/airflow-venv/lib/python3.12/site-packages/airflow/example_dags/example_setup_teardown_taskflow.py took 0.164 seconds
[2026-05-08T17:58:25.122+0100] {processor.py:161} INFO - Started process (PID=10945) to work on /home/najma/airflow-venv/lib/python3.12/site-packages/airflow/example_dags/example_setup_teardown_taskflow.py
[2026-05-08T17:58:25.124+0100] {processor.py:830} INFO - Processing file /home/najma/airflow-venv/lib/python3.12/site-packages/airflow/example_dags/example_setup_teardown_taskflow.py for tasks to queue
[2026-05-08T17:58:25.126+0100] {logging_mixin.py:188} INFO - [2026-05-08T17:58:25.125+0100] {dagbag.py:540} INFO - Filling up the DagBag from /home/najma/airflow-venv/lib/python3.12/site-packages/airflow/example_dags/example_setup_teardown_taskflow.py
[2026-05-08T17:58:25.132+0100] {processor.py:840} INFO - DAG(s) 'example_setup_teardown_taskflow' retrieved from /home/najma/airflow-venv/lib/python3.12/site-packages/airflow/example_dags/example_setup_teardown_taskflow.py
[2026-05-08T17:58:25.161+0100] {logging_mixin.py:188} INFO - [2026-05-08T17:58:25.161+0100] {dag.py:3096} INFO - Sync 1 DAGs
[2026-05-08T17:58:25.187+0100] {logging_mixin.py:188} INFO - [2026-05-08T17:58:25.187+0100] {dag.py:3954} INFO - Setting next_dagrun for example_setup_teardown_taskflow to 2026-05-07 00:00:00+00:00, run_after=2026-05-08 00:00:00+00:00
[2026-05-08T17:58:25.272+0100] {processor.py:183} INFO - Processing /home/najma/airflow-venv/lib/python3.12/site-packages/airflow/example_dags/example_setup_teardown_taskflow.py took 0.154 seconds
[2026-05-08T17:59:31.338+0100] {processor.py:161} INFO - Started process (PID=11002) to work on /home/najma/airflow-venv/lib/python3.12/site-packages/airflow/example_dags/example_setup_teardown_taskflow.py
[2026-05-08T17:59:31.340+0100] {processor.py:830} INFO - Processing file /home/najma/airflow-venv/lib/python3.12/site-packages/airflow/example_dags/example_setup_teardown_taskflow.py for tasks to queue
[2026-05-08T17:59:31.341+0100] {logging_mixin.py:188} INFO - [2026-05-08T17:59:31.341+0100] {dagbag.py:540} INFO - Filling up the DagBag from /home/najma/airflow-venv/lib/python3.12/site-packages/airflow/example_dags/example_setup_teardown_taskflow.py
[2026-05-08T17:59:31.352+0100] {processor.py:840} INFO - DAG(s) 'example_setup_teardown_taskflow' retrieved from /home/najma/airflow-venv/lib/python3.12/site-packages/airflow/example_dags/example_setup_teardown_taskflow.py
[2026-05-08T17:59:31.387+0100] {logging_mixin.py:188} INFO - [2026-05-08T17:59:31.387+0100] {dag.py:3096} INFO - Sync 1 DAGs
[2026-05-08T17:59:31.433+0100] {logging_mixin.py:188} INFO - [2026-05-08T17:59:31.433+0100] {dag.py:3954} INFO - Setting next_dagrun for example_setup_teardown_taskflow to 2026-05-07 00:00:00+00:00, run_after=2026-05-08 00:00:00+00:00
[2026-05-08T17:59:31.517+0100] {processor.py:183} INFO - Processing /home/najma/airflow-venv/lib/python3.12/site-packages/airflow/example_dags/example_setup_teardown_taskflow.py took 0.182 seconds
[2026-05-08T18:00:41.987+0100] {processor.py:161} INFO - Started process (PID=11064) to work on /home/najma/airflow-venv/lib/python3.12/site-packages/airflow/example_dags/example_setup_teardown_taskflow.py
[2026-05-08T18:00:41.988+0100] {processor.py:830} INFO - Processing file /home/najma/airflow-venv/lib/python3.12/site-packages/airflow/example_dags/example_setup_teardown_taskflow.py for tasks to queue
[2026-05-08T18:00:41.990+0100] {logging_mixin.py:188} INFO - [2026-05-08T18:00:41.990+0100] {dagbag.py:540} INFO - Filling up the DagBag from /home/najma/airflow-venv/lib/python3.12/site-packages/airflow/example_dags/example_setup_teardown_taskflow.py
[2026-05-08T18:00:41.997+0100] {processor.py:840} INFO - DAG(s) 'example_setup_teardown_taskflow' retrieved from /home/najma/airflow-venv/lib/python3.12/site-packages/airflow/example_dags/example_setup_teardown_taskflow.py
[2026-05-08T18:00:42.025+0100] {logging_mixin.py:188} INFO - [2026-05-08T18:00:42.025+0100] {dag.py:3096} INFO - Sync 1 DAGs
[2026-05-08T18:00:42.050+0100] {logging_mixin.py:188} INFO - [2026-05-08T18:00:42.050+0100] {dag.py:3954} INFO - Setting next_dagrun for example_setup_teardown_taskflow to 2026-05-07 00:00:00+00:00, run_after=2026-05-08 00:00:00+00:00
[2026-05-08T18:00:42.136+0100] {processor.py:183} INFO - Processing /home/najma/airflow-venv/lib/python3.12/site-packages/airflow/example_dags/example_setup_teardown_taskflow.py took 0.153 seconds
[2026-05-08T18:01:46.275+0100] {processor.py:161} INFO - Started process (PID=11121) to work on /home/najma/airflow-venv/lib/python3.12/site-packages/airflow/example_dags/example_setup_teardown_taskflow.py
[2026-05-08T18:01:46.276+0100] {processor.py:830} INFO - Processing file /home/najma/airflow-venv/lib/python3.12/site-packages/airflow/example_dags/example_setup_teardown_taskflow.py for tasks to queue
[2026-05-08T18:01:46.278+0100] {logging_mixin.py:188} INFO - [2026-05-08T18:01:46.278+0100] {dagbag.py:540} INFO - Filling up the DagBag from /home/najma/airflow-venv/lib/python3.12/site-packages/airflow/example_dags/example_setup_teardown_taskflow.py
[2026-05-08T18:01:46.285+0100] {processor.py:840} INFO - DAG(s) 'example_setup_teardown_taskflow' retrieved from /home/najma/airflow-venv/lib/python3.12/site-packages/airflow/example_dags/example_setup_teardown_taskflow.py
[2026-05-08T18:01:46.311+0100] {logging_mixin.py:188} INFO - [2026-05-08T18:01:46.311+0100] {dag.py:3096} INFO - Sync 1 DAGs
[2026-05-08T18:01:46.334+0100] {logging_mixin.py:188} INFO - [2026-05-08T18:01:46.334+0100] {dag.py:3954} INFO - Setting next_dagrun for example_setup_teardown_taskflow to 2026-05-07 00:00:00+00:00, run_after=2026-05-08 00:00:00+00:00
[2026-05-08T18:01:46.405+0100] {processor.py:183} INFO - Processing /home/najma/airflow-venv/lib/python3.12/site-packages/airflow/example_dags/example_setup_teardown_taskflow.py took 0.134 seconds
[2026-05-08T18:02:49.547+0100] {processor.py:161} INFO - Started process (PID=11181) to work on /home/najma/airflow-venv/lib/python3.12/site-packages/airflow/example_dags/example_setup_teardown_taskflow.py
[2026-05-08T18:02:49.548+0100] {processor.py:830} INFO - Processing file /home/najma/airflow-venv/lib/python3.12/site-packages/airflow/example_dags/example_setup_teardown_taskflow.py for tasks to queue
[2026-05-08T18:02:49.549+0100] {logging_mixin.py:188} INFO - [2026-05-08T18:02:49.549+0100] {dagbag.py:540} INFO - Filling up the DagBag from /home/najma/airflow-venv/lib/python3.12/site-packages/airflow/example_dags/example_setup_teardown_taskflow.py
[2026-05-08T18:02:49.556+0100] {processor.py:840} INFO - DAG(s) 'example_setup_teardown_taskflow' retrieved from /home/najma/airflow-venv/lib/python3.12/site-packages/airflow/example_dags/example_setup_teardown_taskflow.py
[2026-05-08T18:02:49.584+0100] {logging_mixin.py:188} INFO - [2026-05-08T18:02:49.584+0100] {dag.py:3096} INFO - Sync 1 DAGs
[2026-05-08T18:02:49.609+0100] {logging_mixin.py:188} INFO - [2026-05-08T18:02:49.608+0100] {dag.py:3954} INFO - Setting next_dagrun for example_setup_teardown_taskflow to 2026-05-07 00:00:00+00:00, run_after=2026-05-08 00:00:00+00:00
[2026-05-08T18:02:49.699+0100] {processor.py:183} INFO - Processing /home/najma/airflow-venv/lib/python3.12/site-packages/airflow/example_dags/example_setup_teardown_taskflow.py took 0.156 seconds
[2026-05-08T18:03:58.191+0100] {processor.py:161} INFO - Started process (PID=11239) to work on /home/najma/airflow-venv/lib/python3.12/site-packages/airflow/example_dags/example_setup_teardown_taskflow.py
[2026-05-08T18:03:58.193+0100] {processor.py:830} INFO - Processing file /home/najma/airflow-venv/lib/python3.12/site-packages/airflow/example_dags/example_setup_teardown_taskflow.py for tasks to queue
[2026-05-08T18:03:58.194+0100] {logging_mixin.py:188} INFO - [2026-05-08T18:03:58.194+0100] {dagbag.py:540} INFO - Filling up the DagBag from /home/najma/airflow-venv/lib/python3.12/site-packages/airflow/example_dags/example_setup_teardown_taskflow.py
[2026-05-08T18:03:58.201+0100] {processor.py:840} INFO - DAG(s) 'example_setup_teardown_taskflow' retrieved from /home/najma/airflow-venv/lib/python3.12/site-packages/airflow/example_dags/example_setup_teardown_taskflow.py
[2026-05-08T18:03:58.229+0100] {logging_mixin.py:188} INFO - [2026-05-08T18:03:58.229+0100] {dag.py:3096} INFO - Sync 1 DAGs
[2026-05-08T18:03:58.254+0100] {logging_mixin.py:188} INFO - [2026-05-08T18:03:58.254+0100] {dag.py:3954} INFO - Setting next_dagrun for example_setup_teardown_taskflow to 2026-05-07 00:00:00+00:00, run_after=2026-05-08 00:00:00+00:00
[2026-05-08T18:03:58.349+0100] {processor.py:183} INFO - Processing /home/najma/airflow-venv/lib/python3.12/site-packages/airflow/example_dags/example_setup_teardown_taskflow.py took 0.161 seconds
[2026-05-08T18:05:06.157+0100] {processor.py:161} INFO - Started process (PID=11299) to work on /home/najma/airflow-venv/lib/python3.12/site-packages/airflow/example_dags/example_setup_teardown_taskflow.py
[2026-05-08T18:05:06.158+0100] {processor.py:830} INFO - Processing file /home/najma/airflow-venv/lib/python3.12/site-packages/airflow/example_dags/example_setup_teardown_taskflow.py for tasks to queue
[2026-05-08T18:05:06.159+0100] {logging_mixin.py:188} INFO - [2026-05-08T18:05:06.159+0100] {dagbag.py:540} INFO - Filling up the DagBag from /home/najma/airflow-venv/lib/python3.12/site-packages/airflow/example_dags/example_setup_teardown_taskflow.py
[2026-05-08T18:05:06.166+0100] {processor.py:840} INFO - DAG(s) 'example_setup_teardown_taskflow' retrieved from /home/najma/airflow-venv/lib/python3.12/site-packages/airflow/example_dags/example_setup_teardown_taskflow.py
[2026-05-08T18:05:06.195+0100] {logging_mixin.py:188} INFO - [2026-05-08T18:05:06.195+0100] {dag.py:3096} INFO - Sync 1 DAGs
[2026-05-08T18:05:06.222+0100] {logging_mixin.py:188} INFO - [2026-05-08T18:05:06.222+0100] {dag.py:3954} INFO - Setting next_dagrun for example_setup_teardown_taskflow to 2026-05-07 00:00:00+00:00, run_after=2026-05-08 00:00:00+00:00
[2026-05-08T18:05:06.395+0100] {processor.py:183} INFO - Processing /home/najma/airflow-venv/lib/python3.12/site-packages/airflow/example_dags/example_setup_teardown_taskflow.py took 0.242 seconds
[2026-05-08T18:06:11.168+0100] {processor.py:161} INFO - Started process (PID=11358) to work on /home/najma/airflow-venv/lib/python3.12/site-packages/airflow/example_dags/example_setup_teardown_taskflow.py
[2026-05-08T18:06:11.170+0100] {processor.py:830} INFO - Processing file /home/najma/airflow-venv/lib/python3.12/site-packages/airflow/example_dags/example_setup_teardown_taskflow.py for tasks to queue
[2026-05-08T18:06:11.171+0100] {logging_mixin.py:188} INFO - [2026-05-08T18:06:11.171+0100] {dagbag.py:540} INFO - Filling up the DagBag from /home/najma/airflow-venv/lib/python3.12/site-packages/airflow/example_dags/example_setup_teardown_taskflow.py
[2026-05-08T18:06:11.179+0100] {processor.py:840} INFO - DAG(s) 'example_setup_teardown_taskflow' retrieved from /home/najma/airflow-venv/lib/python3.12/site-packages/airflow/example_dags/example_setup_teardown_taskflow.py
[2026-05-08T18:06:11.209+0100] {logging_mixin.py:188} INFO - [2026-05-08T18:06:11.208+0100] {dag.py:3096} INFO - Sync 1 DAGs
[2026-05-08T18:06:11.314+0100] {logging_mixin.py:188} INFO - [2026-05-08T18:06:11.313+0100] {dag.py:3954} INFO - Setting next_dagrun for example_setup_teardown_taskflow to 2026-05-07 00:00:00+00:00, run_after=2026-05-08 00:00:00+00:00
[2026-05-08T18:06:11.391+0100] {processor.py:183} INFO - Processing /home/najma/airflow-venv/lib/python3.12/site-packages/airflow/example_dags/example_setup_teardown_taskflow.py took 0.227 seconds
[2026-05-08T18:07:14.051+0100] {processor.py:161} INFO - Started process (PID=11414) to work on /home/najma/airflow-venv/lib/python3.12/site-packages/airflow/example_dags/example_setup_teardown_taskflow.py
[2026-05-08T18:07:14.053+0100] {processor.py:830} INFO - Processing file /home/najma/airflow-venv/lib/python3.12/site-packages/airflow/example_dags/example_setup_teardown_taskflow.py for tasks to queue
[2026-05-08T18:07:14.055+0100] {logging_mixin.py:188} INFO - [2026-05-08T18:07:14.055+0100] {dagbag.py:540} INFO - Filling up the DagBag from /home/najma/airflow-venv/lib/python3.12/site-packages/airflow/example_dags/example_setup_teardown_taskflow.py
[2026-05-08T18:07:14.063+0100] {processor.py:840} INFO - DAG(s) 'example_setup_teardown_taskflow' retrieved from /home/najma/airflow-venv/lib/python3.12/site-packages/airflow/example_dags/example_setup_teardown_taskflow.py
[2026-05-08T18:07:14.090+0100] {logging_mixin.py:188} INFO - [2026-05-08T18:07:14.089+0100] {dag.py:3096} INFO - Sync 1 DAGs
[2026-05-08T18:07:14.114+0100] {logging_mixin.py:188} INFO - [2026-05-08T18:07:14.113+0100] {dag.py:3954} INFO - Setting next_dagrun for example_setup_teardown_taskflow to 2026-05-07 00:00:00+00:00, run_after=2026-05-08 00:00:00+00:00
[2026-05-08T18:07:14.197+0100] {processor.py:183} INFO - Processing /home/najma/airflow-venv/lib/python3.12/site-packages/airflow/example_dags/example_setup_teardown_taskflow.py took 0.150 seconds
[2026-05-08T18:08:16.608+0100] {processor.py:161} INFO - Started process (PID=11472) to work on /home/najma/airflow-venv/lib/python3.12/site-packages/airflow/example_dags/example_setup_teardown_taskflow.py
[2026-05-08T18:08:16.610+0100] {processor.py:830} INFO - Processing file /home/najma/airflow-venv/lib/python3.12/site-packages/airflow/example_dags/example_setup_teardown_taskflow.py for tasks to queue
[2026-05-08T18:08:16.612+0100] {logging_mixin.py:188} INFO - [2026-05-08T18:08:16.611+0100] {dagbag.py:540} INFO - Filling up the DagBag from /home/najma/airflow-venv/lib/python3.12/site-packages/airflow/example_dags/example_setup_teardown_taskflow.py
[2026-05-08T18:08:16.619+0100] {processor.py:840} INFO - DAG(s) 'example_setup_teardown_taskflow' retrieved from /home/najma/airflow-venv/lib/python3.12/site-packages/airflow/example_dags/example_setup_teardown_taskflow.py
[2026-05-08T18:08:16.647+0100] {logging_mixin.py:188} INFO - [2026-05-08T18:08:16.646+0100] {dag.py:3096} INFO - Sync 1 DAGs
[2026-05-08T18:08:16.672+0100] {logging_mixin.py:188} INFO - [2026-05-08T18:08:16.672+0100] {dag.py:3954} INFO - Setting next_dagrun for example_setup_teardown_taskflow to 2026-05-07 00:00:00+00:00, run_after=2026-05-08 00:00:00+00:00
[2026-05-08T18:08:16.768+0100] {processor.py:183} INFO - Processing /home/najma/airflow-venv/lib/python3.12/site-packages/airflow/example_dags/example_setup_teardown_taskflow.py took 0.163 seconds
[2026-05-08T18:09:24.136+0100] {processor.py:161} INFO - Started process (PID=11530) to work on /home/najma/airflow-venv/lib/python3.12/site-packages/airflow/example_dags/example_setup_teardown_taskflow.py
[2026-05-08T18:09:24.138+0100] {processor.py:830} INFO - Processing file /home/najma/airflow-venv/lib/python3.12/site-packages/airflow/example_dags/example_setup_teardown_taskflow.py for tasks to queue
[2026-05-08T18:09:24.139+0100] {logging_mixin.py:188} INFO - [2026-05-08T18:09:24.139+0100] {dagbag.py:540} INFO - Filling up the DagBag from /home/najma/airflow-venv/lib/python3.12/site-packages/airflow/example_dags/example_setup_teardown_taskflow.py
[2026-05-08T18:09:24.147+0100] {processor.py:840} INFO - DAG(s) 'example_setup_teardown_taskflow' retrieved from /home/najma/airflow-venv/lib/python3.12/site-packages/airflow/example_dags/example_setup_teardown_taskflow.py
[2026-05-08T18:09:24.175+0100] {logging_mixin.py:188} INFO - [2026-05-08T18:09:24.175+0100] {dag.py:3096} INFO - Sync 1 DAGs
[2026-05-08T18:09:24.201+0100] {logging_mixin.py:188} INFO - [2026-05-08T18:09:24.200+0100] {dag.py:3954} INFO - Setting next_dagrun for example_setup_teardown_taskflow to 2026-05-07 00:00:00+00:00, run_after=2026-05-08 00:00:00+00:00
[2026-05-08T18:09:24.275+0100] {processor.py:183} INFO - Processing /home/najma/airflow-venv/lib/python3.12/site-packages/airflow/example_dags/example_setup_teardown_taskflow.py took 0.142 seconds
[2026-05-08T18:10:23.287+0100] {processor.py:161} INFO - Started process (PID=11585) to work on /home/najma/airflow-venv/lib/python3.12/site-packages/airflow/example_dags/example_setup_teardown_taskflow.py
[2026-05-08T18:10:23.289+0100] {processor.py:830} INFO - Processing file /home/najma/airflow-venv/lib/python3.12/site-packages/airflow/example_dags/example_setup_teardown_taskflow.py for tasks to queue
[2026-05-08T18:10:23.290+0100] {logging_mixin.py:188} INFO - [2026-05-08T18:10:23.290+0100] {dagbag.py:540} INFO - Filling up the DagBag from /home/najma/airflow-venv/lib/python3.12/site-packages/airflow/example_dags/example_setup_teardown_taskflow.py
[2026-05-08T18:10:23.305+0100] {processor.py:840} INFO - DAG(s) 'example_setup_teardown_taskflow' retrieved from /home/najma/airflow-venv/lib/python3.12/site-packages/airflow/example_dags/example_setup_teardown_taskflow.py
[2026-05-08T18:10:23.336+0100] {logging_mixin.py:188} INFO - [2026-05-08T18:10:23.335+0100] {dag.py:3096} INFO - Sync 1 DAGs
[2026-05-08T18:10:23.358+0100] {logging_mixin.py:188} INFO - [2026-05-08T18:10:23.358+0100] {dag.py:3954} INFO - Setting next_dagrun for example_setup_teardown_taskflow to 2026-05-07 00:00:00+00:00, run_after=2026-05-08 00:00:00+00:00
[2026-05-08T18:10:23.449+0100] {processor.py:183} INFO - Processing /home/najma/airflow-venv/lib/python3.12/site-packages/airflow/example_dags/example_setup_teardown_taskflow.py took 0.166 seconds
[2026-05-08T18:11:31.204+0100] {processor.py:161} INFO - Started process (PID=11641) to work on /home/najma/airflow-venv/lib/python3.12/site-packages/airflow/example_dags/example_setup_teardown_taskflow.py
[2026-05-08T18:11:31.206+0100] {processor.py:830} INFO - Processing file /home/najma/airflow-venv/lib/python3.12/site-packages/airflow/example_dags/example_setup_teardown_taskflow.py for tasks to queue
[2026-05-08T18:11:31.208+0100] {logging_mixin.py:188} INFO - [2026-05-08T18:11:31.207+0100] {dagbag.py:540} INFO - Filling up the DagBag from /home/najma/airflow-venv/lib/python3.12/site-packages/airflow/example_dags/example_setup_teardown_taskflow.py
[2026-05-08T18:11:31.217+0100] {processor.py:840} INFO - DAG(s) 'example_setup_teardown_taskflow' retrieved from /home/najma/airflow-venv/lib/python3.12/site-packages/airflow/example_dags/example_setup_teardown_taskflow.py
[2026-05-08T18:11:31.246+0100] {logging_mixin.py:188} INFO - [2026-05-08T18:11:31.246+0100] {dag.py:3096} INFO - Sync 1 DAGs
[2026-05-08T18:11:31.273+0100] {logging_mixin.py:188} INFO - [2026-05-08T18:11:31.272+0100] {dag.py:3954} INFO - Setting next_dagrun for example_setup_teardown_taskflow to 2026-05-07 00:00:00+00:00, run_after=2026-05-08 00:00:00+00:00
[2026-05-08T18:11:31.361+0100] {processor.py:183} INFO - Processing /home/najma/airflow-venv/lib/python3.12/site-packages/airflow/example_dags/example_setup_teardown_taskflow.py took 0.162 seconds
[2026-05-08T18:12:09.730+0100] {processor.py:161} INFO - Started process (PID=11671) to work on /home/najma/airflow-venv/lib/python3.12/site-packages/airflow/example_dags/example_setup_teardown_taskflow.py
[2026-05-08T18:12:09.731+0100] {processor.py:830} INFO - Processing file /home/najma/airflow-venv/lib/python3.12/site-packages/airflow/example_dags/example_setup_teardown_taskflow.py for tasks to queue
[2026-05-08T18:12:09.733+0100] {logging_mixin.py:188} INFO - [2026-05-08T18:12:09.733+0100] {dagbag.py:540} INFO - Filling up the DagBag from /home/najma/airflow-venv/lib/python3.12/site-packages/airflow/example_dags/example_setup_teardown_taskflow.py
[2026-05-08T18:12:09.741+0100] {processor.py:840} INFO - DAG(s) 'example_setup_teardown_taskflow' retrieved from /home/najma/airflow-venv/lib/python3.12/site-packages/airflow/example_dags/example_setup_teardown_taskflow.py
[2026-05-08T18:12:09.769+0100] {logging_mixin.py:188} INFO - [2026-05-08T18:12:09.768+0100] {dag.py:3096} INFO - Sync 1 DAGs
[2026-05-08T18:12:09.792+0100] {logging_mixin.py:188} INFO - [2026-05-08T18:12:09.792+0100] {dag.py:3954} INFO - Setting next_dagrun for example_setup_teardown_taskflow to 2026-05-07 00:00:00+00:00, run_after=2026-05-08 00:00:00+00:00
[2026-05-08T18:12:09.889+0100] {processor.py:183} INFO - Processing /home/najma/airflow-venv/lib/python3.12/site-packages/airflow/example_dags/example_setup_teardown_taskflow.py took 0.163 seconds
[2026-05-08T18:13:32.537+0100] {processor.py:161} INFO - Started process (PID=11730) to work on /home/najma/airflow-venv/lib/python3.12/site-packages/airflow/example_dags/example_setup_teardown_taskflow.py
[2026-05-08T18:13:32.539+0100] {processor.py:830} INFO - Processing file /home/najma/airflow-venv/lib/python3.12/site-packages/airflow/example_dags/example_setup_teardown_taskflow.py for tasks to queue
[2026-05-08T18:13:32.541+0100] {logging_mixin.py:188} INFO - [2026-05-08T18:13:32.540+0100] {dagbag.py:540} INFO - Filling up the DagBag from /home/najma/airflow-venv/lib/python3.12/site-packages/airflow/example_dags/example_setup_teardown_taskflow.py
[2026-05-08T18:13:32.550+0100] {processor.py:840} INFO - DAG(s) 'example_setup_teardown_taskflow' retrieved from /home/najma/airflow-venv/lib/python3.12/site-packages/airflow/example_dags/example_setup_teardown_taskflow.py
[2026-05-08T18:13:32.581+0100] {logging_mixin.py:188} INFO - [2026-05-08T18:13:32.581+0100] {dag.py:3096} INFO - Sync 1 DAGs
[2026-05-08T18:13:32.606+0100] {logging_mixin.py:188} INFO - [2026-05-08T18:13:32.606+0100] {dag.py:3954} INFO - Setting next_dagrun for example_setup_teardown_taskflow to 2026-05-07 00:00:00+00:00, run_after=2026-05-08 00:00:00+00:00
[2026-05-08T18:13:32.705+0100] {processor.py:183} INFO - Processing /home/najma/airflow-venv/lib/python3.12/site-packages/airflow/example_dags/example_setup_teardown_taskflow.py took 0.171 seconds
[2026-05-08T18:14:18.509+0100] {processor.py:161} INFO - Started process (PID=11769) to work on /home/najma/airflow-venv/lib/python3.12/site-packages/airflow/example_dags/example_setup_teardown_taskflow.py
[2026-05-08T18:14:18.511+0100] {processor.py:830} INFO - Processing file /home/najma/airflow-venv/lib/python3.12/site-packages/airflow/example_dags/example_setup_teardown_taskflow.py for tasks to queue
[2026-05-08T18:14:18.513+0100] {logging_mixin.py:188} INFO - [2026-05-08T18:14:18.513+0100] {dagbag.py:540} INFO - Filling up the DagBag from /home/najma/airflow-venv/lib/python3.12/site-packages/airflow/example_dags/example_setup_teardown_taskflow.py
[2026-05-08T18:14:18.527+0100] {processor.py:840} INFO - DAG(s) 'example_setup_teardown_taskflow' retrieved from /home/najma/airflow-venv/lib/python3.12/site-packages/airflow/example_dags/example_setup_teardown_taskflow.py
[2026-05-08T18:14:18.571+0100] {logging_mixin.py:188} INFO - [2026-05-08T18:14:18.570+0100] {dag.py:3096} INFO - Sync 1 DAGs
[2026-05-08T18:14:18.607+0100] {logging_mixin.py:188} INFO - [2026-05-08T18:14:18.606+0100] {dag.py:3954} INFO - Setting next_dagrun for example_setup_teardown_taskflow to 2026-05-07 00:00:00+00:00, run_after=2026-05-08 00:00:00+00:00
[2026-05-08T18:14:18.717+0100] {processor.py:183} INFO - Processing /home/najma/airflow-venv/lib/python3.12/site-packages/airflow/example_dags/example_setup_teardown_taskflow.py took 0.213 seconds
[2026-05-08T18:15:33.936+0100] {processor.py:161} INFO - Started process (PID=11838) to work on /home/najma/airflow-venv/lib/python3.12/site-packages/airflow/example_dags/example_setup_teardown_taskflow.py
[2026-05-08T18:15:33.938+0100] {processor.py:830} INFO - Processing file /home/najma/airflow-venv/lib/python3.12/site-packages/airflow/example_dags/example_setup_teardown_taskflow.py for tasks to queue
[2026-05-08T18:15:33.939+0100] {logging_mixin.py:188} INFO - [2026-05-08T18:15:33.939+0100] {dagbag.py:540} INFO - Filling up the DagBag from /home/najma/airflow-venv/lib/python3.12/site-packages/airflow/example_dags/example_setup_teardown_taskflow.py
[2026-05-08T18:15:33.947+0100] {processor.py:840} INFO - DAG(s) 'example_setup_teardown_taskflow' retrieved from /home/najma/airflow-venv/lib/python3.12/site-packages/airflow/example_dags/example_setup_teardown_taskflow.py
[2026-05-08T18:15:33.976+0100] {logging_mixin.py:188} INFO - [2026-05-08T18:15:33.976+0100] {dag.py:3096} INFO - Sync 1 DAGs
[2026-05-08T18:15:34.003+0100] {logging_mixin.py:188} INFO - [2026-05-08T18:15:34.003+0100] {dag.py:3954} INFO - Setting next_dagrun for example_setup_teardown_taskflow to 2026-05-07 00:00:00+00:00, run_after=2026-05-08 00:00:00+00:00
[2026-05-08T18:15:34.099+0100] {processor.py:183} INFO - Processing /home/najma/airflow-venv/lib/python3.12/site-packages/airflow/example_dags/example_setup_teardown_taskflow.py took 0.166 seconds
[2026-05-08T18:16:43.148+0100] {processor.py:161} INFO - Started process (PID=11895) to work on /home/najma/airflow-venv/lib/python3.12/site-packages/airflow/example_dags/example_setup_teardown_taskflow.py
[2026-05-08T18:16:43.150+0100] {processor.py:830} INFO - Processing file /home/najma/airflow-venv/lib/python3.12/site-packages/airflow/example_dags/example_setup_teardown_taskflow.py for tasks to queue
[2026-05-08T18:16:43.152+0100] {logging_mixin.py:188} INFO - [2026-05-08T18:16:43.151+0100] {dagbag.py:540} INFO - Filling up the DagBag from /home/najma/airflow-venv/lib/python3.12/site-packages/airflow/example_dags/example_setup_teardown_taskflow.py
[2026-05-08T18:16:43.163+0100] {processor.py:840} INFO - DAG(s) 'example_setup_teardown_taskflow' retrieved from /home/najma/airflow-venv/lib/python3.12/site-packages/airflow/example_dags/example_setup_teardown_taskflow.py
[2026-05-08T18:16:43.195+0100] {logging_mixin.py:188} INFO - [2026-05-08T18:16:43.195+0100] {dag.py:3096} INFO - Sync 1 DAGs
[2026-05-08T18:16:43.231+0100] {logging_mixin.py:188} INFO - [2026-05-08T18:16:43.231+0100] {dag.py:3954} INFO - Setting next_dagrun for example_setup_teardown_taskflow to 2026-05-07 00:00:00+00:00, run_after=2026-05-08 00:00:00+00:00
[2026-05-08T18:16:43.362+0100] {processor.py:183} INFO - Processing /home/najma/airflow-venv/lib/python3.12/site-packages/airflow/example_dags/example_setup_teardown_taskflow.py took 0.218 seconds
[2026-05-08T18:17:53.983+0100] {processor.py:161} INFO - Started process (PID=11955) to work on /home/najma/airflow-venv/lib/python3.12/site-packages/airflow/example_dags/example_setup_teardown_taskflow.py
[2026-05-08T18:17:53.984+0100] {processor.py:830} INFO - Processing file /home/najma/airflow-venv/lib/python3.12/site-packages/airflow/example_dags/example_setup_teardown_taskflow.py for tasks to queue
[2026-05-08T18:17:53.986+0100] {logging_mixin.py:188} INFO - [2026-05-08T18:17:53.986+0100] {dagbag.py:540} INFO - Filling up the DagBag from /home/najma/airflow-venv/lib/python3.12/site-packages/airflow/example_dags/example_setup_teardown_taskflow.py
[2026-05-08T18:17:53.998+0100] {processor.py:840} INFO - DAG(s) 'example_setup_teardown_taskflow' retrieved from /home/najma/airflow-venv/lib/python3.12/site-packages/airflow/example_dags/example_setup_teardown_taskflow.py
[2026-05-08T18:17:54.029+0100] {logging_mixin.py:188} INFO - [2026-05-08T18:17:54.029+0100] {dag.py:3096} INFO - Sync 1 DAGs
[2026-05-08T18:17:54.058+0100] {logging_mixin.py:188} INFO - [2026-05-08T18:17:54.058+0100] {dag.py:3954} INFO - Setting next_dagrun for example_setup_teardown_taskflow to 2026-05-07 00:00:00+00:00, run_after=2026-05-08 00:00:00+00:00
[2026-05-08T18:17:54.149+0100] {processor.py:183} INFO - Processing /home/najma/airflow-venv/lib/python3.12/site-packages/airflow/example_dags/example_setup_teardown_taskflow.py took 0.170 seconds
[2026-05-08T18:18:34.740+0100] {processor.py:161} INFO - Started process (PID=11986) to work on /home/najma/airflow-venv/lib/python3.12/site-packages/airflow/example_dags/example_setup_teardown_taskflow.py
[2026-05-08T18:18:34.742+0100] {processor.py:830} INFO - Processing file /home/najma/airflow-venv/lib/python3.12/site-packages/airflow/example_dags/example_setup_teardown_taskflow.py for tasks to queue
[2026-05-08T18:18:34.745+0100] {logging_mixin.py:188} INFO - [2026-05-08T18:18:34.744+0100] {dagbag.py:540} INFO - Filling up the DagBag from /home/najma/airflow-venv/lib/python3.12/site-packages/airflow/example_dags/example_setup_teardown_taskflow.py
[2026-05-08T18:18:34.755+0100] {processor.py:840} INFO - DAG(s) 'example_setup_teardown_taskflow' retrieved from /home/najma/airflow-venv/lib/python3.12/site-packages/airflow/example_dags/example_setup_teardown_taskflow.py
[2026-05-08T18:18:34.790+0100] {logging_mixin.py:188} INFO - [2026-05-08T18:18:34.790+0100] {dag.py:3096} INFO - Sync 1 DAGs
[2026-05-08T18:18:34.819+0100] {logging_mixin.py:188} INFO - [2026-05-08T18:18:34.819+0100] {dag.py:3954} INFO - Setting next_dagrun for example_setup_teardown_taskflow to 2026-05-07 00:00:00+00:00, run_after=2026-05-08 00:00:00+00:00
[2026-05-08T18:18:34.921+0100] {processor.py:183} INFO - Processing /home/najma/airflow-venv/lib/python3.12/site-packages/airflow/example_dags/example_setup_teardown_taskflow.py took 0.186 seconds
[2026-05-08T18:19:40.126+0100] {processor.py:161} INFO - Started process (PID=12042) to work on /home/najma/airflow-venv/lib/python3.12/site-packages/airflow/example_dags/example_setup_teardown_taskflow.py
[2026-05-08T18:19:40.128+0100] {processor.py:830} INFO - Processing file /home/najma/airflow-venv/lib/python3.12/site-packages/airflow/example_dags/example_setup_teardown_taskflow.py for tasks to queue
[2026-05-08T18:19:40.129+0100] {logging_mixin.py:188} INFO - [2026-05-08T18:19:40.129+0100] {dagbag.py:540} INFO - Filling up the DagBag from /home/najma/airflow-venv/lib/python3.12/site-packages/airflow/example_dags/example_setup_teardown_taskflow.py
[2026-05-08T18:19:40.136+0100] {processor.py:840} INFO - DAG(s) 'example_setup_teardown_taskflow' retrieved from /home/najma/airflow-venv/lib/python3.12/site-packages/airflow/example_dags/example_setup_teardown_taskflow.py
[2026-05-08T18:19:40.165+0100] {logging_mixin.py:188} INFO - [2026-05-08T18:19:40.164+0100] {dag.py:3096} INFO - Sync 1 DAGs
[2026-05-08T18:19:40.190+0100] {logging_mixin.py:188} INFO - [2026-05-08T18:19:40.190+0100] {dag.py:3954} INFO - Setting next_dagrun for example_setup_teardown_taskflow to 2026-05-07 00:00:00+00:00, run_after=2026-05-08 00:00:00+00:00
[2026-05-08T18:19:40.280+0100] {processor.py:183} INFO - Processing /home/najma/airflow-venv/lib/python3.12/site-packages/airflow/example_dags/example_setup_teardown_taskflow.py took 0.158 seconds
[2026-05-08T18:20:47.425+0100] {processor.py:161} INFO - Started process (PID=12098) to work on /home/najma/airflow-venv/lib/python3.12/site-packages/airflow/example_dags/example_setup_teardown_taskflow.py
[2026-05-08T18:20:47.427+0100] {processor.py:830} INFO - Processing file /home/najma/airflow-venv/lib/python3.12/site-packages/airflow/example_dags/example_setup_teardown_taskflow.py for tasks to queue
[2026-05-08T18:20:47.429+0100] {logging_mixin.py:188} INFO - [2026-05-08T18:20:47.428+0100] {dagbag.py:540} INFO - Filling up the DagBag from /home/najma/airflow-venv/lib/python3.12/site-packages/airflow/example_dags/example_setup_teardown_taskflow.py
[2026-05-08T18:20:47.436+0100] {processor.py:840} INFO - DAG(s) 'example_setup_teardown_taskflow' retrieved from /home/najma/airflow-venv/lib/python3.12/site-packages/airflow/example_dags/example_setup_teardown_taskflow.py
[2026-05-08T18:20:47.465+0100] {logging_mixin.py:188} INFO - [2026-05-08T18:20:47.465+0100] {dag.py:3096} INFO - Sync 1 DAGs
[2026-05-08T18:20:47.489+0100] {logging_mixin.py:188} INFO - [2026-05-08T18:20:47.489+0100] {dag.py:3954} INFO - Setting next_dagrun for example_setup_teardown_taskflow to 2026-05-07 00:00:00+00:00, run_after=2026-05-08 00:00:00+00:00
[2026-05-08T18:20:47.589+0100] {processor.py:183} INFO - Processing /home/najma/airflow-venv/lib/python3.12/site-packages/airflow/example_dags/example_setup_teardown_taskflow.py took 0.168 seconds
[2026-05-08T18:21:26.320+0100] {processor.py:161} INFO - Started process (PID=12128) to work on /home/najma/airflow-venv/lib/python3.12/site-packages/airflow/example_dags/example_setup_teardown_taskflow.py
[2026-05-08T18:21:26.321+0100] {processor.py:830} INFO - Processing file /home/najma/airflow-venv/lib/python3.12/site-packages/airflow/example_dags/example_setup_teardown_taskflow.py for tasks to queue
[2026-05-08T18:21:26.323+0100] {logging_mixin.py:188} INFO - [2026-05-08T18:21:26.322+0100] {dagbag.py:540} INFO - Filling up the DagBag from /home/najma/airflow-venv/lib/python3.12/site-packages/airflow/example_dags/example_setup_teardown_taskflow.py
[2026-05-08T18:21:26.331+0100] {processor.py:840} INFO - DAG(s) 'example_setup_teardown_taskflow' retrieved from /home/najma/airflow-venv/lib/python3.12/site-packages/airflow/example_dags/example_setup_teardown_taskflow.py
[2026-05-08T18:21:26.358+0100] {logging_mixin.py:188} INFO - [2026-05-08T18:21:26.358+0100] {dag.py:3096} INFO - Sync 1 DAGs
[2026-05-08T18:21:26.383+0100] {logging_mixin.py:188} INFO - [2026-05-08T18:21:26.383+0100] {dag.py:3954} INFO - Setting next_dagrun for example_setup_teardown_taskflow to 2026-05-07 00:00:00+00:00, run_after=2026-05-08 00:00:00+00:00
[2026-05-08T18:21:26.479+0100] {processor.py:183} INFO - Processing /home/najma/airflow-venv/lib/python3.12/site-packages/airflow/example_dags/example_setup_teardown_taskflow.py took 0.163 seconds
[2026-05-08T18:22:03.017+0100] {processor.py:161} INFO - Started process (PID=12158) to work on /home/najma/airflow-venv/lib/python3.12/site-packages/airflow/example_dags/example_setup_teardown_taskflow.py
[2026-05-08T18:22:03.018+0100] {processor.py:830} INFO - Processing file /home/najma/airflow-venv/lib/python3.12/site-packages/airflow/example_dags/example_setup_teardown_taskflow.py for tasks to queue
[2026-05-08T18:22:03.020+0100] {logging_mixin.py:188} INFO - [2026-05-08T18:22:03.020+0100] {dagbag.py:540} INFO - Filling up the DagBag from /home/najma/airflow-venv/lib/python3.12/site-packages/airflow/example_dags/example_setup_teardown_taskflow.py
[2026-05-08T18:22:03.027+0100] {processor.py:840} INFO - DAG(s) 'example_setup_teardown_taskflow' retrieved from /home/najma/airflow-venv/lib/python3.12/site-packages/airflow/example_dags/example_setup_teardown_taskflow.py
[2026-05-08T18:22:03.067+0100] {logging_mixin.py:188} INFO - [2026-05-08T18:22:03.066+0100] {dag.py:3096} INFO - Sync 1 DAGs
[2026-05-08T18:22:03.100+0100] {logging_mixin.py:188} INFO - [2026-05-08T18:22:03.099+0100] {dag.py:3954} INFO - Setting next_dagrun for example_setup_teardown_taskflow to 2026-05-07 00:00:00+00:00, run_after=2026-05-08 00:00:00+00:00
[2026-05-08T18:22:03.210+0100] {processor.py:183} INFO - Processing /home/najma/airflow-venv/lib/python3.12/site-packages/airflow/example_dags/example_setup_teardown_taskflow.py took 0.197 seconds
[2026-05-08T18:23:13.295+0100] {processor.py:161} INFO - Started process (PID=12215) to work on /home/najma/airflow-venv/lib/python3.12/site-packages/airflow/example_dags/example_setup_teardown_taskflow.py
[2026-05-08T18:23:13.296+0100] {processor.py:830} INFO - Processing file /home/najma/airflow-venv/lib/python3.12/site-packages/airflow/example_dags/example_setup_teardown_taskflow.py for tasks to queue
[2026-05-08T18:23:13.298+0100] {logging_mixin.py:188} INFO - [2026-05-08T18:23:13.297+0100] {dagbag.py:540} INFO - Filling up the DagBag from /home/najma/airflow-venv/lib/python3.12/site-packages/airflow/example_dags/example_setup_teardown_taskflow.py
[2026-05-08T18:23:13.306+0100] {processor.py:840} INFO - DAG(s) 'example_setup_teardown_taskflow' retrieved from /home/najma/airflow-venv/lib/python3.12/site-packages/airflow/example_dags/example_setup_teardown_taskflow.py
[2026-05-08T18:23:13.333+0100] {logging_mixin.py:188} INFO - [2026-05-08T18:23:13.333+0100] {dag.py:3096} INFO - Sync 1 DAGs
[2026-05-08T18:23:13.355+0100] {logging_mixin.py:188} INFO - [2026-05-08T18:23:13.355+0100] {dag.py:3954} INFO - Setting next_dagrun for example_setup_teardown_taskflow to 2026-05-07 00:00:00+00:00, run_after=2026-05-08 00:00:00+00:00
[2026-05-08T18:23:13.428+0100] {processor.py:183} INFO - Processing /home/najma/airflow-venv/lib/python3.12/site-packages/airflow/example_dags/example_setup_teardown_taskflow.py took 0.137 seconds
[2026-05-08T18:23:44.425+0100] {processor.py:161} INFO - Started process (PID=12239) to work on /home/najma/airflow-venv/lib/python3.12/site-packages/airflow/example_dags/example_setup_teardown_taskflow.py
[2026-05-08T18:23:44.426+0100] {processor.py:830} INFO - Processing file /home/najma/airflow-venv/lib/python3.12/site-packages/airflow/example_dags/example_setup_teardown_taskflow.py for tasks to queue
[2026-05-08T18:23:44.428+0100] {logging_mixin.py:188} INFO - [2026-05-08T18:23:44.427+0100] {dagbag.py:540} INFO - Filling up the DagBag from /home/najma/airflow-venv/lib/python3.12/site-packages/airflow/example_dags/example_setup_teardown_taskflow.py
[2026-05-08T18:23:44.435+0100] {processor.py:840} INFO - DAG(s) 'example_setup_teardown_taskflow' retrieved from /home/najma/airflow-venv/lib/python3.12/site-packages/airflow/example_dags/example_setup_teardown_taskflow.py
[2026-05-08T18:23:44.470+0100] {logging_mixin.py:188} INFO - [2026-05-08T18:23:44.470+0100] {dag.py:3096} INFO - Sync 1 DAGs
[2026-05-08T18:23:44.495+0100] {logging_mixin.py:188} INFO - [2026-05-08T18:23:44.495+0100] {dag.py:3954} INFO - Setting next_dagrun for example_setup_teardown_taskflow to 2026-05-07 00:00:00+00:00, run_after=2026-05-08 00:00:00+00:00
[2026-05-08T18:23:44.575+0100] {processor.py:183} INFO - Processing /home/najma/airflow-venv/lib/python3.12/site-packages/airflow/example_dags/example_setup_teardown_taskflow.py took 0.154 seconds
[2026-05-08T18:24:54.188+0100] {processor.py:161} INFO - Started process (PID=12301) to work on /home/najma/airflow-venv/lib/python3.12/site-packages/airflow/example_dags/example_setup_teardown_taskflow.py
[2026-05-08T18:24:54.189+0100] {processor.py:830} INFO - Processing file /home/najma/airflow-venv/lib/python3.12/site-packages/airflow/example_dags/example_setup_teardown_taskflow.py for tasks to queue
[2026-05-08T18:24:54.191+0100] {logging_mixin.py:188} INFO - [2026-05-08T18:24:54.191+0100] {dagbag.py:540} INFO - Filling up the DagBag from /home/najma/airflow-venv/lib/python3.12/site-packages/airflow/example_dags/example_setup_teardown_taskflow.py
[2026-05-08T18:24:54.199+0100] {processor.py:840} INFO - DAG(s) 'example_setup_teardown_taskflow' retrieved from /home/najma/airflow-venv/lib/python3.12/site-packages/airflow/example_dags/example_setup_teardown_taskflow.py
[2026-05-08T18:24:54.225+0100] {logging_mixin.py:188} INFO - [2026-05-08T18:24:54.225+0100] {dag.py:3096} INFO - Sync 1 DAGs
[2026-05-08T18:24:54.248+0100] {logging_mixin.py:188} INFO - [2026-05-08T18:24:54.248+0100] {dag.py:3954} INFO - Setting next_dagrun for example_setup_teardown_taskflow to 2026-05-07 00:00:00+00:00, run_after=2026-05-08 00:00:00+00:00
[2026-05-08T18:24:54.338+0100] {processor.py:183} INFO - Processing /home/najma/airflow-venv/lib/python3.12/site-packages/airflow/example_dags/example_setup_teardown_taskflow.py took 0.154 seconds
[2026-05-08T18:25:37.164+0100] {processor.py:161} INFO - Started process (PID=12340) to work on /home/najma/airflow-venv/lib/python3.12/site-packages/airflow/example_dags/example_setup_teardown_taskflow.py
[2026-05-08T18:25:37.166+0100] {processor.py:830} INFO - Processing file /home/najma/airflow-venv/lib/python3.12/site-packages/airflow/example_dags/example_setup_teardown_taskflow.py for tasks to queue
[2026-05-08T18:25:37.168+0100] {logging_mixin.py:188} INFO - [2026-05-08T18:25:37.167+0100] {dagbag.py:540} INFO - Filling up the DagBag from /home/najma/airflow-venv/lib/python3.12/site-packages/airflow/example_dags/example_setup_teardown_taskflow.py
[2026-05-08T18:25:37.175+0100] {processor.py:840} INFO - DAG(s) 'example_setup_teardown_taskflow' retrieved from /home/najma/airflow-venv/lib/python3.12/site-packages/airflow/example_dags/example_setup_teardown_taskflow.py
[2026-05-08T18:25:37.206+0100] {logging_mixin.py:188} INFO - [2026-05-08T18:25:37.206+0100] {dag.py:3096} INFO - Sync 1 DAGs
[2026-05-08T18:25:37.236+0100] {logging_mixin.py:188} INFO - [2026-05-08T18:25:37.236+0100] {dag.py:3954} INFO - Setting next_dagrun for example_setup_teardown_taskflow to 2026-05-07 00:00:00+00:00, run_after=2026-05-08 00:00:00+00:00
[2026-05-08T18:25:37.322+0100] {processor.py:183} INFO - Processing /home/najma/airflow-venv/lib/python3.12/site-packages/airflow/example_dags/example_setup_teardown_taskflow.py took 0.163 seconds
[2026-05-08T18:26:45.419+0100] {processor.py:161} INFO - Started process (PID=12405) to work on /home/najma/airflow-venv/lib/python3.12/site-packages/airflow/example_dags/example_setup_teardown_taskflow.py
[2026-05-08T18:26:45.420+0100] {processor.py:830} INFO - Processing file /home/najma/airflow-venv/lib/python3.12/site-packages/airflow/example_dags/example_setup_teardown_taskflow.py for tasks to queue
[2026-05-08T18:26:45.425+0100] {logging_mixin.py:188} INFO - [2026-05-08T18:26:45.423+0100] {dagbag.py:540} INFO - Filling up the DagBag from /home/najma/airflow-venv/lib/python3.12/site-packages/airflow/example_dags/example_setup_teardown_taskflow.py
[2026-05-08T18:26:45.436+0100] {processor.py:840} INFO - DAG(s) 'example_setup_teardown_taskflow' retrieved from /home/najma/airflow-venv/lib/python3.12/site-packages/airflow/example_dags/example_setup_teardown_taskflow.py
[2026-05-08T18:26:45.482+0100] {logging_mixin.py:188} INFO - [2026-05-08T18:26:45.482+0100] {dag.py:3096} INFO - Sync 1 DAGs
[2026-05-08T18:26:45.534+0100] {logging_mixin.py:188} INFO - [2026-05-08T18:26:45.534+0100] {dag.py:3954} INFO - Setting next_dagrun for example_setup_teardown_taskflow to 2026-05-07 00:00:00+00:00, run_after=2026-05-08 00:00:00+00:00
[2026-05-08T18:26:45.647+0100] {processor.py:183} INFO - Processing /home/najma/airflow-venv/lib/python3.12/site-packages/airflow/example_dags/example_setup_teardown_taskflow.py took 0.233 seconds
[2026-05-08T18:27:31.425+0100] {processor.py:161} INFO - Started process (PID=12436) to work on /home/najma/airflow-venv/lib/python3.12/site-packages/airflow/example_dags/example_setup_teardown_taskflow.py
[2026-05-08T18:27:31.453+0100] {processor.py:830} INFO - Processing file /home/najma/airflow-venv/lib/python3.12/site-packages/airflow/example_dags/example_setup_teardown_taskflow.py for tasks to queue
[2026-05-08T18:27:31.456+0100] {logging_mixin.py:188} INFO - [2026-05-08T18:27:31.455+0100] {dagbag.py:540} INFO - Filling up the DagBag from /home/najma/airflow-venv/lib/python3.12/site-packages/airflow/example_dags/example_setup_teardown_taskflow.py
[2026-05-08T18:27:31.464+0100] {processor.py:840} INFO - DAG(s) 'example_setup_teardown_taskflow' retrieved from /home/najma/airflow-venv/lib/python3.12/site-packages/airflow/example_dags/example_setup_teardown_taskflow.py
[2026-05-08T18:27:31.498+0100] {logging_mixin.py:188} INFO - [2026-05-08T18:27:31.497+0100] {dag.py:3096} INFO - Sync 1 DAGs
[2026-05-08T18:27:31.525+0100] {logging_mixin.py:188} INFO - [2026-05-08T18:27:31.525+0100] {dag.py:3954} INFO - Setting next_dagrun for example_setup_teardown_taskflow to 2026-05-07 00:00:00+00:00, run_after=2026-05-08 00:00:00+00:00
[2026-05-08T18:27:31.631+0100] {processor.py:183} INFO - Processing /home/najma/airflow-venv/lib/python3.12/site-packages/airflow/example_dags/example_setup_teardown_taskflow.py took 0.210 seconds
[2026-05-08T18:28:13.112+0100] {processor.py:161} INFO - Started process (PID=12470) to work on /home/najma/airflow-venv/lib/python3.12/site-packages/airflow/example_dags/example_setup_teardown_taskflow.py
[2026-05-08T18:28:13.113+0100] {processor.py:830} INFO - Processing file /home/najma/airflow-venv/lib/python3.12/site-packages/airflow/example_dags/example_setup_teardown_taskflow.py for tasks to queue
[2026-05-08T18:28:13.115+0100] {logging_mixin.py:188} INFO - [2026-05-08T18:28:13.115+0100] {dagbag.py:540} INFO - Filling up the DagBag from /home/najma/airflow-venv/lib/python3.12/site-packages/airflow/example_dags/example_setup_teardown_taskflow.py
[2026-05-08T18:28:13.122+0100] {processor.py:840} INFO - DAG(s) 'example_setup_teardown_taskflow' retrieved from /home/najma/airflow-venv/lib/python3.12/site-packages/airflow/example_dags/example_setup_teardown_taskflow.py
[2026-05-08T18:28:13.148+0100] {logging_mixin.py:188} INFO - [2026-05-08T18:28:13.147+0100] {dag.py:3096} INFO - Sync 1 DAGs
[2026-05-08T18:28:13.171+0100] {logging_mixin.py:188} INFO - [2026-05-08T18:28:13.171+0100] {dag.py:3954} INFO - Setting next_dagrun for example_setup_teardown_taskflow to 2026-05-07 00:00:00+00:00, run_after=2026-05-08 00:00:00+00:00
[2026-05-08T18:28:13.271+0100] {processor.py:183} INFO - Processing /home/najma/airflow-venv/lib/python3.12/site-packages/airflow/example_dags/example_setup_teardown_taskflow.py took 0.162 seconds
[2026-05-08T18:29:26.622+0100] {processor.py:161} INFO - Started process (PID=12529) to work on /home/najma/airflow-venv/lib/python3.12/site-packages/airflow/example_dags/example_setup_teardown_taskflow.py
[2026-05-08T18:29:26.623+0100] {processor.py:830} INFO - Processing file /home/najma/airflow-venv/lib/python3.12/site-packages/airflow/example_dags/example_setup_teardown_taskflow.py for tasks to queue
[2026-05-08T18:29:26.625+0100] {logging_mixin.py:188} INFO - [2026-05-08T18:29:26.624+0100] {dagbag.py:540} INFO - Filling up the DagBag from /home/najma/airflow-venv/lib/python3.12/site-packages/airflow/example_dags/example_setup_teardown_taskflow.py
[2026-05-08T18:29:26.632+0100] {processor.py:840} INFO - DAG(s) 'example_setup_teardown_taskflow' retrieved from /home/najma/airflow-venv/lib/python3.12/site-packages/airflow/example_dags/example_setup_teardown_taskflow.py
[2026-05-08T18:29:26.662+0100] {logging_mixin.py:188} INFO - [2026-05-08T18:29:26.662+0100] {dag.py:3096} INFO - Sync 1 DAGs
[2026-05-08T18:29:26.690+0100] {logging_mixin.py:188} INFO - [2026-05-08T18:29:26.690+0100] {dag.py:3954} INFO - Setting next_dagrun for example_setup_teardown_taskflow to 2026-05-07 00:00:00+00:00, run_after=2026-05-08 00:00:00+00:00
[2026-05-08T18:29:26.783+0100] {processor.py:183} INFO - Processing /home/najma/airflow-venv/lib/python3.12/site-packages/airflow/example_dags/example_setup_teardown_taskflow.py took 0.165 seconds
[2026-05-08T18:30:05.055+0100] {processor.py:161} INFO - Started process (PID=12558) to work on /home/najma/airflow-venv/lib/python3.12/site-packages/airflow/example_dags/example_setup_teardown_taskflow.py
[2026-05-08T18:30:05.057+0100] {processor.py:830} INFO - Processing file /home/najma/airflow-venv/lib/python3.12/site-packages/airflow/example_dags/example_setup_teardown_taskflow.py for tasks to queue
[2026-05-08T18:30:05.060+0100] {logging_mixin.py:188} INFO - [2026-05-08T18:30:05.059+0100] {dagbag.py:540} INFO - Filling up the DagBag from /home/najma/airflow-venv/lib/python3.12/site-packages/airflow/example_dags/example_setup_teardown_taskflow.py
[2026-05-08T18:30:05.067+0100] {processor.py:840} INFO - DAG(s) 'example_setup_teardown_taskflow' retrieved from /home/najma/airflow-venv/lib/python3.12/site-packages/airflow/example_dags/example_setup_teardown_taskflow.py
[2026-05-08T18:30:05.096+0100] {logging_mixin.py:188} INFO - [2026-05-08T18:30:05.096+0100] {dag.py:3096} INFO - Sync 1 DAGs
[2026-05-08T18:30:05.123+0100] {logging_mixin.py:188} INFO - [2026-05-08T18:30:05.123+0100] {dag.py:3954} INFO - Setting next_dagrun for example_setup_teardown_taskflow to 2026-05-07 00:00:00+00:00, run_after=2026-05-08 00:00:00+00:00
[2026-05-08T18:30:05.210+0100] {processor.py:183} INFO - Processing /home/najma/airflow-venv/lib/python3.12/site-packages/airflow/example_dags/example_setup_teardown_taskflow.py took 0.159 seconds
[2026-05-08T18:30:45.024+0100] {processor.py:161} INFO - Started process (PID=12589) to work on /home/najma/airflow-venv/lib/python3.12/site-packages/airflow/example_dags/example_setup_teardown_taskflow.py
[2026-05-08T18:30:45.025+0100] {processor.py:830} INFO - Processing file /home/najma/airflow-venv/lib/python3.12/site-packages/airflow/example_dags/example_setup_teardown_taskflow.py for tasks to queue
[2026-05-08T18:30:45.027+0100] {logging_mixin.py:188} INFO - [2026-05-08T18:30:45.027+0100] {dagbag.py:540} INFO - Filling up the DagBag from /home/najma/airflow-venv/lib/python3.12/site-packages/airflow/example_dags/example_setup_teardown_taskflow.py
[2026-05-08T18:30:45.034+0100] {processor.py:840} INFO - DAG(s) 'example_setup_teardown_taskflow' retrieved from /home/najma/airflow-venv/lib/python3.12/site-packages/airflow/example_dags/example_setup_teardown_taskflow.py
[2026-05-08T18:30:45.063+0100] {logging_mixin.py:188} INFO - [2026-05-08T18:30:45.062+0100] {dag.py:3096} INFO - Sync 1 DAGs
[2026-05-08T18:30:45.087+0100] {logging_mixin.py:188} INFO - [2026-05-08T18:30:45.087+0100] {dag.py:3954} INFO - Setting next_dagrun for example_setup_teardown_taskflow to 2026-05-07 00:00:00+00:00, run_after=2026-05-08 00:00:00+00:00
[2026-05-08T18:30:45.196+0100] {processor.py:183} INFO - Processing /home/najma/airflow-venv/lib/python3.12/site-packages/airflow/example_dags/example_setup_teardown_taskflow.py took 0.175 seconds
[2026-05-08T18:32:03.359+0100] {processor.py:161} INFO - Started process (PID=12649) to work on /home/najma/airflow-venv/lib/python3.12/site-packages/airflow/example_dags/example_setup_teardown_taskflow.py
[2026-05-08T18:32:03.361+0100] {processor.py:830} INFO - Processing file /home/najma/airflow-venv/lib/python3.12/site-packages/airflow/example_dags/example_setup_teardown_taskflow.py for tasks to queue
[2026-05-08T18:32:03.363+0100] {logging_mixin.py:188} INFO - [2026-05-08T18:32:03.362+0100] {dagbag.py:540} INFO - Filling up the DagBag from /home/najma/airflow-venv/lib/python3.12/site-packages/airflow/example_dags/example_setup_teardown_taskflow.py
[2026-05-08T18:32:03.369+0100] {processor.py:840} INFO - DAG(s) 'example_setup_teardown_taskflow' retrieved from /home/najma/airflow-venv/lib/python3.12/site-packages/airflow/example_dags/example_setup_teardown_taskflow.py
[2026-05-08T18:32:03.401+0100] {logging_mixin.py:188} INFO - [2026-05-08T18:32:03.401+0100] {dag.py:3096} INFO - Sync 1 DAGs
[2026-05-08T18:32:03.430+0100] {logging_mixin.py:188} INFO - [2026-05-08T18:32:03.430+0100] {dag.py:3954} INFO - Setting next_dagrun for example_setup_teardown_taskflow to 2026-05-07 00:00:00+00:00, run_after=2026-05-08 00:00:00+00:00
[2026-05-08T18:32:03.539+0100] {processor.py:183} INFO - Processing /home/najma/airflow-venv/lib/python3.12/site-packages/airflow/example_dags/example_setup_teardown_taskflow.py took 0.184 seconds
[2026-05-08T18:33:19.939+0100] {processor.py:161} INFO - Started process (PID=12707) to work on /home/najma/airflow-venv/lib/python3.12/site-packages/airflow/example_dags/example_setup_teardown_taskflow.py
[2026-05-08T18:33:19.940+0100] {processor.py:830} INFO - Processing file /home/najma/airflow-venv/lib/python3.12/site-packages/airflow/example_dags/example_setup_teardown_taskflow.py for tasks to queue
[2026-05-08T18:33:19.942+0100] {logging_mixin.py:188} INFO - [2026-05-08T18:33:19.941+0100] {dagbag.py:540} INFO - Filling up the DagBag from /home/najma/airflow-venv/lib/python3.12/site-packages/airflow/example_dags/example_setup_teardown_taskflow.py
[2026-05-08T18:33:19.949+0100] {processor.py:840} INFO - DAG(s) 'example_setup_teardown_taskflow' retrieved from /home/najma/airflow-venv/lib/python3.12/site-packages/airflow/example_dags/example_setup_teardown_taskflow.py
[2026-05-08T18:33:19.974+0100] {logging_mixin.py:188} INFO - [2026-05-08T18:33:19.973+0100] {dag.py:3096} INFO - Sync 1 DAGs
[2026-05-08T18:33:19.997+0100] {logging_mixin.py:188} INFO - [2026-05-08T18:33:19.997+0100] {dag.py:3954} INFO - Setting next_dagrun for example_setup_teardown_taskflow to 2026-05-07 00:00:00+00:00, run_after=2026-05-08 00:00:00+00:00
[2026-05-08T18:33:20.095+0100] {processor.py:183} INFO - Processing /home/najma/airflow-venv/lib/python3.12/site-packages/airflow/example_dags/example_setup_teardown_taskflow.py took 0.160 seconds
[2026-05-08T18:33:50.766+0100] {processor.py:161} INFO - Started process (PID=12728) to work on /home/najma/airflow-venv/lib/python3.12/site-packages/airflow/example_dags/example_setup_teardown_taskflow.py
[2026-05-08T18:33:50.768+0100] {processor.py:830} INFO - Processing file /home/najma/airflow-venv/lib/python3.12/site-packages/airflow/example_dags/example_setup_teardown_taskflow.py for tasks to queue
[2026-05-08T18:33:50.770+0100] {logging_mixin.py:188} INFO - [2026-05-08T18:33:50.770+0100] {dagbag.py:540} INFO - Filling up the DagBag from /home/najma/airflow-venv/lib/python3.12/site-packages/airflow/example_dags/example_setup_teardown_taskflow.py
[2026-05-08T18:33:50.777+0100] {processor.py:840} INFO - DAG(s) 'example_setup_teardown_taskflow' retrieved from /home/najma/airflow-venv/lib/python3.12/site-packages/airflow/example_dags/example_setup_teardown_taskflow.py
[2026-05-08T18:33:50.811+0100] {logging_mixin.py:188} INFO - [2026-05-08T18:33:50.811+0100] {dag.py:3096} INFO - Sync 1 DAGs
[2026-05-08T18:33:50.837+0100] {logging_mixin.py:188} INFO - [2026-05-08T18:33:50.837+0100] {dag.py:3954} INFO - Setting next_dagrun for example_setup_teardown_taskflow to 2026-05-07 00:00:00+00:00, run_after=2026-05-08 00:00:00+00:00
[2026-05-08T18:33:50.924+0100] {processor.py:183} INFO - Processing /home/najma/airflow-venv/lib/python3.12/site-packages/airflow/example_dags/example_setup_teardown_taskflow.py took 0.161 seconds
[2026-05-08T18:34:55.433+0100] {processor.py:161} INFO - Started process (PID=12804) to work on /home/najma/airflow-venv/lib/python3.12/site-packages/airflow/example_dags/example_setup_teardown_taskflow.py
[2026-05-08T18:34:55.434+0100] {processor.py:830} INFO - Processing file /home/najma/airflow-venv/lib/python3.12/site-packages/airflow/example_dags/example_setup_teardown_taskflow.py for tasks to queue
[2026-05-08T18:34:55.435+0100] {logging_mixin.py:188} INFO - [2026-05-08T18:34:55.435+0100] {dagbag.py:540} INFO - Filling up the DagBag from /home/najma/airflow-venv/lib/python3.12/site-packages/airflow/example_dags/example_setup_teardown_taskflow.py
[2026-05-08T18:34:55.443+0100] {processor.py:840} INFO - DAG(s) 'example_setup_teardown_taskflow' retrieved from /home/najma/airflow-venv/lib/python3.12/site-packages/airflow/example_dags/example_setup_teardown_taskflow.py
[2026-05-08T18:34:55.477+0100] {logging_mixin.py:188} INFO - [2026-05-08T18:34:55.476+0100] {dag.py:3096} INFO - Sync 1 DAGs
[2026-05-08T18:34:55.506+0100] {logging_mixin.py:188} INFO - [2026-05-08T18:34:55.506+0100] {dag.py:3954} INFO - Setting next_dagrun for example_setup_teardown_taskflow to 2026-05-07 00:00:00+00:00, run_after=2026-05-08 00:00:00+00:00
[2026-05-08T18:34:55.605+0100] {processor.py:183} INFO - Processing /home/najma/airflow-venv/lib/python3.12/site-packages/airflow/example_dags/example_setup_teardown_taskflow.py took 0.175 seconds
[2026-05-08T18:36:10.369+0100] {processor.py:161} INFO - Started process (PID=12870) to work on /home/najma/airflow-venv/lib/python3.12/site-packages/airflow/example_dags/example_setup_teardown_taskflow.py
[2026-05-08T18:36:10.371+0100] {processor.py:830} INFO - Processing file /home/najma/airflow-venv/lib/python3.12/site-packages/airflow/example_dags/example_setup_teardown_taskflow.py for tasks to queue
[2026-05-08T18:36:10.372+0100] {logging_mixin.py:188} INFO - [2026-05-08T18:36:10.372+0100] {dagbag.py:540} INFO - Filling up the DagBag from /home/najma/airflow-venv/lib/python3.12/site-packages/airflow/example_dags/example_setup_teardown_taskflow.py
[2026-05-08T18:36:10.380+0100] {processor.py:840} INFO - DAG(s) 'example_setup_teardown_taskflow' retrieved from /home/najma/airflow-venv/lib/python3.12/site-packages/airflow/example_dags/example_setup_teardown_taskflow.py
[2026-05-08T18:36:10.407+0100] {logging_mixin.py:188} INFO - [2026-05-08T18:36:10.407+0100] {dag.py:3096} INFO - Sync 1 DAGs
[2026-05-08T18:36:10.433+0100] {logging_mixin.py:188} INFO - [2026-05-08T18:36:10.433+0100] {dag.py:3954} INFO - Setting next_dagrun for example_setup_teardown_taskflow to 2026-05-07 00:00:00+00:00, run_after=2026-05-08 00:00:00+00:00
[2026-05-08T18:36:10.539+0100] {processor.py:183} INFO - Processing /home/najma/airflow-venv/lib/python3.12/site-packages/airflow/example_dags/example_setup_teardown_taskflow.py took 0.174 seconds
[2026-05-08T18:37:23.133+0100] {processor.py:161} INFO - Started process (PID=12930) to work on /home/najma/airflow-venv/lib/python3.12/site-packages/airflow/example_dags/example_setup_teardown_taskflow.py
[2026-05-08T18:37:23.141+0100] {processor.py:830} INFO - Processing file /home/najma/airflow-venv/lib/python3.12/site-packages/airflow/example_dags/example_setup_teardown_taskflow.py for tasks to queue
[2026-05-08T18:37:23.149+0100] {logging_mixin.py:188} INFO - [2026-05-08T18:37:23.149+0100] {dagbag.py:540} INFO - Filling up the DagBag from /home/najma/airflow-venv/lib/python3.12/site-packages/airflow/example_dags/example_setup_teardown_taskflow.py
[2026-05-08T18:37:23.170+0100] {processor.py:840} INFO - DAG(s) 'example_setup_teardown_taskflow' retrieved from /home/najma/airflow-venv/lib/python3.12/site-packages/airflow/example_dags/example_setup_teardown_taskflow.py
[2026-05-08T18:37:23.332+0100] {logging_mixin.py:188} INFO - [2026-05-08T18:37:23.331+0100] {dag.py:3096} INFO - Sync 1 DAGs
[2026-05-08T18:37:23.430+0100] {logging_mixin.py:188} INFO - [2026-05-08T18:37:23.430+0100] {dag.py:3954} INFO - Setting next_dagrun for example_setup_teardown_taskflow to 2026-05-07 00:00:00+00:00, run_after=2026-05-08 00:00:00+00:00
[2026-05-08T18:37:23.627+0100] {processor.py:183} INFO - Processing /home/najma/airflow-venv/lib/python3.12/site-packages/airflow/example_dags/example_setup_teardown_taskflow.py took 0.499 seconds
[2026-05-08T18:38:06.428+0100] {processor.py:161} INFO - Started process (PID=12963) to work on /home/najma/airflow-venv/lib/python3.12/site-packages/airflow/example_dags/example_setup_teardown_taskflow.py
[2026-05-08T18:38:06.430+0100] {processor.py:830} INFO - Processing file /home/najma/airflow-venv/lib/python3.12/site-packages/airflow/example_dags/example_setup_teardown_taskflow.py for tasks to queue
[2026-05-08T18:38:06.431+0100] {logging_mixin.py:188} INFO - [2026-05-08T18:38:06.431+0100] {dagbag.py:540} INFO - Filling up the DagBag from /home/najma/airflow-venv/lib/python3.12/site-packages/airflow/example_dags/example_setup_teardown_taskflow.py
[2026-05-08T18:38:06.445+0100] {processor.py:840} INFO - DAG(s) 'example_setup_teardown_taskflow' retrieved from /home/najma/airflow-venv/lib/python3.12/site-packages/airflow/example_dags/example_setup_teardown_taskflow.py
[2026-05-08T18:38:06.473+0100] {logging_mixin.py:188} INFO - [2026-05-08T18:38:06.473+0100] {dag.py:3096} INFO - Sync 1 DAGs
[2026-05-08T18:38:06.500+0100] {logging_mixin.py:188} INFO - [2026-05-08T18:38:06.499+0100] {dag.py:3954} INFO - Setting next_dagrun for example_setup_teardown_taskflow to 2026-05-07 00:00:00+00:00, run_after=2026-05-08 00:00:00+00:00
[2026-05-08T18:38:06.602+0100] {processor.py:183} INFO - Processing /home/najma/airflow-venv/lib/python3.12/site-packages/airflow/example_dags/example_setup_teardown_taskflow.py took 0.179 seconds
[2026-05-08T18:38:46.198+0100] {processor.py:161} INFO - Started process (PID=12998) to work on /home/najma/airflow-venv/lib/python3.12/site-packages/airflow/example_dags/example_setup_teardown_taskflow.py
[2026-05-08T18:38:46.202+0100] {processor.py:830} INFO - Processing file /home/najma/airflow-venv/lib/python3.12/site-packages/airflow/example_dags/example_setup_teardown_taskflow.py for tasks to queue
[2026-05-08T18:38:46.204+0100] {logging_mixin.py:188} INFO - [2026-05-08T18:38:46.203+0100] {dagbag.py:540} INFO - Filling up the DagBag from /home/najma/airflow-venv/lib/python3.12/site-packages/airflow/example_dags/example_setup_teardown_taskflow.py
[2026-05-08T18:38:46.219+0100] {processor.py:840} INFO - DAG(s) 'example_setup_teardown_taskflow' retrieved from /home/najma/airflow-venv/lib/python3.12/site-packages/airflow/example_dags/example_setup_teardown_taskflow.py
[2026-05-08T18:38:46.318+0100] {logging_mixin.py:188} INFO - [2026-05-08T18:38:46.318+0100] {dag.py:3096} INFO - Sync 1 DAGs
[2026-05-08T18:38:46.358+0100] {logging_mixin.py:188} INFO - [2026-05-08T18:38:46.358+0100] {dag.py:3954} INFO - Setting next_dagrun for example_setup_teardown_taskflow to 2026-05-07 00:00:00+00:00, run_after=2026-05-08 00:00:00+00:00
[2026-05-08T18:38:46.478+0100] {processor.py:183} INFO - Processing /home/najma/airflow-venv/lib/python3.12/site-packages/airflow/example_dags/example_setup_teardown_taskflow.py took 0.286 seconds
