[2026-05-08T16:42:31.943+0100] {processor.py:161} INFO - Started process (PID=9505) to work on /home/najma/airflow-venv/lib/python3.12/site-packages/airflow/example_dags/example_sla_dag.py
[2026-05-08T16:42:31.944+0100] {processor.py:830} INFO - Processing file /home/najma/airflow-venv/lib/python3.12/site-packages/airflow/example_dags/example_sla_dag.py for tasks to queue
[2026-05-08T16:42:31.946+0100] {logging_mixin.py:188} INFO - [2026-05-08T16:42:31.945+0100] {dagbag.py:540} INFO - Filling up the DagBag from /home/najma/airflow-venv/lib/python3.12/site-packages/airflow/example_dags/example_sla_dag.py
[2026-05-08T16:42:31.953+0100] {processor.py:840} INFO - DAG(s) 'example_sla_dag' retrieved from /home/najma/airflow-venv/lib/python3.12/site-packages/airflow/example_dags/example_sla_dag.py
[2026-05-08T16:42:32.114+0100] {logging_mixin.py:188} INFO - [2026-05-08T16:42:32.113+0100] {override.py:1829} INFO - Created Permission View: can read on DAG:example_sla_dag
[2026-05-08T16:42:32.174+0100] {logging_mixin.py:188} INFO - [2026-05-08T16:42:32.174+0100] {override.py:1829} INFO - Created Permission View: can edit on DAG:example_sla_dag
[2026-05-08T16:42:32.240+0100] {logging_mixin.py:188} INFO - [2026-05-08T16:42:32.239+0100] {override.py:1829} INFO - Created Permission View: can delete on DAG:example_sla_dag
[2026-05-08T16:42:32.241+0100] {logging_mixin.py:188} INFO - [2026-05-08T16:42:32.240+0100] {dag.py:3096} INFO - Sync 1 DAGs
[2026-05-08T16:42:32.265+0100] {logging_mixin.py:188} INFO - [2026-05-08T16:42:32.264+0100] {dag.py:3118} INFO - Creating ORM DAG for example_sla_dag
[2026-05-08T16:42:32.282+0100] {logging_mixin.py:188} INFO - [2026-05-08T16:42:32.282+0100] {dag.py:3954} INFO - Setting next_dagrun for example_sla_dag to 2026-05-08 15:40:00+00:00, run_after=2026-05-08 15:42:00+00:00
[2026-05-08T16:42:32.390+0100] {processor.py:183} INFO - Processing /home/najma/airflow-venv/lib/python3.12/site-packages/airflow/example_dags/example_sla_dag.py took 0.451 seconds
[2026-05-08T16:43:53.393+0100] {processor.py:161} INFO - Started process (PID=9584) to work on /home/najma/airflow-venv/lib/python3.12/site-packages/airflow/example_dags/example_sla_dag.py
[2026-05-08T16:43:53.394+0100] {processor.py:830} INFO - Processing file /home/najma/airflow-venv/lib/python3.12/site-packages/airflow/example_dags/example_sla_dag.py for tasks to queue
[2026-05-08T16:43:53.396+0100] {logging_mixin.py:188} INFO - [2026-05-08T16:43:53.396+0100] {dagbag.py:540} INFO - Filling up the DagBag from /home/najma/airflow-venv/lib/python3.12/site-packages/airflow/example_dags/example_sla_dag.py
[2026-05-08T16:43:53.402+0100] {processor.py:840} INFO - DAG(s) 'example_sla_dag' retrieved from /home/najma/airflow-venv/lib/python3.12/site-packages/airflow/example_dags/example_sla_dag.py
[2026-05-08T16:43:53.429+0100] {logging_mixin.py:188} INFO - [2026-05-08T16:43:53.429+0100] {dag.py:3096} INFO - Sync 1 DAGs
[2026-05-08T16:43:53.458+0100] {logging_mixin.py:188} INFO - [2026-05-08T16:43:53.458+0100] {dag.py:3954} INFO - Setting next_dagrun for example_sla_dag to 2026-05-08 15:40:00+00:00, run_after=2026-05-08 15:42:00+00:00
[2026-05-08T16:43:53.556+0100] {processor.py:183} INFO - Processing /home/najma/airflow-venv/lib/python3.12/site-packages/airflow/example_dags/example_sla_dag.py took 0.167 seconds
[2026-05-08T16:44:33.452+0100] {processor.py:161} INFO - Started process (PID=9623) to work on /home/najma/airflow-venv/lib/python3.12/site-packages/airflow/example_dags/example_sla_dag.py
[2026-05-08T16:44:33.453+0100] {processor.py:830} INFO - Processing file /home/najma/airflow-venv/lib/python3.12/site-packages/airflow/example_dags/example_sla_dag.py for tasks to queue
[2026-05-08T16:44:33.455+0100] {logging_mixin.py:188} INFO - [2026-05-08T16:44:33.454+0100] {dagbag.py:540} INFO - Filling up the DagBag from /home/najma/airflow-venv/lib/python3.12/site-packages/airflow/example_dags/example_sla_dag.py
[2026-05-08T16:44:33.463+0100] {processor.py:840} INFO - DAG(s) 'example_sla_dag' retrieved from /home/najma/airflow-venv/lib/python3.12/site-packages/airflow/example_dags/example_sla_dag.py
[2026-05-08T16:44:33.492+0100] {logging_mixin.py:188} INFO - [2026-05-08T16:44:33.492+0100] {dag.py:3096} INFO - Sync 1 DAGs
[2026-05-08T16:44:33.524+0100] {logging_mixin.py:188} INFO - [2026-05-08T16:44:33.523+0100] {dag.py:3954} INFO - Setting next_dagrun for example_sla_dag to 2026-05-08 15:42:00+00:00, run_after=2026-05-08 15:44:00+00:00
[2026-05-08T16:44:33.628+0100] {processor.py:183} INFO - Processing /home/najma/airflow-venv/lib/python3.12/site-packages/airflow/example_dags/example_sla_dag.py took 0.180 seconds
[2026-05-08T16:45:13.214+0100] {processor.py:161} INFO - Started process (PID=9661) to work on /home/najma/airflow-venv/lib/python3.12/site-packages/airflow/example_dags/example_sla_dag.py
[2026-05-08T16:45:13.216+0100] {processor.py:830} INFO - Processing file /home/najma/airflow-venv/lib/python3.12/site-packages/airflow/example_dags/example_sla_dag.py for tasks to queue
[2026-05-08T16:45:13.218+0100] {logging_mixin.py:188} INFO - [2026-05-08T16:45:13.218+0100] {dagbag.py:540} INFO - Filling up the DagBag from /home/najma/airflow-venv/lib/python3.12/site-packages/airflow/example_dags/example_sla_dag.py
[2026-05-08T16:45:13.226+0100] {processor.py:840} INFO - DAG(s) 'example_sla_dag' retrieved from /home/najma/airflow-venv/lib/python3.12/site-packages/airflow/example_dags/example_sla_dag.py
[2026-05-08T16:45:13.266+0100] {logging_mixin.py:188} INFO - [2026-05-08T16:45:13.266+0100] {dag.py:3096} INFO - Sync 1 DAGs
[2026-05-08T16:45:13.307+0100] {logging_mixin.py:188} INFO - [2026-05-08T16:45:13.307+0100] {dag.py:3954} INFO - Setting next_dagrun for example_sla_dag to 2026-05-08 15:42:00+00:00, run_after=2026-05-08 15:44:00+00:00
[2026-05-08T16:45:13.543+0100] {processor.py:183} INFO - Processing /home/najma/airflow-venv/lib/python3.12/site-packages/airflow/example_dags/example_sla_dag.py took 0.332 seconds
[2026-05-08T16:45:59.206+0100] {processor.py:161} INFO - Started process (PID=9700) to work on /home/najma/airflow-venv/lib/python3.12/site-packages/airflow/example_dags/example_sla_dag.py
[2026-05-08T16:45:59.207+0100] {processor.py:830} INFO - Processing file /home/najma/airflow-venv/lib/python3.12/site-packages/airflow/example_dags/example_sla_dag.py for tasks to queue
[2026-05-08T16:45:59.209+0100] {logging_mixin.py:188} INFO - [2026-05-08T16:45:59.209+0100] {dagbag.py:540} INFO - Filling up the DagBag from /home/najma/airflow-venv/lib/python3.12/site-packages/airflow/example_dags/example_sla_dag.py
[2026-05-08T16:45:59.215+0100] {processor.py:840} INFO - DAG(s) 'example_sla_dag' retrieved from /home/najma/airflow-venv/lib/python3.12/site-packages/airflow/example_dags/example_sla_dag.py
[2026-05-08T16:45:59.241+0100] {logging_mixin.py:188} INFO - [2026-05-08T16:45:59.241+0100] {dag.py:3096} INFO - Sync 1 DAGs
[2026-05-08T16:45:59.268+0100] {logging_mixin.py:188} INFO - [2026-05-08T16:45:59.268+0100] {dag.py:3954} INFO - Setting next_dagrun for example_sla_dag to 2026-05-08 15:42:00+00:00, run_after=2026-05-08 15:44:00+00:00
[2026-05-08T16:45:59.350+0100] {processor.py:183} INFO - Processing /home/najma/airflow-venv/lib/python3.12/site-packages/airflow/example_dags/example_sla_dag.py took 0.147 seconds
[2026-05-08T16:47:14.581+0100] {processor.py:161} INFO - Started process (PID=9770) to work on /home/najma/airflow-venv/lib/python3.12/site-packages/airflow/example_dags/example_sla_dag.py
[2026-05-08T16:47:14.583+0100] {processor.py:830} INFO - Processing file /home/najma/airflow-venv/lib/python3.12/site-packages/airflow/example_dags/example_sla_dag.py for tasks to queue
[2026-05-08T16:47:14.585+0100] {logging_mixin.py:188} INFO - [2026-05-08T16:47:14.584+0100] {dagbag.py:540} INFO - Filling up the DagBag from /home/najma/airflow-venv/lib/python3.12/site-packages/airflow/example_dags/example_sla_dag.py
[2026-05-08T16:47:14.591+0100] {processor.py:840} INFO - DAG(s) 'example_sla_dag' retrieved from /home/najma/airflow-venv/lib/python3.12/site-packages/airflow/example_dags/example_sla_dag.py
[2026-05-08T16:47:14.618+0100] {logging_mixin.py:188} INFO - [2026-05-08T16:47:14.617+0100] {dag.py:3096} INFO - Sync 1 DAGs
[2026-05-08T16:47:14.645+0100] {logging_mixin.py:188} INFO - [2026-05-08T16:47:14.644+0100] {dag.py:3954} INFO - Setting next_dagrun for example_sla_dag to 2026-05-08 15:44:00+00:00, run_after=2026-05-08 15:46:00+00:00
[2026-05-08T16:47:14.726+0100] {processor.py:183} INFO - Processing /home/najma/airflow-venv/lib/python3.12/site-packages/airflow/example_dags/example_sla_dag.py took 0.148 seconds
[2026-05-08T16:47:55.717+0100] {processor.py:161} INFO - Started process (PID=9807) to work on /home/najma/airflow-venv/lib/python3.12/site-packages/airflow/example_dags/example_sla_dag.py
[2026-05-08T16:47:55.719+0100] {processor.py:830} INFO - Processing file /home/najma/airflow-venv/lib/python3.12/site-packages/airflow/example_dags/example_sla_dag.py for tasks to queue
[2026-05-08T16:47:55.721+0100] {logging_mixin.py:188} INFO - [2026-05-08T16:47:55.720+0100] {dagbag.py:540} INFO - Filling up the DagBag from /home/najma/airflow-venv/lib/python3.12/site-packages/airflow/example_dags/example_sla_dag.py
[2026-05-08T16:47:55.727+0100] {processor.py:840} INFO - DAG(s) 'example_sla_dag' retrieved from /home/najma/airflow-venv/lib/python3.12/site-packages/airflow/example_dags/example_sla_dag.py
[2026-05-08T16:47:55.758+0100] {logging_mixin.py:188} INFO - [2026-05-08T16:47:55.758+0100] {dag.py:3096} INFO - Sync 1 DAGs
[2026-05-08T16:47:55.787+0100] {logging_mixin.py:188} INFO - [2026-05-08T16:47:55.787+0100] {dag.py:3954} INFO - Setting next_dagrun for example_sla_dag to 2026-05-08 15:44:00+00:00, run_after=2026-05-08 15:46:00+00:00
[2026-05-08T16:47:55.888+0100] {processor.py:183} INFO - Processing /home/najma/airflow-venv/lib/python3.12/site-packages/airflow/example_dags/example_sla_dag.py took 0.175 seconds
[2026-05-08T16:49:07.532+0100] {processor.py:161} INFO - Started process (PID=9873) to work on /home/najma/airflow-venv/lib/python3.12/site-packages/airflow/example_dags/example_sla_dag.py
[2026-05-08T16:49:07.533+0100] {processor.py:830} INFO - Processing file /home/najma/airflow-venv/lib/python3.12/site-packages/airflow/example_dags/example_sla_dag.py for tasks to queue
[2026-05-08T16:49:07.536+0100] {logging_mixin.py:188} INFO - [2026-05-08T16:49:07.536+0100] {dagbag.py:540} INFO - Filling up the DagBag from /home/najma/airflow-venv/lib/python3.12/site-packages/airflow/example_dags/example_sla_dag.py
[2026-05-08T16:49:07.544+0100] {processor.py:840} INFO - DAG(s) 'example_sla_dag' retrieved from /home/najma/airflow-venv/lib/python3.12/site-packages/airflow/example_dags/example_sla_dag.py
[2026-05-08T16:49:07.574+0100] {logging_mixin.py:188} INFO - [2026-05-08T16:49:07.574+0100] {dag.py:3096} INFO - Sync 1 DAGs
[2026-05-08T16:49:07.605+0100] {logging_mixin.py:188} INFO - [2026-05-08T16:49:07.605+0100] {dag.py:3954} INFO - Setting next_dagrun for example_sla_dag to 2026-05-08 15:46:00+00:00, run_after=2026-05-08 15:48:00+00:00
[2026-05-08T16:49:07.696+0100] {processor.py:183} INFO - Processing /home/najma/airflow-venv/lib/python3.12/site-packages/airflow/example_dags/example_sla_dag.py took 0.170 seconds
[2026-05-08T17:45:06.777+0100] {processor.py:161} INFO - Started process (PID=10220) to work on /home/najma/airflow-venv/lib/python3.12/site-packages/airflow/example_dags/example_sla_dag.py
[2026-05-08T17:45:06.779+0100] {processor.py:830} INFO - Processing file /home/najma/airflow-venv/lib/python3.12/site-packages/airflow/example_dags/example_sla_dag.py for tasks to queue
[2026-05-08T17:45:06.780+0100] {logging_mixin.py:188} INFO - [2026-05-08T17:45:06.780+0100] {dagbag.py:540} INFO - Filling up the DagBag from /home/najma/airflow-venv/lib/python3.12/site-packages/airflow/example_dags/example_sla_dag.py
[2026-05-08T17:45:06.786+0100] {processor.py:840} INFO - DAG(s) 'example_sla_dag' retrieved from /home/najma/airflow-venv/lib/python3.12/site-packages/airflow/example_dags/example_sla_dag.py
[2026-05-08T17:45:06.816+0100] {logging_mixin.py:188} INFO - [2026-05-08T17:45:06.816+0100] {dag.py:3096} INFO - Sync 1 DAGs
[2026-05-08T17:45:06.842+0100] {logging_mixin.py:188} INFO - [2026-05-08T17:45:06.842+0100] {dag.py:3954} INFO - Setting next_dagrun for example_sla_dag to 2026-05-08 16:42:00+00:00, run_after=2026-05-08 16:44:00+00:00
[2026-05-08T17:45:06.925+0100] {processor.py:183} INFO - Processing /home/najma/airflow-venv/lib/python3.12/site-packages/airflow/example_dags/example_sla_dag.py took 0.152 seconds
[2026-05-08T17:46:21.959+0100] {processor.py:161} INFO - Started process (PID=10295) to work on /home/najma/airflow-venv/lib/python3.12/site-packages/airflow/example_dags/example_sla_dag.py
[2026-05-08T17:46:21.982+0100] {processor.py:830} INFO - Processing file /home/najma/airflow-venv/lib/python3.12/site-packages/airflow/example_dags/example_sla_dag.py for tasks to queue
[2026-05-08T17:46:21.985+0100] {logging_mixin.py:188} INFO - [2026-05-08T17:46:21.985+0100] {dagbag.py:540} INFO - Filling up the DagBag from /home/najma/airflow-venv/lib/python3.12/site-packages/airflow/example_dags/example_sla_dag.py
[2026-05-08T17:46:21.992+0100] {processor.py:840} INFO - DAG(s) 'example_sla_dag' retrieved from /home/najma/airflow-venv/lib/python3.12/site-packages/airflow/example_dags/example_sla_dag.py
[2026-05-08T17:46:22.021+0100] {logging_mixin.py:188} INFO - [2026-05-08T17:46:22.021+0100] {dag.py:3096} INFO - Sync 1 DAGs
[2026-05-08T17:46:22.051+0100] {logging_mixin.py:188} INFO - [2026-05-08T17:46:22.051+0100] {dag.py:3954} INFO - Setting next_dagrun for example_sla_dag to 2026-05-08 16:44:00+00:00, run_after=2026-05-08 16:46:00+00:00
[2026-05-08T17:46:22.151+0100] {processor.py:183} INFO - Processing /home/najma/airflow-venv/lib/python3.12/site-packages/airflow/example_dags/example_sla_dag.py took 0.197 seconds
[2026-05-08T17:47:42.337+0100] {processor.py:161} INFO - Started process (PID=10361) to work on /home/najma/airflow-venv/lib/python3.12/site-packages/airflow/example_dags/example_sla_dag.py
[2026-05-08T17:47:42.339+0100] {processor.py:830} INFO - Processing file /home/najma/airflow-venv/lib/python3.12/site-packages/airflow/example_dags/example_sla_dag.py for tasks to queue
[2026-05-08T17:47:42.341+0100] {logging_mixin.py:188} INFO - [2026-05-08T17:47:42.341+0100] {dagbag.py:540} INFO - Filling up the DagBag from /home/najma/airflow-venv/lib/python3.12/site-packages/airflow/example_dags/example_sla_dag.py
[2026-05-08T17:47:42.352+0100] {processor.py:840} INFO - DAG(s) 'example_sla_dag' retrieved from /home/najma/airflow-venv/lib/python3.12/site-packages/airflow/example_dags/example_sla_dag.py
[2026-05-08T17:47:42.382+0100] {logging_mixin.py:188} INFO - [2026-05-08T17:47:42.382+0100] {dag.py:3096} INFO - Sync 1 DAGs
[2026-05-08T17:47:42.425+0100] {logging_mixin.py:188} INFO - [2026-05-08T17:47:42.422+0100] {dag.py:3954} INFO - Setting next_dagrun for example_sla_dag to 2026-05-08 16:44:00+00:00, run_after=2026-05-08 16:46:00+00:00
[2026-05-08T17:47:42.542+0100] {processor.py:183} INFO - Processing /home/najma/airflow-venv/lib/python3.12/site-packages/airflow/example_dags/example_sla_dag.py took 0.210 seconds
[2026-05-08T17:48:52.259+0100] {processor.py:161} INFO - Started process (PID=10424) to work on /home/najma/airflow-venv/lib/python3.12/site-packages/airflow/example_dags/example_sla_dag.py
[2026-05-08T17:48:52.260+0100] {processor.py:830} INFO - Processing file /home/najma/airflow-venv/lib/python3.12/site-packages/airflow/example_dags/example_sla_dag.py for tasks to queue
[2026-05-08T17:48:52.262+0100] {logging_mixin.py:188} INFO - [2026-05-08T17:48:52.261+0100] {dagbag.py:540} INFO - Filling up the DagBag from /home/najma/airflow-venv/lib/python3.12/site-packages/airflow/example_dags/example_sla_dag.py
[2026-05-08T17:48:52.271+0100] {processor.py:840} INFO - DAG(s) 'example_sla_dag' retrieved from /home/najma/airflow-venv/lib/python3.12/site-packages/airflow/example_dags/example_sla_dag.py
[2026-05-08T17:48:52.296+0100] {logging_mixin.py:188} INFO - [2026-05-08T17:48:52.295+0100] {dag.py:3096} INFO - Sync 1 DAGs
[2026-05-08T17:48:52.321+0100] {logging_mixin.py:188} INFO - [2026-05-08T17:48:52.320+0100] {dag.py:3954} INFO - Setting next_dagrun for example_sla_dag to 2026-05-08 16:46:00+00:00, run_after=2026-05-08 16:48:00+00:00
[2026-05-08T17:48:52.404+0100] {processor.py:183} INFO - Processing /home/najma/airflow-venv/lib/python3.12/site-packages/airflow/example_dags/example_sla_dag.py took 0.149 seconds
[2026-05-08T17:50:03.675+0100] {processor.py:161} INFO - Started process (PID=10483) to work on /home/najma/airflow-venv/lib/python3.12/site-packages/airflow/example_dags/example_sla_dag.py
[2026-05-08T17:50:03.676+0100] {processor.py:830} INFO - Processing file /home/najma/airflow-venv/lib/python3.12/site-packages/airflow/example_dags/example_sla_dag.py for tasks to queue
[2026-05-08T17:50:03.678+0100] {logging_mixin.py:188} INFO - [2026-05-08T17:50:03.678+0100] {dagbag.py:540} INFO - Filling up the DagBag from /home/najma/airflow-venv/lib/python3.12/site-packages/airflow/example_dags/example_sla_dag.py
[2026-05-08T17:50:03.685+0100] {processor.py:840} INFO - DAG(s) 'example_sla_dag' retrieved from /home/najma/airflow-venv/lib/python3.12/site-packages/airflow/example_dags/example_sla_dag.py
[2026-05-08T17:50:03.713+0100] {logging_mixin.py:188} INFO - [2026-05-08T17:50:03.713+0100] {dag.py:3096} INFO - Sync 1 DAGs
[2026-05-08T17:50:03.740+0100] {logging_mixin.py:188} INFO - [2026-05-08T17:50:03.740+0100] {dag.py:3954} INFO - Setting next_dagrun for example_sla_dag to 2026-05-08 16:48:00+00:00, run_after=2026-05-08 16:50:00+00:00
[2026-05-08T17:50:03.841+0100] {processor.py:183} INFO - Processing /home/najma/airflow-venv/lib/python3.12/site-packages/airflow/example_dags/example_sla_dag.py took 0.170 seconds
[2026-05-08T17:51:16.165+0100] {processor.py:161} INFO - Started process (PID=10545) to work on /home/najma/airflow-venv/lib/python3.12/site-packages/airflow/example_dags/example_sla_dag.py
[2026-05-08T17:51:16.166+0100] {processor.py:830} INFO - Processing file /home/najma/airflow-venv/lib/python3.12/site-packages/airflow/example_dags/example_sla_dag.py for tasks to queue
[2026-05-08T17:51:16.168+0100] {logging_mixin.py:188} INFO - [2026-05-08T17:51:16.168+0100] {dagbag.py:540} INFO - Filling up the DagBag from /home/najma/airflow-venv/lib/python3.12/site-packages/airflow/example_dags/example_sla_dag.py
[2026-05-08T17:51:16.175+0100] {processor.py:840} INFO - DAG(s) 'example_sla_dag' retrieved from /home/najma/airflow-venv/lib/python3.12/site-packages/airflow/example_dags/example_sla_dag.py
[2026-05-08T17:51:16.200+0100] {logging_mixin.py:188} INFO - [2026-05-08T17:51:16.200+0100] {dag.py:3096} INFO - Sync 1 DAGs
[2026-05-08T17:51:16.227+0100] {logging_mixin.py:188} INFO - [2026-05-08T17:51:16.227+0100] {dag.py:3954} INFO - Setting next_dagrun for example_sla_dag to 2026-05-08 16:48:00+00:00, run_after=2026-05-08 16:50:00+00:00
[2026-05-08T17:51:16.319+0100] {processor.py:183} INFO - Processing /home/najma/airflow-venv/lib/python3.12/site-packages/airflow/example_dags/example_sla_dag.py took 0.157 seconds
[2026-05-08T17:52:39.878+0100] {processor.py:161} INFO - Started process (PID=10633) to work on /home/najma/airflow-venv/lib/python3.12/site-packages/airflow/example_dags/example_sla_dag.py
[2026-05-08T17:52:39.880+0100] {processor.py:830} INFO - Processing file /home/najma/airflow-venv/lib/python3.12/site-packages/airflow/example_dags/example_sla_dag.py for tasks to queue
[2026-05-08T17:52:39.882+0100] {logging_mixin.py:188} INFO - [2026-05-08T17:52:39.881+0100] {dagbag.py:540} INFO - Filling up the DagBag from /home/najma/airflow-venv/lib/python3.12/site-packages/airflow/example_dags/example_sla_dag.py
[2026-05-08T17:52:39.889+0100] {processor.py:840} INFO - DAG(s) 'example_sla_dag' retrieved from /home/najma/airflow-venv/lib/python3.12/site-packages/airflow/example_dags/example_sla_dag.py
[2026-05-08T17:52:39.916+0100] {logging_mixin.py:188} INFO - [2026-05-08T17:52:39.916+0100] {dag.py:3096} INFO - Sync 1 DAGs
[2026-05-08T17:52:39.942+0100] {logging_mixin.py:188} INFO - [2026-05-08T17:52:39.942+0100] {dag.py:3954} INFO - Setting next_dagrun for example_sla_dag to 2026-05-08 16:50:00+00:00, run_after=2026-05-08 16:52:00+00:00
[2026-05-08T17:52:40.033+0100] {processor.py:183} INFO - Processing /home/najma/airflow-venv/lib/python3.12/site-packages/airflow/example_dags/example_sla_dag.py took 0.159 seconds
[2026-05-08T17:53:48.646+0100] {processor.py:161} INFO - Started process (PID=10694) to work on /home/najma/airflow-venv/lib/python3.12/site-packages/airflow/example_dags/example_sla_dag.py
[2026-05-08T17:53:48.647+0100] {processor.py:830} INFO - Processing file /home/najma/airflow-venv/lib/python3.12/site-packages/airflow/example_dags/example_sla_dag.py for tasks to queue
[2026-05-08T17:53:48.649+0100] {logging_mixin.py:188} INFO - [2026-05-08T17:53:48.648+0100] {dagbag.py:540} INFO - Filling up the DagBag from /home/najma/airflow-venv/lib/python3.12/site-packages/airflow/example_dags/example_sla_dag.py
[2026-05-08T17:53:48.655+0100] {processor.py:840} INFO - DAG(s) 'example_sla_dag' retrieved from /home/najma/airflow-venv/lib/python3.12/site-packages/airflow/example_dags/example_sla_dag.py
[2026-05-08T17:53:48.680+0100] {logging_mixin.py:188} INFO - [2026-05-08T17:53:48.680+0100] {dag.py:3096} INFO - Sync 1 DAGs
[2026-05-08T17:53:48.707+0100] {logging_mixin.py:188} INFO - [2026-05-08T17:53:48.707+0100] {dag.py:3954} INFO - Setting next_dagrun for example_sla_dag to 2026-05-08 16:50:00+00:00, run_after=2026-05-08 16:52:00+00:00
[2026-05-08T17:53:48.799+0100] {processor.py:183} INFO - Processing /home/najma/airflow-venv/lib/python3.12/site-packages/airflow/example_dags/example_sla_dag.py took 0.157 seconds
[2026-05-08T17:54:56.830+0100] {processor.py:161} INFO - Started process (PID=10766) to work on /home/najma/airflow-venv/lib/python3.12/site-packages/airflow/example_dags/example_sla_dag.py
[2026-05-08T17:54:56.831+0100] {processor.py:830} INFO - Processing file /home/najma/airflow-venv/lib/python3.12/site-packages/airflow/example_dags/example_sla_dag.py for tasks to queue
[2026-05-08T17:54:56.833+0100] {logging_mixin.py:188} INFO - [2026-05-08T17:54:56.833+0100] {dagbag.py:540} INFO - Filling up the DagBag from /home/najma/airflow-venv/lib/python3.12/site-packages/airflow/example_dags/example_sla_dag.py
[2026-05-08T17:54:56.840+0100] {processor.py:840} INFO - DAG(s) 'example_sla_dag' retrieved from /home/najma/airflow-venv/lib/python3.12/site-packages/airflow/example_dags/example_sla_dag.py
[2026-05-08T17:54:56.866+0100] {logging_mixin.py:188} INFO - [2026-05-08T17:54:56.866+0100] {dag.py:3096} INFO - Sync 1 DAGs
[2026-05-08T17:54:56.895+0100] {logging_mixin.py:188} INFO - [2026-05-08T17:54:56.895+0100] {dag.py:3954} INFO - Setting next_dagrun for example_sla_dag to 2026-05-08 16:52:00+00:00, run_after=2026-05-08 16:54:00+00:00
[2026-05-08T17:54:56.978+0100] {processor.py:183} INFO - Processing /home/najma/airflow-venv/lib/python3.12/site-packages/airflow/example_dags/example_sla_dag.py took 0.152 seconds
[2026-05-08T17:56:01.539+0100] {processor.py:161} INFO - Started process (PID=10823) to work on /home/najma/airflow-venv/lib/python3.12/site-packages/airflow/example_dags/example_sla_dag.py
[2026-05-08T17:56:01.540+0100] {processor.py:830} INFO - Processing file /home/najma/airflow-venv/lib/python3.12/site-packages/airflow/example_dags/example_sla_dag.py for tasks to queue
[2026-05-08T17:56:01.542+0100] {logging_mixin.py:188} INFO - [2026-05-08T17:56:01.542+0100] {dagbag.py:540} INFO - Filling up the DagBag from /home/najma/airflow-venv/lib/python3.12/site-packages/airflow/example_dags/example_sla_dag.py
[2026-05-08T17:56:01.548+0100] {processor.py:840} INFO - DAG(s) 'example_sla_dag' retrieved from /home/najma/airflow-venv/lib/python3.12/site-packages/airflow/example_dags/example_sla_dag.py
[2026-05-08T17:56:01.575+0100] {logging_mixin.py:188} INFO - [2026-05-08T17:56:01.575+0100] {dag.py:3096} INFO - Sync 1 DAGs
[2026-05-08T17:56:01.601+0100] {logging_mixin.py:188} INFO - [2026-05-08T17:56:01.600+0100] {dag.py:3954} INFO - Setting next_dagrun for example_sla_dag to 2026-05-08 16:54:00+00:00, run_after=2026-05-08 16:56:00+00:00
[2026-05-08T17:56:01.679+0100] {processor.py:183} INFO - Processing /home/najma/airflow-venv/lib/python3.12/site-packages/airflow/example_dags/example_sla_dag.py took 0.144 seconds
[2026-05-08T17:57:17.273+0100] {processor.py:161} INFO - Started process (PID=10884) to work on /home/najma/airflow-venv/lib/python3.12/site-packages/airflow/example_dags/example_sla_dag.py
[2026-05-08T17:57:17.275+0100] {processor.py:830} INFO - Processing file /home/najma/airflow-venv/lib/python3.12/site-packages/airflow/example_dags/example_sla_dag.py for tasks to queue
[2026-05-08T17:57:17.277+0100] {logging_mixin.py:188} INFO - [2026-05-08T17:57:17.276+0100] {dagbag.py:540} INFO - Filling up the DagBag from /home/najma/airflow-venv/lib/python3.12/site-packages/airflow/example_dags/example_sla_dag.py
[2026-05-08T17:57:17.284+0100] {processor.py:840} INFO - DAG(s) 'example_sla_dag' retrieved from /home/najma/airflow-venv/lib/python3.12/site-packages/airflow/example_dags/example_sla_dag.py
[2026-05-08T17:57:17.308+0100] {logging_mixin.py:188} INFO - [2026-05-08T17:57:17.308+0100] {dag.py:3096} INFO - Sync 1 DAGs
[2026-05-08T17:57:17.335+0100] {logging_mixin.py:188} INFO - [2026-05-08T17:57:17.335+0100] {dag.py:3954} INFO - Setting next_dagrun for example_sla_dag to 2026-05-08 16:54:00+00:00, run_after=2026-05-08 16:56:00+00:00
[2026-05-08T17:57:17.413+0100] {processor.py:183} INFO - Processing /home/najma/airflow-venv/lib/python3.12/site-packages/airflow/example_dags/example_sla_dag.py took 0.144 seconds
[2026-05-08T17:58:27.751+0100] {processor.py:161} INFO - Started process (PID=10947) to work on /home/najma/airflow-venv/lib/python3.12/site-packages/airflow/example_dags/example_sla_dag.py
[2026-05-08T17:58:27.753+0100] {processor.py:830} INFO - Processing file /home/najma/airflow-venv/lib/python3.12/site-packages/airflow/example_dags/example_sla_dag.py for tasks to queue
[2026-05-08T17:58:27.755+0100] {logging_mixin.py:188} INFO - [2026-05-08T17:58:27.754+0100] {dagbag.py:540} INFO - Filling up the DagBag from /home/najma/airflow-venv/lib/python3.12/site-packages/airflow/example_dags/example_sla_dag.py
[2026-05-08T17:58:27.761+0100] {processor.py:840} INFO - DAG(s) 'example_sla_dag' retrieved from /home/najma/airflow-venv/lib/python3.12/site-packages/airflow/example_dags/example_sla_dag.py
[2026-05-08T17:58:27.788+0100] {logging_mixin.py:188} INFO - [2026-05-08T17:58:27.788+0100] {dag.py:3096} INFO - Sync 1 DAGs
[2026-05-08T17:58:27.815+0100] {logging_mixin.py:188} INFO - [2026-05-08T17:58:27.815+0100] {dag.py:3954} INFO - Setting next_dagrun for example_sla_dag to 2026-05-08 16:56:00+00:00, run_after=2026-05-08 16:58:00+00:00
[2026-05-08T17:58:27.920+0100] {processor.py:183} INFO - Processing /home/najma/airflow-venv/lib/python3.12/site-packages/airflow/example_dags/example_sla_dag.py took 0.172 seconds
[2026-05-08T17:59:33.646+0100] {processor.py:161} INFO - Started process (PID=11005) to work on /home/najma/airflow-venv/lib/python3.12/site-packages/airflow/example_dags/example_sla_dag.py
[2026-05-08T17:59:33.647+0100] {processor.py:830} INFO - Processing file /home/najma/airflow-venv/lib/python3.12/site-packages/airflow/example_dags/example_sla_dag.py for tasks to queue
[2026-05-08T17:59:33.649+0100] {logging_mixin.py:188} INFO - [2026-05-08T17:59:33.649+0100] {dagbag.py:540} INFO - Filling up the DagBag from /home/najma/airflow-venv/lib/python3.12/site-packages/airflow/example_dags/example_sla_dag.py
[2026-05-08T17:59:33.657+0100] {processor.py:840} INFO - DAG(s) 'example_sla_dag' retrieved from /home/najma/airflow-venv/lib/python3.12/site-packages/airflow/example_dags/example_sla_dag.py
[2026-05-08T17:59:33.686+0100] {logging_mixin.py:188} INFO - [2026-05-08T17:59:33.685+0100] {dag.py:3096} INFO - Sync 1 DAGs
[2026-05-08T17:59:33.716+0100] {logging_mixin.py:188} INFO - [2026-05-08T17:59:33.716+0100] {dag.py:3954} INFO - Setting next_dagrun for example_sla_dag to 2026-05-08 16:56:00+00:00, run_after=2026-05-08 16:58:00+00:00
[2026-05-08T17:59:33.805+0100] {processor.py:183} INFO - Processing /home/najma/airflow-venv/lib/python3.12/site-packages/airflow/example_dags/example_sla_dag.py took 0.163 seconds
[2026-05-08T18:00:44.607+0100] {processor.py:161} INFO - Started process (PID=11066) to work on /home/najma/airflow-venv/lib/python3.12/site-packages/airflow/example_dags/example_sla_dag.py
[2026-05-08T18:00:44.609+0100] {processor.py:830} INFO - Processing file /home/najma/airflow-venv/lib/python3.12/site-packages/airflow/example_dags/example_sla_dag.py for tasks to queue
[2026-05-08T18:00:44.611+0100] {logging_mixin.py:188} INFO - [2026-05-08T18:00:44.610+0100] {dagbag.py:540} INFO - Filling up the DagBag from /home/najma/airflow-venv/lib/python3.12/site-packages/airflow/example_dags/example_sla_dag.py
[2026-05-08T18:00:44.617+0100] {processor.py:840} INFO - DAG(s) 'example_sla_dag' retrieved from /home/najma/airflow-venv/lib/python3.12/site-packages/airflow/example_dags/example_sla_dag.py
[2026-05-08T18:00:44.644+0100] {logging_mixin.py:188} INFO - [2026-05-08T18:00:44.644+0100] {dag.py:3096} INFO - Sync 1 DAGs
[2026-05-08T18:00:44.669+0100] {logging_mixin.py:188} INFO - [2026-05-08T18:00:44.669+0100] {dag.py:3954} INFO - Setting next_dagrun for example_sla_dag to 2026-05-08 16:58:00+00:00, run_after=2026-05-08 17:00:00+00:00
[2026-05-08T18:00:44.767+0100] {processor.py:183} INFO - Processing /home/najma/airflow-venv/lib/python3.12/site-packages/airflow/example_dags/example_sla_dag.py took 0.163 seconds
[2026-05-08T18:01:48.860+0100] {processor.py:161} INFO - Started process (PID=11125) to work on /home/najma/airflow-venv/lib/python3.12/site-packages/airflow/example_dags/example_sla_dag.py
[2026-05-08T18:01:48.861+0100] {processor.py:830} INFO - Processing file /home/najma/airflow-venv/lib/python3.12/site-packages/airflow/example_dags/example_sla_dag.py for tasks to queue
[2026-05-08T18:01:48.863+0100] {logging_mixin.py:188} INFO - [2026-05-08T18:01:48.863+0100] {dagbag.py:540} INFO - Filling up the DagBag from /home/najma/airflow-venv/lib/python3.12/site-packages/airflow/example_dags/example_sla_dag.py
[2026-05-08T18:01:48.870+0100] {processor.py:840} INFO - DAG(s) 'example_sla_dag' retrieved from /home/najma/airflow-venv/lib/python3.12/site-packages/airflow/example_dags/example_sla_dag.py
[2026-05-08T18:01:48.895+0100] {logging_mixin.py:188} INFO - [2026-05-08T18:01:48.895+0100] {dag.py:3096} INFO - Sync 1 DAGs
[2026-05-08T18:01:48.921+0100] {logging_mixin.py:188} INFO - [2026-05-08T18:01:48.921+0100] {dag.py:3954} INFO - Setting next_dagrun for example_sla_dag to 2026-05-08 16:58:00+00:00, run_after=2026-05-08 17:00:00+00:00
[2026-05-08T18:01:49.013+0100] {processor.py:183} INFO - Processing /home/najma/airflow-venv/lib/python3.12/site-packages/airflow/example_dags/example_sla_dag.py took 0.157 seconds
[2026-05-08T18:02:52.241+0100] {processor.py:161} INFO - Started process (PID=11183) to work on /home/najma/airflow-venv/lib/python3.12/site-packages/airflow/example_dags/example_sla_dag.py
[2026-05-08T18:02:52.242+0100] {processor.py:830} INFO - Processing file /home/najma/airflow-venv/lib/python3.12/site-packages/airflow/example_dags/example_sla_dag.py for tasks to queue
[2026-05-08T18:02:52.244+0100] {logging_mixin.py:188} INFO - [2026-05-08T18:02:52.244+0100] {dagbag.py:540} INFO - Filling up the DagBag from /home/najma/airflow-venv/lib/python3.12/site-packages/airflow/example_dags/example_sla_dag.py
[2026-05-08T18:02:52.250+0100] {processor.py:840} INFO - DAG(s) 'example_sla_dag' retrieved from /home/najma/airflow-venv/lib/python3.12/site-packages/airflow/example_dags/example_sla_dag.py
[2026-05-08T18:02:52.273+0100] {logging_mixin.py:188} INFO - [2026-05-08T18:02:52.273+0100] {dag.py:3096} INFO - Sync 1 DAGs
[2026-05-08T18:02:52.296+0100] {logging_mixin.py:188} INFO - [2026-05-08T18:02:52.296+0100] {dag.py:3954} INFO - Setting next_dagrun for example_sla_dag to 2026-05-08 17:00:00+00:00, run_after=2026-05-08 17:02:00+00:00
[2026-05-08T18:02:52.374+0100] {processor.py:183} INFO - Processing /home/najma/airflow-venv/lib/python3.12/site-packages/airflow/example_dags/example_sla_dag.py took 0.137 seconds
[2026-05-08T18:04:00.115+0100] {processor.py:161} INFO - Started process (PID=11241) to work on /home/najma/airflow-venv/lib/python3.12/site-packages/airflow/example_dags/example_sla_dag.py
[2026-05-08T18:04:00.116+0100] {processor.py:830} INFO - Processing file /home/najma/airflow-venv/lib/python3.12/site-packages/airflow/example_dags/example_sla_dag.py for tasks to queue
[2026-05-08T18:04:00.118+0100] {logging_mixin.py:188} INFO - [2026-05-08T18:04:00.117+0100] {dagbag.py:540} INFO - Filling up the DagBag from /home/najma/airflow-venv/lib/python3.12/site-packages/airflow/example_dags/example_sla_dag.py
[2026-05-08T18:04:00.125+0100] {processor.py:840} INFO - DAG(s) 'example_sla_dag' retrieved from /home/najma/airflow-venv/lib/python3.12/site-packages/airflow/example_dags/example_sla_dag.py
[2026-05-08T18:04:00.149+0100] {logging_mixin.py:188} INFO - [2026-05-08T18:04:00.149+0100] {dag.py:3096} INFO - Sync 1 DAGs
[2026-05-08T18:04:00.177+0100] {logging_mixin.py:188} INFO - [2026-05-08T18:04:00.177+0100] {dag.py:3954} INFO - Setting next_dagrun for example_sla_dag to 2026-05-08 17:02:00+00:00, run_after=2026-05-08 17:04:00+00:00
[2026-05-08T18:04:00.258+0100] {processor.py:183} INFO - Processing /home/najma/airflow-venv/lib/python3.12/site-packages/airflow/example_dags/example_sla_dag.py took 0.147 seconds
[2026-05-08T18:05:08.109+0100] {processor.py:161} INFO - Started process (PID=11301) to work on /home/najma/airflow-venv/lib/python3.12/site-packages/airflow/example_dags/example_sla_dag.py
[2026-05-08T18:05:08.110+0100] {processor.py:830} INFO - Processing file /home/najma/airflow-venv/lib/python3.12/site-packages/airflow/example_dags/example_sla_dag.py for tasks to queue
[2026-05-08T18:05:08.112+0100] {logging_mixin.py:188} INFO - [2026-05-08T18:05:08.112+0100] {dagbag.py:540} INFO - Filling up the DagBag from /home/najma/airflow-venv/lib/python3.12/site-packages/airflow/example_dags/example_sla_dag.py
[2026-05-08T18:05:08.118+0100] {processor.py:840} INFO - DAG(s) 'example_sla_dag' retrieved from /home/najma/airflow-venv/lib/python3.12/site-packages/airflow/example_dags/example_sla_dag.py
[2026-05-08T18:05:08.146+0100] {logging_mixin.py:188} INFO - [2026-05-08T18:05:08.145+0100] {dag.py:3096} INFO - Sync 1 DAGs
[2026-05-08T18:05:08.173+0100] {logging_mixin.py:188} INFO - [2026-05-08T18:05:08.173+0100] {dag.py:3954} INFO - Setting next_dagrun for example_sla_dag to 2026-05-08 17:02:00+00:00, run_after=2026-05-08 17:04:00+00:00
[2026-05-08T18:05:08.352+0100] {processor.py:183} INFO - Processing /home/najma/airflow-venv/lib/python3.12/site-packages/airflow/example_dags/example_sla_dag.py took 0.246 seconds
[2026-05-08T18:06:12.588+0100] {processor.py:161} INFO - Started process (PID=11360) to work on /home/najma/airflow-venv/lib/python3.12/site-packages/airflow/example_dags/example_sla_dag.py
[2026-05-08T18:06:12.589+0100] {processor.py:830} INFO - Processing file /home/najma/airflow-venv/lib/python3.12/site-packages/airflow/example_dags/example_sla_dag.py for tasks to queue
[2026-05-08T18:06:12.593+0100] {logging_mixin.py:188} INFO - [2026-05-08T18:06:12.592+0100] {dagbag.py:540} INFO - Filling up the DagBag from /home/najma/airflow-venv/lib/python3.12/site-packages/airflow/example_dags/example_sla_dag.py
[2026-05-08T18:06:12.606+0100] {processor.py:840} INFO - DAG(s) 'example_sla_dag' retrieved from /home/najma/airflow-venv/lib/python3.12/site-packages/airflow/example_dags/example_sla_dag.py
[2026-05-08T18:06:12.660+0100] {logging_mixin.py:188} INFO - [2026-05-08T18:06:12.660+0100] {dag.py:3096} INFO - Sync 1 DAGs
[2026-05-08T18:06:12.695+0100] {logging_mixin.py:188} INFO - [2026-05-08T18:06:12.695+0100] {dag.py:3954} INFO - Setting next_dagrun for example_sla_dag to 2026-05-08 17:04:00+00:00, run_after=2026-05-08 17:06:00+00:00
[2026-05-08T18:06:12.873+0100] {processor.py:183} INFO - Processing /home/najma/airflow-venv/lib/python3.12/site-packages/airflow/example_dags/example_sla_dag.py took 0.289 seconds
[2026-05-08T18:07:16.679+0100] {processor.py:161} INFO - Started process (PID=11416) to work on /home/najma/airflow-venv/lib/python3.12/site-packages/airflow/example_dags/example_sla_dag.py
[2026-05-08T18:07:16.680+0100] {processor.py:830} INFO - Processing file /home/najma/airflow-venv/lib/python3.12/site-packages/airflow/example_dags/example_sla_dag.py for tasks to queue
[2026-05-08T18:07:16.682+0100] {logging_mixin.py:188} INFO - [2026-05-08T18:07:16.682+0100] {dagbag.py:540} INFO - Filling up the DagBag from /home/najma/airflow-venv/lib/python3.12/site-packages/airflow/example_dags/example_sla_dag.py
[2026-05-08T18:07:16.689+0100] {processor.py:840} INFO - DAG(s) 'example_sla_dag' retrieved from /home/najma/airflow-venv/lib/python3.12/site-packages/airflow/example_dags/example_sla_dag.py
[2026-05-08T18:07:16.716+0100] {logging_mixin.py:188} INFO - [2026-05-08T18:07:16.715+0100] {dag.py:3096} INFO - Sync 1 DAGs
[2026-05-08T18:07:16.742+0100] {logging_mixin.py:188} INFO - [2026-05-08T18:07:16.742+0100] {dag.py:3954} INFO - Setting next_dagrun for example_sla_dag to 2026-05-08 17:04:00+00:00, run_after=2026-05-08 17:06:00+00:00
[2026-05-08T18:07:16.839+0100] {processor.py:183} INFO - Processing /home/najma/airflow-venv/lib/python3.12/site-packages/airflow/example_dags/example_sla_dag.py took 0.164 seconds
[2026-05-08T18:08:19.225+0100] {processor.py:161} INFO - Started process (PID=11474) to work on /home/najma/airflow-venv/lib/python3.12/site-packages/airflow/example_dags/example_sla_dag.py
[2026-05-08T18:08:19.226+0100] {processor.py:830} INFO - Processing file /home/najma/airflow-venv/lib/python3.12/site-packages/airflow/example_dags/example_sla_dag.py for tasks to queue
[2026-05-08T18:08:19.228+0100] {logging_mixin.py:188} INFO - [2026-05-08T18:08:19.228+0100] {dagbag.py:540} INFO - Filling up the DagBag from /home/najma/airflow-venv/lib/python3.12/site-packages/airflow/example_dags/example_sla_dag.py
[2026-05-08T18:08:19.234+0100] {processor.py:840} INFO - DAG(s) 'example_sla_dag' retrieved from /home/najma/airflow-venv/lib/python3.12/site-packages/airflow/example_dags/example_sla_dag.py
[2026-05-08T18:08:19.260+0100] {logging_mixin.py:188} INFO - [2026-05-08T18:08:19.260+0100] {dag.py:3096} INFO - Sync 1 DAGs
[2026-05-08T18:08:19.287+0100] {logging_mixin.py:188} INFO - [2026-05-08T18:08:19.286+0100] {dag.py:3954} INFO - Setting next_dagrun for example_sla_dag to 2026-05-08 17:06:00+00:00, run_after=2026-05-08 17:08:00+00:00
[2026-05-08T18:08:19.385+0100] {processor.py:183} INFO - Processing /home/najma/airflow-venv/lib/python3.12/site-packages/airflow/example_dags/example_sla_dag.py took 0.164 seconds
[2026-05-08T18:09:26.754+0100] {processor.py:161} INFO - Started process (PID=11532) to work on /home/najma/airflow-venv/lib/python3.12/site-packages/airflow/example_dags/example_sla_dag.py
[2026-05-08T18:09:26.755+0100] {processor.py:830} INFO - Processing file /home/najma/airflow-venv/lib/python3.12/site-packages/airflow/example_dags/example_sla_dag.py for tasks to queue
[2026-05-08T18:09:26.757+0100] {logging_mixin.py:188} INFO - [2026-05-08T18:09:26.757+0100] {dagbag.py:540} INFO - Filling up the DagBag from /home/najma/airflow-venv/lib/python3.12/site-packages/airflow/example_dags/example_sla_dag.py
[2026-05-08T18:09:26.772+0100] {processor.py:840} INFO - DAG(s) 'example_sla_dag' retrieved from /home/najma/airflow-venv/lib/python3.12/site-packages/airflow/example_dags/example_sla_dag.py
[2026-05-08T18:09:26.809+0100] {logging_mixin.py:188} INFO - [2026-05-08T18:09:26.808+0100] {dag.py:3096} INFO - Sync 1 DAGs
[2026-05-08T18:09:26.835+0100] {logging_mixin.py:188} INFO - [2026-05-08T18:09:26.835+0100] {dag.py:3954} INFO - Setting next_dagrun for example_sla_dag to 2026-05-08 17:06:00+00:00, run_after=2026-05-08 17:08:00+00:00
[2026-05-08T18:09:26.924+0100] {processor.py:183} INFO - Processing /home/najma/airflow-venv/lib/python3.12/site-packages/airflow/example_dags/example_sla_dag.py took 0.175 seconds
[2026-05-08T18:10:25.913+0100] {processor.py:161} INFO - Started process (PID=11587) to work on /home/najma/airflow-venv/lib/python3.12/site-packages/airflow/example_dags/example_sla_dag.py
[2026-05-08T18:10:25.914+0100] {processor.py:830} INFO - Processing file /home/najma/airflow-venv/lib/python3.12/site-packages/airflow/example_dags/example_sla_dag.py for tasks to queue
[2026-05-08T18:10:25.916+0100] {logging_mixin.py:188} INFO - [2026-05-08T18:10:25.915+0100] {dagbag.py:540} INFO - Filling up the DagBag from /home/najma/airflow-venv/lib/python3.12/site-packages/airflow/example_dags/example_sla_dag.py
[2026-05-08T18:10:25.922+0100] {processor.py:840} INFO - DAG(s) 'example_sla_dag' retrieved from /home/najma/airflow-venv/lib/python3.12/site-packages/airflow/example_dags/example_sla_dag.py
[2026-05-08T18:10:25.951+0100] {logging_mixin.py:188} INFO - [2026-05-08T18:10:25.951+0100] {dag.py:3096} INFO - Sync 1 DAGs
[2026-05-08T18:10:25.980+0100] {logging_mixin.py:188} INFO - [2026-05-08T18:10:25.980+0100] {dag.py:3954} INFO - Setting next_dagrun for example_sla_dag to 2026-05-08 17:08:00+00:00, run_after=2026-05-08 17:10:00+00:00
[2026-05-08T18:10:26.081+0100] {processor.py:183} INFO - Processing /home/najma/airflow-venv/lib/python3.12/site-packages/airflow/example_dags/example_sla_dag.py took 0.172 seconds
[2026-05-08T18:11:33.861+0100] {processor.py:161} INFO - Started process (PID=11643) to work on /home/najma/airflow-venv/lib/python3.12/site-packages/airflow/example_dags/example_sla_dag.py
[2026-05-08T18:11:33.862+0100] {processor.py:830} INFO - Processing file /home/najma/airflow-venv/lib/python3.12/site-packages/airflow/example_dags/example_sla_dag.py for tasks to queue
[2026-05-08T18:11:33.864+0100] {logging_mixin.py:188} INFO - [2026-05-08T18:11:33.864+0100] {dagbag.py:540} INFO - Filling up the DagBag from /home/najma/airflow-venv/lib/python3.12/site-packages/airflow/example_dags/example_sla_dag.py
[2026-05-08T18:11:33.870+0100] {processor.py:840} INFO - DAG(s) 'example_sla_dag' retrieved from /home/najma/airflow-venv/lib/python3.12/site-packages/airflow/example_dags/example_sla_dag.py
[2026-05-08T18:11:33.896+0100] {logging_mixin.py:188} INFO - [2026-05-08T18:11:33.895+0100] {dag.py:3096} INFO - Sync 1 DAGs
[2026-05-08T18:11:33.922+0100] {logging_mixin.py:188} INFO - [2026-05-08T18:11:33.922+0100] {dag.py:3954} INFO - Setting next_dagrun for example_sla_dag to 2026-05-08 17:08:00+00:00, run_after=2026-05-08 17:10:00+00:00
[2026-05-08T18:11:34.016+0100] {processor.py:183} INFO - Processing /home/najma/airflow-venv/lib/python3.12/site-packages/airflow/example_dags/example_sla_dag.py took 0.159 seconds
[2026-05-08T18:12:44.917+0100] {processor.py:161} INFO - Started process (PID=11701) to work on /home/najma/airflow-venv/lib/python3.12/site-packages/airflow/example_dags/example_sla_dag.py
[2026-05-08T18:12:44.919+0100] {processor.py:830} INFO - Processing file /home/najma/airflow-venv/lib/python3.12/site-packages/airflow/example_dags/example_sla_dag.py for tasks to queue
[2026-05-08T18:12:44.920+0100] {logging_mixin.py:188} INFO - [2026-05-08T18:12:44.920+0100] {dagbag.py:540} INFO - Filling up the DagBag from /home/najma/airflow-venv/lib/python3.12/site-packages/airflow/example_dags/example_sla_dag.py
[2026-05-08T18:12:44.927+0100] {processor.py:840} INFO - DAG(s) 'example_sla_dag' retrieved from /home/najma/airflow-venv/lib/python3.12/site-packages/airflow/example_dags/example_sla_dag.py
[2026-05-08T18:12:44.953+0100] {logging_mixin.py:188} INFO - [2026-05-08T18:12:44.953+0100] {dag.py:3096} INFO - Sync 1 DAGs
[2026-05-08T18:12:44.983+0100] {logging_mixin.py:188} INFO - [2026-05-08T18:12:44.983+0100] {dag.py:3954} INFO - Setting next_dagrun for example_sla_dag to 2026-05-08 17:10:00+00:00, run_after=2026-05-08 17:12:00+00:00
[2026-05-08T18:12:45.078+0100] {processor.py:183} INFO - Processing /home/najma/airflow-venv/lib/python3.12/site-packages/airflow/example_dags/example_sla_dag.py took 0.165 seconds
[2026-05-08T18:13:35.296+0100] {processor.py:161} INFO - Started process (PID=11732) to work on /home/najma/airflow-venv/lib/python3.12/site-packages/airflow/example_dags/example_sla_dag.py
[2026-05-08T18:13:35.299+0100] {processor.py:830} INFO - Processing file /home/najma/airflow-venv/lib/python3.12/site-packages/airflow/example_dags/example_sla_dag.py for tasks to queue
[2026-05-08T18:13:35.300+0100] {logging_mixin.py:188} INFO - [2026-05-08T18:13:35.300+0100] {dagbag.py:540} INFO - Filling up the DagBag from /home/najma/airflow-venv/lib/python3.12/site-packages/airflow/example_dags/example_sla_dag.py
[2026-05-08T18:13:35.309+0100] {processor.py:840} INFO - DAG(s) 'example_sla_dag' retrieved from /home/najma/airflow-venv/lib/python3.12/site-packages/airflow/example_dags/example_sla_dag.py
[2026-05-08T18:13:35.336+0100] {logging_mixin.py:188} INFO - [2026-05-08T18:13:35.335+0100] {dag.py:3096} INFO - Sync 1 DAGs
[2026-05-08T18:13:35.363+0100] {logging_mixin.py:188} INFO - [2026-05-08T18:13:35.363+0100] {dag.py:3954} INFO - Setting next_dagrun for example_sla_dag to 2026-05-08 17:10:00+00:00, run_after=2026-05-08 17:12:00+00:00
[2026-05-08T18:13:35.452+0100] {processor.py:183} INFO - Processing /home/najma/airflow-venv/lib/python3.12/site-packages/airflow/example_dags/example_sla_dag.py took 0.160 seconds
[2026-05-08T18:14:21.182+0100] {processor.py:161} INFO - Started process (PID=11771) to work on /home/najma/airflow-venv/lib/python3.12/site-packages/airflow/example_dags/example_sla_dag.py
[2026-05-08T18:14:21.183+0100] {processor.py:830} INFO - Processing file /home/najma/airflow-venv/lib/python3.12/site-packages/airflow/example_dags/example_sla_dag.py for tasks to queue
[2026-05-08T18:14:21.185+0100] {logging_mixin.py:188} INFO - [2026-05-08T18:14:21.185+0100] {dagbag.py:540} INFO - Filling up the DagBag from /home/najma/airflow-venv/lib/python3.12/site-packages/airflow/example_dags/example_sla_dag.py
[2026-05-08T18:14:21.194+0100] {processor.py:840} INFO - DAG(s) 'example_sla_dag' retrieved from /home/najma/airflow-venv/lib/python3.12/site-packages/airflow/example_dags/example_sla_dag.py
[2026-05-08T18:14:21.220+0100] {logging_mixin.py:188} INFO - [2026-05-08T18:14:21.220+0100] {dag.py:3096} INFO - Sync 1 DAGs
[2026-05-08T18:14:21.252+0100] {logging_mixin.py:188} INFO - [2026-05-08T18:14:21.252+0100] {dag.py:3954} INFO - Setting next_dagrun for example_sla_dag to 2026-05-08 17:12:00+00:00, run_after=2026-05-08 17:14:00+00:00
[2026-05-08T18:14:21.351+0100] {processor.py:183} INFO - Processing /home/najma/airflow-venv/lib/python3.12/site-packages/airflow/example_dags/example_sla_dag.py took 0.173 seconds
[2026-05-08T18:15:36.601+0100] {processor.py:161} INFO - Started process (PID=11840) to work on /home/najma/airflow-venv/lib/python3.12/site-packages/airflow/example_dags/example_sla_dag.py
[2026-05-08T18:15:36.602+0100] {processor.py:830} INFO - Processing file /home/najma/airflow-venv/lib/python3.12/site-packages/airflow/example_dags/example_sla_dag.py for tasks to queue
[2026-05-08T18:15:36.604+0100] {logging_mixin.py:188} INFO - [2026-05-08T18:15:36.603+0100] {dagbag.py:540} INFO - Filling up the DagBag from /home/najma/airflow-venv/lib/python3.12/site-packages/airflow/example_dags/example_sla_dag.py
[2026-05-08T18:15:36.610+0100] {processor.py:840} INFO - DAG(s) 'example_sla_dag' retrieved from /home/najma/airflow-venv/lib/python3.12/site-packages/airflow/example_dags/example_sla_dag.py
[2026-05-08T18:15:36.635+0100] {logging_mixin.py:188} INFO - [2026-05-08T18:15:36.635+0100] {dag.py:3096} INFO - Sync 1 DAGs
[2026-05-08T18:15:36.661+0100] {logging_mixin.py:188} INFO - [2026-05-08T18:15:36.661+0100] {dag.py:3954} INFO - Setting next_dagrun for example_sla_dag to 2026-05-08 17:12:00+00:00, run_after=2026-05-08 17:14:00+00:00
[2026-05-08T18:15:36.760+0100] {processor.py:183} INFO - Processing /home/najma/airflow-venv/lib/python3.12/site-packages/airflow/example_dags/example_sla_dag.py took 0.163 seconds
[2026-05-08T18:16:45.091+0100] {processor.py:161} INFO - Started process (PID=11897) to work on /home/najma/airflow-venv/lib/python3.12/site-packages/airflow/example_dags/example_sla_dag.py
[2026-05-08T18:16:45.094+0100] {processor.py:830} INFO - Processing file /home/najma/airflow-venv/lib/python3.12/site-packages/airflow/example_dags/example_sla_dag.py for tasks to queue
[2026-05-08T18:16:45.095+0100] {logging_mixin.py:188} INFO - [2026-05-08T18:16:45.095+0100] {dagbag.py:540} INFO - Filling up the DagBag from /home/najma/airflow-venv/lib/python3.12/site-packages/airflow/example_dags/example_sla_dag.py
[2026-05-08T18:16:45.104+0100] {processor.py:840} INFO - DAG(s) 'example_sla_dag' retrieved from /home/najma/airflow-venv/lib/python3.12/site-packages/airflow/example_dags/example_sla_dag.py
[2026-05-08T18:16:45.131+0100] {logging_mixin.py:188} INFO - [2026-05-08T18:16:45.130+0100] {dag.py:3096} INFO - Sync 1 DAGs
[2026-05-08T18:16:45.156+0100] {logging_mixin.py:188} INFO - [2026-05-08T18:16:45.156+0100] {dag.py:3954} INFO - Setting next_dagrun for example_sla_dag to 2026-05-08 17:14:00+00:00, run_after=2026-05-08 17:16:00+00:00
[2026-05-08T18:16:45.236+0100] {processor.py:183} INFO - Processing /home/najma/airflow-venv/lib/python3.12/site-packages/airflow/example_dags/example_sla_dag.py took 0.149 seconds
[2026-05-08T18:17:55.790+0100] {processor.py:161} INFO - Started process (PID=11957) to work on /home/najma/airflow-venv/lib/python3.12/site-packages/airflow/example_dags/example_sla_dag.py
[2026-05-08T18:17:55.791+0100] {processor.py:830} INFO - Processing file /home/najma/airflow-venv/lib/python3.12/site-packages/airflow/example_dags/example_sla_dag.py for tasks to queue
[2026-05-08T18:17:55.793+0100] {logging_mixin.py:188} INFO - [2026-05-08T18:17:55.793+0100] {dagbag.py:540} INFO - Filling up the DagBag from /home/najma/airflow-venv/lib/python3.12/site-packages/airflow/example_dags/example_sla_dag.py
[2026-05-08T18:17:55.800+0100] {processor.py:840} INFO - DAG(s) 'example_sla_dag' retrieved from /home/najma/airflow-venv/lib/python3.12/site-packages/airflow/example_dags/example_sla_dag.py
[2026-05-08T18:17:55.830+0100] {logging_mixin.py:188} INFO - [2026-05-08T18:17:55.830+0100] {dag.py:3096} INFO - Sync 1 DAGs
[2026-05-08T18:17:55.858+0100] {logging_mixin.py:188} INFO - [2026-05-08T18:17:55.857+0100] {dag.py:3954} INFO - Setting next_dagrun for example_sla_dag to 2026-05-08 17:14:00+00:00, run_after=2026-05-08 17:16:00+00:00
[2026-05-08T18:17:55.967+0100] {processor.py:183} INFO - Processing /home/najma/airflow-venv/lib/python3.12/site-packages/airflow/example_dags/example_sla_dag.py took 0.181 seconds
[2026-05-08T18:19:07.103+0100] {processor.py:161} INFO - Started process (PID=12014) to work on /home/najma/airflow-venv/lib/python3.12/site-packages/airflow/example_dags/example_sla_dag.py
[2026-05-08T18:19:07.105+0100] {processor.py:830} INFO - Processing file /home/najma/airflow-venv/lib/python3.12/site-packages/airflow/example_dags/example_sla_dag.py for tasks to queue
[2026-05-08T18:19:07.106+0100] {logging_mixin.py:188} INFO - [2026-05-08T18:19:07.106+0100] {dagbag.py:540} INFO - Filling up the DagBag from /home/najma/airflow-venv/lib/python3.12/site-packages/airflow/example_dags/example_sla_dag.py
[2026-05-08T18:19:07.112+0100] {processor.py:840} INFO - DAG(s) 'example_sla_dag' retrieved from /home/najma/airflow-venv/lib/python3.12/site-packages/airflow/example_dags/example_sla_dag.py
[2026-05-08T18:19:07.140+0100] {logging_mixin.py:188} INFO - [2026-05-08T18:19:07.140+0100] {dag.py:3096} INFO - Sync 1 DAGs
[2026-05-08T18:19:07.167+0100] {logging_mixin.py:188} INFO - [2026-05-08T18:19:07.166+0100] {dag.py:3954} INFO - Setting next_dagrun for example_sla_dag to 2026-05-08 17:16:00+00:00, run_after=2026-05-08 17:18:00+00:00
[2026-05-08T18:19:07.262+0100] {processor.py:183} INFO - Processing /home/najma/airflow-venv/lib/python3.12/site-packages/airflow/example_dags/example_sla_dag.py took 0.163 seconds
[2026-05-08T18:20:14.519+0100] {processor.py:161} INFO - Started process (PID=12071) to work on /home/najma/airflow-venv/lib/python3.12/site-packages/airflow/example_dags/example_sla_dag.py
[2026-05-08T18:20:14.521+0100] {processor.py:830} INFO - Processing file /home/najma/airflow-venv/lib/python3.12/site-packages/airflow/example_dags/example_sla_dag.py for tasks to queue
[2026-05-08T18:20:14.522+0100] {logging_mixin.py:188} INFO - [2026-05-08T18:20:14.522+0100] {dagbag.py:540} INFO - Filling up the DagBag from /home/najma/airflow-venv/lib/python3.12/site-packages/airflow/example_dags/example_sla_dag.py
[2026-05-08T18:20:14.529+0100] {processor.py:840} INFO - DAG(s) 'example_sla_dag' retrieved from /home/najma/airflow-venv/lib/python3.12/site-packages/airflow/example_dags/example_sla_dag.py
[2026-05-08T18:20:14.553+0100] {logging_mixin.py:188} INFO - [2026-05-08T18:20:14.553+0100] {dag.py:3096} INFO - Sync 1 DAGs
[2026-05-08T18:20:14.578+0100] {logging_mixin.py:188} INFO - [2026-05-08T18:20:14.577+0100] {dag.py:3954} INFO - Setting next_dagrun for example_sla_dag to 2026-05-08 17:18:00+00:00, run_after=2026-05-08 17:20:00+00:00
[2026-05-08T18:20:14.657+0100] {processor.py:183} INFO - Processing /home/najma/airflow-venv/lib/python3.12/site-packages/airflow/example_dags/example_sla_dag.py took 0.141 seconds
[2026-05-08T18:21:27.650+0100] {processor.py:161} INFO - Started process (PID=12129) to work on /home/najma/airflow-venv/lib/python3.12/site-packages/airflow/example_dags/example_sla_dag.py
[2026-05-08T18:21:27.652+0100] {processor.py:830} INFO - Processing file /home/najma/airflow-venv/lib/python3.12/site-packages/airflow/example_dags/example_sla_dag.py for tasks to queue
[2026-05-08T18:21:27.654+0100] {logging_mixin.py:188} INFO - [2026-05-08T18:21:27.653+0100] {dagbag.py:540} INFO - Filling up the DagBag from /home/najma/airflow-venv/lib/python3.12/site-packages/airflow/example_dags/example_sla_dag.py
[2026-05-08T18:21:27.668+0100] {processor.py:840} INFO - DAG(s) 'example_sla_dag' retrieved from /home/najma/airflow-venv/lib/python3.12/site-packages/airflow/example_dags/example_sla_dag.py
[2026-05-08T18:21:27.695+0100] {logging_mixin.py:188} INFO - [2026-05-08T18:21:27.695+0100] {dag.py:3096} INFO - Sync 1 DAGs
[2026-05-08T18:21:27.720+0100] {logging_mixin.py:188} INFO - [2026-05-08T18:21:27.720+0100] {dag.py:3954} INFO - Setting next_dagrun for example_sla_dag to 2026-05-08 17:18:00+00:00, run_after=2026-05-08 17:20:00+00:00
[2026-05-08T18:21:27.816+0100] {processor.py:183} INFO - Processing /home/najma/airflow-venv/lib/python3.12/site-packages/airflow/example_dags/example_sla_dag.py took 0.170 seconds
[2026-05-08T18:22:38.354+0100] {processor.py:161} INFO - Started process (PID=12187) to work on /home/najma/airflow-venv/lib/python3.12/site-packages/airflow/example_dags/example_sla_dag.py
[2026-05-08T18:22:38.356+0100] {processor.py:830} INFO - Processing file /home/najma/airflow-venv/lib/python3.12/site-packages/airflow/example_dags/example_sla_dag.py for tasks to queue
[2026-05-08T18:22:38.358+0100] {logging_mixin.py:188} INFO - [2026-05-08T18:22:38.358+0100] {dagbag.py:540} INFO - Filling up the DagBag from /home/najma/airflow-venv/lib/python3.12/site-packages/airflow/example_dags/example_sla_dag.py
[2026-05-08T18:22:38.366+0100] {processor.py:840} INFO - DAG(s) 'example_sla_dag' retrieved from /home/najma/airflow-venv/lib/python3.12/site-packages/airflow/example_dags/example_sla_dag.py
[2026-05-08T18:22:38.397+0100] {logging_mixin.py:188} INFO - [2026-05-08T18:22:38.396+0100] {dag.py:3096} INFO - Sync 1 DAGs
[2026-05-08T18:22:38.431+0100] {logging_mixin.py:188} INFO - [2026-05-08T18:22:38.430+0100] {dag.py:3954} INFO - Setting next_dagrun for example_sla_dag to 2026-05-08 17:20:00+00:00, run_after=2026-05-08 17:22:00+00:00
[2026-05-08T18:22:38.514+0100] {processor.py:183} INFO - Processing /home/najma/airflow-venv/lib/python3.12/site-packages/airflow/example_dags/example_sla_dag.py took 0.165 seconds
[2026-05-08T18:23:45.837+0100] {processor.py:161} INFO - Started process (PID=12241) to work on /home/najma/airflow-venv/lib/python3.12/site-packages/airflow/example_dags/example_sla_dag.py
[2026-05-08T18:23:45.838+0100] {processor.py:830} INFO - Processing file /home/najma/airflow-venv/lib/python3.12/site-packages/airflow/example_dags/example_sla_dag.py for tasks to queue
[2026-05-08T18:23:45.839+0100] {logging_mixin.py:188} INFO - [2026-05-08T18:23:45.839+0100] {dagbag.py:540} INFO - Filling up the DagBag from /home/najma/airflow-venv/lib/python3.12/site-packages/airflow/example_dags/example_sla_dag.py
[2026-05-08T18:23:45.846+0100] {processor.py:840} INFO - DAG(s) 'example_sla_dag' retrieved from /home/najma/airflow-venv/lib/python3.12/site-packages/airflow/example_dags/example_sla_dag.py
[2026-05-08T18:23:45.875+0100] {logging_mixin.py:188} INFO - [2026-05-08T18:23:45.875+0100] {dag.py:3096} INFO - Sync 1 DAGs
[2026-05-08T18:23:45.901+0100] {logging_mixin.py:188} INFO - [2026-05-08T18:23:45.901+0100] {dag.py:3954} INFO - Setting next_dagrun for example_sla_dag to 2026-05-08 17:20:00+00:00, run_after=2026-05-08 17:22:00+00:00
[2026-05-08T18:23:45.977+0100] {processor.py:183} INFO - Processing /home/najma/airflow-venv/lib/python3.12/site-packages/airflow/example_dags/example_sla_dag.py took 0.144 seconds
[2026-05-08T18:24:56.912+0100] {processor.py:161} INFO - Started process (PID=12303) to work on /home/najma/airflow-venv/lib/python3.12/site-packages/airflow/example_dags/example_sla_dag.py
[2026-05-08T18:24:56.914+0100] {processor.py:830} INFO - Processing file /home/najma/airflow-venv/lib/python3.12/site-packages/airflow/example_dags/example_sla_dag.py for tasks to queue
[2026-05-08T18:24:56.916+0100] {logging_mixin.py:188} INFO - [2026-05-08T18:24:56.916+0100] {dagbag.py:540} INFO - Filling up the DagBag from /home/najma/airflow-venv/lib/python3.12/site-packages/airflow/example_dags/example_sla_dag.py
[2026-05-08T18:24:56.924+0100] {processor.py:840} INFO - DAG(s) 'example_sla_dag' retrieved from /home/najma/airflow-venv/lib/python3.12/site-packages/airflow/example_dags/example_sla_dag.py
[2026-05-08T18:24:56.949+0100] {logging_mixin.py:188} INFO - [2026-05-08T18:24:56.949+0100] {dag.py:3096} INFO - Sync 1 DAGs
[2026-05-08T18:24:56.978+0100] {logging_mixin.py:188} INFO - [2026-05-08T18:24:56.978+0100] {dag.py:3954} INFO - Setting next_dagrun for example_sla_dag to 2026-05-08 17:22:00+00:00, run_after=2026-05-08 17:24:00+00:00
[2026-05-08T18:24:57.081+0100] {processor.py:183} INFO - Processing /home/najma/airflow-venv/lib/python3.12/site-packages/airflow/example_dags/example_sla_dag.py took 0.173 seconds
[2026-05-08T18:25:38.904+0100] {processor.py:161} INFO - Started process (PID=12342) to work on /home/najma/airflow-venv/lib/python3.12/site-packages/airflow/example_dags/example_sla_dag.py
[2026-05-08T18:25:38.905+0100] {processor.py:830} INFO - Processing file /home/najma/airflow-venv/lib/python3.12/site-packages/airflow/example_dags/example_sla_dag.py for tasks to queue
[2026-05-08T18:25:38.907+0100] {logging_mixin.py:188} INFO - [2026-05-08T18:25:38.907+0100] {dagbag.py:540} INFO - Filling up the DagBag from /home/najma/airflow-venv/lib/python3.12/site-packages/airflow/example_dags/example_sla_dag.py
[2026-05-08T18:25:38.923+0100] {processor.py:840} INFO - DAG(s) 'example_sla_dag' retrieved from /home/najma/airflow-venv/lib/python3.12/site-packages/airflow/example_dags/example_sla_dag.py
[2026-05-08T18:25:38.971+0100] {logging_mixin.py:188} INFO - [2026-05-08T18:25:38.971+0100] {dag.py:3096} INFO - Sync 1 DAGs
[2026-05-08T18:25:39.016+0100] {logging_mixin.py:188} INFO - [2026-05-08T18:25:39.016+0100] {dag.py:3954} INFO - Setting next_dagrun for example_sla_dag to 2026-05-08 17:22:00+00:00, run_after=2026-05-08 17:24:00+00:00
[2026-05-08T18:25:39.120+0100] {processor.py:183} INFO - Processing /home/najma/airflow-venv/lib/python3.12/site-packages/airflow/example_dags/example_sla_dag.py took 0.220 seconds
[2026-05-08T18:26:50.123+0100] {processor.py:161} INFO - Started process (PID=12407) to work on /home/najma/airflow-venv/lib/python3.12/site-packages/airflow/example_dags/example_sla_dag.py
[2026-05-08T18:26:50.124+0100] {processor.py:830} INFO - Processing file /home/najma/airflow-venv/lib/python3.12/site-packages/airflow/example_dags/example_sla_dag.py for tasks to queue
[2026-05-08T18:26:50.127+0100] {logging_mixin.py:188} INFO - [2026-05-08T18:26:50.126+0100] {dagbag.py:540} INFO - Filling up the DagBag from /home/najma/airflow-venv/lib/python3.12/site-packages/airflow/example_dags/example_sla_dag.py
[2026-05-08T18:26:50.140+0100] {processor.py:840} INFO - DAG(s) 'example_sla_dag' retrieved from /home/najma/airflow-venv/lib/python3.12/site-packages/airflow/example_dags/example_sla_dag.py
[2026-05-08T18:26:50.171+0100] {logging_mixin.py:188} INFO - [2026-05-08T18:26:50.170+0100] {dag.py:3096} INFO - Sync 1 DAGs
[2026-05-08T18:26:50.205+0100] {logging_mixin.py:188} INFO - [2026-05-08T18:26:50.205+0100] {dag.py:3954} INFO - Setting next_dagrun for example_sla_dag to 2026-05-08 17:24:00+00:00, run_after=2026-05-08 17:26:00+00:00
[2026-05-08T18:26:50.327+0100] {processor.py:183} INFO - Processing /home/najma/airflow-venv/lib/python3.12/site-packages/airflow/example_dags/example_sla_dag.py took 0.210 seconds
[2026-05-08T18:27:34.174+0100] {processor.py:161} INFO - Started process (PID=12438) to work on /home/najma/airflow-venv/lib/python3.12/site-packages/airflow/example_dags/example_sla_dag.py
[2026-05-08T18:27:34.176+0100] {processor.py:830} INFO - Processing file /home/najma/airflow-venv/lib/python3.12/site-packages/airflow/example_dags/example_sla_dag.py for tasks to queue
[2026-05-08T18:27:34.178+0100] {logging_mixin.py:188} INFO - [2026-05-08T18:27:34.177+0100] {dagbag.py:540} INFO - Filling up the DagBag from /home/najma/airflow-venv/lib/python3.12/site-packages/airflow/example_dags/example_sla_dag.py
[2026-05-08T18:27:34.186+0100] {processor.py:840} INFO - DAG(s) 'example_sla_dag' retrieved from /home/najma/airflow-venv/lib/python3.12/site-packages/airflow/example_dags/example_sla_dag.py
[2026-05-08T18:27:34.216+0100] {logging_mixin.py:188} INFO - [2026-05-08T18:27:34.216+0100] {dag.py:3096} INFO - Sync 1 DAGs
[2026-05-08T18:27:34.246+0100] {logging_mixin.py:188} INFO - [2026-05-08T18:27:34.246+0100] {dag.py:3954} INFO - Setting next_dagrun for example_sla_dag to 2026-05-08 17:24:00+00:00, run_after=2026-05-08 17:26:00+00:00
[2026-05-08T18:27:34.344+0100] {processor.py:183} INFO - Processing /home/najma/airflow-venv/lib/python3.12/site-packages/airflow/example_dags/example_sla_dag.py took 0.173 seconds
[2026-05-08T18:28:51.533+0100] {processor.py:161} INFO - Started process (PID=12499) to work on /home/najma/airflow-venv/lib/python3.12/site-packages/airflow/example_dags/example_sla_dag.py
[2026-05-08T18:28:51.535+0100] {processor.py:830} INFO - Processing file /home/najma/airflow-venv/lib/python3.12/site-packages/airflow/example_dags/example_sla_dag.py for tasks to queue
[2026-05-08T18:28:51.537+0100] {logging_mixin.py:188} INFO - [2026-05-08T18:28:51.536+0100] {dagbag.py:540} INFO - Filling up the DagBag from /home/najma/airflow-venv/lib/python3.12/site-packages/airflow/example_dags/example_sla_dag.py
[2026-05-08T18:28:51.545+0100] {processor.py:840} INFO - DAG(s) 'example_sla_dag' retrieved from /home/najma/airflow-venv/lib/python3.12/site-packages/airflow/example_dags/example_sla_dag.py
[2026-05-08T18:28:51.574+0100] {logging_mixin.py:188} INFO - [2026-05-08T18:28:51.574+0100] {dag.py:3096} INFO - Sync 1 DAGs
[2026-05-08T18:28:51.606+0100] {logging_mixin.py:188} INFO - [2026-05-08T18:28:51.605+0100] {dag.py:3954} INFO - Setting next_dagrun for example_sla_dag to 2026-05-08 17:26:00+00:00, run_after=2026-05-08 17:28:00+00:00
[2026-05-08T18:28:51.698+0100] {processor.py:183} INFO - Processing /home/najma/airflow-venv/lib/python3.12/site-packages/airflow/example_dags/example_sla_dag.py took 0.170 seconds
[2026-05-08T18:30:06.454+0100] {processor.py:161} INFO - Started process (PID=12559) to work on /home/najma/airflow-venv/lib/python3.12/site-packages/airflow/example_dags/example_sla_dag.py
[2026-05-08T18:30:06.456+0100] {processor.py:830} INFO - Processing file /home/najma/airflow-venv/lib/python3.12/site-packages/airflow/example_dags/example_sla_dag.py for tasks to queue
[2026-05-08T18:30:06.458+0100] {logging_mixin.py:188} INFO - [2026-05-08T18:30:06.457+0100] {dagbag.py:540} INFO - Filling up the DagBag from /home/najma/airflow-venv/lib/python3.12/site-packages/airflow/example_dags/example_sla_dag.py
[2026-05-08T18:30:06.465+0100] {processor.py:840} INFO - DAG(s) 'example_sla_dag' retrieved from /home/najma/airflow-venv/lib/python3.12/site-packages/airflow/example_dags/example_sla_dag.py
[2026-05-08T18:30:06.497+0100] {logging_mixin.py:188} INFO - [2026-05-08T18:30:06.496+0100] {dag.py:3096} INFO - Sync 1 DAGs
[2026-05-08T18:30:06.535+0100] {logging_mixin.py:188} INFO - [2026-05-08T18:30:06.535+0100] {dag.py:3954} INFO - Setting next_dagrun for example_sla_dag to 2026-05-08 17:28:00+00:00, run_after=2026-05-08 17:30:00+00:00
[2026-05-08T18:30:06.645+0100] {processor.py:183} INFO - Processing /home/najma/airflow-venv/lib/python3.12/site-packages/airflow/example_dags/example_sla_dag.py took 0.195 seconds
[2026-05-08T18:31:22.523+0100] {processor.py:161} INFO - Started process (PID=12619) to work on /home/najma/airflow-venv/lib/python3.12/site-packages/airflow/example_dags/example_sla_dag.py
[2026-05-08T18:31:22.525+0100] {processor.py:830} INFO - Processing file /home/najma/airflow-venv/lib/python3.12/site-packages/airflow/example_dags/example_sla_dag.py for tasks to queue
[2026-05-08T18:31:22.527+0100] {logging_mixin.py:188} INFO - [2026-05-08T18:31:22.526+0100] {dagbag.py:540} INFO - Filling up the DagBag from /home/najma/airflow-venv/lib/python3.12/site-packages/airflow/example_dags/example_sla_dag.py
[2026-05-08T18:31:22.533+0100] {processor.py:840} INFO - DAG(s) 'example_sla_dag' retrieved from /home/najma/airflow-venv/lib/python3.12/site-packages/airflow/example_dags/example_sla_dag.py
[2026-05-08T18:31:22.561+0100] {logging_mixin.py:188} INFO - [2026-05-08T18:31:22.561+0100] {dag.py:3096} INFO - Sync 1 DAGs
[2026-05-08T18:31:22.589+0100] {logging_mixin.py:188} INFO - [2026-05-08T18:31:22.589+0100] {dag.py:3954} INFO - Setting next_dagrun for example_sla_dag to 2026-05-08 17:28:00+00:00, run_after=2026-05-08 17:30:00+00:00
[2026-05-08T18:31:22.684+0100] {processor.py:183} INFO - Processing /home/najma/airflow-venv/lib/python3.12/site-packages/airflow/example_dags/example_sla_dag.py took 0.165 seconds
[2026-05-08T18:32:05.542+0100] {processor.py:161} INFO - Started process (PID=12651) to work on /home/najma/airflow-venv/lib/python3.12/site-packages/airflow/example_dags/example_sla_dag.py
[2026-05-08T18:32:05.560+0100] {processor.py:830} INFO - Processing file /home/najma/airflow-venv/lib/python3.12/site-packages/airflow/example_dags/example_sla_dag.py for tasks to queue
[2026-05-08T18:32:05.562+0100] {logging_mixin.py:188} INFO - [2026-05-08T18:32:05.562+0100] {dagbag.py:540} INFO - Filling up the DagBag from /home/najma/airflow-venv/lib/python3.12/site-packages/airflow/example_dags/example_sla_dag.py
[2026-05-08T18:32:05.568+0100] {processor.py:840} INFO - DAG(s) 'example_sla_dag' retrieved from /home/najma/airflow-venv/lib/python3.12/site-packages/airflow/example_dags/example_sla_dag.py
[2026-05-08T18:32:05.595+0100] {logging_mixin.py:188} INFO - [2026-05-08T18:32:05.595+0100] {dag.py:3096} INFO - Sync 1 DAGs
[2026-05-08T18:32:05.622+0100] {logging_mixin.py:188} INFO - [2026-05-08T18:32:05.622+0100] {dag.py:3954} INFO - Setting next_dagrun for example_sla_dag to 2026-05-08 17:30:00+00:00, run_after=2026-05-08 17:32:00+00:00
[2026-05-08T18:32:05.706+0100] {processor.py:183} INFO - Processing /home/najma/airflow-venv/lib/python3.12/site-packages/airflow/example_dags/example_sla_dag.py took 0.168 seconds
[2026-05-08T18:33:22.588+0100] {processor.py:161} INFO - Started process (PID=12709) to work on /home/najma/airflow-venv/lib/python3.12/site-packages/airflow/example_dags/example_sla_dag.py
[2026-05-08T18:33:22.590+0100] {processor.py:830} INFO - Processing file /home/najma/airflow-venv/lib/python3.12/site-packages/airflow/example_dags/example_sla_dag.py for tasks to queue
[2026-05-08T18:33:22.591+0100] {logging_mixin.py:188} INFO - [2026-05-08T18:33:22.591+0100] {dagbag.py:540} INFO - Filling up the DagBag from /home/najma/airflow-venv/lib/python3.12/site-packages/airflow/example_dags/example_sla_dag.py
[2026-05-08T18:33:22.598+0100] {processor.py:840} INFO - DAG(s) 'example_sla_dag' retrieved from /home/najma/airflow-venv/lib/python3.12/site-packages/airflow/example_dags/example_sla_dag.py
[2026-05-08T18:33:22.625+0100] {logging_mixin.py:188} INFO - [2026-05-08T18:33:22.625+0100] {dag.py:3096} INFO - Sync 1 DAGs
[2026-05-08T18:33:22.653+0100] {logging_mixin.py:188} INFO - [2026-05-08T18:33:22.653+0100] {dag.py:3954} INFO - Setting next_dagrun for example_sla_dag to 2026-05-08 17:30:00+00:00, run_after=2026-05-08 17:32:00+00:00
[2026-05-08T18:33:22.732+0100] {processor.py:183} INFO - Processing /home/najma/airflow-venv/lib/python3.12/site-packages/airflow/example_dags/example_sla_dag.py took 0.147 seconds
[2026-05-08T18:33:52.840+0100] {processor.py:161} INFO - Started process (PID=12734) to work on /home/najma/airflow-venv/lib/python3.12/site-packages/airflow/example_dags/example_sla_dag.py
[2026-05-08T18:33:52.841+0100] {processor.py:830} INFO - Processing file /home/najma/airflow-venv/lib/python3.12/site-packages/airflow/example_dags/example_sla_dag.py for tasks to queue
[2026-05-08T18:33:52.843+0100] {logging_mixin.py:188} INFO - [2026-05-08T18:33:52.843+0100] {dagbag.py:540} INFO - Filling up the DagBag from /home/najma/airflow-venv/lib/python3.12/site-packages/airflow/example_dags/example_sla_dag.py
[2026-05-08T18:33:52.868+0100] {processor.py:840} INFO - DAG(s) 'example_sla_dag' retrieved from /home/najma/airflow-venv/lib/python3.12/site-packages/airflow/example_dags/example_sla_dag.py
[2026-05-08T18:33:52.928+0100] {logging_mixin.py:188} INFO - [2026-05-08T18:33:52.927+0100] {dag.py:3096} INFO - Sync 1 DAGs
[2026-05-08T18:33:52.956+0100] {logging_mixin.py:188} INFO - [2026-05-08T18:33:52.956+0100] {dag.py:3954} INFO - Setting next_dagrun for example_sla_dag to 2026-05-08 17:30:00+00:00, run_after=2026-05-08 17:32:00+00:00
[2026-05-08T18:33:53.041+0100] {processor.py:183} INFO - Processing /home/najma/airflow-venv/lib/python3.12/site-packages/airflow/example_dags/example_sla_dag.py took 0.205 seconds
[2026-05-08T18:34:57.920+0100] {processor.py:161} INFO - Started process (PID=12808) to work on /home/najma/airflow-venv/lib/python3.12/site-packages/airflow/example_dags/example_sla_dag.py
[2026-05-08T18:34:57.922+0100] {processor.py:830} INFO - Processing file /home/najma/airflow-venv/lib/python3.12/site-packages/airflow/example_dags/example_sla_dag.py for tasks to queue
[2026-05-08T18:34:57.924+0100] {logging_mixin.py:188} INFO - [2026-05-08T18:34:57.923+0100] {dagbag.py:540} INFO - Filling up the DagBag from /home/najma/airflow-venv/lib/python3.12/site-packages/airflow/example_dags/example_sla_dag.py
[2026-05-08T18:34:57.937+0100] {processor.py:840} INFO - DAG(s) 'example_sla_dag' retrieved from /home/najma/airflow-venv/lib/python3.12/site-packages/airflow/example_dags/example_sla_dag.py
[2026-05-08T18:34:57.982+0100] {logging_mixin.py:188} INFO - [2026-05-08T18:34:57.981+0100] {dag.py:3096} INFO - Sync 1 DAGs
[2026-05-08T18:34:58.074+0100] {logging_mixin.py:188} INFO - [2026-05-08T18:34:58.074+0100] {dag.py:3954} INFO - Setting next_dagrun for example_sla_dag to 2026-05-08 17:32:00+00:00, run_after=2026-05-08 17:34:00+00:00
[2026-05-08T18:34:58.236+0100] {processor.py:183} INFO - Processing /home/najma/airflow-venv/lib/python3.12/site-packages/airflow/example_dags/example_sla_dag.py took 0.320 seconds
[2026-05-08T18:36:13.041+0100] {processor.py:161} INFO - Started process (PID=12872) to work on /home/najma/airflow-venv/lib/python3.12/site-packages/airflow/example_dags/example_sla_dag.py
[2026-05-08T18:36:13.042+0100] {processor.py:830} INFO - Processing file /home/najma/airflow-venv/lib/python3.12/site-packages/airflow/example_dags/example_sla_dag.py for tasks to queue
[2026-05-08T18:36:13.044+0100] {logging_mixin.py:188} INFO - [2026-05-08T18:36:13.043+0100] {dagbag.py:540} INFO - Filling up the DagBag from /home/najma/airflow-venv/lib/python3.12/site-packages/airflow/example_dags/example_sla_dag.py
[2026-05-08T18:36:13.050+0100] {processor.py:840} INFO - DAG(s) 'example_sla_dag' retrieved from /home/najma/airflow-venv/lib/python3.12/site-packages/airflow/example_dags/example_sla_dag.py
[2026-05-08T18:36:13.078+0100] {logging_mixin.py:188} INFO - [2026-05-08T18:36:13.078+0100] {dag.py:3096} INFO - Sync 1 DAGs
[2026-05-08T18:36:13.105+0100] {logging_mixin.py:188} INFO - [2026-05-08T18:36:13.105+0100] {dag.py:3954} INFO - Setting next_dagrun for example_sla_dag to 2026-05-08 17:34:00+00:00, run_after=2026-05-08 17:36:00+00:00
[2026-05-08T18:36:13.200+0100] {processor.py:183} INFO - Processing /home/najma/airflow-venv/lib/python3.12/site-packages/airflow/example_dags/example_sla_dag.py took 0.163 seconds
[2026-05-08T18:37:27.557+0100] {processor.py:161} INFO - Started process (PID=12932) to work on /home/najma/airflow-venv/lib/python3.12/site-packages/airflow/example_dags/example_sla_dag.py
[2026-05-08T18:37:27.562+0100] {processor.py:830} INFO - Processing file /home/najma/airflow-venv/lib/python3.12/site-packages/airflow/example_dags/example_sla_dag.py for tasks to queue
[2026-05-08T18:37:27.563+0100] {logging_mixin.py:188} INFO - [2026-05-08T18:37:27.563+0100] {dagbag.py:540} INFO - Filling up the DagBag from /home/najma/airflow-venv/lib/python3.12/site-packages/airflow/example_dags/example_sla_dag.py
[2026-05-08T18:37:27.578+0100] {processor.py:840} INFO - DAG(s) 'example_sla_dag' retrieved from /home/najma/airflow-venv/lib/python3.12/site-packages/airflow/example_dags/example_sla_dag.py
[2026-05-08T18:37:27.620+0100] {logging_mixin.py:188} INFO - [2026-05-08T18:37:27.619+0100] {dag.py:3096} INFO - Sync 1 DAGs
[2026-05-08T18:37:27.670+0100] {logging_mixin.py:188} INFO - [2026-05-08T18:37:27.670+0100] {dag.py:3954} INFO - Setting next_dagrun for example_sla_dag to 2026-05-08 17:34:00+00:00, run_after=2026-05-08 17:36:00+00:00
[2026-05-08T18:37:27.809+0100] {processor.py:183} INFO - Processing /home/najma/airflow-venv/lib/python3.12/site-packages/airflow/example_dags/example_sla_dag.py took 0.258 seconds
[2026-05-08T18:38:47.686+0100] {processor.py:161} INFO - Started process (PID=12999) to work on /home/najma/airflow-venv/lib/python3.12/site-packages/airflow/example_dags/example_sla_dag.py
[2026-05-08T18:38:47.687+0100] {processor.py:830} INFO - Processing file /home/najma/airflow-venv/lib/python3.12/site-packages/airflow/example_dags/example_sla_dag.py for tasks to queue
[2026-05-08T18:38:47.689+0100] {logging_mixin.py:188} INFO - [2026-05-08T18:38:47.688+0100] {dagbag.py:540} INFO - Filling up the DagBag from /home/najma/airflow-venv/lib/python3.12/site-packages/airflow/example_dags/example_sla_dag.py
[2026-05-08T18:38:47.695+0100] {processor.py:840} INFO - DAG(s) 'example_sla_dag' retrieved from /home/najma/airflow-venv/lib/python3.12/site-packages/airflow/example_dags/example_sla_dag.py
[2026-05-08T18:38:47.724+0100] {logging_mixin.py:188} INFO - [2026-05-08T18:38:47.724+0100] {dag.py:3096} INFO - Sync 1 DAGs
[2026-05-08T18:38:47.751+0100] {logging_mixin.py:188} INFO - [2026-05-08T18:38:47.751+0100] {dag.py:3954} INFO - Setting next_dagrun for example_sla_dag to 2026-05-08 17:36:00+00:00, run_after=2026-05-08 17:38:00+00:00
[2026-05-08T18:38:47.833+0100] {processor.py:183} INFO - Processing /home/najma/airflow-venv/lib/python3.12/site-packages/airflow/example_dags/example_sla_dag.py took 0.152 seconds
