[2026-05-08T16:43:34.429+0100] {processor.py:161} INFO - Started process (PID=9569) to work on /home/najma/airflow-venv/lib/python3.12/site-packages/airflow/example_dags/example_dag_decorator.py
[2026-05-08T16:43:34.430+0100] {processor.py:830} INFO - Processing file /home/najma/airflow-venv/lib/python3.12/site-packages/airflow/example_dags/example_dag_decorator.py for tasks to queue
[2026-05-08T16:43:34.432+0100] {logging_mixin.py:188} INFO - [2026-05-08T16:43:34.431+0100] {dagbag.py:540} INFO - Filling up the DagBag from /home/najma/airflow-venv/lib/python3.12/site-packages/airflow/example_dags/example_dag_decorator.py
[2026-05-08T16:43:34.564+0100] {processor.py:840} INFO - DAG(s) 'example_dag_decorator' retrieved from /home/najma/airflow-venv/lib/python3.12/site-packages/airflow/example_dags/example_dag_decorator.py
[2026-05-08T16:43:34.755+0100] {logging_mixin.py:188} INFO - [2026-05-08T16:43:34.754+0100] {override.py:1829} INFO - Created Permission View: can read on DAG:example_dag_decorator
[2026-05-08T16:43:34.801+0100] {logging_mixin.py:188} INFO - [2026-05-08T16:43:34.801+0100] {override.py:1829} INFO - Created Permission View: can edit on DAG:example_dag_decorator
[2026-05-08T16:43:34.843+0100] {logging_mixin.py:188} INFO - [2026-05-08T16:43:34.842+0100] {override.py:1829} INFO - Created Permission View: can delete on DAG:example_dag_decorator
[2026-05-08T16:43:34.844+0100] {logging_mixin.py:188} INFO - [2026-05-08T16:43:34.843+0100] {dag.py:3096} INFO - Sync 1 DAGs
[2026-05-08T16:43:34.867+0100] {logging_mixin.py:188} INFO - [2026-05-08T16:43:34.866+0100] {dag.py:3118} INFO - Creating ORM DAG for example_dag_decorator
[2026-05-08T16:43:34.868+0100] {logging_mixin.py:188} INFO - [2026-05-08T16:43:34.867+0100] {dag.py:3954} INFO - Setting next_dagrun for example_dag_decorator to None, run_after=None
[2026-05-08T16:43:34.960+0100] {processor.py:183} INFO - Processing /home/najma/airflow-venv/lib/python3.12/site-packages/airflow/example_dags/example_dag_decorator.py took 0.535 seconds
[2026-05-08T16:44:58.244+0100] {processor.py:161} INFO - Started process (PID=9645) to work on /home/najma/airflow-venv/lib/python3.12/site-packages/airflow/example_dags/example_dag_decorator.py
[2026-05-08T16:44:58.261+0100] {processor.py:830} INFO - Processing file /home/najma/airflow-venv/lib/python3.12/site-packages/airflow/example_dags/example_dag_decorator.py for tasks to queue
[2026-05-08T16:44:58.263+0100] {logging_mixin.py:188} INFO - [2026-05-08T16:44:58.263+0100] {dagbag.py:540} INFO - Filling up the DagBag from /home/najma/airflow-venv/lib/python3.12/site-packages/airflow/example_dags/example_dag_decorator.py
[2026-05-08T16:44:58.426+0100] {processor.py:840} INFO - DAG(s) 'example_dag_decorator' retrieved from /home/najma/airflow-venv/lib/python3.12/site-packages/airflow/example_dags/example_dag_decorator.py
[2026-05-08T16:44:58.612+0100] {logging_mixin.py:188} INFO - [2026-05-08T16:44:58.612+0100] {dag.py:3096} INFO - Sync 1 DAGs
[2026-05-08T16:44:58.625+0100] {logging_mixin.py:188} INFO - [2026-05-08T16:44:58.625+0100] {dag.py:3954} INFO - Setting next_dagrun for example_dag_decorator to None, run_after=None
[2026-05-08T16:44:58.740+0100] {processor.py:183} INFO - Processing /home/najma/airflow-venv/lib/python3.12/site-packages/airflow/example_dags/example_dag_decorator.py took 0.500 seconds
[2026-05-08T16:46:20.435+0100] {processor.py:161} INFO - Started process (PID=9721) to work on /home/najma/airflow-venv/lib/python3.12/site-packages/airflow/example_dags/example_dag_decorator.py
[2026-05-08T16:46:20.436+0100] {processor.py:830} INFO - Processing file /home/najma/airflow-venv/lib/python3.12/site-packages/airflow/example_dags/example_dag_decorator.py for tasks to queue
[2026-05-08T16:46:20.438+0100] {logging_mixin.py:188} INFO - [2026-05-08T16:46:20.438+0100] {dagbag.py:540} INFO - Filling up the DagBag from /home/najma/airflow-venv/lib/python3.12/site-packages/airflow/example_dags/example_dag_decorator.py
[2026-05-08T16:46:20.626+0100] {processor.py:840} INFO - DAG(s) 'example_dag_decorator' retrieved from /home/najma/airflow-venv/lib/python3.12/site-packages/airflow/example_dags/example_dag_decorator.py
[2026-05-08T16:46:20.674+0100] {logging_mixin.py:188} INFO - [2026-05-08T16:46:20.673+0100] {dag.py:3096} INFO - Sync 1 DAGs
[2026-05-08T16:46:20.693+0100] {logging_mixin.py:188} INFO - [2026-05-08T16:46:20.693+0100] {dag.py:3954} INFO - Setting next_dagrun for example_dag_decorator to None, run_after=None
[2026-05-08T16:46:20.783+0100] {processor.py:183} INFO - Processing /home/najma/airflow-venv/lib/python3.12/site-packages/airflow/example_dags/example_dag_decorator.py took 0.352 seconds
[2026-05-08T16:47:40.577+0100] {processor.py:161} INFO - Started process (PID=9792) to work on /home/najma/airflow-venv/lib/python3.12/site-packages/airflow/example_dags/example_dag_decorator.py
[2026-05-08T16:47:40.578+0100] {processor.py:830} INFO - Processing file /home/najma/airflow-venv/lib/python3.12/site-packages/airflow/example_dags/example_dag_decorator.py for tasks to queue
[2026-05-08T16:47:40.579+0100] {logging_mixin.py:188} INFO - [2026-05-08T16:47:40.579+0100] {dagbag.py:540} INFO - Filling up the DagBag from /home/najma/airflow-venv/lib/python3.12/site-packages/airflow/example_dags/example_dag_decorator.py
[2026-05-08T16:47:40.669+0100] {processor.py:840} INFO - DAG(s) 'example_dag_decorator' retrieved from /home/najma/airflow-venv/lib/python3.12/site-packages/airflow/example_dags/example_dag_decorator.py
[2026-05-08T16:47:40.828+0100] {logging_mixin.py:188} INFO - [2026-05-08T16:47:40.828+0100] {dag.py:3096} INFO - Sync 1 DAGs
[2026-05-08T16:47:40.842+0100] {logging_mixin.py:188} INFO - [2026-05-08T16:47:40.842+0100] {dag.py:3954} INFO - Setting next_dagrun for example_dag_decorator to None, run_after=None
[2026-05-08T16:47:40.928+0100] {processor.py:183} INFO - Processing /home/najma/airflow-venv/lib/python3.12/site-packages/airflow/example_dags/example_dag_decorator.py took 0.356 seconds
[2026-05-08T16:48:50.819+0100] {processor.py:161} INFO - Started process (PID=9858) to work on /home/najma/airflow-venv/lib/python3.12/site-packages/airflow/example_dags/example_dag_decorator.py
[2026-05-08T16:48:50.821+0100] {processor.py:830} INFO - Processing file /home/najma/airflow-venv/lib/python3.12/site-packages/airflow/example_dags/example_dag_decorator.py for tasks to queue
[2026-05-08T16:48:50.825+0100] {logging_mixin.py:188} INFO - [2026-05-08T16:48:50.825+0100] {dagbag.py:540} INFO - Filling up the DagBag from /home/najma/airflow-venv/lib/python3.12/site-packages/airflow/example_dags/example_dag_decorator.py
[2026-05-08T16:48:50.912+0100] {processor.py:840} INFO - DAG(s) 'example_dag_decorator' retrieved from /home/najma/airflow-venv/lib/python3.12/site-packages/airflow/example_dags/example_dag_decorator.py
[2026-05-08T16:48:51.152+0100] {logging_mixin.py:188} INFO - [2026-05-08T16:48:51.152+0100] {dag.py:3096} INFO - Sync 1 DAGs
[2026-05-08T16:48:51.169+0100] {logging_mixin.py:188} INFO - [2026-05-08T16:48:51.169+0100] {dag.py:3954} INFO - Setting next_dagrun for example_dag_decorator to None, run_after=None
[2026-05-08T16:48:51.256+0100] {processor.py:183} INFO - Processing /home/najma/airflow-venv/lib/python3.12/site-packages/airflow/example_dags/example_dag_decorator.py took 0.443 seconds
[2026-05-08T17:46:03.459+0100] {processor.py:161} INFO - Started process (PID=10277) to work on /home/najma/airflow-venv/lib/python3.12/site-packages/airflow/example_dags/example_dag_decorator.py
[2026-05-08T17:46:03.462+0100] {processor.py:830} INFO - Processing file /home/najma/airflow-venv/lib/python3.12/site-packages/airflow/example_dags/example_dag_decorator.py for tasks to queue
[2026-05-08T17:46:03.464+0100] {logging_mixin.py:188} INFO - [2026-05-08T17:46:03.464+0100] {dagbag.py:540} INFO - Filling up the DagBag from /home/najma/airflow-venv/lib/python3.12/site-packages/airflow/example_dags/example_dag_decorator.py
[2026-05-08T17:46:03.578+0100] {processor.py:840} INFO - DAG(s) 'example_dag_decorator' retrieved from /home/najma/airflow-venv/lib/python3.12/site-packages/airflow/example_dags/example_dag_decorator.py
[2026-05-08T17:46:03.732+0100] {logging_mixin.py:188} INFO - [2026-05-08T17:46:03.731+0100] {dag.py:3096} INFO - Sync 1 DAGs
[2026-05-08T17:46:03.748+0100] {logging_mixin.py:188} INFO - [2026-05-08T17:46:03.747+0100] {dag.py:3954} INFO - Setting next_dagrun for example_dag_decorator to None, run_after=None
[2026-05-08T17:46:03.870+0100] {processor.py:183} INFO - Processing /home/najma/airflow-venv/lib/python3.12/site-packages/airflow/example_dags/example_dag_decorator.py took 0.415 seconds
[2026-05-08T17:47:28.842+0100] {processor.py:161} INFO - Started process (PID=10349) to work on /home/najma/airflow-venv/lib/python3.12/site-packages/airflow/example_dags/example_dag_decorator.py
[2026-05-08T17:47:28.844+0100] {processor.py:830} INFO - Processing file /home/najma/airflow-venv/lib/python3.12/site-packages/airflow/example_dags/example_dag_decorator.py for tasks to queue
[2026-05-08T17:47:28.845+0100] {logging_mixin.py:188} INFO - [2026-05-08T17:47:28.845+0100] {dagbag.py:540} INFO - Filling up the DagBag from /home/najma/airflow-venv/lib/python3.12/site-packages/airflow/example_dags/example_dag_decorator.py
[2026-05-08T17:47:28.925+0100] {processor.py:840} INFO - DAG(s) 'example_dag_decorator' retrieved from /home/najma/airflow-venv/lib/python3.12/site-packages/airflow/example_dags/example_dag_decorator.py
[2026-05-08T17:47:29.046+0100] {logging_mixin.py:188} INFO - [2026-05-08T17:47:29.046+0100] {dag.py:3096} INFO - Sync 1 DAGs
[2026-05-08T17:47:29.058+0100] {logging_mixin.py:188} INFO - [2026-05-08T17:47:29.058+0100] {dag.py:3954} INFO - Setting next_dagrun for example_dag_decorator to None, run_after=None
[2026-05-08T17:47:29.161+0100] {processor.py:183} INFO - Processing /home/najma/airflow-venv/lib/python3.12/site-packages/airflow/example_dags/example_dag_decorator.py took 0.323 seconds
[2026-05-08T17:48:37.181+0100] {processor.py:161} INFO - Started process (PID=10410) to work on /home/najma/airflow-venv/lib/python3.12/site-packages/airflow/example_dags/example_dag_decorator.py
[2026-05-08T17:48:37.183+0100] {processor.py:830} INFO - Processing file /home/najma/airflow-venv/lib/python3.12/site-packages/airflow/example_dags/example_dag_decorator.py for tasks to queue
[2026-05-08T17:48:37.184+0100] {logging_mixin.py:188} INFO - [2026-05-08T17:48:37.184+0100] {dagbag.py:540} INFO - Filling up the DagBag from /home/najma/airflow-venv/lib/python3.12/site-packages/airflow/example_dags/example_dag_decorator.py
[2026-05-08T17:48:37.263+0100] {processor.py:840} INFO - DAG(s) 'example_dag_decorator' retrieved from /home/najma/airflow-venv/lib/python3.12/site-packages/airflow/example_dags/example_dag_decorator.py
[2026-05-08T17:48:37.381+0100] {logging_mixin.py:188} INFO - [2026-05-08T17:48:37.381+0100] {dag.py:3096} INFO - Sync 1 DAGs
[2026-05-08T17:48:37.393+0100] {logging_mixin.py:188} INFO - [2026-05-08T17:48:37.393+0100] {dag.py:3954} INFO - Setting next_dagrun for example_dag_decorator to None, run_after=None
[2026-05-08T17:48:37.477+0100] {processor.py:183} INFO - Processing /home/najma/airflow-venv/lib/python3.12/site-packages/airflow/example_dags/example_dag_decorator.py took 0.299 seconds
[2026-05-08T17:49:46.014+0100] {processor.py:161} INFO - Started process (PID=10469) to work on /home/najma/airflow-venv/lib/python3.12/site-packages/airflow/example_dags/example_dag_decorator.py
[2026-05-08T17:49:46.016+0100] {processor.py:830} INFO - Processing file /home/najma/airflow-venv/lib/python3.12/site-packages/airflow/example_dags/example_dag_decorator.py for tasks to queue
[2026-05-08T17:49:46.017+0100] {logging_mixin.py:188} INFO - [2026-05-08T17:49:46.017+0100] {dagbag.py:540} INFO - Filling up the DagBag from /home/najma/airflow-venv/lib/python3.12/site-packages/airflow/example_dags/example_dag_decorator.py
[2026-05-08T17:49:46.108+0100] {processor.py:840} INFO - DAG(s) 'example_dag_decorator' retrieved from /home/najma/airflow-venv/lib/python3.12/site-packages/airflow/example_dags/example_dag_decorator.py
[2026-05-08T17:49:46.253+0100] {logging_mixin.py:188} INFO - [2026-05-08T17:49:46.253+0100] {dag.py:3096} INFO - Sync 1 DAGs
[2026-05-08T17:49:46.264+0100] {logging_mixin.py:188} INFO - [2026-05-08T17:49:46.264+0100] {dag.py:3954} INFO - Setting next_dagrun for example_dag_decorator to None, run_after=None
[2026-05-08T17:49:46.349+0100] {processor.py:183} INFO - Processing /home/najma/airflow-venv/lib/python3.12/site-packages/airflow/example_dags/example_dag_decorator.py took 0.338 seconds
[2026-05-08T17:51:02.118+0100] {processor.py:161} INFO - Started process (PID=10534) to work on /home/najma/airflow-venv/lib/python3.12/site-packages/airflow/example_dags/example_dag_decorator.py
[2026-05-08T17:51:02.119+0100] {processor.py:830} INFO - Processing file /home/najma/airflow-venv/lib/python3.12/site-packages/airflow/example_dags/example_dag_decorator.py for tasks to queue
[2026-05-08T17:51:02.121+0100] {logging_mixin.py:188} INFO - [2026-05-08T17:51:02.121+0100] {dagbag.py:540} INFO - Filling up the DagBag from /home/najma/airflow-venv/lib/python3.12/site-packages/airflow/example_dags/example_dag_decorator.py
[2026-05-08T17:51:02.211+0100] {processor.py:840} INFO - DAG(s) 'example_dag_decorator' retrieved from /home/najma/airflow-venv/lib/python3.12/site-packages/airflow/example_dags/example_dag_decorator.py
[2026-05-08T17:51:02.361+0100] {logging_mixin.py:188} INFO - [2026-05-08T17:51:02.360+0100] {dag.py:3096} INFO - Sync 1 DAGs
[2026-05-08T17:51:02.373+0100] {logging_mixin.py:188} INFO - [2026-05-08T17:51:02.373+0100] {dag.py:3954} INFO - Setting next_dagrun for example_dag_decorator to None, run_after=None
[2026-05-08T17:51:02.475+0100] {processor.py:183} INFO - Processing /home/najma/airflow-venv/lib/python3.12/site-packages/airflow/example_dags/example_dag_decorator.py took 0.362 seconds
[2026-05-08T17:52:14.595+0100] {processor.py:161} INFO - Started process (PID=10619) to work on /home/najma/airflow-venv/lib/python3.12/site-packages/airflow/example_dags/example_dag_decorator.py
[2026-05-08T17:52:14.597+0100] {processor.py:830} INFO - Processing file /home/najma/airflow-venv/lib/python3.12/site-packages/airflow/example_dags/example_dag_decorator.py for tasks to queue
[2026-05-08T17:52:14.598+0100] {logging_mixin.py:188} INFO - [2026-05-08T17:52:14.598+0100] {dagbag.py:540} INFO - Filling up the DagBag from /home/najma/airflow-venv/lib/python3.12/site-packages/airflow/example_dags/example_dag_decorator.py
[2026-05-08T17:52:14.678+0100] {processor.py:840} INFO - DAG(s) 'example_dag_decorator' retrieved from /home/najma/airflow-venv/lib/python3.12/site-packages/airflow/example_dags/example_dag_decorator.py
[2026-05-08T17:52:14.799+0100] {logging_mixin.py:188} INFO - [2026-05-08T17:52:14.799+0100] {dag.py:3096} INFO - Sync 1 DAGs
[2026-05-08T17:52:14.811+0100] {logging_mixin.py:188} INFO - [2026-05-08T17:52:14.811+0100] {dag.py:3954} INFO - Setting next_dagrun for example_dag_decorator to None, run_after=None
[2026-05-08T17:52:14.977+0100] {processor.py:183} INFO - Processing /home/najma/airflow-venv/lib/python3.12/site-packages/airflow/example_dags/example_dag_decorator.py took 0.385 seconds
[2026-05-08T17:53:33.290+0100] {processor.py:161} INFO - Started process (PID=10680) to work on /home/najma/airflow-venv/lib/python3.12/site-packages/airflow/example_dags/example_dag_decorator.py
[2026-05-08T17:53:33.304+0100] {processor.py:830} INFO - Processing file /home/najma/airflow-venv/lib/python3.12/site-packages/airflow/example_dags/example_dag_decorator.py for tasks to queue
[2026-05-08T17:53:33.307+0100] {logging_mixin.py:188} INFO - [2026-05-08T17:53:33.306+0100] {dagbag.py:540} INFO - Filling up the DagBag from /home/najma/airflow-venv/lib/python3.12/site-packages/airflow/example_dags/example_dag_decorator.py
[2026-05-08T17:53:33.381+0100] {processor.py:840} INFO - DAG(s) 'example_dag_decorator' retrieved from /home/najma/airflow-venv/lib/python3.12/site-packages/airflow/example_dags/example_dag_decorator.py
[2026-05-08T17:53:33.488+0100] {logging_mixin.py:188} INFO - [2026-05-08T17:53:33.488+0100] {dag.py:3096} INFO - Sync 1 DAGs
[2026-05-08T17:53:33.499+0100] {logging_mixin.py:188} INFO - [2026-05-08T17:53:33.499+0100] {dag.py:3954} INFO - Setting next_dagrun for example_dag_decorator to None, run_after=None
[2026-05-08T17:53:33.586+0100] {processor.py:183} INFO - Processing /home/najma/airflow-venv/lib/python3.12/site-packages/airflow/example_dags/example_dag_decorator.py took 0.300 seconds
[2026-05-08T17:54:41.948+0100] {processor.py:161} INFO - Started process (PID=10752) to work on /home/najma/airflow-venv/lib/python3.12/site-packages/airflow/example_dags/example_dag_decorator.py
[2026-05-08T17:54:41.950+0100] {processor.py:830} INFO - Processing file /home/najma/airflow-venv/lib/python3.12/site-packages/airflow/example_dags/example_dag_decorator.py for tasks to queue
[2026-05-08T17:54:41.951+0100] {logging_mixin.py:188} INFO - [2026-05-08T17:54:41.951+0100] {dagbag.py:540} INFO - Filling up the DagBag from /home/najma/airflow-venv/lib/python3.12/site-packages/airflow/example_dags/example_dag_decorator.py
[2026-05-08T17:54:42.026+0100] {processor.py:840} INFO - DAG(s) 'example_dag_decorator' retrieved from /home/najma/airflow-venv/lib/python3.12/site-packages/airflow/example_dags/example_dag_decorator.py
[2026-05-08T17:54:42.129+0100] {logging_mixin.py:188} INFO - [2026-05-08T17:54:42.129+0100] {dag.py:3096} INFO - Sync 1 DAGs
[2026-05-08T17:54:42.140+0100] {logging_mixin.py:188} INFO - [2026-05-08T17:54:42.140+0100] {dag.py:3954} INFO - Setting next_dagrun for example_dag_decorator to None, run_after=None
[2026-05-08T17:54:42.327+0100] {processor.py:183} INFO - Processing /home/najma/airflow-venv/lib/python3.12/site-packages/airflow/example_dags/example_dag_decorator.py took 0.382 seconds
[2026-05-08T17:55:46.693+0100] {processor.py:161} INFO - Started process (PID=10809) to work on /home/najma/airflow-venv/lib/python3.12/site-packages/airflow/example_dags/example_dag_decorator.py
[2026-05-08T17:55:46.694+0100] {processor.py:830} INFO - Processing file /home/najma/airflow-venv/lib/python3.12/site-packages/airflow/example_dags/example_dag_decorator.py for tasks to queue
[2026-05-08T17:55:46.696+0100] {logging_mixin.py:188} INFO - [2026-05-08T17:55:46.695+0100] {dagbag.py:540} INFO - Filling up the DagBag from /home/najma/airflow-venv/lib/python3.12/site-packages/airflow/example_dags/example_dag_decorator.py
[2026-05-08T17:55:46.769+0100] {processor.py:840} INFO - DAG(s) 'example_dag_decorator' retrieved from /home/najma/airflow-venv/lib/python3.12/site-packages/airflow/example_dags/example_dag_decorator.py
[2026-05-08T17:55:46.904+0100] {logging_mixin.py:188} INFO - [2026-05-08T17:55:46.904+0100] {dag.py:3096} INFO - Sync 1 DAGs
[2026-05-08T17:55:47.012+0100] {logging_mixin.py:188} INFO - [2026-05-08T17:55:47.011+0100] {dag.py:3954} INFO - Setting next_dagrun for example_dag_decorator to None, run_after=None
[2026-05-08T17:55:47.088+0100] {processor.py:183} INFO - Processing /home/najma/airflow-venv/lib/python3.12/site-packages/airflow/example_dags/example_dag_decorator.py took 0.399 seconds
[2026-05-08T17:56:56.670+0100] {processor.py:161} INFO - Started process (PID=10872) to work on /home/najma/airflow-venv/lib/python3.12/site-packages/airflow/example_dags/example_dag_decorator.py
[2026-05-08T17:56:56.672+0100] {processor.py:830} INFO - Processing file /home/najma/airflow-venv/lib/python3.12/site-packages/airflow/example_dags/example_dag_decorator.py for tasks to queue
[2026-05-08T17:56:56.674+0100] {logging_mixin.py:188} INFO - [2026-05-08T17:56:56.674+0100] {dagbag.py:540} INFO - Filling up the DagBag from /home/najma/airflow-venv/lib/python3.12/site-packages/airflow/example_dags/example_dag_decorator.py
[2026-05-08T17:56:56.753+0100] {processor.py:840} INFO - DAG(s) 'example_dag_decorator' retrieved from /home/najma/airflow-venv/lib/python3.12/site-packages/airflow/example_dags/example_dag_decorator.py
[2026-05-08T17:56:56.976+0100] {logging_mixin.py:188} INFO - [2026-05-08T17:56:56.976+0100] {dag.py:3096} INFO - Sync 1 DAGs
[2026-05-08T17:56:56.989+0100] {logging_mixin.py:188} INFO - [2026-05-08T17:56:56.989+0100] {dag.py:3954} INFO - Setting next_dagrun for example_dag_decorator to None, run_after=None
[2026-05-08T17:56:57.067+0100] {processor.py:183} INFO - Processing /home/najma/airflow-venv/lib/python3.12/site-packages/airflow/example_dags/example_dag_decorator.py took 0.401 seconds
[2026-05-08T17:58:11.759+0100] {processor.py:161} INFO - Started process (PID=10935) to work on /home/najma/airflow-venv/lib/python3.12/site-packages/airflow/example_dags/example_dag_decorator.py
[2026-05-08T17:58:11.760+0100] {processor.py:830} INFO - Processing file /home/najma/airflow-venv/lib/python3.12/site-packages/airflow/example_dags/example_dag_decorator.py for tasks to queue
[2026-05-08T17:58:11.763+0100] {logging_mixin.py:188} INFO - [2026-05-08T17:58:11.762+0100] {dagbag.py:540} INFO - Filling up the DagBag from /home/najma/airflow-venv/lib/python3.12/site-packages/airflow/example_dags/example_dag_decorator.py
[2026-05-08T17:58:11.851+0100] {processor.py:840} INFO - DAG(s) 'example_dag_decorator' retrieved from /home/najma/airflow-venv/lib/python3.12/site-packages/airflow/example_dags/example_dag_decorator.py
[2026-05-08T17:58:12.069+0100] {logging_mixin.py:188} INFO - [2026-05-08T17:58:12.069+0100] {dag.py:3096} INFO - Sync 1 DAGs
[2026-05-08T17:58:12.081+0100] {logging_mixin.py:188} INFO - [2026-05-08T17:58:12.081+0100] {dag.py:3954} INFO - Setting next_dagrun for example_dag_decorator to None, run_after=None
[2026-05-08T17:58:12.173+0100] {processor.py:183} INFO - Processing /home/najma/airflow-venv/lib/python3.12/site-packages/airflow/example_dags/example_dag_decorator.py took 0.418 seconds
[2026-05-08T17:59:19.643+0100] {processor.py:161} INFO - Started process (PID=10993) to work on /home/najma/airflow-venv/lib/python3.12/site-packages/airflow/example_dags/example_dag_decorator.py
[2026-05-08T17:59:19.644+0100] {processor.py:830} INFO - Processing file /home/najma/airflow-venv/lib/python3.12/site-packages/airflow/example_dags/example_dag_decorator.py for tasks to queue
[2026-05-08T17:59:19.647+0100] {logging_mixin.py:188} INFO - [2026-05-08T17:59:19.646+0100] {dagbag.py:540} INFO - Filling up the DagBag from /home/najma/airflow-venv/lib/python3.12/site-packages/airflow/example_dags/example_dag_decorator.py
[2026-05-08T17:59:19.718+0100] {processor.py:840} INFO - DAG(s) 'example_dag_decorator' retrieved from /home/najma/airflow-venv/lib/python3.12/site-packages/airflow/example_dags/example_dag_decorator.py
[2026-05-08T17:59:19.942+0100] {logging_mixin.py:188} INFO - [2026-05-08T17:59:19.941+0100] {dag.py:3096} INFO - Sync 1 DAGs
[2026-05-08T17:59:19.954+0100] {logging_mixin.py:188} INFO - [2026-05-08T17:59:19.954+0100] {dag.py:3954} INFO - Setting next_dagrun for example_dag_decorator to None, run_after=None
[2026-05-08T17:59:20.045+0100] {processor.py:183} INFO - Processing /home/najma/airflow-venv/lib/python3.12/site-packages/airflow/example_dags/example_dag_decorator.py took 0.405 seconds
[2026-05-08T18:00:29.253+0100] {processor.py:161} INFO - Started process (PID=11054) to work on /home/najma/airflow-venv/lib/python3.12/site-packages/airflow/example_dags/example_dag_decorator.py
[2026-05-08T18:00:29.255+0100] {processor.py:830} INFO - Processing file /home/najma/airflow-venv/lib/python3.12/site-packages/airflow/example_dags/example_dag_decorator.py for tasks to queue
[2026-05-08T18:00:29.257+0100] {logging_mixin.py:188} INFO - [2026-05-08T18:00:29.256+0100] {dagbag.py:540} INFO - Filling up the DagBag from /home/najma/airflow-venv/lib/python3.12/site-packages/airflow/example_dags/example_dag_decorator.py
[2026-05-08T18:00:29.331+0100] {processor.py:840} INFO - DAG(s) 'example_dag_decorator' retrieved from /home/najma/airflow-venv/lib/python3.12/site-packages/airflow/example_dags/example_dag_decorator.py
[2026-05-08T18:00:29.534+0100] {logging_mixin.py:188} INFO - [2026-05-08T18:00:29.533+0100] {dag.py:3096} INFO - Sync 1 DAGs
[2026-05-08T18:00:29.544+0100] {logging_mixin.py:188} INFO - [2026-05-08T18:00:29.544+0100] {dag.py:3954} INFO - Setting next_dagrun for example_dag_decorator to None, run_after=None
[2026-05-08T18:00:29.641+0100] {processor.py:183} INFO - Processing /home/najma/airflow-venv/lib/python3.12/site-packages/airflow/example_dags/example_dag_decorator.py took 0.391 seconds
[2026-05-08T18:01:35.940+0100] {processor.py:161} INFO - Started process (PID=11112) to work on /home/najma/airflow-venv/lib/python3.12/site-packages/airflow/example_dags/example_dag_decorator.py
[2026-05-08T18:01:35.941+0100] {processor.py:830} INFO - Processing file /home/najma/airflow-venv/lib/python3.12/site-packages/airflow/example_dags/example_dag_decorator.py for tasks to queue
[2026-05-08T18:01:35.943+0100] {logging_mixin.py:188} INFO - [2026-05-08T18:01:35.942+0100] {dagbag.py:540} INFO - Filling up the DagBag from /home/najma/airflow-venv/lib/python3.12/site-packages/airflow/example_dags/example_dag_decorator.py
[2026-05-08T18:01:36.106+0100] {processor.py:840} INFO - DAG(s) 'example_dag_decorator' retrieved from /home/najma/airflow-venv/lib/python3.12/site-packages/airflow/example_dags/example_dag_decorator.py
[2026-05-08T18:01:36.211+0100] {logging_mixin.py:188} INFO - [2026-05-08T18:01:36.211+0100] {dag.py:3096} INFO - Sync 1 DAGs
[2026-05-08T18:01:36.222+0100] {logging_mixin.py:188} INFO - [2026-05-08T18:01:36.222+0100] {dag.py:3954} INFO - Setting next_dagrun for example_dag_decorator to None, run_after=None
[2026-05-08T18:01:36.332+0100] {processor.py:183} INFO - Processing /home/najma/airflow-venv/lib/python3.12/site-packages/airflow/example_dags/example_dag_decorator.py took 0.395 seconds
[2026-05-08T18:02:37.925+0100] {processor.py:161} INFO - Started process (PID=11170) to work on /home/najma/airflow-venv/lib/python3.12/site-packages/airflow/example_dags/example_dag_decorator.py
[2026-05-08T18:02:37.926+0100] {processor.py:830} INFO - Processing file /home/najma/airflow-venv/lib/python3.12/site-packages/airflow/example_dags/example_dag_decorator.py for tasks to queue
[2026-05-08T18:02:37.928+0100] {logging_mixin.py:188} INFO - [2026-05-08T18:02:37.927+0100] {dagbag.py:540} INFO - Filling up the DagBag from /home/najma/airflow-venv/lib/python3.12/site-packages/airflow/example_dags/example_dag_decorator.py
[2026-05-08T18:02:38.094+0100] {processor.py:840} INFO - DAG(s) 'example_dag_decorator' retrieved from /home/najma/airflow-venv/lib/python3.12/site-packages/airflow/example_dags/example_dag_decorator.py
[2026-05-08T18:02:38.217+0100] {logging_mixin.py:188} INFO - [2026-05-08T18:02:38.217+0100] {dag.py:3096} INFO - Sync 1 DAGs
[2026-05-08T18:02:38.227+0100] {logging_mixin.py:188} INFO - [2026-05-08T18:02:38.227+0100] {dag.py:3954} INFO - Setting next_dagrun for example_dag_decorator to None, run_after=None
[2026-05-08T18:02:38.299+0100] {processor.py:183} INFO - Processing /home/najma/airflow-venv/lib/python3.12/site-packages/airflow/example_dags/example_dag_decorator.py took 0.378 seconds
[2026-05-08T18:03:44.977+0100] {processor.py:161} INFO - Started process (PID=11227) to work on /home/najma/airflow-venv/lib/python3.12/site-packages/airflow/example_dags/example_dag_decorator.py
[2026-05-08T18:03:44.978+0100] {processor.py:830} INFO - Processing file /home/najma/airflow-venv/lib/python3.12/site-packages/airflow/example_dags/example_dag_decorator.py for tasks to queue
[2026-05-08T18:03:44.980+0100] {logging_mixin.py:188} INFO - [2026-05-08T18:03:44.980+0100] {dagbag.py:540} INFO - Filling up the DagBag from /home/najma/airflow-venv/lib/python3.12/site-packages/airflow/example_dags/example_dag_decorator.py
[2026-05-08T18:03:45.141+0100] {processor.py:840} INFO - DAG(s) 'example_dag_decorator' retrieved from /home/najma/airflow-venv/lib/python3.12/site-packages/airflow/example_dags/example_dag_decorator.py
[2026-05-08T18:03:45.246+0100] {logging_mixin.py:188} INFO - [2026-05-08T18:03:45.245+0100] {dag.py:3096} INFO - Sync 1 DAGs
[2026-05-08T18:03:45.256+0100] {logging_mixin.py:188} INFO - [2026-05-08T18:03:45.256+0100] {dag.py:3954} INFO - Setting next_dagrun for example_dag_decorator to None, run_after=None
[2026-05-08T18:03:45.356+0100] {processor.py:183} INFO - Processing /home/najma/airflow-venv/lib/python3.12/site-packages/airflow/example_dags/example_dag_decorator.py took 0.383 seconds
[2026-05-08T18:04:55.188+0100] {processor.py:161} INFO - Started process (PID=11290) to work on /home/najma/airflow-venv/lib/python3.12/site-packages/airflow/example_dags/example_dag_decorator.py
[2026-05-08T18:04:55.189+0100] {processor.py:830} INFO - Processing file /home/najma/airflow-venv/lib/python3.12/site-packages/airflow/example_dags/example_dag_decorator.py for tasks to queue
[2026-05-08T18:04:55.190+0100] {logging_mixin.py:188} INFO - [2026-05-08T18:04:55.190+0100] {dagbag.py:540} INFO - Filling up the DagBag from /home/najma/airflow-venv/lib/python3.12/site-packages/airflow/example_dags/example_dag_decorator.py
[2026-05-08T18:04:55.343+0100] {processor.py:840} INFO - DAG(s) 'example_dag_decorator' retrieved from /home/najma/airflow-venv/lib/python3.12/site-packages/airflow/example_dags/example_dag_decorator.py
[2026-05-08T18:04:55.442+0100] {logging_mixin.py:188} INFO - [2026-05-08T18:04:55.442+0100] {dag.py:3096} INFO - Sync 1 DAGs
[2026-05-08T18:04:55.453+0100] {logging_mixin.py:188} INFO - [2026-05-08T18:04:55.452+0100] {dag.py:3954} INFO - Setting next_dagrun for example_dag_decorator to None, run_after=None
[2026-05-08T18:04:55.546+0100] {processor.py:183} INFO - Processing /home/najma/airflow-venv/lib/python3.12/site-packages/airflow/example_dags/example_dag_decorator.py took 0.362 seconds
[2026-05-08T18:06:02.352+0100] {processor.py:161} INFO - Started process (PID=11349) to work on /home/najma/airflow-venv/lib/python3.12/site-packages/airflow/example_dags/example_dag_decorator.py
[2026-05-08T18:06:02.353+0100] {processor.py:830} INFO - Processing file /home/najma/airflow-venv/lib/python3.12/site-packages/airflow/example_dags/example_dag_decorator.py for tasks to queue
[2026-05-08T18:06:02.355+0100] {logging_mixin.py:188} INFO - [2026-05-08T18:06:02.354+0100] {dagbag.py:540} INFO - Filling up the DagBag from /home/najma/airflow-venv/lib/python3.12/site-packages/airflow/example_dags/example_dag_decorator.py
[2026-05-08T18:06:02.531+0100] {processor.py:840} INFO - DAG(s) 'example_dag_decorator' retrieved from /home/najma/airflow-venv/lib/python3.12/site-packages/airflow/example_dags/example_dag_decorator.py
[2026-05-08T18:06:02.630+0100] {logging_mixin.py:188} INFO - [2026-05-08T18:06:02.629+0100] {dag.py:3096} INFO - Sync 1 DAGs
[2026-05-08T18:06:02.640+0100] {logging_mixin.py:188} INFO - [2026-05-08T18:06:02.639+0100] {dag.py:3954} INFO - Setting next_dagrun for example_dag_decorator to None, run_after=None
[2026-05-08T18:06:02.717+0100] {processor.py:183} INFO - Processing /home/najma/airflow-venv/lib/python3.12/site-packages/airflow/example_dags/example_dag_decorator.py took 0.369 seconds
[2026-05-08T18:07:04.644+0100] {processor.py:161} INFO - Started process (PID=11407) to work on /home/najma/airflow-venv/lib/python3.12/site-packages/airflow/example_dags/example_dag_decorator.py
[2026-05-08T18:07:04.645+0100] {processor.py:830} INFO - Processing file /home/najma/airflow-venv/lib/python3.12/site-packages/airflow/example_dags/example_dag_decorator.py for tasks to queue
[2026-05-08T18:07:04.647+0100] {logging_mixin.py:188} INFO - [2026-05-08T18:07:04.646+0100] {dagbag.py:540} INFO - Filling up the DagBag from /home/najma/airflow-venv/lib/python3.12/site-packages/airflow/example_dags/example_dag_decorator.py
[2026-05-08T18:07:04.719+0100] {processor.py:840} INFO - DAG(s) 'example_dag_decorator' retrieved from /home/najma/airflow-venv/lib/python3.12/site-packages/airflow/example_dags/example_dag_decorator.py
[2026-05-08T18:07:04.825+0100] {logging_mixin.py:188} INFO - [2026-05-08T18:07:04.825+0100] {dag.py:3096} INFO - Sync 1 DAGs
[2026-05-08T18:07:04.837+0100] {logging_mixin.py:188} INFO - [2026-05-08T18:07:04.837+0100] {dag.py:3954} INFO - Setting next_dagrun for example_dag_decorator to None, run_after=None
[2026-05-08T18:07:04.947+0100] {processor.py:183} INFO - Processing /home/najma/airflow-venv/lib/python3.12/site-packages/airflow/example_dags/example_dag_decorator.py took 0.307 seconds
[2026-05-08T18:08:06.180+0100] {processor.py:161} INFO - Started process (PID=11462) to work on /home/najma/airflow-venv/lib/python3.12/site-packages/airflow/example_dags/example_dag_decorator.py
[2026-05-08T18:08:06.181+0100] {processor.py:830} INFO - Processing file /home/najma/airflow-venv/lib/python3.12/site-packages/airflow/example_dags/example_dag_decorator.py for tasks to queue
[2026-05-08T18:08:06.183+0100] {logging_mixin.py:188} INFO - [2026-05-08T18:08:06.183+0100] {dagbag.py:540} INFO - Filling up the DagBag from /home/najma/airflow-venv/lib/python3.12/site-packages/airflow/example_dags/example_dag_decorator.py
[2026-05-08T18:08:06.254+0100] {processor.py:840} INFO - DAG(s) 'example_dag_decorator' retrieved from /home/najma/airflow-venv/lib/python3.12/site-packages/airflow/example_dags/example_dag_decorator.py
[2026-05-08T18:08:06.362+0100] {logging_mixin.py:188} INFO - [2026-05-08T18:08:06.362+0100] {dag.py:3096} INFO - Sync 1 DAGs
[2026-05-08T18:08:06.373+0100] {logging_mixin.py:188} INFO - [2026-05-08T18:08:06.372+0100] {dag.py:3954} INFO - Setting next_dagrun for example_dag_decorator to None, run_after=None
[2026-05-08T18:08:06.467+0100] {processor.py:183} INFO - Processing /home/najma/airflow-venv/lib/python3.12/site-packages/airflow/example_dags/example_dag_decorator.py took 0.290 seconds
[2026-05-08T18:09:13.621+0100] {processor.py:161} INFO - Started process (PID=11522) to work on /home/najma/airflow-venv/lib/python3.12/site-packages/airflow/example_dags/example_dag_decorator.py
[2026-05-08T18:09:13.622+0100] {processor.py:830} INFO - Processing file /home/najma/airflow-venv/lib/python3.12/site-packages/airflow/example_dags/example_dag_decorator.py for tasks to queue
[2026-05-08T18:09:13.624+0100] {logging_mixin.py:188} INFO - [2026-05-08T18:09:13.623+0100] {dagbag.py:540} INFO - Filling up the DagBag from /home/najma/airflow-venv/lib/python3.12/site-packages/airflow/example_dags/example_dag_decorator.py
[2026-05-08T18:09:13.700+0100] {processor.py:840} INFO - DAG(s) 'example_dag_decorator' retrieved from /home/najma/airflow-venv/lib/python3.12/site-packages/airflow/example_dags/example_dag_decorator.py
[2026-05-08T18:09:13.819+0100] {logging_mixin.py:188} INFO - [2026-05-08T18:09:13.818+0100] {dag.py:3096} INFO - Sync 1 DAGs
[2026-05-08T18:09:13.831+0100] {logging_mixin.py:188} INFO - [2026-05-08T18:09:13.831+0100] {dag.py:3954} INFO - Setting next_dagrun for example_dag_decorator to None, run_after=None
[2026-05-08T18:09:13.906+0100] {processor.py:183} INFO - Processing /home/najma/airflow-venv/lib/python3.12/site-packages/airflow/example_dags/example_dag_decorator.py took 0.289 seconds
[2026-05-08T18:10:15.086+0100] {processor.py:161} INFO - Started process (PID=11578) to work on /home/najma/airflow-venv/lib/python3.12/site-packages/airflow/example_dags/example_dag_decorator.py
[2026-05-08T18:10:15.087+0100] {processor.py:830} INFO - Processing file /home/najma/airflow-venv/lib/python3.12/site-packages/airflow/example_dags/example_dag_decorator.py for tasks to queue
[2026-05-08T18:10:15.088+0100] {logging_mixin.py:188} INFO - [2026-05-08T18:10:15.088+0100] {dagbag.py:540} INFO - Filling up the DagBag from /home/najma/airflow-venv/lib/python3.12/site-packages/airflow/example_dags/example_dag_decorator.py
[2026-05-08T18:10:15.162+0100] {processor.py:840} INFO - DAG(s) 'example_dag_decorator' retrieved from /home/najma/airflow-venv/lib/python3.12/site-packages/airflow/example_dags/example_dag_decorator.py
[2026-05-08T18:10:15.189+0100] {logging_mixin.py:188} INFO - [2026-05-08T18:10:15.188+0100] {dag.py:3096} INFO - Sync 1 DAGs
[2026-05-08T18:10:15.203+0100] {logging_mixin.py:188} INFO - [2026-05-08T18:10:15.203+0100] {dag.py:3954} INFO - Setting next_dagrun for example_dag_decorator to None, run_after=None
[2026-05-08T18:10:15.297+0100] {processor.py:183} INFO - Processing /home/najma/airflow-venv/lib/python3.12/site-packages/airflow/example_dags/example_dag_decorator.py took 0.215 seconds
[2026-05-08T18:11:20.025+0100] {processor.py:161} INFO - Started process (PID=11632) to work on /home/najma/airflow-venv/lib/python3.12/site-packages/airflow/example_dags/example_dag_decorator.py
[2026-05-08T18:11:20.026+0100] {processor.py:830} INFO - Processing file /home/najma/airflow-venv/lib/python3.12/site-packages/airflow/example_dags/example_dag_decorator.py for tasks to queue
[2026-05-08T18:11:20.028+0100] {logging_mixin.py:188} INFO - [2026-05-08T18:11:20.027+0100] {dagbag.py:540} INFO - Filling up the DagBag from /home/najma/airflow-venv/lib/python3.12/site-packages/airflow/example_dags/example_dag_decorator.py
[2026-05-08T18:11:20.098+0100] {processor.py:840} INFO - DAG(s) 'example_dag_decorator' retrieved from /home/najma/airflow-venv/lib/python3.12/site-packages/airflow/example_dags/example_dag_decorator.py
[2026-05-08T18:11:20.125+0100] {logging_mixin.py:188} INFO - [2026-05-08T18:11:20.125+0100] {dag.py:3096} INFO - Sync 1 DAGs
[2026-05-08T18:11:20.141+0100] {logging_mixin.py:188} INFO - [2026-05-08T18:11:20.140+0100] {dag.py:3954} INFO - Setting next_dagrun for example_dag_decorator to None, run_after=None
[2026-05-08T18:11:20.214+0100] {processor.py:183} INFO - Processing /home/najma/airflow-venv/lib/python3.12/site-packages/airflow/example_dags/example_dag_decorator.py took 0.194 seconds
[2026-05-08T18:12:32.591+0100] {processor.py:161} INFO - Started process (PID=11690) to work on /home/najma/airflow-venv/lib/python3.12/site-packages/airflow/example_dags/example_dag_decorator.py
[2026-05-08T18:12:32.594+0100] {processor.py:830} INFO - Processing file /home/najma/airflow-venv/lib/python3.12/site-packages/airflow/example_dags/example_dag_decorator.py for tasks to queue
[2026-05-08T18:12:32.596+0100] {logging_mixin.py:188} INFO - [2026-05-08T18:12:32.596+0100] {dagbag.py:540} INFO - Filling up the DagBag from /home/najma/airflow-venv/lib/python3.12/site-packages/airflow/example_dags/example_dag_decorator.py
[2026-05-08T18:12:32.694+0100] {processor.py:840} INFO - DAG(s) 'example_dag_decorator' retrieved from /home/najma/airflow-venv/lib/python3.12/site-packages/airflow/example_dags/example_dag_decorator.py
[2026-05-08T18:12:32.814+0100] {logging_mixin.py:188} INFO - [2026-05-08T18:12:32.813+0100] {dag.py:3096} INFO - Sync 1 DAGs
[2026-05-08T18:12:32.826+0100] {logging_mixin.py:188} INFO - [2026-05-08T18:12:32.825+0100] {dag.py:3954} INFO - Setting next_dagrun for example_dag_decorator to None, run_after=None
[2026-05-08T18:12:32.903+0100] {processor.py:183} INFO - Processing /home/najma/airflow-venv/lib/python3.12/site-packages/airflow/example_dags/example_dag_decorator.py took 0.317 seconds
[2026-05-08T18:14:04.863+0100] {processor.py:161} INFO - Started process (PID=11758) to work on /home/najma/airflow-venv/lib/python3.12/site-packages/airflow/example_dags/example_dag_decorator.py
[2026-05-08T18:14:04.865+0100] {processor.py:830} INFO - Processing file /home/najma/airflow-venv/lib/python3.12/site-packages/airflow/example_dags/example_dag_decorator.py for tasks to queue
[2026-05-08T18:14:04.868+0100] {logging_mixin.py:188} INFO - [2026-05-08T18:14:04.867+0100] {dagbag.py:540} INFO - Filling up the DagBag from /home/najma/airflow-venv/lib/python3.12/site-packages/airflow/example_dags/example_dag_decorator.py
[2026-05-08T18:14:04.945+0100] {processor.py:840} INFO - DAG(s) 'example_dag_decorator' retrieved from /home/najma/airflow-venv/lib/python3.12/site-packages/airflow/example_dags/example_dag_decorator.py
[2026-05-08T18:14:05.084+0100] {logging_mixin.py:188} INFO - [2026-05-08T18:14:05.084+0100] {dag.py:3096} INFO - Sync 1 DAGs
[2026-05-08T18:14:05.099+0100] {logging_mixin.py:188} INFO - [2026-05-08T18:14:05.099+0100] {dag.py:3954} INFO - Setting next_dagrun for example_dag_decorator to None, run_after=None
[2026-05-08T18:14:05.179+0100] {processor.py:183} INFO - Processing /home/najma/airflow-venv/lib/python3.12/site-packages/airflow/example_dags/example_dag_decorator.py took 0.320 seconds
[2026-05-08T18:15:18.959+0100] {processor.py:161} INFO - Started process (PID=11827) to work on /home/najma/airflow-venv/lib/python3.12/site-packages/airflow/example_dags/example_dag_decorator.py
[2026-05-08T18:15:18.962+0100] {processor.py:830} INFO - Processing file /home/najma/airflow-venv/lib/python3.12/site-packages/airflow/example_dags/example_dag_decorator.py for tasks to queue
[2026-05-08T18:15:18.965+0100] {logging_mixin.py:188} INFO - [2026-05-08T18:15:18.964+0100] {dagbag.py:540} INFO - Filling up the DagBag from /home/najma/airflow-venv/lib/python3.12/site-packages/airflow/example_dags/example_dag_decorator.py
[2026-05-08T18:15:19.125+0100] {processor.py:840} INFO - DAG(s) 'example_dag_decorator' retrieved from /home/najma/airflow-venv/lib/python3.12/site-packages/airflow/example_dags/example_dag_decorator.py
[2026-05-08T18:15:19.262+0100] {logging_mixin.py:188} INFO - [2026-05-08T18:15:19.261+0100] {dag.py:3096} INFO - Sync 1 DAGs
[2026-05-08T18:15:19.274+0100] {logging_mixin.py:188} INFO - [2026-05-08T18:15:19.273+0100] {dag.py:3954} INFO - Setting next_dagrun for example_dag_decorator to None, run_after=None
[2026-05-08T18:15:19.361+0100] {processor.py:183} INFO - Processing /home/najma/airflow-venv/lib/python3.12/site-packages/airflow/example_dags/example_dag_decorator.py took 0.407 seconds
[2026-05-08T18:16:31.200+0100] {processor.py:161} INFO - Started process (PID=11886) to work on /home/najma/airflow-venv/lib/python3.12/site-packages/airflow/example_dags/example_dag_decorator.py
[2026-05-08T18:16:31.201+0100] {processor.py:830} INFO - Processing file /home/najma/airflow-venv/lib/python3.12/site-packages/airflow/example_dags/example_dag_decorator.py for tasks to queue
[2026-05-08T18:16:31.203+0100] {logging_mixin.py:188} INFO - [2026-05-08T18:16:31.203+0100] {dagbag.py:540} INFO - Filling up the DagBag from /home/najma/airflow-venv/lib/python3.12/site-packages/airflow/example_dags/example_dag_decorator.py
[2026-05-08T18:16:31.277+0100] {processor.py:840} INFO - DAG(s) 'example_dag_decorator' retrieved from /home/najma/airflow-venv/lib/python3.12/site-packages/airflow/example_dags/example_dag_decorator.py
[2026-05-08T18:16:31.381+0100] {logging_mixin.py:188} INFO - [2026-05-08T18:16:31.381+0100] {dag.py:3096} INFO - Sync 1 DAGs
[2026-05-08T18:16:31.392+0100] {logging_mixin.py:188} INFO - [2026-05-08T18:16:31.392+0100] {dag.py:3954} INFO - Setting next_dagrun for example_dag_decorator to None, run_after=None
[2026-05-08T18:16:31.488+0100] {processor.py:183} INFO - Processing /home/najma/airflow-venv/lib/python3.12/site-packages/airflow/example_dags/example_dag_decorator.py took 0.292 seconds
[2026-05-08T18:17:42.298+0100] {processor.py:161} INFO - Started process (PID=11946) to work on /home/najma/airflow-venv/lib/python3.12/site-packages/airflow/example_dags/example_dag_decorator.py
[2026-05-08T18:17:42.299+0100] {processor.py:830} INFO - Processing file /home/najma/airflow-venv/lib/python3.12/site-packages/airflow/example_dags/example_dag_decorator.py for tasks to queue
[2026-05-08T18:17:42.301+0100] {logging_mixin.py:188} INFO - [2026-05-08T18:17:42.301+0100] {dagbag.py:540} INFO - Filling up the DagBag from /home/najma/airflow-venv/lib/python3.12/site-packages/airflow/example_dags/example_dag_decorator.py
[2026-05-08T18:17:42.381+0100] {processor.py:840} INFO - DAG(s) 'example_dag_decorator' retrieved from /home/najma/airflow-venv/lib/python3.12/site-packages/airflow/example_dags/example_dag_decorator.py
[2026-05-08T18:17:42.490+0100] {logging_mixin.py:188} INFO - [2026-05-08T18:17:42.490+0100] {dag.py:3096} INFO - Sync 1 DAGs
[2026-05-08T18:17:42.502+0100] {logging_mixin.py:188} INFO - [2026-05-08T18:17:42.501+0100] {dag.py:3954} INFO - Setting next_dagrun for example_dag_decorator to None, run_after=None
[2026-05-08T18:17:42.585+0100] {processor.py:183} INFO - Processing /home/najma/airflow-venv/lib/python3.12/site-packages/airflow/example_dags/example_dag_decorator.py took 0.292 seconds
[2026-05-08T18:18:56.740+0100] {processor.py:161} INFO - Started process (PID=12005) to work on /home/najma/airflow-venv/lib/python3.12/site-packages/airflow/example_dags/example_dag_decorator.py
[2026-05-08T18:18:56.741+0100] {processor.py:830} INFO - Processing file /home/najma/airflow-venv/lib/python3.12/site-packages/airflow/example_dags/example_dag_decorator.py for tasks to queue
[2026-05-08T18:18:56.743+0100] {logging_mixin.py:188} INFO - [2026-05-08T18:18:56.743+0100] {dagbag.py:540} INFO - Filling up the DagBag from /home/najma/airflow-venv/lib/python3.12/site-packages/airflow/example_dags/example_dag_decorator.py
[2026-05-08T18:18:56.817+0100] {processor.py:840} INFO - DAG(s) 'example_dag_decorator' retrieved from /home/najma/airflow-venv/lib/python3.12/site-packages/airflow/example_dags/example_dag_decorator.py
[2026-05-08T18:18:56.927+0100] {logging_mixin.py:188} INFO - [2026-05-08T18:18:56.927+0100] {dag.py:3096} INFO - Sync 1 DAGs
[2026-05-08T18:18:56.939+0100] {logging_mixin.py:188} INFO - [2026-05-08T18:18:56.939+0100] {dag.py:3954} INFO - Setting next_dagrun for example_dag_decorator to None, run_after=None
[2026-05-08T18:18:57.026+0100] {processor.py:183} INFO - Processing /home/najma/airflow-venv/lib/python3.12/site-packages/airflow/example_dags/example_dag_decorator.py took 0.289 seconds
[2026-05-08T18:20:02.066+0100] {processor.py:161} INFO - Started process (PID=12061) to work on /home/najma/airflow-venv/lib/python3.12/site-packages/airflow/example_dags/example_dag_decorator.py
[2026-05-08T18:20:02.067+0100] {processor.py:830} INFO - Processing file /home/najma/airflow-venv/lib/python3.12/site-packages/airflow/example_dags/example_dag_decorator.py for tasks to queue
[2026-05-08T18:20:02.069+0100] {logging_mixin.py:188} INFO - [2026-05-08T18:20:02.068+0100] {dagbag.py:540} INFO - Filling up the DagBag from /home/najma/airflow-venv/lib/python3.12/site-packages/airflow/example_dags/example_dag_decorator.py
[2026-05-08T18:20:02.157+0100] {processor.py:840} INFO - DAG(s) 'example_dag_decorator' retrieved from /home/najma/airflow-venv/lib/python3.12/site-packages/airflow/example_dags/example_dag_decorator.py
[2026-05-08T18:20:02.267+0100] {logging_mixin.py:188} INFO - [2026-05-08T18:20:02.267+0100] {dag.py:3096} INFO - Sync 1 DAGs
[2026-05-08T18:20:02.280+0100] {logging_mixin.py:188} INFO - [2026-05-08T18:20:02.280+0100] {dag.py:3954} INFO - Setting next_dagrun for example_dag_decorator to None, run_after=None
[2026-05-08T18:20:02.373+0100] {processor.py:183} INFO - Processing /home/najma/airflow-venv/lib/python3.12/site-packages/airflow/example_dags/example_dag_decorator.py took 0.312 seconds
[2026-05-08T18:21:11.485+0100] {processor.py:161} INFO - Started process (PID=12117) to work on /home/najma/airflow-venv/lib/python3.12/site-packages/airflow/example_dags/example_dag_decorator.py
[2026-05-08T18:21:11.486+0100] {processor.py:830} INFO - Processing file /home/najma/airflow-venv/lib/python3.12/site-packages/airflow/example_dags/example_dag_decorator.py for tasks to queue
[2026-05-08T18:21:11.489+0100] {logging_mixin.py:188} INFO - [2026-05-08T18:21:11.488+0100] {dagbag.py:540} INFO - Filling up the DagBag from /home/najma/airflow-venv/lib/python3.12/site-packages/airflow/example_dags/example_dag_decorator.py
[2026-05-08T18:21:11.561+0100] {processor.py:840} INFO - DAG(s) 'example_dag_decorator' retrieved from /home/najma/airflow-venv/lib/python3.12/site-packages/airflow/example_dags/example_dag_decorator.py
[2026-05-08T18:21:11.666+0100] {logging_mixin.py:188} INFO - [2026-05-08T18:21:11.666+0100] {dag.py:3096} INFO - Sync 1 DAGs
[2026-05-08T18:21:11.679+0100] {logging_mixin.py:188} INFO - [2026-05-08T18:21:11.678+0100] {dag.py:3954} INFO - Setting next_dagrun for example_dag_decorator to None, run_after=None
[2026-05-08T18:21:11.771+0100] {processor.py:183} INFO - Processing /home/najma/airflow-venv/lib/python3.12/site-packages/airflow/example_dags/example_dag_decorator.py took 0.289 seconds
[2026-05-08T18:22:26.507+0100] {processor.py:161} INFO - Started process (PID=12177) to work on /home/najma/airflow-venv/lib/python3.12/site-packages/airflow/example_dags/example_dag_decorator.py
[2026-05-08T18:22:26.509+0100] {processor.py:830} INFO - Processing file /home/najma/airflow-venv/lib/python3.12/site-packages/airflow/example_dags/example_dag_decorator.py for tasks to queue
[2026-05-08T18:22:26.511+0100] {logging_mixin.py:188} INFO - [2026-05-08T18:22:26.511+0100] {dagbag.py:540} INFO - Filling up the DagBag from /home/najma/airflow-venv/lib/python3.12/site-packages/airflow/example_dags/example_dag_decorator.py
[2026-05-08T18:22:26.634+0100] {processor.py:840} INFO - DAG(s) 'example_dag_decorator' retrieved from /home/najma/airflow-venv/lib/python3.12/site-packages/airflow/example_dags/example_dag_decorator.py
[2026-05-08T18:22:26.685+0100] {logging_mixin.py:188} INFO - [2026-05-08T18:22:26.685+0100] {dag.py:3096} INFO - Sync 1 DAGs
[2026-05-08T18:22:26.706+0100] {logging_mixin.py:188} INFO - [2026-05-08T18:22:26.705+0100] {dag.py:3954} INFO - Setting next_dagrun for example_dag_decorator to None, run_after=None
[2026-05-08T18:22:26.802+0100] {processor.py:183} INFO - Processing /home/najma/airflow-venv/lib/python3.12/site-packages/airflow/example_dags/example_dag_decorator.py took 0.300 seconds
[2026-05-08T18:24:38.815+0100] {processor.py:161} INFO - Started process (PID=12290) to work on /home/najma/airflow-venv/lib/python3.12/site-packages/airflow/example_dags/example_dag_decorator.py
[2026-05-08T18:24:38.817+0100] {processor.py:830} INFO - Processing file /home/najma/airflow-venv/lib/python3.12/site-packages/airflow/example_dags/example_dag_decorator.py for tasks to queue
[2026-05-08T18:24:38.820+0100] {logging_mixin.py:188} INFO - [2026-05-08T18:24:38.819+0100] {dagbag.py:540} INFO - Filling up the DagBag from /home/najma/airflow-venv/lib/python3.12/site-packages/airflow/example_dags/example_dag_decorator.py
[2026-05-08T18:24:38.992+0100] {processor.py:840} INFO - DAG(s) 'example_dag_decorator' retrieved from /home/najma/airflow-venv/lib/python3.12/site-packages/airflow/example_dags/example_dag_decorator.py
[2026-05-08T18:24:39.148+0100] {logging_mixin.py:188} INFO - [2026-05-08T18:24:39.148+0100] {dag.py:3096} INFO - Sync 1 DAGs
[2026-05-08T18:24:39.160+0100] {logging_mixin.py:188} INFO - [2026-05-08T18:24:39.159+0100] {dag.py:3954} INFO - Setting next_dagrun for example_dag_decorator to None, run_after=None
[2026-05-08T18:24:39.293+0100] {processor.py:183} INFO - Processing /home/najma/airflow-venv/lib/python3.12/site-packages/airflow/example_dags/example_dag_decorator.py took 0.483 seconds
[2026-05-08T18:25:56.215+0100] {processor.py:161} INFO - Started process (PID=12364) to work on /home/najma/airflow-venv/lib/python3.12/site-packages/airflow/example_dags/example_dag_decorator.py
[2026-05-08T18:25:56.217+0100] {processor.py:830} INFO - Processing file /home/najma/airflow-venv/lib/python3.12/site-packages/airflow/example_dags/example_dag_decorator.py for tasks to queue
[2026-05-08T18:25:56.218+0100] {logging_mixin.py:188} INFO - [2026-05-08T18:25:56.218+0100] {dagbag.py:540} INFO - Filling up the DagBag from /home/najma/airflow-venv/lib/python3.12/site-packages/airflow/example_dags/example_dag_decorator.py
[2026-05-08T18:25:56.310+0100] {processor.py:840} INFO - DAG(s) 'example_dag_decorator' retrieved from /home/najma/airflow-venv/lib/python3.12/site-packages/airflow/example_dags/example_dag_decorator.py
[2026-05-08T18:25:56.466+0100] {logging_mixin.py:188} INFO - [2026-05-08T18:25:56.466+0100] {dag.py:3096} INFO - Sync 1 DAGs
[2026-05-08T18:25:56.481+0100] {logging_mixin.py:188} INFO - [2026-05-08T18:25:56.481+0100] {dag.py:3954} INFO - Setting next_dagrun for example_dag_decorator to None, run_after=None
[2026-05-08T18:25:56.566+0100] {processor.py:183} INFO - Processing /home/najma/airflow-venv/lib/python3.12/site-packages/airflow/example_dags/example_dag_decorator.py took 0.355 seconds
[2026-05-08T18:27:14.272+0100] {processor.py:161} INFO - Started process (PID=12425) to work on /home/najma/airflow-venv/lib/python3.12/site-packages/airflow/example_dags/example_dag_decorator.py
[2026-05-08T18:27:14.275+0100] {processor.py:830} INFO - Processing file /home/najma/airflow-venv/lib/python3.12/site-packages/airflow/example_dags/example_dag_decorator.py for tasks to queue
[2026-05-08T18:27:14.279+0100] {logging_mixin.py:188} INFO - [2026-05-08T18:27:14.279+0100] {dagbag.py:540} INFO - Filling up the DagBag from /home/najma/airflow-venv/lib/python3.12/site-packages/airflow/example_dags/example_dag_decorator.py
[2026-05-08T18:27:14.411+0100] {processor.py:840} INFO - DAG(s) 'example_dag_decorator' retrieved from /home/najma/airflow-venv/lib/python3.12/site-packages/airflow/example_dags/example_dag_decorator.py
[2026-05-08T18:27:14.602+0100] {logging_mixin.py:188} INFO - [2026-05-08T18:27:14.602+0100] {dag.py:3096} INFO - Sync 1 DAGs
[2026-05-08T18:27:14.615+0100] {logging_mixin.py:188} INFO - [2026-05-08T18:27:14.614+0100] {dag.py:3954} INFO - Setting next_dagrun for example_dag_decorator to None, run_after=None
[2026-05-08T18:27:14.720+0100] {processor.py:183} INFO - Processing /home/najma/airflow-venv/lib/python3.12/site-packages/airflow/example_dags/example_dag_decorator.py took 0.452 seconds
[2026-05-08T18:28:35.425+0100] {processor.py:161} INFO - Started process (PID=12488) to work on /home/najma/airflow-venv/lib/python3.12/site-packages/airflow/example_dags/example_dag_decorator.py
[2026-05-08T18:28:35.426+0100] {processor.py:830} INFO - Processing file /home/najma/airflow-venv/lib/python3.12/site-packages/airflow/example_dags/example_dag_decorator.py for tasks to queue
[2026-05-08T18:28:35.428+0100] {logging_mixin.py:188} INFO - [2026-05-08T18:28:35.428+0100] {dagbag.py:540} INFO - Filling up the DagBag from /home/najma/airflow-venv/lib/python3.12/site-packages/airflow/example_dags/example_dag_decorator.py
[2026-05-08T18:28:35.514+0100] {processor.py:840} INFO - DAG(s) 'example_dag_decorator' retrieved from /home/najma/airflow-venv/lib/python3.12/site-packages/airflow/example_dags/example_dag_decorator.py
[2026-05-08T18:28:35.647+0100] {logging_mixin.py:188} INFO - [2026-05-08T18:28:35.647+0100] {dag.py:3096} INFO - Sync 1 DAGs
[2026-05-08T18:28:35.661+0100] {logging_mixin.py:188} INFO - [2026-05-08T18:28:35.661+0100] {dag.py:3954} INFO - Setting next_dagrun for example_dag_decorator to None, run_after=None
[2026-05-08T18:28:35.791+0100] {processor.py:183} INFO - Processing /home/najma/airflow-venv/lib/python3.12/site-packages/airflow/example_dags/example_dag_decorator.py took 0.370 seconds
[2026-05-08T18:29:49.801+0100] {processor.py:161} INFO - Started process (PID=12547) to work on /home/najma/airflow-venv/lib/python3.12/site-packages/airflow/example_dags/example_dag_decorator.py
[2026-05-08T18:29:49.803+0100] {processor.py:830} INFO - Processing file /home/najma/airflow-venv/lib/python3.12/site-packages/airflow/example_dags/example_dag_decorator.py for tasks to queue
[2026-05-08T18:29:49.804+0100] {logging_mixin.py:188} INFO - [2026-05-08T18:29:49.804+0100] {dagbag.py:540} INFO - Filling up the DagBag from /home/najma/airflow-venv/lib/python3.12/site-packages/airflow/example_dags/example_dag_decorator.py
[2026-05-08T18:29:49.881+0100] {processor.py:840} INFO - DAG(s) 'example_dag_decorator' retrieved from /home/najma/airflow-venv/lib/python3.12/site-packages/airflow/example_dags/example_dag_decorator.py
[2026-05-08T18:29:49.995+0100] {logging_mixin.py:188} INFO - [2026-05-08T18:29:49.994+0100] {dag.py:3096} INFO - Sync 1 DAGs
[2026-05-08T18:29:50.006+0100] {logging_mixin.py:188} INFO - [2026-05-08T18:29:50.006+0100] {dag.py:3954} INFO - Setting next_dagrun for example_dag_decorator to None, run_after=None
[2026-05-08T18:29:50.089+0100] {processor.py:183} INFO - Processing /home/najma/airflow-venv/lib/python3.12/site-packages/airflow/example_dags/example_dag_decorator.py took 0.292 seconds
[2026-05-08T18:31:08.476+0100] {processor.py:161} INFO - Started process (PID=12608) to work on /home/najma/airflow-venv/lib/python3.12/site-packages/airflow/example_dags/example_dag_decorator.py
[2026-05-08T18:31:08.477+0100] {processor.py:830} INFO - Processing file /home/najma/airflow-venv/lib/python3.12/site-packages/airflow/example_dags/example_dag_decorator.py for tasks to queue
[2026-05-08T18:31:08.479+0100] {logging_mixin.py:188} INFO - [2026-05-08T18:31:08.479+0100] {dagbag.py:540} INFO - Filling up the DagBag from /home/najma/airflow-venv/lib/python3.12/site-packages/airflow/example_dags/example_dag_decorator.py
[2026-05-08T18:31:08.613+0100] {processor.py:840} INFO - DAG(s) 'example_dag_decorator' retrieved from /home/najma/airflow-venv/lib/python3.12/site-packages/airflow/example_dags/example_dag_decorator.py
[2026-05-08T18:31:08.743+0100] {logging_mixin.py:188} INFO - [2026-05-08T18:31:08.743+0100] {dag.py:3096} INFO - Sync 1 DAGs
[2026-05-08T18:31:08.755+0100] {logging_mixin.py:188} INFO - [2026-05-08T18:31:08.755+0100] {dag.py:3954} INFO - Setting next_dagrun for example_dag_decorator to None, run_after=None
[2026-05-08T18:31:08.851+0100] {processor.py:183} INFO - Processing /home/najma/airflow-venv/lib/python3.12/site-packages/airflow/example_dags/example_dag_decorator.py took 0.379 seconds
[2026-05-08T18:32:24.827+0100] {processor.py:161} INFO - Started process (PID=12668) to work on /home/najma/airflow-venv/lib/python3.12/site-packages/airflow/example_dags/example_dag_decorator.py
[2026-05-08T18:32:24.829+0100] {processor.py:830} INFO - Processing file /home/najma/airflow-venv/lib/python3.12/site-packages/airflow/example_dags/example_dag_decorator.py for tasks to queue
[2026-05-08T18:32:24.831+0100] {logging_mixin.py:188} INFO - [2026-05-08T18:32:24.830+0100] {dagbag.py:540} INFO - Filling up the DagBag from /home/najma/airflow-venv/lib/python3.12/site-packages/airflow/example_dags/example_dag_decorator.py
[2026-05-08T18:32:24.904+0100] {processor.py:840} INFO - DAG(s) 'example_dag_decorator' retrieved from /home/najma/airflow-venv/lib/python3.12/site-packages/airflow/example_dags/example_dag_decorator.py
[2026-05-08T18:32:25.110+0100] {logging_mixin.py:188} INFO - [2026-05-08T18:32:25.110+0100] {dag.py:3096} INFO - Sync 1 DAGs
[2026-05-08T18:32:25.122+0100] {logging_mixin.py:188} INFO - [2026-05-08T18:32:25.122+0100] {dag.py:3954} INFO - Setting next_dagrun for example_dag_decorator to None, run_after=None
[2026-05-08T18:32:25.209+0100] {processor.py:183} INFO - Processing /home/najma/airflow-venv/lib/python3.12/site-packages/airflow/example_dags/example_dag_decorator.py took 0.386 seconds
[2026-05-08T18:34:42.109+0100] {processor.py:161} INFO - Started process (PID=12792) to work on /home/najma/airflow-venv/lib/python3.12/site-packages/airflow/example_dags/example_dag_decorator.py
[2026-05-08T18:34:42.110+0100] {processor.py:830} INFO - Processing file /home/najma/airflow-venv/lib/python3.12/site-packages/airflow/example_dags/example_dag_decorator.py for tasks to queue
[2026-05-08T18:34:42.111+0100] {logging_mixin.py:188} INFO - [2026-05-08T18:34:42.111+0100] {dagbag.py:540} INFO - Filling up the DagBag from /home/najma/airflow-venv/lib/python3.12/site-packages/airflow/example_dags/example_dag_decorator.py
[2026-05-08T18:34:42.188+0100] {processor.py:840} INFO - DAG(s) 'example_dag_decorator' retrieved from /home/najma/airflow-venv/lib/python3.12/site-packages/airflow/example_dags/example_dag_decorator.py
[2026-05-08T18:34:42.398+0100] {logging_mixin.py:188} INFO - [2026-05-08T18:34:42.397+0100] {dag.py:3096} INFO - Sync 1 DAGs
[2026-05-08T18:34:42.410+0100] {logging_mixin.py:188} INFO - [2026-05-08T18:34:42.410+0100] {dag.py:3954} INFO - Setting next_dagrun for example_dag_decorator to None, run_after=None
[2026-05-08T18:34:42.512+0100] {processor.py:183} INFO - Processing /home/najma/airflow-venv/lib/python3.12/site-packages/airflow/example_dags/example_dag_decorator.py took 0.407 seconds
[2026-05-08T18:35:55.292+0100] {processor.py:161} INFO - Started process (PID=12859) to work on /home/najma/airflow-venv/lib/python3.12/site-packages/airflow/example_dags/example_dag_decorator.py
[2026-05-08T18:35:55.294+0100] {processor.py:830} INFO - Processing file /home/najma/airflow-venv/lib/python3.12/site-packages/airflow/example_dags/example_dag_decorator.py for tasks to queue
[2026-05-08T18:35:55.295+0100] {logging_mixin.py:188} INFO - [2026-05-08T18:35:55.295+0100] {dagbag.py:540} INFO - Filling up the DagBag from /home/najma/airflow-venv/lib/python3.12/site-packages/airflow/example_dags/example_dag_decorator.py
[2026-05-08T18:35:55.376+0100] {processor.py:840} INFO - DAG(s) 'example_dag_decorator' retrieved from /home/najma/airflow-venv/lib/python3.12/site-packages/airflow/example_dags/example_dag_decorator.py
[2026-05-08T18:35:55.515+0100] {logging_mixin.py:188} INFO - [2026-05-08T18:35:55.515+0100] {dag.py:3096} INFO - Sync 1 DAGs
[2026-05-08T18:35:55.527+0100] {logging_mixin.py:188} INFO - [2026-05-08T18:35:55.527+0100] {dag.py:3954} INFO - Setting next_dagrun for example_dag_decorator to None, run_after=None
[2026-05-08T18:35:55.628+0100] {processor.py:183} INFO - Processing /home/najma/airflow-venv/lib/python3.12/site-packages/airflow/example_dags/example_dag_decorator.py took 0.340 seconds
[2026-05-08T18:37:08.004+0100] {processor.py:161} INFO - Started process (PID=12918) to work on /home/najma/airflow-venv/lib/python3.12/site-packages/airflow/example_dags/example_dag_decorator.py
[2026-05-08T18:37:08.006+0100] {processor.py:830} INFO - Processing file /home/najma/airflow-venv/lib/python3.12/site-packages/airflow/example_dags/example_dag_decorator.py for tasks to queue
[2026-05-08T18:37:08.008+0100] {logging_mixin.py:188} INFO - [2026-05-08T18:37:08.007+0100] {dagbag.py:540} INFO - Filling up the DagBag from /home/najma/airflow-venv/lib/python3.12/site-packages/airflow/example_dags/example_dag_decorator.py
[2026-05-08T18:37:08.152+0100] {processor.py:840} INFO - DAG(s) 'example_dag_decorator' retrieved from /home/najma/airflow-venv/lib/python3.12/site-packages/airflow/example_dags/example_dag_decorator.py
[2026-05-08T18:37:08.367+0100] {logging_mixin.py:188} INFO - [2026-05-08T18:37:08.367+0100] {dag.py:3096} INFO - Sync 1 DAGs
[2026-05-08T18:37:08.402+0100] {logging_mixin.py:188} INFO - [2026-05-08T18:37:08.402+0100] {dag.py:3954} INFO - Setting next_dagrun for example_dag_decorator to None, run_after=None
[2026-05-08T18:37:08.784+0100] {processor.py:183} INFO - Processing /home/najma/airflow-venv/lib/python3.12/site-packages/airflow/example_dags/example_dag_decorator.py took 0.784 seconds
[2026-05-08T18:38:31.715+0100] {processor.py:161} INFO - Started process (PID=12982) to work on /home/najma/airflow-venv/lib/python3.12/site-packages/airflow/example_dags/example_dag_decorator.py
[2026-05-08T18:38:31.740+0100] {processor.py:830} INFO - Processing file /home/najma/airflow-venv/lib/python3.12/site-packages/airflow/example_dags/example_dag_decorator.py for tasks to queue
[2026-05-08T18:38:31.741+0100] {logging_mixin.py:188} INFO - [2026-05-08T18:38:31.741+0100] {dagbag.py:540} INFO - Filling up the DagBag from /home/najma/airflow-venv/lib/python3.12/site-packages/airflow/example_dags/example_dag_decorator.py
[2026-05-08T18:38:31.826+0100] {processor.py:840} INFO - DAG(s) 'example_dag_decorator' retrieved from /home/najma/airflow-venv/lib/python3.12/site-packages/airflow/example_dags/example_dag_decorator.py
[2026-05-08T18:38:31.979+0100] {logging_mixin.py:188} INFO - [2026-05-08T18:38:31.979+0100] {dag.py:3096} INFO - Sync 1 DAGs
[2026-05-08T18:38:31.994+0100] {logging_mixin.py:188} INFO - [2026-05-08T18:38:31.993+0100] {dag.py:3954} INFO - Setting next_dagrun for example_dag_decorator to None, run_after=None
[2026-05-08T18:38:32.083+0100] {processor.py:183} INFO - Processing /home/najma/airflow-venv/lib/python3.12/site-packages/airflow/example_dags/example_dag_decorator.py took 0.372 seconds
