[2026-05-08T16:43:41.262+0100] {processor.py:161} INFO - Started process (PID=9573) to work on /home/najma/airflow-venv/lib/python3.12/site-packages/airflow/example_dags/example_display_name.py
[2026-05-08T16:43:41.263+0100] {processor.py:830} INFO - Processing file /home/najma/airflow-venv/lib/python3.12/site-packages/airflow/example_dags/example_display_name.py for tasks to queue
[2026-05-08T16:43:41.265+0100] {logging_mixin.py:188} INFO - [2026-05-08T16:43:41.265+0100] {dagbag.py:540} INFO - Filling up the DagBag from /home/najma/airflow-venv/lib/python3.12/site-packages/airflow/example_dags/example_display_name.py
[2026-05-08T16:43:41.270+0100] {processor.py:840} INFO - DAG(s) 'example_display_name' retrieved from /home/najma/airflow-venv/lib/python3.12/site-packages/airflow/example_dags/example_display_name.py
[2026-05-08T16:43:41.423+0100] {logging_mixin.py:188} INFO - [2026-05-08T16:43:41.422+0100] {override.py:1829} INFO - Created Permission View: can read on DAG:example_display_name
[2026-05-08T16:43:41.471+0100] {logging_mixin.py:188} INFO - [2026-05-08T16:43:41.471+0100] {override.py:1829} INFO - Created Permission View: can edit on DAG:example_display_name
[2026-05-08T16:43:41.515+0100] {logging_mixin.py:188} INFO - [2026-05-08T16:43:41.515+0100] {override.py:1829} INFO - Created Permission View: can delete on DAG:example_display_name
[2026-05-08T16:43:41.516+0100] {logging_mixin.py:188} INFO - [2026-05-08T16:43:41.516+0100] {dag.py:3096} INFO - Sync 1 DAGs
[2026-05-08T16:43:41.535+0100] {logging_mixin.py:188} INFO - [2026-05-08T16:43:41.535+0100] {dag.py:3118} INFO - Creating ORM DAG for example_display_name
[2026-05-08T16:43:41.536+0100] {logging_mixin.py:188} INFO - [2026-05-08T16:43:41.536+0100] {dag.py:3954} INFO - Setting next_dagrun for example_display_name to None, run_after=None
[2026-05-08T16:43:41.617+0100] {processor.py:183} INFO - Processing /home/najma/airflow-venv/lib/python3.12/site-packages/airflow/example_dags/example_display_name.py took 0.359 seconds
[2026-05-08T16:45:02.247+0100] {processor.py:161} INFO - Started process (PID=9649) to work on /home/najma/airflow-venv/lib/python3.12/site-packages/airflow/example_dags/example_display_name.py
[2026-05-08T16:45:02.249+0100] {processor.py:830} INFO - Processing file /home/najma/airflow-venv/lib/python3.12/site-packages/airflow/example_dags/example_display_name.py for tasks to queue
[2026-05-08T16:45:02.250+0100] {logging_mixin.py:188} INFO - [2026-05-08T16:45:02.250+0100] {dagbag.py:540} INFO - Filling up the DagBag from /home/najma/airflow-venv/lib/python3.12/site-packages/airflow/example_dags/example_display_name.py
[2026-05-08T16:45:02.256+0100] {processor.py:840} INFO - DAG(s) 'example_display_name' retrieved from /home/najma/airflow-venv/lib/python3.12/site-packages/airflow/example_dags/example_display_name.py
[2026-05-08T16:45:02.285+0100] {logging_mixin.py:188} INFO - [2026-05-08T16:45:02.285+0100] {dag.py:3096} INFO - Sync 1 DAGs
[2026-05-08T16:45:02.299+0100] {logging_mixin.py:188} INFO - [2026-05-08T16:45:02.299+0100] {dag.py:3954} INFO - Setting next_dagrun for example_display_name to None, run_after=None
[2026-05-08T16:45:02.391+0100] {processor.py:183} INFO - Processing /home/najma/airflow-venv/lib/python3.12/site-packages/airflow/example_dags/example_display_name.py took 0.147 seconds
[2026-05-08T16:46:24.459+0100] {processor.py:161} INFO - Started process (PID=9725) to work on /home/najma/airflow-venv/lib/python3.12/site-packages/airflow/example_dags/example_display_name.py
[2026-05-08T16:46:24.460+0100] {processor.py:830} INFO - Processing file /home/najma/airflow-venv/lib/python3.12/site-packages/airflow/example_dags/example_display_name.py for tasks to queue
[2026-05-08T16:46:24.461+0100] {logging_mixin.py:188} INFO - [2026-05-08T16:46:24.461+0100] {dagbag.py:540} INFO - Filling up the DagBag from /home/najma/airflow-venv/lib/python3.12/site-packages/airflow/example_dags/example_display_name.py
[2026-05-08T16:46:24.467+0100] {processor.py:840} INFO - DAG(s) 'example_display_name' retrieved from /home/najma/airflow-venv/lib/python3.12/site-packages/airflow/example_dags/example_display_name.py
[2026-05-08T16:46:24.496+0100] {logging_mixin.py:188} INFO - [2026-05-08T16:46:24.495+0100] {dag.py:3096} INFO - Sync 1 DAGs
[2026-05-08T16:46:24.508+0100] {logging_mixin.py:188} INFO - [2026-05-08T16:46:24.507+0100] {dag.py:3954} INFO - Setting next_dagrun for example_display_name to None, run_after=None
[2026-05-08T16:46:24.595+0100] {processor.py:183} INFO - Processing /home/najma/airflow-venv/lib/python3.12/site-packages/airflow/example_dags/example_display_name.py took 0.140 seconds
[2026-05-08T16:47:45.295+0100] {processor.py:161} INFO - Started process (PID=9796) to work on /home/najma/airflow-venv/lib/python3.12/site-packages/airflow/example_dags/example_display_name.py
[2026-05-08T16:47:45.296+0100] {processor.py:830} INFO - Processing file /home/najma/airflow-venv/lib/python3.12/site-packages/airflow/example_dags/example_display_name.py for tasks to queue
[2026-05-08T16:47:45.298+0100] {logging_mixin.py:188} INFO - [2026-05-08T16:47:45.298+0100] {dagbag.py:540} INFO - Filling up the DagBag from /home/najma/airflow-venv/lib/python3.12/site-packages/airflow/example_dags/example_display_name.py
[2026-05-08T16:47:45.303+0100] {processor.py:840} INFO - DAG(s) 'example_display_name' retrieved from /home/najma/airflow-venv/lib/python3.12/site-packages/airflow/example_dags/example_display_name.py
[2026-05-08T16:47:45.330+0100] {logging_mixin.py:188} INFO - [2026-05-08T16:47:45.329+0100] {dag.py:3096} INFO - Sync 1 DAGs
[2026-05-08T16:47:45.342+0100] {logging_mixin.py:188} INFO - [2026-05-08T16:47:45.342+0100] {dag.py:3954} INFO - Setting next_dagrun for example_display_name to None, run_after=None
[2026-05-08T16:47:45.436+0100] {processor.py:183} INFO - Processing /home/najma/airflow-venv/lib/python3.12/site-packages/airflow/example_dags/example_display_name.py took 0.144 seconds
[2026-05-08T16:48:56.513+0100] {processor.py:161} INFO - Started process (PID=9862) to work on /home/najma/airflow-venv/lib/python3.12/site-packages/airflow/example_dags/example_display_name.py
[2026-05-08T16:48:56.514+0100] {processor.py:830} INFO - Processing file /home/najma/airflow-venv/lib/python3.12/site-packages/airflow/example_dags/example_display_name.py for tasks to queue
[2026-05-08T16:48:56.516+0100] {logging_mixin.py:188} INFO - [2026-05-08T16:48:56.515+0100] {dagbag.py:540} INFO - Filling up the DagBag from /home/najma/airflow-venv/lib/python3.12/site-packages/airflow/example_dags/example_display_name.py
[2026-05-08T16:48:56.522+0100] {processor.py:840} INFO - DAG(s) 'example_display_name' retrieved from /home/najma/airflow-venv/lib/python3.12/site-packages/airflow/example_dags/example_display_name.py
[2026-05-08T16:48:56.552+0100] {logging_mixin.py:188} INFO - [2026-05-08T16:48:56.552+0100] {dag.py:3096} INFO - Sync 1 DAGs
[2026-05-08T16:48:56.577+0100] {logging_mixin.py:188} INFO - [2026-05-08T16:48:56.576+0100] {dag.py:3954} INFO - Setting next_dagrun for example_display_name to None, run_after=None
[2026-05-08T16:48:56.882+0100] {processor.py:183} INFO - Processing /home/najma/airflow-venv/lib/python3.12/site-packages/airflow/example_dags/example_display_name.py took 0.374 seconds
[2026-05-08T17:46:09.375+0100] {processor.py:161} INFO - Started process (PID=10282) to work on /home/najma/airflow-venv/lib/python3.12/site-packages/airflow/example_dags/example_display_name.py
[2026-05-08T17:46:09.377+0100] {processor.py:830} INFO - Processing file /home/najma/airflow-venv/lib/python3.12/site-packages/airflow/example_dags/example_display_name.py for tasks to queue
[2026-05-08T17:46:09.378+0100] {logging_mixin.py:188} INFO - [2026-05-08T17:46:09.378+0100] {dagbag.py:540} INFO - Filling up the DagBag from /home/najma/airflow-venv/lib/python3.12/site-packages/airflow/example_dags/example_display_name.py
[2026-05-08T17:46:09.384+0100] {processor.py:840} INFO - DAG(s) 'example_display_name' retrieved from /home/najma/airflow-venv/lib/python3.12/site-packages/airflow/example_dags/example_display_name.py
[2026-05-08T17:46:09.410+0100] {logging_mixin.py:188} INFO - [2026-05-08T17:46:09.410+0100] {dag.py:3096} INFO - Sync 1 DAGs
[2026-05-08T17:46:09.423+0100] {logging_mixin.py:188} INFO - [2026-05-08T17:46:09.423+0100] {dag.py:3954} INFO - Setting next_dagrun for example_display_name to None, run_after=None
[2026-05-08T17:46:09.565+0100] {processor.py:183} INFO - Processing /home/najma/airflow-venv/lib/python3.12/site-packages/airflow/example_dags/example_display_name.py took 0.194 seconds
[2026-05-08T17:47:32.833+0100] {processor.py:161} INFO - Started process (PID=10353) to work on /home/najma/airflow-venv/lib/python3.12/site-packages/airflow/example_dags/example_display_name.py
[2026-05-08T17:47:32.835+0100] {processor.py:830} INFO - Processing file /home/najma/airflow-venv/lib/python3.12/site-packages/airflow/example_dags/example_display_name.py for tasks to queue
[2026-05-08T17:47:32.837+0100] {logging_mixin.py:188} INFO - [2026-05-08T17:47:32.836+0100] {dagbag.py:540} INFO - Filling up the DagBag from /home/najma/airflow-venv/lib/python3.12/site-packages/airflow/example_dags/example_display_name.py
[2026-05-08T17:47:32.841+0100] {processor.py:840} INFO - DAG(s) 'example_display_name' retrieved from /home/najma/airflow-venv/lib/python3.12/site-packages/airflow/example_dags/example_display_name.py
[2026-05-08T17:47:32.866+0100] {logging_mixin.py:188} INFO - [2026-05-08T17:47:32.866+0100] {dag.py:3096} INFO - Sync 1 DAGs
[2026-05-08T17:47:32.879+0100] {logging_mixin.py:188} INFO - [2026-05-08T17:47:32.879+0100] {dag.py:3954} INFO - Setting next_dagrun for example_display_name to None, run_after=None
[2026-05-08T17:47:32.979+0100] {processor.py:183} INFO - Processing /home/najma/airflow-venv/lib/python3.12/site-packages/airflow/example_dags/example_display_name.py took 0.149 seconds
[2026-05-08T17:48:42.720+0100] {processor.py:161} INFO - Started process (PID=10414) to work on /home/najma/airflow-venv/lib/python3.12/site-packages/airflow/example_dags/example_display_name.py
[2026-05-08T17:48:42.722+0100] {processor.py:830} INFO - Processing file /home/najma/airflow-venv/lib/python3.12/site-packages/airflow/example_dags/example_display_name.py for tasks to queue
[2026-05-08T17:48:42.723+0100] {logging_mixin.py:188} INFO - [2026-05-08T17:48:42.723+0100] {dagbag.py:540} INFO - Filling up the DagBag from /home/najma/airflow-venv/lib/python3.12/site-packages/airflow/example_dags/example_display_name.py
[2026-05-08T17:48:42.728+0100] {processor.py:840} INFO - DAG(s) 'example_display_name' retrieved from /home/najma/airflow-venv/lib/python3.12/site-packages/airflow/example_dags/example_display_name.py
[2026-05-08T17:48:42.754+0100] {logging_mixin.py:188} INFO - [2026-05-08T17:48:42.754+0100] {dag.py:3096} INFO - Sync 1 DAGs
[2026-05-08T17:48:42.766+0100] {logging_mixin.py:188} INFO - [2026-05-08T17:48:42.766+0100] {dag.py:3954} INFO - Setting next_dagrun for example_display_name to None, run_after=None
[2026-05-08T17:48:42.849+0100] {processor.py:183} INFO - Processing /home/najma/airflow-venv/lib/python3.12/site-packages/airflow/example_dags/example_display_name.py took 0.133 seconds
[2026-05-08T17:49:51.631+0100] {processor.py:161} INFO - Started process (PID=10475) to work on /home/najma/airflow-venv/lib/python3.12/site-packages/airflow/example_dags/example_display_name.py
[2026-05-08T17:49:51.633+0100] {processor.py:830} INFO - Processing file /home/najma/airflow-venv/lib/python3.12/site-packages/airflow/example_dags/example_display_name.py for tasks to queue
[2026-05-08T17:49:51.635+0100] {logging_mixin.py:188} INFO - [2026-05-08T17:49:51.635+0100] {dagbag.py:540} INFO - Filling up the DagBag from /home/najma/airflow-venv/lib/python3.12/site-packages/airflow/example_dags/example_display_name.py
[2026-05-08T17:49:51.643+0100] {processor.py:840} INFO - DAG(s) 'example_display_name' retrieved from /home/najma/airflow-venv/lib/python3.12/site-packages/airflow/example_dags/example_display_name.py
[2026-05-08T17:49:51.672+0100] {logging_mixin.py:188} INFO - [2026-05-08T17:49:51.671+0100] {dag.py:3096} INFO - Sync 1 DAGs
[2026-05-08T17:49:51.690+0100] {logging_mixin.py:188} INFO - [2026-05-08T17:49:51.689+0100] {dag.py:3954} INFO - Setting next_dagrun for example_display_name to None, run_after=None
[2026-05-08T17:49:51.788+0100] {processor.py:183} INFO - Processing /home/najma/airflow-venv/lib/python3.12/site-packages/airflow/example_dags/example_display_name.py took 0.161 seconds
[2026-05-08T17:51:06.960+0100] {processor.py:161} INFO - Started process (PID=10538) to work on /home/najma/airflow-venv/lib/python3.12/site-packages/airflow/example_dags/example_display_name.py
[2026-05-08T17:51:06.962+0100] {processor.py:830} INFO - Processing file /home/najma/airflow-venv/lib/python3.12/site-packages/airflow/example_dags/example_display_name.py for tasks to queue
[2026-05-08T17:51:06.964+0100] {logging_mixin.py:188} INFO - [2026-05-08T17:51:06.963+0100] {dagbag.py:540} INFO - Filling up the DagBag from /home/najma/airflow-venv/lib/python3.12/site-packages/airflow/example_dags/example_display_name.py
[2026-05-08T17:51:06.969+0100] {processor.py:840} INFO - DAG(s) 'example_display_name' retrieved from /home/najma/airflow-venv/lib/python3.12/site-packages/airflow/example_dags/example_display_name.py
[2026-05-08T17:51:06.995+0100] {logging_mixin.py:188} INFO - [2026-05-08T17:51:06.995+0100] {dag.py:3096} INFO - Sync 1 DAGs
[2026-05-08T17:51:07.009+0100] {logging_mixin.py:188} INFO - [2026-05-08T17:51:07.009+0100] {dag.py:3954} INFO - Setting next_dagrun for example_display_name to None, run_after=None
[2026-05-08T17:51:07.097+0100] {processor.py:183} INFO - Processing /home/najma/airflow-venv/lib/python3.12/site-packages/airflow/example_dags/example_display_name.py took 0.141 seconds
[2026-05-08T17:52:20.316+0100] {processor.py:161} INFO - Started process (PID=10624) to work on /home/najma/airflow-venv/lib/python3.12/site-packages/airflow/example_dags/example_display_name.py
[2026-05-08T17:52:20.318+0100] {processor.py:830} INFO - Processing file /home/najma/airflow-venv/lib/python3.12/site-packages/airflow/example_dags/example_display_name.py for tasks to queue
[2026-05-08T17:52:20.324+0100] {logging_mixin.py:188} INFO - [2026-05-08T17:52:20.323+0100] {dagbag.py:540} INFO - Filling up the DagBag from /home/najma/airflow-venv/lib/python3.12/site-packages/airflow/example_dags/example_display_name.py
[2026-05-08T17:52:20.329+0100] {processor.py:840} INFO - DAG(s) 'example_display_name' retrieved from /home/najma/airflow-venv/lib/python3.12/site-packages/airflow/example_dags/example_display_name.py
[2026-05-08T17:52:20.380+0100] {logging_mixin.py:188} INFO - [2026-05-08T17:52:20.380+0100] {dag.py:3096} INFO - Sync 1 DAGs
[2026-05-08T17:52:20.398+0100] {logging_mixin.py:188} INFO - [2026-05-08T17:52:20.397+0100] {dag.py:3954} INFO - Setting next_dagrun for example_display_name to None, run_after=None
[2026-05-08T17:52:20.531+0100] {processor.py:183} INFO - Processing /home/najma/airflow-venv/lib/python3.12/site-packages/airflow/example_dags/example_display_name.py took 0.220 seconds
[2026-05-08T17:53:38.326+0100] {processor.py:161} INFO - Started process (PID=10684) to work on /home/najma/airflow-venv/lib/python3.12/site-packages/airflow/example_dags/example_display_name.py
[2026-05-08T17:53:38.328+0100] {processor.py:830} INFO - Processing file /home/najma/airflow-venv/lib/python3.12/site-packages/airflow/example_dags/example_display_name.py for tasks to queue
[2026-05-08T17:53:38.329+0100] {logging_mixin.py:188} INFO - [2026-05-08T17:53:38.329+0100] {dagbag.py:540} INFO - Filling up the DagBag from /home/najma/airflow-venv/lib/python3.12/site-packages/airflow/example_dags/example_display_name.py
[2026-05-08T17:53:38.334+0100] {processor.py:840} INFO - DAG(s) 'example_display_name' retrieved from /home/najma/airflow-venv/lib/python3.12/site-packages/airflow/example_dags/example_display_name.py
[2026-05-08T17:53:38.358+0100] {logging_mixin.py:188} INFO - [2026-05-08T17:53:38.358+0100] {dag.py:3096} INFO - Sync 1 DAGs
[2026-05-08T17:53:38.370+0100] {logging_mixin.py:188} INFO - [2026-05-08T17:53:38.370+0100] {dag.py:3954} INFO - Setting next_dagrun for example_display_name to None, run_after=None
[2026-05-08T17:53:38.445+0100] {processor.py:183} INFO - Processing /home/najma/airflow-venv/lib/python3.12/site-packages/airflow/example_dags/example_display_name.py took 0.123 seconds
[2026-05-08T17:54:45.948+0100] {processor.py:161} INFO - Started process (PID=10756) to work on /home/najma/airflow-venv/lib/python3.12/site-packages/airflow/example_dags/example_display_name.py
[2026-05-08T17:54:45.949+0100] {processor.py:830} INFO - Processing file /home/najma/airflow-venv/lib/python3.12/site-packages/airflow/example_dags/example_display_name.py for tasks to queue
[2026-05-08T17:54:45.951+0100] {logging_mixin.py:188} INFO - [2026-05-08T17:54:45.951+0100] {dagbag.py:540} INFO - Filling up the DagBag from /home/najma/airflow-venv/lib/python3.12/site-packages/airflow/example_dags/example_display_name.py
[2026-05-08T17:54:45.957+0100] {processor.py:840} INFO - DAG(s) 'example_display_name' retrieved from /home/najma/airflow-venv/lib/python3.12/site-packages/airflow/example_dags/example_display_name.py
[2026-05-08T17:54:45.982+0100] {logging_mixin.py:188} INFO - [2026-05-08T17:54:45.981+0100] {dag.py:3096} INFO - Sync 1 DAGs
[2026-05-08T17:54:45.994+0100] {logging_mixin.py:188} INFO - [2026-05-08T17:54:45.994+0100] {dag.py:3954} INFO - Setting next_dagrun for example_display_name to None, run_after=None
[2026-05-08T17:54:46.089+0100] {processor.py:183} INFO - Processing /home/najma/airflow-venv/lib/python3.12/site-packages/airflow/example_dags/example_display_name.py took 0.145 seconds
[2026-05-08T17:55:51.675+0100] {processor.py:161} INFO - Started process (PID=10815) to work on /home/najma/airflow-venv/lib/python3.12/site-packages/airflow/example_dags/example_display_name.py
[2026-05-08T17:55:51.676+0100] {processor.py:830} INFO - Processing file /home/najma/airflow-venv/lib/python3.12/site-packages/airflow/example_dags/example_display_name.py for tasks to queue
[2026-05-08T17:55:51.678+0100] {logging_mixin.py:188} INFO - [2026-05-08T17:55:51.677+0100] {dagbag.py:540} INFO - Filling up the DagBag from /home/najma/airflow-venv/lib/python3.12/site-packages/airflow/example_dags/example_display_name.py
[2026-05-08T17:55:51.682+0100] {processor.py:840} INFO - DAG(s) 'example_display_name' retrieved from /home/najma/airflow-venv/lib/python3.12/site-packages/airflow/example_dags/example_display_name.py
[2026-05-08T17:55:51.705+0100] {logging_mixin.py:188} INFO - [2026-05-08T17:55:51.705+0100] {dag.py:3096} INFO - Sync 1 DAGs
[2026-05-08T17:55:51.718+0100] {logging_mixin.py:188} INFO - [2026-05-08T17:55:51.717+0100] {dag.py:3954} INFO - Setting next_dagrun for example_display_name to None, run_after=None
[2026-05-08T17:55:51.795+0100] {processor.py:183} INFO - Processing /home/najma/airflow-venv/lib/python3.12/site-packages/airflow/example_dags/example_display_name.py took 0.124 seconds
[2026-05-08T17:57:02.016+0100] {processor.py:161} INFO - Started process (PID=10876) to work on /home/najma/airflow-venv/lib/python3.12/site-packages/airflow/example_dags/example_display_name.py
[2026-05-08T17:57:02.018+0100] {processor.py:830} INFO - Processing file /home/najma/airflow-venv/lib/python3.12/site-packages/airflow/example_dags/example_display_name.py for tasks to queue
[2026-05-08T17:57:02.019+0100] {logging_mixin.py:188} INFO - [2026-05-08T17:57:02.019+0100] {dagbag.py:540} INFO - Filling up the DagBag from /home/najma/airflow-venv/lib/python3.12/site-packages/airflow/example_dags/example_display_name.py
[2026-05-08T17:57:02.024+0100] {processor.py:840} INFO - DAG(s) 'example_display_name' retrieved from /home/najma/airflow-venv/lib/python3.12/site-packages/airflow/example_dags/example_display_name.py
[2026-05-08T17:57:02.053+0100] {logging_mixin.py:188} INFO - [2026-05-08T17:57:02.053+0100] {dag.py:3096} INFO - Sync 1 DAGs
[2026-05-08T17:57:02.067+0100] {logging_mixin.py:188} INFO - [2026-05-08T17:57:02.067+0100] {dag.py:3954} INFO - Setting next_dagrun for example_display_name to None, run_after=None
[2026-05-08T17:57:02.165+0100] {processor.py:183} INFO - Processing /home/najma/airflow-venv/lib/python3.12/site-packages/airflow/example_dags/example_display_name.py took 0.152 seconds
[2026-05-08T17:58:17.083+0100] {processor.py:161} INFO - Started process (PID=10939) to work on /home/najma/airflow-venv/lib/python3.12/site-packages/airflow/example_dags/example_display_name.py
[2026-05-08T17:58:17.085+0100] {processor.py:830} INFO - Processing file /home/najma/airflow-venv/lib/python3.12/site-packages/airflow/example_dags/example_display_name.py for tasks to queue
[2026-05-08T17:58:17.087+0100] {logging_mixin.py:188} INFO - [2026-05-08T17:58:17.086+0100] {dagbag.py:540} INFO - Filling up the DagBag from /home/najma/airflow-venv/lib/python3.12/site-packages/airflow/example_dags/example_display_name.py
[2026-05-08T17:58:17.091+0100] {processor.py:840} INFO - DAG(s) 'example_display_name' retrieved from /home/najma/airflow-venv/lib/python3.12/site-packages/airflow/example_dags/example_display_name.py
[2026-05-08T17:58:17.117+0100] {logging_mixin.py:188} INFO - [2026-05-08T17:58:17.116+0100] {dag.py:3096} INFO - Sync 1 DAGs
[2026-05-08T17:58:17.131+0100] {logging_mixin.py:188} INFO - [2026-05-08T17:58:17.130+0100] {dag.py:3954} INFO - Setting next_dagrun for example_display_name to None, run_after=None
[2026-05-08T17:58:17.227+0100] {processor.py:183} INFO - Processing /home/najma/airflow-venv/lib/python3.12/site-packages/airflow/example_dags/example_display_name.py took 0.147 seconds
[2026-05-08T17:59:25.079+0100] {processor.py:161} INFO - Started process (PID=10997) to work on /home/najma/airflow-venv/lib/python3.12/site-packages/airflow/example_dags/example_display_name.py
[2026-05-08T17:59:25.081+0100] {processor.py:830} INFO - Processing file /home/najma/airflow-venv/lib/python3.12/site-packages/airflow/example_dags/example_display_name.py for tasks to queue
[2026-05-08T17:59:25.082+0100] {logging_mixin.py:188} INFO - [2026-05-08T17:59:25.082+0100] {dagbag.py:540} INFO - Filling up the DagBag from /home/najma/airflow-venv/lib/python3.12/site-packages/airflow/example_dags/example_display_name.py
[2026-05-08T17:59:25.088+0100] {processor.py:840} INFO - DAG(s) 'example_display_name' retrieved from /home/najma/airflow-venv/lib/python3.12/site-packages/airflow/example_dags/example_display_name.py
[2026-05-08T17:59:25.112+0100] {logging_mixin.py:188} INFO - [2026-05-08T17:59:25.112+0100] {dag.py:3096} INFO - Sync 1 DAGs
[2026-05-08T17:59:25.125+0100] {logging_mixin.py:188} INFO - [2026-05-08T17:59:25.124+0100] {dag.py:3954} INFO - Setting next_dagrun for example_display_name to None, run_after=None
[2026-05-08T17:59:25.216+0100] {processor.py:183} INFO - Processing /home/najma/airflow-venv/lib/python3.12/site-packages/airflow/example_dags/example_display_name.py took 0.141 seconds
[2026-05-08T18:00:34.310+0100] {processor.py:161} INFO - Started process (PID=11058) to work on /home/najma/airflow-venv/lib/python3.12/site-packages/airflow/example_dags/example_display_name.py
[2026-05-08T18:00:34.312+0100] {processor.py:830} INFO - Processing file /home/najma/airflow-venv/lib/python3.12/site-packages/airflow/example_dags/example_display_name.py for tasks to queue
[2026-05-08T18:00:34.313+0100] {logging_mixin.py:188} INFO - [2026-05-08T18:00:34.313+0100] {dagbag.py:540} INFO - Filling up the DagBag from /home/najma/airflow-venv/lib/python3.12/site-packages/airflow/example_dags/example_display_name.py
[2026-05-08T18:00:34.317+0100] {processor.py:840} INFO - DAG(s) 'example_display_name' retrieved from /home/najma/airflow-venv/lib/python3.12/site-packages/airflow/example_dags/example_display_name.py
[2026-05-08T18:00:34.342+0100] {logging_mixin.py:188} INFO - [2026-05-08T18:00:34.342+0100] {dag.py:3096} INFO - Sync 1 DAGs
[2026-05-08T18:00:34.356+0100] {logging_mixin.py:188} INFO - [2026-05-08T18:00:34.356+0100] {dag.py:3954} INFO - Setting next_dagrun for example_display_name to None, run_after=None
[2026-05-08T18:00:34.447+0100] {processor.py:183} INFO - Processing /home/najma/airflow-venv/lib/python3.12/site-packages/airflow/example_dags/example_display_name.py took 0.140 seconds
[2026-05-08T18:01:40.315+0100] {processor.py:161} INFO - Started process (PID=11116) to work on /home/najma/airflow-venv/lib/python3.12/site-packages/airflow/example_dags/example_display_name.py
[2026-05-08T18:01:40.316+0100] {processor.py:830} INFO - Processing file /home/najma/airflow-venv/lib/python3.12/site-packages/airflow/example_dags/example_display_name.py for tasks to queue
[2026-05-08T18:01:40.318+0100] {logging_mixin.py:188} INFO - [2026-05-08T18:01:40.317+0100] {dagbag.py:540} INFO - Filling up the DagBag from /home/najma/airflow-venv/lib/python3.12/site-packages/airflow/example_dags/example_display_name.py
[2026-05-08T18:01:40.323+0100] {processor.py:840} INFO - DAG(s) 'example_display_name' retrieved from /home/najma/airflow-venv/lib/python3.12/site-packages/airflow/example_dags/example_display_name.py
[2026-05-08T18:01:40.347+0100] {logging_mixin.py:188} INFO - [2026-05-08T18:01:40.347+0100] {dag.py:3096} INFO - Sync 1 DAGs
[2026-05-08T18:01:40.360+0100] {logging_mixin.py:188} INFO - [2026-05-08T18:01:40.360+0100] {dag.py:3954} INFO - Setting next_dagrun for example_display_name to None, run_after=None
[2026-05-08T18:01:40.451+0100] {processor.py:183} INFO - Processing /home/najma/airflow-venv/lib/python3.12/site-packages/airflow/example_dags/example_display_name.py took 0.140 seconds
[2026-05-08T18:02:42.839+0100] {processor.py:161} INFO - Started process (PID=11174) to work on /home/najma/airflow-venv/lib/python3.12/site-packages/airflow/example_dags/example_display_name.py
[2026-05-08T18:02:42.840+0100] {processor.py:830} INFO - Processing file /home/najma/airflow-venv/lib/python3.12/site-packages/airflow/example_dags/example_display_name.py for tasks to queue
[2026-05-08T18:02:42.844+0100] {logging_mixin.py:188} INFO - [2026-05-08T18:02:42.843+0100] {dagbag.py:540} INFO - Filling up the DagBag from /home/najma/airflow-venv/lib/python3.12/site-packages/airflow/example_dags/example_display_name.py
[2026-05-08T18:02:42.849+0100] {processor.py:840} INFO - DAG(s) 'example_display_name' retrieved from /home/najma/airflow-venv/lib/python3.12/site-packages/airflow/example_dags/example_display_name.py
[2026-05-08T18:02:42.875+0100] {logging_mixin.py:188} INFO - [2026-05-08T18:02:42.875+0100] {dag.py:3096} INFO - Sync 1 DAGs
[2026-05-08T18:02:42.888+0100] {logging_mixin.py:188} INFO - [2026-05-08T18:02:42.888+0100] {dag.py:3954} INFO - Setting next_dagrun for example_display_name to None, run_after=None
[2026-05-08T18:02:42.981+0100] {processor.py:183} INFO - Processing /home/najma/airflow-venv/lib/python3.12/site-packages/airflow/example_dags/example_display_name.py took 0.146 seconds
[2026-05-08T18:03:49.757+0100] {processor.py:161} INFO - Started process (PID=11233) to work on /home/najma/airflow-venv/lib/python3.12/site-packages/airflow/example_dags/example_display_name.py
[2026-05-08T18:03:49.758+0100] {processor.py:830} INFO - Processing file /home/najma/airflow-venv/lib/python3.12/site-packages/airflow/example_dags/example_display_name.py for tasks to queue
[2026-05-08T18:03:49.760+0100] {logging_mixin.py:188} INFO - [2026-05-08T18:03:49.760+0100] {dagbag.py:540} INFO - Filling up the DagBag from /home/najma/airflow-venv/lib/python3.12/site-packages/airflow/example_dags/example_display_name.py
[2026-05-08T18:03:49.764+0100] {processor.py:840} INFO - DAG(s) 'example_display_name' retrieved from /home/najma/airflow-venv/lib/python3.12/site-packages/airflow/example_dags/example_display_name.py
[2026-05-08T18:03:49.790+0100] {logging_mixin.py:188} INFO - [2026-05-08T18:03:49.790+0100] {dag.py:3096} INFO - Sync 1 DAGs
[2026-05-08T18:03:49.804+0100] {logging_mixin.py:188} INFO - [2026-05-08T18:03:49.804+0100] {dag.py:3954} INFO - Setting next_dagrun for example_display_name to None, run_after=None
[2026-05-08T18:03:49.898+0100] {processor.py:183} INFO - Processing /home/najma/airflow-venv/lib/python3.12/site-packages/airflow/example_dags/example_display_name.py took 0.145 seconds
[2026-05-08T18:05:00.073+0100] {processor.py:161} INFO - Started process (PID=11294) to work on /home/najma/airflow-venv/lib/python3.12/site-packages/airflow/example_dags/example_display_name.py
[2026-05-08T18:05:00.075+0100] {processor.py:830} INFO - Processing file /home/najma/airflow-venv/lib/python3.12/site-packages/airflow/example_dags/example_display_name.py for tasks to queue
[2026-05-08T18:05:00.077+0100] {logging_mixin.py:188} INFO - [2026-05-08T18:05:00.077+0100] {dagbag.py:540} INFO - Filling up the DagBag from /home/najma/airflow-venv/lib/python3.12/site-packages/airflow/example_dags/example_display_name.py
[2026-05-08T18:05:00.082+0100] {processor.py:840} INFO - DAG(s) 'example_display_name' retrieved from /home/najma/airflow-venv/lib/python3.12/site-packages/airflow/example_dags/example_display_name.py
[2026-05-08T18:05:00.136+0100] {logging_mixin.py:188} INFO - [2026-05-08T18:05:00.136+0100] {dag.py:3096} INFO - Sync 1 DAGs
[2026-05-08T18:05:00.150+0100] {logging_mixin.py:188} INFO - [2026-05-08T18:05:00.150+0100] {dag.py:3954} INFO - Setting next_dagrun for example_display_name to None, run_after=None
[2026-05-08T18:05:00.228+0100] {processor.py:183} INFO - Processing /home/najma/airflow-venv/lib/python3.12/site-packages/airflow/example_dags/example_display_name.py took 0.159 seconds
[2026-05-08T18:06:07.165+0100] {processor.py:161} INFO - Started process (PID=11353) to work on /home/najma/airflow-venv/lib/python3.12/site-packages/airflow/example_dags/example_display_name.py
[2026-05-08T18:06:07.166+0100] {processor.py:830} INFO - Processing file /home/najma/airflow-venv/lib/python3.12/site-packages/airflow/example_dags/example_display_name.py for tasks to queue
[2026-05-08T18:06:07.168+0100] {logging_mixin.py:188} INFO - [2026-05-08T18:06:07.168+0100] {dagbag.py:540} INFO - Filling up the DagBag from /home/najma/airflow-venv/lib/python3.12/site-packages/airflow/example_dags/example_display_name.py
[2026-05-08T18:06:07.173+0100] {processor.py:840} INFO - DAG(s) 'example_display_name' retrieved from /home/najma/airflow-venv/lib/python3.12/site-packages/airflow/example_dags/example_display_name.py
[2026-05-08T18:06:07.199+0100] {logging_mixin.py:188} INFO - [2026-05-08T18:06:07.199+0100] {dag.py:3096} INFO - Sync 1 DAGs
[2026-05-08T18:06:07.211+0100] {logging_mixin.py:188} INFO - [2026-05-08T18:06:07.211+0100] {dag.py:3954} INFO - Setting next_dagrun for example_display_name to None, run_after=None
[2026-05-08T18:06:07.311+0100] {processor.py:183} INFO - Processing /home/najma/airflow-venv/lib/python3.12/site-packages/airflow/example_dags/example_display_name.py took 0.150 seconds
[2026-05-08T18:07:10.100+0100] {processor.py:161} INFO - Started process (PID=11411) to work on /home/najma/airflow-venv/lib/python3.12/site-packages/airflow/example_dags/example_display_name.py
[2026-05-08T18:07:10.102+0100] {processor.py:830} INFO - Processing file /home/najma/airflow-venv/lib/python3.12/site-packages/airflow/example_dags/example_display_name.py for tasks to queue
[2026-05-08T18:07:10.104+0100] {logging_mixin.py:188} INFO - [2026-05-08T18:07:10.104+0100] {dagbag.py:540} INFO - Filling up the DagBag from /home/najma/airflow-venv/lib/python3.12/site-packages/airflow/example_dags/example_display_name.py
[2026-05-08T18:07:10.108+0100] {processor.py:840} INFO - DAG(s) 'example_display_name' retrieved from /home/najma/airflow-venv/lib/python3.12/site-packages/airflow/example_dags/example_display_name.py
[2026-05-08T18:07:10.136+0100] {logging_mixin.py:188} INFO - [2026-05-08T18:07:10.136+0100] {dag.py:3096} INFO - Sync 1 DAGs
[2026-05-08T18:07:10.149+0100] {logging_mixin.py:188} INFO - [2026-05-08T18:07:10.149+0100] {dag.py:3954} INFO - Setting next_dagrun for example_display_name to None, run_after=None
[2026-05-08T18:07:10.247+0100] {processor.py:183} INFO - Processing /home/najma/airflow-venv/lib/python3.12/site-packages/airflow/example_dags/example_display_name.py took 0.151 seconds
[2026-05-08T18:08:11.213+0100] {processor.py:161} INFO - Started process (PID=11468) to work on /home/najma/airflow-venv/lib/python3.12/site-packages/airflow/example_dags/example_display_name.py
[2026-05-08T18:08:11.214+0100] {processor.py:830} INFO - Processing file /home/najma/airflow-venv/lib/python3.12/site-packages/airflow/example_dags/example_display_name.py for tasks to queue
[2026-05-08T18:08:11.216+0100] {logging_mixin.py:188} INFO - [2026-05-08T18:08:11.216+0100] {dagbag.py:540} INFO - Filling up the DagBag from /home/najma/airflow-venv/lib/python3.12/site-packages/airflow/example_dags/example_display_name.py
[2026-05-08T18:08:11.221+0100] {processor.py:840} INFO - DAG(s) 'example_display_name' retrieved from /home/najma/airflow-venv/lib/python3.12/site-packages/airflow/example_dags/example_display_name.py
[2026-05-08T18:08:11.246+0100] {logging_mixin.py:188} INFO - [2026-05-08T18:08:11.246+0100] {dag.py:3096} INFO - Sync 1 DAGs
[2026-05-08T18:08:11.259+0100] {logging_mixin.py:188} INFO - [2026-05-08T18:08:11.258+0100] {dag.py:3954} INFO - Setting next_dagrun for example_display_name to None, run_after=None
[2026-05-08T18:08:11.355+0100] {processor.py:183} INFO - Processing /home/najma/airflow-venv/lib/python3.12/site-packages/airflow/example_dags/example_display_name.py took 0.146 seconds
[2026-05-08T18:09:18.694+0100] {processor.py:161} INFO - Started process (PID=11526) to work on /home/najma/airflow-venv/lib/python3.12/site-packages/airflow/example_dags/example_display_name.py
[2026-05-08T18:09:18.696+0100] {processor.py:830} INFO - Processing file /home/najma/airflow-venv/lib/python3.12/site-packages/airflow/example_dags/example_display_name.py for tasks to queue
[2026-05-08T18:09:18.698+0100] {logging_mixin.py:188} INFO - [2026-05-08T18:09:18.697+0100] {dagbag.py:540} INFO - Filling up the DagBag from /home/najma/airflow-venv/lib/python3.12/site-packages/airflow/example_dags/example_display_name.py
[2026-05-08T18:09:18.704+0100] {processor.py:840} INFO - DAG(s) 'example_display_name' retrieved from /home/najma/airflow-venv/lib/python3.12/site-packages/airflow/example_dags/example_display_name.py
[2026-05-08T18:09:18.732+0100] {logging_mixin.py:188} INFO - [2026-05-08T18:09:18.732+0100] {dag.py:3096} INFO - Sync 1 DAGs
[2026-05-08T18:09:18.746+0100] {logging_mixin.py:188} INFO - [2026-05-08T18:09:18.746+0100] {dag.py:3954} INFO - Setting next_dagrun for example_display_name to None, run_after=None
[2026-05-08T18:09:18.840+0100] {processor.py:183} INFO - Processing /home/najma/airflow-venv/lib/python3.12/site-packages/airflow/example_dags/example_display_name.py took 0.151 seconds
[2026-05-08T18:10:19.330+0100] {processor.py:161} INFO - Started process (PID=11582) to work on /home/najma/airflow-venv/lib/python3.12/site-packages/airflow/example_dags/example_display_name.py
[2026-05-08T18:10:19.331+0100] {processor.py:830} INFO - Processing file /home/najma/airflow-venv/lib/python3.12/site-packages/airflow/example_dags/example_display_name.py for tasks to queue
[2026-05-08T18:10:19.333+0100] {logging_mixin.py:188} INFO - [2026-05-08T18:10:19.332+0100] {dagbag.py:540} INFO - Filling up the DagBag from /home/najma/airflow-venv/lib/python3.12/site-packages/airflow/example_dags/example_display_name.py
[2026-05-08T18:10:19.337+0100] {processor.py:840} INFO - DAG(s) 'example_display_name' retrieved from /home/najma/airflow-venv/lib/python3.12/site-packages/airflow/example_dags/example_display_name.py
[2026-05-08T18:10:19.364+0100] {logging_mixin.py:188} INFO - [2026-05-08T18:10:19.364+0100] {dag.py:3096} INFO - Sync 1 DAGs
[2026-05-08T18:10:19.376+0100] {logging_mixin.py:188} INFO - [2026-05-08T18:10:19.376+0100] {dag.py:3954} INFO - Setting next_dagrun for example_display_name to None, run_after=None
[2026-05-08T18:10:19.461+0100] {processor.py:183} INFO - Processing /home/najma/airflow-venv/lib/python3.12/site-packages/airflow/example_dags/example_display_name.py took 0.135 seconds
[2026-05-08T18:11:24.931+0100] {processor.py:161} INFO - Started process (PID=11636) to work on /home/najma/airflow-venv/lib/python3.12/site-packages/airflow/example_dags/example_display_name.py
[2026-05-08T18:11:24.932+0100] {processor.py:830} INFO - Processing file /home/najma/airflow-venv/lib/python3.12/site-packages/airflow/example_dags/example_display_name.py for tasks to queue
[2026-05-08T18:11:24.934+0100] {logging_mixin.py:188} INFO - [2026-05-08T18:11:24.934+0100] {dagbag.py:540} INFO - Filling up the DagBag from /home/najma/airflow-venv/lib/python3.12/site-packages/airflow/example_dags/example_display_name.py
[2026-05-08T18:11:24.940+0100] {processor.py:840} INFO - DAG(s) 'example_display_name' retrieved from /home/najma/airflow-venv/lib/python3.12/site-packages/airflow/example_dags/example_display_name.py
[2026-05-08T18:11:24.966+0100] {logging_mixin.py:188} INFO - [2026-05-08T18:11:24.965+0100] {dag.py:3096} INFO - Sync 1 DAGs
[2026-05-08T18:11:24.978+0100] {logging_mixin.py:188} INFO - [2026-05-08T18:11:24.978+0100] {dag.py:3954} INFO - Setting next_dagrun for example_display_name to None, run_after=None
[2026-05-08T18:11:25.073+0100] {processor.py:183} INFO - Processing /home/najma/airflow-venv/lib/python3.12/site-packages/airflow/example_dags/example_display_name.py took 0.146 seconds
[2026-05-08T18:12:36.314+0100] {processor.py:161} INFO - Started process (PID=11694) to work on /home/najma/airflow-venv/lib/python3.12/site-packages/airflow/example_dags/example_display_name.py
[2026-05-08T18:12:36.315+0100] {processor.py:830} INFO - Processing file /home/najma/airflow-venv/lib/python3.12/site-packages/airflow/example_dags/example_display_name.py for tasks to queue
[2026-05-08T18:12:36.317+0100] {logging_mixin.py:188} INFO - [2026-05-08T18:12:36.316+0100] {dagbag.py:540} INFO - Filling up the DagBag from /home/najma/airflow-venv/lib/python3.12/site-packages/airflow/example_dags/example_display_name.py
[2026-05-08T18:12:36.321+0100] {processor.py:840} INFO - DAG(s) 'example_display_name' retrieved from /home/najma/airflow-venv/lib/python3.12/site-packages/airflow/example_dags/example_display_name.py
[2026-05-08T18:12:36.350+0100] {logging_mixin.py:188} INFO - [2026-05-08T18:12:36.349+0100] {dag.py:3096} INFO - Sync 1 DAGs
[2026-05-08T18:12:36.363+0100] {logging_mixin.py:188} INFO - [2026-05-08T18:12:36.363+0100] {dag.py:3954} INFO - Setting next_dagrun for example_display_name to None, run_after=None
[2026-05-08T18:12:36.454+0100] {processor.py:183} INFO - Processing /home/najma/airflow-venv/lib/python3.12/site-packages/airflow/example_dags/example_display_name.py took 0.144 seconds
[2026-05-08T18:14:08.887+0100] {processor.py:161} INFO - Started process (PID=11762) to work on /home/najma/airflow-venv/lib/python3.12/site-packages/airflow/example_dags/example_display_name.py
[2026-05-08T18:14:08.889+0100] {processor.py:830} INFO - Processing file /home/najma/airflow-venv/lib/python3.12/site-packages/airflow/example_dags/example_display_name.py for tasks to queue
[2026-05-08T18:14:08.891+0100] {logging_mixin.py:188} INFO - [2026-05-08T18:14:08.891+0100] {dagbag.py:540} INFO - Filling up the DagBag from /home/najma/airflow-venv/lib/python3.12/site-packages/airflow/example_dags/example_display_name.py
[2026-05-08T18:14:08.904+0100] {processor.py:840} INFO - DAG(s) 'example_display_name' retrieved from /home/najma/airflow-venv/lib/python3.12/site-packages/airflow/example_dags/example_display_name.py
[2026-05-08T18:14:08.940+0100] {logging_mixin.py:188} INFO - [2026-05-08T18:14:08.939+0100] {dag.py:3096} INFO - Sync 1 DAGs
[2026-05-08T18:14:08.956+0100] {logging_mixin.py:188} INFO - [2026-05-08T18:14:08.956+0100] {dag.py:3954} INFO - Setting next_dagrun for example_display_name to None, run_after=None
[2026-05-08T18:14:09.061+0100] {processor.py:183} INFO - Processing /home/najma/airflow-venv/lib/python3.12/site-packages/airflow/example_dags/example_display_name.py took 0.178 seconds
[2026-05-08T18:15:24.640+0100] {processor.py:161} INFO - Started process (PID=11831) to work on /home/najma/airflow-venv/lib/python3.12/site-packages/airflow/example_dags/example_display_name.py
[2026-05-08T18:15:24.641+0100] {processor.py:830} INFO - Processing file /home/najma/airflow-venv/lib/python3.12/site-packages/airflow/example_dags/example_display_name.py for tasks to queue
[2026-05-08T18:15:24.643+0100] {logging_mixin.py:188} INFO - [2026-05-08T18:15:24.643+0100] {dagbag.py:540} INFO - Filling up the DagBag from /home/najma/airflow-venv/lib/python3.12/site-packages/airflow/example_dags/example_display_name.py
[2026-05-08T18:15:24.648+0100] {processor.py:840} INFO - DAG(s) 'example_display_name' retrieved from /home/najma/airflow-venv/lib/python3.12/site-packages/airflow/example_dags/example_display_name.py
[2026-05-08T18:15:24.673+0100] {logging_mixin.py:188} INFO - [2026-05-08T18:15:24.672+0100] {dag.py:3096} INFO - Sync 1 DAGs
[2026-05-08T18:15:24.686+0100] {logging_mixin.py:188} INFO - [2026-05-08T18:15:24.686+0100] {dag.py:3954} INFO - Setting next_dagrun for example_display_name to None, run_after=None
[2026-05-08T18:15:24.771+0100] {processor.py:183} INFO - Processing /home/najma/airflow-venv/lib/python3.12/site-packages/airflow/example_dags/example_display_name.py took 0.135 seconds
[2026-05-08T18:16:36.721+0100] {processor.py:161} INFO - Started process (PID=11890) to work on /home/najma/airflow-venv/lib/python3.12/site-packages/airflow/example_dags/example_display_name.py
[2026-05-08T18:16:36.723+0100] {processor.py:830} INFO - Processing file /home/najma/airflow-venv/lib/python3.12/site-packages/airflow/example_dags/example_display_name.py for tasks to queue
[2026-05-08T18:16:36.724+0100] {logging_mixin.py:188} INFO - [2026-05-08T18:16:36.724+0100] {dagbag.py:540} INFO - Filling up the DagBag from /home/najma/airflow-venv/lib/python3.12/site-packages/airflow/example_dags/example_display_name.py
[2026-05-08T18:16:36.730+0100] {processor.py:840} INFO - DAG(s) 'example_display_name' retrieved from /home/najma/airflow-venv/lib/python3.12/site-packages/airflow/example_dags/example_display_name.py
[2026-05-08T18:16:36.757+0100] {logging_mixin.py:188} INFO - [2026-05-08T18:16:36.756+0100] {dag.py:3096} INFO - Sync 1 DAGs
[2026-05-08T18:16:36.770+0100] {logging_mixin.py:188} INFO - [2026-05-08T18:16:36.770+0100] {dag.py:3954} INFO - Setting next_dagrun for example_display_name to None, run_after=None
[2026-05-08T18:16:36.880+0100] {processor.py:183} INFO - Processing /home/najma/airflow-venv/lib/python3.12/site-packages/airflow/example_dags/example_display_name.py took 0.164 seconds
[2026-05-08T18:17:46.761+0100] {processor.py:161} INFO - Started process (PID=11950) to work on /home/najma/airflow-venv/lib/python3.12/site-packages/airflow/example_dags/example_display_name.py
[2026-05-08T18:17:46.762+0100] {processor.py:830} INFO - Processing file /home/najma/airflow-venv/lib/python3.12/site-packages/airflow/example_dags/example_display_name.py for tasks to queue
[2026-05-08T18:17:46.764+0100] {logging_mixin.py:188} INFO - [2026-05-08T18:17:46.764+0100] {dagbag.py:540} INFO - Filling up the DagBag from /home/najma/airflow-venv/lib/python3.12/site-packages/airflow/example_dags/example_display_name.py
[2026-05-08T18:17:46.769+0100] {processor.py:840} INFO - DAG(s) 'example_display_name' retrieved from /home/najma/airflow-venv/lib/python3.12/site-packages/airflow/example_dags/example_display_name.py
[2026-05-08T18:17:46.796+0100] {logging_mixin.py:188} INFO - [2026-05-08T18:17:46.796+0100] {dag.py:3096} INFO - Sync 1 DAGs
[2026-05-08T18:17:46.809+0100] {logging_mixin.py:188} INFO - [2026-05-08T18:17:46.809+0100] {dag.py:3954} INFO - Setting next_dagrun for example_display_name to None, run_after=None
[2026-05-08T18:17:46.890+0100] {processor.py:183} INFO - Processing /home/najma/airflow-venv/lib/python3.12/site-packages/airflow/example_dags/example_display_name.py took 0.133 seconds
[2026-05-08T18:19:00.913+0100] {processor.py:161} INFO - Started process (PID=12009) to work on /home/najma/airflow-venv/lib/python3.12/site-packages/airflow/example_dags/example_display_name.py
[2026-05-08T18:19:00.914+0100] {processor.py:830} INFO - Processing file /home/najma/airflow-venv/lib/python3.12/site-packages/airflow/example_dags/example_display_name.py for tasks to queue
[2026-05-08T18:19:00.917+0100] {logging_mixin.py:188} INFO - [2026-05-08T18:19:00.916+0100] {dagbag.py:540} INFO - Filling up the DagBag from /home/najma/airflow-venv/lib/python3.12/site-packages/airflow/example_dags/example_display_name.py
[2026-05-08T18:19:00.924+0100] {processor.py:840} INFO - DAG(s) 'example_display_name' retrieved from /home/najma/airflow-venv/lib/python3.12/site-packages/airflow/example_dags/example_display_name.py
[2026-05-08T18:19:00.954+0100] {logging_mixin.py:188} INFO - [2026-05-08T18:19:00.954+0100] {dag.py:3096} INFO - Sync 1 DAGs
[2026-05-08T18:19:00.969+0100] {logging_mixin.py:188} INFO - [2026-05-08T18:19:00.969+0100] {dag.py:3954} INFO - Setting next_dagrun for example_display_name to None, run_after=None
[2026-05-08T18:19:01.066+0100] {processor.py:183} INFO - Processing /home/najma/airflow-venv/lib/python3.12/site-packages/airflow/example_dags/example_display_name.py took 0.159 seconds
[2026-05-08T18:20:07.422+0100] {processor.py:161} INFO - Started process (PID=12065) to work on /home/najma/airflow-venv/lib/python3.12/site-packages/airflow/example_dags/example_display_name.py
[2026-05-08T18:20:07.423+0100] {processor.py:830} INFO - Processing file /home/najma/airflow-venv/lib/python3.12/site-packages/airflow/example_dags/example_display_name.py for tasks to queue
[2026-05-08T18:20:07.425+0100] {logging_mixin.py:188} INFO - [2026-05-08T18:20:07.425+0100] {dagbag.py:540} INFO - Filling up the DagBag from /home/najma/airflow-venv/lib/python3.12/site-packages/airflow/example_dags/example_display_name.py
[2026-05-08T18:20:07.430+0100] {processor.py:840} INFO - DAG(s) 'example_display_name' retrieved from /home/najma/airflow-venv/lib/python3.12/site-packages/airflow/example_dags/example_display_name.py
[2026-05-08T18:20:07.455+0100] {logging_mixin.py:188} INFO - [2026-05-08T18:20:07.455+0100] {dag.py:3096} INFO - Sync 1 DAGs
[2026-05-08T18:20:07.468+0100] {logging_mixin.py:188} INFO - [2026-05-08T18:20:07.468+0100] {dag.py:3954} INFO - Setting next_dagrun for example_display_name to None, run_after=None
[2026-05-08T18:20:07.564+0100] {processor.py:183} INFO - Processing /home/najma/airflow-venv/lib/python3.12/site-packages/airflow/example_dags/example_display_name.py took 0.145 seconds
[2026-05-08T18:21:16.703+0100] {processor.py:161} INFO - Started process (PID=12121) to work on /home/najma/airflow-venv/lib/python3.12/site-packages/airflow/example_dags/example_display_name.py
[2026-05-08T18:21:16.704+0100] {processor.py:830} INFO - Processing file /home/najma/airflow-venv/lib/python3.12/site-packages/airflow/example_dags/example_display_name.py for tasks to queue
[2026-05-08T18:21:16.706+0100] {logging_mixin.py:188} INFO - [2026-05-08T18:21:16.706+0100] {dagbag.py:540} INFO - Filling up the DagBag from /home/najma/airflow-venv/lib/python3.12/site-packages/airflow/example_dags/example_display_name.py
[2026-05-08T18:21:16.710+0100] {processor.py:840} INFO - DAG(s) 'example_display_name' retrieved from /home/najma/airflow-venv/lib/python3.12/site-packages/airflow/example_dags/example_display_name.py
[2026-05-08T18:21:16.737+0100] {logging_mixin.py:188} INFO - [2026-05-08T18:21:16.737+0100] {dag.py:3096} INFO - Sync 1 DAGs
[2026-05-08T18:21:16.751+0100] {logging_mixin.py:188} INFO - [2026-05-08T18:21:16.750+0100] {dag.py:3954} INFO - Setting next_dagrun for example_display_name to None, run_after=None
[2026-05-08T18:21:16.850+0100] {processor.py:183} INFO - Processing /home/najma/airflow-venv/lib/python3.12/site-packages/airflow/example_dags/example_display_name.py took 0.151 seconds
[2026-05-08T18:22:31.496+0100] {processor.py:161} INFO - Started process (PID=12181) to work on /home/najma/airflow-venv/lib/python3.12/site-packages/airflow/example_dags/example_display_name.py
[2026-05-08T18:22:31.498+0100] {processor.py:830} INFO - Processing file /home/najma/airflow-venv/lib/python3.12/site-packages/airflow/example_dags/example_display_name.py for tasks to queue
[2026-05-08T18:22:31.499+0100] {logging_mixin.py:188} INFO - [2026-05-08T18:22:31.499+0100] {dagbag.py:540} INFO - Filling up the DagBag from /home/najma/airflow-venv/lib/python3.12/site-packages/airflow/example_dags/example_display_name.py
[2026-05-08T18:22:31.505+0100] {processor.py:840} INFO - DAG(s) 'example_display_name' retrieved from /home/najma/airflow-venv/lib/python3.12/site-packages/airflow/example_dags/example_display_name.py
[2026-05-08T18:22:31.531+0100] {logging_mixin.py:188} INFO - [2026-05-08T18:22:31.531+0100] {dag.py:3096} INFO - Sync 1 DAGs
[2026-05-08T18:22:31.546+0100] {logging_mixin.py:188} INFO - [2026-05-08T18:22:31.546+0100] {dag.py:3954} INFO - Setting next_dagrun for example_display_name to None, run_after=None
[2026-05-08T18:22:31.624+0100] {processor.py:183} INFO - Processing /home/najma/airflow-venv/lib/python3.12/site-packages/airflow/example_dags/example_display_name.py took 0.131 seconds
[2026-05-08T18:24:44.551+0100] {processor.py:161} INFO - Started process (PID=12294) to work on /home/najma/airflow-venv/lib/python3.12/site-packages/airflow/example_dags/example_display_name.py
[2026-05-08T18:24:44.553+0100] {processor.py:830} INFO - Processing file /home/najma/airflow-venv/lib/python3.12/site-packages/airflow/example_dags/example_display_name.py for tasks to queue
[2026-05-08T18:24:44.555+0100] {logging_mixin.py:188} INFO - [2026-05-08T18:24:44.554+0100] {dagbag.py:540} INFO - Filling up the DagBag from /home/najma/airflow-venv/lib/python3.12/site-packages/airflow/example_dags/example_display_name.py
[2026-05-08T18:24:44.564+0100] {processor.py:840} INFO - DAG(s) 'example_display_name' retrieved from /home/najma/airflow-venv/lib/python3.12/site-packages/airflow/example_dags/example_display_name.py
[2026-05-08T18:24:44.598+0100] {logging_mixin.py:188} INFO - [2026-05-08T18:24:44.597+0100] {dag.py:3096} INFO - Sync 1 DAGs
[2026-05-08T18:24:44.610+0100] {logging_mixin.py:188} INFO - [2026-05-08T18:24:44.610+0100] {dag.py:3954} INFO - Setting next_dagrun for example_display_name to None, run_after=None
[2026-05-08T18:24:44.720+0100] {processor.py:183} INFO - Processing /home/najma/airflow-venv/lib/python3.12/site-packages/airflow/example_dags/example_display_name.py took 0.173 seconds
[2026-05-08T18:26:01.178+0100] {processor.py:161} INFO - Started process (PID=12368) to work on /home/najma/airflow-venv/lib/python3.12/site-packages/airflow/example_dags/example_display_name.py
[2026-05-08T18:26:01.179+0100] {processor.py:830} INFO - Processing file /home/najma/airflow-venv/lib/python3.12/site-packages/airflow/example_dags/example_display_name.py for tasks to queue
[2026-05-08T18:26:01.181+0100] {logging_mixin.py:188} INFO - [2026-05-08T18:26:01.181+0100] {dagbag.py:540} INFO - Filling up the DagBag from /home/najma/airflow-venv/lib/python3.12/site-packages/airflow/example_dags/example_display_name.py
[2026-05-08T18:26:01.187+0100] {processor.py:840} INFO - DAG(s) 'example_display_name' retrieved from /home/najma/airflow-venv/lib/python3.12/site-packages/airflow/example_dags/example_display_name.py
[2026-05-08T18:26:01.214+0100] {logging_mixin.py:188} INFO - [2026-05-08T18:26:01.214+0100] {dag.py:3096} INFO - Sync 1 DAGs
[2026-05-08T18:26:01.230+0100] {logging_mixin.py:188} INFO - [2026-05-08T18:26:01.229+0100] {dag.py:3954} INFO - Setting next_dagrun for example_display_name to None, run_after=None
[2026-05-08T18:26:01.329+0100] {processor.py:183} INFO - Processing /home/najma/airflow-venv/lib/python3.12/site-packages/airflow/example_dags/example_display_name.py took 0.155 seconds
[2026-05-08T18:27:20.226+0100] {processor.py:161} INFO - Started process (PID=12429) to work on /home/najma/airflow-venv/lib/python3.12/site-packages/airflow/example_dags/example_display_name.py
[2026-05-08T18:27:20.228+0100] {processor.py:830} INFO - Processing file /home/najma/airflow-venv/lib/python3.12/site-packages/airflow/example_dags/example_display_name.py for tasks to queue
[2026-05-08T18:27:20.229+0100] {logging_mixin.py:188} INFO - [2026-05-08T18:27:20.229+0100] {dagbag.py:540} INFO - Filling up the DagBag from /home/najma/airflow-venv/lib/python3.12/site-packages/airflow/example_dags/example_display_name.py
[2026-05-08T18:27:20.234+0100] {processor.py:840} INFO - DAG(s) 'example_display_name' retrieved from /home/najma/airflow-venv/lib/python3.12/site-packages/airflow/example_dags/example_display_name.py
[2026-05-08T18:27:20.265+0100] {logging_mixin.py:188} INFO - [2026-05-08T18:27:20.265+0100] {dag.py:3096} INFO - Sync 1 DAGs
[2026-05-08T18:27:20.281+0100] {logging_mixin.py:188} INFO - [2026-05-08T18:27:20.281+0100] {dag.py:3954} INFO - Setting next_dagrun for example_display_name to None, run_after=None
[2026-05-08T18:27:20.376+0100] {processor.py:183} INFO - Processing /home/najma/airflow-venv/lib/python3.12/site-packages/airflow/example_dags/example_display_name.py took 0.153 seconds
[2026-05-08T18:28:41.433+0100] {processor.py:161} INFO - Started process (PID=12492) to work on /home/najma/airflow-venv/lib/python3.12/site-packages/airflow/example_dags/example_display_name.py
[2026-05-08T18:28:41.435+0100] {processor.py:830} INFO - Processing file /home/najma/airflow-venv/lib/python3.12/site-packages/airflow/example_dags/example_display_name.py for tasks to queue
[2026-05-08T18:28:41.437+0100] {logging_mixin.py:188} INFO - [2026-05-08T18:28:41.436+0100] {dagbag.py:540} INFO - Filling up the DagBag from /home/najma/airflow-venv/lib/python3.12/site-packages/airflow/example_dags/example_display_name.py
[2026-05-08T18:28:41.443+0100] {processor.py:840} INFO - DAG(s) 'example_display_name' retrieved from /home/najma/airflow-venv/lib/python3.12/site-packages/airflow/example_dags/example_display_name.py
[2026-05-08T18:28:41.473+0100] {logging_mixin.py:188} INFO - [2026-05-08T18:28:41.473+0100] {dag.py:3096} INFO - Sync 1 DAGs
[2026-05-08T18:28:41.489+0100] {logging_mixin.py:188} INFO - [2026-05-08T18:28:41.489+0100] {dag.py:3954} INFO - Setting next_dagrun for example_display_name to None, run_after=None
[2026-05-08T18:28:41.583+0100] {processor.py:183} INFO - Processing /home/najma/airflow-venv/lib/python3.12/site-packages/airflow/example_dags/example_display_name.py took 0.154 seconds
[2026-05-08T18:29:55.646+0100] {processor.py:161} INFO - Started process (PID=12551) to work on /home/najma/airflow-venv/lib/python3.12/site-packages/airflow/example_dags/example_display_name.py
[2026-05-08T18:29:55.647+0100] {processor.py:830} INFO - Processing file /home/najma/airflow-venv/lib/python3.12/site-packages/airflow/example_dags/example_display_name.py for tasks to queue
[2026-05-08T18:29:55.649+0100] {logging_mixin.py:188} INFO - [2026-05-08T18:29:55.648+0100] {dagbag.py:540} INFO - Filling up the DagBag from /home/najma/airflow-venv/lib/python3.12/site-packages/airflow/example_dags/example_display_name.py
[2026-05-08T18:29:55.662+0100] {processor.py:840} INFO - DAG(s) 'example_display_name' retrieved from /home/najma/airflow-venv/lib/python3.12/site-packages/airflow/example_dags/example_display_name.py
[2026-05-08T18:29:55.696+0100] {logging_mixin.py:188} INFO - [2026-05-08T18:29:55.696+0100] {dag.py:3096} INFO - Sync 1 DAGs
[2026-05-08T18:29:55.712+0100] {logging_mixin.py:188} INFO - [2026-05-08T18:29:55.711+0100] {dag.py:3954} INFO - Setting next_dagrun for example_display_name to None, run_after=None
[2026-05-08T18:29:55.802+0100] {processor.py:183} INFO - Processing /home/najma/airflow-venv/lib/python3.12/site-packages/airflow/example_dags/example_display_name.py took 0.161 seconds
[2026-05-08T18:31:13.558+0100] {processor.py:161} INFO - Started process (PID=12612) to work on /home/najma/airflow-venv/lib/python3.12/site-packages/airflow/example_dags/example_display_name.py
[2026-05-08T18:31:13.559+0100] {processor.py:830} INFO - Processing file /home/najma/airflow-venv/lib/python3.12/site-packages/airflow/example_dags/example_display_name.py for tasks to queue
[2026-05-08T18:31:13.561+0100] {logging_mixin.py:188} INFO - [2026-05-08T18:31:13.560+0100] {dagbag.py:540} INFO - Filling up the DagBag from /home/najma/airflow-venv/lib/python3.12/site-packages/airflow/example_dags/example_display_name.py
[2026-05-08T18:31:13.565+0100] {processor.py:840} INFO - DAG(s) 'example_display_name' retrieved from /home/najma/airflow-venv/lib/python3.12/site-packages/airflow/example_dags/example_display_name.py
[2026-05-08T18:31:13.594+0100] {logging_mixin.py:188} INFO - [2026-05-08T18:31:13.594+0100] {dag.py:3096} INFO - Sync 1 DAGs
[2026-05-08T18:31:13.608+0100] {logging_mixin.py:188} INFO - [2026-05-08T18:31:13.608+0100] {dag.py:3954} INFO - Setting next_dagrun for example_display_name to None, run_after=None
[2026-05-08T18:31:13.715+0100] {processor.py:183} INFO - Processing /home/najma/airflow-venv/lib/python3.12/site-packages/airflow/example_dags/example_display_name.py took 0.161 seconds
[2026-05-08T18:32:30.432+0100] {processor.py:161} INFO - Started process (PID=12672) to work on /home/najma/airflow-venv/lib/python3.12/site-packages/airflow/example_dags/example_display_name.py
[2026-05-08T18:32:30.448+0100] {processor.py:830} INFO - Processing file /home/najma/airflow-venv/lib/python3.12/site-packages/airflow/example_dags/example_display_name.py for tasks to queue
[2026-05-08T18:32:30.450+0100] {logging_mixin.py:188} INFO - [2026-05-08T18:32:30.450+0100] {dagbag.py:540} INFO - Filling up the DagBag from /home/najma/airflow-venv/lib/python3.12/site-packages/airflow/example_dags/example_display_name.py
[2026-05-08T18:32:30.455+0100] {processor.py:840} INFO - DAG(s) 'example_display_name' retrieved from /home/najma/airflow-venv/lib/python3.12/site-packages/airflow/example_dags/example_display_name.py
[2026-05-08T18:32:30.481+0100] {logging_mixin.py:188} INFO - [2026-05-08T18:32:30.481+0100] {dag.py:3096} INFO - Sync 1 DAGs
[2026-05-08T18:32:30.494+0100] {logging_mixin.py:188} INFO - [2026-05-08T18:32:30.494+0100] {dag.py:3954} INFO - Setting next_dagrun for example_display_name to None, run_after=None
[2026-05-08T18:32:30.588+0100] {processor.py:183} INFO - Processing /home/najma/airflow-venv/lib/python3.12/site-packages/airflow/example_dags/example_display_name.py took 0.159 seconds
[2026-05-08T18:34:46.948+0100] {processor.py:161} INFO - Started process (PID=12796) to work on /home/najma/airflow-venv/lib/python3.12/site-packages/airflow/example_dags/example_display_name.py
[2026-05-08T18:34:46.950+0100] {processor.py:830} INFO - Processing file /home/najma/airflow-venv/lib/python3.12/site-packages/airflow/example_dags/example_display_name.py for tasks to queue
[2026-05-08T18:34:46.951+0100] {logging_mixin.py:188} INFO - [2026-05-08T18:34:46.951+0100] {dagbag.py:540} INFO - Filling up the DagBag from /home/najma/airflow-venv/lib/python3.12/site-packages/airflow/example_dags/example_display_name.py
[2026-05-08T18:34:46.956+0100] {processor.py:840} INFO - DAG(s) 'example_display_name' retrieved from /home/najma/airflow-venv/lib/python3.12/site-packages/airflow/example_dags/example_display_name.py
[2026-05-08T18:34:46.986+0100] {logging_mixin.py:188} INFO - [2026-05-08T18:34:46.986+0100] {dag.py:3096} INFO - Sync 1 DAGs
[2026-05-08T18:34:47.000+0100] {logging_mixin.py:188} INFO - [2026-05-08T18:34:47.000+0100] {dag.py:3954} INFO - Setting next_dagrun for example_display_name to None, run_after=None
[2026-05-08T18:34:47.096+0100] {processor.py:183} INFO - Processing /home/najma/airflow-venv/lib/python3.12/site-packages/airflow/example_dags/example_display_name.py took 0.151 seconds
[2026-05-08T18:36:00.206+0100] {processor.py:161} INFO - Started process (PID=12863) to work on /home/najma/airflow-venv/lib/python3.12/site-packages/airflow/example_dags/example_display_name.py
[2026-05-08T18:36:00.207+0100] {processor.py:830} INFO - Processing file /home/najma/airflow-venv/lib/python3.12/site-packages/airflow/example_dags/example_display_name.py for tasks to queue
[2026-05-08T18:36:00.209+0100] {logging_mixin.py:188} INFO - [2026-05-08T18:36:00.208+0100] {dagbag.py:540} INFO - Filling up the DagBag from /home/najma/airflow-venv/lib/python3.12/site-packages/airflow/example_dags/example_display_name.py
[2026-05-08T18:36:00.213+0100] {processor.py:840} INFO - DAG(s) 'example_display_name' retrieved from /home/najma/airflow-venv/lib/python3.12/site-packages/airflow/example_dags/example_display_name.py
[2026-05-08T18:36:00.254+0100] {logging_mixin.py:188} INFO - [2026-05-08T18:36:00.254+0100] {dag.py:3096} INFO - Sync 1 DAGs
[2026-05-08T18:36:00.276+0100] {logging_mixin.py:188} INFO - [2026-05-08T18:36:00.276+0100] {dag.py:3954} INFO - Setting next_dagrun for example_display_name to None, run_after=None
[2026-05-08T18:36:00.400+0100] {processor.py:183} INFO - Processing /home/najma/airflow-venv/lib/python3.12/site-packages/airflow/example_dags/example_display_name.py took 0.199 seconds
[2026-05-08T18:37:14.288+0100] {processor.py:161} INFO - Started process (PID=12922) to work on /home/najma/airflow-venv/lib/python3.12/site-packages/airflow/example_dags/example_display_name.py
[2026-05-08T18:37:14.290+0100] {processor.py:830} INFO - Processing file /home/najma/airflow-venv/lib/python3.12/site-packages/airflow/example_dags/example_display_name.py for tasks to queue
[2026-05-08T18:37:14.291+0100] {logging_mixin.py:188} INFO - [2026-05-08T18:37:14.291+0100] {dagbag.py:540} INFO - Filling up the DagBag from /home/najma/airflow-venv/lib/python3.12/site-packages/airflow/example_dags/example_display_name.py
[2026-05-08T18:37:14.306+0100] {processor.py:840} INFO - DAG(s) 'example_display_name' retrieved from /home/najma/airflow-venv/lib/python3.12/site-packages/airflow/example_dags/example_display_name.py
[2026-05-08T18:37:14.351+0100] {logging_mixin.py:188} INFO - [2026-05-08T18:37:14.351+0100] {dag.py:3096} INFO - Sync 1 DAGs
[2026-05-08T18:37:14.367+0100] {logging_mixin.py:188} INFO - [2026-05-08T18:37:14.367+0100] {dag.py:3954} INFO - Setting next_dagrun for example_display_name to None, run_after=None
[2026-05-08T18:37:14.456+0100] {processor.py:183} INFO - Processing /home/najma/airflow-venv/lib/python3.12/site-packages/airflow/example_dags/example_display_name.py took 0.173 seconds
[2026-05-08T18:38:36.941+0100] {processor.py:161} INFO - Started process (PID=12986) to work on /home/najma/airflow-venv/lib/python3.12/site-packages/airflow/example_dags/example_display_name.py
[2026-05-08T18:38:36.943+0100] {processor.py:830} INFO - Processing file /home/najma/airflow-venv/lib/python3.12/site-packages/airflow/example_dags/example_display_name.py for tasks to queue
[2026-05-08T18:38:36.944+0100] {logging_mixin.py:188} INFO - [2026-05-08T18:38:36.944+0100] {dagbag.py:540} INFO - Filling up the DagBag from /home/najma/airflow-venv/lib/python3.12/site-packages/airflow/example_dags/example_display_name.py
[2026-05-08T18:38:36.951+0100] {processor.py:840} INFO - DAG(s) 'example_display_name' retrieved from /home/najma/airflow-venv/lib/python3.12/site-packages/airflow/example_dags/example_display_name.py
[2026-05-08T18:38:36.981+0100] {logging_mixin.py:188} INFO - [2026-05-08T18:38:36.981+0100] {dag.py:3096} INFO - Sync 1 DAGs
[2026-05-08T18:38:36.995+0100] {logging_mixin.py:188} INFO - [2026-05-08T18:38:36.995+0100] {dag.py:3954} INFO - Setting next_dagrun for example_display_name to None, run_after=None
[2026-05-08T18:38:37.087+0100] {processor.py:183} INFO - Processing /home/najma/airflow-venv/lib/python3.12/site-packages/airflow/example_dags/example_display_name.py took 0.150 seconds
