[2026-05-08T16:43:04.651+0100] {processor.py:161} INFO - Started process (PID=9548) to work on /home/najma/airflow-venv/lib/python3.12/site-packages/airflow/example_dags/example_params_ui_tutorial.py
[2026-05-08T16:43:04.653+0100] {processor.py:830} INFO - Processing file /home/najma/airflow-venv/lib/python3.12/site-packages/airflow/example_dags/example_params_ui_tutorial.py for tasks to queue
[2026-05-08T16:43:04.655+0100] {logging_mixin.py:188} INFO - [2026-05-08T16:43:04.655+0100] {dagbag.py:540} INFO - Filling up the DagBag from /home/najma/airflow-venv/lib/python3.12/site-packages/airflow/example_dags/example_params_ui_tutorial.py
[2026-05-08T16:43:04.667+0100] {processor.py:840} INFO - DAG(s) 'example_params_ui_tutorial' retrieved from /home/najma/airflow-venv/lib/python3.12/site-packages/airflow/example_dags/example_params_ui_tutorial.py
[2026-05-08T16:43:04.881+0100] {logging_mixin.py:188} INFO - [2026-05-08T16:43:04.880+0100] {override.py:1829} INFO - Created Permission View: can read on DAG:example_params_ui_tutorial
[2026-05-08T16:43:04.936+0100] {logging_mixin.py:188} INFO - [2026-05-08T16:43:04.936+0100] {override.py:1829} INFO - Created Permission View: can edit on DAG:example_params_ui_tutorial
[2026-05-08T16:43:04.980+0100] {logging_mixin.py:188} INFO - [2026-05-08T16:43:04.980+0100] {override.py:1829} INFO - Created Permission View: can delete on DAG:example_params_ui_tutorial
[2026-05-08T16:43:04.981+0100] {logging_mixin.py:188} INFO - [2026-05-08T16:43:04.981+0100] {dag.py:3096} INFO - Sync 1 DAGs
[2026-05-08T16:43:05.000+0100] {logging_mixin.py:188} INFO - [2026-05-08T16:43:04.999+0100] {dag.py:3118} INFO - Creating ORM DAG for example_params_ui_tutorial
[2026-05-08T16:43:05.001+0100] {logging_mixin.py:188} INFO - [2026-05-08T16:43:05.001+0100] {dag.py:3954} INFO - Setting next_dagrun for example_params_ui_tutorial to None, run_after=None
[2026-05-08T16:43:05.076+0100] {processor.py:183} INFO - Processing /home/najma/airflow-venv/lib/python3.12/site-packages/airflow/example_dags/example_params_ui_tutorial.py took 0.429 seconds
[2026-05-08T16:44:17.031+0100] {processor.py:161} INFO - Started process (PID=9609) to work on /home/najma/airflow-venv/lib/python3.12/site-packages/airflow/example_dags/example_params_ui_tutorial.py
[2026-05-08T16:44:17.032+0100] {processor.py:830} INFO - Processing file /home/najma/airflow-venv/lib/python3.12/site-packages/airflow/example_dags/example_params_ui_tutorial.py for tasks to queue
[2026-05-08T16:44:17.035+0100] {logging_mixin.py:188} INFO - [2026-05-08T16:44:17.034+0100] {dagbag.py:540} INFO - Filling up the DagBag from /home/najma/airflow-venv/lib/python3.12/site-packages/airflow/example_dags/example_params_ui_tutorial.py
[2026-05-08T16:44:17.050+0100] {processor.py:840} INFO - DAG(s) 'example_params_ui_tutorial' retrieved from /home/najma/airflow-venv/lib/python3.12/site-packages/airflow/example_dags/example_params_ui_tutorial.py
[2026-05-08T16:44:17.116+0100] {logging_mixin.py:188} INFO - [2026-05-08T16:44:17.115+0100] {dag.py:3096} INFO - Sync 1 DAGs
[2026-05-08T16:44:17.137+0100] {logging_mixin.py:188} INFO - [2026-05-08T16:44:17.137+0100] {dag.py:3954} INFO - Setting next_dagrun for example_params_ui_tutorial to None, run_after=None
[2026-05-08T16:44:17.247+0100] {processor.py:183} INFO - Processing /home/najma/airflow-venv/lib/python3.12/site-packages/airflow/example_dags/example_params_ui_tutorial.py took 0.224 seconds
[2026-05-08T16:45:42.318+0100] {processor.py:161} INFO - Started process (PID=9682) to work on /home/najma/airflow-venv/lib/python3.12/site-packages/airflow/example_dags/example_params_ui_tutorial.py
[2026-05-08T16:45:42.320+0100] {processor.py:830} INFO - Processing file /home/najma/airflow-venv/lib/python3.12/site-packages/airflow/example_dags/example_params_ui_tutorial.py for tasks to queue
[2026-05-08T16:45:42.325+0100] {logging_mixin.py:188} INFO - [2026-05-08T16:45:42.325+0100] {dagbag.py:540} INFO - Filling up the DagBag from /home/najma/airflow-venv/lib/python3.12/site-packages/airflow/example_dags/example_params_ui_tutorial.py
[2026-05-08T16:45:42.339+0100] {processor.py:840} INFO - DAG(s) 'example_params_ui_tutorial' retrieved from /home/najma/airflow-venv/lib/python3.12/site-packages/airflow/example_dags/example_params_ui_tutorial.py
[2026-05-08T16:45:42.416+0100] {logging_mixin.py:188} INFO - [2026-05-08T16:45:42.416+0100] {dag.py:3096} INFO - Sync 1 DAGs
[2026-05-08T16:45:42.438+0100] {logging_mixin.py:188} INFO - [2026-05-08T16:45:42.438+0100] {dag.py:3954} INFO - Setting next_dagrun for example_params_ui_tutorial to None, run_after=None
[2026-05-08T16:45:42.540+0100] {processor.py:183} INFO - Processing /home/najma/airflow-venv/lib/python3.12/site-packages/airflow/example_dags/example_params_ui_tutorial.py took 0.227 seconds
[2026-05-08T16:46:58.055+0100] {processor.py:161} INFO - Started process (PID=9757) to work on /home/najma/airflow-venv/lib/python3.12/site-packages/airflow/example_dags/example_params_ui_tutorial.py
[2026-05-08T16:46:58.056+0100] {processor.py:830} INFO - Processing file /home/najma/airflow-venv/lib/python3.12/site-packages/airflow/example_dags/example_params_ui_tutorial.py for tasks to queue
[2026-05-08T16:46:58.058+0100] {logging_mixin.py:188} INFO - [2026-05-08T16:46:58.057+0100] {dagbag.py:540} INFO - Filling up the DagBag from /home/najma/airflow-venv/lib/python3.12/site-packages/airflow/example_dags/example_params_ui_tutorial.py
[2026-05-08T16:46:58.068+0100] {processor.py:840} INFO - DAG(s) 'example_params_ui_tutorial' retrieved from /home/najma/airflow-venv/lib/python3.12/site-packages/airflow/example_dags/example_params_ui_tutorial.py
[2026-05-08T16:46:58.118+0100] {logging_mixin.py:188} INFO - [2026-05-08T16:46:58.118+0100] {dag.py:3096} INFO - Sync 1 DAGs
[2026-05-08T16:46:58.134+0100] {logging_mixin.py:188} INFO - [2026-05-08T16:46:58.133+0100] {dag.py:3954} INFO - Setting next_dagrun for example_params_ui_tutorial to None, run_after=None
[2026-05-08T16:46:58.223+0100] {processor.py:183} INFO - Processing /home/najma/airflow-venv/lib/python3.12/site-packages/airflow/example_dags/example_params_ui_tutorial.py took 0.172 seconds
[2026-05-08T16:48:14.545+0100] {processor.py:161} INFO - Started process (PID=9825) to work on /home/najma/airflow-venv/lib/python3.12/site-packages/airflow/example_dags/example_params_ui_tutorial.py
[2026-05-08T16:48:14.546+0100] {processor.py:830} INFO - Processing file /home/najma/airflow-venv/lib/python3.12/site-packages/airflow/example_dags/example_params_ui_tutorial.py for tasks to queue
[2026-05-08T16:48:14.548+0100] {logging_mixin.py:188} INFO - [2026-05-08T16:48:14.548+0100] {dagbag.py:540} INFO - Filling up the DagBag from /home/najma/airflow-venv/lib/python3.12/site-packages/airflow/example_dags/example_params_ui_tutorial.py
[2026-05-08T16:48:14.558+0100] {processor.py:840} INFO - DAG(s) 'example_params_ui_tutorial' retrieved from /home/najma/airflow-venv/lib/python3.12/site-packages/airflow/example_dags/example_params_ui_tutorial.py
[2026-05-08T16:48:14.605+0100] {logging_mixin.py:188} INFO - [2026-05-08T16:48:14.604+0100] {dag.py:3096} INFO - Sync 1 DAGs
[2026-05-08T16:48:14.618+0100] {logging_mixin.py:188} INFO - [2026-05-08T16:48:14.618+0100] {dag.py:3954} INFO - Setting next_dagrun for example_params_ui_tutorial to None, run_after=None
[2026-05-08T16:48:14.703+0100] {processor.py:183} INFO - Processing /home/najma/airflow-venv/lib/python3.12/site-packages/airflow/example_dags/example_params_ui_tutorial.py took 0.162 seconds
[2026-05-08T16:49:27.368+0100] {processor.py:161} INFO - Started process (PID=9890) to work on /home/najma/airflow-venv/lib/python3.12/site-packages/airflow/example_dags/example_params_ui_tutorial.py
[2026-05-08T16:49:27.369+0100] {processor.py:830} INFO - Processing file /home/najma/airflow-venv/lib/python3.12/site-packages/airflow/example_dags/example_params_ui_tutorial.py for tasks to queue
[2026-05-08T16:49:27.371+0100] {logging_mixin.py:188} INFO - [2026-05-08T16:49:27.370+0100] {dagbag.py:540} INFO - Filling up the DagBag from /home/najma/airflow-venv/lib/python3.12/site-packages/airflow/example_dags/example_params_ui_tutorial.py
[2026-05-08T16:49:27.381+0100] {processor.py:840} INFO - DAG(s) 'example_params_ui_tutorial' retrieved from /home/najma/airflow-venv/lib/python3.12/site-packages/airflow/example_dags/example_params_ui_tutorial.py
[2026-05-08T16:49:27.431+0100] {logging_mixin.py:188} INFO - [2026-05-08T16:49:27.430+0100] {dag.py:3096} INFO - Sync 1 DAGs
[2026-05-08T16:49:27.445+0100] {logging_mixin.py:188} INFO - [2026-05-08T16:49:27.445+0100] {dag.py:3954} INFO - Setting next_dagrun for example_params_ui_tutorial to None, run_after=None
[2026-05-08T16:49:27.529+0100] {processor.py:183} INFO - Processing /home/najma/airflow-venv/lib/python3.12/site-packages/airflow/example_dags/example_params_ui_tutorial.py took 0.166 seconds
[2026-05-08T17:45:40.157+0100] {processor.py:161} INFO - Started process (PID=10250) to work on /home/najma/airflow-venv/lib/python3.12/site-packages/airflow/example_dags/example_params_ui_tutorial.py
[2026-05-08T17:45:40.158+0100] {processor.py:830} INFO - Processing file /home/najma/airflow-venv/lib/python3.12/site-packages/airflow/example_dags/example_params_ui_tutorial.py for tasks to queue
[2026-05-08T17:45:40.160+0100] {logging_mixin.py:188} INFO - [2026-05-08T17:45:40.159+0100] {dagbag.py:540} INFO - Filling up the DagBag from /home/najma/airflow-venv/lib/python3.12/site-packages/airflow/example_dags/example_params_ui_tutorial.py
[2026-05-08T17:45:40.172+0100] {processor.py:840} INFO - DAG(s) 'example_params_ui_tutorial' retrieved from /home/najma/airflow-venv/lib/python3.12/site-packages/airflow/example_dags/example_params_ui_tutorial.py
[2026-05-08T17:45:40.227+0100] {logging_mixin.py:188} INFO - [2026-05-08T17:45:40.227+0100] {dag.py:3096} INFO - Sync 1 DAGs
[2026-05-08T17:45:40.245+0100] {logging_mixin.py:188} INFO - [2026-05-08T17:45:40.244+0100] {dag.py:3954} INFO - Setting next_dagrun for example_params_ui_tutorial to None, run_after=None
[2026-05-08T17:45:40.348+0100] {processor.py:183} INFO - Processing /home/najma/airflow-venv/lib/python3.12/site-packages/airflow/example_dags/example_params_ui_tutorial.py took 0.195 seconds
[2026-05-08T17:46:49.117+0100] {processor.py:161} INFO - Started process (PID=10323) to work on /home/najma/airflow-venv/lib/python3.12/site-packages/airflow/example_dags/example_params_ui_tutorial.py
[2026-05-08T17:46:49.119+0100] {processor.py:830} INFO - Processing file /home/najma/airflow-venv/lib/python3.12/site-packages/airflow/example_dags/example_params_ui_tutorial.py for tasks to queue
[2026-05-08T17:46:49.123+0100] {logging_mixin.py:188} INFO - [2026-05-08T17:46:49.123+0100] {dagbag.py:540} INFO - Filling up the DagBag from /home/najma/airflow-venv/lib/python3.12/site-packages/airflow/example_dags/example_params_ui_tutorial.py
[2026-05-08T17:46:49.134+0100] {processor.py:840} INFO - DAG(s) 'example_params_ui_tutorial' retrieved from /home/najma/airflow-venv/lib/python3.12/site-packages/airflow/example_dags/example_params_ui_tutorial.py
[2026-05-08T17:46:49.207+0100] {logging_mixin.py:188} INFO - [2026-05-08T17:46:49.206+0100] {dag.py:3096} INFO - Sync 1 DAGs
[2026-05-08T17:46:49.230+0100] {logging_mixin.py:188} INFO - [2026-05-08T17:46:49.229+0100] {dag.py:3954} INFO - Setting next_dagrun for example_params_ui_tutorial to None, run_after=None
[2026-05-08T17:46:49.367+0100] {processor.py:183} INFO - Processing /home/najma/airflow-venv/lib/python3.12/site-packages/airflow/example_dags/example_params_ui_tutorial.py took 0.253 seconds
[2026-05-08T17:48:08.127+0100] {processor.py:161} INFO - Started process (PID=10386) to work on /home/najma/airflow-venv/lib/python3.12/site-packages/airflow/example_dags/example_params_ui_tutorial.py
[2026-05-08T17:48:08.129+0100] {processor.py:830} INFO - Processing file /home/najma/airflow-venv/lib/python3.12/site-packages/airflow/example_dags/example_params_ui_tutorial.py for tasks to queue
[2026-05-08T17:48:08.131+0100] {logging_mixin.py:188} INFO - [2026-05-08T17:48:08.131+0100] {dagbag.py:540} INFO - Filling up the DagBag from /home/najma/airflow-venv/lib/python3.12/site-packages/airflow/example_dags/example_params_ui_tutorial.py
[2026-05-08T17:48:08.143+0100] {processor.py:840} INFO - DAG(s) 'example_params_ui_tutorial' retrieved from /home/najma/airflow-venv/lib/python3.12/site-packages/airflow/example_dags/example_params_ui_tutorial.py
[2026-05-08T17:48:08.199+0100] {logging_mixin.py:188} INFO - [2026-05-08T17:48:08.199+0100] {dag.py:3096} INFO - Sync 1 DAGs
[2026-05-08T17:48:08.216+0100] {logging_mixin.py:188} INFO - [2026-05-08T17:48:08.216+0100] {dag.py:3954} INFO - Setting next_dagrun for example_params_ui_tutorial to None, run_after=None
[2026-05-08T17:48:08.298+0100] {processor.py:183} INFO - Processing /home/najma/airflow-venv/lib/python3.12/site-packages/airflow/example_dags/example_params_ui_tutorial.py took 0.177 seconds
[2026-05-08T17:49:16.453+0100] {processor.py:161} INFO - Started process (PID=10445) to work on /home/najma/airflow-venv/lib/python3.12/site-packages/airflow/example_dags/example_params_ui_tutorial.py
[2026-05-08T17:49:16.454+0100] {processor.py:830} INFO - Processing file /home/najma/airflow-venv/lib/python3.12/site-packages/airflow/example_dags/example_params_ui_tutorial.py for tasks to queue
[2026-05-08T17:49:16.456+0100] {logging_mixin.py:188} INFO - [2026-05-08T17:49:16.456+0100] {dagbag.py:540} INFO - Filling up the DagBag from /home/najma/airflow-venv/lib/python3.12/site-packages/airflow/example_dags/example_params_ui_tutorial.py
[2026-05-08T17:49:16.464+0100] {processor.py:840} INFO - DAG(s) 'example_params_ui_tutorial' retrieved from /home/najma/airflow-venv/lib/python3.12/site-packages/airflow/example_dags/example_params_ui_tutorial.py
[2026-05-08T17:49:16.512+0100] {logging_mixin.py:188} INFO - [2026-05-08T17:49:16.512+0100] {dag.py:3096} INFO - Sync 1 DAGs
[2026-05-08T17:49:16.527+0100] {logging_mixin.py:188} INFO - [2026-05-08T17:49:16.526+0100] {dag.py:3954} INFO - Setting next_dagrun for example_params_ui_tutorial to None, run_after=None
[2026-05-08T17:49:16.628+0100] {processor.py:183} INFO - Processing /home/najma/airflow-venv/lib/python3.12/site-packages/airflow/example_dags/example_params_ui_tutorial.py took 0.180 seconds
[2026-05-08T17:50:30.078+0100] {processor.py:161} INFO - Started process (PID=10506) to work on /home/najma/airflow-venv/lib/python3.12/site-packages/airflow/example_dags/example_params_ui_tutorial.py
[2026-05-08T17:50:30.079+0100] {processor.py:830} INFO - Processing file /home/najma/airflow-venv/lib/python3.12/site-packages/airflow/example_dags/example_params_ui_tutorial.py for tasks to queue
[2026-05-08T17:50:30.081+0100] {logging_mixin.py:188} INFO - [2026-05-08T17:50:30.080+0100] {dagbag.py:540} INFO - Filling up the DagBag from /home/najma/airflow-venv/lib/python3.12/site-packages/airflow/example_dags/example_params_ui_tutorial.py
[2026-05-08T17:50:30.095+0100] {processor.py:840} INFO - DAG(s) 'example_params_ui_tutorial' retrieved from /home/najma/airflow-venv/lib/python3.12/site-packages/airflow/example_dags/example_params_ui_tutorial.py
[2026-05-08T17:50:30.142+0100] {logging_mixin.py:188} INFO - [2026-05-08T17:50:30.142+0100] {dag.py:3096} INFO - Sync 1 DAGs
[2026-05-08T17:50:30.156+0100] {logging_mixin.py:188} INFO - [2026-05-08T17:50:30.156+0100] {dag.py:3954} INFO - Setting next_dagrun for example_params_ui_tutorial to None, run_after=None
[2026-05-08T17:50:30.241+0100] {processor.py:183} INFO - Processing /home/najma/airflow-venv/lib/python3.12/site-packages/airflow/example_dags/example_params_ui_tutorial.py took 0.167 seconds
[2026-05-08T17:51:41.769+0100] {processor.py:161} INFO - Started process (PID=10566) to work on /home/najma/airflow-venv/lib/python3.12/site-packages/airflow/example_dags/example_params_ui_tutorial.py
[2026-05-08T17:51:41.770+0100] {processor.py:830} INFO - Processing file /home/najma/airflow-venv/lib/python3.12/site-packages/airflow/example_dags/example_params_ui_tutorial.py for tasks to queue
[2026-05-08T17:51:41.772+0100] {logging_mixin.py:188} INFO - [2026-05-08T17:51:41.771+0100] {dagbag.py:540} INFO - Filling up the DagBag from /home/najma/airflow-venv/lib/python3.12/site-packages/airflow/example_dags/example_params_ui_tutorial.py
[2026-05-08T17:51:41.783+0100] {processor.py:840} INFO - DAG(s) 'example_params_ui_tutorial' retrieved from /home/najma/airflow-venv/lib/python3.12/site-packages/airflow/example_dags/example_params_ui_tutorial.py
[2026-05-08T17:51:41.837+0100] {logging_mixin.py:188} INFO - [2026-05-08T17:51:41.837+0100] {dag.py:3096} INFO - Sync 1 DAGs
[2026-05-08T17:51:41.853+0100] {logging_mixin.py:188} INFO - [2026-05-08T17:51:41.852+0100] {dag.py:3954} INFO - Setting next_dagrun for example_params_ui_tutorial to None, run_after=None
[2026-05-08T17:51:41.955+0100] {processor.py:183} INFO - Processing /home/najma/airflow-venv/lib/python3.12/site-packages/airflow/example_dags/example_params_ui_tutorial.py took 0.191 seconds
[2026-05-08T17:53:03.920+0100] {processor.py:161} INFO - Started process (PID=10656) to work on /home/najma/airflow-venv/lib/python3.12/site-packages/airflow/example_dags/example_params_ui_tutorial.py
[2026-05-08T17:53:03.940+0100] {processor.py:830} INFO - Processing file /home/najma/airflow-venv/lib/python3.12/site-packages/airflow/example_dags/example_params_ui_tutorial.py for tasks to queue
[2026-05-08T17:53:03.942+0100] {logging_mixin.py:188} INFO - [2026-05-08T17:53:03.942+0100] {dagbag.py:540} INFO - Filling up the DagBag from /home/najma/airflow-venv/lib/python3.12/site-packages/airflow/example_dags/example_params_ui_tutorial.py
[2026-05-08T17:53:03.951+0100] {processor.py:840} INFO - DAG(s) 'example_params_ui_tutorial' retrieved from /home/najma/airflow-venv/lib/python3.12/site-packages/airflow/example_dags/example_params_ui_tutorial.py
[2026-05-08T17:53:04.004+0100] {logging_mixin.py:188} INFO - [2026-05-08T17:53:04.004+0100] {dag.py:3096} INFO - Sync 1 DAGs
[2026-05-08T17:53:04.018+0100] {logging_mixin.py:188} INFO - [2026-05-08T17:53:04.018+0100] {dag.py:3954} INFO - Setting next_dagrun for example_params_ui_tutorial to None, run_after=None
[2026-05-08T17:53:04.112+0100] {processor.py:183} INFO - Processing /home/najma/airflow-venv/lib/python3.12/site-packages/airflow/example_dags/example_params_ui_tutorial.py took 0.196 seconds
[2026-05-08T17:54:12.201+0100] {processor.py:161} INFO - Started process (PID=10717) to work on /home/najma/airflow-venv/lib/python3.12/site-packages/airflow/example_dags/example_params_ui_tutorial.py
[2026-05-08T17:54:12.202+0100] {processor.py:830} INFO - Processing file /home/najma/airflow-venv/lib/python3.12/site-packages/airflow/example_dags/example_params_ui_tutorial.py for tasks to queue
[2026-05-08T17:54:12.204+0100] {logging_mixin.py:188} INFO - [2026-05-08T17:54:12.203+0100] {dagbag.py:540} INFO - Filling up the DagBag from /home/najma/airflow-venv/lib/python3.12/site-packages/airflow/example_dags/example_params_ui_tutorial.py
[2026-05-08T17:54:12.213+0100] {processor.py:840} INFO - DAG(s) 'example_params_ui_tutorial' retrieved from /home/najma/airflow-venv/lib/python3.12/site-packages/airflow/example_dags/example_params_ui_tutorial.py
[2026-05-08T17:54:12.265+0100] {logging_mixin.py:188} INFO - [2026-05-08T17:54:12.265+0100] {dag.py:3096} INFO - Sync 1 DAGs
[2026-05-08T17:54:12.278+0100] {logging_mixin.py:188} INFO - [2026-05-08T17:54:12.278+0100] {dag.py:3954} INFO - Setting next_dagrun for example_params_ui_tutorial to None, run_after=None
[2026-05-08T17:54:12.351+0100] {processor.py:183} INFO - Processing /home/najma/airflow-venv/lib/python3.12/site-packages/airflow/example_dags/example_params_ui_tutorial.py took 0.155 seconds
[2026-05-08T17:55:19.714+0100] {processor.py:161} INFO - Started process (PID=10787) to work on /home/najma/airflow-venv/lib/python3.12/site-packages/airflow/example_dags/example_params_ui_tutorial.py
[2026-05-08T17:55:19.715+0100] {processor.py:830} INFO - Processing file /home/najma/airflow-venv/lib/python3.12/site-packages/airflow/example_dags/example_params_ui_tutorial.py for tasks to queue
[2026-05-08T17:55:19.716+0100] {logging_mixin.py:188} INFO - [2026-05-08T17:55:19.716+0100] {dagbag.py:540} INFO - Filling up the DagBag from /home/najma/airflow-venv/lib/python3.12/site-packages/airflow/example_dags/example_params_ui_tutorial.py
[2026-05-08T17:55:19.725+0100] {processor.py:840} INFO - DAG(s) 'example_params_ui_tutorial' retrieved from /home/najma/airflow-venv/lib/python3.12/site-packages/airflow/example_dags/example_params_ui_tutorial.py
[2026-05-08T17:55:19.771+0100] {logging_mixin.py:188} INFO - [2026-05-08T17:55:19.771+0100] {dag.py:3096} INFO - Sync 1 DAGs
[2026-05-08T17:55:19.784+0100] {logging_mixin.py:188} INFO - [2026-05-08T17:55:19.783+0100] {dag.py:3954} INFO - Setting next_dagrun for example_params_ui_tutorial to None, run_after=None
[2026-05-08T17:55:19.890+0100] {processor.py:183} INFO - Processing /home/najma/airflow-venv/lib/python3.12/site-packages/airflow/example_dags/example_params_ui_tutorial.py took 0.181 seconds
[2026-05-08T17:56:26.682+0100] {processor.py:161} INFO - Started process (PID=10846) to work on /home/najma/airflow-venv/lib/python3.12/site-packages/airflow/example_dags/example_params_ui_tutorial.py
[2026-05-08T17:56:26.683+0100] {processor.py:830} INFO - Processing file /home/najma/airflow-venv/lib/python3.12/site-packages/airflow/example_dags/example_params_ui_tutorial.py for tasks to queue
[2026-05-08T17:56:26.685+0100] {logging_mixin.py:188} INFO - [2026-05-08T17:56:26.685+0100] {dagbag.py:540} INFO - Filling up the DagBag from /home/najma/airflow-venv/lib/python3.12/site-packages/airflow/example_dags/example_params_ui_tutorial.py
[2026-05-08T17:56:26.693+0100] {processor.py:840} INFO - DAG(s) 'example_params_ui_tutorial' retrieved from /home/najma/airflow-venv/lib/python3.12/site-packages/airflow/example_dags/example_params_ui_tutorial.py
[2026-05-08T17:56:26.738+0100] {logging_mixin.py:188} INFO - [2026-05-08T17:56:26.738+0100] {dag.py:3096} INFO - Sync 1 DAGs
[2026-05-08T17:56:26.752+0100] {logging_mixin.py:188} INFO - [2026-05-08T17:56:26.752+0100] {dag.py:3954} INFO - Setting next_dagrun for example_params_ui_tutorial to None, run_after=None
[2026-05-08T17:56:26.851+0100] {processor.py:183} INFO - Processing /home/najma/airflow-venv/lib/python3.12/site-packages/airflow/example_dags/example_params_ui_tutorial.py took 0.172 seconds
[2026-05-08T17:57:42.412+0100] {processor.py:161} INFO - Started process (PID=10907) to work on /home/najma/airflow-venv/lib/python3.12/site-packages/airflow/example_dags/example_params_ui_tutorial.py
[2026-05-08T17:57:42.413+0100] {processor.py:830} INFO - Processing file /home/najma/airflow-venv/lib/python3.12/site-packages/airflow/example_dags/example_params_ui_tutorial.py for tasks to queue
[2026-05-08T17:57:42.415+0100] {logging_mixin.py:188} INFO - [2026-05-08T17:57:42.414+0100] {dagbag.py:540} INFO - Filling up the DagBag from /home/najma/airflow-venv/lib/python3.12/site-packages/airflow/example_dags/example_params_ui_tutorial.py
[2026-05-08T17:57:42.427+0100] {processor.py:840} INFO - DAG(s) 'example_params_ui_tutorial' retrieved from /home/najma/airflow-venv/lib/python3.12/site-packages/airflow/example_dags/example_params_ui_tutorial.py
[2026-05-08T17:57:42.474+0100] {logging_mixin.py:188} INFO - [2026-05-08T17:57:42.474+0100] {dag.py:3096} INFO - Sync 1 DAGs
[2026-05-08T17:57:42.487+0100] {logging_mixin.py:188} INFO - [2026-05-08T17:57:42.487+0100] {dag.py:3954} INFO - Setting next_dagrun for example_params_ui_tutorial to None, run_after=None
[2026-05-08T17:57:42.572+0100] {processor.py:183} INFO - Processing /home/najma/airflow-venv/lib/python3.12/site-packages/airflow/example_dags/example_params_ui_tutorial.py took 0.164 seconds
[2026-05-08T17:58:51.296+0100] {processor.py:161} INFO - Started process (PID=10970) to work on /home/najma/airflow-venv/lib/python3.12/site-packages/airflow/example_dags/example_params_ui_tutorial.py
[2026-05-08T17:58:51.297+0100] {processor.py:830} INFO - Processing file /home/najma/airflow-venv/lib/python3.12/site-packages/airflow/example_dags/example_params_ui_tutorial.py for tasks to queue
[2026-05-08T17:58:51.299+0100] {logging_mixin.py:188} INFO - [2026-05-08T17:58:51.298+0100] {dagbag.py:540} INFO - Filling up the DagBag from /home/najma/airflow-venv/lib/python3.12/site-packages/airflow/example_dags/example_params_ui_tutorial.py
[2026-05-08T17:58:51.308+0100] {processor.py:840} INFO - DAG(s) 'example_params_ui_tutorial' retrieved from /home/najma/airflow-venv/lib/python3.12/site-packages/airflow/example_dags/example_params_ui_tutorial.py
[2026-05-08T17:58:51.356+0100] {logging_mixin.py:188} INFO - [2026-05-08T17:58:51.355+0100] {dag.py:3096} INFO - Sync 1 DAGs
[2026-05-08T17:58:51.368+0100] {logging_mixin.py:188} INFO - [2026-05-08T17:58:51.368+0100] {dag.py:3954} INFO - Setting next_dagrun for example_params_ui_tutorial to None, run_after=None
[2026-05-08T17:58:51.464+0100] {processor.py:183} INFO - Processing /home/najma/airflow-venv/lib/python3.12/site-packages/airflow/example_dags/example_params_ui_tutorial.py took 0.172 seconds
[2026-05-08T17:59:58.733+0100] {processor.py:161} INFO - Started process (PID=11028) to work on /home/najma/airflow-venv/lib/python3.12/site-packages/airflow/example_dags/example_params_ui_tutorial.py
[2026-05-08T17:59:58.734+0100] {processor.py:830} INFO - Processing file /home/najma/airflow-venv/lib/python3.12/site-packages/airflow/example_dags/example_params_ui_tutorial.py for tasks to queue
[2026-05-08T17:59:58.736+0100] {logging_mixin.py:188} INFO - [2026-05-08T17:59:58.736+0100] {dagbag.py:540} INFO - Filling up the DagBag from /home/najma/airflow-venv/lib/python3.12/site-packages/airflow/example_dags/example_params_ui_tutorial.py
[2026-05-08T17:59:58.745+0100] {processor.py:840} INFO - DAG(s) 'example_params_ui_tutorial' retrieved from /home/najma/airflow-venv/lib/python3.12/site-packages/airflow/example_dags/example_params_ui_tutorial.py
[2026-05-08T17:59:58.790+0100] {logging_mixin.py:188} INFO - [2026-05-08T17:59:58.790+0100] {dag.py:3096} INFO - Sync 1 DAGs
[2026-05-08T17:59:58.804+0100] {logging_mixin.py:188} INFO - [2026-05-08T17:59:58.804+0100] {dag.py:3954} INFO - Setting next_dagrun for example_params_ui_tutorial to None, run_after=None
[2026-05-08T17:59:58.887+0100] {processor.py:183} INFO - Processing /home/najma/airflow-venv/lib/python3.12/site-packages/airflow/example_dags/example_params_ui_tutorial.py took 0.158 seconds
[2026-05-08T18:01:07.287+0100] {processor.py:161} INFO - Started process (PID=11089) to work on /home/najma/airflow-venv/lib/python3.12/site-packages/airflow/example_dags/example_params_ui_tutorial.py
[2026-05-08T18:01:07.288+0100] {processor.py:830} INFO - Processing file /home/najma/airflow-venv/lib/python3.12/site-packages/airflow/example_dags/example_params_ui_tutorial.py for tasks to queue
[2026-05-08T18:01:07.290+0100] {logging_mixin.py:188} INFO - [2026-05-08T18:01:07.289+0100] {dagbag.py:540} INFO - Filling up the DagBag from /home/najma/airflow-venv/lib/python3.12/site-packages/airflow/example_dags/example_params_ui_tutorial.py
[2026-05-08T18:01:07.299+0100] {processor.py:840} INFO - DAG(s) 'example_params_ui_tutorial' retrieved from /home/najma/airflow-venv/lib/python3.12/site-packages/airflow/example_dags/example_params_ui_tutorial.py
[2026-05-08T18:01:07.344+0100] {logging_mixin.py:188} INFO - [2026-05-08T18:01:07.343+0100] {dag.py:3096} INFO - Sync 1 DAGs
[2026-05-08T18:01:07.356+0100] {logging_mixin.py:188} INFO - [2026-05-08T18:01:07.356+0100] {dag.py:3954} INFO - Setting next_dagrun for example_params_ui_tutorial to None, run_after=None
[2026-05-08T18:01:07.449+0100] {processor.py:183} INFO - Processing /home/najma/airflow-venv/lib/python3.12/site-packages/airflow/example_dags/example_params_ui_tutorial.py took 0.166 seconds
[2026-05-08T18:02:12.129+0100] {processor.py:161} INFO - Started process (PID=11148) to work on /home/najma/airflow-venv/lib/python3.12/site-packages/airflow/example_dags/example_params_ui_tutorial.py
[2026-05-08T18:02:12.131+0100] {processor.py:830} INFO - Processing file /home/najma/airflow-venv/lib/python3.12/site-packages/airflow/example_dags/example_params_ui_tutorial.py for tasks to queue
[2026-05-08T18:02:12.132+0100] {logging_mixin.py:188} INFO - [2026-05-08T18:02:12.132+0100] {dagbag.py:540} INFO - Filling up the DagBag from /home/najma/airflow-venv/lib/python3.12/site-packages/airflow/example_dags/example_params_ui_tutorial.py
[2026-05-08T18:02:12.141+0100] {processor.py:840} INFO - DAG(s) 'example_params_ui_tutorial' retrieved from /home/najma/airflow-venv/lib/python3.12/site-packages/airflow/example_dags/example_params_ui_tutorial.py
[2026-05-08T18:02:12.187+0100] {logging_mixin.py:188} INFO - [2026-05-08T18:02:12.187+0100] {dag.py:3096} INFO - Sync 1 DAGs
[2026-05-08T18:02:12.206+0100] {logging_mixin.py:188} INFO - [2026-05-08T18:02:12.206+0100] {dag.py:3954} INFO - Setting next_dagrun for example_params_ui_tutorial to None, run_after=None
[2026-05-08T18:02:12.283+0100] {processor.py:183} INFO - Processing /home/najma/airflow-venv/lib/python3.12/site-packages/airflow/example_dags/example_params_ui_tutorial.py took 0.158 seconds
[2026-05-08T18:03:15.901+0100] {processor.py:161} INFO - Started process (PID=11204) to work on /home/najma/airflow-venv/lib/python3.12/site-packages/airflow/example_dags/example_params_ui_tutorial.py
[2026-05-08T18:03:15.903+0100] {processor.py:830} INFO - Processing file /home/najma/airflow-venv/lib/python3.12/site-packages/airflow/example_dags/example_params_ui_tutorial.py for tasks to queue
[2026-05-08T18:03:15.904+0100] {logging_mixin.py:188} INFO - [2026-05-08T18:03:15.904+0100] {dagbag.py:540} INFO - Filling up the DagBag from /home/najma/airflow-venv/lib/python3.12/site-packages/airflow/example_dags/example_params_ui_tutorial.py
[2026-05-08T18:03:15.913+0100] {processor.py:840} INFO - DAG(s) 'example_params_ui_tutorial' retrieved from /home/najma/airflow-venv/lib/python3.12/site-packages/airflow/example_dags/example_params_ui_tutorial.py
[2026-05-08T18:03:15.957+0100] {logging_mixin.py:188} INFO - [2026-05-08T18:03:15.957+0100] {dag.py:3096} INFO - Sync 1 DAGs
[2026-05-08T18:03:15.971+0100] {logging_mixin.py:188} INFO - [2026-05-08T18:03:15.970+0100] {dag.py:3954} INFO - Setting next_dagrun for example_params_ui_tutorial to None, run_after=None
[2026-05-08T18:03:16.144+0100] {processor.py:183} INFO - Processing /home/najma/airflow-venv/lib/python3.12/site-packages/airflow/example_dags/example_params_ui_tutorial.py took 0.246 seconds
[2026-05-08T18:04:25.197+0100] {processor.py:161} INFO - Started process (PID=11264) to work on /home/najma/airflow-venv/lib/python3.12/site-packages/airflow/example_dags/example_params_ui_tutorial.py
[2026-05-08T18:04:25.198+0100] {processor.py:830} INFO - Processing file /home/najma/airflow-venv/lib/python3.12/site-packages/airflow/example_dags/example_params_ui_tutorial.py for tasks to queue
[2026-05-08T18:04:25.199+0100] {logging_mixin.py:188} INFO - [2026-05-08T18:04:25.199+0100] {dagbag.py:540} INFO - Filling up the DagBag from /home/najma/airflow-venv/lib/python3.12/site-packages/airflow/example_dags/example_params_ui_tutorial.py
[2026-05-08T18:04:25.208+0100] {processor.py:840} INFO - DAG(s) 'example_params_ui_tutorial' retrieved from /home/najma/airflow-venv/lib/python3.12/site-packages/airflow/example_dags/example_params_ui_tutorial.py
[2026-05-08T18:04:25.254+0100] {logging_mixin.py:188} INFO - [2026-05-08T18:04:25.254+0100] {dag.py:3096} INFO - Sync 1 DAGs
[2026-05-08T18:04:25.378+0100] {logging_mixin.py:188} INFO - [2026-05-08T18:04:25.377+0100] {dag.py:3954} INFO - Setting next_dagrun for example_params_ui_tutorial to None, run_after=None
[2026-05-08T18:04:25.468+0100] {processor.py:183} INFO - Processing /home/najma/airflow-venv/lib/python3.12/site-packages/airflow/example_dags/example_params_ui_tutorial.py took 0.276 seconds
[2026-05-08T18:05:33.722+0100] {processor.py:161} INFO - Started process (PID=11322) to work on /home/najma/airflow-venv/lib/python3.12/site-packages/airflow/example_dags/example_params_ui_tutorial.py
[2026-05-08T18:05:33.724+0100] {processor.py:830} INFO - Processing file /home/najma/airflow-venv/lib/python3.12/site-packages/airflow/example_dags/example_params_ui_tutorial.py for tasks to queue
[2026-05-08T18:05:33.725+0100] {logging_mixin.py:188} INFO - [2026-05-08T18:05:33.725+0100] {dagbag.py:540} INFO - Filling up the DagBag from /home/najma/airflow-venv/lib/python3.12/site-packages/airflow/example_dags/example_params_ui_tutorial.py
[2026-05-08T18:05:33.734+0100] {processor.py:840} INFO - DAG(s) 'example_params_ui_tutorial' retrieved from /home/najma/airflow-venv/lib/python3.12/site-packages/airflow/example_dags/example_params_ui_tutorial.py
[2026-05-08T18:05:33.859+0100] {logging_mixin.py:188} INFO - [2026-05-08T18:05:33.858+0100] {dag.py:3096} INFO - Sync 1 DAGs
[2026-05-08T18:05:33.871+0100] {logging_mixin.py:188} INFO - [2026-05-08T18:05:33.871+0100] {dag.py:3954} INFO - Setting next_dagrun for example_params_ui_tutorial to None, run_after=None
[2026-05-08T18:05:33.958+0100] {processor.py:183} INFO - Processing /home/najma/airflow-venv/lib/python3.12/site-packages/airflow/example_dags/example_params_ui_tutorial.py took 0.239 seconds
[2026-05-08T18:06:38.397+0100] {processor.py:161} INFO - Started process (PID=11381) to work on /home/najma/airflow-venv/lib/python3.12/site-packages/airflow/example_dags/example_params_ui_tutorial.py
[2026-05-08T18:06:38.399+0100] {processor.py:830} INFO - Processing file /home/najma/airflow-venv/lib/python3.12/site-packages/airflow/example_dags/example_params_ui_tutorial.py for tasks to queue
[2026-05-08T18:06:38.400+0100] {logging_mixin.py:188} INFO - [2026-05-08T18:06:38.400+0100] {dagbag.py:540} INFO - Filling up the DagBag from /home/najma/airflow-venv/lib/python3.12/site-packages/airflow/example_dags/example_params_ui_tutorial.py
[2026-05-08T18:06:38.408+0100] {processor.py:840} INFO - DAG(s) 'example_params_ui_tutorial' retrieved from /home/najma/airflow-venv/lib/python3.12/site-packages/airflow/example_dags/example_params_ui_tutorial.py
[2026-05-08T18:06:38.534+0100] {logging_mixin.py:188} INFO - [2026-05-08T18:06:38.533+0100] {dag.py:3096} INFO - Sync 1 DAGs
[2026-05-08T18:06:38.546+0100] {logging_mixin.py:188} INFO - [2026-05-08T18:06:38.545+0100] {dag.py:3954} INFO - Setting next_dagrun for example_params_ui_tutorial to None, run_after=None
[2026-05-08T18:06:38.637+0100] {processor.py:183} INFO - Processing /home/najma/airflow-venv/lib/python3.12/site-packages/airflow/example_dags/example_params_ui_tutorial.py took 0.243 seconds
[2026-05-08T18:07:40.606+0100] {processor.py:161} INFO - Started process (PID=11437) to work on /home/najma/airflow-venv/lib/python3.12/site-packages/airflow/example_dags/example_params_ui_tutorial.py
[2026-05-08T18:07:40.608+0100] {processor.py:830} INFO - Processing file /home/najma/airflow-venv/lib/python3.12/site-packages/airflow/example_dags/example_params_ui_tutorial.py for tasks to queue
[2026-05-08T18:07:40.610+0100] {logging_mixin.py:188} INFO - [2026-05-08T18:07:40.609+0100] {dagbag.py:540} INFO - Filling up the DagBag from /home/najma/airflow-venv/lib/python3.12/site-packages/airflow/example_dags/example_params_ui_tutorial.py
[2026-05-08T18:07:40.618+0100] {processor.py:840} INFO - DAG(s) 'example_params_ui_tutorial' retrieved from /home/najma/airflow-venv/lib/python3.12/site-packages/airflow/example_dags/example_params_ui_tutorial.py
[2026-05-08T18:07:40.665+0100] {logging_mixin.py:188} INFO - [2026-05-08T18:07:40.665+0100] {dag.py:3096} INFO - Sync 1 DAGs
[2026-05-08T18:07:40.680+0100] {logging_mixin.py:188} INFO - [2026-05-08T18:07:40.680+0100] {dag.py:3954} INFO - Setting next_dagrun for example_params_ui_tutorial to None, run_after=None
[2026-05-08T18:07:40.768+0100] {processor.py:183} INFO - Processing /home/najma/airflow-venv/lib/python3.12/site-packages/airflow/example_dags/example_params_ui_tutorial.py took 0.165 seconds
[2026-05-08T18:08:44.290+0100] {processor.py:161} INFO - Started process (PID=11495) to work on /home/najma/airflow-venv/lib/python3.12/site-packages/airflow/example_dags/example_params_ui_tutorial.py
[2026-05-08T18:08:44.292+0100] {processor.py:830} INFO - Processing file /home/najma/airflow-venv/lib/python3.12/site-packages/airflow/example_dags/example_params_ui_tutorial.py for tasks to queue
[2026-05-08T18:08:44.293+0100] {logging_mixin.py:188} INFO - [2026-05-08T18:08:44.293+0100] {dagbag.py:540} INFO - Filling up the DagBag from /home/najma/airflow-venv/lib/python3.12/site-packages/airflow/example_dags/example_params_ui_tutorial.py
[2026-05-08T18:08:44.302+0100] {processor.py:840} INFO - DAG(s) 'example_params_ui_tutorial' retrieved from /home/najma/airflow-venv/lib/python3.12/site-packages/airflow/example_dags/example_params_ui_tutorial.py
[2026-05-08T18:08:44.350+0100] {logging_mixin.py:188} INFO - [2026-05-08T18:08:44.350+0100] {dag.py:3096} INFO - Sync 1 DAGs
[2026-05-08T18:08:44.364+0100] {logging_mixin.py:188} INFO - [2026-05-08T18:08:44.363+0100] {dag.py:3954} INFO - Setting next_dagrun for example_params_ui_tutorial to None, run_after=None
[2026-05-08T18:08:44.466+0100] {processor.py:183} INFO - Processing /home/najma/airflow-venv/lib/python3.12/site-packages/airflow/example_dags/example_params_ui_tutorial.py took 0.180 seconds
[2026-05-08T18:09:49.512+0100] {processor.py:161} INFO - Started process (PID=11555) to work on /home/najma/airflow-venv/lib/python3.12/site-packages/airflow/example_dags/example_params_ui_tutorial.py
[2026-05-08T18:09:49.513+0100] {processor.py:830} INFO - Processing file /home/najma/airflow-venv/lib/python3.12/site-packages/airflow/example_dags/example_params_ui_tutorial.py for tasks to queue
[2026-05-08T18:09:49.516+0100] {logging_mixin.py:188} INFO - [2026-05-08T18:09:49.515+0100] {dagbag.py:540} INFO - Filling up the DagBag from /home/najma/airflow-venv/lib/python3.12/site-packages/airflow/example_dags/example_params_ui_tutorial.py
[2026-05-08T18:09:49.527+0100] {processor.py:840} INFO - DAG(s) 'example_params_ui_tutorial' retrieved from /home/najma/airflow-venv/lib/python3.12/site-packages/airflow/example_dags/example_params_ui_tutorial.py
[2026-05-08T18:09:49.591+0100] {logging_mixin.py:188} INFO - [2026-05-08T18:09:49.591+0100] {dag.py:3096} INFO - Sync 1 DAGs
[2026-05-08T18:09:49.604+0100] {logging_mixin.py:188} INFO - [2026-05-08T18:09:49.603+0100] {dag.py:3954} INFO - Setting next_dagrun for example_params_ui_tutorial to None, run_after=None
[2026-05-08T18:09:49.683+0100] {processor.py:183} INFO - Processing /home/najma/airflow-venv/lib/python3.12/site-packages/airflow/example_dags/example_params_ui_tutorial.py took 0.176 seconds
[2026-05-08T18:10:50.184+0100] {processor.py:161} INFO - Started process (PID=11608) to work on /home/najma/airflow-venv/lib/python3.12/site-packages/airflow/example_dags/example_params_ui_tutorial.py
[2026-05-08T18:10:50.185+0100] {processor.py:830} INFO - Processing file /home/najma/airflow-venv/lib/python3.12/site-packages/airflow/example_dags/example_params_ui_tutorial.py for tasks to queue
[2026-05-08T18:10:50.187+0100] {logging_mixin.py:188} INFO - [2026-05-08T18:10:50.187+0100] {dagbag.py:540} INFO - Filling up the DagBag from /home/najma/airflow-venv/lib/python3.12/site-packages/airflow/example_dags/example_params_ui_tutorial.py
[2026-05-08T18:10:50.198+0100] {processor.py:840} INFO - DAG(s) 'example_params_ui_tutorial' retrieved from /home/najma/airflow-venv/lib/python3.12/site-packages/airflow/example_dags/example_params_ui_tutorial.py
[2026-05-08T18:10:50.243+0100] {logging_mixin.py:188} INFO - [2026-05-08T18:10:50.243+0100] {dag.py:3096} INFO - Sync 1 DAGs
[2026-05-08T18:10:50.256+0100] {logging_mixin.py:188} INFO - [2026-05-08T18:10:50.256+0100] {dag.py:3954} INFO - Setting next_dagrun for example_params_ui_tutorial to None, run_after=None
[2026-05-08T18:10:50.337+0100] {processor.py:183} INFO - Processing /home/najma/airflow-venv/lib/python3.12/site-packages/airflow/example_dags/example_params_ui_tutorial.py took 0.157 seconds
[2026-05-08T18:12:00.287+0100] {processor.py:161} INFO - Started process (PID=11664) to work on /home/najma/airflow-venv/lib/python3.12/site-packages/airflow/example_dags/example_params_ui_tutorial.py
[2026-05-08T18:12:00.289+0100] {processor.py:830} INFO - Processing file /home/najma/airflow-venv/lib/python3.12/site-packages/airflow/example_dags/example_params_ui_tutorial.py for tasks to queue
[2026-05-08T18:12:00.290+0100] {logging_mixin.py:188} INFO - [2026-05-08T18:12:00.290+0100] {dagbag.py:540} INFO - Filling up the DagBag from /home/najma/airflow-venv/lib/python3.12/site-packages/airflow/example_dags/example_params_ui_tutorial.py
[2026-05-08T18:12:00.299+0100] {processor.py:840} INFO - DAG(s) 'example_params_ui_tutorial' retrieved from /home/najma/airflow-venv/lib/python3.12/site-packages/airflow/example_dags/example_params_ui_tutorial.py
[2026-05-08T18:12:00.344+0100] {logging_mixin.py:188} INFO - [2026-05-08T18:12:00.344+0100] {dag.py:3096} INFO - Sync 1 DAGs
[2026-05-08T18:12:00.357+0100] {logging_mixin.py:188} INFO - [2026-05-08T18:12:00.357+0100] {dag.py:3954} INFO - Setting next_dagrun for example_params_ui_tutorial to None, run_after=None
[2026-05-08T18:12:00.455+0100] {processor.py:183} INFO - Processing /home/najma/airflow-venv/lib/python3.12/site-packages/airflow/example_dags/example_params_ui_tutorial.py took 0.172 seconds
[2026-05-08T18:13:22.645+0100] {processor.py:161} INFO - Started process (PID=11722) to work on /home/najma/airflow-venv/lib/python3.12/site-packages/airflow/example_dags/example_params_ui_tutorial.py
[2026-05-08T18:13:22.663+0100] {processor.py:830} INFO - Processing file /home/najma/airflow-venv/lib/python3.12/site-packages/airflow/example_dags/example_params_ui_tutorial.py for tasks to queue
[2026-05-08T18:13:22.665+0100] {logging_mixin.py:188} INFO - [2026-05-08T18:13:22.665+0100] {dagbag.py:540} INFO - Filling up the DagBag from /home/najma/airflow-venv/lib/python3.12/site-packages/airflow/example_dags/example_params_ui_tutorial.py
[2026-05-08T18:13:22.676+0100] {processor.py:840} INFO - DAG(s) 'example_params_ui_tutorial' retrieved from /home/najma/airflow-venv/lib/python3.12/site-packages/airflow/example_dags/example_params_ui_tutorial.py
[2026-05-08T18:13:22.725+0100] {logging_mixin.py:188} INFO - [2026-05-08T18:13:22.725+0100] {dag.py:3096} INFO - Sync 1 DAGs
[2026-05-08T18:13:22.740+0100] {logging_mixin.py:188} INFO - [2026-05-08T18:13:22.740+0100] {dag.py:3954} INFO - Setting next_dagrun for example_params_ui_tutorial to None, run_after=None
[2026-05-08T18:13:22.836+0100] {processor.py:183} INFO - Processing /home/najma/airflow-venv/lib/python3.12/site-packages/airflow/example_dags/example_params_ui_tutorial.py took 0.195 seconds
[2026-05-08T18:14:45.067+0100] {processor.py:161} INFO - Started process (PID=11801) to work on /home/najma/airflow-venv/lib/python3.12/site-packages/airflow/example_dags/example_params_ui_tutorial.py
[2026-05-08T18:14:45.068+0100] {processor.py:830} INFO - Processing file /home/najma/airflow-venv/lib/python3.12/site-packages/airflow/example_dags/example_params_ui_tutorial.py for tasks to queue
[2026-05-08T18:14:45.069+0100] {logging_mixin.py:188} INFO - [2026-05-08T18:14:45.069+0100] {dagbag.py:540} INFO - Filling up the DagBag from /home/najma/airflow-venv/lib/python3.12/site-packages/airflow/example_dags/example_params_ui_tutorial.py
[2026-05-08T18:14:45.080+0100] {processor.py:840} INFO - DAG(s) 'example_params_ui_tutorial' retrieved from /home/najma/airflow-venv/lib/python3.12/site-packages/airflow/example_dags/example_params_ui_tutorial.py
[2026-05-08T18:14:45.129+0100] {logging_mixin.py:188} INFO - [2026-05-08T18:14:45.129+0100] {dag.py:3096} INFO - Sync 1 DAGs
[2026-05-08T18:14:45.143+0100] {logging_mixin.py:188} INFO - [2026-05-08T18:14:45.142+0100] {dag.py:3954} INFO - Setting next_dagrun for example_params_ui_tutorial to None, run_after=None
[2026-05-08T18:14:45.251+0100] {processor.py:183} INFO - Processing /home/najma/airflow-venv/lib/python3.12/site-packages/airflow/example_dags/example_params_ui_tutorial.py took 0.189 seconds
[2026-05-08T18:16:00.430+0100] {processor.py:161} INFO - Started process (PID=11861) to work on /home/najma/airflow-venv/lib/python3.12/site-packages/airflow/example_dags/example_params_ui_tutorial.py
[2026-05-08T18:16:00.431+0100] {processor.py:830} INFO - Processing file /home/najma/airflow-venv/lib/python3.12/site-packages/airflow/example_dags/example_params_ui_tutorial.py for tasks to queue
[2026-05-08T18:16:00.433+0100] {logging_mixin.py:188} INFO - [2026-05-08T18:16:00.432+0100] {dagbag.py:540} INFO - Filling up the DagBag from /home/najma/airflow-venv/lib/python3.12/site-packages/airflow/example_dags/example_params_ui_tutorial.py
[2026-05-08T18:16:00.442+0100] {processor.py:840} INFO - DAG(s) 'example_params_ui_tutorial' retrieved from /home/najma/airflow-venv/lib/python3.12/site-packages/airflow/example_dags/example_params_ui_tutorial.py
[2026-05-08T18:16:00.489+0100] {logging_mixin.py:188} INFO - [2026-05-08T18:16:00.489+0100] {dag.py:3096} INFO - Sync 1 DAGs
[2026-05-08T18:16:00.518+0100] {logging_mixin.py:188} INFO - [2026-05-08T18:16:00.518+0100] {dag.py:3954} INFO - Setting next_dagrun for example_params_ui_tutorial to None, run_after=None
[2026-05-08T18:16:00.657+0100] {processor.py:183} INFO - Processing /home/najma/airflow-venv/lib/python3.12/site-packages/airflow/example_dags/example_params_ui_tutorial.py took 0.231 seconds
[2026-05-08T18:17:10.310+0100] {processor.py:161} INFO - Started process (PID=11921) to work on /home/najma/airflow-venv/lib/python3.12/site-packages/airflow/example_dags/example_params_ui_tutorial.py
[2026-05-08T18:17:10.311+0100] {processor.py:830} INFO - Processing file /home/najma/airflow-venv/lib/python3.12/site-packages/airflow/example_dags/example_params_ui_tutorial.py for tasks to queue
[2026-05-08T18:17:10.313+0100] {logging_mixin.py:188} INFO - [2026-05-08T18:17:10.312+0100] {dagbag.py:540} INFO - Filling up the DagBag from /home/najma/airflow-venv/lib/python3.12/site-packages/airflow/example_dags/example_params_ui_tutorial.py
[2026-05-08T18:17:10.324+0100] {processor.py:840} INFO - DAG(s) 'example_params_ui_tutorial' retrieved from /home/najma/airflow-venv/lib/python3.12/site-packages/airflow/example_dags/example_params_ui_tutorial.py
[2026-05-08T18:17:10.374+0100] {logging_mixin.py:188} INFO - [2026-05-08T18:17:10.374+0100] {dag.py:3096} INFO - Sync 1 DAGs
[2026-05-08T18:17:10.389+0100] {logging_mixin.py:188} INFO - [2026-05-08T18:17:10.389+0100] {dag.py:3954} INFO - Setting next_dagrun for example_params_ui_tutorial to None, run_after=None
[2026-05-08T18:17:10.482+0100] {processor.py:183} INFO - Processing /home/najma/airflow-venv/lib/python3.12/site-packages/airflow/example_dags/example_params_ui_tutorial.py took 0.177 seconds
[2026-05-08T18:18:22.981+0100] {processor.py:161} INFO - Started process (PID=11978) to work on /home/najma/airflow-venv/lib/python3.12/site-packages/airflow/example_dags/example_params_ui_tutorial.py
[2026-05-08T18:18:22.985+0100] {processor.py:830} INFO - Processing file /home/najma/airflow-venv/lib/python3.12/site-packages/airflow/example_dags/example_params_ui_tutorial.py for tasks to queue
[2026-05-08T18:18:22.987+0100] {logging_mixin.py:188} INFO - [2026-05-08T18:18:22.987+0100] {dagbag.py:540} INFO - Filling up the DagBag from /home/najma/airflow-venv/lib/python3.12/site-packages/airflow/example_dags/example_params_ui_tutorial.py
[2026-05-08T18:18:23.003+0100] {processor.py:840} INFO - DAG(s) 'example_params_ui_tutorial' retrieved from /home/najma/airflow-venv/lib/python3.12/site-packages/airflow/example_dags/example_params_ui_tutorial.py
[2026-05-08T18:18:23.112+0100] {logging_mixin.py:188} INFO - [2026-05-08T18:18:23.112+0100] {dag.py:3096} INFO - Sync 1 DAGs
[2026-05-08T18:18:23.136+0100] {logging_mixin.py:188} INFO - [2026-05-08T18:18:23.135+0100] {dag.py:3954} INFO - Setting next_dagrun for example_params_ui_tutorial to None, run_after=None
[2026-05-08T18:18:23.235+0100] {processor.py:183} INFO - Processing /home/najma/airflow-venv/lib/python3.12/site-packages/airflow/example_dags/example_params_ui_tutorial.py took 0.259 seconds
[2026-05-08T18:19:32.564+0100] {processor.py:161} INFO - Started process (PID=12035) to work on /home/najma/airflow-venv/lib/python3.12/site-packages/airflow/example_dags/example_params_ui_tutorial.py
[2026-05-08T18:19:32.566+0100] {processor.py:830} INFO - Processing file /home/najma/airflow-venv/lib/python3.12/site-packages/airflow/example_dags/example_params_ui_tutorial.py for tasks to queue
[2026-05-08T18:19:32.568+0100] {logging_mixin.py:188} INFO - [2026-05-08T18:19:32.567+0100] {dagbag.py:540} INFO - Filling up the DagBag from /home/najma/airflow-venv/lib/python3.12/site-packages/airflow/example_dags/example_params_ui_tutorial.py
[2026-05-08T18:19:32.578+0100] {processor.py:840} INFO - DAG(s) 'example_params_ui_tutorial' retrieved from /home/najma/airflow-venv/lib/python3.12/site-packages/airflow/example_dags/example_params_ui_tutorial.py
[2026-05-08T18:19:32.625+0100] {logging_mixin.py:188} INFO - [2026-05-08T18:19:32.625+0100] {dag.py:3096} INFO - Sync 1 DAGs
[2026-05-08T18:19:32.638+0100] {logging_mixin.py:188} INFO - [2026-05-08T18:19:32.637+0100] {dag.py:3954} INFO - Setting next_dagrun for example_params_ui_tutorial to None, run_after=None
[2026-05-08T18:19:32.728+0100] {processor.py:183} INFO - Processing /home/najma/airflow-venv/lib/python3.12/site-packages/airflow/example_dags/example_params_ui_tutorial.py took 0.168 seconds
[2026-05-08T18:20:39.639+0100] {processor.py:161} INFO - Started process (PID=12092) to work on /home/najma/airflow-venv/lib/python3.12/site-packages/airflow/example_dags/example_params_ui_tutorial.py
[2026-05-08T18:20:39.641+0100] {processor.py:830} INFO - Processing file /home/najma/airflow-venv/lib/python3.12/site-packages/airflow/example_dags/example_params_ui_tutorial.py for tasks to queue
[2026-05-08T18:20:39.643+0100] {logging_mixin.py:188} INFO - [2026-05-08T18:20:39.642+0100] {dagbag.py:540} INFO - Filling up the DagBag from /home/najma/airflow-venv/lib/python3.12/site-packages/airflow/example_dags/example_params_ui_tutorial.py
[2026-05-08T18:20:39.652+0100] {processor.py:840} INFO - DAG(s) 'example_params_ui_tutorial' retrieved from /home/najma/airflow-venv/lib/python3.12/site-packages/airflow/example_dags/example_params_ui_tutorial.py
[2026-05-08T18:20:39.698+0100] {logging_mixin.py:188} INFO - [2026-05-08T18:20:39.698+0100] {dag.py:3096} INFO - Sync 1 DAGs
[2026-05-08T18:20:39.711+0100] {logging_mixin.py:188} INFO - [2026-05-08T18:20:39.710+0100] {dag.py:3954} INFO - Setting next_dagrun for example_params_ui_tutorial to None, run_after=None
[2026-05-08T18:20:39.818+0100] {processor.py:183} INFO - Processing /home/najma/airflow-venv/lib/python3.12/site-packages/airflow/example_dags/example_params_ui_tutorial.py took 0.183 seconds
[2026-05-08T18:21:54.030+0100] {processor.py:161} INFO - Started process (PID=12150) to work on /home/najma/airflow-venv/lib/python3.12/site-packages/airflow/example_dags/example_params_ui_tutorial.py
[2026-05-08T18:21:54.031+0100] {processor.py:830} INFO - Processing file /home/najma/airflow-venv/lib/python3.12/site-packages/airflow/example_dags/example_params_ui_tutorial.py for tasks to queue
[2026-05-08T18:21:54.033+0100] {logging_mixin.py:188} INFO - [2026-05-08T18:21:54.033+0100] {dagbag.py:540} INFO - Filling up the DagBag from /home/najma/airflow-venv/lib/python3.12/site-packages/airflow/example_dags/example_params_ui_tutorial.py
[2026-05-08T18:21:54.043+0100] {processor.py:840} INFO - DAG(s) 'example_params_ui_tutorial' retrieved from /home/najma/airflow-venv/lib/python3.12/site-packages/airflow/example_dags/example_params_ui_tutorial.py
[2026-05-08T18:21:54.091+0100] {logging_mixin.py:188} INFO - [2026-05-08T18:21:54.091+0100] {dag.py:3096} INFO - Sync 1 DAGs
[2026-05-08T18:21:54.105+0100] {logging_mixin.py:188} INFO - [2026-05-08T18:21:54.104+0100] {dag.py:3954} INFO - Setting next_dagrun for example_params_ui_tutorial to None, run_after=None
[2026-05-08T18:21:54.196+0100] {processor.py:183} INFO - Processing /home/najma/airflow-venv/lib/python3.12/site-packages/airflow/example_dags/example_params_ui_tutorial.py took 0.170 seconds
[2026-05-08T18:23:04.216+0100] {processor.py:161} INFO - Started process (PID=12208) to work on /home/najma/airflow-venv/lib/python3.12/site-packages/airflow/example_dags/example_params_ui_tutorial.py
[2026-05-08T18:23:04.218+0100] {processor.py:830} INFO - Processing file /home/najma/airflow-venv/lib/python3.12/site-packages/airflow/example_dags/example_params_ui_tutorial.py for tasks to queue
[2026-05-08T18:23:04.220+0100] {logging_mixin.py:188} INFO - [2026-05-08T18:23:04.219+0100] {dagbag.py:540} INFO - Filling up the DagBag from /home/najma/airflow-venv/lib/python3.12/site-packages/airflow/example_dags/example_params_ui_tutorial.py
[2026-05-08T18:23:04.229+0100] {processor.py:840} INFO - DAG(s) 'example_params_ui_tutorial' retrieved from /home/najma/airflow-venv/lib/python3.12/site-packages/airflow/example_dags/example_params_ui_tutorial.py
[2026-05-08T18:23:04.279+0100] {logging_mixin.py:188} INFO - [2026-05-08T18:23:04.279+0100] {dag.py:3096} INFO - Sync 1 DAGs
[2026-05-08T18:23:04.294+0100] {logging_mixin.py:188} INFO - [2026-05-08T18:23:04.294+0100] {dag.py:3954} INFO - Setting next_dagrun for example_params_ui_tutorial to None, run_after=None
[2026-05-08T18:23:04.380+0100] {processor.py:183} INFO - Processing /home/najma/airflow-venv/lib/python3.12/site-packages/airflow/example_dags/example_params_ui_tutorial.py took 0.168 seconds
[2026-05-08T18:24:08.606+0100] {processor.py:161} INFO - Started process (PID=12262) to work on /home/najma/airflow-venv/lib/python3.12/site-packages/airflow/example_dags/example_params_ui_tutorial.py
[2026-05-08T18:24:08.607+0100] {processor.py:830} INFO - Processing file /home/najma/airflow-venv/lib/python3.12/site-packages/airflow/example_dags/example_params_ui_tutorial.py for tasks to queue
[2026-05-08T18:24:08.609+0100] {logging_mixin.py:188} INFO - [2026-05-08T18:24:08.608+0100] {dagbag.py:540} INFO - Filling up the DagBag from /home/najma/airflow-venv/lib/python3.12/site-packages/airflow/example_dags/example_params_ui_tutorial.py
[2026-05-08T18:24:08.618+0100] {processor.py:840} INFO - DAG(s) 'example_params_ui_tutorial' retrieved from /home/najma/airflow-venv/lib/python3.12/site-packages/airflow/example_dags/example_params_ui_tutorial.py
[2026-05-08T18:24:08.666+0100] {logging_mixin.py:188} INFO - [2026-05-08T18:24:08.665+0100] {dag.py:3096} INFO - Sync 1 DAGs
[2026-05-08T18:24:08.680+0100] {logging_mixin.py:188} INFO - [2026-05-08T18:24:08.679+0100] {dag.py:3954} INFO - Setting next_dagrun for example_params_ui_tutorial to None, run_after=None
[2026-05-08T18:24:08.792+0100] {processor.py:183} INFO - Processing /home/najma/airflow-venv/lib/python3.12/site-packages/airflow/example_dags/example_params_ui_tutorial.py took 0.189 seconds
[2026-05-08T18:25:22.266+0100] {processor.py:161} INFO - Started process (PID=12328) to work on /home/najma/airflow-venv/lib/python3.12/site-packages/airflow/example_dags/example_params_ui_tutorial.py
[2026-05-08T18:25:22.268+0100] {processor.py:830} INFO - Processing file /home/najma/airflow-venv/lib/python3.12/site-packages/airflow/example_dags/example_params_ui_tutorial.py for tasks to queue
[2026-05-08T18:25:22.270+0100] {logging_mixin.py:188} INFO - [2026-05-08T18:25:22.270+0100] {dagbag.py:540} INFO - Filling up the DagBag from /home/najma/airflow-venv/lib/python3.12/site-packages/airflow/example_dags/example_params_ui_tutorial.py
[2026-05-08T18:25:22.279+0100] {processor.py:840} INFO - DAG(s) 'example_params_ui_tutorial' retrieved from /home/najma/airflow-venv/lib/python3.12/site-packages/airflow/example_dags/example_params_ui_tutorial.py
[2026-05-08T18:25:22.332+0100] {logging_mixin.py:188} INFO - [2026-05-08T18:25:22.331+0100] {dag.py:3096} INFO - Sync 1 DAGs
[2026-05-08T18:25:22.345+0100] {logging_mixin.py:188} INFO - [2026-05-08T18:25:22.345+0100] {dag.py:3954} INFO - Setting next_dagrun for example_params_ui_tutorial to None, run_after=None
[2026-05-08T18:25:22.431+0100] {processor.py:183} INFO - Processing /home/najma/airflow-venv/lib/python3.12/site-packages/airflow/example_dags/example_params_ui_tutorial.py took 0.168 seconds
[2026-05-08T18:26:28.978+0100] {processor.py:161} INFO - Started process (PID=12393) to work on /home/najma/airflow-venv/lib/python3.12/site-packages/airflow/example_dags/example_params_ui_tutorial.py
[2026-05-08T18:26:28.979+0100] {processor.py:830} INFO - Processing file /home/najma/airflow-venv/lib/python3.12/site-packages/airflow/example_dags/example_params_ui_tutorial.py for tasks to queue
[2026-05-08T18:26:28.981+0100] {logging_mixin.py:188} INFO - [2026-05-08T18:26:28.980+0100] {dagbag.py:540} INFO - Filling up the DagBag from /home/najma/airflow-venv/lib/python3.12/site-packages/airflow/example_dags/example_params_ui_tutorial.py
[2026-05-08T18:26:28.990+0100] {processor.py:840} INFO - DAG(s) 'example_params_ui_tutorial' retrieved from /home/najma/airflow-venv/lib/python3.12/site-packages/airflow/example_dags/example_params_ui_tutorial.py
[2026-05-08T18:26:29.043+0100] {logging_mixin.py:188} INFO - [2026-05-08T18:26:29.043+0100] {dag.py:3096} INFO - Sync 1 DAGs
[2026-05-08T18:26:29.057+0100] {logging_mixin.py:188} INFO - [2026-05-08T18:26:29.057+0100] {dag.py:3954} INFO - Setting next_dagrun for example_params_ui_tutorial to None, run_after=None
[2026-05-08T18:26:29.154+0100] {processor.py:183} INFO - Processing /home/najma/airflow-venv/lib/python3.12/site-packages/airflow/example_dags/example_params_ui_tutorial.py took 0.180 seconds
[2026-05-08T18:27:55.554+0100] {processor.py:161} INFO - Started process (PID=12458) to work on /home/najma/airflow-venv/lib/python3.12/site-packages/airflow/example_dags/example_params_ui_tutorial.py
[2026-05-08T18:27:55.569+0100] {processor.py:830} INFO - Processing file /home/najma/airflow-venv/lib/python3.12/site-packages/airflow/example_dags/example_params_ui_tutorial.py for tasks to queue
[2026-05-08T18:27:55.571+0100] {logging_mixin.py:188} INFO - [2026-05-08T18:27:55.571+0100] {dagbag.py:540} INFO - Filling up the DagBag from /home/najma/airflow-venv/lib/python3.12/site-packages/airflow/example_dags/example_params_ui_tutorial.py
[2026-05-08T18:27:55.580+0100] {processor.py:840} INFO - DAG(s) 'example_params_ui_tutorial' retrieved from /home/najma/airflow-venv/lib/python3.12/site-packages/airflow/example_dags/example_params_ui_tutorial.py
[2026-05-08T18:27:55.636+0100] {logging_mixin.py:188} INFO - [2026-05-08T18:27:55.636+0100] {dag.py:3096} INFO - Sync 1 DAGs
[2026-05-08T18:27:55.650+0100] {logging_mixin.py:188} INFO - [2026-05-08T18:27:55.650+0100] {dag.py:3954} INFO - Setting next_dagrun for example_params_ui_tutorial to None, run_after=None
[2026-05-08T18:27:55.749+0100] {processor.py:183} INFO - Processing /home/najma/airflow-venv/lib/python3.12/site-packages/airflow/example_dags/example_params_ui_tutorial.py took 0.199 seconds
[2026-05-08T18:29:13.324+0100] {processor.py:161} INFO - Started process (PID=12517) to work on /home/najma/airflow-venv/lib/python3.12/site-packages/airflow/example_dags/example_params_ui_tutorial.py
[2026-05-08T18:29:13.325+0100] {processor.py:830} INFO - Processing file /home/najma/airflow-venv/lib/python3.12/site-packages/airflow/example_dags/example_params_ui_tutorial.py for tasks to queue
[2026-05-08T18:29:13.327+0100] {logging_mixin.py:188} INFO - [2026-05-08T18:29:13.327+0100] {dagbag.py:540} INFO - Filling up the DagBag from /home/najma/airflow-venv/lib/python3.12/site-packages/airflow/example_dags/example_params_ui_tutorial.py
[2026-05-08T18:29:13.337+0100] {processor.py:840} INFO - DAG(s) 'example_params_ui_tutorial' retrieved from /home/najma/airflow-venv/lib/python3.12/site-packages/airflow/example_dags/example_params_ui_tutorial.py
[2026-05-08T18:29:13.388+0100] {logging_mixin.py:188} INFO - [2026-05-08T18:29:13.387+0100] {dag.py:3096} INFO - Sync 1 DAGs
[2026-05-08T18:29:13.401+0100] {logging_mixin.py:188} INFO - [2026-05-08T18:29:13.401+0100] {dag.py:3954} INFO - Setting next_dagrun for example_params_ui_tutorial to None, run_after=None
[2026-05-08T18:29:13.500+0100] {processor.py:183} INFO - Processing /home/najma/airflow-venv/lib/python3.12/site-packages/airflow/example_dags/example_params_ui_tutorial.py took 0.180 seconds
[2026-05-08T18:30:29.354+0100] {processor.py:161} INFO - Started process (PID=12577) to work on /home/najma/airflow-venv/lib/python3.12/site-packages/airflow/example_dags/example_params_ui_tutorial.py
[2026-05-08T18:30:29.356+0100] {processor.py:830} INFO - Processing file /home/najma/airflow-venv/lib/python3.12/site-packages/airflow/example_dags/example_params_ui_tutorial.py for tasks to queue
[2026-05-08T18:30:29.358+0100] {logging_mixin.py:188} INFO - [2026-05-08T18:30:29.358+0100] {dagbag.py:540} INFO - Filling up the DagBag from /home/najma/airflow-venv/lib/python3.12/site-packages/airflow/example_dags/example_params_ui_tutorial.py
[2026-05-08T18:30:29.368+0100] {processor.py:840} INFO - DAG(s) 'example_params_ui_tutorial' retrieved from /home/najma/airflow-venv/lib/python3.12/site-packages/airflow/example_dags/example_params_ui_tutorial.py
[2026-05-08T18:30:29.419+0100] {logging_mixin.py:188} INFO - [2026-05-08T18:30:29.419+0100] {dag.py:3096} INFO - Sync 1 DAGs
[2026-05-08T18:30:29.435+0100] {logging_mixin.py:188} INFO - [2026-05-08T18:30:29.435+0100] {dag.py:3954} INFO - Setting next_dagrun for example_params_ui_tutorial to None, run_after=None
[2026-05-08T18:30:29.536+0100] {processor.py:183} INFO - Processing /home/najma/airflow-venv/lib/python3.12/site-packages/airflow/example_dags/example_params_ui_tutorial.py took 0.185 seconds
[2026-05-08T18:31:46.535+0100] {processor.py:161} INFO - Started process (PID=12637) to work on /home/najma/airflow-venv/lib/python3.12/site-packages/airflow/example_dags/example_params_ui_tutorial.py
[2026-05-08T18:31:46.537+0100] {processor.py:830} INFO - Processing file /home/najma/airflow-venv/lib/python3.12/site-packages/airflow/example_dags/example_params_ui_tutorial.py for tasks to queue
[2026-05-08T18:31:46.548+0100] {logging_mixin.py:188} INFO - [2026-05-08T18:31:46.548+0100] {dagbag.py:540} INFO - Filling up the DagBag from /home/najma/airflow-venv/lib/python3.12/site-packages/airflow/example_dags/example_params_ui_tutorial.py
[2026-05-08T18:31:46.578+0100] {processor.py:840} INFO - DAG(s) 'example_params_ui_tutorial' retrieved from /home/najma/airflow-venv/lib/python3.12/site-packages/airflow/example_dags/example_params_ui_tutorial.py
[2026-05-08T18:31:46.670+0100] {logging_mixin.py:188} INFO - [2026-05-08T18:31:46.670+0100] {dag.py:3096} INFO - Sync 1 DAGs
[2026-05-08T18:31:46.688+0100] {logging_mixin.py:188} INFO - [2026-05-08T18:31:46.687+0100] {dag.py:3954} INFO - Setting next_dagrun for example_params_ui_tutorial to None, run_after=None
[2026-05-08T18:31:46.812+0100] {processor.py:183} INFO - Processing /home/najma/airflow-venv/lib/python3.12/site-packages/airflow/example_dags/example_params_ui_tutorial.py took 0.284 seconds
[2026-05-08T18:33:03.558+0100] {processor.py:161} INFO - Started process (PID=12695) to work on /home/najma/airflow-venv/lib/python3.12/site-packages/airflow/example_dags/example_params_ui_tutorial.py
[2026-05-08T18:33:03.560+0100] {processor.py:830} INFO - Processing file /home/najma/airflow-venv/lib/python3.12/site-packages/airflow/example_dags/example_params_ui_tutorial.py for tasks to queue
[2026-05-08T18:33:03.561+0100] {logging_mixin.py:188} INFO - [2026-05-08T18:33:03.561+0100] {dagbag.py:540} INFO - Filling up the DagBag from /home/najma/airflow-venv/lib/python3.12/site-packages/airflow/example_dags/example_params_ui_tutorial.py
[2026-05-08T18:33:03.570+0100] {processor.py:840} INFO - DAG(s) 'example_params_ui_tutorial' retrieved from /home/najma/airflow-venv/lib/python3.12/site-packages/airflow/example_dags/example_params_ui_tutorial.py
[2026-05-08T18:33:03.619+0100] {logging_mixin.py:188} INFO - [2026-05-08T18:33:03.619+0100] {dag.py:3096} INFO - Sync 1 DAGs
[2026-05-08T18:33:03.634+0100] {logging_mixin.py:188} INFO - [2026-05-08T18:33:03.634+0100] {dag.py:3954} INFO - Setting next_dagrun for example_params_ui_tutorial to None, run_after=None
[2026-05-08T18:33:03.732+0100] {processor.py:183} INFO - Processing /home/najma/airflow-venv/lib/python3.12/site-packages/airflow/example_dags/example_params_ui_tutorial.py took 0.177 seconds
[2026-05-08T18:34:19.707+0100] {processor.py:161} INFO - Started process (PID=12759) to work on /home/najma/airflow-venv/lib/python3.12/site-packages/airflow/example_dags/example_params_ui_tutorial.py
[2026-05-08T18:34:19.709+0100] {processor.py:830} INFO - Processing file /home/najma/airflow-venv/lib/python3.12/site-packages/airflow/example_dags/example_params_ui_tutorial.py for tasks to queue
[2026-05-08T18:34:19.711+0100] {logging_mixin.py:188} INFO - [2026-05-08T18:34:19.710+0100] {dagbag.py:540} INFO - Filling up the DagBag from /home/najma/airflow-venv/lib/python3.12/site-packages/airflow/example_dags/example_params_ui_tutorial.py
[2026-05-08T18:34:19.720+0100] {processor.py:840} INFO - DAG(s) 'example_params_ui_tutorial' retrieved from /home/najma/airflow-venv/lib/python3.12/site-packages/airflow/example_dags/example_params_ui_tutorial.py
[2026-05-08T18:34:19.775+0100] {logging_mixin.py:188} INFO - [2026-05-08T18:34:19.774+0100] {dag.py:3096} INFO - Sync 1 DAGs
[2026-05-08T18:34:19.789+0100] {logging_mixin.py:188} INFO - [2026-05-08T18:34:19.789+0100] {dag.py:3954} INFO - Setting next_dagrun for example_params_ui_tutorial to None, run_after=None
[2026-05-08T18:34:19.901+0100] {processor.py:183} INFO - Processing /home/najma/airflow-venv/lib/python3.12/site-packages/airflow/example_dags/example_params_ui_tutorial.py took 0.198 seconds
[2026-05-08T18:35:29.880+0100] {processor.py:161} INFO - Started process (PID=12840) to work on /home/najma/airflow-venv/lib/python3.12/site-packages/airflow/example_dags/example_params_ui_tutorial.py
[2026-05-08T18:35:29.881+0100] {processor.py:830} INFO - Processing file /home/najma/airflow-venv/lib/python3.12/site-packages/airflow/example_dags/example_params_ui_tutorial.py for tasks to queue
[2026-05-08T18:35:29.882+0100] {logging_mixin.py:188} INFO - [2026-05-08T18:35:29.882+0100] {dagbag.py:540} INFO - Filling up the DagBag from /home/najma/airflow-venv/lib/python3.12/site-packages/airflow/example_dags/example_params_ui_tutorial.py
[2026-05-08T18:35:29.892+0100] {processor.py:840} INFO - DAG(s) 'example_params_ui_tutorial' retrieved from /home/najma/airflow-venv/lib/python3.12/site-packages/airflow/example_dags/example_params_ui_tutorial.py
[2026-05-08T18:35:29.938+0100] {logging_mixin.py:188} INFO - [2026-05-08T18:35:29.938+0100] {dag.py:3096} INFO - Sync 1 DAGs
[2026-05-08T18:35:29.952+0100] {logging_mixin.py:188} INFO - [2026-05-08T18:35:29.952+0100] {dag.py:3954} INFO - Setting next_dagrun for example_params_ui_tutorial to None, run_after=None
[2026-05-08T18:35:30.055+0100] {processor.py:183} INFO - Processing /home/najma/airflow-venv/lib/python3.12/site-packages/airflow/example_dags/example_params_ui_tutorial.py took 0.179 seconds
[2026-05-08T18:36:36.983+0100] {processor.py:161} INFO - Started process (PID=12893) to work on /home/najma/airflow-venv/lib/python3.12/site-packages/airflow/example_dags/example_params_ui_tutorial.py
[2026-05-08T18:36:36.988+0100] {processor.py:830} INFO - Processing file /home/najma/airflow-venv/lib/python3.12/site-packages/airflow/example_dags/example_params_ui_tutorial.py for tasks to queue
[2026-05-08T18:36:36.990+0100] {logging_mixin.py:188} INFO - [2026-05-08T18:36:36.989+0100] {dagbag.py:540} INFO - Filling up the DagBag from /home/najma/airflow-venv/lib/python3.12/site-packages/airflow/example_dags/example_params_ui_tutorial.py
[2026-05-08T18:36:36.999+0100] {processor.py:840} INFO - DAG(s) 'example_params_ui_tutorial' retrieved from /home/najma/airflow-venv/lib/python3.12/site-packages/airflow/example_dags/example_params_ui_tutorial.py
[2026-05-08T18:36:37.050+0100] {logging_mixin.py:188} INFO - [2026-05-08T18:36:37.050+0100] {dag.py:3096} INFO - Sync 1 DAGs
[2026-05-08T18:36:37.064+0100] {logging_mixin.py:188} INFO - [2026-05-08T18:36:37.063+0100] {dag.py:3954} INFO - Setting next_dagrun for example_params_ui_tutorial to None, run_after=None
[2026-05-08T18:36:37.148+0100] {processor.py:183} INFO - Processing /home/najma/airflow-venv/lib/python3.12/site-packages/airflow/example_dags/example_params_ui_tutorial.py took 0.168 seconds
[2026-05-08T18:37:54.776+0100] {processor.py:161} INFO - Started process (PID=12955) to work on /home/najma/airflow-venv/lib/python3.12/site-packages/airflow/example_dags/example_params_ui_tutorial.py
[2026-05-08T18:37:54.777+0100] {processor.py:830} INFO - Processing file /home/najma/airflow-venv/lib/python3.12/site-packages/airflow/example_dags/example_params_ui_tutorial.py for tasks to queue
[2026-05-08T18:37:54.779+0100] {logging_mixin.py:188} INFO - [2026-05-08T18:37:54.778+0100] {dagbag.py:540} INFO - Filling up the DagBag from /home/najma/airflow-venv/lib/python3.12/site-packages/airflow/example_dags/example_params_ui_tutorial.py
[2026-05-08T18:37:54.797+0100] {processor.py:840} INFO - DAG(s) 'example_params_ui_tutorial' retrieved from /home/najma/airflow-venv/lib/python3.12/site-packages/airflow/example_dags/example_params_ui_tutorial.py
[2026-05-08T18:37:54.867+0100] {logging_mixin.py:188} INFO - [2026-05-08T18:37:54.866+0100] {dag.py:3096} INFO - Sync 1 DAGs
[2026-05-08T18:37:54.906+0100] {logging_mixin.py:188} INFO - [2026-05-08T18:37:54.906+0100] {dag.py:3954} INFO - Setting next_dagrun for example_params_ui_tutorial to None, run_after=None
[2026-05-08T18:37:55.044+0100] {processor.py:183} INFO - Processing /home/najma/airflow-venv/lib/python3.12/site-packages/airflow/example_dags/example_params_ui_tutorial.py took 0.274 seconds
[2026-05-08T18:39:12.571+0100] {processor.py:161} INFO - Started process (PID=13021) to work on /home/najma/airflow-venv/lib/python3.12/site-packages/airflow/example_dags/example_params_ui_tutorial.py
[2026-05-08T18:39:12.572+0100] {processor.py:830} INFO - Processing file /home/najma/airflow-venv/lib/python3.12/site-packages/airflow/example_dags/example_params_ui_tutorial.py for tasks to queue
[2026-05-08T18:39:12.573+0100] {logging_mixin.py:188} INFO - [2026-05-08T18:39:12.573+0100] {dagbag.py:540} INFO - Filling up the DagBag from /home/najma/airflow-venv/lib/python3.12/site-packages/airflow/example_dags/example_params_ui_tutorial.py
[2026-05-08T18:39:12.582+0100] {processor.py:840} INFO - DAG(s) 'example_params_ui_tutorial' retrieved from /home/najma/airflow-venv/lib/python3.12/site-packages/airflow/example_dags/example_params_ui_tutorial.py
[2026-05-08T18:39:12.632+0100] {logging_mixin.py:188} INFO - [2026-05-08T18:39:12.631+0100] {dag.py:3096} INFO - Sync 1 DAGs
[2026-05-08T18:39:12.646+0100] {logging_mixin.py:188} INFO - [2026-05-08T18:39:12.646+0100] {dag.py:3954} INFO - Setting next_dagrun for example_params_ui_tutorial to None, run_after=None
[2026-05-08T18:39:12.754+0100] {processor.py:183} INFO - Processing /home/najma/airflow-venv/lib/python3.12/site-packages/airflow/example_dags/example_params_ui_tutorial.py took 0.187 seconds
