[2026-05-08T16:43:07.774+0100] {processor.py:161} INFO - Started process (PID=9550) to work on /home/najma/airflow-venv/lib/python3.12/site-packages/airflow/example_dags/example_local_kubernetes_executor.py
[2026-05-08T16:43:07.775+0100] {processor.py:830} INFO - Processing file /home/najma/airflow-venv/lib/python3.12/site-packages/airflow/example_dags/example_local_kubernetes_executor.py for tasks to queue
[2026-05-08T16:43:07.778+0100] {logging_mixin.py:188} INFO - [2026-05-08T16:43:07.777+0100] {dagbag.py:540} INFO - Filling up the DagBag from /home/najma/airflow-venv/lib/python3.12/site-packages/airflow/example_dags/example_local_kubernetes_executor.py
[2026-05-08T16:43:07.783+0100] {logging_mixin.py:188} INFO - [2026-05-08T16:43:07.782+0100] {example_local_kubernetes_executor.py:40} WARNING - Could not import DAGs in example_local_kubernetes_executor.py
Traceback (most recent call last):
  File "/home/najma/airflow-venv/lib/python3.12/site-packages/airflow/example_dags/example_local_kubernetes_executor.py", line 38, in <module>
    from kubernetes.client import models as k8s
ModuleNotFoundError: No module named 'kubernetes'
[2026-05-08T16:43:07.784+0100] {logging_mixin.py:188} INFO - [2026-05-08T16:43:07.783+0100] {example_local_kubernetes_executor.py:41} WARNING - Install Kubernetes dependencies with: pip install apache-airflow[cncf.kubernetes]
[2026-05-08T16:43:07.785+0100] {processor.py:842} WARNING - No viable dags retrieved from /home/najma/airflow-venv/lib/python3.12/site-packages/airflow/example_dags/example_local_kubernetes_executor.py
[2026-05-08T16:43:07.814+0100] {processor.py:183} INFO - Processing /home/najma/airflow-venv/lib/python3.12/site-packages/airflow/example_dags/example_local_kubernetes_executor.py took 0.044 seconds
[2026-05-08T16:44:19.922+0100] {processor.py:161} INFO - Started process (PID=9612) to work on /home/najma/airflow-venv/lib/python3.12/site-packages/airflow/example_dags/example_local_kubernetes_executor.py
[2026-05-08T16:44:19.923+0100] {processor.py:830} INFO - Processing file /home/najma/airflow-venv/lib/python3.12/site-packages/airflow/example_dags/example_local_kubernetes_executor.py for tasks to queue
[2026-05-08T16:44:19.925+0100] {logging_mixin.py:188} INFO - [2026-05-08T16:44:19.925+0100] {dagbag.py:540} INFO - Filling up the DagBag from /home/najma/airflow-venv/lib/python3.12/site-packages/airflow/example_dags/example_local_kubernetes_executor.py
[2026-05-08T16:44:19.930+0100] {logging_mixin.py:188} INFO - [2026-05-08T16:44:19.929+0100] {example_local_kubernetes_executor.py:40} WARNING - Could not import DAGs in example_local_kubernetes_executor.py
Traceback (most recent call last):
  File "/home/najma/airflow-venv/lib/python3.12/site-packages/airflow/example_dags/example_local_kubernetes_executor.py", line 38, in <module>
    from kubernetes.client import models as k8s
ModuleNotFoundError: No module named 'kubernetes'
[2026-05-08T16:44:19.931+0100] {logging_mixin.py:188} INFO - [2026-05-08T16:44:19.930+0100] {example_local_kubernetes_executor.py:41} WARNING - Install Kubernetes dependencies with: pip install apache-airflow[cncf.kubernetes]
[2026-05-08T16:44:19.931+0100] {processor.py:842} WARNING - No viable dags retrieved from /home/najma/airflow-venv/lib/python3.12/site-packages/airflow/example_dags/example_local_kubernetes_executor.py
[2026-05-08T16:44:19.957+0100] {processor.py:183} INFO - Processing /home/najma/airflow-venv/lib/python3.12/site-packages/airflow/example_dags/example_local_kubernetes_executor.py took 0.038 seconds
[2026-05-08T16:45:44.678+0100] {processor.py:161} INFO - Started process (PID=9684) to work on /home/najma/airflow-venv/lib/python3.12/site-packages/airflow/example_dags/example_local_kubernetes_executor.py
[2026-05-08T16:45:44.680+0100] {processor.py:830} INFO - Processing file /home/najma/airflow-venv/lib/python3.12/site-packages/airflow/example_dags/example_local_kubernetes_executor.py for tasks to queue
[2026-05-08T16:45:44.682+0100] {logging_mixin.py:188} INFO - [2026-05-08T16:45:44.682+0100] {dagbag.py:540} INFO - Filling up the DagBag from /home/najma/airflow-venv/lib/python3.12/site-packages/airflow/example_dags/example_local_kubernetes_executor.py
[2026-05-08T16:45:44.688+0100] {logging_mixin.py:188} INFO - [2026-05-08T16:45:44.687+0100] {example_local_kubernetes_executor.py:40} WARNING - Could not import DAGs in example_local_kubernetes_executor.py
Traceback (most recent call last):
  File "/home/najma/airflow-venv/lib/python3.12/site-packages/airflow/example_dags/example_local_kubernetes_executor.py", line 38, in <module>
    from kubernetes.client import models as k8s
ModuleNotFoundError: No module named 'kubernetes'
[2026-05-08T16:45:44.689+0100] {logging_mixin.py:188} INFO - [2026-05-08T16:45:44.688+0100] {example_local_kubernetes_executor.py:41} WARNING - Install Kubernetes dependencies with: pip install apache-airflow[cncf.kubernetes]
[2026-05-08T16:45:44.689+0100] {processor.py:842} WARNING - No viable dags retrieved from /home/najma/airflow-venv/lib/python3.12/site-packages/airflow/example_dags/example_local_kubernetes_executor.py
[2026-05-08T16:45:44.714+0100] {processor.py:183} INFO - Processing /home/najma/airflow-venv/lib/python3.12/site-packages/airflow/example_dags/example_local_kubernetes_executor.py took 0.040 seconds
[2026-05-08T16:47:00.594+0100] {processor.py:161} INFO - Started process (PID=9759) to work on /home/najma/airflow-venv/lib/python3.12/site-packages/airflow/example_dags/example_local_kubernetes_executor.py
[2026-05-08T16:47:00.595+0100] {processor.py:830} INFO - Processing file /home/najma/airflow-venv/lib/python3.12/site-packages/airflow/example_dags/example_local_kubernetes_executor.py for tasks to queue
[2026-05-08T16:47:00.598+0100] {logging_mixin.py:188} INFO - [2026-05-08T16:47:00.597+0100] {dagbag.py:540} INFO - Filling up the DagBag from /home/najma/airflow-venv/lib/python3.12/site-packages/airflow/example_dags/example_local_kubernetes_executor.py
[2026-05-08T16:47:00.602+0100] {logging_mixin.py:188} INFO - [2026-05-08T16:47:00.601+0100] {example_local_kubernetes_executor.py:40} WARNING - Could not import DAGs in example_local_kubernetes_executor.py
Traceback (most recent call last):
  File "/home/najma/airflow-venv/lib/python3.12/site-packages/airflow/example_dags/example_local_kubernetes_executor.py", line 38, in <module>
    from kubernetes.client import models as k8s
ModuleNotFoundError: No module named 'kubernetes'
[2026-05-08T16:47:00.603+0100] {logging_mixin.py:188} INFO - [2026-05-08T16:47:00.603+0100] {example_local_kubernetes_executor.py:41} WARNING - Install Kubernetes dependencies with: pip install apache-airflow[cncf.kubernetes]
[2026-05-08T16:47:00.604+0100] {processor.py:842} WARNING - No viable dags retrieved from /home/najma/airflow-venv/lib/python3.12/site-packages/airflow/example_dags/example_local_kubernetes_executor.py
[2026-05-08T16:47:00.630+0100] {processor.py:183} INFO - Processing /home/najma/airflow-venv/lib/python3.12/site-packages/airflow/example_dags/example_local_kubernetes_executor.py took 0.041 seconds
[2026-05-08T16:48:17.404+0100] {processor.py:161} INFO - Started process (PID=9827) to work on /home/najma/airflow-venv/lib/python3.12/site-packages/airflow/example_dags/example_local_kubernetes_executor.py
[2026-05-08T16:48:17.405+0100] {processor.py:830} INFO - Processing file /home/najma/airflow-venv/lib/python3.12/site-packages/airflow/example_dags/example_local_kubernetes_executor.py for tasks to queue
[2026-05-08T16:48:17.407+0100] {logging_mixin.py:188} INFO - [2026-05-08T16:48:17.406+0100] {dagbag.py:540} INFO - Filling up the DagBag from /home/najma/airflow-venv/lib/python3.12/site-packages/airflow/example_dags/example_local_kubernetes_executor.py
[2026-05-08T16:48:17.412+0100] {logging_mixin.py:188} INFO - [2026-05-08T16:48:17.412+0100] {example_local_kubernetes_executor.py:40} WARNING - Could not import DAGs in example_local_kubernetes_executor.py
Traceback (most recent call last):
  File "/home/najma/airflow-venv/lib/python3.12/site-packages/airflow/example_dags/example_local_kubernetes_executor.py", line 38, in <module>
    from kubernetes.client import models as k8s
ModuleNotFoundError: No module named 'kubernetes'
[2026-05-08T16:48:17.413+0100] {logging_mixin.py:188} INFO - [2026-05-08T16:48:17.413+0100] {example_local_kubernetes_executor.py:41} WARNING - Install Kubernetes dependencies with: pip install apache-airflow[cncf.kubernetes]
[2026-05-08T16:48:17.414+0100] {processor.py:842} WARNING - No viable dags retrieved from /home/najma/airflow-venv/lib/python3.12/site-packages/airflow/example_dags/example_local_kubernetes_executor.py
[2026-05-08T16:48:17.439+0100] {processor.py:183} INFO - Processing /home/najma/airflow-venv/lib/python3.12/site-packages/airflow/example_dags/example_local_kubernetes_executor.py took 0.039 seconds
[2026-05-08T16:49:29.421+0100] {processor.py:161} INFO - Started process (PID=9892) to work on /home/najma/airflow-venv/lib/python3.12/site-packages/airflow/example_dags/example_local_kubernetes_executor.py
[2026-05-08T16:49:29.422+0100] {processor.py:830} INFO - Processing file /home/najma/airflow-venv/lib/python3.12/site-packages/airflow/example_dags/example_local_kubernetes_executor.py for tasks to queue
[2026-05-08T16:49:29.424+0100] {logging_mixin.py:188} INFO - [2026-05-08T16:49:29.424+0100] {dagbag.py:540} INFO - Filling up the DagBag from /home/najma/airflow-venv/lib/python3.12/site-packages/airflow/example_dags/example_local_kubernetes_executor.py
[2026-05-08T16:49:29.428+0100] {logging_mixin.py:188} INFO - [2026-05-08T16:49:29.428+0100] {example_local_kubernetes_executor.py:40} WARNING - Could not import DAGs in example_local_kubernetes_executor.py
Traceback (most recent call last):
  File "/home/najma/airflow-venv/lib/python3.12/site-packages/airflow/example_dags/example_local_kubernetes_executor.py", line 38, in <module>
    from kubernetes.client import models as k8s
ModuleNotFoundError: No module named 'kubernetes'
[2026-05-08T16:49:29.429+0100] {logging_mixin.py:188} INFO - [2026-05-08T16:49:29.429+0100] {example_local_kubernetes_executor.py:41} WARNING - Install Kubernetes dependencies with: pip install apache-airflow[cncf.kubernetes]
[2026-05-08T16:49:29.429+0100] {processor.py:842} WARNING - No viable dags retrieved from /home/najma/airflow-venv/lib/python3.12/site-packages/airflow/example_dags/example_local_kubernetes_executor.py
[2026-05-08T16:49:29.451+0100] {processor.py:183} INFO - Processing /home/najma/airflow-venv/lib/python3.12/site-packages/airflow/example_dags/example_local_kubernetes_executor.py took 0.034 seconds
[2026-05-08T17:45:42.384+0100] {processor.py:161} INFO - Started process (PID=10252) to work on /home/najma/airflow-venv/lib/python3.12/site-packages/airflow/example_dags/example_local_kubernetes_executor.py
[2026-05-08T17:45:42.385+0100] {processor.py:830} INFO - Processing file /home/najma/airflow-venv/lib/python3.12/site-packages/airflow/example_dags/example_local_kubernetes_executor.py for tasks to queue
[2026-05-08T17:45:42.387+0100] {logging_mixin.py:188} INFO - [2026-05-08T17:45:42.387+0100] {dagbag.py:540} INFO - Filling up the DagBag from /home/najma/airflow-venv/lib/python3.12/site-packages/airflow/example_dags/example_local_kubernetes_executor.py
[2026-05-08T17:45:42.393+0100] {logging_mixin.py:188} INFO - [2026-05-08T17:45:42.392+0100] {example_local_kubernetes_executor.py:40} WARNING - Could not import DAGs in example_local_kubernetes_executor.py
Traceback (most recent call last):
  File "/home/najma/airflow-venv/lib/python3.12/site-packages/airflow/example_dags/example_local_kubernetes_executor.py", line 38, in <module>
    from kubernetes.client import models as k8s
ModuleNotFoundError: No module named 'kubernetes'
[2026-05-08T17:45:42.394+0100] {logging_mixin.py:188} INFO - [2026-05-08T17:45:42.394+0100] {example_local_kubernetes_executor.py:41} WARNING - Install Kubernetes dependencies with: pip install apache-airflow[cncf.kubernetes]
[2026-05-08T17:45:42.395+0100] {processor.py:842} WARNING - No viable dags retrieved from /home/najma/airflow-venv/lib/python3.12/site-packages/airflow/example_dags/example_local_kubernetes_executor.py
[2026-05-08T17:45:42.424+0100] {processor.py:183} INFO - Processing /home/najma/airflow-venv/lib/python3.12/site-packages/airflow/example_dags/example_local_kubernetes_executor.py took 0.045 seconds
[2026-05-08T17:47:06.108+0100] {processor.py:161} INFO - Started process (PID=10332) to work on /home/najma/airflow-venv/lib/python3.12/site-packages/airflow/example_dags/example_local_kubernetes_executor.py
[2026-05-08T17:47:06.110+0100] {processor.py:830} INFO - Processing file /home/najma/airflow-venv/lib/python3.12/site-packages/airflow/example_dags/example_local_kubernetes_executor.py for tasks to queue
[2026-05-08T17:47:06.112+0100] {logging_mixin.py:188} INFO - [2026-05-08T17:47:06.111+0100] {dagbag.py:540} INFO - Filling up the DagBag from /home/najma/airflow-venv/lib/python3.12/site-packages/airflow/example_dags/example_local_kubernetes_executor.py
[2026-05-08T17:47:06.118+0100] {logging_mixin.py:188} INFO - [2026-05-08T17:47:06.118+0100] {example_local_kubernetes_executor.py:40} WARNING - Could not import DAGs in example_local_kubernetes_executor.py
Traceback (most recent call last):
  File "/home/najma/airflow-venv/lib/python3.12/site-packages/airflow/example_dags/example_local_kubernetes_executor.py", line 38, in <module>
    from kubernetes.client import models as k8s
ModuleNotFoundError: No module named 'kubernetes'
[2026-05-08T17:47:06.119+0100] {logging_mixin.py:188} INFO - [2026-05-08T17:47:06.119+0100] {example_local_kubernetes_executor.py:41} WARNING - Install Kubernetes dependencies with: pip install apache-airflow[cncf.kubernetes]
[2026-05-08T17:47:06.120+0100] {processor.py:842} WARNING - No viable dags retrieved from /home/najma/airflow-venv/lib/python3.12/site-packages/airflow/example_dags/example_local_kubernetes_executor.py
[2026-05-08T17:47:06.151+0100] {processor.py:183} INFO - Processing /home/najma/airflow-venv/lib/python3.12/site-packages/airflow/example_dags/example_local_kubernetes_executor.py took 0.047 seconds
[2026-05-08T17:48:17.156+0100] {processor.py:161} INFO - Started process (PID=10393) to work on /home/najma/airflow-venv/lib/python3.12/site-packages/airflow/example_dags/example_local_kubernetes_executor.py
[2026-05-08T17:48:17.158+0100] {processor.py:830} INFO - Processing file /home/najma/airflow-venv/lib/python3.12/site-packages/airflow/example_dags/example_local_kubernetes_executor.py for tasks to queue
[2026-05-08T17:48:17.160+0100] {logging_mixin.py:188} INFO - [2026-05-08T17:48:17.159+0100] {dagbag.py:540} INFO - Filling up the DagBag from /home/najma/airflow-venv/lib/python3.12/site-packages/airflow/example_dags/example_local_kubernetes_executor.py
[2026-05-08T17:48:17.165+0100] {logging_mixin.py:188} INFO - [2026-05-08T17:48:17.164+0100] {example_local_kubernetes_executor.py:40} WARNING - Could not import DAGs in example_local_kubernetes_executor.py
Traceback (most recent call last):
  File "/home/najma/airflow-venv/lib/python3.12/site-packages/airflow/example_dags/example_local_kubernetes_executor.py", line 38, in <module>
    from kubernetes.client import models as k8s
ModuleNotFoundError: No module named 'kubernetes'
[2026-05-08T17:48:17.166+0100] {logging_mixin.py:188} INFO - [2026-05-08T17:48:17.166+0100] {example_local_kubernetes_executor.py:41} WARNING - Install Kubernetes dependencies with: pip install apache-airflow[cncf.kubernetes]
[2026-05-08T17:48:17.167+0100] {processor.py:842} WARNING - No viable dags retrieved from /home/najma/airflow-venv/lib/python3.12/site-packages/airflow/example_dags/example_local_kubernetes_executor.py
[2026-05-08T17:48:17.197+0100] {processor.py:183} INFO - Processing /home/najma/airflow-venv/lib/python3.12/site-packages/airflow/example_dags/example_local_kubernetes_executor.py took 0.045 seconds
[2026-05-08T17:49:25.459+0100] {processor.py:161} INFO - Started process (PID=10452) to work on /home/najma/airflow-venv/lib/python3.12/site-packages/airflow/example_dags/example_local_kubernetes_executor.py
[2026-05-08T17:49:25.460+0100] {processor.py:830} INFO - Processing file /home/najma/airflow-venv/lib/python3.12/site-packages/airflow/example_dags/example_local_kubernetes_executor.py for tasks to queue
[2026-05-08T17:49:25.462+0100] {logging_mixin.py:188} INFO - [2026-05-08T17:49:25.462+0100] {dagbag.py:540} INFO - Filling up the DagBag from /home/najma/airflow-venv/lib/python3.12/site-packages/airflow/example_dags/example_local_kubernetes_executor.py
[2026-05-08T17:49:25.467+0100] {logging_mixin.py:188} INFO - [2026-05-08T17:49:25.466+0100] {example_local_kubernetes_executor.py:40} WARNING - Could not import DAGs in example_local_kubernetes_executor.py
Traceback (most recent call last):
  File "/home/najma/airflow-venv/lib/python3.12/site-packages/airflow/example_dags/example_local_kubernetes_executor.py", line 38, in <module>
    from kubernetes.client import models as k8s
ModuleNotFoundError: No module named 'kubernetes'
[2026-05-08T17:49:25.469+0100] {logging_mixin.py:188} INFO - [2026-05-08T17:49:25.468+0100] {example_local_kubernetes_executor.py:41} WARNING - Install Kubernetes dependencies with: pip install apache-airflow[cncf.kubernetes]
[2026-05-08T17:49:25.469+0100] {processor.py:842} WARNING - No viable dags retrieved from /home/najma/airflow-venv/lib/python3.12/site-packages/airflow/example_dags/example_local_kubernetes_executor.py
[2026-05-08T17:49:25.496+0100] {processor.py:183} INFO - Processing /home/najma/airflow-venv/lib/python3.12/site-packages/airflow/example_dags/example_local_kubernetes_executor.py took 0.041 seconds
[2026-05-08T17:50:42.091+0100] {processor.py:161} INFO - Started process (PID=10515) to work on /home/najma/airflow-venv/lib/python3.12/site-packages/airflow/example_dags/example_local_kubernetes_executor.py
[2026-05-08T17:50:42.092+0100] {processor.py:830} INFO - Processing file /home/najma/airflow-venv/lib/python3.12/site-packages/airflow/example_dags/example_local_kubernetes_executor.py for tasks to queue
[2026-05-08T17:50:42.094+0100] {logging_mixin.py:188} INFO - [2026-05-08T17:50:42.094+0100] {dagbag.py:540} INFO - Filling up the DagBag from /home/najma/airflow-venv/lib/python3.12/site-packages/airflow/example_dags/example_local_kubernetes_executor.py
[2026-05-08T17:50:42.099+0100] {logging_mixin.py:188} INFO - [2026-05-08T17:50:42.099+0100] {example_local_kubernetes_executor.py:40} WARNING - Could not import DAGs in example_local_kubernetes_executor.py
Traceback (most recent call last):
  File "/home/najma/airflow-venv/lib/python3.12/site-packages/airflow/example_dags/example_local_kubernetes_executor.py", line 38, in <module>
    from kubernetes.client import models as k8s
ModuleNotFoundError: No module named 'kubernetes'
[2026-05-08T17:50:42.100+0100] {logging_mixin.py:188} INFO - [2026-05-08T17:50:42.100+0100] {example_local_kubernetes_executor.py:41} WARNING - Install Kubernetes dependencies with: pip install apache-airflow[cncf.kubernetes]
[2026-05-08T17:50:42.101+0100] {processor.py:842} WARNING - No viable dags retrieved from /home/najma/airflow-venv/lib/python3.12/site-packages/airflow/example_dags/example_local_kubernetes_executor.py
[2026-05-08T17:50:42.124+0100] {processor.py:183} INFO - Processing /home/najma/airflow-venv/lib/python3.12/site-packages/airflow/example_dags/example_local_kubernetes_executor.py took 0.037 seconds
[2026-05-08T17:51:53.329+0100] {processor.py:161} INFO - Started process (PID=10576) to work on /home/najma/airflow-venv/lib/python3.12/site-packages/airflow/example_dags/example_local_kubernetes_executor.py
[2026-05-08T17:51:53.331+0100] {processor.py:830} INFO - Processing file /home/najma/airflow-venv/lib/python3.12/site-packages/airflow/example_dags/example_local_kubernetes_executor.py for tasks to queue
[2026-05-08T17:51:53.333+0100] {logging_mixin.py:188} INFO - [2026-05-08T17:51:53.332+0100] {dagbag.py:540} INFO - Filling up the DagBag from /home/najma/airflow-venv/lib/python3.12/site-packages/airflow/example_dags/example_local_kubernetes_executor.py
[2026-05-08T17:51:53.338+0100] {logging_mixin.py:188} INFO - [2026-05-08T17:51:53.337+0100] {example_local_kubernetes_executor.py:40} WARNING - Could not import DAGs in example_local_kubernetes_executor.py
Traceback (most recent call last):
  File "/home/najma/airflow-venv/lib/python3.12/site-packages/airflow/example_dags/example_local_kubernetes_executor.py", line 38, in <module>
    from kubernetes.client import models as k8s
ModuleNotFoundError: No module named 'kubernetes'
[2026-05-08T17:51:53.339+0100] {logging_mixin.py:188} INFO - [2026-05-08T17:51:53.339+0100] {example_local_kubernetes_executor.py:41} WARNING - Install Kubernetes dependencies with: pip install apache-airflow[cncf.kubernetes]
[2026-05-08T17:51:53.340+0100] {processor.py:842} WARNING - No viable dags retrieved from /home/najma/airflow-venv/lib/python3.12/site-packages/airflow/example_dags/example_local_kubernetes_executor.py
[2026-05-08T17:51:53.366+0100] {processor.py:183} INFO - Processing /home/najma/airflow-venv/lib/python3.12/site-packages/airflow/example_dags/example_local_kubernetes_executor.py took 0.041 seconds
[2026-05-08T17:53:13.056+0100] {processor.py:161} INFO - Started process (PID=10663) to work on /home/najma/airflow-venv/lib/python3.12/site-packages/airflow/example_dags/example_local_kubernetes_executor.py
[2026-05-08T17:53:13.058+0100] {processor.py:830} INFO - Processing file /home/najma/airflow-venv/lib/python3.12/site-packages/airflow/example_dags/example_local_kubernetes_executor.py for tasks to queue
[2026-05-08T17:53:13.060+0100] {logging_mixin.py:188} INFO - [2026-05-08T17:53:13.060+0100] {dagbag.py:540} INFO - Filling up the DagBag from /home/najma/airflow-venv/lib/python3.12/site-packages/airflow/example_dags/example_local_kubernetes_executor.py
[2026-05-08T17:53:13.065+0100] {logging_mixin.py:188} INFO - [2026-05-08T17:53:13.064+0100] {example_local_kubernetes_executor.py:40} WARNING - Could not import DAGs in example_local_kubernetes_executor.py
Traceback (most recent call last):
  File "/home/najma/airflow-venv/lib/python3.12/site-packages/airflow/example_dags/example_local_kubernetes_executor.py", line 38, in <module>
    from kubernetes.client import models as k8s
ModuleNotFoundError: No module named 'kubernetes'
[2026-05-08T17:53:13.066+0100] {logging_mixin.py:188} INFO - [2026-05-08T17:53:13.066+0100] {example_local_kubernetes_executor.py:41} WARNING - Install Kubernetes dependencies with: pip install apache-airflow[cncf.kubernetes]
[2026-05-08T17:53:13.067+0100] {processor.py:842} WARNING - No viable dags retrieved from /home/najma/airflow-venv/lib/python3.12/site-packages/airflow/example_dags/example_local_kubernetes_executor.py
[2026-05-08T17:53:13.091+0100] {processor.py:183} INFO - Processing /home/najma/airflow-venv/lib/python3.12/site-packages/airflow/example_dags/example_local_kubernetes_executor.py took 0.038 seconds
[2026-05-08T17:54:20.719+0100] {processor.py:161} INFO - Started process (PID=10723) to work on /home/najma/airflow-venv/lib/python3.12/site-packages/airflow/example_dags/example_local_kubernetes_executor.py
[2026-05-08T17:54:20.721+0100] {processor.py:830} INFO - Processing file /home/najma/airflow-venv/lib/python3.12/site-packages/airflow/example_dags/example_local_kubernetes_executor.py for tasks to queue
[2026-05-08T17:54:20.723+0100] {logging_mixin.py:188} INFO - [2026-05-08T17:54:20.722+0100] {dagbag.py:540} INFO - Filling up the DagBag from /home/najma/airflow-venv/lib/python3.12/site-packages/airflow/example_dags/example_local_kubernetes_executor.py
[2026-05-08T17:54:20.727+0100] {logging_mixin.py:188} INFO - [2026-05-08T17:54:20.727+0100] {example_local_kubernetes_executor.py:40} WARNING - Could not import DAGs in example_local_kubernetes_executor.py
Traceback (most recent call last):
  File "/home/najma/airflow-venv/lib/python3.12/site-packages/airflow/example_dags/example_local_kubernetes_executor.py", line 38, in <module>
    from kubernetes.client import models as k8s
ModuleNotFoundError: No module named 'kubernetes'
[2026-05-08T17:54:20.728+0100] {logging_mixin.py:188} INFO - [2026-05-08T17:54:20.728+0100] {example_local_kubernetes_executor.py:41} WARNING - Install Kubernetes dependencies with: pip install apache-airflow[cncf.kubernetes]
[2026-05-08T17:54:20.728+0100] {processor.py:842} WARNING - No viable dags retrieved from /home/najma/airflow-venv/lib/python3.12/site-packages/airflow/example_dags/example_local_kubernetes_executor.py
[2026-05-08T17:54:20.750+0100] {processor.py:183} INFO - Processing /home/najma/airflow-venv/lib/python3.12/site-packages/airflow/example_dags/example_local_kubernetes_executor.py took 0.034 seconds
[2026-05-08T17:55:26.348+0100] {processor.py:161} INFO - Started process (PID=10792) to work on /home/najma/airflow-venv/lib/python3.12/site-packages/airflow/example_dags/example_local_kubernetes_executor.py
[2026-05-08T17:55:26.350+0100] {processor.py:830} INFO - Processing file /home/najma/airflow-venv/lib/python3.12/site-packages/airflow/example_dags/example_local_kubernetes_executor.py for tasks to queue
[2026-05-08T17:55:26.352+0100] {logging_mixin.py:188} INFO - [2026-05-08T17:55:26.351+0100] {dagbag.py:540} INFO - Filling up the DagBag from /home/najma/airflow-venv/lib/python3.12/site-packages/airflow/example_dags/example_local_kubernetes_executor.py
[2026-05-08T17:55:26.356+0100] {logging_mixin.py:188} INFO - [2026-05-08T17:55:26.355+0100] {example_local_kubernetes_executor.py:40} WARNING - Could not import DAGs in example_local_kubernetes_executor.py
Traceback (most recent call last):
  File "/home/najma/airflow-venv/lib/python3.12/site-packages/airflow/example_dags/example_local_kubernetes_executor.py", line 38, in <module>
    from kubernetes.client import models as k8s
ModuleNotFoundError: No module named 'kubernetes'
[2026-05-08T17:55:26.356+0100] {logging_mixin.py:188} INFO - [2026-05-08T17:55:26.356+0100] {example_local_kubernetes_executor.py:41} WARNING - Install Kubernetes dependencies with: pip install apache-airflow[cncf.kubernetes]
[2026-05-08T17:55:26.357+0100] {processor.py:842} WARNING - No viable dags retrieved from /home/najma/airflow-venv/lib/python3.12/site-packages/airflow/example_dags/example_local_kubernetes_executor.py
[2026-05-08T17:55:26.380+0100] {processor.py:183} INFO - Processing /home/najma/airflow-venv/lib/python3.12/site-packages/airflow/example_dags/example_local_kubernetes_executor.py took 0.035 seconds
[2026-05-08T17:56:36.799+0100] {processor.py:161} INFO - Started process (PID=10853) to work on /home/najma/airflow-venv/lib/python3.12/site-packages/airflow/example_dags/example_local_kubernetes_executor.py
[2026-05-08T17:56:36.800+0100] {processor.py:830} INFO - Processing file /home/najma/airflow-venv/lib/python3.12/site-packages/airflow/example_dags/example_local_kubernetes_executor.py for tasks to queue
[2026-05-08T17:56:36.802+0100] {logging_mixin.py:188} INFO - [2026-05-08T17:56:36.802+0100] {dagbag.py:540} INFO - Filling up the DagBag from /home/najma/airflow-venv/lib/python3.12/site-packages/airflow/example_dags/example_local_kubernetes_executor.py
[2026-05-08T17:56:36.807+0100] {logging_mixin.py:188} INFO - [2026-05-08T17:56:36.806+0100] {example_local_kubernetes_executor.py:40} WARNING - Could not import DAGs in example_local_kubernetes_executor.py
Traceback (most recent call last):
  File "/home/najma/airflow-venv/lib/python3.12/site-packages/airflow/example_dags/example_local_kubernetes_executor.py", line 38, in <module>
    from kubernetes.client import models as k8s
ModuleNotFoundError: No module named 'kubernetes'
[2026-05-08T17:56:36.807+0100] {logging_mixin.py:188} INFO - [2026-05-08T17:56:36.807+0100] {example_local_kubernetes_executor.py:41} WARNING - Install Kubernetes dependencies with: pip install apache-airflow[cncf.kubernetes]
[2026-05-08T17:56:36.808+0100] {processor.py:842} WARNING - No viable dags retrieved from /home/najma/airflow-venv/lib/python3.12/site-packages/airflow/example_dags/example_local_kubernetes_executor.py
[2026-05-08T17:56:36.831+0100] {processor.py:183} INFO - Processing /home/najma/airflow-venv/lib/python3.12/site-packages/airflow/example_dags/example_local_kubernetes_executor.py took 0.036 seconds
[2026-05-08T17:57:52.021+0100] {processor.py:161} INFO - Started process (PID=10916) to work on /home/najma/airflow-venv/lib/python3.12/site-packages/airflow/example_dags/example_local_kubernetes_executor.py
[2026-05-08T17:57:52.022+0100] {processor.py:830} INFO - Processing file /home/najma/airflow-venv/lib/python3.12/site-packages/airflow/example_dags/example_local_kubernetes_executor.py for tasks to queue
[2026-05-08T17:57:52.025+0100] {logging_mixin.py:188} INFO - [2026-05-08T17:57:52.024+0100] {dagbag.py:540} INFO - Filling up the DagBag from /home/najma/airflow-venv/lib/python3.12/site-packages/airflow/example_dags/example_local_kubernetes_executor.py
[2026-05-08T17:57:52.033+0100] {logging_mixin.py:188} INFO - [2026-05-08T17:57:52.031+0100] {example_local_kubernetes_executor.py:40} WARNING - Could not import DAGs in example_local_kubernetes_executor.py
Traceback (most recent call last):
  File "/home/najma/airflow-venv/lib/python3.12/site-packages/airflow/example_dags/example_local_kubernetes_executor.py", line 38, in <module>
    from kubernetes.client import models as k8s
ModuleNotFoundError: No module named 'kubernetes'
[2026-05-08T17:57:52.034+0100] {logging_mixin.py:188} INFO - [2026-05-08T17:57:52.034+0100] {example_local_kubernetes_executor.py:41} WARNING - Install Kubernetes dependencies with: pip install apache-airflow[cncf.kubernetes]
[2026-05-08T17:57:52.035+0100] {processor.py:842} WARNING - No viable dags retrieved from /home/najma/airflow-venv/lib/python3.12/site-packages/airflow/example_dags/example_local_kubernetes_executor.py
[2026-05-08T17:57:52.064+0100] {processor.py:183} INFO - Processing /home/najma/airflow-venv/lib/python3.12/site-packages/airflow/example_dags/example_local_kubernetes_executor.py took 0.048 seconds
[2026-05-08T17:58:58.515+0100] {processor.py:161} INFO - Started process (PID=10976) to work on /home/najma/airflow-venv/lib/python3.12/site-packages/airflow/example_dags/example_local_kubernetes_executor.py
[2026-05-08T17:58:58.516+0100] {processor.py:830} INFO - Processing file /home/najma/airflow-venv/lib/python3.12/site-packages/airflow/example_dags/example_local_kubernetes_executor.py for tasks to queue
[2026-05-08T17:58:58.518+0100] {logging_mixin.py:188} INFO - [2026-05-08T17:58:58.518+0100] {dagbag.py:540} INFO - Filling up the DagBag from /home/najma/airflow-venv/lib/python3.12/site-packages/airflow/example_dags/example_local_kubernetes_executor.py
[2026-05-08T17:58:58.522+0100] {logging_mixin.py:188} INFO - [2026-05-08T17:58:58.521+0100] {example_local_kubernetes_executor.py:40} WARNING - Could not import DAGs in example_local_kubernetes_executor.py
Traceback (most recent call last):
  File "/home/najma/airflow-venv/lib/python3.12/site-packages/airflow/example_dags/example_local_kubernetes_executor.py", line 38, in <module>
    from kubernetes.client import models as k8s
ModuleNotFoundError: No module named 'kubernetes'
[2026-05-08T17:58:58.523+0100] {logging_mixin.py:188} INFO - [2026-05-08T17:58:58.522+0100] {example_local_kubernetes_executor.py:41} WARNING - Install Kubernetes dependencies with: pip install apache-airflow[cncf.kubernetes]
[2026-05-08T17:58:58.523+0100] {processor.py:842} WARNING - No viable dags retrieved from /home/najma/airflow-venv/lib/python3.12/site-packages/airflow/example_dags/example_local_kubernetes_executor.py
[2026-05-08T17:58:58.545+0100] {processor.py:183} INFO - Processing /home/najma/airflow-venv/lib/python3.12/site-packages/airflow/example_dags/example_local_kubernetes_executor.py took 0.033 seconds
[2026-05-08T18:00:08.142+0100] {processor.py:161} INFO - Started process (PID=11037) to work on /home/najma/airflow-venv/lib/python3.12/site-packages/airflow/example_dags/example_local_kubernetes_executor.py
[2026-05-08T18:00:08.144+0100] {processor.py:830} INFO - Processing file /home/najma/airflow-venv/lib/python3.12/site-packages/airflow/example_dags/example_local_kubernetes_executor.py for tasks to queue
[2026-05-08T18:00:08.146+0100] {logging_mixin.py:188} INFO - [2026-05-08T18:00:08.145+0100] {dagbag.py:540} INFO - Filling up the DagBag from /home/najma/airflow-venv/lib/python3.12/site-packages/airflow/example_dags/example_local_kubernetes_executor.py
[2026-05-08T18:00:08.150+0100] {logging_mixin.py:188} INFO - [2026-05-08T18:00:08.150+0100] {example_local_kubernetes_executor.py:40} WARNING - Could not import DAGs in example_local_kubernetes_executor.py
Traceback (most recent call last):
  File "/home/najma/airflow-venv/lib/python3.12/site-packages/airflow/example_dags/example_local_kubernetes_executor.py", line 38, in <module>
    from kubernetes.client import models as k8s
ModuleNotFoundError: No module named 'kubernetes'
[2026-05-08T18:00:08.151+0100] {logging_mixin.py:188} INFO - [2026-05-08T18:00:08.151+0100] {example_local_kubernetes_executor.py:41} WARNING - Install Kubernetes dependencies with: pip install apache-airflow[cncf.kubernetes]
[2026-05-08T18:00:08.152+0100] {processor.py:842} WARNING - No viable dags retrieved from /home/najma/airflow-venv/lib/python3.12/site-packages/airflow/example_dags/example_local_kubernetes_executor.py
[2026-05-08T18:00:08.175+0100] {processor.py:183} INFO - Processing /home/najma/airflow-venv/lib/python3.12/site-packages/airflow/example_dags/example_local_kubernetes_executor.py took 0.036 seconds
[2026-05-08T18:01:15.322+0100] {processor.py:161} INFO - Started process (PID=11095) to work on /home/najma/airflow-venv/lib/python3.12/site-packages/airflow/example_dags/example_local_kubernetes_executor.py
[2026-05-08T18:01:15.323+0100] {processor.py:830} INFO - Processing file /home/najma/airflow-venv/lib/python3.12/site-packages/airflow/example_dags/example_local_kubernetes_executor.py for tasks to queue
[2026-05-08T18:01:15.325+0100] {logging_mixin.py:188} INFO - [2026-05-08T18:01:15.325+0100] {dagbag.py:540} INFO - Filling up the DagBag from /home/najma/airflow-venv/lib/python3.12/site-packages/airflow/example_dags/example_local_kubernetes_executor.py
[2026-05-08T18:01:15.329+0100] {logging_mixin.py:188} INFO - [2026-05-08T18:01:15.328+0100] {example_local_kubernetes_executor.py:40} WARNING - Could not import DAGs in example_local_kubernetes_executor.py
Traceback (most recent call last):
  File "/home/najma/airflow-venv/lib/python3.12/site-packages/airflow/example_dags/example_local_kubernetes_executor.py", line 38, in <module>
    from kubernetes.client import models as k8s
ModuleNotFoundError: No module named 'kubernetes'
[2026-05-08T18:01:15.329+0100] {logging_mixin.py:188} INFO - [2026-05-08T18:01:15.329+0100] {example_local_kubernetes_executor.py:41} WARNING - Install Kubernetes dependencies with: pip install apache-airflow[cncf.kubernetes]
[2026-05-08T18:01:15.330+0100] {processor.py:842} WARNING - No viable dags retrieved from /home/najma/airflow-venv/lib/python3.12/site-packages/airflow/example_dags/example_local_kubernetes_executor.py
[2026-05-08T18:01:15.348+0100] {processor.py:183} INFO - Processing /home/najma/airflow-venv/lib/python3.12/site-packages/airflow/example_dags/example_local_kubernetes_executor.py took 0.030 seconds
[2026-05-08T18:02:17.482+0100] {processor.py:161} INFO - Started process (PID=11153) to work on /home/najma/airflow-venv/lib/python3.12/site-packages/airflow/example_dags/example_local_kubernetes_executor.py
[2026-05-08T18:02:17.483+0100] {processor.py:830} INFO - Processing file /home/najma/airflow-venv/lib/python3.12/site-packages/airflow/example_dags/example_local_kubernetes_executor.py for tasks to queue
[2026-05-08T18:02:17.485+0100] {logging_mixin.py:188} INFO - [2026-05-08T18:02:17.485+0100] {dagbag.py:540} INFO - Filling up the DagBag from /home/najma/airflow-venv/lib/python3.12/site-packages/airflow/example_dags/example_local_kubernetes_executor.py
[2026-05-08T18:02:17.489+0100] {logging_mixin.py:188} INFO - [2026-05-08T18:02:17.489+0100] {example_local_kubernetes_executor.py:40} WARNING - Could not import DAGs in example_local_kubernetes_executor.py
Traceback (most recent call last):
  File "/home/najma/airflow-venv/lib/python3.12/site-packages/airflow/example_dags/example_local_kubernetes_executor.py", line 38, in <module>
    from kubernetes.client import models as k8s
ModuleNotFoundError: No module named 'kubernetes'
[2026-05-08T18:02:17.490+0100] {logging_mixin.py:188} INFO - [2026-05-08T18:02:17.490+0100] {example_local_kubernetes_executor.py:41} WARNING - Install Kubernetes dependencies with: pip install apache-airflow[cncf.kubernetes]
[2026-05-08T18:02:17.491+0100] {processor.py:842} WARNING - No viable dags retrieved from /home/najma/airflow-venv/lib/python3.12/site-packages/airflow/example_dags/example_local_kubernetes_executor.py
[2026-05-08T18:02:17.513+0100] {processor.py:183} INFO - Processing /home/najma/airflow-venv/lib/python3.12/site-packages/airflow/example_dags/example_local_kubernetes_executor.py took 0.035 seconds
[2026-05-08T18:03:23.846+0100] {processor.py:161} INFO - Started process (PID=11210) to work on /home/najma/airflow-venv/lib/python3.12/site-packages/airflow/example_dags/example_local_kubernetes_executor.py
[2026-05-08T18:03:23.848+0100] {processor.py:830} INFO - Processing file /home/najma/airflow-venv/lib/python3.12/site-packages/airflow/example_dags/example_local_kubernetes_executor.py for tasks to queue
[2026-05-08T18:03:23.849+0100] {logging_mixin.py:188} INFO - [2026-05-08T18:03:23.849+0100] {dagbag.py:540} INFO - Filling up the DagBag from /home/najma/airflow-venv/lib/python3.12/site-packages/airflow/example_dags/example_local_kubernetes_executor.py
[2026-05-08T18:03:23.854+0100] {logging_mixin.py:188} INFO - [2026-05-08T18:03:23.853+0100] {example_local_kubernetes_executor.py:40} WARNING - Could not import DAGs in example_local_kubernetes_executor.py
Traceback (most recent call last):
  File "/home/najma/airflow-venv/lib/python3.12/site-packages/airflow/example_dags/example_local_kubernetes_executor.py", line 38, in <module>
    from kubernetes.client import models as k8s
ModuleNotFoundError: No module named 'kubernetes'
[2026-05-08T18:03:23.855+0100] {logging_mixin.py:188} INFO - [2026-05-08T18:03:23.854+0100] {example_local_kubernetes_executor.py:41} WARNING - Install Kubernetes dependencies with: pip install apache-airflow[cncf.kubernetes]
[2026-05-08T18:03:23.855+0100] {processor.py:842} WARNING - No viable dags retrieved from /home/najma/airflow-venv/lib/python3.12/site-packages/airflow/example_dags/example_local_kubernetes_executor.py
[2026-05-08T18:03:23.878+0100] {processor.py:183} INFO - Processing /home/najma/airflow-venv/lib/python3.12/site-packages/airflow/example_dags/example_local_kubernetes_executor.py took 0.036 seconds
[2026-05-08T18:04:33.998+0100] {processor.py:161} INFO - Started process (PID=11271) to work on /home/najma/airflow-venv/lib/python3.12/site-packages/airflow/example_dags/example_local_kubernetes_executor.py
[2026-05-08T18:04:33.999+0100] {processor.py:830} INFO - Processing file /home/najma/airflow-venv/lib/python3.12/site-packages/airflow/example_dags/example_local_kubernetes_executor.py for tasks to queue
[2026-05-08T18:04:34.002+0100] {logging_mixin.py:188} INFO - [2026-05-08T18:04:34.001+0100] {dagbag.py:540} INFO - Filling up the DagBag from /home/najma/airflow-venv/lib/python3.12/site-packages/airflow/example_dags/example_local_kubernetes_executor.py
[2026-05-08T18:04:34.006+0100] {logging_mixin.py:188} INFO - [2026-05-08T18:04:34.005+0100] {example_local_kubernetes_executor.py:40} WARNING - Could not import DAGs in example_local_kubernetes_executor.py
Traceback (most recent call last):
  File "/home/najma/airflow-venv/lib/python3.12/site-packages/airflow/example_dags/example_local_kubernetes_executor.py", line 38, in <module>
    from kubernetes.client import models as k8s
ModuleNotFoundError: No module named 'kubernetes'
[2026-05-08T18:04:34.007+0100] {logging_mixin.py:188} INFO - [2026-05-08T18:04:34.007+0100] {example_local_kubernetes_executor.py:41} WARNING - Install Kubernetes dependencies with: pip install apache-airflow[cncf.kubernetes]
[2026-05-08T18:04:34.008+0100] {processor.py:842} WARNING - No viable dags retrieved from /home/najma/airflow-venv/lib/python3.12/site-packages/airflow/example_dags/example_local_kubernetes_executor.py
[2026-05-08T18:04:34.031+0100] {processor.py:183} INFO - Processing /home/najma/airflow-venv/lib/python3.12/site-packages/airflow/example_dags/example_local_kubernetes_executor.py took 0.037 seconds
[2026-05-08T18:05:43.164+0100] {processor.py:161} INFO - Started process (PID=11330) to work on /home/najma/airflow-venv/lib/python3.12/site-packages/airflow/example_dags/example_local_kubernetes_executor.py
[2026-05-08T18:05:43.165+0100] {processor.py:830} INFO - Processing file /home/najma/airflow-venv/lib/python3.12/site-packages/airflow/example_dags/example_local_kubernetes_executor.py for tasks to queue
[2026-05-08T18:05:43.166+0100] {logging_mixin.py:188} INFO - [2026-05-08T18:05:43.166+0100] {dagbag.py:540} INFO - Filling up the DagBag from /home/najma/airflow-venv/lib/python3.12/site-packages/airflow/example_dags/example_local_kubernetes_executor.py
[2026-05-08T18:05:43.171+0100] {logging_mixin.py:188} INFO - [2026-05-08T18:05:43.170+0100] {example_local_kubernetes_executor.py:40} WARNING - Could not import DAGs in example_local_kubernetes_executor.py
Traceback (most recent call last):
  File "/home/najma/airflow-venv/lib/python3.12/site-packages/airflow/example_dags/example_local_kubernetes_executor.py", line 38, in <module>
    from kubernetes.client import models as k8s
ModuleNotFoundError: No module named 'kubernetes'
[2026-05-08T18:05:43.172+0100] {logging_mixin.py:188} INFO - [2026-05-08T18:05:43.171+0100] {example_local_kubernetes_executor.py:41} WARNING - Install Kubernetes dependencies with: pip install apache-airflow[cncf.kubernetes]
[2026-05-08T18:05:43.173+0100] {processor.py:842} WARNING - No viable dags retrieved from /home/najma/airflow-venv/lib/python3.12/site-packages/airflow/example_dags/example_local_kubernetes_executor.py
[2026-05-08T18:05:43.195+0100] {processor.py:183} INFO - Processing /home/najma/airflow-venv/lib/python3.12/site-packages/airflow/example_dags/example_local_kubernetes_executor.py took 0.035 seconds
[2026-05-08T18:06:46.546+0100] {processor.py:161} INFO - Started process (PID=11388) to work on /home/najma/airflow-venv/lib/python3.12/site-packages/airflow/example_dags/example_local_kubernetes_executor.py
[2026-05-08T18:06:46.547+0100] {processor.py:830} INFO - Processing file /home/najma/airflow-venv/lib/python3.12/site-packages/airflow/example_dags/example_local_kubernetes_executor.py for tasks to queue
[2026-05-08T18:06:46.549+0100] {logging_mixin.py:188} INFO - [2026-05-08T18:06:46.549+0100] {dagbag.py:540} INFO - Filling up the DagBag from /home/najma/airflow-venv/lib/python3.12/site-packages/airflow/example_dags/example_local_kubernetes_executor.py
[2026-05-08T18:06:46.553+0100] {logging_mixin.py:188} INFO - [2026-05-08T18:06:46.553+0100] {example_local_kubernetes_executor.py:40} WARNING - Could not import DAGs in example_local_kubernetes_executor.py
Traceback (most recent call last):
  File "/home/najma/airflow-venv/lib/python3.12/site-packages/airflow/example_dags/example_local_kubernetes_executor.py", line 38, in <module>
    from kubernetes.client import models as k8s
ModuleNotFoundError: No module named 'kubernetes'
[2026-05-08T18:06:46.554+0100] {logging_mixin.py:188} INFO - [2026-05-08T18:06:46.554+0100] {example_local_kubernetes_executor.py:41} WARNING - Install Kubernetes dependencies with: pip install apache-airflow[cncf.kubernetes]
[2026-05-08T18:06:46.555+0100] {processor.py:842} WARNING - No viable dags retrieved from /home/najma/airflow-venv/lib/python3.12/site-packages/airflow/example_dags/example_local_kubernetes_executor.py
[2026-05-08T18:06:46.578+0100] {processor.py:183} INFO - Processing /home/najma/airflow-venv/lib/python3.12/site-packages/airflow/example_dags/example_local_kubernetes_executor.py took 0.035 seconds
[2026-05-08T18:07:47.304+0100] {processor.py:161} INFO - Started process (PID=11443) to work on /home/najma/airflow-venv/lib/python3.12/site-packages/airflow/example_dags/example_local_kubernetes_executor.py
[2026-05-08T18:07:47.305+0100] {processor.py:830} INFO - Processing file /home/najma/airflow-venv/lib/python3.12/site-packages/airflow/example_dags/example_local_kubernetes_executor.py for tasks to queue
[2026-05-08T18:07:47.307+0100] {logging_mixin.py:188} INFO - [2026-05-08T18:07:47.306+0100] {dagbag.py:540} INFO - Filling up the DagBag from /home/najma/airflow-venv/lib/python3.12/site-packages/airflow/example_dags/example_local_kubernetes_executor.py
[2026-05-08T18:07:47.311+0100] {logging_mixin.py:188} INFO - [2026-05-08T18:07:47.311+0100] {example_local_kubernetes_executor.py:40} WARNING - Could not import DAGs in example_local_kubernetes_executor.py
Traceback (most recent call last):
  File "/home/najma/airflow-venv/lib/python3.12/site-packages/airflow/example_dags/example_local_kubernetes_executor.py", line 38, in <module>
    from kubernetes.client import models as k8s
ModuleNotFoundError: No module named 'kubernetes'
[2026-05-08T18:07:47.312+0100] {logging_mixin.py:188} INFO - [2026-05-08T18:07:47.312+0100] {example_local_kubernetes_executor.py:41} WARNING - Install Kubernetes dependencies with: pip install apache-airflow[cncf.kubernetes]
[2026-05-08T18:07:47.313+0100] {processor.py:842} WARNING - No viable dags retrieved from /home/najma/airflow-venv/lib/python3.12/site-packages/airflow/example_dags/example_local_kubernetes_executor.py
[2026-05-08T18:07:47.336+0100] {processor.py:183} INFO - Processing /home/najma/airflow-venv/lib/python3.12/site-packages/airflow/example_dags/example_local_kubernetes_executor.py took 0.036 seconds
[2026-05-08T18:08:55.308+0100] {processor.py:161} INFO - Started process (PID=11505) to work on /home/najma/airflow-venv/lib/python3.12/site-packages/airflow/example_dags/example_local_kubernetes_executor.py
[2026-05-08T18:08:55.309+0100] {processor.py:830} INFO - Processing file /home/najma/airflow-venv/lib/python3.12/site-packages/airflow/example_dags/example_local_kubernetes_executor.py for tasks to queue
[2026-05-08T18:08:55.311+0100] {logging_mixin.py:188} INFO - [2026-05-08T18:08:55.311+0100] {dagbag.py:540} INFO - Filling up the DagBag from /home/najma/airflow-venv/lib/python3.12/site-packages/airflow/example_dags/example_local_kubernetes_executor.py
[2026-05-08T18:08:55.315+0100] {logging_mixin.py:188} INFO - [2026-05-08T18:08:55.315+0100] {example_local_kubernetes_executor.py:40} WARNING - Could not import DAGs in example_local_kubernetes_executor.py
Traceback (most recent call last):
  File "/home/najma/airflow-venv/lib/python3.12/site-packages/airflow/example_dags/example_local_kubernetes_executor.py", line 38, in <module>
    from kubernetes.client import models as k8s
ModuleNotFoundError: No module named 'kubernetes'
[2026-05-08T18:08:55.316+0100] {logging_mixin.py:188} INFO - [2026-05-08T18:08:55.316+0100] {example_local_kubernetes_executor.py:41} WARNING - Install Kubernetes dependencies with: pip install apache-airflow[cncf.kubernetes]
[2026-05-08T18:08:55.317+0100] {processor.py:842} WARNING - No viable dags retrieved from /home/najma/airflow-venv/lib/python3.12/site-packages/airflow/example_dags/example_local_kubernetes_executor.py
[2026-05-08T18:08:55.340+0100] {processor.py:183} INFO - Processing /home/najma/airflow-venv/lib/python3.12/site-packages/airflow/example_dags/example_local_kubernetes_executor.py took 0.036 seconds
[2026-05-08T18:09:57.744+0100] {processor.py:161} INFO - Started process (PID=11561) to work on /home/najma/airflow-venv/lib/python3.12/site-packages/airflow/example_dags/example_local_kubernetes_executor.py
[2026-05-08T18:09:57.745+0100] {processor.py:830} INFO - Processing file /home/najma/airflow-venv/lib/python3.12/site-packages/airflow/example_dags/example_local_kubernetes_executor.py for tasks to queue
[2026-05-08T18:09:57.747+0100] {logging_mixin.py:188} INFO - [2026-05-08T18:09:57.747+0100] {dagbag.py:540} INFO - Filling up the DagBag from /home/najma/airflow-venv/lib/python3.12/site-packages/airflow/example_dags/example_local_kubernetes_executor.py
[2026-05-08T18:09:57.751+0100] {logging_mixin.py:188} INFO - [2026-05-08T18:09:57.750+0100] {example_local_kubernetes_executor.py:40} WARNING - Could not import DAGs in example_local_kubernetes_executor.py
Traceback (most recent call last):
  File "/home/najma/airflow-venv/lib/python3.12/site-packages/airflow/example_dags/example_local_kubernetes_executor.py", line 38, in <module>
    from kubernetes.client import models as k8s
ModuleNotFoundError: No module named 'kubernetes'
[2026-05-08T18:09:57.752+0100] {logging_mixin.py:188} INFO - [2026-05-08T18:09:57.751+0100] {example_local_kubernetes_executor.py:41} WARNING - Install Kubernetes dependencies with: pip install apache-airflow[cncf.kubernetes]
[2026-05-08T18:09:57.752+0100] {processor.py:842} WARNING - No viable dags retrieved from /home/najma/airflow-venv/lib/python3.12/site-packages/airflow/example_dags/example_local_kubernetes_executor.py
[2026-05-08T18:09:57.774+0100] {processor.py:183} INFO - Processing /home/najma/airflow-venv/lib/python3.12/site-packages/airflow/example_dags/example_local_kubernetes_executor.py took 0.033 seconds
[2026-05-08T18:10:59.674+0100] {processor.py:161} INFO - Started process (PID=11615) to work on /home/najma/airflow-venv/lib/python3.12/site-packages/airflow/example_dags/example_local_kubernetes_executor.py
[2026-05-08T18:10:59.675+0100] {processor.py:830} INFO - Processing file /home/najma/airflow-venv/lib/python3.12/site-packages/airflow/example_dags/example_local_kubernetes_executor.py for tasks to queue
[2026-05-08T18:10:59.676+0100] {logging_mixin.py:188} INFO - [2026-05-08T18:10:59.676+0100] {dagbag.py:540} INFO - Filling up the DagBag from /home/najma/airflow-venv/lib/python3.12/site-packages/airflow/example_dags/example_local_kubernetes_executor.py
[2026-05-08T18:10:59.681+0100] {logging_mixin.py:188} INFO - [2026-05-08T18:10:59.680+0100] {example_local_kubernetes_executor.py:40} WARNING - Could not import DAGs in example_local_kubernetes_executor.py
Traceback (most recent call last):
  File "/home/najma/airflow-venv/lib/python3.12/site-packages/airflow/example_dags/example_local_kubernetes_executor.py", line 38, in <module>
    from kubernetes.client import models as k8s
ModuleNotFoundError: No module named 'kubernetes'
[2026-05-08T18:10:59.681+0100] {logging_mixin.py:188} INFO - [2026-05-08T18:10:59.681+0100] {example_local_kubernetes_executor.py:41} WARNING - Install Kubernetes dependencies with: pip install apache-airflow[cncf.kubernetes]
[2026-05-08T18:10:59.682+0100] {processor.py:842} WARNING - No viable dags retrieved from /home/najma/airflow-venv/lib/python3.12/site-packages/airflow/example_dags/example_local_kubernetes_executor.py
[2026-05-08T18:10:59.703+0100] {processor.py:183} INFO - Processing /home/najma/airflow-venv/lib/python3.12/site-packages/airflow/example_dags/example_local_kubernetes_executor.py took 0.033 seconds
[2026-05-08T18:12:12.348+0100] {processor.py:161} INFO - Started process (PID=11673) to work on /home/najma/airflow-venv/lib/python3.12/site-packages/airflow/example_dags/example_local_kubernetes_executor.py
[2026-05-08T18:12:12.350+0100] {processor.py:830} INFO - Processing file /home/najma/airflow-venv/lib/python3.12/site-packages/airflow/example_dags/example_local_kubernetes_executor.py for tasks to queue
[2026-05-08T18:12:12.351+0100] {logging_mixin.py:188} INFO - [2026-05-08T18:12:12.351+0100] {dagbag.py:540} INFO - Filling up the DagBag from /home/najma/airflow-venv/lib/python3.12/site-packages/airflow/example_dags/example_local_kubernetes_executor.py
[2026-05-08T18:12:12.355+0100] {logging_mixin.py:188} INFO - [2026-05-08T18:12:12.355+0100] {example_local_kubernetes_executor.py:40} WARNING - Could not import DAGs in example_local_kubernetes_executor.py
Traceback (most recent call last):
  File "/home/najma/airflow-venv/lib/python3.12/site-packages/airflow/example_dags/example_local_kubernetes_executor.py", line 38, in <module>
    from kubernetes.client import models as k8s
ModuleNotFoundError: No module named 'kubernetes'
[2026-05-08T18:12:12.356+0100] {logging_mixin.py:188} INFO - [2026-05-08T18:12:12.356+0100] {example_local_kubernetes_executor.py:41} WARNING - Install Kubernetes dependencies with: pip install apache-airflow[cncf.kubernetes]
[2026-05-08T18:12:12.357+0100] {processor.py:842} WARNING - No viable dags retrieved from /home/najma/airflow-venv/lib/python3.12/site-packages/airflow/example_dags/example_local_kubernetes_executor.py
[2026-05-08T18:12:12.378+0100] {processor.py:183} INFO - Processing /home/najma/airflow-venv/lib/python3.12/site-packages/airflow/example_dags/example_local_kubernetes_executor.py took 0.034 seconds
[2026-05-08T18:13:44.379+0100] {processor.py:161} INFO - Started process (PID=11741) to work on /home/najma/airflow-venv/lib/python3.12/site-packages/airflow/example_dags/example_local_kubernetes_executor.py
[2026-05-08T18:13:44.381+0100] {processor.py:830} INFO - Processing file /home/najma/airflow-venv/lib/python3.12/site-packages/airflow/example_dags/example_local_kubernetes_executor.py for tasks to queue
[2026-05-08T18:13:44.383+0100] {logging_mixin.py:188} INFO - [2026-05-08T18:13:44.383+0100] {dagbag.py:540} INFO - Filling up the DagBag from /home/najma/airflow-venv/lib/python3.12/site-packages/airflow/example_dags/example_local_kubernetes_executor.py
[2026-05-08T18:13:44.387+0100] {logging_mixin.py:188} INFO - [2026-05-08T18:13:44.386+0100] {example_local_kubernetes_executor.py:40} WARNING - Could not import DAGs in example_local_kubernetes_executor.py
Traceback (most recent call last):
  File "/home/najma/airflow-venv/lib/python3.12/site-packages/airflow/example_dags/example_local_kubernetes_executor.py", line 38, in <module>
    from kubernetes.client import models as k8s
ModuleNotFoundError: No module named 'kubernetes'
[2026-05-08T18:13:44.388+0100] {logging_mixin.py:188} INFO - [2026-05-08T18:13:44.388+0100] {example_local_kubernetes_executor.py:41} WARNING - Install Kubernetes dependencies with: pip install apache-airflow[cncf.kubernetes]
[2026-05-08T18:13:44.390+0100] {processor.py:842} WARNING - No viable dags retrieved from /home/najma/airflow-venv/lib/python3.12/site-packages/airflow/example_dags/example_local_kubernetes_executor.py
[2026-05-08T18:13:44.415+0100] {processor.py:183} INFO - Processing /home/najma/airflow-venv/lib/python3.12/site-packages/airflow/example_dags/example_local_kubernetes_executor.py took 0.040 seconds
[2026-05-08T18:14:56.567+0100] {processor.py:161} INFO - Started process (PID=11810) to work on /home/najma/airflow-venv/lib/python3.12/site-packages/airflow/example_dags/example_local_kubernetes_executor.py
[2026-05-08T18:14:56.568+0100] {processor.py:830} INFO - Processing file /home/najma/airflow-venv/lib/python3.12/site-packages/airflow/example_dags/example_local_kubernetes_executor.py for tasks to queue
[2026-05-08T18:14:56.570+0100] {logging_mixin.py:188} INFO - [2026-05-08T18:14:56.570+0100] {dagbag.py:540} INFO - Filling up the DagBag from /home/najma/airflow-venv/lib/python3.12/site-packages/airflow/example_dags/example_local_kubernetes_executor.py
[2026-05-08T18:14:56.579+0100] {logging_mixin.py:188} INFO - [2026-05-08T18:14:56.578+0100] {example_local_kubernetes_executor.py:40} WARNING - Could not import DAGs in example_local_kubernetes_executor.py
Traceback (most recent call last):
  File "/home/najma/airflow-venv/lib/python3.12/site-packages/airflow/example_dags/example_local_kubernetes_executor.py", line 38, in <module>
    from kubernetes.client import models as k8s
ModuleNotFoundError: No module named 'kubernetes'
[2026-05-08T18:14:56.580+0100] {logging_mixin.py:188} INFO - [2026-05-08T18:14:56.580+0100] {example_local_kubernetes_executor.py:41} WARNING - Install Kubernetes dependencies with: pip install apache-airflow[cncf.kubernetes]
[2026-05-08T18:14:56.580+0100] {processor.py:842} WARNING - No viable dags retrieved from /home/najma/airflow-venv/lib/python3.12/site-packages/airflow/example_dags/example_local_kubernetes_executor.py
[2026-05-08T18:14:56.608+0100] {processor.py:183} INFO - Processing /home/najma/airflow-venv/lib/python3.12/site-packages/airflow/example_dags/example_local_kubernetes_executor.py took 0.044 seconds
[2026-05-08T18:16:10.607+0100] {processor.py:161} INFO - Started process (PID=11869) to work on /home/najma/airflow-venv/lib/python3.12/site-packages/airflow/example_dags/example_local_kubernetes_executor.py
[2026-05-08T18:16:10.609+0100] {processor.py:830} INFO - Processing file /home/najma/airflow-venv/lib/python3.12/site-packages/airflow/example_dags/example_local_kubernetes_executor.py for tasks to queue
[2026-05-08T18:16:10.610+0100] {logging_mixin.py:188} INFO - [2026-05-08T18:16:10.610+0100] {dagbag.py:540} INFO - Filling up the DagBag from /home/najma/airflow-venv/lib/python3.12/site-packages/airflow/example_dags/example_local_kubernetes_executor.py
[2026-05-08T18:16:10.615+0100] {logging_mixin.py:188} INFO - [2026-05-08T18:16:10.614+0100] {example_local_kubernetes_executor.py:40} WARNING - Could not import DAGs in example_local_kubernetes_executor.py
Traceback (most recent call last):
  File "/home/najma/airflow-venv/lib/python3.12/site-packages/airflow/example_dags/example_local_kubernetes_executor.py", line 38, in <module>
    from kubernetes.client import models as k8s
ModuleNotFoundError: No module named 'kubernetes'
[2026-05-08T18:16:10.616+0100] {logging_mixin.py:188} INFO - [2026-05-08T18:16:10.616+0100] {example_local_kubernetes_executor.py:41} WARNING - Install Kubernetes dependencies with: pip install apache-airflow[cncf.kubernetes]
[2026-05-08T18:16:10.616+0100] {processor.py:842} WARNING - No viable dags retrieved from /home/najma/airflow-venv/lib/python3.12/site-packages/airflow/example_dags/example_local_kubernetes_executor.py
[2026-05-08T18:16:10.640+0100] {processor.py:183} INFO - Processing /home/najma/airflow-venv/lib/python3.12/site-packages/airflow/example_dags/example_local_kubernetes_executor.py took 0.036 seconds
[2026-05-08T18:17:21.023+0100] {processor.py:161} INFO - Started process (PID=11929) to work on /home/najma/airflow-venv/lib/python3.12/site-packages/airflow/example_dags/example_local_kubernetes_executor.py
[2026-05-08T18:17:21.024+0100] {processor.py:830} INFO - Processing file /home/najma/airflow-venv/lib/python3.12/site-packages/airflow/example_dags/example_local_kubernetes_executor.py for tasks to queue
[2026-05-08T18:17:21.026+0100] {logging_mixin.py:188} INFO - [2026-05-08T18:17:21.026+0100] {dagbag.py:540} INFO - Filling up the DagBag from /home/najma/airflow-venv/lib/python3.12/site-packages/airflow/example_dags/example_local_kubernetes_executor.py
[2026-05-08T18:17:21.031+0100] {logging_mixin.py:188} INFO - [2026-05-08T18:17:21.030+0100] {example_local_kubernetes_executor.py:40} WARNING - Could not import DAGs in example_local_kubernetes_executor.py
Traceback (most recent call last):
  File "/home/najma/airflow-venv/lib/python3.12/site-packages/airflow/example_dags/example_local_kubernetes_executor.py", line 38, in <module>
    from kubernetes.client import models as k8s
ModuleNotFoundError: No module named 'kubernetes'
[2026-05-08T18:17:21.032+0100] {logging_mixin.py:188} INFO - [2026-05-08T18:17:21.031+0100] {example_local_kubernetes_executor.py:41} WARNING - Install Kubernetes dependencies with: pip install apache-airflow[cncf.kubernetes]
[2026-05-08T18:17:21.032+0100] {processor.py:842} WARNING - No viable dags retrieved from /home/najma/airflow-venv/lib/python3.12/site-packages/airflow/example_dags/example_local_kubernetes_executor.py
[2026-05-08T18:17:21.057+0100] {processor.py:183} INFO - Processing /home/najma/airflow-venv/lib/python3.12/site-packages/airflow/example_dags/example_local_kubernetes_executor.py took 0.038 seconds
[2026-05-08T18:18:37.034+0100] {processor.py:161} INFO - Started process (PID=11988) to work on /home/najma/airflow-venv/lib/python3.12/site-packages/airflow/example_dags/example_local_kubernetes_executor.py
[2026-05-08T18:18:37.036+0100] {processor.py:830} INFO - Processing file /home/najma/airflow-venv/lib/python3.12/site-packages/airflow/example_dags/example_local_kubernetes_executor.py for tasks to queue
[2026-05-08T18:18:37.037+0100] {logging_mixin.py:188} INFO - [2026-05-08T18:18:37.037+0100] {dagbag.py:540} INFO - Filling up the DagBag from /home/najma/airflow-venv/lib/python3.12/site-packages/airflow/example_dags/example_local_kubernetes_executor.py
[2026-05-08T18:18:37.041+0100] {logging_mixin.py:188} INFO - [2026-05-08T18:18:37.040+0100] {example_local_kubernetes_executor.py:40} WARNING - Could not import DAGs in example_local_kubernetes_executor.py
Traceback (most recent call last):
  File "/home/najma/airflow-venv/lib/python3.12/site-packages/airflow/example_dags/example_local_kubernetes_executor.py", line 38, in <module>
    from kubernetes.client import models as k8s
ModuleNotFoundError: No module named 'kubernetes'
[2026-05-08T18:18:37.042+0100] {logging_mixin.py:188} INFO - [2026-05-08T18:18:37.042+0100] {example_local_kubernetes_executor.py:41} WARNING - Install Kubernetes dependencies with: pip install apache-airflow[cncf.kubernetes]
[2026-05-08T18:18:37.043+0100] {processor.py:842} WARNING - No viable dags retrieved from /home/najma/airflow-venv/lib/python3.12/site-packages/airflow/example_dags/example_local_kubernetes_executor.py
[2026-05-08T18:18:37.068+0100] {processor.py:183} INFO - Processing /home/najma/airflow-venv/lib/python3.12/site-packages/airflow/example_dags/example_local_kubernetes_executor.py took 0.038 seconds
[2026-05-08T18:19:42.130+0100] {processor.py:161} INFO - Started process (PID=12044) to work on /home/najma/airflow-venv/lib/python3.12/site-packages/airflow/example_dags/example_local_kubernetes_executor.py
[2026-05-08T18:19:42.131+0100] {processor.py:830} INFO - Processing file /home/najma/airflow-venv/lib/python3.12/site-packages/airflow/example_dags/example_local_kubernetes_executor.py for tasks to queue
[2026-05-08T18:19:42.133+0100] {logging_mixin.py:188} INFO - [2026-05-08T18:19:42.133+0100] {dagbag.py:540} INFO - Filling up the DagBag from /home/najma/airflow-venv/lib/python3.12/site-packages/airflow/example_dags/example_local_kubernetes_executor.py
[2026-05-08T18:19:42.137+0100] {logging_mixin.py:188} INFO - [2026-05-08T18:19:42.136+0100] {example_local_kubernetes_executor.py:40} WARNING - Could not import DAGs in example_local_kubernetes_executor.py
Traceback (most recent call last):
  File "/home/najma/airflow-venv/lib/python3.12/site-packages/airflow/example_dags/example_local_kubernetes_executor.py", line 38, in <module>
    from kubernetes.client import models as k8s
ModuleNotFoundError: No module named 'kubernetes'
[2026-05-08T18:19:42.137+0100] {logging_mixin.py:188} INFO - [2026-05-08T18:19:42.137+0100] {example_local_kubernetes_executor.py:41} WARNING - Install Kubernetes dependencies with: pip install apache-airflow[cncf.kubernetes]
[2026-05-08T18:19:42.138+0100] {processor.py:842} WARNING - No viable dags retrieved from /home/najma/airflow-venv/lib/python3.12/site-packages/airflow/example_dags/example_local_kubernetes_executor.py
[2026-05-08T18:19:42.157+0100] {processor.py:183} INFO - Processing /home/najma/airflow-venv/lib/python3.12/site-packages/airflow/example_dags/example_local_kubernetes_executor.py took 0.031 seconds
[2026-05-08T18:20:50.054+0100] {processor.py:161} INFO - Started process (PID=12100) to work on /home/najma/airflow-venv/lib/python3.12/site-packages/airflow/example_dags/example_local_kubernetes_executor.py
[2026-05-08T18:20:50.055+0100] {processor.py:830} INFO - Processing file /home/najma/airflow-venv/lib/python3.12/site-packages/airflow/example_dags/example_local_kubernetes_executor.py for tasks to queue
[2026-05-08T18:20:50.057+0100] {logging_mixin.py:188} INFO - [2026-05-08T18:20:50.057+0100] {dagbag.py:540} INFO - Filling up the DagBag from /home/najma/airflow-venv/lib/python3.12/site-packages/airflow/example_dags/example_local_kubernetes_executor.py
[2026-05-08T18:20:50.061+0100] {logging_mixin.py:188} INFO - [2026-05-08T18:20:50.060+0100] {example_local_kubernetes_executor.py:40} WARNING - Could not import DAGs in example_local_kubernetes_executor.py
Traceback (most recent call last):
  File "/home/najma/airflow-venv/lib/python3.12/site-packages/airflow/example_dags/example_local_kubernetes_executor.py", line 38, in <module>
    from kubernetes.client import models as k8s
ModuleNotFoundError: No module named 'kubernetes'
[2026-05-08T18:20:50.062+0100] {logging_mixin.py:188} INFO - [2026-05-08T18:20:50.062+0100] {example_local_kubernetes_executor.py:41} WARNING - Install Kubernetes dependencies with: pip install apache-airflow[cncf.kubernetes]
[2026-05-08T18:20:50.063+0100] {processor.py:842} WARNING - No viable dags retrieved from /home/najma/airflow-venv/lib/python3.12/site-packages/airflow/example_dags/example_local_kubernetes_executor.py
[2026-05-08T18:20:50.084+0100] {processor.py:183} INFO - Processing /home/najma/airflow-venv/lib/python3.12/site-packages/airflow/example_dags/example_local_kubernetes_executor.py took 0.034 seconds
[2026-05-08T18:22:05.780+0100] {processor.py:161} INFO - Started process (PID=12160) to work on /home/najma/airflow-venv/lib/python3.12/site-packages/airflow/example_dags/example_local_kubernetes_executor.py
[2026-05-08T18:22:05.781+0100] {processor.py:830} INFO - Processing file /home/najma/airflow-venv/lib/python3.12/site-packages/airflow/example_dags/example_local_kubernetes_executor.py for tasks to queue
[2026-05-08T18:22:05.783+0100] {logging_mixin.py:188} INFO - [2026-05-08T18:22:05.783+0100] {dagbag.py:540} INFO - Filling up the DagBag from /home/najma/airflow-venv/lib/python3.12/site-packages/airflow/example_dags/example_local_kubernetes_executor.py
[2026-05-08T18:22:05.787+0100] {logging_mixin.py:188} INFO - [2026-05-08T18:22:05.786+0100] {example_local_kubernetes_executor.py:40} WARNING - Could not import DAGs in example_local_kubernetes_executor.py
Traceback (most recent call last):
  File "/home/najma/airflow-venv/lib/python3.12/site-packages/airflow/example_dags/example_local_kubernetes_executor.py", line 38, in <module>
    from kubernetes.client import models as k8s
ModuleNotFoundError: No module named 'kubernetes'
[2026-05-08T18:22:05.788+0100] {logging_mixin.py:188} INFO - [2026-05-08T18:22:05.787+0100] {example_local_kubernetes_executor.py:41} WARNING - Install Kubernetes dependencies with: pip install apache-airflow[cncf.kubernetes]
[2026-05-08T18:22:05.788+0100] {processor.py:842} WARNING - No viable dags retrieved from /home/najma/airflow-venv/lib/python3.12/site-packages/airflow/example_dags/example_local_kubernetes_executor.py
[2026-05-08T18:22:05.810+0100] {processor.py:183} INFO - Processing /home/najma/airflow-venv/lib/python3.12/site-packages/airflow/example_dags/example_local_kubernetes_executor.py took 0.034 seconds
[2026-05-08T18:23:15.485+0100] {processor.py:161} INFO - Started process (PID=12217) to work on /home/najma/airflow-venv/lib/python3.12/site-packages/airflow/example_dags/example_local_kubernetes_executor.py
[2026-05-08T18:23:15.486+0100] {processor.py:830} INFO - Processing file /home/najma/airflow-venv/lib/python3.12/site-packages/airflow/example_dags/example_local_kubernetes_executor.py for tasks to queue
[2026-05-08T18:23:15.488+0100] {logging_mixin.py:188} INFO - [2026-05-08T18:23:15.487+0100] {dagbag.py:540} INFO - Filling up the DagBag from /home/najma/airflow-venv/lib/python3.12/site-packages/airflow/example_dags/example_local_kubernetes_executor.py
[2026-05-08T18:23:15.492+0100] {logging_mixin.py:188} INFO - [2026-05-08T18:23:15.491+0100] {example_local_kubernetes_executor.py:40} WARNING - Could not import DAGs in example_local_kubernetes_executor.py
Traceback (most recent call last):
  File "/home/najma/airflow-venv/lib/python3.12/site-packages/airflow/example_dags/example_local_kubernetes_executor.py", line 38, in <module>
    from kubernetes.client import models as k8s
ModuleNotFoundError: No module named 'kubernetes'
[2026-05-08T18:23:15.493+0100] {logging_mixin.py:188} INFO - [2026-05-08T18:23:15.492+0100] {example_local_kubernetes_executor.py:41} WARNING - Install Kubernetes dependencies with: pip install apache-airflow[cncf.kubernetes]
[2026-05-08T18:23:15.493+0100] {processor.py:842} WARNING - No viable dags retrieved from /home/najma/airflow-venv/lib/python3.12/site-packages/airflow/example_dags/example_local_kubernetes_executor.py
[2026-05-08T18:23:15.518+0100] {processor.py:183} INFO - Processing /home/najma/airflow-venv/lib/python3.12/site-packages/airflow/example_dags/example_local_kubernetes_executor.py took 0.038 seconds
[2026-05-08T18:24:11.301+0100] {processor.py:161} INFO - Started process (PID=12264) to work on /home/najma/airflow-venv/lib/python3.12/site-packages/airflow/example_dags/example_local_kubernetes_executor.py
[2026-05-08T18:24:11.302+0100] {processor.py:830} INFO - Processing file /home/najma/airflow-venv/lib/python3.12/site-packages/airflow/example_dags/example_local_kubernetes_executor.py for tasks to queue
[2026-05-08T18:24:11.304+0100] {logging_mixin.py:188} INFO - [2026-05-08T18:24:11.303+0100] {dagbag.py:540} INFO - Filling up the DagBag from /home/najma/airflow-venv/lib/python3.12/site-packages/airflow/example_dags/example_local_kubernetes_executor.py
[2026-05-08T18:24:11.309+0100] {logging_mixin.py:188} INFO - [2026-05-08T18:24:11.308+0100] {example_local_kubernetes_executor.py:40} WARNING - Could not import DAGs in example_local_kubernetes_executor.py
Traceback (most recent call last):
  File "/home/najma/airflow-venv/lib/python3.12/site-packages/airflow/example_dags/example_local_kubernetes_executor.py", line 38, in <module>
    from kubernetes.client import models as k8s
ModuleNotFoundError: No module named 'kubernetes'
[2026-05-08T18:24:11.310+0100] {logging_mixin.py:188} INFO - [2026-05-08T18:24:11.309+0100] {example_local_kubernetes_executor.py:41} WARNING - Install Kubernetes dependencies with: pip install apache-airflow[cncf.kubernetes]
[2026-05-08T18:24:11.310+0100] {processor.py:842} WARNING - No viable dags retrieved from /home/najma/airflow-venv/lib/python3.12/site-packages/airflow/example_dags/example_local_kubernetes_executor.py
[2026-05-08T18:24:11.335+0100] {processor.py:183} INFO - Processing /home/najma/airflow-venv/lib/python3.12/site-packages/airflow/example_dags/example_local_kubernetes_executor.py took 0.038 seconds
[2026-05-08T18:25:24.900+0100] {processor.py:161} INFO - Started process (PID=12330) to work on /home/najma/airflow-venv/lib/python3.12/site-packages/airflow/example_dags/example_local_kubernetes_executor.py
[2026-05-08T18:25:24.914+0100] {processor.py:830} INFO - Processing file /home/najma/airflow-venv/lib/python3.12/site-packages/airflow/example_dags/example_local_kubernetes_executor.py for tasks to queue
[2026-05-08T18:25:24.916+0100] {logging_mixin.py:188} INFO - [2026-05-08T18:25:24.915+0100] {dagbag.py:540} INFO - Filling up the DagBag from /home/najma/airflow-venv/lib/python3.12/site-packages/airflow/example_dags/example_local_kubernetes_executor.py
[2026-05-08T18:25:24.920+0100] {logging_mixin.py:188} INFO - [2026-05-08T18:25:24.919+0100] {example_local_kubernetes_executor.py:40} WARNING - Could not import DAGs in example_local_kubernetes_executor.py
Traceback (most recent call last):
  File "/home/najma/airflow-venv/lib/python3.12/site-packages/airflow/example_dags/example_local_kubernetes_executor.py", line 38, in <module>
    from kubernetes.client import models as k8s
ModuleNotFoundError: No module named 'kubernetes'
[2026-05-08T18:25:24.921+0100] {logging_mixin.py:188} INFO - [2026-05-08T18:25:24.921+0100] {example_local_kubernetes_executor.py:41} WARNING - Install Kubernetes dependencies with: pip install apache-airflow[cncf.kubernetes]
[2026-05-08T18:25:24.921+0100] {processor.py:842} WARNING - No viable dags retrieved from /home/najma/airflow-venv/lib/python3.12/site-packages/airflow/example_dags/example_local_kubernetes_executor.py
[2026-05-08T18:25:24.944+0100] {processor.py:183} INFO - Processing /home/najma/airflow-venv/lib/python3.12/site-packages/airflow/example_dags/example_local_kubernetes_executor.py took 0.049 seconds
[2026-05-08T18:26:31.756+0100] {processor.py:161} INFO - Started process (PID=12395) to work on /home/najma/airflow-venv/lib/python3.12/site-packages/airflow/example_dags/example_local_kubernetes_executor.py
[2026-05-08T18:26:31.758+0100] {processor.py:830} INFO - Processing file /home/najma/airflow-venv/lib/python3.12/site-packages/airflow/example_dags/example_local_kubernetes_executor.py for tasks to queue
[2026-05-08T18:26:31.760+0100] {logging_mixin.py:188} INFO - [2026-05-08T18:26:31.760+0100] {dagbag.py:540} INFO - Filling up the DagBag from /home/najma/airflow-venv/lib/python3.12/site-packages/airflow/example_dags/example_local_kubernetes_executor.py
[2026-05-08T18:26:31.768+0100] {logging_mixin.py:188} INFO - [2026-05-08T18:26:31.767+0100] {example_local_kubernetes_executor.py:40} WARNING - Could not import DAGs in example_local_kubernetes_executor.py
Traceback (most recent call last):
  File "/home/najma/airflow-venv/lib/python3.12/site-packages/airflow/example_dags/example_local_kubernetes_executor.py", line 38, in <module>
    from kubernetes.client import models as k8s
ModuleNotFoundError: No module named 'kubernetes'
[2026-05-08T18:26:31.769+0100] {logging_mixin.py:188} INFO - [2026-05-08T18:26:31.769+0100] {example_local_kubernetes_executor.py:41} WARNING - Install Kubernetes dependencies with: pip install apache-airflow[cncf.kubernetes]
[2026-05-08T18:26:31.770+0100] {processor.py:842} WARNING - No viable dags retrieved from /home/najma/airflow-venv/lib/python3.12/site-packages/airflow/example_dags/example_local_kubernetes_executor.py
[2026-05-08T18:26:31.898+0100] {processor.py:183} INFO - Processing /home/najma/airflow-venv/lib/python3.12/site-packages/airflow/example_dags/example_local_kubernetes_executor.py took 0.146 seconds
[2026-05-08T18:27:58.395+0100] {processor.py:161} INFO - Started process (PID=12460) to work on /home/najma/airflow-venv/lib/python3.12/site-packages/airflow/example_dags/example_local_kubernetes_executor.py
[2026-05-08T18:27:58.398+0100] {processor.py:830} INFO - Processing file /home/najma/airflow-venv/lib/python3.12/site-packages/airflow/example_dags/example_local_kubernetes_executor.py for tasks to queue
[2026-05-08T18:27:58.404+0100] {logging_mixin.py:188} INFO - [2026-05-08T18:27:58.403+0100] {dagbag.py:540} INFO - Filling up the DagBag from /home/najma/airflow-venv/lib/python3.12/site-packages/airflow/example_dags/example_local_kubernetes_executor.py
[2026-05-08T18:27:58.417+0100] {logging_mixin.py:188} INFO - [2026-05-08T18:27:58.415+0100] {example_local_kubernetes_executor.py:40} WARNING - Could not import DAGs in example_local_kubernetes_executor.py
Traceback (most recent call last):
  File "/home/najma/airflow-venv/lib/python3.12/site-packages/airflow/example_dags/example_local_kubernetes_executor.py", line 38, in <module>
    from kubernetes.client import models as k8s
ModuleNotFoundError: No module named 'kubernetes'
[2026-05-08T18:27:58.419+0100] {logging_mixin.py:188} INFO - [2026-05-08T18:27:58.419+0100] {example_local_kubernetes_executor.py:41} WARNING - Install Kubernetes dependencies with: pip install apache-airflow[cncf.kubernetes]
[2026-05-08T18:27:58.420+0100] {processor.py:842} WARNING - No viable dags retrieved from /home/najma/airflow-venv/lib/python3.12/site-packages/airflow/example_dags/example_local_kubernetes_executor.py
[2026-05-08T18:27:58.453+0100] {processor.py:183} INFO - Processing /home/najma/airflow-venv/lib/python3.12/site-packages/airflow/example_dags/example_local_kubernetes_executor.py took 0.074 seconds
[2026-05-08T18:29:16.049+0100] {processor.py:161} INFO - Started process (PID=12519) to work on /home/najma/airflow-venv/lib/python3.12/site-packages/airflow/example_dags/example_local_kubernetes_executor.py
[2026-05-08T18:29:16.050+0100] {processor.py:830} INFO - Processing file /home/najma/airflow-venv/lib/python3.12/site-packages/airflow/example_dags/example_local_kubernetes_executor.py for tasks to queue
[2026-05-08T18:29:16.052+0100] {logging_mixin.py:188} INFO - [2026-05-08T18:29:16.052+0100] {dagbag.py:540} INFO - Filling up the DagBag from /home/najma/airflow-venv/lib/python3.12/site-packages/airflow/example_dags/example_local_kubernetes_executor.py
[2026-05-08T18:29:16.057+0100] {logging_mixin.py:188} INFO - [2026-05-08T18:29:16.056+0100] {example_local_kubernetes_executor.py:40} WARNING - Could not import DAGs in example_local_kubernetes_executor.py
Traceback (most recent call last):
  File "/home/najma/airflow-venv/lib/python3.12/site-packages/airflow/example_dags/example_local_kubernetes_executor.py", line 38, in <module>
    from kubernetes.client import models as k8s
ModuleNotFoundError: No module named 'kubernetes'
[2026-05-08T18:29:16.058+0100] {logging_mixin.py:188} INFO - [2026-05-08T18:29:16.057+0100] {example_local_kubernetes_executor.py:41} WARNING - Install Kubernetes dependencies with: pip install apache-airflow[cncf.kubernetes]
[2026-05-08T18:29:16.058+0100] {processor.py:842} WARNING - No viable dags retrieved from /home/najma/airflow-venv/lib/python3.12/site-packages/airflow/example_dags/example_local_kubernetes_executor.py
[2026-05-08T18:29:16.086+0100] {processor.py:183} INFO - Processing /home/najma/airflow-venv/lib/python3.12/site-packages/airflow/example_dags/example_local_kubernetes_executor.py took 0.040 seconds
[2026-05-08T18:30:31.780+0100] {processor.py:161} INFO - Started process (PID=12579) to work on /home/najma/airflow-venv/lib/python3.12/site-packages/airflow/example_dags/example_local_kubernetes_executor.py
[2026-05-08T18:30:31.781+0100] {processor.py:830} INFO - Processing file /home/najma/airflow-venv/lib/python3.12/site-packages/airflow/example_dags/example_local_kubernetes_executor.py for tasks to queue
[2026-05-08T18:30:31.784+0100] {logging_mixin.py:188} INFO - [2026-05-08T18:30:31.783+0100] {dagbag.py:540} INFO - Filling up the DagBag from /home/najma/airflow-venv/lib/python3.12/site-packages/airflow/example_dags/example_local_kubernetes_executor.py
[2026-05-08T18:30:31.790+0100] {logging_mixin.py:188} INFO - [2026-05-08T18:30:31.789+0100] {example_local_kubernetes_executor.py:40} WARNING - Could not import DAGs in example_local_kubernetes_executor.py
Traceback (most recent call last):
  File "/home/najma/airflow-venv/lib/python3.12/site-packages/airflow/example_dags/example_local_kubernetes_executor.py", line 38, in <module>
    from kubernetes.client import models as k8s
ModuleNotFoundError: No module named 'kubernetes'
[2026-05-08T18:30:31.791+0100] {logging_mixin.py:188} INFO - [2026-05-08T18:30:31.791+0100] {example_local_kubernetes_executor.py:41} WARNING - Install Kubernetes dependencies with: pip install apache-airflow[cncf.kubernetes]
[2026-05-08T18:30:31.792+0100] {processor.py:842} WARNING - No viable dags retrieved from /home/najma/airflow-venv/lib/python3.12/site-packages/airflow/example_dags/example_local_kubernetes_executor.py
[2026-05-08T18:30:31.816+0100] {processor.py:183} INFO - Processing /home/najma/airflow-venv/lib/python3.12/site-packages/airflow/example_dags/example_local_kubernetes_executor.py took 0.040 seconds
[2026-05-08T18:31:49.776+0100] {processor.py:161} INFO - Started process (PID=12639) to work on /home/najma/airflow-venv/lib/python3.12/site-packages/airflow/example_dags/example_local_kubernetes_executor.py
[2026-05-08T18:31:49.779+0100] {processor.py:830} INFO - Processing file /home/najma/airflow-venv/lib/python3.12/site-packages/airflow/example_dags/example_local_kubernetes_executor.py for tasks to queue
[2026-05-08T18:31:49.780+0100] {logging_mixin.py:188} INFO - [2026-05-08T18:31:49.780+0100] {dagbag.py:540} INFO - Filling up the DagBag from /home/najma/airflow-venv/lib/python3.12/site-packages/airflow/example_dags/example_local_kubernetes_executor.py
[2026-05-08T18:31:49.785+0100] {logging_mixin.py:188} INFO - [2026-05-08T18:31:49.784+0100] {example_local_kubernetes_executor.py:40} WARNING - Could not import DAGs in example_local_kubernetes_executor.py
Traceback (most recent call last):
  File "/home/najma/airflow-venv/lib/python3.12/site-packages/airflow/example_dags/example_local_kubernetes_executor.py", line 38, in <module>
    from kubernetes.client import models as k8s
ModuleNotFoundError: No module named 'kubernetes'
[2026-05-08T18:31:49.786+0100] {logging_mixin.py:188} INFO - [2026-05-08T18:31:49.786+0100] {example_local_kubernetes_executor.py:41} WARNING - Install Kubernetes dependencies with: pip install apache-airflow[cncf.kubernetes]
[2026-05-08T18:31:49.787+0100] {processor.py:842} WARNING - No viable dags retrieved from /home/najma/airflow-venv/lib/python3.12/site-packages/airflow/example_dags/example_local_kubernetes_executor.py
[2026-05-08T18:31:49.816+0100] {processor.py:183} INFO - Processing /home/najma/airflow-venv/lib/python3.12/site-packages/airflow/example_dags/example_local_kubernetes_executor.py took 0.043 seconds
[2026-05-08T18:33:06.273+0100] {processor.py:161} INFO - Started process (PID=12697) to work on /home/najma/airflow-venv/lib/python3.12/site-packages/airflow/example_dags/example_local_kubernetes_executor.py
[2026-05-08T18:33:06.274+0100] {processor.py:830} INFO - Processing file /home/najma/airflow-venv/lib/python3.12/site-packages/airflow/example_dags/example_local_kubernetes_executor.py for tasks to queue
[2026-05-08T18:33:06.276+0100] {logging_mixin.py:188} INFO - [2026-05-08T18:33:06.276+0100] {dagbag.py:540} INFO - Filling up the DagBag from /home/najma/airflow-venv/lib/python3.12/site-packages/airflow/example_dags/example_local_kubernetes_executor.py
[2026-05-08T18:33:06.281+0100] {logging_mixin.py:188} INFO - [2026-05-08T18:33:06.280+0100] {example_local_kubernetes_executor.py:40} WARNING - Could not import DAGs in example_local_kubernetes_executor.py
Traceback (most recent call last):
  File "/home/najma/airflow-venv/lib/python3.12/site-packages/airflow/example_dags/example_local_kubernetes_executor.py", line 38, in <module>
    from kubernetes.client import models as k8s
ModuleNotFoundError: No module named 'kubernetes'
[2026-05-08T18:33:06.282+0100] {logging_mixin.py:188} INFO - [2026-05-08T18:33:06.281+0100] {example_local_kubernetes_executor.py:41} WARNING - Install Kubernetes dependencies with: pip install apache-airflow[cncf.kubernetes]
[2026-05-08T18:33:06.282+0100] {processor.py:842} WARNING - No viable dags retrieved from /home/najma/airflow-venv/lib/python3.12/site-packages/airflow/example_dags/example_local_kubernetes_executor.py
[2026-05-08T18:33:06.310+0100] {processor.py:183} INFO - Processing /home/najma/airflow-venv/lib/python3.12/site-packages/airflow/example_dags/example_local_kubernetes_executor.py took 0.041 seconds
[2026-05-08T18:34:21.833+0100] {processor.py:161} INFO - Started process (PID=12761) to work on /home/najma/airflow-venv/lib/python3.12/site-packages/airflow/example_dags/example_local_kubernetes_executor.py
[2026-05-08T18:34:21.834+0100] {processor.py:830} INFO - Processing file /home/najma/airflow-venv/lib/python3.12/site-packages/airflow/example_dags/example_local_kubernetes_executor.py for tasks to queue
[2026-05-08T18:34:21.837+0100] {logging_mixin.py:188} INFO - [2026-05-08T18:34:21.836+0100] {dagbag.py:540} INFO - Filling up the DagBag from /home/najma/airflow-venv/lib/python3.12/site-packages/airflow/example_dags/example_local_kubernetes_executor.py
[2026-05-08T18:34:21.842+0100] {logging_mixin.py:188} INFO - [2026-05-08T18:34:21.841+0100] {example_local_kubernetes_executor.py:40} WARNING - Could not import DAGs in example_local_kubernetes_executor.py
Traceback (most recent call last):
  File "/home/najma/airflow-venv/lib/python3.12/site-packages/airflow/example_dags/example_local_kubernetes_executor.py", line 38, in <module>
    from kubernetes.client import models as k8s
ModuleNotFoundError: No module named 'kubernetes'
[2026-05-08T18:34:21.843+0100] {logging_mixin.py:188} INFO - [2026-05-08T18:34:21.843+0100] {example_local_kubernetes_executor.py:41} WARNING - Install Kubernetes dependencies with: pip install apache-airflow[cncf.kubernetes]
[2026-05-08T18:34:21.844+0100] {processor.py:842} WARNING - No viable dags retrieved from /home/najma/airflow-venv/lib/python3.12/site-packages/airflow/example_dags/example_local_kubernetes_executor.py
[2026-05-08T18:34:21.870+0100] {processor.py:183} INFO - Processing /home/najma/airflow-venv/lib/python3.12/site-packages/airflow/example_dags/example_local_kubernetes_executor.py took 0.040 seconds
[2026-05-08T18:35:32.607+0100] {processor.py:161} INFO - Started process (PID=12842) to work on /home/najma/airflow-venv/lib/python3.12/site-packages/airflow/example_dags/example_local_kubernetes_executor.py
[2026-05-08T18:35:32.608+0100] {processor.py:830} INFO - Processing file /home/najma/airflow-venv/lib/python3.12/site-packages/airflow/example_dags/example_local_kubernetes_executor.py for tasks to queue
[2026-05-08T18:35:32.609+0100] {logging_mixin.py:188} INFO - [2026-05-08T18:35:32.609+0100] {dagbag.py:540} INFO - Filling up the DagBag from /home/najma/airflow-venv/lib/python3.12/site-packages/airflow/example_dags/example_local_kubernetes_executor.py
[2026-05-08T18:35:32.613+0100] {logging_mixin.py:188} INFO - [2026-05-08T18:35:32.613+0100] {example_local_kubernetes_executor.py:40} WARNING - Could not import DAGs in example_local_kubernetes_executor.py
Traceback (most recent call last):
  File "/home/najma/airflow-venv/lib/python3.12/site-packages/airflow/example_dags/example_local_kubernetes_executor.py", line 38, in <module>
    from kubernetes.client import models as k8s
ModuleNotFoundError: No module named 'kubernetes'
[2026-05-08T18:35:32.614+0100] {logging_mixin.py:188} INFO - [2026-05-08T18:35:32.614+0100] {example_local_kubernetes_executor.py:41} WARNING - Install Kubernetes dependencies with: pip install apache-airflow[cncf.kubernetes]
[2026-05-08T18:35:32.614+0100] {processor.py:842} WARNING - No viable dags retrieved from /home/najma/airflow-venv/lib/python3.12/site-packages/airflow/example_dags/example_local_kubernetes_executor.py
[2026-05-08T18:35:32.637+0100] {processor.py:183} INFO - Processing /home/najma/airflow-venv/lib/python3.12/site-packages/airflow/example_dags/example_local_kubernetes_executor.py took 0.034 seconds
[2026-05-08T18:36:46.956+0100] {processor.py:161} INFO - Started process (PID=12901) to work on /home/najma/airflow-venv/lib/python3.12/site-packages/airflow/example_dags/example_local_kubernetes_executor.py
[2026-05-08T18:36:46.971+0100] {processor.py:830} INFO - Processing file /home/najma/airflow-venv/lib/python3.12/site-packages/airflow/example_dags/example_local_kubernetes_executor.py for tasks to queue
[2026-05-08T18:36:46.972+0100] {logging_mixin.py:188} INFO - [2026-05-08T18:36:46.972+0100] {dagbag.py:540} INFO - Filling up the DagBag from /home/najma/airflow-venv/lib/python3.12/site-packages/airflow/example_dags/example_local_kubernetes_executor.py
[2026-05-08T18:36:46.977+0100] {logging_mixin.py:188} INFO - [2026-05-08T18:36:46.977+0100] {example_local_kubernetes_executor.py:40} WARNING - Could not import DAGs in example_local_kubernetes_executor.py
Traceback (most recent call last):
  File "/home/najma/airflow-venv/lib/python3.12/site-packages/airflow/example_dags/example_local_kubernetes_executor.py", line 38, in <module>
    from kubernetes.client import models as k8s
ModuleNotFoundError: No module named 'kubernetes'
[2026-05-08T18:36:46.978+0100] {logging_mixin.py:188} INFO - [2026-05-08T18:36:46.978+0100] {example_local_kubernetes_executor.py:41} WARNING - Install Kubernetes dependencies with: pip install apache-airflow[cncf.kubernetes]
[2026-05-08T18:36:46.979+0100] {processor.py:842} WARNING - No viable dags retrieved from /home/najma/airflow-venv/lib/python3.12/site-packages/airflow/example_dags/example_local_kubernetes_executor.py
[2026-05-08T18:36:47.004+0100] {processor.py:183} INFO - Processing /home/najma/airflow-venv/lib/python3.12/site-packages/airflow/example_dags/example_local_kubernetes_executor.py took 0.052 seconds
[2026-05-08T18:38:09.400+0100] {processor.py:161} INFO - Started process (PID=12965) to work on /home/najma/airflow-venv/lib/python3.12/site-packages/airflow/example_dags/example_local_kubernetes_executor.py
[2026-05-08T18:38:09.401+0100] {processor.py:830} INFO - Processing file /home/najma/airflow-venv/lib/python3.12/site-packages/airflow/example_dags/example_local_kubernetes_executor.py for tasks to queue
[2026-05-08T18:38:09.403+0100] {logging_mixin.py:188} INFO - [2026-05-08T18:38:09.402+0100] {dagbag.py:540} INFO - Filling up the DagBag from /home/najma/airflow-venv/lib/python3.12/site-packages/airflow/example_dags/example_local_kubernetes_executor.py
[2026-05-08T18:38:09.416+0100] {logging_mixin.py:188} INFO - [2026-05-08T18:38:09.415+0100] {example_local_kubernetes_executor.py:40} WARNING - Could not import DAGs in example_local_kubernetes_executor.py
Traceback (most recent call last):
  File "/home/najma/airflow-venv/lib/python3.12/site-packages/airflow/example_dags/example_local_kubernetes_executor.py", line 38, in <module>
    from kubernetes.client import models as k8s
ModuleNotFoundError: No module named 'kubernetes'
[2026-05-08T18:38:09.417+0100] {logging_mixin.py:188} INFO - [2026-05-08T18:38:09.417+0100] {example_local_kubernetes_executor.py:41} WARNING - Install Kubernetes dependencies with: pip install apache-airflow[cncf.kubernetes]
[2026-05-08T18:38:09.418+0100] {processor.py:842} WARNING - No viable dags retrieved from /home/najma/airflow-venv/lib/python3.12/site-packages/airflow/example_dags/example_local_kubernetes_executor.py
[2026-05-08T18:38:09.450+0100] {processor.py:183} INFO - Processing /home/najma/airflow-venv/lib/python3.12/site-packages/airflow/example_dags/example_local_kubernetes_executor.py took 0.056 seconds
[2026-05-08T18:39:23.043+0100] {processor.py:161} INFO - Started process (PID=13029) to work on /home/najma/airflow-venv/lib/python3.12/site-packages/airflow/example_dags/example_local_kubernetes_executor.py
[2026-05-08T18:39:23.045+0100] {processor.py:830} INFO - Processing file /home/najma/airflow-venv/lib/python3.12/site-packages/airflow/example_dags/example_local_kubernetes_executor.py for tasks to queue
[2026-05-08T18:39:23.046+0100] {logging_mixin.py:188} INFO - [2026-05-08T18:39:23.046+0100] {dagbag.py:540} INFO - Filling up the DagBag from /home/najma/airflow-venv/lib/python3.12/site-packages/airflow/example_dags/example_local_kubernetes_executor.py
[2026-05-08T18:39:23.051+0100] {logging_mixin.py:188} INFO - [2026-05-08T18:39:23.050+0100] {example_local_kubernetes_executor.py:40} WARNING - Could not import DAGs in example_local_kubernetes_executor.py
Traceback (most recent call last):
  File "/home/najma/airflow-venv/lib/python3.12/site-packages/airflow/example_dags/example_local_kubernetes_executor.py", line 38, in <module>
    from kubernetes.client import models as k8s
ModuleNotFoundError: No module named 'kubernetes'
[2026-05-08T18:39:23.052+0100] {logging_mixin.py:188} INFO - [2026-05-08T18:39:23.052+0100] {example_local_kubernetes_executor.py:41} WARNING - Install Kubernetes dependencies with: pip install apache-airflow[cncf.kubernetes]
[2026-05-08T18:39:23.052+0100] {processor.py:842} WARNING - No viable dags retrieved from /home/najma/airflow-venv/lib/python3.12/site-packages/airflow/example_dags/example_local_kubernetes_executor.py
[2026-05-08T18:39:23.079+0100] {processor.py:183} INFO - Processing /home/najma/airflow-venv/lib/python3.12/site-packages/airflow/example_dags/example_local_kubernetes_executor.py took 0.039 seconds
