[2026-05-08T16:42:43.924+0100] {processor.py:161} INFO - Started process (PID=9512) to work on /home/najma/airflow-venv/lib/python3.12/site-packages/airflow/example_dags/tutorial_taskflow_api.py
[2026-05-08T16:42:43.925+0100] {processor.py:830} INFO - Processing file /home/najma/airflow-venv/lib/python3.12/site-packages/airflow/example_dags/tutorial_taskflow_api.py for tasks to queue
[2026-05-08T16:42:43.927+0100] {logging_mixin.py:188} INFO - [2026-05-08T16:42:43.926+0100] {dagbag.py:540} INFO - Filling up the DagBag from /home/najma/airflow-venv/lib/python3.12/site-packages/airflow/example_dags/tutorial_taskflow_api.py
[2026-05-08T16:42:43.936+0100] {processor.py:840} INFO - DAG(s) 'tutorial_taskflow_api' retrieved from /home/najma/airflow-venv/lib/python3.12/site-packages/airflow/example_dags/tutorial_taskflow_api.py
[2026-05-08T16:42:44.126+0100] {logging_mixin.py:188} INFO - [2026-05-08T16:42:44.125+0100] {override.py:1829} INFO - Created Permission View: can read on DAG:tutorial_taskflow_api
[2026-05-08T16:42:44.181+0100] {logging_mixin.py:188} INFO - [2026-05-08T16:42:44.180+0100] {override.py:1829} INFO - Created Permission View: can edit on DAG:tutorial_taskflow_api
[2026-05-08T16:42:44.233+0100] {logging_mixin.py:188} INFO - [2026-05-08T16:42:44.232+0100] {override.py:1829} INFO - Created Permission View: can delete on DAG:tutorial_taskflow_api
[2026-05-08T16:42:44.234+0100] {logging_mixin.py:188} INFO - [2026-05-08T16:42:44.233+0100] {dag.py:3096} INFO - Sync 1 DAGs
[2026-05-08T16:42:44.258+0100] {logging_mixin.py:188} INFO - [2026-05-08T16:42:44.258+0100] {dag.py:3118} INFO - Creating ORM DAG for tutorial_taskflow_api
[2026-05-08T16:42:44.260+0100] {logging_mixin.py:188} INFO - [2026-05-08T16:42:44.260+0100] {dag.py:3954} INFO - Setting next_dagrun for tutorial_taskflow_api to None, run_after=None
[2026-05-08T16:42:44.362+0100] {processor.py:183} INFO - Processing /home/najma/airflow-venv/lib/python3.12/site-packages/airflow/example_dags/tutorial_taskflow_api.py took 0.442 seconds
[2026-05-08T16:44:01.029+0100] {processor.py:161} INFO - Started process (PID=9591) to work on /home/najma/airflow-venv/lib/python3.12/site-packages/airflow/example_dags/tutorial_taskflow_api.py
[2026-05-08T16:44:01.030+0100] {processor.py:830} INFO - Processing file /home/najma/airflow-venv/lib/python3.12/site-packages/airflow/example_dags/tutorial_taskflow_api.py for tasks to queue
[2026-05-08T16:44:01.032+0100] {logging_mixin.py:188} INFO - [2026-05-08T16:44:01.031+0100] {dagbag.py:540} INFO - Filling up the DagBag from /home/najma/airflow-venv/lib/python3.12/site-packages/airflow/example_dags/tutorial_taskflow_api.py
[2026-05-08T16:44:01.036+0100] {processor.py:840} INFO - DAG(s) 'tutorial_taskflow_api' retrieved from /home/najma/airflow-venv/lib/python3.12/site-packages/airflow/example_dags/tutorial_taskflow_api.py
[2026-05-08T16:44:01.062+0100] {logging_mixin.py:188} INFO - [2026-05-08T16:44:01.062+0100] {dag.py:3096} INFO - Sync 1 DAGs
[2026-05-08T16:44:01.075+0100] {logging_mixin.py:188} INFO - [2026-05-08T16:44:01.074+0100] {dag.py:3954} INFO - Setting next_dagrun for tutorial_taskflow_api to None, run_after=None
[2026-05-08T16:44:01.172+0100] {processor.py:183} INFO - Processing /home/najma/airflow-venv/lib/python3.12/site-packages/airflow/example_dags/tutorial_taskflow_api.py took 0.147 seconds
[2026-05-08T16:45:21.599+0100] {processor.py:161} INFO - Started process (PID=9668) to work on /home/najma/airflow-venv/lib/python3.12/site-packages/airflow/example_dags/tutorial_taskflow_api.py
[2026-05-08T16:45:21.622+0100] {processor.py:830} INFO - Processing file /home/najma/airflow-venv/lib/python3.12/site-packages/airflow/example_dags/tutorial_taskflow_api.py for tasks to queue
[2026-05-08T16:45:21.624+0100] {logging_mixin.py:188} INFO - [2026-05-08T16:45:21.624+0100] {dagbag.py:540} INFO - Filling up the DagBag from /home/najma/airflow-venv/lib/python3.12/site-packages/airflow/example_dags/tutorial_taskflow_api.py
[2026-05-08T16:45:21.630+0100] {processor.py:840} INFO - DAG(s) 'tutorial_taskflow_api' retrieved from /home/najma/airflow-venv/lib/python3.12/site-packages/airflow/example_dags/tutorial_taskflow_api.py
[2026-05-08T16:45:21.664+0100] {logging_mixin.py:188} INFO - [2026-05-08T16:45:21.664+0100] {dag.py:3096} INFO - Sync 1 DAGs
[2026-05-08T16:45:21.682+0100] {logging_mixin.py:188} INFO - [2026-05-08T16:45:21.682+0100] {dag.py:3954} INFO - Setting next_dagrun for tutorial_taskflow_api to None, run_after=None
[2026-05-08T16:45:21.773+0100] {processor.py:183} INFO - Processing /home/najma/airflow-venv/lib/python3.12/site-packages/airflow/example_dags/tutorial_taskflow_api.py took 0.178 seconds
[2026-05-08T16:46:36.278+0100] {processor.py:161} INFO - Started process (PID=9734) to work on /home/najma/airflow-venv/lib/python3.12/site-packages/airflow/example_dags/tutorial_taskflow_api.py
[2026-05-08T16:46:36.279+0100] {processor.py:830} INFO - Processing file /home/najma/airflow-venv/lib/python3.12/site-packages/airflow/example_dags/tutorial_taskflow_api.py for tasks to queue
[2026-05-08T16:46:36.281+0100] {logging_mixin.py:188} INFO - [2026-05-08T16:46:36.281+0100] {dagbag.py:540} INFO - Filling up the DagBag from /home/najma/airflow-venv/lib/python3.12/site-packages/airflow/example_dags/tutorial_taskflow_api.py
[2026-05-08T16:46:36.286+0100] {processor.py:840} INFO - DAG(s) 'tutorial_taskflow_api' retrieved from /home/najma/airflow-venv/lib/python3.12/site-packages/airflow/example_dags/tutorial_taskflow_api.py
[2026-05-08T16:46:36.313+0100] {logging_mixin.py:188} INFO - [2026-05-08T16:46:36.313+0100] {dag.py:3096} INFO - Sync 1 DAGs
[2026-05-08T16:46:36.326+0100] {logging_mixin.py:188} INFO - [2026-05-08T16:46:36.326+0100] {dag.py:3954} INFO - Setting next_dagrun for tutorial_taskflow_api to None, run_after=None
[2026-05-08T16:46:36.423+0100] {processor.py:183} INFO - Processing /home/najma/airflow-venv/lib/python3.12/site-packages/airflow/example_dags/tutorial_taskflow_api.py took 0.149 seconds
[2026-05-08T16:47:23.654+0100] {processor.py:161} INFO - Started process (PID=9777) to work on /home/najma/airflow-venv/lib/python3.12/site-packages/airflow/example_dags/tutorial_taskflow_api.py
[2026-05-08T16:47:23.656+0100] {processor.py:830} INFO - Processing file /home/najma/airflow-venv/lib/python3.12/site-packages/airflow/example_dags/tutorial_taskflow_api.py for tasks to queue
[2026-05-08T16:47:23.658+0100] {logging_mixin.py:188} INFO - [2026-05-08T16:47:23.658+0100] {dagbag.py:540} INFO - Filling up the DagBag from /home/najma/airflow-venv/lib/python3.12/site-packages/airflow/example_dags/tutorial_taskflow_api.py
[2026-05-08T16:47:23.664+0100] {processor.py:840} INFO - DAG(s) 'tutorial_taskflow_api' retrieved from /home/najma/airflow-venv/lib/python3.12/site-packages/airflow/example_dags/tutorial_taskflow_api.py
[2026-05-08T16:47:23.701+0100] {logging_mixin.py:188} INFO - [2026-05-08T16:47:23.701+0100] {dag.py:3096} INFO - Sync 1 DAGs
[2026-05-08T16:47:23.714+0100] {logging_mixin.py:188} INFO - [2026-05-08T16:47:23.714+0100] {dag.py:3954} INFO - Setting next_dagrun for tutorial_taskflow_api to None, run_after=None
[2026-05-08T16:47:23.806+0100] {processor.py:183} INFO - Processing /home/najma/airflow-venv/lib/python3.12/site-packages/airflow/example_dags/tutorial_taskflow_api.py took 0.156 seconds
[2026-05-08T16:48:34.083+0100] {processor.py:161} INFO - Started process (PID=9841) to work on /home/najma/airflow-venv/lib/python3.12/site-packages/airflow/example_dags/tutorial_taskflow_api.py
[2026-05-08T16:48:34.085+0100] {processor.py:830} INFO - Processing file /home/najma/airflow-venv/lib/python3.12/site-packages/airflow/example_dags/tutorial_taskflow_api.py for tasks to queue
[2026-05-08T16:48:34.087+0100] {logging_mixin.py:188} INFO - [2026-05-08T16:48:34.087+0100] {dagbag.py:540} INFO - Filling up the DagBag from /home/najma/airflow-venv/lib/python3.12/site-packages/airflow/example_dags/tutorial_taskflow_api.py
[2026-05-08T16:48:34.093+0100] {processor.py:840} INFO - DAG(s) 'tutorial_taskflow_api' retrieved from /home/najma/airflow-venv/lib/python3.12/site-packages/airflow/example_dags/tutorial_taskflow_api.py
[2026-05-08T16:48:34.131+0100] {logging_mixin.py:188} INFO - [2026-05-08T16:48:34.131+0100] {dag.py:3096} INFO - Sync 1 DAGs
[2026-05-08T16:48:34.151+0100] {logging_mixin.py:188} INFO - [2026-05-08T16:48:34.151+0100] {dag.py:3954} INFO - Setting next_dagrun for tutorial_taskflow_api to None, run_after=None
[2026-05-08T16:48:34.279+0100] {processor.py:183} INFO - Processing /home/najma/airflow-venv/lib/python3.12/site-packages/airflow/example_dags/tutorial_taskflow_api.py took 0.200 seconds
[2026-05-08T17:45:20.727+0100] {processor.py:161} INFO - Started process (PID=10229) to work on /home/najma/airflow-venv/lib/python3.12/site-packages/airflow/example_dags/tutorial_taskflow_api.py
[2026-05-08T17:45:20.729+0100] {processor.py:830} INFO - Processing file /home/najma/airflow-venv/lib/python3.12/site-packages/airflow/example_dags/tutorial_taskflow_api.py for tasks to queue
[2026-05-08T17:45:20.731+0100] {logging_mixin.py:188} INFO - [2026-05-08T17:45:20.731+0100] {dagbag.py:540} INFO - Filling up the DagBag from /home/najma/airflow-venv/lib/python3.12/site-packages/airflow/example_dags/tutorial_taskflow_api.py
[2026-05-08T17:45:20.746+0100] {processor.py:840} INFO - DAG(s) 'tutorial_taskflow_api' retrieved from /home/najma/airflow-venv/lib/python3.12/site-packages/airflow/example_dags/tutorial_taskflow_api.py
[2026-05-08T17:45:20.815+0100] {logging_mixin.py:188} INFO - [2026-05-08T17:45:20.815+0100] {dag.py:3096} INFO - Sync 1 DAGs
[2026-05-08T17:45:20.851+0100] {logging_mixin.py:188} INFO - [2026-05-08T17:45:20.851+0100] {dag.py:3954} INFO - Setting next_dagrun for tutorial_taskflow_api to None, run_after=None
[2026-05-08T17:45:21.070+0100] {processor.py:183} INFO - Processing /home/najma/airflow-venv/lib/python3.12/site-packages/airflow/example_dags/tutorial_taskflow_api.py took 0.347 seconds
[2026-05-08T17:46:31.138+0100] {processor.py:161} INFO - Started process (PID=10305) to work on /home/najma/airflow-venv/lib/python3.12/site-packages/airflow/example_dags/tutorial_taskflow_api.py
[2026-05-08T17:46:31.139+0100] {processor.py:830} INFO - Processing file /home/najma/airflow-venv/lib/python3.12/site-packages/airflow/example_dags/tutorial_taskflow_api.py for tasks to queue
[2026-05-08T17:46:31.141+0100] {logging_mixin.py:188} INFO - [2026-05-08T17:46:31.141+0100] {dagbag.py:540} INFO - Filling up the DagBag from /home/najma/airflow-venv/lib/python3.12/site-packages/airflow/example_dags/tutorial_taskflow_api.py
[2026-05-08T17:46:31.147+0100] {processor.py:840} INFO - DAG(s) 'tutorial_taskflow_api' retrieved from /home/najma/airflow-venv/lib/python3.12/site-packages/airflow/example_dags/tutorial_taskflow_api.py
[2026-05-08T17:46:31.182+0100] {logging_mixin.py:188} INFO - [2026-05-08T17:46:31.182+0100] {dag.py:3096} INFO - Sync 1 DAGs
[2026-05-08T17:46:31.196+0100] {logging_mixin.py:188} INFO - [2026-05-08T17:46:31.196+0100] {dag.py:3954} INFO - Setting next_dagrun for tutorial_taskflow_api to None, run_after=None
[2026-05-08T17:46:31.284+0100] {processor.py:183} INFO - Processing /home/najma/airflow-venv/lib/python3.12/site-packages/airflow/example_dags/tutorial_taskflow_api.py took 0.149 seconds
[2026-05-08T17:47:51.948+0100] {processor.py:161} INFO - Started process (PID=10370) to work on /home/najma/airflow-venv/lib/python3.12/site-packages/airflow/example_dags/tutorial_taskflow_api.py
[2026-05-08T17:47:51.950+0100] {processor.py:830} INFO - Processing file /home/najma/airflow-venv/lib/python3.12/site-packages/airflow/example_dags/tutorial_taskflow_api.py for tasks to queue
[2026-05-08T17:47:51.952+0100] {logging_mixin.py:188} INFO - [2026-05-08T17:47:51.952+0100] {dagbag.py:540} INFO - Filling up the DagBag from /home/najma/airflow-venv/lib/python3.12/site-packages/airflow/example_dags/tutorial_taskflow_api.py
[2026-05-08T17:47:51.957+0100] {processor.py:840} INFO - DAG(s) 'tutorial_taskflow_api' retrieved from /home/najma/airflow-venv/lib/python3.12/site-packages/airflow/example_dags/tutorial_taskflow_api.py
[2026-05-08T17:47:51.986+0100] {logging_mixin.py:188} INFO - [2026-05-08T17:47:51.986+0100] {dag.py:3096} INFO - Sync 1 DAGs
[2026-05-08T17:47:51.999+0100] {logging_mixin.py:188} INFO - [2026-05-08T17:47:51.999+0100] {dag.py:3954} INFO - Setting next_dagrun for tutorial_taskflow_api to None, run_after=None
[2026-05-08T17:47:52.083+0100] {processor.py:183} INFO - Processing /home/najma/airflow-venv/lib/python3.12/site-packages/airflow/example_dags/tutorial_taskflow_api.py took 0.139 seconds
[2026-05-08T17:49:00.256+0100] {processor.py:161} INFO - Started process (PID=10431) to work on /home/najma/airflow-venv/lib/python3.12/site-packages/airflow/example_dags/tutorial_taskflow_api.py
[2026-05-08T17:49:00.257+0100] {processor.py:830} INFO - Processing file /home/najma/airflow-venv/lib/python3.12/site-packages/airflow/example_dags/tutorial_taskflow_api.py for tasks to queue
[2026-05-08T17:49:00.259+0100] {logging_mixin.py:188} INFO - [2026-05-08T17:49:00.258+0100] {dagbag.py:540} INFO - Filling up the DagBag from /home/najma/airflow-venv/lib/python3.12/site-packages/airflow/example_dags/tutorial_taskflow_api.py
[2026-05-08T17:49:00.264+0100] {processor.py:840} INFO - DAG(s) 'tutorial_taskflow_api' retrieved from /home/najma/airflow-venv/lib/python3.12/site-packages/airflow/example_dags/tutorial_taskflow_api.py
[2026-05-08T17:49:00.294+0100] {logging_mixin.py:188} INFO - [2026-05-08T17:49:00.293+0100] {dag.py:3096} INFO - Sync 1 DAGs
[2026-05-08T17:49:00.307+0100] {logging_mixin.py:188} INFO - [2026-05-08T17:49:00.307+0100] {dag.py:3954} INFO - Setting next_dagrun for tutorial_taskflow_api to None, run_after=None
[2026-05-08T17:49:00.393+0100] {processor.py:183} INFO - Processing /home/najma/airflow-venv/lib/python3.12/site-packages/airflow/example_dags/tutorial_taskflow_api.py took 0.141 seconds
[2026-05-08T17:50:11.872+0100] {processor.py:161} INFO - Started process (PID=10492) to work on /home/najma/airflow-venv/lib/python3.12/site-packages/airflow/example_dags/tutorial_taskflow_api.py
[2026-05-08T17:50:11.873+0100] {processor.py:830} INFO - Processing file /home/najma/airflow-venv/lib/python3.12/site-packages/airflow/example_dags/tutorial_taskflow_api.py for tasks to queue
[2026-05-08T17:50:11.875+0100] {logging_mixin.py:188} INFO - [2026-05-08T17:50:11.874+0100] {dagbag.py:540} INFO - Filling up the DagBag from /home/najma/airflow-venv/lib/python3.12/site-packages/airflow/example_dags/tutorial_taskflow_api.py
[2026-05-08T17:50:11.880+0100] {processor.py:840} INFO - DAG(s) 'tutorial_taskflow_api' retrieved from /home/najma/airflow-venv/lib/python3.12/site-packages/airflow/example_dags/tutorial_taskflow_api.py
[2026-05-08T17:50:11.909+0100] {logging_mixin.py:188} INFO - [2026-05-08T17:50:11.908+0100] {dag.py:3096} INFO - Sync 1 DAGs
[2026-05-08T17:50:11.924+0100] {logging_mixin.py:188} INFO - [2026-05-08T17:50:11.923+0100] {dag.py:3954} INFO - Setting next_dagrun for tutorial_taskflow_api to None, run_after=None
[2026-05-08T17:50:12.015+0100] {processor.py:183} INFO - Processing /home/najma/airflow-venv/lib/python3.12/site-packages/airflow/example_dags/tutorial_taskflow_api.py took 0.147 seconds
[2026-05-08T17:51:25.282+0100] {processor.py:161} INFO - Started process (PID=10552) to work on /home/najma/airflow-venv/lib/python3.12/site-packages/airflow/example_dags/tutorial_taskflow_api.py
[2026-05-08T17:51:25.284+0100] {processor.py:830} INFO - Processing file /home/najma/airflow-venv/lib/python3.12/site-packages/airflow/example_dags/tutorial_taskflow_api.py for tasks to queue
[2026-05-08T17:51:25.286+0100] {logging_mixin.py:188} INFO - [2026-05-08T17:51:25.285+0100] {dagbag.py:540} INFO - Filling up the DagBag from /home/najma/airflow-venv/lib/python3.12/site-packages/airflow/example_dags/tutorial_taskflow_api.py
[2026-05-08T17:51:25.291+0100] {processor.py:840} INFO - DAG(s) 'tutorial_taskflow_api' retrieved from /home/najma/airflow-venv/lib/python3.12/site-packages/airflow/example_dags/tutorial_taskflow_api.py
[2026-05-08T17:51:25.319+0100] {logging_mixin.py:188} INFO - [2026-05-08T17:51:25.319+0100] {dag.py:3096} INFO - Sync 1 DAGs
[2026-05-08T17:51:25.334+0100] {logging_mixin.py:188} INFO - [2026-05-08T17:51:25.334+0100] {dag.py:3954} INFO - Setting next_dagrun for tutorial_taskflow_api to None, run_after=None
[2026-05-08T17:51:25.418+0100] {processor.py:183} INFO - Processing /home/najma/airflow-venv/lib/python3.12/site-packages/airflow/example_dags/tutorial_taskflow_api.py took 0.140 seconds
[2026-05-08T17:52:49.202+0100] {processor.py:161} INFO - Started process (PID=10642) to work on /home/najma/airflow-venv/lib/python3.12/site-packages/airflow/example_dags/tutorial_taskflow_api.py
[2026-05-08T17:52:49.203+0100] {processor.py:830} INFO - Processing file /home/najma/airflow-venv/lib/python3.12/site-packages/airflow/example_dags/tutorial_taskflow_api.py for tasks to queue
[2026-05-08T17:52:49.205+0100] {logging_mixin.py:188} INFO - [2026-05-08T17:52:49.204+0100] {dagbag.py:540} INFO - Filling up the DagBag from /home/najma/airflow-venv/lib/python3.12/site-packages/airflow/example_dags/tutorial_taskflow_api.py
[2026-05-08T17:52:49.209+0100] {processor.py:840} INFO - DAG(s) 'tutorial_taskflow_api' retrieved from /home/najma/airflow-venv/lib/python3.12/site-packages/airflow/example_dags/tutorial_taskflow_api.py
[2026-05-08T17:52:49.239+0100] {logging_mixin.py:188} INFO - [2026-05-08T17:52:49.238+0100] {dag.py:3096} INFO - Sync 1 DAGs
[2026-05-08T17:52:49.252+0100] {logging_mixin.py:188} INFO - [2026-05-08T17:52:49.252+0100] {dag.py:3954} INFO - Setting next_dagrun for tutorial_taskflow_api to None, run_after=None
[2026-05-08T17:52:49.341+0100] {processor.py:183} INFO - Processing /home/najma/airflow-venv/lib/python3.12/site-packages/airflow/example_dags/tutorial_taskflow_api.py took 0.143 seconds
[2026-05-08T17:53:56.868+0100] {processor.py:161} INFO - Started process (PID=10701) to work on /home/najma/airflow-venv/lib/python3.12/site-packages/airflow/example_dags/tutorial_taskflow_api.py
[2026-05-08T17:53:56.869+0100] {processor.py:830} INFO - Processing file /home/najma/airflow-venv/lib/python3.12/site-packages/airflow/example_dags/tutorial_taskflow_api.py for tasks to queue
[2026-05-08T17:53:56.871+0100] {logging_mixin.py:188} INFO - [2026-05-08T17:53:56.870+0100] {dagbag.py:540} INFO - Filling up the DagBag from /home/najma/airflow-venv/lib/python3.12/site-packages/airflow/example_dags/tutorial_taskflow_api.py
[2026-05-08T17:53:56.876+0100] {processor.py:840} INFO - DAG(s) 'tutorial_taskflow_api' retrieved from /home/najma/airflow-venv/lib/python3.12/site-packages/airflow/example_dags/tutorial_taskflow_api.py
[2026-05-08T17:53:56.902+0100] {logging_mixin.py:188} INFO - [2026-05-08T17:53:56.902+0100] {dag.py:3096} INFO - Sync 1 DAGs
[2026-05-08T17:53:56.915+0100] {logging_mixin.py:188} INFO - [2026-05-08T17:53:56.915+0100] {dag.py:3954} INFO - Setting next_dagrun for tutorial_taskflow_api to None, run_after=None
[2026-05-08T17:53:57.006+0100] {processor.py:183} INFO - Processing /home/najma/airflow-venv/lib/python3.12/site-packages/airflow/example_dags/tutorial_taskflow_api.py took 0.141 seconds
[2026-05-08T17:55:03.642+0100] {processor.py:161} INFO - Started process (PID=10773) to work on /home/najma/airflow-venv/lib/python3.12/site-packages/airflow/example_dags/tutorial_taskflow_api.py
[2026-05-08T17:55:03.643+0100] {processor.py:830} INFO - Processing file /home/najma/airflow-venv/lib/python3.12/site-packages/airflow/example_dags/tutorial_taskflow_api.py for tasks to queue
[2026-05-08T17:55:03.644+0100] {logging_mixin.py:188} INFO - [2026-05-08T17:55:03.644+0100] {dagbag.py:540} INFO - Filling up the DagBag from /home/najma/airflow-venv/lib/python3.12/site-packages/airflow/example_dags/tutorial_taskflow_api.py
[2026-05-08T17:55:03.649+0100] {processor.py:840} INFO - DAG(s) 'tutorial_taskflow_api' retrieved from /home/najma/airflow-venv/lib/python3.12/site-packages/airflow/example_dags/tutorial_taskflow_api.py
[2026-05-08T17:55:03.677+0100] {logging_mixin.py:188} INFO - [2026-05-08T17:55:03.677+0100] {dag.py:3096} INFO - Sync 1 DAGs
[2026-05-08T17:55:03.691+0100] {logging_mixin.py:188} INFO - [2026-05-08T17:55:03.691+0100] {dag.py:3954} INFO - Setting next_dagrun for tutorial_taskflow_api to None, run_after=None
[2026-05-08T17:55:03.799+0100] {processor.py:183} INFO - Processing /home/najma/airflow-venv/lib/python3.12/site-packages/airflow/example_dags/tutorial_taskflow_api.py took 0.161 seconds
[2026-05-08T17:56:09.592+0100] {processor.py:161} INFO - Started process (PID=10832) to work on /home/najma/airflow-venv/lib/python3.12/site-packages/airflow/example_dags/tutorial_taskflow_api.py
[2026-05-08T17:56:09.594+0100] {processor.py:830} INFO - Processing file /home/najma/airflow-venv/lib/python3.12/site-packages/airflow/example_dags/tutorial_taskflow_api.py for tasks to queue
[2026-05-08T17:56:09.603+0100] {logging_mixin.py:188} INFO - [2026-05-08T17:56:09.599+0100] {dagbag.py:540} INFO - Filling up the DagBag from /home/najma/airflow-venv/lib/python3.12/site-packages/airflow/example_dags/tutorial_taskflow_api.py
[2026-05-08T17:56:09.610+0100] {processor.py:840} INFO - DAG(s) 'tutorial_taskflow_api' retrieved from /home/najma/airflow-venv/lib/python3.12/site-packages/airflow/example_dags/tutorial_taskflow_api.py
[2026-05-08T17:56:09.653+0100] {logging_mixin.py:188} INFO - [2026-05-08T17:56:09.653+0100] {dag.py:3096} INFO - Sync 1 DAGs
[2026-05-08T17:56:09.670+0100] {logging_mixin.py:188} INFO - [2026-05-08T17:56:09.670+0100] {dag.py:3954} INFO - Setting next_dagrun for tutorial_taskflow_api to None, run_after=None
[2026-05-08T17:56:09.747+0100] {processor.py:183} INFO - Processing /home/najma/airflow-venv/lib/python3.12/site-packages/airflow/example_dags/tutorial_taskflow_api.py took 0.160 seconds
[2026-05-08T17:57:26.751+0100] {processor.py:161} INFO - Started process (PID=10893) to work on /home/najma/airflow-venv/lib/python3.12/site-packages/airflow/example_dags/tutorial_taskflow_api.py
[2026-05-08T17:57:26.752+0100] {processor.py:830} INFO - Processing file /home/najma/airflow-venv/lib/python3.12/site-packages/airflow/example_dags/tutorial_taskflow_api.py for tasks to queue
[2026-05-08T17:57:26.754+0100] {logging_mixin.py:188} INFO - [2026-05-08T17:57:26.754+0100] {dagbag.py:540} INFO - Filling up the DagBag from /home/najma/airflow-venv/lib/python3.12/site-packages/airflow/example_dags/tutorial_taskflow_api.py
[2026-05-08T17:57:26.762+0100] {processor.py:840} INFO - DAG(s) 'tutorial_taskflow_api' retrieved from /home/najma/airflow-venv/lib/python3.12/site-packages/airflow/example_dags/tutorial_taskflow_api.py
[2026-05-08T17:57:26.793+0100] {logging_mixin.py:188} INFO - [2026-05-08T17:57:26.793+0100] {dag.py:3096} INFO - Sync 1 DAGs
[2026-05-08T17:57:26.807+0100] {logging_mixin.py:188} INFO - [2026-05-08T17:57:26.807+0100] {dag.py:3954} INFO - Setting next_dagrun for tutorial_taskflow_api to None, run_after=None
[2026-05-08T17:57:26.900+0100] {processor.py:183} INFO - Processing /home/najma/airflow-venv/lib/python3.12/site-packages/airflow/example_dags/tutorial_taskflow_api.py took 0.153 seconds
[2026-05-08T17:58:36.317+0100] {processor.py:161} INFO - Started process (PID=10954) to work on /home/najma/airflow-venv/lib/python3.12/site-packages/airflow/example_dags/tutorial_taskflow_api.py
[2026-05-08T17:58:36.318+0100] {processor.py:830} INFO - Processing file /home/najma/airflow-venv/lib/python3.12/site-packages/airflow/example_dags/tutorial_taskflow_api.py for tasks to queue
[2026-05-08T17:58:36.320+0100] {logging_mixin.py:188} INFO - [2026-05-08T17:58:36.320+0100] {dagbag.py:540} INFO - Filling up the DagBag from /home/najma/airflow-venv/lib/python3.12/site-packages/airflow/example_dags/tutorial_taskflow_api.py
[2026-05-08T17:58:36.332+0100] {processor.py:840} INFO - DAG(s) 'tutorial_taskflow_api' retrieved from /home/najma/airflow-venv/lib/python3.12/site-packages/airflow/example_dags/tutorial_taskflow_api.py
[2026-05-08T17:58:36.362+0100] {logging_mixin.py:188} INFO - [2026-05-08T17:58:36.361+0100] {dag.py:3096} INFO - Sync 1 DAGs
[2026-05-08T17:58:36.381+0100] {logging_mixin.py:188} INFO - [2026-05-08T17:58:36.380+0100] {dag.py:3954} INFO - Setting next_dagrun for tutorial_taskflow_api to None, run_after=None
[2026-05-08T17:58:36.466+0100] {processor.py:183} INFO - Processing /home/najma/airflow-venv/lib/python3.12/site-packages/airflow/example_dags/tutorial_taskflow_api.py took 0.153 seconds
[2026-05-08T17:59:41.756+0100] {processor.py:161} INFO - Started process (PID=11012) to work on /home/najma/airflow-venv/lib/python3.12/site-packages/airflow/example_dags/tutorial_taskflow_api.py
[2026-05-08T17:59:41.757+0100] {processor.py:830} INFO - Processing file /home/najma/airflow-venv/lib/python3.12/site-packages/airflow/example_dags/tutorial_taskflow_api.py for tasks to queue
[2026-05-08T17:59:41.759+0100] {logging_mixin.py:188} INFO - [2026-05-08T17:59:41.759+0100] {dagbag.py:540} INFO - Filling up the DagBag from /home/najma/airflow-venv/lib/python3.12/site-packages/airflow/example_dags/tutorial_taskflow_api.py
[2026-05-08T17:59:41.765+0100] {processor.py:840} INFO - DAG(s) 'tutorial_taskflow_api' retrieved from /home/najma/airflow-venv/lib/python3.12/site-packages/airflow/example_dags/tutorial_taskflow_api.py
[2026-05-08T17:59:41.791+0100] {logging_mixin.py:188} INFO - [2026-05-08T17:59:41.790+0100] {dag.py:3096} INFO - Sync 1 DAGs
[2026-05-08T17:59:41.804+0100] {logging_mixin.py:188} INFO - [2026-05-08T17:59:41.804+0100] {dag.py:3954} INFO - Setting next_dagrun for tutorial_taskflow_api to None, run_after=None
[2026-05-08T17:59:41.884+0100] {processor.py:183} INFO - Processing /home/najma/airflow-venv/lib/python3.12/site-packages/airflow/example_dags/tutorial_taskflow_api.py took 0.131 seconds
[2026-05-08T18:00:52.640+0100] {processor.py:161} INFO - Started process (PID=11075) to work on /home/najma/airflow-venv/lib/python3.12/site-packages/airflow/example_dags/tutorial_taskflow_api.py
[2026-05-08T18:00:52.642+0100] {processor.py:830} INFO - Processing file /home/najma/airflow-venv/lib/python3.12/site-packages/airflow/example_dags/tutorial_taskflow_api.py for tasks to queue
[2026-05-08T18:00:52.643+0100] {logging_mixin.py:188} INFO - [2026-05-08T18:00:52.643+0100] {dagbag.py:540} INFO - Filling up the DagBag from /home/najma/airflow-venv/lib/python3.12/site-packages/airflow/example_dags/tutorial_taskflow_api.py
[2026-05-08T18:00:52.649+0100] {processor.py:840} INFO - DAG(s) 'tutorial_taskflow_api' retrieved from /home/najma/airflow-venv/lib/python3.12/site-packages/airflow/example_dags/tutorial_taskflow_api.py
[2026-05-08T18:00:52.676+0100] {logging_mixin.py:188} INFO - [2026-05-08T18:00:52.676+0100] {dag.py:3096} INFO - Sync 1 DAGs
[2026-05-08T18:00:52.689+0100] {logging_mixin.py:188} INFO - [2026-05-08T18:00:52.689+0100] {dag.py:3954} INFO - Setting next_dagrun for tutorial_taskflow_api to None, run_after=None
[2026-05-08T18:00:52.785+0100] {processor.py:183} INFO - Processing /home/najma/airflow-venv/lib/python3.12/site-packages/airflow/example_dags/tutorial_taskflow_api.py took 0.149 seconds
[2026-05-08T18:01:56.366+0100] {processor.py:161} INFO - Started process (PID=11132) to work on /home/najma/airflow-venv/lib/python3.12/site-packages/airflow/example_dags/tutorial_taskflow_api.py
[2026-05-08T18:01:56.367+0100] {processor.py:830} INFO - Processing file /home/najma/airflow-venv/lib/python3.12/site-packages/airflow/example_dags/tutorial_taskflow_api.py for tasks to queue
[2026-05-08T18:01:56.369+0100] {logging_mixin.py:188} INFO - [2026-05-08T18:01:56.369+0100] {dagbag.py:540} INFO - Filling up the DagBag from /home/najma/airflow-venv/lib/python3.12/site-packages/airflow/example_dags/tutorial_taskflow_api.py
[2026-05-08T18:01:56.374+0100] {processor.py:840} INFO - DAG(s) 'tutorial_taskflow_api' retrieved from /home/najma/airflow-venv/lib/python3.12/site-packages/airflow/example_dags/tutorial_taskflow_api.py
[2026-05-08T18:01:56.400+0100] {logging_mixin.py:188} INFO - [2026-05-08T18:01:56.400+0100] {dag.py:3096} INFO - Sync 1 DAGs
[2026-05-08T18:01:56.418+0100] {logging_mixin.py:188} INFO - [2026-05-08T18:01:56.417+0100] {dag.py:3954} INFO - Setting next_dagrun for tutorial_taskflow_api to None, run_after=None
[2026-05-08T18:01:56.505+0100] {processor.py:183} INFO - Processing /home/najma/airflow-venv/lib/python3.12/site-packages/airflow/example_dags/tutorial_taskflow_api.py took 0.143 seconds
[2026-05-08T18:02:59.935+0100] {processor.py:161} INFO - Started process (PID=11190) to work on /home/najma/airflow-venv/lib/python3.12/site-packages/airflow/example_dags/tutorial_taskflow_api.py
[2026-05-08T18:02:59.936+0100] {processor.py:830} INFO - Processing file /home/najma/airflow-venv/lib/python3.12/site-packages/airflow/example_dags/tutorial_taskflow_api.py for tasks to queue
[2026-05-08T18:02:59.939+0100] {logging_mixin.py:188} INFO - [2026-05-08T18:02:59.938+0100] {dagbag.py:540} INFO - Filling up the DagBag from /home/najma/airflow-venv/lib/python3.12/site-packages/airflow/example_dags/tutorial_taskflow_api.py
[2026-05-08T18:02:59.945+0100] {processor.py:840} INFO - DAG(s) 'tutorial_taskflow_api' retrieved from /home/najma/airflow-venv/lib/python3.12/site-packages/airflow/example_dags/tutorial_taskflow_api.py
[2026-05-08T18:02:59.973+0100] {logging_mixin.py:188} INFO - [2026-05-08T18:02:59.973+0100] {dag.py:3096} INFO - Sync 1 DAGs
[2026-05-08T18:02:59.986+0100] {logging_mixin.py:188} INFO - [2026-05-08T18:02:59.986+0100] {dag.py:3954} INFO - Setting next_dagrun for tutorial_taskflow_api to None, run_after=None
[2026-05-08T18:03:00.070+0100] {processor.py:183} INFO - Processing /home/najma/airflow-venv/lib/python3.12/site-packages/airflow/example_dags/tutorial_taskflow_api.py took 0.138 seconds
[2026-05-08T18:04:08.861+0100] {processor.py:161} INFO - Started process (PID=11250) to work on /home/najma/airflow-venv/lib/python3.12/site-packages/airflow/example_dags/tutorial_taskflow_api.py
[2026-05-08T18:04:08.862+0100] {processor.py:830} INFO - Processing file /home/najma/airflow-venv/lib/python3.12/site-packages/airflow/example_dags/tutorial_taskflow_api.py for tasks to queue
[2026-05-08T18:04:08.864+0100] {logging_mixin.py:188} INFO - [2026-05-08T18:04:08.863+0100] {dagbag.py:540} INFO - Filling up the DagBag from /home/najma/airflow-venv/lib/python3.12/site-packages/airflow/example_dags/tutorial_taskflow_api.py
[2026-05-08T18:04:08.870+0100] {processor.py:840} INFO - DAG(s) 'tutorial_taskflow_api' retrieved from /home/najma/airflow-venv/lib/python3.12/site-packages/airflow/example_dags/tutorial_taskflow_api.py
[2026-05-08T18:04:08.920+0100] {logging_mixin.py:188} INFO - [2026-05-08T18:04:08.920+0100] {dag.py:3096} INFO - Sync 1 DAGs
[2026-05-08T18:04:08.935+0100] {logging_mixin.py:188} INFO - [2026-05-08T18:04:08.935+0100] {dag.py:3954} INFO - Setting next_dagrun for tutorial_taskflow_api to None, run_after=None
[2026-05-08T18:04:09.034+0100] {processor.py:183} INFO - Processing /home/najma/airflow-venv/lib/python3.12/site-packages/airflow/example_dags/tutorial_taskflow_api.py took 0.178 seconds
[2026-05-08T18:05:16.256+0100] {processor.py:161} INFO - Started process (PID=11308) to work on /home/najma/airflow-venv/lib/python3.12/site-packages/airflow/example_dags/tutorial_taskflow_api.py
[2026-05-08T18:05:16.257+0100] {processor.py:830} INFO - Processing file /home/najma/airflow-venv/lib/python3.12/site-packages/airflow/example_dags/tutorial_taskflow_api.py for tasks to queue
[2026-05-08T18:05:16.259+0100] {logging_mixin.py:188} INFO - [2026-05-08T18:05:16.259+0100] {dagbag.py:540} INFO - Filling up the DagBag from /home/najma/airflow-venv/lib/python3.12/site-packages/airflow/example_dags/tutorial_taskflow_api.py
[2026-05-08T18:05:16.264+0100] {processor.py:840} INFO - DAG(s) 'tutorial_taskflow_api' retrieved from /home/najma/airflow-venv/lib/python3.12/site-packages/airflow/example_dags/tutorial_taskflow_api.py
[2026-05-08T18:05:16.291+0100] {logging_mixin.py:188} INFO - [2026-05-08T18:05:16.291+0100] {dag.py:3096} INFO - Sync 1 DAGs
[2026-05-08T18:05:16.304+0100] {logging_mixin.py:188} INFO - [2026-05-08T18:05:16.304+0100] {dag.py:3954} INFO - Setting next_dagrun for tutorial_taskflow_api to None, run_after=None
[2026-05-08T18:05:16.390+0100] {processor.py:183} INFO - Processing /home/najma/airflow-venv/lib/python3.12/site-packages/airflow/example_dags/tutorial_taskflow_api.py took 0.138 seconds
[2026-05-08T18:06:22.058+0100] {processor.py:161} INFO - Started process (PID=11367) to work on /home/najma/airflow-venv/lib/python3.12/site-packages/airflow/example_dags/tutorial_taskflow_api.py
[2026-05-08T18:06:22.059+0100] {processor.py:830} INFO - Processing file /home/najma/airflow-venv/lib/python3.12/site-packages/airflow/example_dags/tutorial_taskflow_api.py for tasks to queue
[2026-05-08T18:06:22.062+0100] {logging_mixin.py:188} INFO - [2026-05-08T18:06:22.061+0100] {dagbag.py:540} INFO - Filling up the DagBag from /home/najma/airflow-venv/lib/python3.12/site-packages/airflow/example_dags/tutorial_taskflow_api.py
[2026-05-08T18:06:22.067+0100] {processor.py:840} INFO - DAG(s) 'tutorial_taskflow_api' retrieved from /home/najma/airflow-venv/lib/python3.12/site-packages/airflow/example_dags/tutorial_taskflow_api.py
[2026-05-08T18:06:22.093+0100] {logging_mixin.py:188} INFO - [2026-05-08T18:06:22.093+0100] {dag.py:3096} INFO - Sync 1 DAGs
[2026-05-08T18:06:22.107+0100] {logging_mixin.py:188} INFO - [2026-05-08T18:06:22.107+0100] {dag.py:3954} INFO - Setting next_dagrun for tutorial_taskflow_api to None, run_after=None
[2026-05-08T18:06:22.300+0100] {processor.py:183} INFO - Processing /home/najma/airflow-venv/lib/python3.12/site-packages/airflow/example_dags/tutorial_taskflow_api.py took 0.246 seconds
[2026-05-08T18:07:25.017+0100] {processor.py:161} INFO - Started process (PID=11423) to work on /home/najma/airflow-venv/lib/python3.12/site-packages/airflow/example_dags/tutorial_taskflow_api.py
[2026-05-08T18:07:25.019+0100] {processor.py:830} INFO - Processing file /home/najma/airflow-venv/lib/python3.12/site-packages/airflow/example_dags/tutorial_taskflow_api.py for tasks to queue
[2026-05-08T18:07:25.020+0100] {logging_mixin.py:188} INFO - [2026-05-08T18:07:25.020+0100] {dagbag.py:540} INFO - Filling up the DagBag from /home/najma/airflow-venv/lib/python3.12/site-packages/airflow/example_dags/tutorial_taskflow_api.py
[2026-05-08T18:07:25.026+0100] {processor.py:840} INFO - DAG(s) 'tutorial_taskflow_api' retrieved from /home/najma/airflow-venv/lib/python3.12/site-packages/airflow/example_dags/tutorial_taskflow_api.py
[2026-05-08T18:07:25.052+0100] {logging_mixin.py:188} INFO - [2026-05-08T18:07:25.052+0100] {dag.py:3096} INFO - Sync 1 DAGs
[2026-05-08T18:07:25.066+0100] {logging_mixin.py:188} INFO - [2026-05-08T18:07:25.065+0100] {dag.py:3954} INFO - Setting next_dagrun for tutorial_taskflow_api to None, run_after=None
[2026-05-08T18:07:25.152+0100] {processor.py:183} INFO - Processing /home/najma/airflow-venv/lib/python3.12/site-packages/airflow/example_dags/tutorial_taskflow_api.py took 0.139 seconds
[2026-05-08T18:08:28.222+0100] {processor.py:161} INFO - Started process (PID=11481) to work on /home/najma/airflow-venv/lib/python3.12/site-packages/airflow/example_dags/tutorial_taskflow_api.py
[2026-05-08T18:08:28.223+0100] {processor.py:830} INFO - Processing file /home/najma/airflow-venv/lib/python3.12/site-packages/airflow/example_dags/tutorial_taskflow_api.py for tasks to queue
[2026-05-08T18:08:28.226+0100] {logging_mixin.py:188} INFO - [2026-05-08T18:08:28.225+0100] {dagbag.py:540} INFO - Filling up the DagBag from /home/najma/airflow-venv/lib/python3.12/site-packages/airflow/example_dags/tutorial_taskflow_api.py
[2026-05-08T18:08:28.231+0100] {processor.py:840} INFO - DAG(s) 'tutorial_taskflow_api' retrieved from /home/najma/airflow-venv/lib/python3.12/site-packages/airflow/example_dags/tutorial_taskflow_api.py
[2026-05-08T18:08:28.259+0100] {logging_mixin.py:188} INFO - [2026-05-08T18:08:28.259+0100] {dag.py:3096} INFO - Sync 1 DAGs
[2026-05-08T18:08:28.273+0100] {logging_mixin.py:188} INFO - [2026-05-08T18:08:28.273+0100] {dag.py:3954} INFO - Setting next_dagrun for tutorial_taskflow_api to None, run_after=None
[2026-05-08T18:08:28.367+0100] {processor.py:183} INFO - Processing /home/najma/airflow-venv/lib/python3.12/site-packages/airflow/example_dags/tutorial_taskflow_api.py took 0.149 seconds
[2026-05-08T18:09:33.514+0100] {processor.py:161} INFO - Started process (PID=11539) to work on /home/najma/airflow-venv/lib/python3.12/site-packages/airflow/example_dags/tutorial_taskflow_api.py
[2026-05-08T18:09:33.515+0100] {processor.py:830} INFO - Processing file /home/najma/airflow-venv/lib/python3.12/site-packages/airflow/example_dags/tutorial_taskflow_api.py for tasks to queue
[2026-05-08T18:09:33.517+0100] {logging_mixin.py:188} INFO - [2026-05-08T18:09:33.517+0100] {dagbag.py:540} INFO - Filling up the DagBag from /home/najma/airflow-venv/lib/python3.12/site-packages/airflow/example_dags/tutorial_taskflow_api.py
[2026-05-08T18:09:33.522+0100] {processor.py:840} INFO - DAG(s) 'tutorial_taskflow_api' retrieved from /home/najma/airflow-venv/lib/python3.12/site-packages/airflow/example_dags/tutorial_taskflow_api.py
[2026-05-08T18:09:33.549+0100] {logging_mixin.py:188} INFO - [2026-05-08T18:09:33.549+0100] {dag.py:3096} INFO - Sync 1 DAGs
[2026-05-08T18:09:33.563+0100] {logging_mixin.py:188} INFO - [2026-05-08T18:09:33.563+0100] {dag.py:3954} INFO - Setting next_dagrun for tutorial_taskflow_api to None, run_after=None
[2026-05-08T18:09:33.640+0100] {processor.py:183} INFO - Processing /home/najma/airflow-venv/lib/python3.12/site-packages/airflow/example_dags/tutorial_taskflow_api.py took 0.130 seconds
[2026-05-08T18:10:34.073+0100] {processor.py:161} INFO - Started process (PID=11594) to work on /home/najma/airflow-venv/lib/python3.12/site-packages/airflow/example_dags/tutorial_taskflow_api.py
[2026-05-08T18:10:34.075+0100] {processor.py:830} INFO - Processing file /home/najma/airflow-venv/lib/python3.12/site-packages/airflow/example_dags/tutorial_taskflow_api.py for tasks to queue
[2026-05-08T18:10:34.077+0100] {logging_mixin.py:188} INFO - [2026-05-08T18:10:34.076+0100] {dagbag.py:540} INFO - Filling up the DagBag from /home/najma/airflow-venv/lib/python3.12/site-packages/airflow/example_dags/tutorial_taskflow_api.py
[2026-05-08T18:10:34.081+0100] {processor.py:840} INFO - DAG(s) 'tutorial_taskflow_api' retrieved from /home/najma/airflow-venv/lib/python3.12/site-packages/airflow/example_dags/tutorial_taskflow_api.py
[2026-05-08T18:10:34.114+0100] {logging_mixin.py:188} INFO - [2026-05-08T18:10:34.114+0100] {dag.py:3096} INFO - Sync 1 DAGs
[2026-05-08T18:10:34.132+0100] {logging_mixin.py:188} INFO - [2026-05-08T18:10:34.132+0100] {dag.py:3954} INFO - Setting next_dagrun for tutorial_taskflow_api to None, run_after=None
[2026-05-08T18:10:34.217+0100] {processor.py:183} INFO - Processing /home/najma/airflow-venv/lib/python3.12/site-packages/airflow/example_dags/tutorial_taskflow_api.py took 0.147 seconds
[2026-05-08T18:11:42.913+0100] {processor.py:161} INFO - Started process (PID=11650) to work on /home/najma/airflow-venv/lib/python3.12/site-packages/airflow/example_dags/tutorial_taskflow_api.py
[2026-05-08T18:11:42.915+0100] {processor.py:830} INFO - Processing file /home/najma/airflow-venv/lib/python3.12/site-packages/airflow/example_dags/tutorial_taskflow_api.py for tasks to queue
[2026-05-08T18:11:42.916+0100] {logging_mixin.py:188} INFO - [2026-05-08T18:11:42.916+0100] {dagbag.py:540} INFO - Filling up the DagBag from /home/najma/airflow-venv/lib/python3.12/site-packages/airflow/example_dags/tutorial_taskflow_api.py
[2026-05-08T18:11:42.921+0100] {processor.py:840} INFO - DAG(s) 'tutorial_taskflow_api' retrieved from /home/najma/airflow-venv/lib/python3.12/site-packages/airflow/example_dags/tutorial_taskflow_api.py
[2026-05-08T18:11:42.949+0100] {logging_mixin.py:188} INFO - [2026-05-08T18:11:42.949+0100] {dag.py:3096} INFO - Sync 1 DAGs
[2026-05-08T18:11:42.963+0100] {logging_mixin.py:188} INFO - [2026-05-08T18:11:42.963+0100] {dag.py:3954} INFO - Setting next_dagrun for tutorial_taskflow_api to None, run_after=None
[2026-05-08T18:11:43.059+0100] {processor.py:183} INFO - Processing /home/najma/airflow-venv/lib/python3.12/site-packages/airflow/example_dags/tutorial_taskflow_api.py took 0.149 seconds
[2026-05-08T18:13:07.141+0100] {processor.py:161} INFO - Started process (PID=11708) to work on /home/najma/airflow-venv/lib/python3.12/site-packages/airflow/example_dags/tutorial_taskflow_api.py
[2026-05-08T18:13:07.157+0100] {processor.py:830} INFO - Processing file /home/najma/airflow-venv/lib/python3.12/site-packages/airflow/example_dags/tutorial_taskflow_api.py for tasks to queue
[2026-05-08T18:13:07.159+0100] {logging_mixin.py:188} INFO - [2026-05-08T18:13:07.159+0100] {dagbag.py:540} INFO - Filling up the DagBag from /home/najma/airflow-venv/lib/python3.12/site-packages/airflow/example_dags/tutorial_taskflow_api.py
[2026-05-08T18:13:07.165+0100] {processor.py:840} INFO - DAG(s) 'tutorial_taskflow_api' retrieved from /home/najma/airflow-venv/lib/python3.12/site-packages/airflow/example_dags/tutorial_taskflow_api.py
[2026-05-08T18:13:07.195+0100] {logging_mixin.py:188} INFO - [2026-05-08T18:13:07.194+0100] {dag.py:3096} INFO - Sync 1 DAGs
[2026-05-08T18:13:07.207+0100] {logging_mixin.py:188} INFO - [2026-05-08T18:13:07.207+0100] {dag.py:3954} INFO - Setting next_dagrun for tutorial_taskflow_api to None, run_after=None
[2026-05-08T18:13:07.288+0100] {processor.py:183} INFO - Processing /home/najma/airflow-venv/lib/python3.12/site-packages/airflow/example_dags/tutorial_taskflow_api.py took 0.151 seconds
[2026-05-08T18:14:27.445+0100] {processor.py:161} INFO - Started process (PID=11776) to work on /home/najma/airflow-venv/lib/python3.12/site-packages/airflow/example_dags/tutorial_taskflow_api.py
[2026-05-08T18:14:27.446+0100] {processor.py:830} INFO - Processing file /home/najma/airflow-venv/lib/python3.12/site-packages/airflow/example_dags/tutorial_taskflow_api.py for tasks to queue
[2026-05-08T18:14:27.448+0100] {logging_mixin.py:188} INFO - [2026-05-08T18:14:27.448+0100] {dagbag.py:540} INFO - Filling up the DagBag from /home/najma/airflow-venv/lib/python3.12/site-packages/airflow/example_dags/tutorial_taskflow_api.py
[2026-05-08T18:14:27.455+0100] {processor.py:840} INFO - DAG(s) 'tutorial_taskflow_api' retrieved from /home/najma/airflow-venv/lib/python3.12/site-packages/airflow/example_dags/tutorial_taskflow_api.py
[2026-05-08T18:14:27.482+0100] {logging_mixin.py:188} INFO - [2026-05-08T18:14:27.482+0100] {dag.py:3096} INFO - Sync 1 DAGs
[2026-05-08T18:14:27.498+0100] {logging_mixin.py:188} INFO - [2026-05-08T18:14:27.498+0100] {dag.py:3954} INFO - Setting next_dagrun for tutorial_taskflow_api to None, run_after=None
[2026-05-08T18:14:27.586+0100] {processor.py:183} INFO - Processing /home/najma/airflow-venv/lib/python3.12/site-packages/airflow/example_dags/tutorial_taskflow_api.py took 0.145 seconds
[2026-05-08T18:15:44.538+0100] {processor.py:161} INFO - Started process (PID=11847) to work on /home/najma/airflow-venv/lib/python3.12/site-packages/airflow/example_dags/tutorial_taskflow_api.py
[2026-05-08T18:15:44.539+0100] {processor.py:830} INFO - Processing file /home/najma/airflow-venv/lib/python3.12/site-packages/airflow/example_dags/tutorial_taskflow_api.py for tasks to queue
[2026-05-08T18:15:44.542+0100] {logging_mixin.py:188} INFO - [2026-05-08T18:15:44.542+0100] {dagbag.py:540} INFO - Filling up the DagBag from /home/najma/airflow-venv/lib/python3.12/site-packages/airflow/example_dags/tutorial_taskflow_api.py
[2026-05-08T18:15:44.547+0100] {processor.py:840} INFO - DAG(s) 'tutorial_taskflow_api' retrieved from /home/najma/airflow-venv/lib/python3.12/site-packages/airflow/example_dags/tutorial_taskflow_api.py
[2026-05-08T18:15:44.575+0100] {logging_mixin.py:188} INFO - [2026-05-08T18:15:44.575+0100] {dag.py:3096} INFO - Sync 1 DAGs
[2026-05-08T18:15:44.589+0100] {logging_mixin.py:188} INFO - [2026-05-08T18:15:44.589+0100] {dag.py:3954} INFO - Setting next_dagrun for tutorial_taskflow_api to None, run_after=None
[2026-05-08T18:15:44.673+0100] {processor.py:183} INFO - Processing /home/najma/airflow-venv/lib/python3.12/site-packages/airflow/example_dags/tutorial_taskflow_api.py took 0.139 seconds
[2026-05-08T18:16:54.687+0100] {processor.py:161} INFO - Started process (PID=11904) to work on /home/najma/airflow-venv/lib/python3.12/site-packages/airflow/example_dags/tutorial_taskflow_api.py
[2026-05-08T18:16:54.688+0100] {processor.py:830} INFO - Processing file /home/najma/airflow-venv/lib/python3.12/site-packages/airflow/example_dags/tutorial_taskflow_api.py for tasks to queue
[2026-05-08T18:16:54.690+0100] {logging_mixin.py:188} INFO - [2026-05-08T18:16:54.689+0100] {dagbag.py:540} INFO - Filling up the DagBag from /home/najma/airflow-venv/lib/python3.12/site-packages/airflow/example_dags/tutorial_taskflow_api.py
[2026-05-08T18:16:54.695+0100] {processor.py:840} INFO - DAG(s) 'tutorial_taskflow_api' retrieved from /home/najma/airflow-venv/lib/python3.12/site-packages/airflow/example_dags/tutorial_taskflow_api.py
[2026-05-08T18:16:54.721+0100] {logging_mixin.py:188} INFO - [2026-05-08T18:16:54.721+0100] {dag.py:3096} INFO - Sync 1 DAGs
[2026-05-08T18:16:54.733+0100] {logging_mixin.py:188} INFO - [2026-05-08T18:16:54.733+0100] {dag.py:3954} INFO - Setting next_dagrun for tutorial_taskflow_api to None, run_after=None
[2026-05-08T18:16:54.825+0100] {processor.py:183} INFO - Processing /home/najma/airflow-venv/lib/python3.12/site-packages/airflow/example_dags/tutorial_taskflow_api.py took 0.143 seconds
[2026-05-08T18:18:06.614+0100] {processor.py:161} INFO - Started process (PID=11964) to work on /home/najma/airflow-venv/lib/python3.12/site-packages/airflow/example_dags/tutorial_taskflow_api.py
[2026-05-08T18:18:06.615+0100] {processor.py:830} INFO - Processing file /home/najma/airflow-venv/lib/python3.12/site-packages/airflow/example_dags/tutorial_taskflow_api.py for tasks to queue
[2026-05-08T18:18:06.618+0100] {logging_mixin.py:188} INFO - [2026-05-08T18:18:06.618+0100] {dagbag.py:540} INFO - Filling up the DagBag from /home/najma/airflow-venv/lib/python3.12/site-packages/airflow/example_dags/tutorial_taskflow_api.py
[2026-05-08T18:18:06.630+0100] {processor.py:840} INFO - DAG(s) 'tutorial_taskflow_api' retrieved from /home/najma/airflow-venv/lib/python3.12/site-packages/airflow/example_dags/tutorial_taskflow_api.py
[2026-05-08T18:18:06.673+0100] {logging_mixin.py:188} INFO - [2026-05-08T18:18:06.673+0100] {dag.py:3096} INFO - Sync 1 DAGs
[2026-05-08T18:18:06.695+0100] {logging_mixin.py:188} INFO - [2026-05-08T18:18:06.694+0100] {dag.py:3954} INFO - Setting next_dagrun for tutorial_taskflow_api to None, run_after=None
[2026-05-08T18:18:06.826+0100] {processor.py:183} INFO - Processing /home/najma/airflow-venv/lib/python3.12/site-packages/airflow/example_dags/tutorial_taskflow_api.py took 0.217 seconds
[2026-05-08T18:19:15.521+0100] {processor.py:161} INFO - Started process (PID=12021) to work on /home/najma/airflow-venv/lib/python3.12/site-packages/airflow/example_dags/tutorial_taskflow_api.py
[2026-05-08T18:19:15.523+0100] {processor.py:830} INFO - Processing file /home/najma/airflow-venv/lib/python3.12/site-packages/airflow/example_dags/tutorial_taskflow_api.py for tasks to queue
[2026-05-08T18:19:15.525+0100] {logging_mixin.py:188} INFO - [2026-05-08T18:19:15.524+0100] {dagbag.py:540} INFO - Filling up the DagBag from /home/najma/airflow-venv/lib/python3.12/site-packages/airflow/example_dags/tutorial_taskflow_api.py
[2026-05-08T18:19:15.530+0100] {processor.py:840} INFO - DAG(s) 'tutorial_taskflow_api' retrieved from /home/najma/airflow-venv/lib/python3.12/site-packages/airflow/example_dags/tutorial_taskflow_api.py
[2026-05-08T18:19:15.560+0100] {logging_mixin.py:188} INFO - [2026-05-08T18:19:15.560+0100] {dag.py:3096} INFO - Sync 1 DAGs
[2026-05-08T18:19:15.574+0100] {logging_mixin.py:188} INFO - [2026-05-08T18:19:15.574+0100] {dag.py:3954} INFO - Setting next_dagrun for tutorial_taskflow_api to None, run_after=None
[2026-05-08T18:19:15.678+0100] {processor.py:183} INFO - Processing /home/najma/airflow-venv/lib/python3.12/site-packages/airflow/example_dags/tutorial_taskflow_api.py took 0.161 seconds
[2026-05-08T18:20:23.012+0100] {processor.py:161} INFO - Started process (PID=12078) to work on /home/najma/airflow-venv/lib/python3.12/site-packages/airflow/example_dags/tutorial_taskflow_api.py
[2026-05-08T18:20:23.013+0100] {processor.py:830} INFO - Processing file /home/najma/airflow-venv/lib/python3.12/site-packages/airflow/example_dags/tutorial_taskflow_api.py for tasks to queue
[2026-05-08T18:20:23.015+0100] {logging_mixin.py:188} INFO - [2026-05-08T18:20:23.014+0100] {dagbag.py:540} INFO - Filling up the DagBag from /home/najma/airflow-venv/lib/python3.12/site-packages/airflow/example_dags/tutorial_taskflow_api.py
[2026-05-08T18:20:23.021+0100] {processor.py:840} INFO - DAG(s) 'tutorial_taskflow_api' retrieved from /home/najma/airflow-venv/lib/python3.12/site-packages/airflow/example_dags/tutorial_taskflow_api.py
[2026-05-08T18:20:23.048+0100] {logging_mixin.py:188} INFO - [2026-05-08T18:20:23.048+0100] {dag.py:3096} INFO - Sync 1 DAGs
[2026-05-08T18:20:23.062+0100] {logging_mixin.py:188} INFO - [2026-05-08T18:20:23.062+0100] {dag.py:3954} INFO - Setting next_dagrun for tutorial_taskflow_api to None, run_after=None
[2026-05-08T18:20:23.139+0100] {processor.py:183} INFO - Processing /home/najma/airflow-venv/lib/python3.12/site-packages/airflow/example_dags/tutorial_taskflow_api.py took 0.131 seconds
[2026-05-08T18:21:35.609+0100] {processor.py:161} INFO - Started process (PID=12136) to work on /home/najma/airflow-venv/lib/python3.12/site-packages/airflow/example_dags/tutorial_taskflow_api.py
[2026-05-08T18:21:35.611+0100] {processor.py:830} INFO - Processing file /home/najma/airflow-venv/lib/python3.12/site-packages/airflow/example_dags/tutorial_taskflow_api.py for tasks to queue
[2026-05-08T18:21:35.612+0100] {logging_mixin.py:188} INFO - [2026-05-08T18:21:35.612+0100] {dagbag.py:540} INFO - Filling up the DagBag from /home/najma/airflow-venv/lib/python3.12/site-packages/airflow/example_dags/tutorial_taskflow_api.py
[2026-05-08T18:21:35.618+0100] {processor.py:840} INFO - DAG(s) 'tutorial_taskflow_api' retrieved from /home/najma/airflow-venv/lib/python3.12/site-packages/airflow/example_dags/tutorial_taskflow_api.py
[2026-05-08T18:21:35.645+0100] {logging_mixin.py:188} INFO - [2026-05-08T18:21:35.645+0100] {dag.py:3096} INFO - Sync 1 DAGs
[2026-05-08T18:21:35.660+0100] {logging_mixin.py:188} INFO - [2026-05-08T18:21:35.660+0100] {dag.py:3954} INFO - Setting next_dagrun for tutorial_taskflow_api to None, run_after=None
[2026-05-08T18:21:35.768+0100] {processor.py:183} INFO - Processing /home/najma/airflow-venv/lib/python3.12/site-packages/airflow/example_dags/tutorial_taskflow_api.py took 0.163 seconds
[2026-05-08T18:22:45.955+0100] {processor.py:161} INFO - Started process (PID=12194) to work on /home/najma/airflow-venv/lib/python3.12/site-packages/airflow/example_dags/tutorial_taskflow_api.py
[2026-05-08T18:22:45.956+0100] {processor.py:830} INFO - Processing file /home/najma/airflow-venv/lib/python3.12/site-packages/airflow/example_dags/tutorial_taskflow_api.py for tasks to queue
[2026-05-08T18:22:45.958+0100] {logging_mixin.py:188} INFO - [2026-05-08T18:22:45.958+0100] {dagbag.py:540} INFO - Filling up the DagBag from /home/najma/airflow-venv/lib/python3.12/site-packages/airflow/example_dags/tutorial_taskflow_api.py
[2026-05-08T18:22:45.965+0100] {processor.py:840} INFO - DAG(s) 'tutorial_taskflow_api' retrieved from /home/najma/airflow-venv/lib/python3.12/site-packages/airflow/example_dags/tutorial_taskflow_api.py
[2026-05-08T18:22:45.997+0100] {logging_mixin.py:188} INFO - [2026-05-08T18:22:45.997+0100] {dag.py:3096} INFO - Sync 1 DAGs
[2026-05-08T18:22:46.013+0100] {logging_mixin.py:188} INFO - [2026-05-08T18:22:46.013+0100] {dag.py:3954} INFO - Setting next_dagrun for tutorial_taskflow_api to None, run_after=None
[2026-05-08T18:22:46.121+0100] {processor.py:183} INFO - Processing /home/najma/airflow-venv/lib/python3.12/site-packages/airflow/example_dags/tutorial_taskflow_api.py took 0.170 seconds
[2026-05-08T18:23:53.937+0100] {processor.py:161} INFO - Started process (PID=12248) to work on /home/najma/airflow-venv/lib/python3.12/site-packages/airflow/example_dags/tutorial_taskflow_api.py
[2026-05-08T18:23:53.938+0100] {processor.py:830} INFO - Processing file /home/najma/airflow-venv/lib/python3.12/site-packages/airflow/example_dags/tutorial_taskflow_api.py for tasks to queue
[2026-05-08T18:23:53.940+0100] {logging_mixin.py:188} INFO - [2026-05-08T18:23:53.940+0100] {dagbag.py:540} INFO - Filling up the DagBag from /home/najma/airflow-venv/lib/python3.12/site-packages/airflow/example_dags/tutorial_taskflow_api.py
[2026-05-08T18:23:53.946+0100] {processor.py:840} INFO - DAG(s) 'tutorial_taskflow_api' retrieved from /home/najma/airflow-venv/lib/python3.12/site-packages/airflow/example_dags/tutorial_taskflow_api.py
[2026-05-08T18:23:53.974+0100] {logging_mixin.py:188} INFO - [2026-05-08T18:23:53.974+0100] {dag.py:3096} INFO - Sync 1 DAGs
[2026-05-08T18:23:53.988+0100] {logging_mixin.py:188} INFO - [2026-05-08T18:23:53.987+0100] {dag.py:3954} INFO - Setting next_dagrun for tutorial_taskflow_api to None, run_after=None
[2026-05-08T18:23:54.073+0100] {processor.py:183} INFO - Processing /home/najma/airflow-venv/lib/python3.12/site-packages/airflow/example_dags/tutorial_taskflow_api.py took 0.140 seconds
[2026-05-08T18:25:06.370+0100] {processor.py:161} INFO - Started process (PID=12310) to work on /home/najma/airflow-venv/lib/python3.12/site-packages/airflow/example_dags/tutorial_taskflow_api.py
[2026-05-08T18:25:06.372+0100] {processor.py:830} INFO - Processing file /home/najma/airflow-venv/lib/python3.12/site-packages/airflow/example_dags/tutorial_taskflow_api.py for tasks to queue
[2026-05-08T18:25:06.374+0100] {logging_mixin.py:188} INFO - [2026-05-08T18:25:06.374+0100] {dagbag.py:540} INFO - Filling up the DagBag from /home/najma/airflow-venv/lib/python3.12/site-packages/airflow/example_dags/tutorial_taskflow_api.py
[2026-05-08T18:25:06.379+0100] {processor.py:840} INFO - DAG(s) 'tutorial_taskflow_api' retrieved from /home/najma/airflow-venv/lib/python3.12/site-packages/airflow/example_dags/tutorial_taskflow_api.py
[2026-05-08T18:25:06.408+0100] {logging_mixin.py:188} INFO - [2026-05-08T18:25:06.408+0100] {dag.py:3096} INFO - Sync 1 DAGs
[2026-05-08T18:25:06.423+0100] {logging_mixin.py:188} INFO - [2026-05-08T18:25:06.423+0100] {dag.py:3954} INFO - Setting next_dagrun for tutorial_taskflow_api to None, run_after=None
[2026-05-08T18:25:06.523+0100] {processor.py:183} INFO - Processing /home/najma/airflow-venv/lib/python3.12/site-packages/airflow/example_dags/tutorial_taskflow_api.py took 0.157 seconds
[2026-05-08T18:26:11.525+0100] {processor.py:161} INFO - Started process (PID=12379) to work on /home/najma/airflow-venv/lib/python3.12/site-packages/airflow/example_dags/tutorial_taskflow_api.py
[2026-05-08T18:26:11.526+0100] {processor.py:830} INFO - Processing file /home/najma/airflow-venv/lib/python3.12/site-packages/airflow/example_dags/tutorial_taskflow_api.py for tasks to queue
[2026-05-08T18:26:11.528+0100] {logging_mixin.py:188} INFO - [2026-05-08T18:26:11.528+0100] {dagbag.py:540} INFO - Filling up the DagBag from /home/najma/airflow-venv/lib/python3.12/site-packages/airflow/example_dags/tutorial_taskflow_api.py
[2026-05-08T18:26:11.543+0100] {processor.py:840} INFO - DAG(s) 'tutorial_taskflow_api' retrieved from /home/najma/airflow-venv/lib/python3.12/site-packages/airflow/example_dags/tutorial_taskflow_api.py
[2026-05-08T18:26:11.583+0100] {logging_mixin.py:188} INFO - [2026-05-08T18:26:11.583+0100] {dag.py:3096} INFO - Sync 1 DAGs
[2026-05-08T18:26:11.609+0100] {logging_mixin.py:188} INFO - [2026-05-08T18:26:11.609+0100] {dag.py:3954} INFO - Setting next_dagrun for tutorial_taskflow_api to None, run_after=None
[2026-05-08T18:26:11.694+0100] {processor.py:183} INFO - Processing /home/najma/airflow-venv/lib/python3.12/site-packages/airflow/example_dags/tutorial_taskflow_api.py took 0.174 seconds
[2026-05-08T18:27:38.090+0100] {processor.py:161} INFO - Started process (PID=12442) to work on /home/najma/airflow-venv/lib/python3.12/site-packages/airflow/example_dags/tutorial_taskflow_api.py
[2026-05-08T18:27:38.106+0100] {processor.py:830} INFO - Processing file /home/najma/airflow-venv/lib/python3.12/site-packages/airflow/example_dags/tutorial_taskflow_api.py for tasks to queue
[2026-05-08T18:27:38.108+0100] {logging_mixin.py:188} INFO - [2026-05-08T18:27:38.108+0100] {dagbag.py:540} INFO - Filling up the DagBag from /home/najma/airflow-venv/lib/python3.12/site-packages/airflow/example_dags/tutorial_taskflow_api.py
[2026-05-08T18:27:38.114+0100] {processor.py:840} INFO - DAG(s) 'tutorial_taskflow_api' retrieved from /home/najma/airflow-venv/lib/python3.12/site-packages/airflow/example_dags/tutorial_taskflow_api.py
[2026-05-08T18:27:38.145+0100] {logging_mixin.py:188} INFO - [2026-05-08T18:27:38.145+0100] {dag.py:3096} INFO - Sync 1 DAGs
[2026-05-08T18:27:38.160+0100] {logging_mixin.py:188} INFO - [2026-05-08T18:27:38.160+0100] {dag.py:3954} INFO - Setting next_dagrun for tutorial_taskflow_api to None, run_after=None
[2026-05-08T18:27:38.280+0100] {processor.py:183} INFO - Processing /home/najma/airflow-venv/lib/python3.12/site-packages/airflow/example_dags/tutorial_taskflow_api.py took 0.194 seconds
[2026-05-08T18:28:57.302+0100] {processor.py:161} INFO - Started process (PID=12503) to work on /home/najma/airflow-venv/lib/python3.12/site-packages/airflow/example_dags/tutorial_taskflow_api.py
[2026-05-08T18:28:57.304+0100] {processor.py:830} INFO - Processing file /home/najma/airflow-venv/lib/python3.12/site-packages/airflow/example_dags/tutorial_taskflow_api.py for tasks to queue
[2026-05-08T18:28:57.306+0100] {logging_mixin.py:188} INFO - [2026-05-08T18:28:57.305+0100] {dagbag.py:540} INFO - Filling up the DagBag from /home/najma/airflow-venv/lib/python3.12/site-packages/airflow/example_dags/tutorial_taskflow_api.py
[2026-05-08T18:28:57.324+0100] {processor.py:840} INFO - DAG(s) 'tutorial_taskflow_api' retrieved from /home/najma/airflow-venv/lib/python3.12/site-packages/airflow/example_dags/tutorial_taskflow_api.py
[2026-05-08T18:28:57.357+0100] {logging_mixin.py:188} INFO - [2026-05-08T18:28:57.356+0100] {dag.py:3096} INFO - Sync 1 DAGs
[2026-05-08T18:28:57.370+0100] {logging_mixin.py:188} INFO - [2026-05-08T18:28:57.370+0100] {dag.py:3954} INFO - Setting next_dagrun for tutorial_taskflow_api to None, run_after=None
[2026-05-08T18:28:57.479+0100] {processor.py:183} INFO - Processing /home/najma/airflow-venv/lib/python3.12/site-packages/airflow/example_dags/tutorial_taskflow_api.py took 0.182 seconds
[2026-05-08T18:30:11.866+0100] {processor.py:161} INFO - Started process (PID=12563) to work on /home/najma/airflow-venv/lib/python3.12/site-packages/airflow/example_dags/tutorial_taskflow_api.py
[2026-05-08T18:30:11.867+0100] {processor.py:830} INFO - Processing file /home/najma/airflow-venv/lib/python3.12/site-packages/airflow/example_dags/tutorial_taskflow_api.py for tasks to queue
[2026-05-08T18:30:11.869+0100] {logging_mixin.py:188} INFO - [2026-05-08T18:30:11.869+0100] {dagbag.py:540} INFO - Filling up the DagBag from /home/najma/airflow-venv/lib/python3.12/site-packages/airflow/example_dags/tutorial_taskflow_api.py
[2026-05-08T18:30:11.874+0100] {processor.py:840} INFO - DAG(s) 'tutorial_taskflow_api' retrieved from /home/najma/airflow-venv/lib/python3.12/site-packages/airflow/example_dags/tutorial_taskflow_api.py
[2026-05-08T18:30:11.906+0100] {logging_mixin.py:188} INFO - [2026-05-08T18:30:11.905+0100] {dag.py:3096} INFO - Sync 1 DAGs
[2026-05-08T18:30:11.934+0100] {logging_mixin.py:188} INFO - [2026-05-08T18:30:11.934+0100] {dag.py:3954} INFO - Setting next_dagrun for tutorial_taskflow_api to None, run_after=None
[2026-05-08T18:30:12.034+0100] {processor.py:183} INFO - Processing /home/najma/airflow-venv/lib/python3.12/site-packages/airflow/example_dags/tutorial_taskflow_api.py took 0.173 seconds
[2026-05-08T18:31:28.110+0100] {processor.py:161} INFO - Started process (PID=12623) to work on /home/najma/airflow-venv/lib/python3.12/site-packages/airflow/example_dags/tutorial_taskflow_api.py
[2026-05-08T18:31:28.111+0100] {processor.py:830} INFO - Processing file /home/najma/airflow-venv/lib/python3.12/site-packages/airflow/example_dags/tutorial_taskflow_api.py for tasks to queue
[2026-05-08T18:31:28.114+0100] {logging_mixin.py:188} INFO - [2026-05-08T18:31:28.113+0100] {dagbag.py:540} INFO - Filling up the DagBag from /home/najma/airflow-venv/lib/python3.12/site-packages/airflow/example_dags/tutorial_taskflow_api.py
[2026-05-08T18:31:28.125+0100] {processor.py:840} INFO - DAG(s) 'tutorial_taskflow_api' retrieved from /home/najma/airflow-venv/lib/python3.12/site-packages/airflow/example_dags/tutorial_taskflow_api.py
[2026-05-08T18:31:28.166+0100] {logging_mixin.py:188} INFO - [2026-05-08T18:31:28.166+0100] {dag.py:3096} INFO - Sync 1 DAGs
[2026-05-08T18:31:28.185+0100] {logging_mixin.py:188} INFO - [2026-05-08T18:31:28.185+0100] {dag.py:3954} INFO - Setting next_dagrun for tutorial_taskflow_api to None, run_after=None
[2026-05-08T18:31:28.301+0100] {processor.py:183} INFO - Processing /home/najma/airflow-venv/lib/python3.12/site-packages/airflow/example_dags/tutorial_taskflow_api.py took 0.195 seconds
[2026-05-08T18:32:42.416+0100] {processor.py:161} INFO - Started process (PID=12681) to work on /home/najma/airflow-venv/lib/python3.12/site-packages/airflow/example_dags/tutorial_taskflow_api.py
[2026-05-08T18:32:42.418+0100] {processor.py:830} INFO - Processing file /home/najma/airflow-venv/lib/python3.12/site-packages/airflow/example_dags/tutorial_taskflow_api.py for tasks to queue
[2026-05-08T18:32:42.420+0100] {logging_mixin.py:188} INFO - [2026-05-08T18:32:42.419+0100] {dagbag.py:540} INFO - Filling up the DagBag from /home/najma/airflow-venv/lib/python3.12/site-packages/airflow/example_dags/tutorial_taskflow_api.py
[2026-05-08T18:32:42.426+0100] {processor.py:840} INFO - DAG(s) 'tutorial_taskflow_api' retrieved from /home/najma/airflow-venv/lib/python3.12/site-packages/airflow/example_dags/tutorial_taskflow_api.py
[2026-05-08T18:32:42.468+0100] {logging_mixin.py:188} INFO - [2026-05-08T18:32:42.468+0100] {dag.py:3096} INFO - Sync 1 DAGs
[2026-05-08T18:32:42.493+0100] {logging_mixin.py:188} INFO - [2026-05-08T18:32:42.492+0100] {dag.py:3954} INFO - Setting next_dagrun for tutorial_taskflow_api to None, run_after=None
[2026-05-08T18:32:42.757+0100] {processor.py:183} INFO - Processing /home/najma/airflow-venv/lib/python3.12/site-packages/airflow/example_dags/tutorial_taskflow_api.py took 0.345 seconds
[2026-05-08T18:34:02.466+0100] {processor.py:161} INFO - Started process (PID=12741) to work on /home/najma/airflow-venv/lib/python3.12/site-packages/airflow/example_dags/tutorial_taskflow_api.py
[2026-05-08T18:34:02.468+0100] {processor.py:830} INFO - Processing file /home/najma/airflow-venv/lib/python3.12/site-packages/airflow/example_dags/tutorial_taskflow_api.py for tasks to queue
[2026-05-08T18:34:02.469+0100] {logging_mixin.py:188} INFO - [2026-05-08T18:34:02.469+0100] {dagbag.py:540} INFO - Filling up the DagBag from /home/najma/airflow-venv/lib/python3.12/site-packages/airflow/example_dags/tutorial_taskflow_api.py
[2026-05-08T18:34:02.475+0100] {processor.py:840} INFO - DAG(s) 'tutorial_taskflow_api' retrieved from /home/najma/airflow-venv/lib/python3.12/site-packages/airflow/example_dags/tutorial_taskflow_api.py
[2026-05-08T18:34:02.501+0100] {logging_mixin.py:188} INFO - [2026-05-08T18:34:02.501+0100] {dag.py:3096} INFO - Sync 1 DAGs
[2026-05-08T18:34:02.513+0100] {logging_mixin.py:188} INFO - [2026-05-08T18:34:02.513+0100] {dag.py:3954} INFO - Setting next_dagrun for tutorial_taskflow_api to None, run_after=None
[2026-05-08T18:34:02.618+0100] {processor.py:183} INFO - Processing /home/najma/airflow-venv/lib/python3.12/site-packages/airflow/example_dags/tutorial_taskflow_api.py took 0.155 seconds
[2026-05-08T18:35:08.585+0100] {processor.py:161} INFO - Started process (PID=12819) to work on /home/najma/airflow-venv/lib/python3.12/site-packages/airflow/example_dags/tutorial_taskflow_api.py
[2026-05-08T18:35:08.586+0100] {processor.py:830} INFO - Processing file /home/najma/airflow-venv/lib/python3.12/site-packages/airflow/example_dags/tutorial_taskflow_api.py for tasks to queue
[2026-05-08T18:35:08.589+0100] {logging_mixin.py:188} INFO - [2026-05-08T18:35:08.589+0100] {dagbag.py:540} INFO - Filling up the DagBag from /home/najma/airflow-venv/lib/python3.12/site-packages/airflow/example_dags/tutorial_taskflow_api.py
[2026-05-08T18:35:08.600+0100] {processor.py:840} INFO - DAG(s) 'tutorial_taskflow_api' retrieved from /home/najma/airflow-venv/lib/python3.12/site-packages/airflow/example_dags/tutorial_taskflow_api.py
[2026-05-08T18:35:08.641+0100] {logging_mixin.py:188} INFO - [2026-05-08T18:35:08.641+0100] {dag.py:3096} INFO - Sync 1 DAGs
[2026-05-08T18:35:08.663+0100] {logging_mixin.py:188} INFO - [2026-05-08T18:35:08.663+0100] {dag.py:3954} INFO - Setting next_dagrun for tutorial_taskflow_api to None, run_after=None
[2026-05-08T18:35:08.780+0100] {processor.py:183} INFO - Processing /home/najma/airflow-venv/lib/python3.12/site-packages/airflow/example_dags/tutorial_taskflow_api.py took 0.214 seconds
[2026-05-08T18:36:21.380+0100] {processor.py:161} INFO - Started process (PID=12879) to work on /home/najma/airflow-venv/lib/python3.12/site-packages/airflow/example_dags/tutorial_taskflow_api.py
[2026-05-08T18:36:21.382+0100] {processor.py:830} INFO - Processing file /home/najma/airflow-venv/lib/python3.12/site-packages/airflow/example_dags/tutorial_taskflow_api.py for tasks to queue
[2026-05-08T18:36:21.383+0100] {logging_mixin.py:188} INFO - [2026-05-08T18:36:21.383+0100] {dagbag.py:540} INFO - Filling up the DagBag from /home/najma/airflow-venv/lib/python3.12/site-packages/airflow/example_dags/tutorial_taskflow_api.py
[2026-05-08T18:36:21.389+0100] {processor.py:840} INFO - DAG(s) 'tutorial_taskflow_api' retrieved from /home/najma/airflow-venv/lib/python3.12/site-packages/airflow/example_dags/tutorial_taskflow_api.py
[2026-05-08T18:36:21.420+0100] {logging_mixin.py:188} INFO - [2026-05-08T18:36:21.420+0100] {dag.py:3096} INFO - Sync 1 DAGs
[2026-05-08T18:36:21.437+0100] {logging_mixin.py:188} INFO - [2026-05-08T18:36:21.437+0100] {dag.py:3954} INFO - Setting next_dagrun for tutorial_taskflow_api to None, run_after=None
[2026-05-08T18:36:21.519+0100] {processor.py:183} INFO - Processing /home/najma/airflow-venv/lib/python3.12/site-packages/airflow/example_dags/tutorial_taskflow_api.py took 0.143 seconds
[2026-05-08T18:37:38.173+0100] {processor.py:161} INFO - Started process (PID=12939) to work on /home/najma/airflow-venv/lib/python3.12/site-packages/airflow/example_dags/tutorial_taskflow_api.py
[2026-05-08T18:37:38.195+0100] {processor.py:830} INFO - Processing file /home/najma/airflow-venv/lib/python3.12/site-packages/airflow/example_dags/tutorial_taskflow_api.py for tasks to queue
[2026-05-08T18:37:38.198+0100] {logging_mixin.py:188} INFO - [2026-05-08T18:37:38.197+0100] {dagbag.py:540} INFO - Filling up the DagBag from /home/najma/airflow-venv/lib/python3.12/site-packages/airflow/example_dags/tutorial_taskflow_api.py
[2026-05-08T18:37:38.204+0100] {processor.py:840} INFO - DAG(s) 'tutorial_taskflow_api' retrieved from /home/najma/airflow-venv/lib/python3.12/site-packages/airflow/example_dags/tutorial_taskflow_api.py
[2026-05-08T18:37:38.305+0100] {logging_mixin.py:188} INFO - [2026-05-08T18:37:38.305+0100] {dag.py:3096} INFO - Sync 1 DAGs
[2026-05-08T18:37:38.320+0100] {logging_mixin.py:188} INFO - [2026-05-08T18:37:38.319+0100] {dag.py:3954} INFO - Setting next_dagrun for tutorial_taskflow_api to None, run_after=None
[2026-05-08T18:37:38.963+0100] {processor.py:183} INFO - Processing /home/najma/airflow-venv/lib/python3.12/site-packages/airflow/example_dags/tutorial_taskflow_api.py took 0.793 seconds
[2026-05-08T18:38:55.244+0100] {processor.py:161} INFO - Started process (PID=13006) to work on /home/najma/airflow-venv/lib/python3.12/site-packages/airflow/example_dags/tutorial_taskflow_api.py
[2026-05-08T18:38:55.246+0100] {processor.py:830} INFO - Processing file /home/najma/airflow-venv/lib/python3.12/site-packages/airflow/example_dags/tutorial_taskflow_api.py for tasks to queue
[2026-05-08T18:38:55.248+0100] {logging_mixin.py:188} INFO - [2026-05-08T18:38:55.247+0100] {dagbag.py:540} INFO - Filling up the DagBag from /home/najma/airflow-venv/lib/python3.12/site-packages/airflow/example_dags/tutorial_taskflow_api.py
[2026-05-08T18:38:55.253+0100] {processor.py:840} INFO - DAG(s) 'tutorial_taskflow_api' retrieved from /home/najma/airflow-venv/lib/python3.12/site-packages/airflow/example_dags/tutorial_taskflow_api.py
[2026-05-08T18:38:55.279+0100] {logging_mixin.py:188} INFO - [2026-05-08T18:38:55.278+0100] {dag.py:3096} INFO - Sync 1 DAGs
[2026-05-08T18:38:55.292+0100] {logging_mixin.py:188} INFO - [2026-05-08T18:38:55.292+0100] {dag.py:3954} INFO - Setting next_dagrun for tutorial_taskflow_api to None, run_after=None
[2026-05-08T18:38:55.368+0100] {processor.py:183} INFO - Processing /home/najma/airflow-venv/lib/python3.12/site-packages/airflow/example_dags/tutorial_taskflow_api.py took 0.128 seconds
