[2026-05-08T16:42:50.516+0100] {processor.py:161} INFO - Started process (PID=9518) to work on /home/najma/airflow-venv/lib/python3.12/site-packages/airflow/example_dags/tutorial_dag.py
[2026-05-08T16:42:50.517+0100] {processor.py:830} INFO - Processing file /home/najma/airflow-venv/lib/python3.12/site-packages/airflow/example_dags/tutorial_dag.py for tasks to queue
[2026-05-08T16:42:50.519+0100] {logging_mixin.py:188} INFO - [2026-05-08T16:42:50.518+0100] {dagbag.py:540} INFO - Filling up the DagBag from /home/najma/airflow-venv/lib/python3.12/site-packages/airflow/example_dags/tutorial_dag.py
[2026-05-08T16:42:50.523+0100] {processor.py:840} INFO - DAG(s) 'tutorial_dag' retrieved from /home/najma/airflow-venv/lib/python3.12/site-packages/airflow/example_dags/tutorial_dag.py
[2026-05-08T16:42:50.684+0100] {logging_mixin.py:188} INFO - [2026-05-08T16:42:50.683+0100] {override.py:1829} INFO - Created Permission View: can read on DAG:tutorial_dag
[2026-05-08T16:42:50.733+0100] {logging_mixin.py:188} INFO - [2026-05-08T16:42:50.732+0100] {override.py:1829} INFO - Created Permission View: can edit on DAG:tutorial_dag
[2026-05-08T16:42:50.784+0100] {logging_mixin.py:188} INFO - [2026-05-08T16:42:50.784+0100] {override.py:1829} INFO - Created Permission View: can delete on DAG:tutorial_dag
[2026-05-08T16:42:50.785+0100] {logging_mixin.py:188} INFO - [2026-05-08T16:42:50.785+0100] {dag.py:3096} INFO - Sync 1 DAGs
[2026-05-08T16:42:50.810+0100] {logging_mixin.py:188} INFO - [2026-05-08T16:42:50.810+0100] {dag.py:3118} INFO - Creating ORM DAG for tutorial_dag
[2026-05-08T16:42:50.811+0100] {logging_mixin.py:188} INFO - [2026-05-08T16:42:50.811+0100] {dag.py:3954} INFO - Setting next_dagrun for tutorial_dag to None, run_after=None
[2026-05-08T16:42:50.904+0100] {processor.py:183} INFO - Processing /home/najma/airflow-venv/lib/python3.12/site-packages/airflow/example_dags/tutorial_dag.py took 0.392 seconds
[2026-05-08T16:44:06.011+0100] {processor.py:161} INFO - Started process (PID=9597) to work on /home/najma/airflow-venv/lib/python3.12/site-packages/airflow/example_dags/tutorial_dag.py
[2026-05-08T16:44:06.012+0100] {processor.py:830} INFO - Processing file /home/najma/airflow-venv/lib/python3.12/site-packages/airflow/example_dags/tutorial_dag.py for tasks to queue
[2026-05-08T16:44:06.014+0100] {logging_mixin.py:188} INFO - [2026-05-08T16:44:06.014+0100] {dagbag.py:540} INFO - Filling up the DagBag from /home/najma/airflow-venv/lib/python3.12/site-packages/airflow/example_dags/tutorial_dag.py
[2026-05-08T16:44:06.018+0100] {processor.py:840} INFO - DAG(s) 'tutorial_dag' retrieved from /home/najma/airflow-venv/lib/python3.12/site-packages/airflow/example_dags/tutorial_dag.py
[2026-05-08T16:44:06.045+0100] {logging_mixin.py:188} INFO - [2026-05-08T16:44:06.045+0100] {dag.py:3096} INFO - Sync 1 DAGs
[2026-05-08T16:44:06.059+0100] {logging_mixin.py:188} INFO - [2026-05-08T16:44:06.058+0100] {dag.py:3954} INFO - Setting next_dagrun for tutorial_dag to None, run_after=None
[2026-05-08T16:44:06.186+0100] {processor.py:183} INFO - Processing /home/najma/airflow-venv/lib/python3.12/site-packages/airflow/example_dags/tutorial_dag.py took 0.179 seconds
[2026-05-08T16:45:25.651+0100] {processor.py:161} INFO - Started process (PID=9672) to work on /home/najma/airflow-venv/lib/python3.12/site-packages/airflow/example_dags/tutorial_dag.py
[2026-05-08T16:45:25.667+0100] {processor.py:830} INFO - Processing file /home/najma/airflow-venv/lib/python3.12/site-packages/airflow/example_dags/tutorial_dag.py for tasks to queue
[2026-05-08T16:45:25.670+0100] {logging_mixin.py:188} INFO - [2026-05-08T16:45:25.669+0100] {dagbag.py:540} INFO - Filling up the DagBag from /home/najma/airflow-venv/lib/python3.12/site-packages/airflow/example_dags/tutorial_dag.py
[2026-05-08T16:45:25.676+0100] {processor.py:840} INFO - DAG(s) 'tutorial_dag' retrieved from /home/najma/airflow-venv/lib/python3.12/site-packages/airflow/example_dags/tutorial_dag.py
[2026-05-08T16:45:25.706+0100] {logging_mixin.py:188} INFO - [2026-05-08T16:45:25.706+0100] {dag.py:3096} INFO - Sync 1 DAGs
[2026-05-08T16:45:25.722+0100] {logging_mixin.py:188} INFO - [2026-05-08T16:45:25.722+0100] {dag.py:3954} INFO - Setting next_dagrun for tutorial_dag to None, run_after=None
[2026-05-08T16:45:25.819+0100] {processor.py:183} INFO - Processing /home/najma/airflow-venv/lib/python3.12/site-packages/airflow/example_dags/tutorial_dag.py took 0.171 seconds
[2026-05-08T16:46:43.610+0100] {processor.py:161} INFO - Started process (PID=9740) to work on /home/najma/airflow-venv/lib/python3.12/site-packages/airflow/example_dags/tutorial_dag.py
[2026-05-08T16:46:43.611+0100] {processor.py:830} INFO - Processing file /home/najma/airflow-venv/lib/python3.12/site-packages/airflow/example_dags/tutorial_dag.py for tasks to queue
[2026-05-08T16:46:43.613+0100] {logging_mixin.py:188} INFO - [2026-05-08T16:46:43.613+0100] {dagbag.py:540} INFO - Filling up the DagBag from /home/najma/airflow-venv/lib/python3.12/site-packages/airflow/example_dags/tutorial_dag.py
[2026-05-08T16:46:43.626+0100] {processor.py:840} INFO - DAG(s) 'tutorial_dag' retrieved from /home/najma/airflow-venv/lib/python3.12/site-packages/airflow/example_dags/tutorial_dag.py
[2026-05-08T16:46:43.676+0100] {logging_mixin.py:188} INFO - [2026-05-08T16:46:43.676+0100] {dag.py:3096} INFO - Sync 1 DAGs
[2026-05-08T16:46:43.700+0100] {logging_mixin.py:188} INFO - [2026-05-08T16:46:43.700+0100] {dag.py:3954} INFO - Setting next_dagrun for tutorial_dag to None, run_after=None
[2026-05-08T16:46:43.829+0100] {processor.py:183} INFO - Processing /home/najma/airflow-venv/lib/python3.12/site-packages/airflow/example_dags/tutorial_dag.py took 0.224 seconds
[2026-05-08T16:48:02.348+0100] {processor.py:161} INFO - Started process (PID=9813) to work on /home/najma/airflow-venv/lib/python3.12/site-packages/airflow/example_dags/tutorial_dag.py
[2026-05-08T16:48:02.350+0100] {processor.py:830} INFO - Processing file /home/najma/airflow-venv/lib/python3.12/site-packages/airflow/example_dags/tutorial_dag.py for tasks to queue
[2026-05-08T16:48:02.352+0100] {logging_mixin.py:188} INFO - [2026-05-08T16:48:02.352+0100] {dagbag.py:540} INFO - Filling up the DagBag from /home/najma/airflow-venv/lib/python3.12/site-packages/airflow/example_dags/tutorial_dag.py
[2026-05-08T16:48:02.365+0100] {processor.py:840} INFO - DAG(s) 'tutorial_dag' retrieved from /home/najma/airflow-venv/lib/python3.12/site-packages/airflow/example_dags/tutorial_dag.py
[2026-05-08T16:48:02.405+0100] {logging_mixin.py:188} INFO - [2026-05-08T16:48:02.404+0100] {dag.py:3096} INFO - Sync 1 DAGs
[2026-05-08T16:48:02.428+0100] {logging_mixin.py:188} INFO - [2026-05-08T16:48:02.427+0100] {dag.py:3954} INFO - Setting next_dagrun for tutorial_dag to None, run_after=None
[2026-05-08T16:48:02.526+0100] {processor.py:183} INFO - Processing /home/najma/airflow-venv/lib/python3.12/site-packages/airflow/example_dags/tutorial_dag.py took 0.181 seconds
[2026-05-08T16:49:17.169+0100] {processor.py:161} INFO - Started process (PID=9880) to work on /home/najma/airflow-venv/lib/python3.12/site-packages/airflow/example_dags/tutorial_dag.py
[2026-05-08T16:49:17.170+0100] {processor.py:830} INFO - Processing file /home/najma/airflow-venv/lib/python3.12/site-packages/airflow/example_dags/tutorial_dag.py for tasks to queue
[2026-05-08T16:49:17.172+0100] {logging_mixin.py:188} INFO - [2026-05-08T16:49:17.171+0100] {dagbag.py:540} INFO - Filling up the DagBag from /home/najma/airflow-venv/lib/python3.12/site-packages/airflow/example_dags/tutorial_dag.py
[2026-05-08T16:49:17.176+0100] {processor.py:840} INFO - DAG(s) 'tutorial_dag' retrieved from /home/najma/airflow-venv/lib/python3.12/site-packages/airflow/example_dags/tutorial_dag.py
[2026-05-08T16:49:17.201+0100] {logging_mixin.py:188} INFO - [2026-05-08T16:49:17.201+0100] {dag.py:3096} INFO - Sync 1 DAGs
[2026-05-08T16:49:17.215+0100] {logging_mixin.py:188} INFO - [2026-05-08T16:49:17.215+0100] {dag.py:3954} INFO - Setting next_dagrun for tutorial_dag to None, run_after=None
[2026-05-08T16:49:17.322+0100] {processor.py:183} INFO - Processing /home/najma/airflow-venv/lib/python3.12/site-packages/airflow/example_dags/tutorial_dag.py took 0.161 seconds
[2026-05-08T17:45:27.026+0100] {processor.py:161} INFO - Started process (PID=10235) to work on /home/najma/airflow-venv/lib/python3.12/site-packages/airflow/example_dags/tutorial_dag.py
[2026-05-08T17:45:27.090+0100] {processor.py:830} INFO - Processing file /home/najma/airflow-venv/lib/python3.12/site-packages/airflow/example_dags/tutorial_dag.py for tasks to queue
[2026-05-08T17:45:27.092+0100] {logging_mixin.py:188} INFO - [2026-05-08T17:45:27.091+0100] {dagbag.py:540} INFO - Filling up the DagBag from /home/najma/airflow-venv/lib/python3.12/site-packages/airflow/example_dags/tutorial_dag.py
[2026-05-08T17:45:27.096+0100] {processor.py:840} INFO - DAG(s) 'tutorial_dag' retrieved from /home/najma/airflow-venv/lib/python3.12/site-packages/airflow/example_dags/tutorial_dag.py
[2026-05-08T17:45:27.211+0100] {logging_mixin.py:188} INFO - [2026-05-08T17:45:27.211+0100] {dag.py:3096} INFO - Sync 1 DAGs
[2026-05-08T17:45:27.228+0100] {logging_mixin.py:188} INFO - [2026-05-08T17:45:27.228+0100] {dag.py:3954} INFO - Setting next_dagrun for tutorial_dag to None, run_after=None
[2026-05-08T17:45:27.792+0100] {processor.py:183} INFO - Processing /home/najma/airflow-venv/lib/python3.12/site-packages/airflow/example_dags/tutorial_dag.py took 0.769 seconds
[2026-05-08T17:46:36.676+0100] {processor.py:161} INFO - Started process (PID=10312) to work on /home/najma/airflow-venv/lib/python3.12/site-packages/airflow/example_dags/tutorial_dag.py
[2026-05-08T17:46:36.677+0100] {processor.py:830} INFO - Processing file /home/najma/airflow-venv/lib/python3.12/site-packages/airflow/example_dags/tutorial_dag.py for tasks to queue
[2026-05-08T17:46:36.679+0100] {logging_mixin.py:188} INFO - [2026-05-08T17:46:36.679+0100] {dagbag.py:540} INFO - Filling up the DagBag from /home/najma/airflow-venv/lib/python3.12/site-packages/airflow/example_dags/tutorial_dag.py
[2026-05-08T17:46:36.683+0100] {processor.py:840} INFO - DAG(s) 'tutorial_dag' retrieved from /home/najma/airflow-venv/lib/python3.12/site-packages/airflow/example_dags/tutorial_dag.py
[2026-05-08T17:46:36.710+0100] {logging_mixin.py:188} INFO - [2026-05-08T17:46:36.710+0100] {dag.py:3096} INFO - Sync 1 DAGs
[2026-05-08T17:46:36.727+0100] {logging_mixin.py:188} INFO - [2026-05-08T17:46:36.724+0100] {dag.py:3954} INFO - Setting next_dagrun for tutorial_dag to None, run_after=None
[2026-05-08T17:46:36.830+0100] {processor.py:183} INFO - Processing /home/najma/airflow-venv/lib/python3.12/site-packages/airflow/example_dags/tutorial_dag.py took 0.158 seconds
[2026-05-08T17:47:57.547+0100] {processor.py:161} INFO - Started process (PID=10374) to work on /home/najma/airflow-venv/lib/python3.12/site-packages/airflow/example_dags/tutorial_dag.py
[2026-05-08T17:47:57.548+0100] {processor.py:830} INFO - Processing file /home/najma/airflow-venv/lib/python3.12/site-packages/airflow/example_dags/tutorial_dag.py for tasks to queue
[2026-05-08T17:47:57.550+0100] {logging_mixin.py:188} INFO - [2026-05-08T17:47:57.550+0100] {dagbag.py:540} INFO - Filling up the DagBag from /home/najma/airflow-venv/lib/python3.12/site-packages/airflow/example_dags/tutorial_dag.py
[2026-05-08T17:47:57.560+0100] {processor.py:840} INFO - DAG(s) 'tutorial_dag' retrieved from /home/najma/airflow-venv/lib/python3.12/site-packages/airflow/example_dags/tutorial_dag.py
[2026-05-08T17:47:57.590+0100] {logging_mixin.py:188} INFO - [2026-05-08T17:47:57.590+0100] {dag.py:3096} INFO - Sync 1 DAGs
[2026-05-08T17:47:57.608+0100] {logging_mixin.py:188} INFO - [2026-05-08T17:47:57.608+0100] {dag.py:3954} INFO - Setting next_dagrun for tutorial_dag to None, run_after=None
[2026-05-08T17:47:57.713+0100] {processor.py:183} INFO - Processing /home/najma/airflow-venv/lib/python3.12/site-packages/airflow/example_dags/tutorial_dag.py took 0.170 seconds
[2026-05-08T17:49:04.251+0100] {processor.py:161} INFO - Started process (PID=10435) to work on /home/najma/airflow-venv/lib/python3.12/site-packages/airflow/example_dags/tutorial_dag.py
[2026-05-08T17:49:04.253+0100] {processor.py:830} INFO - Processing file /home/najma/airflow-venv/lib/python3.12/site-packages/airflow/example_dags/tutorial_dag.py for tasks to queue
[2026-05-08T17:49:04.255+0100] {logging_mixin.py:188} INFO - [2026-05-08T17:49:04.255+0100] {dagbag.py:540} INFO - Filling up the DagBag from /home/najma/airflow-venv/lib/python3.12/site-packages/airflow/example_dags/tutorial_dag.py
[2026-05-08T17:49:04.259+0100] {processor.py:840} INFO - DAG(s) 'tutorial_dag' retrieved from /home/najma/airflow-venv/lib/python3.12/site-packages/airflow/example_dags/tutorial_dag.py
[2026-05-08T17:49:04.291+0100] {logging_mixin.py:188} INFO - [2026-05-08T17:49:04.291+0100] {dag.py:3096} INFO - Sync 1 DAGs
[2026-05-08T17:49:04.312+0100] {logging_mixin.py:188} INFO - [2026-05-08T17:49:04.312+0100] {dag.py:3954} INFO - Setting next_dagrun for tutorial_dag to None, run_after=None
[2026-05-08T17:49:04.431+0100] {processor.py:183} INFO - Processing /home/najma/airflow-venv/lib/python3.12/site-packages/airflow/example_dags/tutorial_dag.py took 0.183 seconds
[2026-05-08T17:50:17.137+0100] {processor.py:161} INFO - Started process (PID=10496) to work on /home/najma/airflow-venv/lib/python3.12/site-packages/airflow/example_dags/tutorial_dag.py
[2026-05-08T17:50:17.139+0100] {processor.py:830} INFO - Processing file /home/najma/airflow-venv/lib/python3.12/site-packages/airflow/example_dags/tutorial_dag.py for tasks to queue
[2026-05-08T17:50:17.141+0100] {logging_mixin.py:188} INFO - [2026-05-08T17:50:17.140+0100] {dagbag.py:540} INFO - Filling up the DagBag from /home/najma/airflow-venv/lib/python3.12/site-packages/airflow/example_dags/tutorial_dag.py
[2026-05-08T17:50:17.145+0100] {processor.py:840} INFO - DAG(s) 'tutorial_dag' retrieved from /home/najma/airflow-venv/lib/python3.12/site-packages/airflow/example_dags/tutorial_dag.py
[2026-05-08T17:50:17.173+0100] {logging_mixin.py:188} INFO - [2026-05-08T17:50:17.173+0100] {dag.py:3096} INFO - Sync 1 DAGs
[2026-05-08T17:50:17.188+0100] {logging_mixin.py:188} INFO - [2026-05-08T17:50:17.188+0100] {dag.py:3954} INFO - Setting next_dagrun for tutorial_dag to None, run_after=None
[2026-05-08T17:50:17.290+0100] {processor.py:183} INFO - Processing /home/najma/airflow-venv/lib/python3.12/site-packages/airflow/example_dags/tutorial_dag.py took 0.157 seconds
[2026-05-08T17:51:30.088+0100] {processor.py:161} INFO - Started process (PID=10556) to work on /home/najma/airflow-venv/lib/python3.12/site-packages/airflow/example_dags/tutorial_dag.py
[2026-05-08T17:51:30.090+0100] {processor.py:830} INFO - Processing file /home/najma/airflow-venv/lib/python3.12/site-packages/airflow/example_dags/tutorial_dag.py for tasks to queue
[2026-05-08T17:51:30.092+0100] {logging_mixin.py:188} INFO - [2026-05-08T17:51:30.091+0100] {dagbag.py:540} INFO - Filling up the DagBag from /home/najma/airflow-venv/lib/python3.12/site-packages/airflow/example_dags/tutorial_dag.py
[2026-05-08T17:51:30.097+0100] {processor.py:840} INFO - DAG(s) 'tutorial_dag' retrieved from /home/najma/airflow-venv/lib/python3.12/site-packages/airflow/example_dags/tutorial_dag.py
[2026-05-08T17:51:30.134+0100] {logging_mixin.py:188} INFO - [2026-05-08T17:51:30.134+0100] {dag.py:3096} INFO - Sync 1 DAGs
[2026-05-08T17:51:30.152+0100] {logging_mixin.py:188} INFO - [2026-05-08T17:51:30.152+0100] {dag.py:3954} INFO - Setting next_dagrun for tutorial_dag to None, run_after=None
[2026-05-08T17:51:30.276+0100] {processor.py:183} INFO - Processing /home/najma/airflow-venv/lib/python3.12/site-packages/airflow/example_dags/tutorial_dag.py took 0.193 seconds
[2026-05-08T17:52:54.536+0100] {processor.py:161} INFO - Started process (PID=10646) to work on /home/najma/airflow-venv/lib/python3.12/site-packages/airflow/example_dags/tutorial_dag.py
[2026-05-08T17:52:54.539+0100] {processor.py:830} INFO - Processing file /home/najma/airflow-venv/lib/python3.12/site-packages/airflow/example_dags/tutorial_dag.py for tasks to queue
[2026-05-08T17:52:54.540+0100] {logging_mixin.py:188} INFO - [2026-05-08T17:52:54.540+0100] {dagbag.py:540} INFO - Filling up the DagBag from /home/najma/airflow-venv/lib/python3.12/site-packages/airflow/example_dags/tutorial_dag.py
[2026-05-08T17:52:54.545+0100] {processor.py:840} INFO - DAG(s) 'tutorial_dag' retrieved from /home/najma/airflow-venv/lib/python3.12/site-packages/airflow/example_dags/tutorial_dag.py
[2026-05-08T17:52:54.576+0100] {logging_mixin.py:188} INFO - [2026-05-08T17:52:54.575+0100] {dag.py:3096} INFO - Sync 1 DAGs
[2026-05-08T17:52:54.589+0100] {logging_mixin.py:188} INFO - [2026-05-08T17:52:54.589+0100] {dag.py:3954} INFO - Setting next_dagrun for tutorial_dag to None, run_after=None
[2026-05-08T17:52:54.680+0100] {processor.py:183} INFO - Processing /home/najma/airflow-venv/lib/python3.12/site-packages/airflow/example_dags/tutorial_dag.py took 0.148 seconds
[2026-05-08T17:54:00.862+0100] {processor.py:161} INFO - Started process (PID=10705) to work on /home/najma/airflow-venv/lib/python3.12/site-packages/airflow/example_dags/tutorial_dag.py
[2026-05-08T17:54:00.863+0100] {processor.py:830} INFO - Processing file /home/najma/airflow-venv/lib/python3.12/site-packages/airflow/example_dags/tutorial_dag.py for tasks to queue
[2026-05-08T17:54:00.864+0100] {logging_mixin.py:188} INFO - [2026-05-08T17:54:00.864+0100] {dagbag.py:540} INFO - Filling up the DagBag from /home/najma/airflow-venv/lib/python3.12/site-packages/airflow/example_dags/tutorial_dag.py
[2026-05-08T17:54:00.868+0100] {processor.py:840} INFO - DAG(s) 'tutorial_dag' retrieved from /home/najma/airflow-venv/lib/python3.12/site-packages/airflow/example_dags/tutorial_dag.py
[2026-05-08T17:54:00.896+0100] {logging_mixin.py:188} INFO - [2026-05-08T17:54:00.896+0100] {dag.py:3096} INFO - Sync 1 DAGs
[2026-05-08T17:54:00.909+0100] {logging_mixin.py:188} INFO - [2026-05-08T17:54:00.909+0100] {dag.py:3954} INFO - Setting next_dagrun for tutorial_dag to None, run_after=None
[2026-05-08T17:54:00.987+0100] {processor.py:183} INFO - Processing /home/najma/airflow-venv/lib/python3.12/site-packages/airflow/example_dags/tutorial_dag.py took 0.129 seconds
[2026-05-08T17:55:08.975+0100] {processor.py:161} INFO - Started process (PID=10777) to work on /home/najma/airflow-venv/lib/python3.12/site-packages/airflow/example_dags/tutorial_dag.py
[2026-05-08T17:55:08.976+0100] {processor.py:830} INFO - Processing file /home/najma/airflow-venv/lib/python3.12/site-packages/airflow/example_dags/tutorial_dag.py for tasks to queue
[2026-05-08T17:55:08.979+0100] {logging_mixin.py:188} INFO - [2026-05-08T17:55:08.978+0100] {dagbag.py:540} INFO - Filling up the DagBag from /home/najma/airflow-venv/lib/python3.12/site-packages/airflow/example_dags/tutorial_dag.py
[2026-05-08T17:55:08.982+0100] {processor.py:840} INFO - DAG(s) 'tutorial_dag' retrieved from /home/najma/airflow-venv/lib/python3.12/site-packages/airflow/example_dags/tutorial_dag.py
[2026-05-08T17:55:09.007+0100] {logging_mixin.py:188} INFO - [2026-05-08T17:55:09.007+0100] {dag.py:3096} INFO - Sync 1 DAGs
[2026-05-08T17:55:09.020+0100] {logging_mixin.py:188} INFO - [2026-05-08T17:55:09.020+0100] {dag.py:3954} INFO - Setting next_dagrun for tutorial_dag to None, run_after=None
[2026-05-08T17:55:09.096+0100] {processor.py:183} INFO - Processing /home/najma/airflow-venv/lib/python3.12/site-packages/airflow/example_dags/tutorial_dag.py took 0.125 seconds
[2026-05-08T17:56:14.446+0100] {processor.py:161} INFO - Started process (PID=10836) to work on /home/najma/airflow-venv/lib/python3.12/site-packages/airflow/example_dags/tutorial_dag.py
[2026-05-08T17:56:14.448+0100] {processor.py:830} INFO - Processing file /home/najma/airflow-venv/lib/python3.12/site-packages/airflow/example_dags/tutorial_dag.py for tasks to queue
[2026-05-08T17:56:14.451+0100] {logging_mixin.py:188} INFO - [2026-05-08T17:56:14.450+0100] {dagbag.py:540} INFO - Filling up the DagBag from /home/najma/airflow-venv/lib/python3.12/site-packages/airflow/example_dags/tutorial_dag.py
[2026-05-08T17:56:14.455+0100] {processor.py:840} INFO - DAG(s) 'tutorial_dag' retrieved from /home/najma/airflow-venv/lib/python3.12/site-packages/airflow/example_dags/tutorial_dag.py
[2026-05-08T17:56:14.482+0100] {logging_mixin.py:188} INFO - [2026-05-08T17:56:14.482+0100] {dag.py:3096} INFO - Sync 1 DAGs
[2026-05-08T17:56:14.495+0100] {logging_mixin.py:188} INFO - [2026-05-08T17:56:14.495+0100] {dag.py:3954} INFO - Setting next_dagrun for tutorial_dag to None, run_after=None
[2026-05-08T17:56:14.573+0100] {processor.py:183} INFO - Processing /home/najma/airflow-venv/lib/python3.12/site-packages/airflow/example_dags/tutorial_dag.py took 0.131 seconds
[2026-05-08T17:57:31.316+0100] {processor.py:161} INFO - Started process (PID=10897) to work on /home/najma/airflow-venv/lib/python3.12/site-packages/airflow/example_dags/tutorial_dag.py
[2026-05-08T17:57:31.317+0100] {processor.py:830} INFO - Processing file /home/najma/airflow-venv/lib/python3.12/site-packages/airflow/example_dags/tutorial_dag.py for tasks to queue
[2026-05-08T17:57:31.319+0100] {logging_mixin.py:188} INFO - [2026-05-08T17:57:31.318+0100] {dagbag.py:540} INFO - Filling up the DagBag from /home/najma/airflow-venv/lib/python3.12/site-packages/airflow/example_dags/tutorial_dag.py
[2026-05-08T17:57:31.323+0100] {processor.py:840} INFO - DAG(s) 'tutorial_dag' retrieved from /home/najma/airflow-venv/lib/python3.12/site-packages/airflow/example_dags/tutorial_dag.py
[2026-05-08T17:57:31.350+0100] {logging_mixin.py:188} INFO - [2026-05-08T17:57:31.349+0100] {dag.py:3096} INFO - Sync 1 DAGs
[2026-05-08T17:57:31.363+0100] {logging_mixin.py:188} INFO - [2026-05-08T17:57:31.363+0100] {dag.py:3954} INFO - Setting next_dagrun for tutorial_dag to None, run_after=None
[2026-05-08T17:57:31.447+0100] {processor.py:183} INFO - Processing /home/najma/airflow-venv/lib/python3.12/site-packages/airflow/example_dags/tutorial_dag.py took 0.135 seconds
[2026-05-08T17:58:40.819+0100] {processor.py:161} INFO - Started process (PID=10958) to work on /home/najma/airflow-venv/lib/python3.12/site-packages/airflow/example_dags/tutorial_dag.py
[2026-05-08T17:58:40.820+0100] {processor.py:830} INFO - Processing file /home/najma/airflow-venv/lib/python3.12/site-packages/airflow/example_dags/tutorial_dag.py for tasks to queue
[2026-05-08T17:58:40.822+0100] {logging_mixin.py:188} INFO - [2026-05-08T17:58:40.821+0100] {dagbag.py:540} INFO - Filling up the DagBag from /home/najma/airflow-venv/lib/python3.12/site-packages/airflow/example_dags/tutorial_dag.py
[2026-05-08T17:58:40.826+0100] {processor.py:840} INFO - DAG(s) 'tutorial_dag' retrieved from /home/najma/airflow-venv/lib/python3.12/site-packages/airflow/example_dags/tutorial_dag.py
[2026-05-08T17:58:40.851+0100] {logging_mixin.py:188} INFO - [2026-05-08T17:58:40.851+0100] {dag.py:3096} INFO - Sync 1 DAGs
[2026-05-08T17:58:40.864+0100] {logging_mixin.py:188} INFO - [2026-05-08T17:58:40.863+0100] {dag.py:3954} INFO - Setting next_dagrun for tutorial_dag to None, run_after=None
[2026-05-08T17:58:40.949+0100] {processor.py:183} INFO - Processing /home/najma/airflow-venv/lib/python3.12/site-packages/airflow/example_dags/tutorial_dag.py took 0.133 seconds
[2026-05-08T17:59:46.485+0100] {processor.py:161} INFO - Started process (PID=11016) to work on /home/najma/airflow-venv/lib/python3.12/site-packages/airflow/example_dags/tutorial_dag.py
[2026-05-08T17:59:46.486+0100] {processor.py:830} INFO - Processing file /home/najma/airflow-venv/lib/python3.12/site-packages/airflow/example_dags/tutorial_dag.py for tasks to queue
[2026-05-08T17:59:46.488+0100] {logging_mixin.py:188} INFO - [2026-05-08T17:59:46.487+0100] {dagbag.py:540} INFO - Filling up the DagBag from /home/najma/airflow-venv/lib/python3.12/site-packages/airflow/example_dags/tutorial_dag.py
[2026-05-08T17:59:46.492+0100] {processor.py:840} INFO - DAG(s) 'tutorial_dag' retrieved from /home/najma/airflow-venv/lib/python3.12/site-packages/airflow/example_dags/tutorial_dag.py
[2026-05-08T17:59:46.518+0100] {logging_mixin.py:188} INFO - [2026-05-08T17:59:46.518+0100] {dag.py:3096} INFO - Sync 1 DAGs
[2026-05-08T17:59:46.532+0100] {logging_mixin.py:188} INFO - [2026-05-08T17:59:46.531+0100] {dag.py:3954} INFO - Setting next_dagrun for tutorial_dag to None, run_after=None
[2026-05-08T17:59:46.628+0100] {processor.py:183} INFO - Processing /home/najma/airflow-venv/lib/python3.12/site-packages/airflow/example_dags/tutorial_dag.py took 0.146 seconds
[2026-05-08T18:00:56.642+0100] {processor.py:161} INFO - Started process (PID=11079) to work on /home/najma/airflow-venv/lib/python3.12/site-packages/airflow/example_dags/tutorial_dag.py
[2026-05-08T18:00:56.643+0100] {processor.py:830} INFO - Processing file /home/najma/airflow-venv/lib/python3.12/site-packages/airflow/example_dags/tutorial_dag.py for tasks to queue
[2026-05-08T18:00:56.645+0100] {logging_mixin.py:188} INFO - [2026-05-08T18:00:56.645+0100] {dagbag.py:540} INFO - Filling up the DagBag from /home/najma/airflow-venv/lib/python3.12/site-packages/airflow/example_dags/tutorial_dag.py
[2026-05-08T18:00:56.649+0100] {processor.py:840} INFO - DAG(s) 'tutorial_dag' retrieved from /home/najma/airflow-venv/lib/python3.12/site-packages/airflow/example_dags/tutorial_dag.py
[2026-05-08T18:00:56.676+0100] {logging_mixin.py:188} INFO - [2026-05-08T18:00:56.676+0100] {dag.py:3096} INFO - Sync 1 DAGs
[2026-05-08T18:00:56.690+0100] {logging_mixin.py:188} INFO - [2026-05-08T18:00:56.689+0100] {dag.py:3954} INFO - Setting next_dagrun for tutorial_dag to None, run_after=None
[2026-05-08T18:00:56.783+0100] {processor.py:183} INFO - Processing /home/najma/airflow-venv/lib/python3.12/site-packages/airflow/example_dags/tutorial_dag.py took 0.145 seconds
[2026-05-08T18:02:01.011+0100] {processor.py:161} INFO - Started process (PID=11136) to work on /home/najma/airflow-venv/lib/python3.12/site-packages/airflow/example_dags/tutorial_dag.py
[2026-05-08T18:02:01.012+0100] {processor.py:830} INFO - Processing file /home/najma/airflow-venv/lib/python3.12/site-packages/airflow/example_dags/tutorial_dag.py for tasks to queue
[2026-05-08T18:02:01.014+0100] {logging_mixin.py:188} INFO - [2026-05-08T18:02:01.014+0100] {dagbag.py:540} INFO - Filling up the DagBag from /home/najma/airflow-venv/lib/python3.12/site-packages/airflow/example_dags/tutorial_dag.py
[2026-05-08T18:02:01.018+0100] {processor.py:840} INFO - DAG(s) 'tutorial_dag' retrieved from /home/najma/airflow-venv/lib/python3.12/site-packages/airflow/example_dags/tutorial_dag.py
[2026-05-08T18:02:01.045+0100] {logging_mixin.py:188} INFO - [2026-05-08T18:02:01.045+0100] {dag.py:3096} INFO - Sync 1 DAGs
[2026-05-08T18:02:01.058+0100] {logging_mixin.py:188} INFO - [2026-05-08T18:02:01.058+0100] {dag.py:3954} INFO - Setting next_dagrun for tutorial_dag to None, run_after=None
[2026-05-08T18:02:01.147+0100] {processor.py:183} INFO - Processing /home/najma/airflow-venv/lib/python3.12/site-packages/airflow/example_dags/tutorial_dag.py took 0.139 seconds
[2026-05-08T18:03:05.245+0100] {processor.py:161} INFO - Started process (PID=11194) to work on /home/najma/airflow-venv/lib/python3.12/site-packages/airflow/example_dags/tutorial_dag.py
[2026-05-08T18:03:05.246+0100] {processor.py:830} INFO - Processing file /home/najma/airflow-venv/lib/python3.12/site-packages/airflow/example_dags/tutorial_dag.py for tasks to queue
[2026-05-08T18:03:05.248+0100] {logging_mixin.py:188} INFO - [2026-05-08T18:03:05.247+0100] {dagbag.py:540} INFO - Filling up the DagBag from /home/najma/airflow-venv/lib/python3.12/site-packages/airflow/example_dags/tutorial_dag.py
[2026-05-08T18:03:05.251+0100] {processor.py:840} INFO - DAG(s) 'tutorial_dag' retrieved from /home/najma/airflow-venv/lib/python3.12/site-packages/airflow/example_dags/tutorial_dag.py
[2026-05-08T18:03:05.278+0100] {logging_mixin.py:188} INFO - [2026-05-08T18:03:05.278+0100] {dag.py:3096} INFO - Sync 1 DAGs
[2026-05-08T18:03:05.292+0100] {logging_mixin.py:188} INFO - [2026-05-08T18:03:05.292+0100] {dag.py:3954} INFO - Setting next_dagrun for tutorial_dag to None, run_after=None
[2026-05-08T18:03:05.385+0100] {processor.py:183} INFO - Processing /home/najma/airflow-venv/lib/python3.12/site-packages/airflow/example_dags/tutorial_dag.py took 0.144 seconds
[2026-05-08T18:04:13.940+0100] {processor.py:161} INFO - Started process (PID=11254) to work on /home/najma/airflow-venv/lib/python3.12/site-packages/airflow/example_dags/tutorial_dag.py
[2026-05-08T18:04:13.941+0100] {processor.py:830} INFO - Processing file /home/najma/airflow-venv/lib/python3.12/site-packages/airflow/example_dags/tutorial_dag.py for tasks to queue
[2026-05-08T18:04:13.943+0100] {logging_mixin.py:188} INFO - [2026-05-08T18:04:13.943+0100] {dagbag.py:540} INFO - Filling up the DagBag from /home/najma/airflow-venv/lib/python3.12/site-packages/airflow/example_dags/tutorial_dag.py
[2026-05-08T18:04:13.949+0100] {processor.py:840} INFO - DAG(s) 'tutorial_dag' retrieved from /home/najma/airflow-venv/lib/python3.12/site-packages/airflow/example_dags/tutorial_dag.py
[2026-05-08T18:04:13.979+0100] {logging_mixin.py:188} INFO - [2026-05-08T18:04:13.978+0100] {dag.py:3096} INFO - Sync 1 DAGs
[2026-05-08T18:04:13.992+0100] {logging_mixin.py:188} INFO - [2026-05-08T18:04:13.992+0100] {dag.py:3954} INFO - Setting next_dagrun for tutorial_dag to None, run_after=None
[2026-05-08T18:04:14.084+0100] {processor.py:183} INFO - Processing /home/najma/airflow-venv/lib/python3.12/site-packages/airflow/example_dags/tutorial_dag.py took 0.150 seconds
[2026-05-08T18:05:21.827+0100] {processor.py:161} INFO - Started process (PID=11312) to work on /home/najma/airflow-venv/lib/python3.12/site-packages/airflow/example_dags/tutorial_dag.py
[2026-05-08T18:05:21.828+0100] {processor.py:830} INFO - Processing file /home/najma/airflow-venv/lib/python3.12/site-packages/airflow/example_dags/tutorial_dag.py for tasks to queue
[2026-05-08T18:05:21.830+0100] {logging_mixin.py:188} INFO - [2026-05-08T18:05:21.830+0100] {dagbag.py:540} INFO - Filling up the DagBag from /home/najma/airflow-venv/lib/python3.12/site-packages/airflow/example_dags/tutorial_dag.py
[2026-05-08T18:05:21.834+0100] {processor.py:840} INFO - DAG(s) 'tutorial_dag' retrieved from /home/najma/airflow-venv/lib/python3.12/site-packages/airflow/example_dags/tutorial_dag.py
[2026-05-08T18:05:21.859+0100] {logging_mixin.py:188} INFO - [2026-05-08T18:05:21.859+0100] {dag.py:3096} INFO - Sync 1 DAGs
[2026-05-08T18:05:21.873+0100] {logging_mixin.py:188} INFO - [2026-05-08T18:05:21.872+0100] {dag.py:3954} INFO - Setting next_dagrun for tutorial_dag to None, run_after=None
[2026-05-08T18:05:22.053+0100] {processor.py:183} INFO - Processing /home/najma/airflow-venv/lib/python3.12/site-packages/airflow/example_dags/tutorial_dag.py took 0.230 seconds
[2026-05-08T18:06:27.510+0100] {processor.py:161} INFO - Started process (PID=11371) to work on /home/najma/airflow-venv/lib/python3.12/site-packages/airflow/example_dags/tutorial_dag.py
[2026-05-08T18:06:27.511+0100] {processor.py:830} INFO - Processing file /home/najma/airflow-venv/lib/python3.12/site-packages/airflow/example_dags/tutorial_dag.py for tasks to queue
[2026-05-08T18:06:27.513+0100] {logging_mixin.py:188} INFO - [2026-05-08T18:06:27.513+0100] {dagbag.py:540} INFO - Filling up the DagBag from /home/najma/airflow-venv/lib/python3.12/site-packages/airflow/example_dags/tutorial_dag.py
[2026-05-08T18:06:27.517+0100] {processor.py:840} INFO - DAG(s) 'tutorial_dag' retrieved from /home/najma/airflow-venv/lib/python3.12/site-packages/airflow/example_dags/tutorial_dag.py
[2026-05-08T18:06:27.542+0100] {logging_mixin.py:188} INFO - [2026-05-08T18:06:27.542+0100] {dag.py:3096} INFO - Sync 1 DAGs
[2026-05-08T18:06:27.556+0100] {logging_mixin.py:188} INFO - [2026-05-08T18:06:27.556+0100] {dag.py:3954} INFO - Setting next_dagrun for tutorial_dag to None, run_after=None
[2026-05-08T18:06:27.729+0100] {processor.py:183} INFO - Processing /home/najma/airflow-venv/lib/python3.12/site-packages/airflow/example_dags/tutorial_dag.py took 0.222 seconds
[2026-05-08T18:07:29.358+0100] {processor.py:161} INFO - Started process (PID=11427) to work on /home/najma/airflow-venv/lib/python3.12/site-packages/airflow/example_dags/tutorial_dag.py
[2026-05-08T18:07:29.360+0100] {processor.py:830} INFO - Processing file /home/najma/airflow-venv/lib/python3.12/site-packages/airflow/example_dags/tutorial_dag.py for tasks to queue
[2026-05-08T18:07:29.362+0100] {logging_mixin.py:188} INFO - [2026-05-08T18:07:29.361+0100] {dagbag.py:540} INFO - Filling up the DagBag from /home/najma/airflow-venv/lib/python3.12/site-packages/airflow/example_dags/tutorial_dag.py
[2026-05-08T18:07:29.368+0100] {processor.py:840} INFO - DAG(s) 'tutorial_dag' retrieved from /home/najma/airflow-venv/lib/python3.12/site-packages/airflow/example_dags/tutorial_dag.py
[2026-05-08T18:07:29.397+0100] {logging_mixin.py:188} INFO - [2026-05-08T18:07:29.397+0100] {dag.py:3096} INFO - Sync 1 DAGs
[2026-05-08T18:07:29.413+0100] {logging_mixin.py:188} INFO - [2026-05-08T18:07:29.413+0100] {dag.py:3954} INFO - Setting next_dagrun for tutorial_dag to None, run_after=None
[2026-05-08T18:07:29.506+0100] {processor.py:183} INFO - Processing /home/najma/airflow-venv/lib/python3.12/site-packages/airflow/example_dags/tutorial_dag.py took 0.152 seconds
[2026-05-08T18:08:33.266+0100] {processor.py:161} INFO - Started process (PID=11485) to work on /home/najma/airflow-venv/lib/python3.12/site-packages/airflow/example_dags/tutorial_dag.py
[2026-05-08T18:08:33.267+0100] {processor.py:830} INFO - Processing file /home/najma/airflow-venv/lib/python3.12/site-packages/airflow/example_dags/tutorial_dag.py for tasks to queue
[2026-05-08T18:08:33.269+0100] {logging_mixin.py:188} INFO - [2026-05-08T18:08:33.269+0100] {dagbag.py:540} INFO - Filling up the DagBag from /home/najma/airflow-venv/lib/python3.12/site-packages/airflow/example_dags/tutorial_dag.py
[2026-05-08T18:08:33.273+0100] {processor.py:840} INFO - DAG(s) 'tutorial_dag' retrieved from /home/najma/airflow-venv/lib/python3.12/site-packages/airflow/example_dags/tutorial_dag.py
[2026-05-08T18:08:33.299+0100] {logging_mixin.py:188} INFO - [2026-05-08T18:08:33.299+0100] {dag.py:3096} INFO - Sync 1 DAGs
[2026-05-08T18:08:33.314+0100] {logging_mixin.py:188} INFO - [2026-05-08T18:08:33.314+0100] {dag.py:3954} INFO - Setting next_dagrun for tutorial_dag to None, run_after=None
[2026-05-08T18:08:33.412+0100] {processor.py:183} INFO - Processing /home/najma/airflow-venv/lib/python3.12/site-packages/airflow/example_dags/tutorial_dag.py took 0.150 seconds
[2026-05-08T18:09:37.994+0100] {processor.py:161} INFO - Started process (PID=11543) to work on /home/najma/airflow-venv/lib/python3.12/site-packages/airflow/example_dags/tutorial_dag.py
[2026-05-08T18:09:37.995+0100] {processor.py:830} INFO - Processing file /home/najma/airflow-venv/lib/python3.12/site-packages/airflow/example_dags/tutorial_dag.py for tasks to queue
[2026-05-08T18:09:37.998+0100] {logging_mixin.py:188} INFO - [2026-05-08T18:09:37.997+0100] {dagbag.py:540} INFO - Filling up the DagBag from /home/najma/airflow-venv/lib/python3.12/site-packages/airflow/example_dags/tutorial_dag.py
[2026-05-08T18:09:38.003+0100] {processor.py:840} INFO - DAG(s) 'tutorial_dag' retrieved from /home/najma/airflow-venv/lib/python3.12/site-packages/airflow/example_dags/tutorial_dag.py
[2026-05-08T18:09:38.030+0100] {logging_mixin.py:188} INFO - [2026-05-08T18:09:38.030+0100] {dag.py:3096} INFO - Sync 1 DAGs
[2026-05-08T18:09:38.046+0100] {logging_mixin.py:188} INFO - [2026-05-08T18:09:38.046+0100] {dag.py:3954} INFO - Setting next_dagrun for tutorial_dag to None, run_after=None
[2026-05-08T18:09:38.126+0100] {processor.py:183} INFO - Processing /home/najma/airflow-venv/lib/python3.12/site-packages/airflow/example_dags/tutorial_dag.py took 0.137 seconds
[2026-05-08T18:10:39.003+0100] {processor.py:161} INFO - Started process (PID=11598) to work on /home/najma/airflow-venv/lib/python3.12/site-packages/airflow/example_dags/tutorial_dag.py
[2026-05-08T18:10:39.004+0100] {processor.py:830} INFO - Processing file /home/najma/airflow-venv/lib/python3.12/site-packages/airflow/example_dags/tutorial_dag.py for tasks to queue
[2026-05-08T18:10:39.006+0100] {logging_mixin.py:188} INFO - [2026-05-08T18:10:39.005+0100] {dagbag.py:540} INFO - Filling up the DagBag from /home/najma/airflow-venv/lib/python3.12/site-packages/airflow/example_dags/tutorial_dag.py
[2026-05-08T18:10:39.010+0100] {processor.py:840} INFO - DAG(s) 'tutorial_dag' retrieved from /home/najma/airflow-venv/lib/python3.12/site-packages/airflow/example_dags/tutorial_dag.py
[2026-05-08T18:10:39.037+0100] {logging_mixin.py:188} INFO - [2026-05-08T18:10:39.037+0100] {dag.py:3096} INFO - Sync 1 DAGs
[2026-05-08T18:10:39.051+0100] {logging_mixin.py:188} INFO - [2026-05-08T18:10:39.050+0100] {dag.py:3954} INFO - Setting next_dagrun for tutorial_dag to None, run_after=None
[2026-05-08T18:10:39.148+0100] {processor.py:183} INFO - Processing /home/najma/airflow-venv/lib/python3.12/site-packages/airflow/example_dags/tutorial_dag.py took 0.149 seconds
[2026-05-08T18:11:48.172+0100] {processor.py:161} INFO - Started process (PID=11654) to work on /home/najma/airflow-venv/lib/python3.12/site-packages/airflow/example_dags/tutorial_dag.py
[2026-05-08T18:11:48.173+0100] {processor.py:830} INFO - Processing file /home/najma/airflow-venv/lib/python3.12/site-packages/airflow/example_dags/tutorial_dag.py for tasks to queue
[2026-05-08T18:11:48.175+0100] {logging_mixin.py:188} INFO - [2026-05-08T18:11:48.174+0100] {dagbag.py:540} INFO - Filling up the DagBag from /home/najma/airflow-venv/lib/python3.12/site-packages/airflow/example_dags/tutorial_dag.py
[2026-05-08T18:11:48.179+0100] {processor.py:840} INFO - DAG(s) 'tutorial_dag' retrieved from /home/najma/airflow-venv/lib/python3.12/site-packages/airflow/example_dags/tutorial_dag.py
[2026-05-08T18:11:48.205+0100] {logging_mixin.py:188} INFO - [2026-05-08T18:11:48.205+0100] {dag.py:3096} INFO - Sync 1 DAGs
[2026-05-08T18:11:48.219+0100] {logging_mixin.py:188} INFO - [2026-05-08T18:11:48.219+0100] {dag.py:3954} INFO - Setting next_dagrun for tutorial_dag to None, run_after=None
[2026-05-08T18:11:48.307+0100] {processor.py:183} INFO - Processing /home/najma/airflow-venv/lib/python3.12/site-packages/airflow/example_dags/tutorial_dag.py took 0.139 seconds
[2026-05-08T18:13:11.603+0100] {processor.py:161} INFO - Started process (PID=11712) to work on /home/najma/airflow-venv/lib/python3.12/site-packages/airflow/example_dags/tutorial_dag.py
[2026-05-08T18:13:11.619+0100] {processor.py:830} INFO - Processing file /home/najma/airflow-venv/lib/python3.12/site-packages/airflow/example_dags/tutorial_dag.py for tasks to queue
[2026-05-08T18:13:11.621+0100] {logging_mixin.py:188} INFO - [2026-05-08T18:13:11.620+0100] {dagbag.py:540} INFO - Filling up the DagBag from /home/najma/airflow-venv/lib/python3.12/site-packages/airflow/example_dags/tutorial_dag.py
[2026-05-08T18:13:11.625+0100] {processor.py:840} INFO - DAG(s) 'tutorial_dag' retrieved from /home/najma/airflow-venv/lib/python3.12/site-packages/airflow/example_dags/tutorial_dag.py
[2026-05-08T18:13:11.653+0100] {logging_mixin.py:188} INFO - [2026-05-08T18:13:11.652+0100] {dag.py:3096} INFO - Sync 1 DAGs
[2026-05-08T18:13:11.666+0100] {logging_mixin.py:188} INFO - [2026-05-08T18:13:11.666+0100] {dag.py:3954} INFO - Setting next_dagrun for tutorial_dag to None, run_after=None
[2026-05-08T18:13:11.751+0100] {processor.py:183} INFO - Processing /home/najma/airflow-venv/lib/python3.12/site-packages/airflow/example_dags/tutorial_dag.py took 0.153 seconds
[2026-05-08T18:14:32.954+0100] {processor.py:161} INFO - Started process (PID=11780) to work on /home/najma/airflow-venv/lib/python3.12/site-packages/airflow/example_dags/tutorial_dag.py
[2026-05-08T18:14:32.955+0100] {processor.py:830} INFO - Processing file /home/najma/airflow-venv/lib/python3.12/site-packages/airflow/example_dags/tutorial_dag.py for tasks to queue
[2026-05-08T18:14:32.957+0100] {logging_mixin.py:188} INFO - [2026-05-08T18:14:32.956+0100] {dagbag.py:540} INFO - Filling up the DagBag from /home/najma/airflow-venv/lib/python3.12/site-packages/airflow/example_dags/tutorial_dag.py
[2026-05-08T18:14:32.961+0100] {processor.py:840} INFO - DAG(s) 'tutorial_dag' retrieved from /home/najma/airflow-venv/lib/python3.12/site-packages/airflow/example_dags/tutorial_dag.py
[2026-05-08T18:14:32.990+0100] {logging_mixin.py:188} INFO - [2026-05-08T18:14:32.990+0100] {dag.py:3096} INFO - Sync 1 DAGs
[2026-05-08T18:14:33.005+0100] {logging_mixin.py:188} INFO - [2026-05-08T18:14:33.005+0100] {dag.py:3954} INFO - Setting next_dagrun for tutorial_dag to None, run_after=None
[2026-05-08T18:14:33.089+0100] {processor.py:183} INFO - Processing /home/najma/airflow-venv/lib/python3.12/site-packages/airflow/example_dags/tutorial_dag.py took 0.140 seconds
[2026-05-08T18:15:49.790+0100] {processor.py:161} INFO - Started process (PID=11851) to work on /home/najma/airflow-venv/lib/python3.12/site-packages/airflow/example_dags/tutorial_dag.py
[2026-05-08T18:15:49.791+0100] {processor.py:830} INFO - Processing file /home/najma/airflow-venv/lib/python3.12/site-packages/airflow/example_dags/tutorial_dag.py for tasks to queue
[2026-05-08T18:15:49.793+0100] {logging_mixin.py:188} INFO - [2026-05-08T18:15:49.792+0100] {dagbag.py:540} INFO - Filling up the DagBag from /home/najma/airflow-venv/lib/python3.12/site-packages/airflow/example_dags/tutorial_dag.py
[2026-05-08T18:15:49.797+0100] {processor.py:840} INFO - DAG(s) 'tutorial_dag' retrieved from /home/najma/airflow-venv/lib/python3.12/site-packages/airflow/example_dags/tutorial_dag.py
[2026-05-08T18:15:49.824+0100] {logging_mixin.py:188} INFO - [2026-05-08T18:15:49.823+0100] {dag.py:3096} INFO - Sync 1 DAGs
[2026-05-08T18:15:49.837+0100] {logging_mixin.py:188} INFO - [2026-05-08T18:15:49.836+0100] {dag.py:3954} INFO - Setting next_dagrun for tutorial_dag to None, run_after=None
[2026-05-08T18:15:49.939+0100] {processor.py:183} INFO - Processing /home/najma/airflow-venv/lib/python3.12/site-packages/airflow/example_dags/tutorial_dag.py took 0.153 seconds
[2026-05-08T18:16:58.596+0100] {processor.py:161} INFO - Started process (PID=11908) to work on /home/najma/airflow-venv/lib/python3.12/site-packages/airflow/example_dags/tutorial_dag.py
[2026-05-08T18:16:58.597+0100] {processor.py:830} INFO - Processing file /home/najma/airflow-venv/lib/python3.12/site-packages/airflow/example_dags/tutorial_dag.py for tasks to queue
[2026-05-08T18:16:58.599+0100] {logging_mixin.py:188} INFO - [2026-05-08T18:16:58.599+0100] {dagbag.py:540} INFO - Filling up the DagBag from /home/najma/airflow-venv/lib/python3.12/site-packages/airflow/example_dags/tutorial_dag.py
[2026-05-08T18:16:58.603+0100] {processor.py:840} INFO - DAG(s) 'tutorial_dag' retrieved from /home/najma/airflow-venv/lib/python3.12/site-packages/airflow/example_dags/tutorial_dag.py
[2026-05-08T18:16:58.627+0100] {logging_mixin.py:188} INFO - [2026-05-08T18:16:58.627+0100] {dag.py:3096} INFO - Sync 1 DAGs
[2026-05-08T18:16:58.640+0100] {logging_mixin.py:188} INFO - [2026-05-08T18:16:58.639+0100] {dag.py:3954} INFO - Setting next_dagrun for tutorial_dag to None, run_after=None
[2026-05-08T18:16:58.736+0100] {processor.py:183} INFO - Processing /home/najma/airflow-venv/lib/python3.12/site-packages/airflow/example_dags/tutorial_dag.py took 0.143 seconds
[2026-05-08T18:18:11.607+0100] {processor.py:161} INFO - Started process (PID=11968) to work on /home/najma/airflow-venv/lib/python3.12/site-packages/airflow/example_dags/tutorial_dag.py
[2026-05-08T18:18:11.609+0100] {processor.py:830} INFO - Processing file /home/najma/airflow-venv/lib/python3.12/site-packages/airflow/example_dags/tutorial_dag.py for tasks to queue
[2026-05-08T18:18:11.611+0100] {logging_mixin.py:188} INFO - [2026-05-08T18:18:11.610+0100] {dagbag.py:540} INFO - Filling up the DagBag from /home/najma/airflow-venv/lib/python3.12/site-packages/airflow/example_dags/tutorial_dag.py
[2026-05-08T18:18:11.615+0100] {processor.py:840} INFO - DAG(s) 'tutorial_dag' retrieved from /home/najma/airflow-venv/lib/python3.12/site-packages/airflow/example_dags/tutorial_dag.py
[2026-05-08T18:18:11.646+0100] {logging_mixin.py:188} INFO - [2026-05-08T18:18:11.646+0100] {dag.py:3096} INFO - Sync 1 DAGs
[2026-05-08T18:18:11.663+0100] {logging_mixin.py:188} INFO - [2026-05-08T18:18:11.663+0100] {dag.py:3954} INFO - Setting next_dagrun for tutorial_dag to None, run_after=None
[2026-05-08T18:18:11.753+0100] {processor.py:183} INFO - Processing /home/najma/airflow-venv/lib/python3.12/site-packages/airflow/example_dags/tutorial_dag.py took 0.150 seconds
[2026-05-08T18:19:20.817+0100] {processor.py:161} INFO - Started process (PID=12025) to work on /home/najma/airflow-venv/lib/python3.12/site-packages/airflow/example_dags/tutorial_dag.py
[2026-05-08T18:19:20.819+0100] {processor.py:830} INFO - Processing file /home/najma/airflow-venv/lib/python3.12/site-packages/airflow/example_dags/tutorial_dag.py for tasks to queue
[2026-05-08T18:19:20.821+0100] {logging_mixin.py:188} INFO - [2026-05-08T18:19:20.820+0100] {dagbag.py:540} INFO - Filling up the DagBag from /home/najma/airflow-venv/lib/python3.12/site-packages/airflow/example_dags/tutorial_dag.py
[2026-05-08T18:19:20.825+0100] {processor.py:840} INFO - DAG(s) 'tutorial_dag' retrieved from /home/najma/airflow-venv/lib/python3.12/site-packages/airflow/example_dags/tutorial_dag.py
[2026-05-08T18:19:20.857+0100] {logging_mixin.py:188} INFO - [2026-05-08T18:19:20.856+0100] {dag.py:3096} INFO - Sync 1 DAGs
[2026-05-08T18:19:20.872+0100] {logging_mixin.py:188} INFO - [2026-05-08T18:19:20.872+0100] {dag.py:3954} INFO - Setting next_dagrun for tutorial_dag to None, run_after=None
[2026-05-08T18:19:20.969+0100] {processor.py:183} INFO - Processing /home/najma/airflow-venv/lib/python3.12/site-packages/airflow/example_dags/tutorial_dag.py took 0.156 seconds
[2026-05-08T18:20:27.869+0100] {processor.py:161} INFO - Started process (PID=12082) to work on /home/najma/airflow-venv/lib/python3.12/site-packages/airflow/example_dags/tutorial_dag.py
[2026-05-08T18:20:27.871+0100] {processor.py:830} INFO - Processing file /home/najma/airflow-venv/lib/python3.12/site-packages/airflow/example_dags/tutorial_dag.py for tasks to queue
[2026-05-08T18:20:27.873+0100] {logging_mixin.py:188} INFO - [2026-05-08T18:20:27.873+0100] {dagbag.py:540} INFO - Filling up the DagBag from /home/najma/airflow-venv/lib/python3.12/site-packages/airflow/example_dags/tutorial_dag.py
[2026-05-08T18:20:27.877+0100] {processor.py:840} INFO - DAG(s) 'tutorial_dag' retrieved from /home/najma/airflow-venv/lib/python3.12/site-packages/airflow/example_dags/tutorial_dag.py
[2026-05-08T18:20:27.905+0100] {logging_mixin.py:188} INFO - [2026-05-08T18:20:27.904+0100] {dag.py:3096} INFO - Sync 1 DAGs
[2026-05-08T18:20:27.918+0100] {logging_mixin.py:188} INFO - [2026-05-08T18:20:27.918+0100] {dag.py:3954} INFO - Setting next_dagrun for tutorial_dag to None, run_after=None
[2026-05-08T18:20:28.028+0100] {processor.py:183} INFO - Processing /home/najma/airflow-venv/lib/python3.12/site-packages/airflow/example_dags/tutorial_dag.py took 0.162 seconds
[2026-05-08T18:21:41.006+0100] {processor.py:161} INFO - Started process (PID=12140) to work on /home/najma/airflow-venv/lib/python3.12/site-packages/airflow/example_dags/tutorial_dag.py
[2026-05-08T18:21:41.008+0100] {processor.py:830} INFO - Processing file /home/najma/airflow-venv/lib/python3.12/site-packages/airflow/example_dags/tutorial_dag.py for tasks to queue
[2026-05-08T18:21:41.010+0100] {logging_mixin.py:188} INFO - [2026-05-08T18:21:41.009+0100] {dagbag.py:540} INFO - Filling up the DagBag from /home/najma/airflow-venv/lib/python3.12/site-packages/airflow/example_dags/tutorial_dag.py
[2026-05-08T18:21:41.014+0100] {processor.py:840} INFO - DAG(s) 'tutorial_dag' retrieved from /home/najma/airflow-venv/lib/python3.12/site-packages/airflow/example_dags/tutorial_dag.py
[2026-05-08T18:21:41.046+0100] {logging_mixin.py:188} INFO - [2026-05-08T18:21:41.046+0100] {dag.py:3096} INFO - Sync 1 DAGs
[2026-05-08T18:21:41.061+0100] {logging_mixin.py:188} INFO - [2026-05-08T18:21:41.061+0100] {dag.py:3954} INFO - Setting next_dagrun for tutorial_dag to None, run_after=None
[2026-05-08T18:21:41.164+0100] {processor.py:183} INFO - Processing /home/najma/airflow-venv/lib/python3.12/site-packages/airflow/example_dags/tutorial_dag.py took 0.161 seconds
[2026-05-08T18:22:50.962+0100] {processor.py:161} INFO - Started process (PID=12198) to work on /home/najma/airflow-venv/lib/python3.12/site-packages/airflow/example_dags/tutorial_dag.py
[2026-05-08T18:22:50.964+0100] {processor.py:830} INFO - Processing file /home/najma/airflow-venv/lib/python3.12/site-packages/airflow/example_dags/tutorial_dag.py for tasks to queue
[2026-05-08T18:22:50.965+0100] {logging_mixin.py:188} INFO - [2026-05-08T18:22:50.965+0100] {dagbag.py:540} INFO - Filling up the DagBag from /home/najma/airflow-venv/lib/python3.12/site-packages/airflow/example_dags/tutorial_dag.py
[2026-05-08T18:22:50.969+0100] {processor.py:840} INFO - DAG(s) 'tutorial_dag' retrieved from /home/najma/airflow-venv/lib/python3.12/site-packages/airflow/example_dags/tutorial_dag.py
[2026-05-08T18:22:50.997+0100] {logging_mixin.py:188} INFO - [2026-05-08T18:22:50.997+0100] {dag.py:3096} INFO - Sync 1 DAGs
[2026-05-08T18:22:51.016+0100] {logging_mixin.py:188} INFO - [2026-05-08T18:22:51.015+0100] {dag.py:3954} INFO - Setting next_dagrun for tutorial_dag to None, run_after=None
[2026-05-08T18:22:51.129+0100] {processor.py:183} INFO - Processing /home/najma/airflow-venv/lib/python3.12/site-packages/airflow/example_dags/tutorial_dag.py took 0.171 seconds
[2026-05-08T18:23:57.897+0100] {processor.py:161} INFO - Started process (PID=12252) to work on /home/najma/airflow-venv/lib/python3.12/site-packages/airflow/example_dags/tutorial_dag.py
[2026-05-08T18:23:57.898+0100] {processor.py:830} INFO - Processing file /home/najma/airflow-venv/lib/python3.12/site-packages/airflow/example_dags/tutorial_dag.py for tasks to queue
[2026-05-08T18:23:57.900+0100] {logging_mixin.py:188} INFO - [2026-05-08T18:23:57.900+0100] {dagbag.py:540} INFO - Filling up the DagBag from /home/najma/airflow-venv/lib/python3.12/site-packages/airflow/example_dags/tutorial_dag.py
[2026-05-08T18:23:57.904+0100] {processor.py:840} INFO - DAG(s) 'tutorial_dag' retrieved from /home/najma/airflow-venv/lib/python3.12/site-packages/airflow/example_dags/tutorial_dag.py
[2026-05-08T18:23:57.929+0100] {logging_mixin.py:188} INFO - [2026-05-08T18:23:57.929+0100] {dag.py:3096} INFO - Sync 1 DAGs
[2026-05-08T18:23:57.943+0100] {logging_mixin.py:188} INFO - [2026-05-08T18:23:57.943+0100] {dag.py:3954} INFO - Setting next_dagrun for tutorial_dag to None, run_after=None
[2026-05-08T18:23:58.019+0100] {processor.py:183} INFO - Processing /home/najma/airflow-venv/lib/python3.12/site-packages/airflow/example_dags/tutorial_dag.py took 0.125 seconds
[2026-05-08T18:25:10.040+0100] {processor.py:161} INFO - Started process (PID=12314) to work on /home/najma/airflow-venv/lib/python3.12/site-packages/airflow/example_dags/tutorial_dag.py
[2026-05-08T18:25:10.042+0100] {processor.py:830} INFO - Processing file /home/najma/airflow-venv/lib/python3.12/site-packages/airflow/example_dags/tutorial_dag.py for tasks to queue
[2026-05-08T18:25:10.045+0100] {logging_mixin.py:188} INFO - [2026-05-08T18:25:10.045+0100] {dagbag.py:540} INFO - Filling up the DagBag from /home/najma/airflow-venv/lib/python3.12/site-packages/airflow/example_dags/tutorial_dag.py
[2026-05-08T18:25:10.050+0100] {processor.py:840} INFO - DAG(s) 'tutorial_dag' retrieved from /home/najma/airflow-venv/lib/python3.12/site-packages/airflow/example_dags/tutorial_dag.py
[2026-05-08T18:25:10.076+0100] {logging_mixin.py:188} INFO - [2026-05-08T18:25:10.075+0100] {dag.py:3096} INFO - Sync 1 DAGs
[2026-05-08T18:25:10.089+0100] {logging_mixin.py:188} INFO - [2026-05-08T18:25:10.089+0100] {dag.py:3954} INFO - Setting next_dagrun for tutorial_dag to None, run_after=None
[2026-05-08T18:25:10.182+0100] {processor.py:183} INFO - Processing /home/najma/airflow-venv/lib/python3.12/site-packages/airflow/example_dags/tutorial_dag.py took 0.146 seconds
[2026-05-08T18:26:17.228+0100] {processor.py:161} INFO - Started process (PID=12383) to work on /home/najma/airflow-venv/lib/python3.12/site-packages/airflow/example_dags/tutorial_dag.py
[2026-05-08T18:26:17.230+0100] {processor.py:830} INFO - Processing file /home/najma/airflow-venv/lib/python3.12/site-packages/airflow/example_dags/tutorial_dag.py for tasks to queue
[2026-05-08T18:26:17.232+0100] {logging_mixin.py:188} INFO - [2026-05-08T18:26:17.231+0100] {dagbag.py:540} INFO - Filling up the DagBag from /home/najma/airflow-venv/lib/python3.12/site-packages/airflow/example_dags/tutorial_dag.py
[2026-05-08T18:26:17.237+0100] {processor.py:840} INFO - DAG(s) 'tutorial_dag' retrieved from /home/najma/airflow-venv/lib/python3.12/site-packages/airflow/example_dags/tutorial_dag.py
[2026-05-08T18:26:17.266+0100] {logging_mixin.py:188} INFO - [2026-05-08T18:26:17.266+0100] {dag.py:3096} INFO - Sync 1 DAGs
[2026-05-08T18:26:17.280+0100] {logging_mixin.py:188} INFO - [2026-05-08T18:26:17.280+0100] {dag.py:3954} INFO - Setting next_dagrun for tutorial_dag to None, run_after=None
[2026-05-08T18:26:17.384+0100] {processor.py:183} INFO - Processing /home/najma/airflow-venv/lib/python3.12/site-packages/airflow/example_dags/tutorial_dag.py took 0.159 seconds
[2026-05-08T18:27:43.511+0100] {processor.py:161} INFO - Started process (PID=12446) to work on /home/najma/airflow-venv/lib/python3.12/site-packages/airflow/example_dags/tutorial_dag.py
[2026-05-08T18:27:43.513+0100] {processor.py:830} INFO - Processing file /home/najma/airflow-venv/lib/python3.12/site-packages/airflow/example_dags/tutorial_dag.py for tasks to queue
[2026-05-08T18:27:43.515+0100] {logging_mixin.py:188} INFO - [2026-05-08T18:27:43.515+0100] {dagbag.py:540} INFO - Filling up the DagBag from /home/najma/airflow-venv/lib/python3.12/site-packages/airflow/example_dags/tutorial_dag.py
[2026-05-08T18:27:43.522+0100] {processor.py:840} INFO - DAG(s) 'tutorial_dag' retrieved from /home/najma/airflow-venv/lib/python3.12/site-packages/airflow/example_dags/tutorial_dag.py
[2026-05-08T18:27:43.553+0100] {logging_mixin.py:188} INFO - [2026-05-08T18:27:43.552+0100] {dag.py:3096} INFO - Sync 1 DAGs
[2026-05-08T18:27:43.571+0100] {logging_mixin.py:188} INFO - [2026-05-08T18:27:43.571+0100] {dag.py:3954} INFO - Setting next_dagrun for tutorial_dag to None, run_after=None
[2026-05-08T18:27:43.662+0100] {processor.py:183} INFO - Processing /home/najma/airflow-venv/lib/python3.12/site-packages/airflow/example_dags/tutorial_dag.py took 0.155 seconds
[2026-05-08T18:29:01.291+0100] {processor.py:161} INFO - Started process (PID=12507) to work on /home/najma/airflow-venv/lib/python3.12/site-packages/airflow/example_dags/tutorial_dag.py
[2026-05-08T18:29:01.293+0100] {processor.py:830} INFO - Processing file /home/najma/airflow-venv/lib/python3.12/site-packages/airflow/example_dags/tutorial_dag.py for tasks to queue
[2026-05-08T18:29:01.295+0100] {logging_mixin.py:188} INFO - [2026-05-08T18:29:01.295+0100] {dagbag.py:540} INFO - Filling up the DagBag from /home/najma/airflow-venv/lib/python3.12/site-packages/airflow/example_dags/tutorial_dag.py
[2026-05-08T18:29:01.300+0100] {processor.py:840} INFO - DAG(s) 'tutorial_dag' retrieved from /home/najma/airflow-venv/lib/python3.12/site-packages/airflow/example_dags/tutorial_dag.py
[2026-05-08T18:29:01.328+0100] {logging_mixin.py:188} INFO - [2026-05-08T18:29:01.328+0100] {dag.py:3096} INFO - Sync 1 DAGs
[2026-05-08T18:29:01.341+0100] {logging_mixin.py:188} INFO - [2026-05-08T18:29:01.341+0100] {dag.py:3954} INFO - Setting next_dagrun for tutorial_dag to None, run_after=None
[2026-05-08T18:29:01.431+0100] {processor.py:183} INFO - Processing /home/najma/airflow-venv/lib/python3.12/site-packages/airflow/example_dags/tutorial_dag.py took 0.143 seconds
[2026-05-08T18:30:17.215+0100] {processor.py:161} INFO - Started process (PID=12567) to work on /home/najma/airflow-venv/lib/python3.12/site-packages/airflow/example_dags/tutorial_dag.py
[2026-05-08T18:30:17.216+0100] {processor.py:830} INFO - Processing file /home/najma/airflow-venv/lib/python3.12/site-packages/airflow/example_dags/tutorial_dag.py for tasks to queue
[2026-05-08T18:30:17.218+0100] {logging_mixin.py:188} INFO - [2026-05-08T18:30:17.218+0100] {dagbag.py:540} INFO - Filling up the DagBag from /home/najma/airflow-venv/lib/python3.12/site-packages/airflow/example_dags/tutorial_dag.py
[2026-05-08T18:30:17.222+0100] {processor.py:840} INFO - DAG(s) 'tutorial_dag' retrieved from /home/najma/airflow-venv/lib/python3.12/site-packages/airflow/example_dags/tutorial_dag.py
[2026-05-08T18:30:17.252+0100] {logging_mixin.py:188} INFO - [2026-05-08T18:30:17.252+0100] {dag.py:3096} INFO - Sync 1 DAGs
[2026-05-08T18:30:17.268+0100] {logging_mixin.py:188} INFO - [2026-05-08T18:30:17.267+0100] {dag.py:3954} INFO - Setting next_dagrun for tutorial_dag to None, run_after=None
[2026-05-08T18:30:17.388+0100] {processor.py:183} INFO - Processing /home/najma/airflow-venv/lib/python3.12/site-packages/airflow/example_dags/tutorial_dag.py took 0.177 seconds
[2026-05-08T18:31:32.914+0100] {processor.py:161} INFO - Started process (PID=12627) to work on /home/najma/airflow-venv/lib/python3.12/site-packages/airflow/example_dags/tutorial_dag.py
[2026-05-08T18:31:32.916+0100] {processor.py:830} INFO - Processing file /home/najma/airflow-venv/lib/python3.12/site-packages/airflow/example_dags/tutorial_dag.py for tasks to queue
[2026-05-08T18:31:32.918+0100] {logging_mixin.py:188} INFO - [2026-05-08T18:31:32.917+0100] {dagbag.py:540} INFO - Filling up the DagBag from /home/najma/airflow-venv/lib/python3.12/site-packages/airflow/example_dags/tutorial_dag.py
[2026-05-08T18:31:32.923+0100] {processor.py:840} INFO - DAG(s) 'tutorial_dag' retrieved from /home/najma/airflow-venv/lib/python3.12/site-packages/airflow/example_dags/tutorial_dag.py
[2026-05-08T18:31:32.960+0100] {logging_mixin.py:188} INFO - [2026-05-08T18:31:32.960+0100] {dag.py:3096} INFO - Sync 1 DAGs
[2026-05-08T18:31:32.975+0100] {logging_mixin.py:188} INFO - [2026-05-08T18:31:32.975+0100] {dag.py:3954} INFO - Setting next_dagrun for tutorial_dag to None, run_after=None
[2026-05-08T18:31:33.087+0100] {processor.py:183} INFO - Processing /home/najma/airflow-venv/lib/python3.12/site-packages/airflow/example_dags/tutorial_dag.py took 0.177 seconds
[2026-05-08T18:32:50.671+0100] {processor.py:161} INFO - Started process (PID=12685) to work on /home/najma/airflow-venv/lib/python3.12/site-packages/airflow/example_dags/tutorial_dag.py
[2026-05-08T18:32:50.673+0100] {processor.py:830} INFO - Processing file /home/najma/airflow-venv/lib/python3.12/site-packages/airflow/example_dags/tutorial_dag.py for tasks to queue
[2026-05-08T18:32:50.675+0100] {logging_mixin.py:188} INFO - [2026-05-08T18:32:50.675+0100] {dagbag.py:540} INFO - Filling up the DagBag from /home/najma/airflow-venv/lib/python3.12/site-packages/airflow/example_dags/tutorial_dag.py
[2026-05-08T18:32:50.686+0100] {processor.py:840} INFO - DAG(s) 'tutorial_dag' retrieved from /home/najma/airflow-venv/lib/python3.12/site-packages/airflow/example_dags/tutorial_dag.py
[2026-05-08T18:32:50.741+0100] {logging_mixin.py:188} INFO - [2026-05-08T18:32:50.740+0100] {dag.py:3096} INFO - Sync 1 DAGs
[2026-05-08T18:32:50.766+0100] {logging_mixin.py:188} INFO - [2026-05-08T18:32:50.766+0100] {dag.py:3954} INFO - Setting next_dagrun for tutorial_dag to None, run_after=None
[2026-05-08T18:32:50.924+0100] {processor.py:183} INFO - Processing /home/najma/airflow-venv/lib/python3.12/site-packages/airflow/example_dags/tutorial_dag.py took 0.258 seconds
[2026-05-08T18:34:07.916+0100] {processor.py:161} INFO - Started process (PID=12747) to work on /home/najma/airflow-venv/lib/python3.12/site-packages/airflow/example_dags/tutorial_dag.py
[2026-05-08T18:34:07.918+0100] {processor.py:830} INFO - Processing file /home/najma/airflow-venv/lib/python3.12/site-packages/airflow/example_dags/tutorial_dag.py for tasks to queue
[2026-05-08T18:34:07.919+0100] {logging_mixin.py:188} INFO - [2026-05-08T18:34:07.919+0100] {dagbag.py:540} INFO - Filling up the DagBag from /home/najma/airflow-venv/lib/python3.12/site-packages/airflow/example_dags/tutorial_dag.py
[2026-05-08T18:34:07.930+0100] {processor.py:840} INFO - DAG(s) 'tutorial_dag' retrieved from /home/najma/airflow-venv/lib/python3.12/site-packages/airflow/example_dags/tutorial_dag.py
[2026-05-08T18:34:07.962+0100] {logging_mixin.py:188} INFO - [2026-05-08T18:34:07.962+0100] {dag.py:3096} INFO - Sync 1 DAGs
[2026-05-08T18:34:07.977+0100] {logging_mixin.py:188} INFO - [2026-05-08T18:34:07.977+0100] {dag.py:3954} INFO - Setting next_dagrun for tutorial_dag to None, run_after=None
[2026-05-08T18:34:08.099+0100] {processor.py:183} INFO - Processing /home/najma/airflow-venv/lib/python3.12/site-packages/airflow/example_dags/tutorial_dag.py took 0.186 seconds
[2026-05-08T18:35:13.566+0100] {processor.py:161} INFO - Started process (PID=12823) to work on /home/najma/airflow-venv/lib/python3.12/site-packages/airflow/example_dags/tutorial_dag.py
[2026-05-08T18:35:13.569+0100] {processor.py:830} INFO - Processing file /home/najma/airflow-venv/lib/python3.12/site-packages/airflow/example_dags/tutorial_dag.py for tasks to queue
[2026-05-08T18:35:13.570+0100] {logging_mixin.py:188} INFO - [2026-05-08T18:35:13.570+0100] {dagbag.py:540} INFO - Filling up the DagBag from /home/najma/airflow-venv/lib/python3.12/site-packages/airflow/example_dags/tutorial_dag.py
[2026-05-08T18:35:13.581+0100] {processor.py:840} INFO - DAG(s) 'tutorial_dag' retrieved from /home/najma/airflow-venv/lib/python3.12/site-packages/airflow/example_dags/tutorial_dag.py
[2026-05-08T18:35:13.621+0100] {logging_mixin.py:188} INFO - [2026-05-08T18:35:13.621+0100] {dag.py:3096} INFO - Sync 1 DAGs
[2026-05-08T18:35:13.637+0100] {logging_mixin.py:188} INFO - [2026-05-08T18:35:13.637+0100] {dag.py:3954} INFO - Setting next_dagrun for tutorial_dag to None, run_after=None
[2026-05-08T18:35:13.747+0100] {processor.py:183} INFO - Processing /home/najma/airflow-venv/lib/python3.12/site-packages/airflow/example_dags/tutorial_dag.py took 0.185 seconds
[2026-05-08T18:36:26.656+0100] {processor.py:161} INFO - Started process (PID=12883) to work on /home/najma/airflow-venv/lib/python3.12/site-packages/airflow/example_dags/tutorial_dag.py
[2026-05-08T18:36:26.658+0100] {processor.py:830} INFO - Processing file /home/najma/airflow-venv/lib/python3.12/site-packages/airflow/example_dags/tutorial_dag.py for tasks to queue
[2026-05-08T18:36:26.659+0100] {logging_mixin.py:188} INFO - [2026-05-08T18:36:26.659+0100] {dagbag.py:540} INFO - Filling up the DagBag from /home/najma/airflow-venv/lib/python3.12/site-packages/airflow/example_dags/tutorial_dag.py
[2026-05-08T18:36:26.663+0100] {processor.py:840} INFO - DAG(s) 'tutorial_dag' retrieved from /home/najma/airflow-venv/lib/python3.12/site-packages/airflow/example_dags/tutorial_dag.py
[2026-05-08T18:36:26.690+0100] {logging_mixin.py:188} INFO - [2026-05-08T18:36:26.690+0100] {dag.py:3096} INFO - Sync 1 DAGs
[2026-05-08T18:36:26.704+0100] {logging_mixin.py:188} INFO - [2026-05-08T18:36:26.703+0100] {dag.py:3954} INFO - Setting next_dagrun for tutorial_dag to None, run_after=None
[2026-05-08T18:36:26.789+0100] {processor.py:183} INFO - Processing /home/najma/airflow-venv/lib/python3.12/site-packages/airflow/example_dags/tutorial_dag.py took 0.136 seconds
[2026-05-08T18:37:42.948+0100] {processor.py:161} INFO - Started process (PID=12943) to work on /home/najma/airflow-venv/lib/python3.12/site-packages/airflow/example_dags/tutorial_dag.py
[2026-05-08T18:37:42.950+0100] {processor.py:830} INFO - Processing file /home/najma/airflow-venv/lib/python3.12/site-packages/airflow/example_dags/tutorial_dag.py for tasks to queue
[2026-05-08T18:37:42.951+0100] {logging_mixin.py:188} INFO - [2026-05-08T18:37:42.951+0100] {dagbag.py:540} INFO - Filling up the DagBag from /home/najma/airflow-venv/lib/python3.12/site-packages/airflow/example_dags/tutorial_dag.py
[2026-05-08T18:37:42.956+0100] {processor.py:840} INFO - DAG(s) 'tutorial_dag' retrieved from /home/najma/airflow-venv/lib/python3.12/site-packages/airflow/example_dags/tutorial_dag.py
[2026-05-08T18:37:42.998+0100] {logging_mixin.py:188} INFO - [2026-05-08T18:37:42.998+0100] {dag.py:3096} INFO - Sync 1 DAGs
[2026-05-08T18:37:43.015+0100] {logging_mixin.py:188} INFO - [2026-05-08T18:37:43.015+0100] {dag.py:3954} INFO - Setting next_dagrun for tutorial_dag to None, run_after=None
[2026-05-08T18:37:43.139+0100] {processor.py:183} INFO - Processing /home/najma/airflow-venv/lib/python3.12/site-packages/airflow/example_dags/tutorial_dag.py took 0.195 seconds
[2026-05-08T18:39:00.594+0100] {processor.py:161} INFO - Started process (PID=13010) to work on /home/najma/airflow-venv/lib/python3.12/site-packages/airflow/example_dags/tutorial_dag.py
[2026-05-08T18:39:00.596+0100] {processor.py:830} INFO - Processing file /home/najma/airflow-venv/lib/python3.12/site-packages/airflow/example_dags/tutorial_dag.py for tasks to queue
[2026-05-08T18:39:00.597+0100] {logging_mixin.py:188} INFO - [2026-05-08T18:39:00.597+0100] {dagbag.py:540} INFO - Filling up the DagBag from /home/najma/airflow-venv/lib/python3.12/site-packages/airflow/example_dags/tutorial_dag.py
[2026-05-08T18:39:00.601+0100] {processor.py:840} INFO - DAG(s) 'tutorial_dag' retrieved from /home/najma/airflow-venv/lib/python3.12/site-packages/airflow/example_dags/tutorial_dag.py
[2026-05-08T18:39:00.631+0100] {logging_mixin.py:188} INFO - [2026-05-08T18:39:00.631+0100] {dag.py:3096} INFO - Sync 1 DAGs
[2026-05-08T18:39:00.645+0100] {logging_mixin.py:188} INFO - [2026-05-08T18:39:00.645+0100] {dag.py:3954} INFO - Setting next_dagrun for tutorial_dag to None, run_after=None
[2026-05-08T18:39:00.724+0100] {processor.py:183} INFO - Processing /home/najma/airflow-venv/lib/python3.12/site-packages/airflow/example_dags/tutorial_dag.py took 0.134 seconds
