[2026-05-08T16:42:27.153+0100] {processor.py:161} INFO - Started process (PID=9502) to work on /home/najma/airflow-venv/lib/python3.12/site-packages/airflow/example_dags/tutorial_taskflow_api_virtualenv.py
[2026-05-08T16:42:27.155+0100] {processor.py:830} INFO - Processing file /home/najma/airflow-venv/lib/python3.12/site-packages/airflow/example_dags/tutorial_taskflow_api_virtualenv.py for tasks to queue
[2026-05-08T16:42:27.156+0100] {logging_mixin.py:188} INFO - [2026-05-08T16:42:27.156+0100] {dagbag.py:540} INFO - Filling up the DagBag from /home/najma/airflow-venv/lib/python3.12/site-packages/airflow/example_dags/tutorial_taskflow_api_virtualenv.py
[2026-05-08T16:42:27.268+0100] {logging_mixin.py:188} INFO - [2026-05-08T16:42:27.268+0100] {tutorial_taskflow_api_virtualenv.py:29} WARNING - The tutorial_taskflow_api_virtualenv example DAG requires virtualenv, please install it.
[2026-05-08T16:42:27.269+0100] {processor.py:842} WARNING - No viable dags retrieved from /home/najma/airflow-venv/lib/python3.12/site-packages/airflow/example_dags/tutorial_taskflow_api_virtualenv.py
[2026-05-08T16:42:27.293+0100] {processor.py:183} INFO - Processing /home/najma/airflow-venv/lib/python3.12/site-packages/airflow/example_dags/tutorial_taskflow_api_virtualenv.py took 0.143 seconds
[2026-05-08T16:43:49.338+0100] {processor.py:161} INFO - Started process (PID=9581) to work on /home/najma/airflow-venv/lib/python3.12/site-packages/airflow/example_dags/tutorial_taskflow_api_virtualenv.py
[2026-05-08T16:43:49.339+0100] {processor.py:830} INFO - Processing file /home/najma/airflow-venv/lib/python3.12/site-packages/airflow/example_dags/tutorial_taskflow_api_virtualenv.py for tasks to queue
[2026-05-08T16:43:49.341+0100] {logging_mixin.py:188} INFO - [2026-05-08T16:43:49.340+0100] {dagbag.py:540} INFO - Filling up the DagBag from /home/najma/airflow-venv/lib/python3.12/site-packages/airflow/example_dags/tutorial_taskflow_api_virtualenv.py
[2026-05-08T16:43:49.416+0100] {logging_mixin.py:188} INFO - [2026-05-08T16:43:49.416+0100] {tutorial_taskflow_api_virtualenv.py:29} WARNING - The tutorial_taskflow_api_virtualenv example DAG requires virtualenv, please install it.
[2026-05-08T16:43:49.416+0100] {processor.py:842} WARNING - No viable dags retrieved from /home/najma/airflow-venv/lib/python3.12/site-packages/airflow/example_dags/tutorial_taskflow_api_virtualenv.py
[2026-05-08T16:43:49.435+0100] {processor.py:183} INFO - Processing /home/najma/airflow-venv/lib/python3.12/site-packages/airflow/example_dags/tutorial_taskflow_api_virtualenv.py took 0.101 seconds
[2026-05-08T16:44:29.476+0100] {processor.py:161} INFO - Started process (PID=9620) to work on /home/najma/airflow-venv/lib/python3.12/site-packages/airflow/example_dags/tutorial_taskflow_api_virtualenv.py
[2026-05-08T16:44:29.478+0100] {processor.py:830} INFO - Processing file /home/najma/airflow-venv/lib/python3.12/site-packages/airflow/example_dags/tutorial_taskflow_api_virtualenv.py for tasks to queue
[2026-05-08T16:44:29.480+0100] {logging_mixin.py:188} INFO - [2026-05-08T16:44:29.479+0100] {dagbag.py:540} INFO - Filling up the DagBag from /home/najma/airflow-venv/lib/python3.12/site-packages/airflow/example_dags/tutorial_taskflow_api_virtualenv.py
[2026-05-08T16:44:29.564+0100] {logging_mixin.py:188} INFO - [2026-05-08T16:44:29.564+0100] {tutorial_taskflow_api_virtualenv.py:29} WARNING - The tutorial_taskflow_api_virtualenv example DAG requires virtualenv, please install it.
[2026-05-08T16:44:29.564+0100] {processor.py:842} WARNING - No viable dags retrieved from /home/najma/airflow-venv/lib/python3.12/site-packages/airflow/example_dags/tutorial_taskflow_api_virtualenv.py
[2026-05-08T16:44:29.586+0100] {processor.py:183} INFO - Processing /home/najma/airflow-venv/lib/python3.12/site-packages/airflow/example_dags/tutorial_taskflow_api_virtualenv.py took 0.114 seconds
[2026-05-08T16:45:10.417+0100] {processor.py:161} INFO - Started process (PID=9655) to work on /home/najma/airflow-venv/lib/python3.12/site-packages/airflow/example_dags/tutorial_taskflow_api_virtualenv.py
[2026-05-08T16:45:10.419+0100] {processor.py:830} INFO - Processing file /home/najma/airflow-venv/lib/python3.12/site-packages/airflow/example_dags/tutorial_taskflow_api_virtualenv.py for tasks to queue
[2026-05-08T16:45:10.421+0100] {logging_mixin.py:188} INFO - [2026-05-08T16:45:10.420+0100] {dagbag.py:540} INFO - Filling up the DagBag from /home/najma/airflow-venv/lib/python3.12/site-packages/airflow/example_dags/tutorial_taskflow_api_virtualenv.py
[2026-05-08T16:45:10.546+0100] {logging_mixin.py:188} INFO - [2026-05-08T16:45:10.546+0100] {tutorial_taskflow_api_virtualenv.py:29} WARNING - The tutorial_taskflow_api_virtualenv example DAG requires virtualenv, please install it.
[2026-05-08T16:45:10.546+0100] {processor.py:842} WARNING - No viable dags retrieved from /home/najma/airflow-venv/lib/python3.12/site-packages/airflow/example_dags/tutorial_taskflow_api_virtualenv.py
[2026-05-08T16:45:10.570+0100] {processor.py:183} INFO - Processing /home/najma/airflow-venv/lib/python3.12/site-packages/airflow/example_dags/tutorial_taskflow_api_virtualenv.py took 0.157 seconds
[2026-05-08T16:45:56.350+0100] {processor.py:161} INFO - Started process (PID=9697) to work on /home/najma/airflow-venv/lib/python3.12/site-packages/airflow/example_dags/tutorial_taskflow_api_virtualenv.py
[2026-05-08T16:45:56.353+0100] {processor.py:830} INFO - Processing file /home/najma/airflow-venv/lib/python3.12/site-packages/airflow/example_dags/tutorial_taskflow_api_virtualenv.py for tasks to queue
[2026-05-08T16:45:56.356+0100] {logging_mixin.py:188} INFO - [2026-05-08T16:45:56.355+0100] {dagbag.py:540} INFO - Filling up the DagBag from /home/najma/airflow-venv/lib/python3.12/site-packages/airflow/example_dags/tutorial_taskflow_api_virtualenv.py
[2026-05-08T16:45:56.507+0100] {logging_mixin.py:188} INFO - [2026-05-08T16:45:56.507+0100] {tutorial_taskflow_api_virtualenv.py:29} WARNING - The tutorial_taskflow_api_virtualenv example DAG requires virtualenv, please install it.
[2026-05-08T16:45:56.513+0100] {processor.py:842} WARNING - No viable dags retrieved from /home/najma/airflow-venv/lib/python3.12/site-packages/airflow/example_dags/tutorial_taskflow_api_virtualenv.py
[2026-05-08T16:45:56.624+0100] {processor.py:183} INFO - Processing /home/najma/airflow-venv/lib/python3.12/site-packages/airflow/example_dags/tutorial_taskflow_api_virtualenv.py took 0.277 seconds
[2026-05-08T16:46:32.556+0100] {processor.py:161} INFO - Started process (PID=9731) to work on /home/najma/airflow-venv/lib/python3.12/site-packages/airflow/example_dags/tutorial_taskflow_api_virtualenv.py
[2026-05-08T16:46:32.558+0100] {processor.py:830} INFO - Processing file /home/najma/airflow-venv/lib/python3.12/site-packages/airflow/example_dags/tutorial_taskflow_api_virtualenv.py for tasks to queue
[2026-05-08T16:46:32.560+0100] {logging_mixin.py:188} INFO - [2026-05-08T16:46:32.560+0100] {dagbag.py:540} INFO - Filling up the DagBag from /home/najma/airflow-venv/lib/python3.12/site-packages/airflow/example_dags/tutorial_taskflow_api_virtualenv.py
[2026-05-08T16:46:32.754+0100] {logging_mixin.py:188} INFO - [2026-05-08T16:46:32.754+0100] {tutorial_taskflow_api_virtualenv.py:29} WARNING - The tutorial_taskflow_api_virtualenv example DAG requires virtualenv, please install it.
[2026-05-08T16:46:32.755+0100] {processor.py:842} WARNING - No viable dags retrieved from /home/najma/airflow-venv/lib/python3.12/site-packages/airflow/example_dags/tutorial_taskflow_api_virtualenv.py
[2026-05-08T16:46:32.791+0100] {processor.py:183} INFO - Processing /home/najma/airflow-venv/lib/python3.12/site-packages/airflow/example_dags/tutorial_taskflow_api_virtualenv.py took 0.241 seconds
[2026-05-08T16:47:11.228+0100] {processor.py:161} INFO - Started process (PID=9767) to work on /home/najma/airflow-venv/lib/python3.12/site-packages/airflow/example_dags/tutorial_taskflow_api_virtualenv.py
[2026-05-08T16:47:11.229+0100] {processor.py:830} INFO - Processing file /home/najma/airflow-venv/lib/python3.12/site-packages/airflow/example_dags/tutorial_taskflow_api_virtualenv.py for tasks to queue
[2026-05-08T16:47:11.231+0100] {logging_mixin.py:188} INFO - [2026-05-08T16:47:11.230+0100] {dagbag.py:540} INFO - Filling up the DagBag from /home/najma/airflow-venv/lib/python3.12/site-packages/airflow/example_dags/tutorial_taskflow_api_virtualenv.py
[2026-05-08T16:47:11.321+0100] {logging_mixin.py:188} INFO - [2026-05-08T16:47:11.321+0100] {tutorial_taskflow_api_virtualenv.py:29} WARNING - The tutorial_taskflow_api_virtualenv example DAG requires virtualenv, please install it.
[2026-05-08T16:47:11.322+0100] {processor.py:842} WARNING - No viable dags retrieved from /home/najma/airflow-venv/lib/python3.12/site-packages/airflow/example_dags/tutorial_taskflow_api_virtualenv.py
[2026-05-08T16:47:11.342+0100] {processor.py:183} INFO - Processing /home/najma/airflow-venv/lib/python3.12/site-packages/airflow/example_dags/tutorial_taskflow_api_virtualenv.py took 0.118 seconds
[2026-05-08T16:47:51.535+0100] {processor.py:161} INFO - Started process (PID=9804) to work on /home/najma/airflow-venv/lib/python3.12/site-packages/airflow/example_dags/tutorial_taskflow_api_virtualenv.py
[2026-05-08T16:47:51.536+0100] {processor.py:830} INFO - Processing file /home/najma/airflow-venv/lib/python3.12/site-packages/airflow/example_dags/tutorial_taskflow_api_virtualenv.py for tasks to queue
[2026-05-08T16:47:51.538+0100] {logging_mixin.py:188} INFO - [2026-05-08T16:47:51.538+0100] {dagbag.py:540} INFO - Filling up the DagBag from /home/najma/airflow-venv/lib/python3.12/site-packages/airflow/example_dags/tutorial_taskflow_api_virtualenv.py
[2026-05-08T16:47:51.630+0100] {logging_mixin.py:188} INFO - [2026-05-08T16:47:51.630+0100] {tutorial_taskflow_api_virtualenv.py:29} WARNING - The tutorial_taskflow_api_virtualenv example DAG requires virtualenv, please install it.
[2026-05-08T16:47:51.630+0100] {processor.py:842} WARNING - No viable dags retrieved from /home/najma/airflow-venv/lib/python3.12/site-packages/airflow/example_dags/tutorial_taskflow_api_virtualenv.py
[2026-05-08T16:47:51.655+0100] {processor.py:183} INFO - Processing /home/najma/airflow-venv/lib/python3.12/site-packages/airflow/example_dags/tutorial_taskflow_api_virtualenv.py took 0.125 seconds
[2026-05-08T16:48:27.628+0100] {processor.py:161} INFO - Started process (PID=9835) to work on /home/najma/airflow-venv/lib/python3.12/site-packages/airflow/example_dags/tutorial_taskflow_api_virtualenv.py
[2026-05-08T16:48:27.629+0100] {processor.py:830} INFO - Processing file /home/najma/airflow-venv/lib/python3.12/site-packages/airflow/example_dags/tutorial_taskflow_api_virtualenv.py for tasks to queue
[2026-05-08T16:48:27.631+0100] {logging_mixin.py:188} INFO - [2026-05-08T16:48:27.631+0100] {dagbag.py:540} INFO - Filling up the DagBag from /home/najma/airflow-venv/lib/python3.12/site-packages/airflow/example_dags/tutorial_taskflow_api_virtualenv.py
[2026-05-08T16:48:27.745+0100] {logging_mixin.py:188} INFO - [2026-05-08T16:48:27.745+0100] {tutorial_taskflow_api_virtualenv.py:29} WARNING - The tutorial_taskflow_api_virtualenv example DAG requires virtualenv, please install it.
[2026-05-08T16:48:27.746+0100] {processor.py:842} WARNING - No viable dags retrieved from /home/najma/airflow-venv/lib/python3.12/site-packages/airflow/example_dags/tutorial_taskflow_api_virtualenv.py
[2026-05-08T16:48:27.772+0100] {processor.py:183} INFO - Processing /home/najma/airflow-venv/lib/python3.12/site-packages/airflow/example_dags/tutorial_taskflow_api_virtualenv.py took 0.147 seconds
[2026-05-08T16:49:03.626+0100] {processor.py:161} INFO - Started process (PID=9870) to work on /home/najma/airflow-venv/lib/python3.12/site-packages/airflow/example_dags/tutorial_taskflow_api_virtualenv.py
[2026-05-08T16:49:03.627+0100] {processor.py:830} INFO - Processing file /home/najma/airflow-venv/lib/python3.12/site-packages/airflow/example_dags/tutorial_taskflow_api_virtualenv.py for tasks to queue
[2026-05-08T16:49:03.629+0100] {logging_mixin.py:188} INFO - [2026-05-08T16:49:03.628+0100] {dagbag.py:540} INFO - Filling up the DagBag from /home/najma/airflow-venv/lib/python3.12/site-packages/airflow/example_dags/tutorial_taskflow_api_virtualenv.py
[2026-05-08T16:49:03.712+0100] {logging_mixin.py:188} INFO - [2026-05-08T16:49:03.712+0100] {tutorial_taskflow_api_virtualenv.py:29} WARNING - The tutorial_taskflow_api_virtualenv example DAG requires virtualenv, please install it.
[2026-05-08T16:49:03.713+0100] {processor.py:842} WARNING - No viable dags retrieved from /home/najma/airflow-venv/lib/python3.12/site-packages/airflow/example_dags/tutorial_taskflow_api_virtualenv.py
[2026-05-08T16:49:03.734+0100] {processor.py:183} INFO - Processing /home/najma/airflow-venv/lib/python3.12/site-packages/airflow/example_dags/tutorial_taskflow_api_virtualenv.py took 0.112 seconds
[2026-05-08T16:49:39.623+0100] {processor.py:161} INFO - Started process (PID=9902) to work on /home/najma/airflow-venv/lib/python3.12/site-packages/airflow/example_dags/tutorial_taskflow_api_virtualenv.py
[2026-05-08T16:49:39.624+0100] {processor.py:830} INFO - Processing file /home/najma/airflow-venv/lib/python3.12/site-packages/airflow/example_dags/tutorial_taskflow_api_virtualenv.py for tasks to queue
[2026-05-08T16:49:39.627+0100] {logging_mixin.py:188} INFO - [2026-05-08T16:49:39.627+0100] {dagbag.py:540} INFO - Filling up the DagBag from /home/najma/airflow-venv/lib/python3.12/site-packages/airflow/example_dags/tutorial_taskflow_api_virtualenv.py
[2026-05-08T16:49:39.782+0100] {logging_mixin.py:188} INFO - [2026-05-08T16:49:39.782+0100] {tutorial_taskflow_api_virtualenv.py:29} WARNING - The tutorial_taskflow_api_virtualenv example DAG requires virtualenv, please install it.
[2026-05-08T16:49:39.783+0100] {processor.py:842} WARNING - No viable dags retrieved from /home/najma/airflow-venv/lib/python3.12/site-packages/airflow/example_dags/tutorial_taskflow_api_virtualenv.py
[2026-05-08T16:49:39.816+0100] {processor.py:183} INFO - Processing /home/najma/airflow-venv/lib/python3.12/site-packages/airflow/example_dags/tutorial_taskflow_api_virtualenv.py took 0.197 seconds
[2026-05-08T17:45:04.198+0100] {processor.py:161} INFO - Started process (PID=10217) to work on /home/najma/airflow-venv/lib/python3.12/site-packages/airflow/example_dags/tutorial_taskflow_api_virtualenv.py
[2026-05-08T17:45:04.200+0100] {processor.py:830} INFO - Processing file /home/najma/airflow-venv/lib/python3.12/site-packages/airflow/example_dags/tutorial_taskflow_api_virtualenv.py for tasks to queue
[2026-05-08T17:45:04.201+0100] {logging_mixin.py:188} INFO - [2026-05-08T17:45:04.201+0100] {dagbag.py:540} INFO - Filling up the DagBag from /home/najma/airflow-venv/lib/python3.12/site-packages/airflow/example_dags/tutorial_taskflow_api_virtualenv.py
[2026-05-08T17:45:04.359+0100] {logging_mixin.py:188} INFO - [2026-05-08T17:45:04.359+0100] {tutorial_taskflow_api_virtualenv.py:29} WARNING - The tutorial_taskflow_api_virtualenv example DAG requires virtualenv, please install it.
[2026-05-08T17:45:04.360+0100] {processor.py:842} WARNING - No viable dags retrieved from /home/najma/airflow-venv/lib/python3.12/site-packages/airflow/example_dags/tutorial_taskflow_api_virtualenv.py
[2026-05-08T17:45:04.393+0100] {processor.py:183} INFO - Processing /home/najma/airflow-venv/lib/python3.12/site-packages/airflow/example_dags/tutorial_taskflow_api_virtualenv.py took 0.199 seconds
[2026-05-08T17:46:18.348+0100] {processor.py:161} INFO - Started process (PID=10292) to work on /home/najma/airflow-venv/lib/python3.12/site-packages/airflow/example_dags/tutorial_taskflow_api_virtualenv.py
[2026-05-08T17:46:18.349+0100] {processor.py:830} INFO - Processing file /home/najma/airflow-venv/lib/python3.12/site-packages/airflow/example_dags/tutorial_taskflow_api_virtualenv.py for tasks to queue
[2026-05-08T17:46:18.351+0100] {logging_mixin.py:188} INFO - [2026-05-08T17:46:18.350+0100] {dagbag.py:540} INFO - Filling up the DagBag from /home/najma/airflow-venv/lib/python3.12/site-packages/airflow/example_dags/tutorial_taskflow_api_virtualenv.py
[2026-05-08T17:46:18.452+0100] {logging_mixin.py:188} INFO - [2026-05-08T17:46:18.452+0100] {tutorial_taskflow_api_virtualenv.py:29} WARNING - The tutorial_taskflow_api_virtualenv example DAG requires virtualenv, please install it.
[2026-05-08T17:46:18.453+0100] {processor.py:842} WARNING - No viable dags retrieved from /home/najma/airflow-venv/lib/python3.12/site-packages/airflow/example_dags/tutorial_taskflow_api_virtualenv.py
[2026-05-08T17:46:18.479+0100] {processor.py:183} INFO - Processing /home/najma/airflow-venv/lib/python3.12/site-packages/airflow/example_dags/tutorial_taskflow_api_virtualenv.py took 0.136 seconds
[2026-05-08T17:47:02.501+0100] {processor.py:161} INFO - Started process (PID=10329) to work on /home/najma/airflow-venv/lib/python3.12/site-packages/airflow/example_dags/tutorial_taskflow_api_virtualenv.py
[2026-05-08T17:47:02.502+0100] {processor.py:830} INFO - Processing file /home/najma/airflow-venv/lib/python3.12/site-packages/airflow/example_dags/tutorial_taskflow_api_virtualenv.py for tasks to queue
[2026-05-08T17:47:02.504+0100] {logging_mixin.py:188} INFO - [2026-05-08T17:47:02.504+0100] {dagbag.py:540} INFO - Filling up the DagBag from /home/najma/airflow-venv/lib/python3.12/site-packages/airflow/example_dags/tutorial_taskflow_api_virtualenv.py
[2026-05-08T17:47:02.628+0100] {logging_mixin.py:188} INFO - [2026-05-08T17:47:02.628+0100] {tutorial_taskflow_api_virtualenv.py:29} WARNING - The tutorial_taskflow_api_virtualenv example DAG requires virtualenv, please install it.
[2026-05-08T17:47:02.631+0100] {processor.py:842} WARNING - No viable dags retrieved from /home/najma/airflow-venv/lib/python3.12/site-packages/airflow/example_dags/tutorial_taskflow_api_virtualenv.py
[2026-05-08T17:47:02.667+0100] {processor.py:183} INFO - Processing /home/najma/airflow-venv/lib/python3.12/site-packages/airflow/example_dags/tutorial_taskflow_api_virtualenv.py took 0.170 seconds
[2026-05-08T17:47:40.948+0100] {processor.py:161} INFO - Started process (PID=10359) to work on /home/najma/airflow-venv/lib/python3.12/site-packages/airflow/example_dags/tutorial_taskflow_api_virtualenv.py
[2026-05-08T17:47:40.950+0100] {processor.py:830} INFO - Processing file /home/najma/airflow-venv/lib/python3.12/site-packages/airflow/example_dags/tutorial_taskflow_api_virtualenv.py for tasks to queue
[2026-05-08T17:47:40.952+0100] {logging_mixin.py:188} INFO - [2026-05-08T17:47:40.951+0100] {dagbag.py:540} INFO - Filling up the DagBag from /home/najma/airflow-venv/lib/python3.12/site-packages/airflow/example_dags/tutorial_taskflow_api_virtualenv.py
[2026-05-08T17:47:41.045+0100] {logging_mixin.py:188} INFO - [2026-05-08T17:47:41.044+0100] {tutorial_taskflow_api_virtualenv.py:29} WARNING - The tutorial_taskflow_api_virtualenv example DAG requires virtualenv, please install it.
[2026-05-08T17:47:41.045+0100] {processor.py:842} WARNING - No viable dags retrieved from /home/najma/airflow-venv/lib/python3.12/site-packages/airflow/example_dags/tutorial_taskflow_api_virtualenv.py
[2026-05-08T17:47:41.066+0100] {processor.py:183} INFO - Processing /home/najma/airflow-venv/lib/python3.12/site-packages/airflow/example_dags/tutorial_taskflow_api_virtualenv.py took 0.121 seconds
[2026-05-08T17:48:49.504+0100] {processor.py:161} INFO - Started process (PID=10422) to work on /home/najma/airflow-venv/lib/python3.12/site-packages/airflow/example_dags/tutorial_taskflow_api_virtualenv.py
[2026-05-08T17:48:49.507+0100] {processor.py:830} INFO - Processing file /home/najma/airflow-venv/lib/python3.12/site-packages/airflow/example_dags/tutorial_taskflow_api_virtualenv.py for tasks to queue
[2026-05-08T17:48:49.511+0100] {logging_mixin.py:188} INFO - [2026-05-08T17:48:49.510+0100] {dagbag.py:540} INFO - Filling up the DagBag from /home/najma/airflow-venv/lib/python3.12/site-packages/airflow/example_dags/tutorial_taskflow_api_virtualenv.py
[2026-05-08T17:48:49.630+0100] {logging_mixin.py:188} INFO - [2026-05-08T17:48:49.630+0100] {tutorial_taskflow_api_virtualenv.py:29} WARNING - The tutorial_taskflow_api_virtualenv example DAG requires virtualenv, please install it.
[2026-05-08T17:48:49.631+0100] {processor.py:842} WARNING - No viable dags retrieved from /home/najma/airflow-venv/lib/python3.12/site-packages/airflow/example_dags/tutorial_taskflow_api_virtualenv.py
[2026-05-08T17:48:49.668+0100] {processor.py:183} INFO - Processing /home/najma/airflow-venv/lib/python3.12/site-packages/airflow/example_dags/tutorial_taskflow_api_virtualenv.py took 0.173 seconds
[2026-05-08T17:50:00.983+0100] {processor.py:161} INFO - Started process (PID=10481) to work on /home/najma/airflow-venv/lib/python3.12/site-packages/airflow/example_dags/tutorial_taskflow_api_virtualenv.py
[2026-05-08T17:50:00.984+0100] {processor.py:830} INFO - Processing file /home/najma/airflow-venv/lib/python3.12/site-packages/airflow/example_dags/tutorial_taskflow_api_virtualenv.py for tasks to queue
[2026-05-08T17:50:00.986+0100] {logging_mixin.py:188} INFO - [2026-05-08T17:50:00.986+0100] {dagbag.py:540} INFO - Filling up the DagBag from /home/najma/airflow-venv/lib/python3.12/site-packages/airflow/example_dags/tutorial_taskflow_api_virtualenv.py
[2026-05-08T17:50:01.075+0100] {logging_mixin.py:188} INFO - [2026-05-08T17:50:01.075+0100] {tutorial_taskflow_api_virtualenv.py:29} WARNING - The tutorial_taskflow_api_virtualenv example DAG requires virtualenv, please install it.
[2026-05-08T17:50:01.076+0100] {processor.py:842} WARNING - No viable dags retrieved from /home/najma/airflow-venv/lib/python3.12/site-packages/airflow/example_dags/tutorial_taskflow_api_virtualenv.py
[2026-05-08T17:50:01.097+0100] {processor.py:183} INFO - Processing /home/najma/airflow-venv/lib/python3.12/site-packages/airflow/example_dags/tutorial_taskflow_api_virtualenv.py took 0.118 seconds
[2026-05-08T17:50:37.909+0100] {processor.py:161} INFO - Started process (PID=10512) to work on /home/najma/airflow-venv/lib/python3.12/site-packages/airflow/example_dags/tutorial_taskflow_api_virtualenv.py
[2026-05-08T17:50:37.910+0100] {processor.py:830} INFO - Processing file /home/najma/airflow-venv/lib/python3.12/site-packages/airflow/example_dags/tutorial_taskflow_api_virtualenv.py for tasks to queue
[2026-05-08T17:50:37.912+0100] {logging_mixin.py:188} INFO - [2026-05-08T17:50:37.911+0100] {dagbag.py:540} INFO - Filling up the DagBag from /home/najma/airflow-venv/lib/python3.12/site-packages/airflow/example_dags/tutorial_taskflow_api_virtualenv.py
[2026-05-08T17:50:38.008+0100] {logging_mixin.py:188} INFO - [2026-05-08T17:50:38.008+0100] {tutorial_taskflow_api_virtualenv.py:29} WARNING - The tutorial_taskflow_api_virtualenv example DAG requires virtualenv, please install it.
[2026-05-08T17:50:38.009+0100] {processor.py:842} WARNING - No viable dags retrieved from /home/najma/airflow-venv/lib/python3.12/site-packages/airflow/example_dags/tutorial_taskflow_api_virtualenv.py
[2026-05-08T17:50:38.031+0100] {processor.py:183} INFO - Processing /home/najma/airflow-venv/lib/python3.12/site-packages/airflow/example_dags/tutorial_taskflow_api_virtualenv.py took 0.127 seconds
[2026-05-08T17:51:49.735+0100] {processor.py:161} INFO - Started process (PID=10573) to work on /home/najma/airflow-venv/lib/python3.12/site-packages/airflow/example_dags/tutorial_taskflow_api_virtualenv.py
[2026-05-08T17:51:49.736+0100] {processor.py:830} INFO - Processing file /home/najma/airflow-venv/lib/python3.12/site-packages/airflow/example_dags/tutorial_taskflow_api_virtualenv.py for tasks to queue
[2026-05-08T17:51:49.738+0100] {logging_mixin.py:188} INFO - [2026-05-08T17:51:49.738+0100] {dagbag.py:540} INFO - Filling up the DagBag from /home/najma/airflow-venv/lib/python3.12/site-packages/airflow/example_dags/tutorial_taskflow_api_virtualenv.py
[2026-05-08T17:51:49.845+0100] {logging_mixin.py:188} INFO - [2026-05-08T17:51:49.845+0100] {tutorial_taskflow_api_virtualenv.py:29} WARNING - The tutorial_taskflow_api_virtualenv example DAG requires virtualenv, please install it.
[2026-05-08T17:51:49.846+0100] {processor.py:842} WARNING - No viable dags retrieved from /home/najma/airflow-venv/lib/python3.12/site-packages/airflow/example_dags/tutorial_taskflow_api_virtualenv.py
[2026-05-08T17:51:49.870+0100] {processor.py:183} INFO - Processing /home/najma/airflow-venv/lib/python3.12/site-packages/airflow/example_dags/tutorial_taskflow_api_virtualenv.py took 0.140 seconds
[2026-05-08T17:52:36.306+0100] {processor.py:161} INFO - Started process (PID=10630) to work on /home/najma/airflow-venv/lib/python3.12/site-packages/airflow/example_dags/tutorial_taskflow_api_virtualenv.py
[2026-05-08T17:52:36.363+0100] {processor.py:830} INFO - Processing file /home/najma/airflow-venv/lib/python3.12/site-packages/airflow/example_dags/tutorial_taskflow_api_virtualenv.py for tasks to queue
[2026-05-08T17:52:36.365+0100] {logging_mixin.py:188} INFO - [2026-05-08T17:52:36.365+0100] {dagbag.py:540} INFO - Filling up the DagBag from /home/najma/airflow-venv/lib/python3.12/site-packages/airflow/example_dags/tutorial_taskflow_api_virtualenv.py
[2026-05-08T17:52:36.681+0100] {logging_mixin.py:188} INFO - [2026-05-08T17:52:36.681+0100] {tutorial_taskflow_api_virtualenv.py:29} WARNING - The tutorial_taskflow_api_virtualenv example DAG requires virtualenv, please install it.
[2026-05-08T17:52:36.682+0100] {processor.py:842} WARNING - No viable dags retrieved from /home/najma/airflow-venv/lib/python3.12/site-packages/airflow/example_dags/tutorial_taskflow_api_virtualenv.py
[2026-05-08T17:52:36.704+0100] {processor.py:183} INFO - Processing /home/najma/airflow-venv/lib/python3.12/site-packages/airflow/example_dags/tutorial_taskflow_api_virtualenv.py took 0.402 seconds
[2026-05-08T17:53:45.634+0100] {processor.py:161} INFO - Started process (PID=10689) to work on /home/najma/airflow-venv/lib/python3.12/site-packages/airflow/example_dags/tutorial_taskflow_api_virtualenv.py
[2026-05-08T17:53:45.636+0100] {processor.py:830} INFO - Processing file /home/najma/airflow-venv/lib/python3.12/site-packages/airflow/example_dags/tutorial_taskflow_api_virtualenv.py for tasks to queue
[2026-05-08T17:53:45.638+0100] {logging_mixin.py:188} INFO - [2026-05-08T17:53:45.637+0100] {dagbag.py:540} INFO - Filling up the DagBag from /home/najma/airflow-venv/lib/python3.12/site-packages/airflow/example_dags/tutorial_taskflow_api_virtualenv.py
[2026-05-08T17:53:45.712+0100] {logging_mixin.py:188} INFO - [2026-05-08T17:53:45.712+0100] {tutorial_taskflow_api_virtualenv.py:29} WARNING - The tutorial_taskflow_api_virtualenv example DAG requires virtualenv, please install it.
[2026-05-08T17:53:45.713+0100] {processor.py:842} WARNING - No viable dags retrieved from /home/najma/airflow-venv/lib/python3.12/site-packages/airflow/example_dags/tutorial_taskflow_api_virtualenv.py
[2026-05-08T17:53:45.733+0100] {processor.py:183} INFO - Processing /home/najma/airflow-venv/lib/python3.12/site-packages/airflow/example_dags/tutorial_taskflow_api_virtualenv.py took 0.102 seconds
[2026-05-08T17:54:52.670+0100] {processor.py:161} INFO - Started process (PID=10763) to work on /home/najma/airflow-venv/lib/python3.12/site-packages/airflow/example_dags/tutorial_taskflow_api_virtualenv.py
[2026-05-08T17:54:52.672+0100] {processor.py:830} INFO - Processing file /home/najma/airflow-venv/lib/python3.12/site-packages/airflow/example_dags/tutorial_taskflow_api_virtualenv.py for tasks to queue
[2026-05-08T17:54:52.673+0100] {logging_mixin.py:188} INFO - [2026-05-08T17:54:52.673+0100] {dagbag.py:540} INFO - Filling up the DagBag from /home/najma/airflow-venv/lib/python3.12/site-packages/airflow/example_dags/tutorial_taskflow_api_virtualenv.py
[2026-05-08T17:54:52.755+0100] {logging_mixin.py:188} INFO - [2026-05-08T17:54:52.754+0100] {tutorial_taskflow_api_virtualenv.py:29} WARNING - The tutorial_taskflow_api_virtualenv example DAG requires virtualenv, please install it.
[2026-05-08T17:54:52.755+0100] {processor.py:842} WARNING - No viable dags retrieved from /home/najma/airflow-venv/lib/python3.12/site-packages/airflow/example_dags/tutorial_taskflow_api_virtualenv.py
[2026-05-08T17:54:52.776+0100] {processor.py:183} INFO - Processing /home/najma/airflow-venv/lib/python3.12/site-packages/airflow/example_dags/tutorial_taskflow_api_virtualenv.py took 0.109 seconds
[2026-05-08T17:55:58.759+0100] {processor.py:161} INFO - Started process (PID=10820) to work on /home/najma/airflow-venv/lib/python3.12/site-packages/airflow/example_dags/tutorial_taskflow_api_virtualenv.py
[2026-05-08T17:55:58.760+0100] {processor.py:830} INFO - Processing file /home/najma/airflow-venv/lib/python3.12/site-packages/airflow/example_dags/tutorial_taskflow_api_virtualenv.py for tasks to queue
[2026-05-08T17:55:58.762+0100] {logging_mixin.py:188} INFO - [2026-05-08T17:55:58.762+0100] {dagbag.py:540} INFO - Filling up the DagBag from /home/najma/airflow-venv/lib/python3.12/site-packages/airflow/example_dags/tutorial_taskflow_api_virtualenv.py
[2026-05-08T17:55:58.853+0100] {logging_mixin.py:188} INFO - [2026-05-08T17:55:58.853+0100] {tutorial_taskflow_api_virtualenv.py:29} WARNING - The tutorial_taskflow_api_virtualenv example DAG requires virtualenv, please install it.
[2026-05-08T17:55:58.854+0100] {processor.py:842} WARNING - No viable dags retrieved from /home/najma/airflow-venv/lib/python3.12/site-packages/airflow/example_dags/tutorial_taskflow_api_virtualenv.py
[2026-05-08T17:55:58.874+0100] {processor.py:183} INFO - Processing /home/najma/airflow-venv/lib/python3.12/site-packages/airflow/example_dags/tutorial_taskflow_api_virtualenv.py took 0.118 seconds
[2026-05-08T17:57:13.490+0100] {processor.py:161} INFO - Started process (PID=10881) to work on /home/najma/airflow-venv/lib/python3.12/site-packages/airflow/example_dags/tutorial_taskflow_api_virtualenv.py
[2026-05-08T17:57:13.491+0100] {processor.py:830} INFO - Processing file /home/najma/airflow-venv/lib/python3.12/site-packages/airflow/example_dags/tutorial_taskflow_api_virtualenv.py for tasks to queue
[2026-05-08T17:57:13.493+0100] {logging_mixin.py:188} INFO - [2026-05-08T17:57:13.493+0100] {dagbag.py:540} INFO - Filling up the DagBag from /home/najma/airflow-venv/lib/python3.12/site-packages/airflow/example_dags/tutorial_taskflow_api_virtualenv.py
[2026-05-08T17:57:13.628+0100] {logging_mixin.py:188} INFO - [2026-05-08T17:57:13.628+0100] {tutorial_taskflow_api_virtualenv.py:29} WARNING - The tutorial_taskflow_api_virtualenv example DAG requires virtualenv, please install it.
[2026-05-08T17:57:13.628+0100] {processor.py:842} WARNING - No viable dags retrieved from /home/najma/airflow-venv/lib/python3.12/site-packages/airflow/example_dags/tutorial_taskflow_api_virtualenv.py
[2026-05-08T17:57:13.662+0100] {processor.py:183} INFO - Processing /home/najma/airflow-venv/lib/python3.12/site-packages/airflow/example_dags/tutorial_taskflow_api_virtualenv.py took 0.177 seconds
[2026-05-08T17:58:23.831+0100] {processor.py:161} INFO - Started process (PID=10944) to work on /home/najma/airflow-venv/lib/python3.12/site-packages/airflow/example_dags/tutorial_taskflow_api_virtualenv.py
[2026-05-08T17:58:23.833+0100] {processor.py:830} INFO - Processing file /home/najma/airflow-venv/lib/python3.12/site-packages/airflow/example_dags/tutorial_taskflow_api_virtualenv.py for tasks to queue
[2026-05-08T17:58:23.834+0100] {logging_mixin.py:188} INFO - [2026-05-08T17:58:23.834+0100] {dagbag.py:540} INFO - Filling up the DagBag from /home/najma/airflow-venv/lib/python3.12/site-packages/airflow/example_dags/tutorial_taskflow_api_virtualenv.py
[2026-05-08T17:58:23.928+0100] {logging_mixin.py:188} INFO - [2026-05-08T17:58:23.928+0100] {tutorial_taskflow_api_virtualenv.py:29} WARNING - The tutorial_taskflow_api_virtualenv example DAG requires virtualenv, please install it.
[2026-05-08T17:58:23.928+0100] {processor.py:842} WARNING - No viable dags retrieved from /home/najma/airflow-venv/lib/python3.12/site-packages/airflow/example_dags/tutorial_taskflow_api_virtualenv.py
[2026-05-08T17:58:23.949+0100] {processor.py:183} INFO - Processing /home/najma/airflow-venv/lib/python3.12/site-packages/airflow/example_dags/tutorial_taskflow_api_virtualenv.py took 0.121 seconds
[2026-05-08T17:59:30.427+0100] {processor.py:161} INFO - Started process (PID=11001) to work on /home/najma/airflow-venv/lib/python3.12/site-packages/airflow/example_dags/tutorial_taskflow_api_virtualenv.py
[2026-05-08T17:59:30.429+0100] {processor.py:830} INFO - Processing file /home/najma/airflow-venv/lib/python3.12/site-packages/airflow/example_dags/tutorial_taskflow_api_virtualenv.py for tasks to queue
[2026-05-08T17:59:30.431+0100] {logging_mixin.py:188} INFO - [2026-05-08T17:59:30.431+0100] {dagbag.py:540} INFO - Filling up the DagBag from /home/najma/airflow-venv/lib/python3.12/site-packages/airflow/example_dags/tutorial_taskflow_api_virtualenv.py
[2026-05-08T17:59:30.504+0100] {logging_mixin.py:188} INFO - [2026-05-08T17:59:30.504+0100] {tutorial_taskflow_api_virtualenv.py:29} WARNING - The tutorial_taskflow_api_virtualenv example DAG requires virtualenv, please install it.
[2026-05-08T17:59:30.504+0100] {processor.py:842} WARNING - No viable dags retrieved from /home/najma/airflow-venv/lib/python3.12/site-packages/airflow/example_dags/tutorial_taskflow_api_virtualenv.py
[2026-05-08T17:59:30.523+0100] {processor.py:183} INFO - Processing /home/najma/airflow-venv/lib/python3.12/site-packages/airflow/example_dags/tutorial_taskflow_api_virtualenv.py took 0.100 seconds
[2026-05-08T18:00:40.619+0100] {processor.py:161} INFO - Started process (PID=11063) to work on /home/najma/airflow-venv/lib/python3.12/site-packages/airflow/example_dags/tutorial_taskflow_api_virtualenv.py
[2026-05-08T18:00:40.621+0100] {processor.py:830} INFO - Processing file /home/najma/airflow-venv/lib/python3.12/site-packages/airflow/example_dags/tutorial_taskflow_api_virtualenv.py for tasks to queue
[2026-05-08T18:00:40.622+0100] {logging_mixin.py:188} INFO - [2026-05-08T18:00:40.622+0100] {dagbag.py:540} INFO - Filling up the DagBag from /home/najma/airflow-venv/lib/python3.12/site-packages/airflow/example_dags/tutorial_taskflow_api_virtualenv.py
[2026-05-08T18:00:40.730+0100] {logging_mixin.py:188} INFO - [2026-05-08T18:00:40.730+0100] {tutorial_taskflow_api_virtualenv.py:29} WARNING - The tutorial_taskflow_api_virtualenv example DAG requires virtualenv, please install it.
[2026-05-08T18:00:40.731+0100] {processor.py:842} WARNING - No viable dags retrieved from /home/najma/airflow-venv/lib/python3.12/site-packages/airflow/example_dags/tutorial_taskflow_api_virtualenv.py
[2026-05-08T18:00:40.753+0100] {processor.py:183} INFO - Processing /home/najma/airflow-venv/lib/python3.12/site-packages/airflow/example_dags/tutorial_taskflow_api_virtualenv.py took 0.137 seconds
[2026-05-08T18:01:44.943+0100] {processor.py:161} INFO - Started process (PID=11120) to work on /home/najma/airflow-venv/lib/python3.12/site-packages/airflow/example_dags/tutorial_taskflow_api_virtualenv.py
[2026-05-08T18:01:44.945+0100] {processor.py:830} INFO - Processing file /home/najma/airflow-venv/lib/python3.12/site-packages/airflow/example_dags/tutorial_taskflow_api_virtualenv.py for tasks to queue
[2026-05-08T18:01:44.948+0100] {logging_mixin.py:188} INFO - [2026-05-08T18:01:44.947+0100] {dagbag.py:540} INFO - Filling up the DagBag from /home/najma/airflow-venv/lib/python3.12/site-packages/airflow/example_dags/tutorial_taskflow_api_virtualenv.py
[2026-05-08T18:01:45.029+0100] {logging_mixin.py:188} INFO - [2026-05-08T18:01:45.029+0100] {tutorial_taskflow_api_virtualenv.py:29} WARNING - The tutorial_taskflow_api_virtualenv example DAG requires virtualenv, please install it.
[2026-05-08T18:01:45.030+0100] {processor.py:842} WARNING - No viable dags retrieved from /home/najma/airflow-venv/lib/python3.12/site-packages/airflow/example_dags/tutorial_taskflow_api_virtualenv.py
[2026-05-08T18:01:45.053+0100] {processor.py:183} INFO - Processing /home/najma/airflow-venv/lib/python3.12/site-packages/airflow/example_dags/tutorial_taskflow_api_virtualenv.py took 0.115 seconds
[2026-05-08T18:02:48.179+0100] {processor.py:161} INFO - Started process (PID=11180) to work on /home/najma/airflow-venv/lib/python3.12/site-packages/airflow/example_dags/tutorial_taskflow_api_virtualenv.py
[2026-05-08T18:02:48.180+0100] {processor.py:830} INFO - Processing file /home/najma/airflow-venv/lib/python3.12/site-packages/airflow/example_dags/tutorial_taskflow_api_virtualenv.py for tasks to queue
[2026-05-08T18:02:48.182+0100] {logging_mixin.py:188} INFO - [2026-05-08T18:02:48.182+0100] {dagbag.py:540} INFO - Filling up the DagBag from /home/najma/airflow-venv/lib/python3.12/site-packages/airflow/example_dags/tutorial_taskflow_api_virtualenv.py
[2026-05-08T18:02:48.248+0100] {logging_mixin.py:188} INFO - [2026-05-08T18:02:48.247+0100] {tutorial_taskflow_api_virtualenv.py:29} WARNING - The tutorial_taskflow_api_virtualenv example DAG requires virtualenv, please install it.
[2026-05-08T18:02:48.248+0100] {processor.py:842} WARNING - No viable dags retrieved from /home/najma/airflow-venv/lib/python3.12/site-packages/airflow/example_dags/tutorial_taskflow_api_virtualenv.py
[2026-05-08T18:02:48.265+0100] {processor.py:183} INFO - Processing /home/najma/airflow-venv/lib/python3.12/site-packages/airflow/example_dags/tutorial_taskflow_api_virtualenv.py took 0.089 seconds
[2026-05-08T18:03:56.825+0100] {processor.py:161} INFO - Started process (PID=11238) to work on /home/najma/airflow-venv/lib/python3.12/site-packages/airflow/example_dags/tutorial_taskflow_api_virtualenv.py
[2026-05-08T18:03:56.826+0100] {processor.py:830} INFO - Processing file /home/najma/airflow-venv/lib/python3.12/site-packages/airflow/example_dags/tutorial_taskflow_api_virtualenv.py for tasks to queue
[2026-05-08T18:03:56.828+0100] {logging_mixin.py:188} INFO - [2026-05-08T18:03:56.828+0100] {dagbag.py:540} INFO - Filling up the DagBag from /home/najma/airflow-venv/lib/python3.12/site-packages/airflow/example_dags/tutorial_taskflow_api_virtualenv.py
[2026-05-08T18:03:56.919+0100] {logging_mixin.py:188} INFO - [2026-05-08T18:03:56.919+0100] {tutorial_taskflow_api_virtualenv.py:29} WARNING - The tutorial_taskflow_api_virtualenv example DAG requires virtualenv, please install it.
[2026-05-08T18:03:56.919+0100] {processor.py:842} WARNING - No viable dags retrieved from /home/najma/airflow-venv/lib/python3.12/site-packages/airflow/example_dags/tutorial_taskflow_api_virtualenv.py
[2026-05-08T18:03:56.942+0100] {processor.py:183} INFO - Processing /home/najma/airflow-venv/lib/python3.12/site-packages/airflow/example_dags/tutorial_taskflow_api_virtualenv.py took 0.121 seconds
[2026-05-08T18:05:04.854+0100] {processor.py:161} INFO - Started process (PID=11298) to work on /home/najma/airflow-venv/lib/python3.12/site-packages/airflow/example_dags/tutorial_taskflow_api_virtualenv.py
[2026-05-08T18:05:04.855+0100] {processor.py:830} INFO - Processing file /home/najma/airflow-venv/lib/python3.12/site-packages/airflow/example_dags/tutorial_taskflow_api_virtualenv.py for tasks to queue
[2026-05-08T18:05:04.857+0100] {logging_mixin.py:188} INFO - [2026-05-08T18:05:04.857+0100] {dagbag.py:540} INFO - Filling up the DagBag from /home/najma/airflow-venv/lib/python3.12/site-packages/airflow/example_dags/tutorial_taskflow_api_virtualenv.py
[2026-05-08T18:05:04.930+0100] {logging_mixin.py:188} INFO - [2026-05-08T18:05:04.930+0100] {tutorial_taskflow_api_virtualenv.py:29} WARNING - The tutorial_taskflow_api_virtualenv example DAG requires virtualenv, please install it.
[2026-05-08T18:05:04.930+0100] {processor.py:842} WARNING - No viable dags retrieved from /home/najma/airflow-venv/lib/python3.12/site-packages/airflow/example_dags/tutorial_taskflow_api_virtualenv.py
[2026-05-08T18:05:04.951+0100] {processor.py:183} INFO - Processing /home/najma/airflow-venv/lib/python3.12/site-packages/airflow/example_dags/tutorial_taskflow_api_virtualenv.py took 0.100 seconds
[2026-05-08T18:05:41.241+0100] {processor.py:161} INFO - Started process (PID=11328) to work on /home/najma/airflow-venv/lib/python3.12/site-packages/airflow/example_dags/tutorial_taskflow_api_virtualenv.py
[2026-05-08T18:05:41.242+0100] {processor.py:830} INFO - Processing file /home/najma/airflow-venv/lib/python3.12/site-packages/airflow/example_dags/tutorial_taskflow_api_virtualenv.py for tasks to queue
[2026-05-08T18:05:41.244+0100] {logging_mixin.py:188} INFO - [2026-05-08T18:05:41.244+0100] {dagbag.py:540} INFO - Filling up the DagBag from /home/najma/airflow-venv/lib/python3.12/site-packages/airflow/example_dags/tutorial_taskflow_api_virtualenv.py
[2026-05-08T18:05:41.353+0100] {logging_mixin.py:188} INFO - [2026-05-08T18:05:41.353+0100] {tutorial_taskflow_api_virtualenv.py:29} WARNING - The tutorial_taskflow_api_virtualenv example DAG requires virtualenv, please install it.
[2026-05-08T18:05:41.354+0100] {processor.py:842} WARNING - No viable dags retrieved from /home/najma/airflow-venv/lib/python3.12/site-packages/airflow/example_dags/tutorial_taskflow_api_virtualenv.py
[2026-05-08T18:05:41.375+0100] {processor.py:183} INFO - Processing /home/najma/airflow-venv/lib/python3.12/site-packages/airflow/example_dags/tutorial_taskflow_api_virtualenv.py took 0.138 seconds
[2026-05-08T18:06:43.865+0100] {processor.py:161} INFO - Started process (PID=11386) to work on /home/najma/airflow-venv/lib/python3.12/site-packages/airflow/example_dags/tutorial_taskflow_api_virtualenv.py
[2026-05-08T18:06:43.866+0100] {processor.py:830} INFO - Processing file /home/najma/airflow-venv/lib/python3.12/site-packages/airflow/example_dags/tutorial_taskflow_api_virtualenv.py for tasks to queue
[2026-05-08T18:06:43.868+0100] {logging_mixin.py:188} INFO - [2026-05-08T18:06:43.868+0100] {dagbag.py:540} INFO - Filling up the DagBag from /home/najma/airflow-venv/lib/python3.12/site-packages/airflow/example_dags/tutorial_taskflow_api_virtualenv.py
[2026-05-08T18:06:43.981+0100] {logging_mixin.py:188} INFO - [2026-05-08T18:06:43.981+0100] {tutorial_taskflow_api_virtualenv.py:29} WARNING - The tutorial_taskflow_api_virtualenv example DAG requires virtualenv, please install it.
[2026-05-08T18:06:43.982+0100] {processor.py:842} WARNING - No viable dags retrieved from /home/najma/airflow-venv/lib/python3.12/site-packages/airflow/example_dags/tutorial_taskflow_api_virtualenv.py
[2026-05-08T18:06:44.008+0100] {processor.py:183} INFO - Processing /home/najma/airflow-venv/lib/python3.12/site-packages/airflow/example_dags/tutorial_taskflow_api_virtualenv.py took 0.147 seconds
[2026-05-08T18:07:44.663+0100] {processor.py:161} INFO - Started process (PID=11441) to work on /home/najma/airflow-venv/lib/python3.12/site-packages/airflow/example_dags/tutorial_taskflow_api_virtualenv.py
[2026-05-08T18:07:44.664+0100] {processor.py:830} INFO - Processing file /home/najma/airflow-venv/lib/python3.12/site-packages/airflow/example_dags/tutorial_taskflow_api_virtualenv.py for tasks to queue
[2026-05-08T18:07:44.666+0100] {logging_mixin.py:188} INFO - [2026-05-08T18:07:44.666+0100] {dagbag.py:540} INFO - Filling up the DagBag from /home/najma/airflow-venv/lib/python3.12/site-packages/airflow/example_dags/tutorial_taskflow_api_virtualenv.py
[2026-05-08T18:07:44.758+0100] {logging_mixin.py:188} INFO - [2026-05-08T18:07:44.758+0100] {tutorial_taskflow_api_virtualenv.py:29} WARNING - The tutorial_taskflow_api_virtualenv example DAG requires virtualenv, please install it.
[2026-05-08T18:07:44.759+0100] {processor.py:842} WARNING - No viable dags retrieved from /home/najma/airflow-venv/lib/python3.12/site-packages/airflow/example_dags/tutorial_taskflow_api_virtualenv.py
[2026-05-08T18:07:44.779+0100] {processor.py:183} INFO - Processing /home/najma/airflow-venv/lib/python3.12/site-packages/airflow/example_dags/tutorial_taskflow_api_virtualenv.py took 0.120 seconds
[2026-05-08T18:08:52.674+0100] {processor.py:161} INFO - Started process (PID=11503) to work on /home/najma/airflow-venv/lib/python3.12/site-packages/airflow/example_dags/tutorial_taskflow_api_virtualenv.py
[2026-05-08T18:08:52.676+0100] {processor.py:830} INFO - Processing file /home/najma/airflow-venv/lib/python3.12/site-packages/airflow/example_dags/tutorial_taskflow_api_virtualenv.py for tasks to queue
[2026-05-08T18:08:52.678+0100] {logging_mixin.py:188} INFO - [2026-05-08T18:08:52.677+0100] {dagbag.py:540} INFO - Filling up the DagBag from /home/najma/airflow-venv/lib/python3.12/site-packages/airflow/example_dags/tutorial_taskflow_api_virtualenv.py
[2026-05-08T18:08:52.756+0100] {logging_mixin.py:188} INFO - [2026-05-08T18:08:52.755+0100] {tutorial_taskflow_api_virtualenv.py:29} WARNING - The tutorial_taskflow_api_virtualenv example DAG requires virtualenv, please install it.
[2026-05-08T18:08:52.756+0100] {processor.py:842} WARNING - No viable dags retrieved from /home/najma/airflow-venv/lib/python3.12/site-packages/airflow/example_dags/tutorial_taskflow_api_virtualenv.py
[2026-05-08T18:08:52.776+0100] {processor.py:183} INFO - Processing /home/najma/airflow-venv/lib/python3.12/site-packages/airflow/example_dags/tutorial_taskflow_api_virtualenv.py took 0.106 seconds
[2026-05-08T18:09:54.882+0100] {processor.py:161} INFO - Started process (PID=11559) to work on /home/najma/airflow-venv/lib/python3.12/site-packages/airflow/example_dags/tutorial_taskflow_api_virtualenv.py
[2026-05-08T18:09:54.883+0100] {processor.py:830} INFO - Processing file /home/najma/airflow-venv/lib/python3.12/site-packages/airflow/example_dags/tutorial_taskflow_api_virtualenv.py for tasks to queue
[2026-05-08T18:09:54.885+0100] {logging_mixin.py:188} INFO - [2026-05-08T18:09:54.885+0100] {dagbag.py:540} INFO - Filling up the DagBag from /home/najma/airflow-venv/lib/python3.12/site-packages/airflow/example_dags/tutorial_taskflow_api_virtualenv.py
[2026-05-08T18:09:54.991+0100] {logging_mixin.py:188} INFO - [2026-05-08T18:09:54.991+0100] {tutorial_taskflow_api_virtualenv.py:29} WARNING - The tutorial_taskflow_api_virtualenv example DAG requires virtualenv, please install it.
[2026-05-08T18:09:54.992+0100] {processor.py:842} WARNING - No viable dags retrieved from /home/najma/airflow-venv/lib/python3.12/site-packages/airflow/example_dags/tutorial_taskflow_api_virtualenv.py
[2026-05-08T18:09:55.012+0100] {processor.py:183} INFO - Processing /home/najma/airflow-venv/lib/python3.12/site-packages/airflow/example_dags/tutorial_taskflow_api_virtualenv.py took 0.134 seconds
[2026-05-08T18:10:57.427+0100] {processor.py:161} INFO - Started process (PID=11613) to work on /home/najma/airflow-venv/lib/python3.12/site-packages/airflow/example_dags/tutorial_taskflow_api_virtualenv.py
[2026-05-08T18:10:57.428+0100] {processor.py:830} INFO - Processing file /home/najma/airflow-venv/lib/python3.12/site-packages/airflow/example_dags/tutorial_taskflow_api_virtualenv.py for tasks to queue
[2026-05-08T18:10:57.431+0100] {logging_mixin.py:188} INFO - [2026-05-08T18:10:57.430+0100] {dagbag.py:540} INFO - Filling up the DagBag from /home/najma/airflow-venv/lib/python3.12/site-packages/airflow/example_dags/tutorial_taskflow_api_virtualenv.py
[2026-05-08T18:10:57.500+0100] {logging_mixin.py:188} INFO - [2026-05-08T18:10:57.500+0100] {tutorial_taskflow_api_virtualenv.py:29} WARNING - The tutorial_taskflow_api_virtualenv example DAG requires virtualenv, please install it.
[2026-05-08T18:10:57.501+0100] {processor.py:842} WARNING - No viable dags retrieved from /home/najma/airflow-venv/lib/python3.12/site-packages/airflow/example_dags/tutorial_taskflow_api_virtualenv.py
[2026-05-08T18:10:57.520+0100] {processor.py:183} INFO - Processing /home/najma/airflow-venv/lib/python3.12/site-packages/airflow/example_dags/tutorial_taskflow_api_virtualenv.py took 0.096 seconds
[2026-05-08T18:12:08.392+0100] {processor.py:161} INFO - Started process (PID=11670) to work on /home/najma/airflow-venv/lib/python3.12/site-packages/airflow/example_dags/tutorial_taskflow_api_virtualenv.py
[2026-05-08T18:12:08.394+0100] {processor.py:830} INFO - Processing file /home/najma/airflow-venv/lib/python3.12/site-packages/airflow/example_dags/tutorial_taskflow_api_virtualenv.py for tasks to queue
[2026-05-08T18:12:08.395+0100] {logging_mixin.py:188} INFO - [2026-05-08T18:12:08.395+0100] {dagbag.py:540} INFO - Filling up the DagBag from /home/najma/airflow-venv/lib/python3.12/site-packages/airflow/example_dags/tutorial_taskflow_api_virtualenv.py
[2026-05-08T18:12:08.467+0100] {logging_mixin.py:188} INFO - [2026-05-08T18:12:08.467+0100] {tutorial_taskflow_api_virtualenv.py:29} WARNING - The tutorial_taskflow_api_virtualenv example DAG requires virtualenv, please install it.
[2026-05-08T18:12:08.467+0100] {processor.py:842} WARNING - No viable dags retrieved from /home/najma/airflow-venv/lib/python3.12/site-packages/airflow/example_dags/tutorial_taskflow_api_virtualenv.py
[2026-05-08T18:12:08.490+0100] {processor.py:183} INFO - Processing /home/najma/airflow-venv/lib/python3.12/site-packages/airflow/example_dags/tutorial_taskflow_api_virtualenv.py took 0.102 seconds
[2026-05-08T18:13:31.162+0100] {processor.py:161} INFO - Started process (PID=11729) to work on /home/najma/airflow-venv/lib/python3.12/site-packages/airflow/example_dags/tutorial_taskflow_api_virtualenv.py
[2026-05-08T18:13:31.164+0100] {processor.py:830} INFO - Processing file /home/najma/airflow-venv/lib/python3.12/site-packages/airflow/example_dags/tutorial_taskflow_api_virtualenv.py for tasks to queue
[2026-05-08T18:13:31.167+0100] {logging_mixin.py:188} INFO - [2026-05-08T18:13:31.166+0100] {dagbag.py:540} INFO - Filling up the DagBag from /home/najma/airflow-venv/lib/python3.12/site-packages/airflow/example_dags/tutorial_taskflow_api_virtualenv.py
[2026-05-08T18:13:31.268+0100] {logging_mixin.py:188} INFO - [2026-05-08T18:13:31.268+0100] {tutorial_taskflow_api_virtualenv.py:29} WARNING - The tutorial_taskflow_api_virtualenv example DAG requires virtualenv, please install it.
[2026-05-08T18:13:31.268+0100] {processor.py:842} WARNING - No viable dags retrieved from /home/najma/airflow-venv/lib/python3.12/site-packages/airflow/example_dags/tutorial_taskflow_api_virtualenv.py
[2026-05-08T18:13:31.292+0100] {processor.py:183} INFO - Processing /home/najma/airflow-venv/lib/python3.12/site-packages/airflow/example_dags/tutorial_taskflow_api_virtualenv.py took 0.134 seconds
[2026-05-08T18:14:17.056+0100] {processor.py:161} INFO - Started process (PID=11768) to work on /home/najma/airflow-venv/lib/python3.12/site-packages/airflow/example_dags/tutorial_taskflow_api_virtualenv.py
[2026-05-08T18:14:17.058+0100] {processor.py:830} INFO - Processing file /home/najma/airflow-venv/lib/python3.12/site-packages/airflow/example_dags/tutorial_taskflow_api_virtualenv.py for tasks to queue
[2026-05-08T18:14:17.060+0100] {logging_mixin.py:188} INFO - [2026-05-08T18:14:17.060+0100] {dagbag.py:540} INFO - Filling up the DagBag from /home/najma/airflow-venv/lib/python3.12/site-packages/airflow/example_dags/tutorial_taskflow_api_virtualenv.py
[2026-05-08T18:14:17.168+0100] {logging_mixin.py:188} INFO - [2026-05-08T18:14:17.167+0100] {tutorial_taskflow_api_virtualenv.py:29} WARNING - The tutorial_taskflow_api_virtualenv example DAG requires virtualenv, please install it.
[2026-05-08T18:14:17.168+0100] {processor.py:842} WARNING - No viable dags retrieved from /home/najma/airflow-venv/lib/python3.12/site-packages/airflow/example_dags/tutorial_taskflow_api_virtualenv.py
[2026-05-08T18:14:17.196+0100] {processor.py:183} INFO - Processing /home/najma/airflow-venv/lib/python3.12/site-packages/airflow/example_dags/tutorial_taskflow_api_virtualenv.py took 0.147 seconds
[2026-05-08T18:15:32.637+0100] {processor.py:161} INFO - Started process (PID=11837) to work on /home/najma/airflow-venv/lib/python3.12/site-packages/airflow/example_dags/tutorial_taskflow_api_virtualenv.py
[2026-05-08T18:15:32.638+0100] {processor.py:830} INFO - Processing file /home/najma/airflow-venv/lib/python3.12/site-packages/airflow/example_dags/tutorial_taskflow_api_virtualenv.py for tasks to queue
[2026-05-08T18:15:32.640+0100] {logging_mixin.py:188} INFO - [2026-05-08T18:15:32.640+0100] {dagbag.py:540} INFO - Filling up the DagBag from /home/najma/airflow-venv/lib/python3.12/site-packages/airflow/example_dags/tutorial_taskflow_api_virtualenv.py
[2026-05-08T18:15:32.738+0100] {logging_mixin.py:188} INFO - [2026-05-08T18:15:32.738+0100] {tutorial_taskflow_api_virtualenv.py:29} WARNING - The tutorial_taskflow_api_virtualenv example DAG requires virtualenv, please install it.
[2026-05-08T18:15:32.739+0100] {processor.py:842} WARNING - No viable dags retrieved from /home/najma/airflow-venv/lib/python3.12/site-packages/airflow/example_dags/tutorial_taskflow_api_virtualenv.py
[2026-05-08T18:15:32.760+0100] {processor.py:183} INFO - Processing /home/najma/airflow-venv/lib/python3.12/site-packages/airflow/example_dags/tutorial_taskflow_api_virtualenv.py took 0.127 seconds
[2026-05-08T18:16:09.263+0100] {processor.py:161} INFO - Started process (PID=11868) to work on /home/najma/airflow-venv/lib/python3.12/site-packages/airflow/example_dags/tutorial_taskflow_api_virtualenv.py
[2026-05-08T18:16:09.264+0100] {processor.py:830} INFO - Processing file /home/najma/airflow-venv/lib/python3.12/site-packages/airflow/example_dags/tutorial_taskflow_api_virtualenv.py for tasks to queue
[2026-05-08T18:16:09.266+0100] {logging_mixin.py:188} INFO - [2026-05-08T18:16:09.266+0100] {dagbag.py:540} INFO - Filling up the DagBag from /home/najma/airflow-venv/lib/python3.12/site-packages/airflow/example_dags/tutorial_taskflow_api_virtualenv.py
[2026-05-08T18:16:09.366+0100] {logging_mixin.py:188} INFO - [2026-05-08T18:16:09.366+0100] {tutorial_taskflow_api_virtualenv.py:29} WARNING - The tutorial_taskflow_api_virtualenv example DAG requires virtualenv, please install it.
[2026-05-08T18:16:09.367+0100] {processor.py:842} WARNING - No viable dags retrieved from /home/najma/airflow-venv/lib/python3.12/site-packages/airflow/example_dags/tutorial_taskflow_api_virtualenv.py
[2026-05-08T18:16:09.395+0100] {processor.py:183} INFO - Processing /home/najma/airflow-venv/lib/python3.12/site-packages/airflow/example_dags/tutorial_taskflow_api_virtualenv.py took 0.136 seconds
[2026-05-08T18:17:19.695+0100] {processor.py:161} INFO - Started process (PID=11928) to work on /home/najma/airflow-venv/lib/python3.12/site-packages/airflow/example_dags/tutorial_taskflow_api_virtualenv.py
[2026-05-08T18:17:19.697+0100] {processor.py:830} INFO - Processing file /home/najma/airflow-venv/lib/python3.12/site-packages/airflow/example_dags/tutorial_taskflow_api_virtualenv.py for tasks to queue
[2026-05-08T18:17:19.699+0100] {logging_mixin.py:188} INFO - [2026-05-08T18:17:19.698+0100] {dagbag.py:540} INFO - Filling up the DagBag from /home/najma/airflow-venv/lib/python3.12/site-packages/airflow/example_dags/tutorial_taskflow_api_virtualenv.py
[2026-05-08T18:17:19.808+0100] {logging_mixin.py:188} INFO - [2026-05-08T18:17:19.808+0100] {tutorial_taskflow_api_virtualenv.py:29} WARNING - The tutorial_taskflow_api_virtualenv example DAG requires virtualenv, please install it.
[2026-05-08T18:17:19.809+0100] {processor.py:842} WARNING - No viable dags retrieved from /home/najma/airflow-venv/lib/python3.12/site-packages/airflow/example_dags/tutorial_taskflow_api_virtualenv.py
[2026-05-08T18:17:19.834+0100] {processor.py:183} INFO - Processing /home/najma/airflow-venv/lib/python3.12/site-packages/airflow/example_dags/tutorial_taskflow_api_virtualenv.py took 0.146 seconds
[2026-05-08T18:18:33.431+0100] {processor.py:161} INFO - Started process (PID=11985) to work on /home/najma/airflow-venv/lib/python3.12/site-packages/airflow/example_dags/tutorial_taskflow_api_virtualenv.py
[2026-05-08T18:18:33.432+0100] {processor.py:830} INFO - Processing file /home/najma/airflow-venv/lib/python3.12/site-packages/airflow/example_dags/tutorial_taskflow_api_virtualenv.py for tasks to queue
[2026-05-08T18:18:33.434+0100] {logging_mixin.py:188} INFO - [2026-05-08T18:18:33.434+0100] {dagbag.py:540} INFO - Filling up the DagBag from /home/najma/airflow-venv/lib/python3.12/site-packages/airflow/example_dags/tutorial_taskflow_api_virtualenv.py
[2026-05-08T18:18:33.523+0100] {logging_mixin.py:188} INFO - [2026-05-08T18:18:33.522+0100] {tutorial_taskflow_api_virtualenv.py:29} WARNING - The tutorial_taskflow_api_virtualenv example DAG requires virtualenv, please install it.
[2026-05-08T18:18:33.523+0100] {processor.py:842} WARNING - No viable dags retrieved from /home/najma/airflow-venv/lib/python3.12/site-packages/airflow/example_dags/tutorial_taskflow_api_virtualenv.py
[2026-05-08T18:18:33.543+0100] {processor.py:183} INFO - Processing /home/najma/airflow-venv/lib/python3.12/site-packages/airflow/example_dags/tutorial_taskflow_api_virtualenv.py took 0.116 seconds
[2026-05-08T18:19:38.808+0100] {processor.py:161} INFO - Started process (PID=12041) to work on /home/najma/airflow-venv/lib/python3.12/site-packages/airflow/example_dags/tutorial_taskflow_api_virtualenv.py
[2026-05-08T18:19:38.810+0100] {processor.py:830} INFO - Processing file /home/najma/airflow-venv/lib/python3.12/site-packages/airflow/example_dags/tutorial_taskflow_api_virtualenv.py for tasks to queue
[2026-05-08T18:19:38.812+0100] {logging_mixin.py:188} INFO - [2026-05-08T18:19:38.811+0100] {dagbag.py:540} INFO - Filling up the DagBag from /home/najma/airflow-venv/lib/python3.12/site-packages/airflow/example_dags/tutorial_taskflow_api_virtualenv.py
[2026-05-08T18:19:38.883+0100] {logging_mixin.py:188} INFO - [2026-05-08T18:19:38.883+0100] {tutorial_taskflow_api_virtualenv.py:29} WARNING - The tutorial_taskflow_api_virtualenv example DAG requires virtualenv, please install it.
[2026-05-08T18:19:38.884+0100] {processor.py:842} WARNING - No viable dags retrieved from /home/najma/airflow-venv/lib/python3.12/site-packages/airflow/example_dags/tutorial_taskflow_api_virtualenv.py
[2026-05-08T18:19:38.903+0100] {processor.py:183} INFO - Processing /home/najma/airflow-venv/lib/python3.12/site-packages/airflow/example_dags/tutorial_taskflow_api_virtualenv.py took 0.098 seconds
[2026-05-08T18:20:46.058+0100] {processor.py:161} INFO - Started process (PID=12097) to work on /home/najma/airflow-venv/lib/python3.12/site-packages/airflow/example_dags/tutorial_taskflow_api_virtualenv.py
[2026-05-08T18:20:46.059+0100] {processor.py:830} INFO - Processing file /home/najma/airflow-venv/lib/python3.12/site-packages/airflow/example_dags/tutorial_taskflow_api_virtualenv.py for tasks to queue
[2026-05-08T18:20:46.061+0100] {logging_mixin.py:188} INFO - [2026-05-08T18:20:46.060+0100] {dagbag.py:540} INFO - Filling up the DagBag from /home/najma/airflow-venv/lib/python3.12/site-packages/airflow/example_dags/tutorial_taskflow_api_virtualenv.py
[2026-05-08T18:20:46.134+0100] {logging_mixin.py:188} INFO - [2026-05-08T18:20:46.134+0100] {tutorial_taskflow_api_virtualenv.py:29} WARNING - The tutorial_taskflow_api_virtualenv example DAG requires virtualenv, please install it.
[2026-05-08T18:20:46.135+0100] {processor.py:842} WARNING - No viable dags retrieved from /home/najma/airflow-venv/lib/python3.12/site-packages/airflow/example_dags/tutorial_taskflow_api_virtualenv.py
[2026-05-08T18:20:46.156+0100] {processor.py:183} INFO - Processing /home/najma/airflow-venv/lib/python3.12/site-packages/airflow/example_dags/tutorial_taskflow_api_virtualenv.py took 0.101 seconds
[2026-05-08T18:21:24.892+0100] {processor.py:161} INFO - Started process (PID=12127) to work on /home/najma/airflow-venv/lib/python3.12/site-packages/airflow/example_dags/tutorial_taskflow_api_virtualenv.py
[2026-05-08T18:21:24.893+0100] {processor.py:830} INFO - Processing file /home/najma/airflow-venv/lib/python3.12/site-packages/airflow/example_dags/tutorial_taskflow_api_virtualenv.py for tasks to queue
[2026-05-08T18:21:24.895+0100] {logging_mixin.py:188} INFO - [2026-05-08T18:21:24.895+0100] {dagbag.py:540} INFO - Filling up the DagBag from /home/najma/airflow-venv/lib/python3.12/site-packages/airflow/example_dags/tutorial_taskflow_api_virtualenv.py
[2026-05-08T18:21:24.966+0100] {logging_mixin.py:188} INFO - [2026-05-08T18:21:24.965+0100] {tutorial_taskflow_api_virtualenv.py:29} WARNING - The tutorial_taskflow_api_virtualenv example DAG requires virtualenv, please install it.
[2026-05-08T18:21:24.966+0100] {processor.py:842} WARNING - No viable dags retrieved from /home/najma/airflow-venv/lib/python3.12/site-packages/airflow/example_dags/tutorial_taskflow_api_virtualenv.py
[2026-05-08T18:21:24.989+0100] {processor.py:183} INFO - Processing /home/najma/airflow-venv/lib/python3.12/site-packages/airflow/example_dags/tutorial_taskflow_api_virtualenv.py took 0.101 seconds
[2026-05-08T18:22:02.652+0100] {processor.py:161} INFO - Started process (PID=12157) to work on /home/najma/airflow-venv/lib/python3.12/site-packages/airflow/example_dags/tutorial_taskflow_api_virtualenv.py
[2026-05-08T18:22:02.653+0100] {processor.py:830} INFO - Processing file /home/najma/airflow-venv/lib/python3.12/site-packages/airflow/example_dags/tutorial_taskflow_api_virtualenv.py for tasks to queue
[2026-05-08T18:22:02.655+0100] {logging_mixin.py:188} INFO - [2026-05-08T18:22:02.655+0100] {dagbag.py:540} INFO - Filling up the DagBag from /home/najma/airflow-venv/lib/python3.12/site-packages/airflow/example_dags/tutorial_taskflow_api_virtualenv.py
[2026-05-08T18:22:02.741+0100] {logging_mixin.py:188} INFO - [2026-05-08T18:22:02.740+0100] {tutorial_taskflow_api_virtualenv.py:29} WARNING - The tutorial_taskflow_api_virtualenv example DAG requires virtualenv, please install it.
[2026-05-08T18:22:02.742+0100] {processor.py:842} WARNING - No viable dags retrieved from /home/najma/airflow-venv/lib/python3.12/site-packages/airflow/example_dags/tutorial_taskflow_api_virtualenv.py
[2026-05-08T18:22:02.771+0100] {processor.py:183} INFO - Processing /home/najma/airflow-venv/lib/python3.12/site-packages/airflow/example_dags/tutorial_taskflow_api_virtualenv.py took 0.123 seconds
[2026-05-08T18:23:11.904+0100] {processor.py:161} INFO - Started process (PID=12214) to work on /home/najma/airflow-venv/lib/python3.12/site-packages/airflow/example_dags/tutorial_taskflow_api_virtualenv.py
[2026-05-08T18:23:11.906+0100] {processor.py:830} INFO - Processing file /home/najma/airflow-venv/lib/python3.12/site-packages/airflow/example_dags/tutorial_taskflow_api_virtualenv.py for tasks to queue
[2026-05-08T18:23:11.909+0100] {logging_mixin.py:188} INFO - [2026-05-08T18:23:11.908+0100] {dagbag.py:540} INFO - Filling up the DagBag from /home/najma/airflow-venv/lib/python3.12/site-packages/airflow/example_dags/tutorial_taskflow_api_virtualenv.py
[2026-05-08T18:23:12.068+0100] {logging_mixin.py:188} INFO - [2026-05-08T18:23:12.068+0100] {tutorial_taskflow_api_virtualenv.py:29} WARNING - The tutorial_taskflow_api_virtualenv example DAG requires virtualenv, please install it.
[2026-05-08T18:23:12.069+0100] {processor.py:842} WARNING - No viable dags retrieved from /home/najma/airflow-venv/lib/python3.12/site-packages/airflow/example_dags/tutorial_taskflow_api_virtualenv.py
[2026-05-08T18:23:12.094+0100] {processor.py:183} INFO - Processing /home/najma/airflow-venv/lib/python3.12/site-packages/airflow/example_dags/tutorial_taskflow_api_virtualenv.py took 0.202 seconds
[2026-05-08T18:23:43.131+0100] {processor.py:161} INFO - Started process (PID=12238) to work on /home/najma/airflow-venv/lib/python3.12/site-packages/airflow/example_dags/tutorial_taskflow_api_virtualenv.py
[2026-05-08T18:23:43.133+0100] {processor.py:830} INFO - Processing file /home/najma/airflow-venv/lib/python3.12/site-packages/airflow/example_dags/tutorial_taskflow_api_virtualenv.py for tasks to queue
[2026-05-08T18:23:43.135+0100] {logging_mixin.py:188} INFO - [2026-05-08T18:23:43.135+0100] {dagbag.py:540} INFO - Filling up the DagBag from /home/najma/airflow-venv/lib/python3.12/site-packages/airflow/example_dags/tutorial_taskflow_api_virtualenv.py
[2026-05-08T18:23:43.237+0100] {logging_mixin.py:188} INFO - [2026-05-08T18:23:43.237+0100] {tutorial_taskflow_api_virtualenv.py:29} WARNING - The tutorial_taskflow_api_virtualenv example DAG requires virtualenv, please install it.
[2026-05-08T18:23:43.238+0100] {processor.py:842} WARNING - No viable dags retrieved from /home/najma/airflow-venv/lib/python3.12/site-packages/airflow/example_dags/tutorial_taskflow_api_virtualenv.py
[2026-05-08T18:23:43.258+0100] {processor.py:183} INFO - Processing /home/najma/airflow-venv/lib/python3.12/site-packages/airflow/example_dags/tutorial_taskflow_api_virtualenv.py took 0.131 seconds
[2026-05-08T18:24:52.833+0100] {processor.py:161} INFO - Started process (PID=12300) to work on /home/najma/airflow-venv/lib/python3.12/site-packages/airflow/example_dags/tutorial_taskflow_api_virtualenv.py
[2026-05-08T18:24:52.835+0100] {processor.py:830} INFO - Processing file /home/najma/airflow-venv/lib/python3.12/site-packages/airflow/example_dags/tutorial_taskflow_api_virtualenv.py for tasks to queue
[2026-05-08T18:24:52.837+0100] {logging_mixin.py:188} INFO - [2026-05-08T18:24:52.836+0100] {dagbag.py:540} INFO - Filling up the DagBag from /home/najma/airflow-venv/lib/python3.12/site-packages/airflow/example_dags/tutorial_taskflow_api_virtualenv.py
[2026-05-08T18:24:52.936+0100] {logging_mixin.py:188} INFO - [2026-05-08T18:24:52.936+0100] {tutorial_taskflow_api_virtualenv.py:29} WARNING - The tutorial_taskflow_api_virtualenv example DAG requires virtualenv, please install it.
[2026-05-08T18:24:52.937+0100] {processor.py:842} WARNING - No viable dags retrieved from /home/najma/airflow-venv/lib/python3.12/site-packages/airflow/example_dags/tutorial_taskflow_api_virtualenv.py
[2026-05-08T18:24:52.966+0100] {processor.py:183} INFO - Processing /home/najma/airflow-venv/lib/python3.12/site-packages/airflow/example_dags/tutorial_taskflow_api_virtualenv.py took 0.137 seconds
[2026-05-08T18:25:35.781+0100] {processor.py:161} INFO - Started process (PID=12339) to work on /home/najma/airflow-venv/lib/python3.12/site-packages/airflow/example_dags/tutorial_taskflow_api_virtualenv.py
[2026-05-08T18:25:35.782+0100] {processor.py:830} INFO - Processing file /home/najma/airflow-venv/lib/python3.12/site-packages/airflow/example_dags/tutorial_taskflow_api_virtualenv.py for tasks to queue
[2026-05-08T18:25:35.784+0100] {logging_mixin.py:188} INFO - [2026-05-08T18:25:35.783+0100] {dagbag.py:540} INFO - Filling up the DagBag from /home/najma/airflow-venv/lib/python3.12/site-packages/airflow/example_dags/tutorial_taskflow_api_virtualenv.py
[2026-05-08T18:25:35.871+0100] {logging_mixin.py:188} INFO - [2026-05-08T18:25:35.871+0100] {tutorial_taskflow_api_virtualenv.py:29} WARNING - The tutorial_taskflow_api_virtualenv example DAG requires virtualenv, please install it.
[2026-05-08T18:25:35.872+0100] {processor.py:842} WARNING - No viable dags retrieved from /home/najma/airflow-venv/lib/python3.12/site-packages/airflow/example_dags/tutorial_taskflow_api_virtualenv.py
[2026-05-08T18:25:35.894+0100] {processor.py:183} INFO - Processing /home/najma/airflow-venv/lib/python3.12/site-packages/airflow/example_dags/tutorial_taskflow_api_virtualenv.py took 0.117 seconds
[2026-05-08T18:26:44.063+0100] {processor.py:161} INFO - Started process (PID=12404) to work on /home/najma/airflow-venv/lib/python3.12/site-packages/airflow/example_dags/tutorial_taskflow_api_virtualenv.py
[2026-05-08T18:26:44.064+0100] {processor.py:830} INFO - Processing file /home/najma/airflow-venv/lib/python3.12/site-packages/airflow/example_dags/tutorial_taskflow_api_virtualenv.py for tasks to queue
[2026-05-08T18:26:44.067+0100] {logging_mixin.py:188} INFO - [2026-05-08T18:26:44.066+0100] {dagbag.py:540} INFO - Filling up the DagBag from /home/najma/airflow-venv/lib/python3.12/site-packages/airflow/example_dags/tutorial_taskflow_api_virtualenv.py
[2026-05-08T18:26:44.260+0100] {logging_mixin.py:188} INFO - [2026-05-08T18:26:44.259+0100] {tutorial_taskflow_api_virtualenv.py:29} WARNING - The tutorial_taskflow_api_virtualenv example DAG requires virtualenv, please install it.
[2026-05-08T18:26:44.262+0100] {processor.py:842} WARNING - No viable dags retrieved from /home/najma/airflow-venv/lib/python3.12/site-packages/airflow/example_dags/tutorial_taskflow_api_virtualenv.py
[2026-05-08T18:26:44.455+0100] {processor.py:183} INFO - Processing /home/najma/airflow-venv/lib/python3.12/site-packages/airflow/example_dags/tutorial_taskflow_api_virtualenv.py took 0.397 seconds
[2026-05-08T18:27:29.955+0100] {processor.py:161} INFO - Started process (PID=12435) to work on /home/najma/airflow-venv/lib/python3.12/site-packages/airflow/example_dags/tutorial_taskflow_api_virtualenv.py
[2026-05-08T18:27:29.958+0100] {processor.py:830} INFO - Processing file /home/najma/airflow-venv/lib/python3.12/site-packages/airflow/example_dags/tutorial_taskflow_api_virtualenv.py for tasks to queue
[2026-05-08T18:27:29.959+0100] {logging_mixin.py:188} INFO - [2026-05-08T18:27:29.959+0100] {dagbag.py:540} INFO - Filling up the DagBag from /home/najma/airflow-venv/lib/python3.12/site-packages/airflow/example_dags/tutorial_taskflow_api_virtualenv.py
[2026-05-08T18:27:30.098+0100] {logging_mixin.py:188} INFO - [2026-05-08T18:27:30.097+0100] {tutorial_taskflow_api_virtualenv.py:29} WARNING - The tutorial_taskflow_api_virtualenv example DAG requires virtualenv, please install it.
[2026-05-08T18:27:30.098+0100] {processor.py:842} WARNING - No viable dags retrieved from /home/najma/airflow-venv/lib/python3.12/site-packages/airflow/example_dags/tutorial_taskflow_api_virtualenv.py
[2026-05-08T18:27:30.127+0100] {processor.py:183} INFO - Processing /home/najma/airflow-venv/lib/python3.12/site-packages/airflow/example_dags/tutorial_taskflow_api_virtualenv.py took 0.176 seconds
[2026-05-08T18:28:11.806+0100] {processor.py:161} INFO - Started process (PID=12469) to work on /home/najma/airflow-venv/lib/python3.12/site-packages/airflow/example_dags/tutorial_taskflow_api_virtualenv.py
[2026-05-08T18:28:11.807+0100] {processor.py:830} INFO - Processing file /home/najma/airflow-venv/lib/python3.12/site-packages/airflow/example_dags/tutorial_taskflow_api_virtualenv.py for tasks to queue
[2026-05-08T18:28:11.809+0100] {logging_mixin.py:188} INFO - [2026-05-08T18:28:11.809+0100] {dagbag.py:540} INFO - Filling up the DagBag from /home/najma/airflow-venv/lib/python3.12/site-packages/airflow/example_dags/tutorial_taskflow_api_virtualenv.py
[2026-05-08T18:28:11.907+0100] {logging_mixin.py:188} INFO - [2026-05-08T18:28:11.906+0100] {tutorial_taskflow_api_virtualenv.py:29} WARNING - The tutorial_taskflow_api_virtualenv example DAG requires virtualenv, please install it.
[2026-05-08T18:28:11.907+0100] {processor.py:842} WARNING - No viable dags retrieved from /home/najma/airflow-venv/lib/python3.12/site-packages/airflow/example_dags/tutorial_taskflow_api_virtualenv.py
[2026-05-08T18:28:11.932+0100] {processor.py:183} INFO - Processing /home/najma/airflow-venv/lib/python3.12/site-packages/airflow/example_dags/tutorial_taskflow_api_virtualenv.py took 0.129 seconds
[2026-05-08T18:28:50.068+0100] {processor.py:161} INFO - Started process (PID=12498) to work on /home/najma/airflow-venv/lib/python3.12/site-packages/airflow/example_dags/tutorial_taskflow_api_virtualenv.py
[2026-05-08T18:28:50.069+0100] {processor.py:830} INFO - Processing file /home/najma/airflow-venv/lib/python3.12/site-packages/airflow/example_dags/tutorial_taskflow_api_virtualenv.py for tasks to queue
[2026-05-08T18:28:50.071+0100] {logging_mixin.py:188} INFO - [2026-05-08T18:28:50.071+0100] {dagbag.py:540} INFO - Filling up the DagBag from /home/najma/airflow-venv/lib/python3.12/site-packages/airflow/example_dags/tutorial_taskflow_api_virtualenv.py
[2026-05-08T18:28:50.218+0100] {logging_mixin.py:188} INFO - [2026-05-08T18:28:50.218+0100] {tutorial_taskflow_api_virtualenv.py:29} WARNING - The tutorial_taskflow_api_virtualenv example DAG requires virtualenv, please install it.
[2026-05-08T18:28:50.219+0100] {processor.py:842} WARNING - No viable dags retrieved from /home/najma/airflow-venv/lib/python3.12/site-packages/airflow/example_dags/tutorial_taskflow_api_virtualenv.py
[2026-05-08T18:28:50.258+0100] {processor.py:183} INFO - Processing /home/najma/airflow-venv/lib/python3.12/site-packages/airflow/example_dags/tutorial_taskflow_api_virtualenv.py took 0.194 seconds
[2026-05-08T18:30:04.523+0100] {processor.py:161} INFO - Started process (PID=12557) to work on /home/najma/airflow-venv/lib/python3.12/site-packages/airflow/example_dags/tutorial_taskflow_api_virtualenv.py
[2026-05-08T18:30:04.524+0100] {processor.py:830} INFO - Processing file /home/najma/airflow-venv/lib/python3.12/site-packages/airflow/example_dags/tutorial_taskflow_api_virtualenv.py for tasks to queue
[2026-05-08T18:30:04.526+0100] {logging_mixin.py:188} INFO - [2026-05-08T18:30:04.525+0100] {dagbag.py:540} INFO - Filling up the DagBag from /home/najma/airflow-venv/lib/python3.12/site-packages/airflow/example_dags/tutorial_taskflow_api_virtualenv.py
[2026-05-08T18:30:04.680+0100] {logging_mixin.py:188} INFO - [2026-05-08T18:30:04.680+0100] {tutorial_taskflow_api_virtualenv.py:29} WARNING - The tutorial_taskflow_api_virtualenv example DAG requires virtualenv, please install it.
[2026-05-08T18:30:04.681+0100] {processor.py:842} WARNING - No viable dags retrieved from /home/najma/airflow-venv/lib/python3.12/site-packages/airflow/example_dags/tutorial_taskflow_api_virtualenv.py
[2026-05-08T18:30:04.713+0100] {processor.py:183} INFO - Processing /home/najma/airflow-venv/lib/python3.12/site-packages/airflow/example_dags/tutorial_taskflow_api_virtualenv.py took 0.195 seconds
[2026-05-08T18:30:43.728+0100] {processor.py:161} INFO - Started process (PID=12588) to work on /home/najma/airflow-venv/lib/python3.12/site-packages/airflow/example_dags/tutorial_taskflow_api_virtualenv.py
[2026-05-08T18:30:43.729+0100] {processor.py:830} INFO - Processing file /home/najma/airflow-venv/lib/python3.12/site-packages/airflow/example_dags/tutorial_taskflow_api_virtualenv.py for tasks to queue
[2026-05-08T18:30:43.732+0100] {logging_mixin.py:188} INFO - [2026-05-08T18:30:43.731+0100] {dagbag.py:540} INFO - Filling up the DagBag from /home/najma/airflow-venv/lib/python3.12/site-packages/airflow/example_dags/tutorial_taskflow_api_virtualenv.py
[2026-05-08T18:30:43.838+0100] {logging_mixin.py:188} INFO - [2026-05-08T18:30:43.838+0100] {tutorial_taskflow_api_virtualenv.py:29} WARNING - The tutorial_taskflow_api_virtualenv example DAG requires virtualenv, please install it.
[2026-05-08T18:30:43.839+0100] {processor.py:842} WARNING - No viable dags retrieved from /home/najma/airflow-venv/lib/python3.12/site-packages/airflow/example_dags/tutorial_taskflow_api_virtualenv.py
[2026-05-08T18:30:43.862+0100] {processor.py:183} INFO - Processing /home/najma/airflow-venv/lib/python3.12/site-packages/airflow/example_dags/tutorial_taskflow_api_virtualenv.py took 0.137 seconds
[2026-05-08T18:31:21.211+0100] {processor.py:161} INFO - Started process (PID=12618) to work on /home/najma/airflow-venv/lib/python3.12/site-packages/airflow/example_dags/tutorial_taskflow_api_virtualenv.py
[2026-05-08T18:31:21.213+0100] {processor.py:830} INFO - Processing file /home/najma/airflow-venv/lib/python3.12/site-packages/airflow/example_dags/tutorial_taskflow_api_virtualenv.py for tasks to queue
[2026-05-08T18:31:21.215+0100] {logging_mixin.py:188} INFO - [2026-05-08T18:31:21.215+0100] {dagbag.py:540} INFO - Filling up the DagBag from /home/najma/airflow-venv/lib/python3.12/site-packages/airflow/example_dags/tutorial_taskflow_api_virtualenv.py
[2026-05-08T18:31:21.319+0100] {logging_mixin.py:188} INFO - [2026-05-08T18:31:21.319+0100] {tutorial_taskflow_api_virtualenv.py:29} WARNING - The tutorial_taskflow_api_virtualenv example DAG requires virtualenv, please install it.
[2026-05-08T18:31:21.320+0100] {processor.py:842} WARNING - No viable dags retrieved from /home/najma/airflow-venv/lib/python3.12/site-packages/airflow/example_dags/tutorial_taskflow_api_virtualenv.py
[2026-05-08T18:31:21.346+0100] {processor.py:183} INFO - Processing /home/najma/airflow-venv/lib/python3.12/site-packages/airflow/example_dags/tutorial_taskflow_api_virtualenv.py took 0.140 seconds
[2026-05-08T18:32:02.030+0100] {processor.py:161} INFO - Started process (PID=12648) to work on /home/najma/airflow-venv/lib/python3.12/site-packages/airflow/example_dags/tutorial_taskflow_api_virtualenv.py
[2026-05-08T18:32:02.032+0100] {processor.py:830} INFO - Processing file /home/najma/airflow-venv/lib/python3.12/site-packages/airflow/example_dags/tutorial_taskflow_api_virtualenv.py for tasks to queue
[2026-05-08T18:32:02.034+0100] {logging_mixin.py:188} INFO - [2026-05-08T18:32:02.034+0100] {dagbag.py:540} INFO - Filling up the DagBag from /home/najma/airflow-venv/lib/python3.12/site-packages/airflow/example_dags/tutorial_taskflow_api_virtualenv.py
[2026-05-08T18:32:02.134+0100] {logging_mixin.py:188} INFO - [2026-05-08T18:32:02.134+0100] {tutorial_taskflow_api_virtualenv.py:29} WARNING - The tutorial_taskflow_api_virtualenv example DAG requires virtualenv, please install it.
[2026-05-08T18:32:02.135+0100] {processor.py:842} WARNING - No viable dags retrieved from /home/najma/airflow-venv/lib/python3.12/site-packages/airflow/example_dags/tutorial_taskflow_api_virtualenv.py
[2026-05-08T18:32:02.165+0100] {processor.py:183} INFO - Processing /home/najma/airflow-venv/lib/python3.12/site-packages/airflow/example_dags/tutorial_taskflow_api_virtualenv.py took 0.139 seconds
[2026-05-08T18:33:18.626+0100] {processor.py:161} INFO - Started process (PID=12706) to work on /home/najma/airflow-venv/lib/python3.12/site-packages/airflow/example_dags/tutorial_taskflow_api_virtualenv.py
[2026-05-08T18:33:18.627+0100] {processor.py:830} INFO - Processing file /home/najma/airflow-venv/lib/python3.12/site-packages/airflow/example_dags/tutorial_taskflow_api_virtualenv.py for tasks to queue
[2026-05-08T18:33:18.630+0100] {logging_mixin.py:188} INFO - [2026-05-08T18:33:18.630+0100] {dagbag.py:540} INFO - Filling up the DagBag from /home/najma/airflow-venv/lib/python3.12/site-packages/airflow/example_dags/tutorial_taskflow_api_virtualenv.py
[2026-05-08T18:33:18.735+0100] {logging_mixin.py:188} INFO - [2026-05-08T18:33:18.734+0100] {tutorial_taskflow_api_virtualenv.py:29} WARNING - The tutorial_taskflow_api_virtualenv example DAG requires virtualenv, please install it.
[2026-05-08T18:33:18.735+0100] {processor.py:842} WARNING - No viable dags retrieved from /home/najma/airflow-venv/lib/python3.12/site-packages/airflow/example_dags/tutorial_taskflow_api_virtualenv.py
[2026-05-08T18:33:18.757+0100] {processor.py:183} INFO - Processing /home/najma/airflow-venv/lib/python3.12/site-packages/airflow/example_dags/tutorial_taskflow_api_virtualenv.py took 0.135 seconds
[2026-05-08T18:33:50.150+0100] {processor.py:161} INFO - Started process (PID=12727) to work on /home/najma/airflow-venv/lib/python3.12/site-packages/airflow/example_dags/tutorial_taskflow_api_virtualenv.py
[2026-05-08T18:33:50.151+0100] {processor.py:830} INFO - Processing file /home/najma/airflow-venv/lib/python3.12/site-packages/airflow/example_dags/tutorial_taskflow_api_virtualenv.py for tasks to queue
[2026-05-08T18:33:50.153+0100] {logging_mixin.py:188} INFO - [2026-05-08T18:33:50.153+0100] {dagbag.py:540} INFO - Filling up the DagBag from /home/najma/airflow-venv/lib/python3.12/site-packages/airflow/example_dags/tutorial_taskflow_api_virtualenv.py
[2026-05-08T18:33:50.246+0100] {logging_mixin.py:188} INFO - [2026-05-08T18:33:50.245+0100] {tutorial_taskflow_api_virtualenv.py:29} WARNING - The tutorial_taskflow_api_virtualenv example DAG requires virtualenv, please install it.
[2026-05-08T18:33:50.246+0100] {processor.py:842} WARNING - No viable dags retrieved from /home/najma/airflow-venv/lib/python3.12/site-packages/airflow/example_dags/tutorial_taskflow_api_virtualenv.py
[2026-05-08T18:33:50.270+0100] {processor.py:183} INFO - Processing /home/najma/airflow-venv/lib/python3.12/site-packages/airflow/example_dags/tutorial_taskflow_api_virtualenv.py took 0.124 seconds
[2026-05-08T18:34:54.071+0100] {processor.py:161} INFO - Started process (PID=12803) to work on /home/najma/airflow-venv/lib/python3.12/site-packages/airflow/example_dags/tutorial_taskflow_api_virtualenv.py
[2026-05-08T18:34:54.072+0100] {processor.py:830} INFO - Processing file /home/najma/airflow-venv/lib/python3.12/site-packages/airflow/example_dags/tutorial_taskflow_api_virtualenv.py for tasks to queue
[2026-05-08T18:34:54.073+0100] {logging_mixin.py:188} INFO - [2026-05-08T18:34:54.073+0100] {dagbag.py:540} INFO - Filling up the DagBag from /home/najma/airflow-venv/lib/python3.12/site-packages/airflow/example_dags/tutorial_taskflow_api_virtualenv.py
[2026-05-08T18:34:54.184+0100] {logging_mixin.py:188} INFO - [2026-05-08T18:34:54.184+0100] {tutorial_taskflow_api_virtualenv.py:29} WARNING - The tutorial_taskflow_api_virtualenv example DAG requires virtualenv, please install it.
[2026-05-08T18:34:54.185+0100] {processor.py:842} WARNING - No viable dags retrieved from /home/najma/airflow-venv/lib/python3.12/site-packages/airflow/example_dags/tutorial_taskflow_api_virtualenv.py
[2026-05-08T18:34:54.222+0100] {processor.py:183} INFO - Processing /home/najma/airflow-venv/lib/python3.12/site-packages/airflow/example_dags/tutorial_taskflow_api_virtualenv.py took 0.155 seconds
[2026-05-08T18:36:08.854+0100] {processor.py:161} INFO - Started process (PID=12869) to work on /home/najma/airflow-venv/lib/python3.12/site-packages/airflow/example_dags/tutorial_taskflow_api_virtualenv.py
[2026-05-08T18:36:08.857+0100] {processor.py:830} INFO - Processing file /home/najma/airflow-venv/lib/python3.12/site-packages/airflow/example_dags/tutorial_taskflow_api_virtualenv.py for tasks to queue
[2026-05-08T18:36:08.859+0100] {logging_mixin.py:188} INFO - [2026-05-08T18:36:08.859+0100] {dagbag.py:540} INFO - Filling up the DagBag from /home/najma/airflow-venv/lib/python3.12/site-packages/airflow/example_dags/tutorial_taskflow_api_virtualenv.py
[2026-05-08T18:36:08.997+0100] {logging_mixin.py:188} INFO - [2026-05-08T18:36:08.997+0100] {tutorial_taskflow_api_virtualenv.py:29} WARNING - The tutorial_taskflow_api_virtualenv example DAG requires virtualenv, please install it.
[2026-05-08T18:36:08.998+0100] {processor.py:842} WARNING - No viable dags retrieved from /home/najma/airflow-venv/lib/python3.12/site-packages/airflow/example_dags/tutorial_taskflow_api_virtualenv.py
[2026-05-08T18:36:09.020+0100] {processor.py:183} INFO - Processing /home/najma/airflow-venv/lib/python3.12/site-packages/airflow/example_dags/tutorial_taskflow_api_virtualenv.py took 0.170 seconds
[2026-05-08T18:36:46.246+0100] {processor.py:161} INFO - Started process (PID=12900) to work on /home/najma/airflow-venv/lib/python3.12/site-packages/airflow/example_dags/tutorial_taskflow_api_virtualenv.py
[2026-05-08T18:36:46.247+0100] {processor.py:830} INFO - Processing file /home/najma/airflow-venv/lib/python3.12/site-packages/airflow/example_dags/tutorial_taskflow_api_virtualenv.py for tasks to queue
[2026-05-08T18:36:46.248+0100] {logging_mixin.py:188} INFO - [2026-05-08T18:36:46.248+0100] {dagbag.py:540} INFO - Filling up the DagBag from /home/najma/airflow-venv/lib/python3.12/site-packages/airflow/example_dags/tutorial_taskflow_api_virtualenv.py
[2026-05-08T18:36:46.339+0100] {logging_mixin.py:188} INFO - [2026-05-08T18:36:46.339+0100] {tutorial_taskflow_api_virtualenv.py:29} WARNING - The tutorial_taskflow_api_virtualenv example DAG requires virtualenv, please install it.
[2026-05-08T18:36:46.340+0100] {processor.py:842} WARNING - No viable dags retrieved from /home/najma/airflow-venv/lib/python3.12/site-packages/airflow/example_dags/tutorial_taskflow_api_virtualenv.py
[2026-05-08T18:36:46.363+0100] {processor.py:183} INFO - Processing /home/najma/airflow-venv/lib/python3.12/site-packages/airflow/example_dags/tutorial_taskflow_api_virtualenv.py took 0.121 seconds
[2026-05-08T18:38:05.039+0100] {processor.py:161} INFO - Started process (PID=12962) to work on /home/najma/airflow-venv/lib/python3.12/site-packages/airflow/example_dags/tutorial_taskflow_api_virtualenv.py
[2026-05-08T18:38:05.041+0100] {processor.py:830} INFO - Processing file /home/najma/airflow-venv/lib/python3.12/site-packages/airflow/example_dags/tutorial_taskflow_api_virtualenv.py for tasks to queue
[2026-05-08T18:38:05.042+0100] {logging_mixin.py:188} INFO - [2026-05-08T18:38:05.041+0100] {dagbag.py:540} INFO - Filling up the DagBag from /home/najma/airflow-venv/lib/python3.12/site-packages/airflow/example_dags/tutorial_taskflow_api_virtualenv.py
[2026-05-08T18:38:05.144+0100] {logging_mixin.py:188} INFO - [2026-05-08T18:38:05.144+0100] {tutorial_taskflow_api_virtualenv.py:29} WARNING - The tutorial_taskflow_api_virtualenv example DAG requires virtualenv, please install it.
[2026-05-08T18:38:05.145+0100] {processor.py:842} WARNING - No viable dags retrieved from /home/najma/airflow-venv/lib/python3.12/site-packages/airflow/example_dags/tutorial_taskflow_api_virtualenv.py
[2026-05-08T18:38:05.173+0100] {processor.py:183} INFO - Processing /home/najma/airflow-venv/lib/python3.12/site-packages/airflow/example_dags/tutorial_taskflow_api_virtualenv.py took 0.138 seconds
[2026-05-08T18:38:44.647+0100] {processor.py:161} INFO - Started process (PID=12995) to work on /home/najma/airflow-venv/lib/python3.12/site-packages/airflow/example_dags/tutorial_taskflow_api_virtualenv.py
[2026-05-08T18:38:44.648+0100] {processor.py:830} INFO - Processing file /home/najma/airflow-venv/lib/python3.12/site-packages/airflow/example_dags/tutorial_taskflow_api_virtualenv.py for tasks to queue
[2026-05-08T18:38:44.650+0100] {logging_mixin.py:188} INFO - [2026-05-08T18:38:44.649+0100] {dagbag.py:540} INFO - Filling up the DagBag from /home/najma/airflow-venv/lib/python3.12/site-packages/airflow/example_dags/tutorial_taskflow_api_virtualenv.py
[2026-05-08T18:38:44.895+0100] {logging_mixin.py:188} INFO - [2026-05-08T18:38:44.894+0100] {tutorial_taskflow_api_virtualenv.py:29} WARNING - The tutorial_taskflow_api_virtualenv example DAG requires virtualenv, please install it.
[2026-05-08T18:38:44.895+0100] {processor.py:842} WARNING - No viable dags retrieved from /home/najma/airflow-venv/lib/python3.12/site-packages/airflow/example_dags/tutorial_taskflow_api_virtualenv.py
[2026-05-08T18:38:44.928+0100] {processor.py:183} INFO - Processing /home/najma/airflow-venv/lib/python3.12/site-packages/airflow/example_dags/tutorial_taskflow_api_virtualenv.py took 0.286 seconds
