[2026-05-08T16:42:52.125+0100] {processor.py:161} INFO - Started process (PID=9519) to work on /home/najma/airflow-venv/lib/python3.12/site-packages/airflow/example_dags/subdags/subdag.py
[2026-05-08T16:42:52.126+0100] {processor.py:830} INFO - Processing file /home/najma/airflow-venv/lib/python3.12/site-packages/airflow/example_dags/subdags/subdag.py for tasks to queue
[2026-05-08T16:42:52.129+0100] {logging_mixin.py:188} INFO - [2026-05-08T16:42:52.128+0100] {dagbag.py:540} INFO - Filling up the DagBag from /home/najma/airflow-venv/lib/python3.12/site-packages/airflow/example_dags/subdags/subdag.py
[2026-05-08T16:42:52.131+0100] {processor.py:842} WARNING - No viable dags retrieved from /home/najma/airflow-venv/lib/python3.12/site-packages/airflow/example_dags/subdags/subdag.py
[2026-05-08T16:42:52.158+0100] {processor.py:183} INFO - Processing /home/najma/airflow-venv/lib/python3.12/site-packages/airflow/example_dags/subdags/subdag.py took 0.038 seconds
[2026-05-08T16:44:06.391+0100] {processor.py:161} INFO - Started process (PID=9598) to work on /home/najma/airflow-venv/lib/python3.12/site-packages/airflow/example_dags/subdags/subdag.py
[2026-05-08T16:44:06.392+0100] {processor.py:830} INFO - Processing file /home/najma/airflow-venv/lib/python3.12/site-packages/airflow/example_dags/subdags/subdag.py for tasks to queue
[2026-05-08T16:44:06.394+0100] {logging_mixin.py:188} INFO - [2026-05-08T16:44:06.394+0100] {dagbag.py:540} INFO - Filling up the DagBag from /home/najma/airflow-venv/lib/python3.12/site-packages/airflow/example_dags/subdags/subdag.py
[2026-05-08T16:44:06.398+0100] {processor.py:842} WARNING - No viable dags retrieved from /home/najma/airflow-venv/lib/python3.12/site-packages/airflow/example_dags/subdags/subdag.py
[2026-05-08T16:44:06.422+0100] {processor.py:183} INFO - Processing /home/najma/airflow-venv/lib/python3.12/site-packages/airflow/example_dags/subdags/subdag.py took 0.035 seconds
[2026-05-08T16:45:27.015+0100] {processor.py:161} INFO - Started process (PID=9673) to work on /home/najma/airflow-venv/lib/python3.12/site-packages/airflow/example_dags/subdags/subdag.py
[2026-05-08T16:45:27.016+0100] {processor.py:830} INFO - Processing file /home/najma/airflow-venv/lib/python3.12/site-packages/airflow/example_dags/subdags/subdag.py for tasks to queue
[2026-05-08T16:45:27.019+0100] {logging_mixin.py:188} INFO - [2026-05-08T16:45:27.018+0100] {dagbag.py:540} INFO - Filling up the DagBag from /home/najma/airflow-venv/lib/python3.12/site-packages/airflow/example_dags/subdags/subdag.py
[2026-05-08T16:45:27.028+0100] {processor.py:842} WARNING - No viable dags retrieved from /home/najma/airflow-venv/lib/python3.12/site-packages/airflow/example_dags/subdags/subdag.py
[2026-05-08T16:45:27.060+0100] {processor.py:183} INFO - Processing /home/najma/airflow-venv/lib/python3.12/site-packages/airflow/example_dags/subdags/subdag.py took 0.049 seconds
[2026-05-08T16:46:45.323+0100] {processor.py:161} INFO - Started process (PID=9743) to work on /home/najma/airflow-venv/lib/python3.12/site-packages/airflow/example_dags/subdags/subdag.py
[2026-05-08T16:46:45.325+0100] {processor.py:830} INFO - Processing file /home/najma/airflow-venv/lib/python3.12/site-packages/airflow/example_dags/subdags/subdag.py for tasks to queue
[2026-05-08T16:46:45.327+0100] {logging_mixin.py:188} INFO - [2026-05-08T16:46:45.326+0100] {dagbag.py:540} INFO - Filling up the DagBag from /home/najma/airflow-venv/lib/python3.12/site-packages/airflow/example_dags/subdags/subdag.py
[2026-05-08T16:46:45.330+0100] {processor.py:842} WARNING - No viable dags retrieved from /home/najma/airflow-venv/lib/python3.12/site-packages/airflow/example_dags/subdags/subdag.py
[2026-05-08T16:46:45.376+0100] {processor.py:183} INFO - Processing /home/najma/airflow-venv/lib/python3.12/site-packages/airflow/example_dags/subdags/subdag.py took 0.057 seconds
[2026-05-08T16:48:03.816+0100] {processor.py:161} INFO - Started process (PID=9814) to work on /home/najma/airflow-venv/lib/python3.12/site-packages/airflow/example_dags/subdags/subdag.py
[2026-05-08T16:48:03.817+0100] {processor.py:830} INFO - Processing file /home/najma/airflow-venv/lib/python3.12/site-packages/airflow/example_dags/subdags/subdag.py for tasks to queue
[2026-05-08T16:48:03.819+0100] {logging_mixin.py:188} INFO - [2026-05-08T16:48:03.819+0100] {dagbag.py:540} INFO - Filling up the DagBag from /home/najma/airflow-venv/lib/python3.12/site-packages/airflow/example_dags/subdags/subdag.py
[2026-05-08T16:48:03.822+0100] {processor.py:842} WARNING - No viable dags retrieved from /home/najma/airflow-venv/lib/python3.12/site-packages/airflow/example_dags/subdags/subdag.py
[2026-05-08T16:48:03.872+0100] {processor.py:183} INFO - Processing /home/najma/airflow-venv/lib/python3.12/site-packages/airflow/example_dags/subdags/subdag.py took 0.060 seconds
[2026-05-08T16:49:17.633+0100] {processor.py:161} INFO - Started process (PID=9881) to work on /home/najma/airflow-venv/lib/python3.12/site-packages/airflow/example_dags/subdags/subdag.py
[2026-05-08T16:49:17.635+0100] {processor.py:830} INFO - Processing file /home/najma/airflow-venv/lib/python3.12/site-packages/airflow/example_dags/subdags/subdag.py for tasks to queue
[2026-05-08T16:49:17.637+0100] {logging_mixin.py:188} INFO - [2026-05-08T16:49:17.636+0100] {dagbag.py:540} INFO - Filling up the DagBag from /home/najma/airflow-venv/lib/python3.12/site-packages/airflow/example_dags/subdags/subdag.py
[2026-05-08T16:49:17.639+0100] {processor.py:842} WARNING - No viable dags retrieved from /home/najma/airflow-venv/lib/python3.12/site-packages/airflow/example_dags/subdags/subdag.py
[2026-05-08T16:49:17.667+0100] {processor.py:183} INFO - Processing /home/najma/airflow-venv/lib/python3.12/site-packages/airflow/example_dags/subdags/subdag.py took 0.039 seconds
[2026-05-08T17:45:29.182+0100] {processor.py:161} INFO - Started process (PID=10240) to work on /home/najma/airflow-venv/lib/python3.12/site-packages/airflow/example_dags/subdags/subdag.py
[2026-05-08T17:45:29.255+0100] {processor.py:830} INFO - Processing file /home/najma/airflow-venv/lib/python3.12/site-packages/airflow/example_dags/subdags/subdag.py for tasks to queue
[2026-05-08T17:45:29.257+0100] {logging_mixin.py:188} INFO - [2026-05-08T17:45:29.257+0100] {dagbag.py:540} INFO - Filling up the DagBag from /home/najma/airflow-venv/lib/python3.12/site-packages/airflow/example_dags/subdags/subdag.py
[2026-05-08T17:45:29.259+0100] {processor.py:842} WARNING - No viable dags retrieved from /home/najma/airflow-venv/lib/python3.12/site-packages/airflow/example_dags/subdags/subdag.py
[2026-05-08T17:45:29.283+0100] {processor.py:183} INFO - Processing /home/najma/airflow-venv/lib/python3.12/site-packages/airflow/example_dags/subdags/subdag.py took 0.105 seconds
[2026-05-08T17:46:37.985+0100] {processor.py:161} INFO - Started process (PID=10313) to work on /home/najma/airflow-venv/lib/python3.12/site-packages/airflow/example_dags/subdags/subdag.py
[2026-05-08T17:46:37.987+0100] {processor.py:830} INFO - Processing file /home/najma/airflow-venv/lib/python3.12/site-packages/airflow/example_dags/subdags/subdag.py for tasks to queue
[2026-05-08T17:46:37.988+0100] {logging_mixin.py:188} INFO - [2026-05-08T17:46:37.988+0100] {dagbag.py:540} INFO - Filling up the DagBag from /home/najma/airflow-venv/lib/python3.12/site-packages/airflow/example_dags/subdags/subdag.py
[2026-05-08T17:46:37.990+0100] {processor.py:842} WARNING - No viable dags retrieved from /home/najma/airflow-venv/lib/python3.12/site-packages/airflow/example_dags/subdags/subdag.py
[2026-05-08T17:46:38.017+0100] {processor.py:183} INFO - Processing /home/najma/airflow-venv/lib/python3.12/site-packages/airflow/example_dags/subdags/subdag.py took 0.036 seconds
[2026-05-08T17:47:58.617+0100] {processor.py:161} INFO - Started process (PID=10375) to work on /home/najma/airflow-venv/lib/python3.12/site-packages/airflow/example_dags/subdags/subdag.py
[2026-05-08T17:47:58.620+0100] {processor.py:830} INFO - Processing file /home/najma/airflow-venv/lib/python3.12/site-packages/airflow/example_dags/subdags/subdag.py for tasks to queue
[2026-05-08T17:47:58.622+0100] {logging_mixin.py:188} INFO - [2026-05-08T17:47:58.621+0100] {dagbag.py:540} INFO - Filling up the DagBag from /home/najma/airflow-venv/lib/python3.12/site-packages/airflow/example_dags/subdags/subdag.py
[2026-05-08T17:47:58.624+0100] {processor.py:842} WARNING - No viable dags retrieved from /home/najma/airflow-venv/lib/python3.12/site-packages/airflow/example_dags/subdags/subdag.py
[2026-05-08T17:47:58.654+0100] {processor.py:183} INFO - Processing /home/najma/airflow-venv/lib/python3.12/site-packages/airflow/example_dags/subdags/subdag.py took 0.042 seconds
[2026-05-08T17:49:04.813+0100] {processor.py:161} INFO - Started process (PID=10436) to work on /home/najma/airflow-venv/lib/python3.12/site-packages/airflow/example_dags/subdags/subdag.py
[2026-05-08T17:49:04.814+0100] {processor.py:830} INFO - Processing file /home/najma/airflow-venv/lib/python3.12/site-packages/airflow/example_dags/subdags/subdag.py for tasks to queue
[2026-05-08T17:49:04.816+0100] {logging_mixin.py:188} INFO - [2026-05-08T17:49:04.816+0100] {dagbag.py:540} INFO - Filling up the DagBag from /home/najma/airflow-venv/lib/python3.12/site-packages/airflow/example_dags/subdags/subdag.py
[2026-05-08T17:49:04.825+0100] {processor.py:842} WARNING - No viable dags retrieved from /home/najma/airflow-venv/lib/python3.12/site-packages/airflow/example_dags/subdags/subdag.py
[2026-05-08T17:49:04.852+0100] {processor.py:183} INFO - Processing /home/najma/airflow-venv/lib/python3.12/site-packages/airflow/example_dags/subdags/subdag.py took 0.043 seconds
[2026-05-08T17:50:18.466+0100] {processor.py:161} INFO - Started process (PID=10497) to work on /home/najma/airflow-venv/lib/python3.12/site-packages/airflow/example_dags/subdags/subdag.py
[2026-05-08T17:50:18.468+0100] {processor.py:830} INFO - Processing file /home/najma/airflow-venv/lib/python3.12/site-packages/airflow/example_dags/subdags/subdag.py for tasks to queue
[2026-05-08T17:50:18.470+0100] {logging_mixin.py:188} INFO - [2026-05-08T17:50:18.470+0100] {dagbag.py:540} INFO - Filling up the DagBag from /home/najma/airflow-venv/lib/python3.12/site-packages/airflow/example_dags/subdags/subdag.py
[2026-05-08T17:50:18.473+0100] {processor.py:842} WARNING - No viable dags retrieved from /home/najma/airflow-venv/lib/python3.12/site-packages/airflow/example_dags/subdags/subdag.py
[2026-05-08T17:50:18.499+0100] {processor.py:183} INFO - Processing /home/najma/airflow-venv/lib/python3.12/site-packages/airflow/example_dags/subdags/subdag.py took 0.036 seconds
[2026-05-08T17:51:31.555+0100] {processor.py:161} INFO - Started process (PID=10557) to work on /home/najma/airflow-venv/lib/python3.12/site-packages/airflow/example_dags/subdags/subdag.py
[2026-05-08T17:51:31.556+0100] {processor.py:830} INFO - Processing file /home/najma/airflow-venv/lib/python3.12/site-packages/airflow/example_dags/subdags/subdag.py for tasks to queue
[2026-05-08T17:51:31.558+0100] {logging_mixin.py:188} INFO - [2026-05-08T17:51:31.558+0100] {dagbag.py:540} INFO - Filling up the DagBag from /home/najma/airflow-venv/lib/python3.12/site-packages/airflow/example_dags/subdags/subdag.py
[2026-05-08T17:51:31.560+0100] {processor.py:842} WARNING - No viable dags retrieved from /home/najma/airflow-venv/lib/python3.12/site-packages/airflow/example_dags/subdags/subdag.py
[2026-05-08T17:51:31.587+0100] {processor.py:183} INFO - Processing /home/najma/airflow-venv/lib/python3.12/site-packages/airflow/example_dags/subdags/subdag.py took 0.036 seconds
[2026-05-08T17:52:55.201+0100] {processor.py:161} INFO - Started process (PID=10647) to work on /home/najma/airflow-venv/lib/python3.12/site-packages/airflow/example_dags/subdags/subdag.py
[2026-05-08T17:52:55.202+0100] {processor.py:830} INFO - Processing file /home/najma/airflow-venv/lib/python3.12/site-packages/airflow/example_dags/subdags/subdag.py for tasks to queue
[2026-05-08T17:52:55.204+0100] {logging_mixin.py:188} INFO - [2026-05-08T17:52:55.204+0100] {dagbag.py:540} INFO - Filling up the DagBag from /home/najma/airflow-venv/lib/python3.12/site-packages/airflow/example_dags/subdags/subdag.py
[2026-05-08T17:52:55.206+0100] {processor.py:842} WARNING - No viable dags retrieved from /home/najma/airflow-venv/lib/python3.12/site-packages/airflow/example_dags/subdags/subdag.py
[2026-05-08T17:52:55.234+0100] {processor.py:183} INFO - Processing /home/najma/airflow-venv/lib/python3.12/site-packages/airflow/example_dags/subdags/subdag.py took 0.037 seconds
[2026-05-08T17:54:02.163+0100] {processor.py:161} INFO - Started process (PID=10706) to work on /home/najma/airflow-venv/lib/python3.12/site-packages/airflow/example_dags/subdags/subdag.py
[2026-05-08T17:54:02.165+0100] {processor.py:830} INFO - Processing file /home/najma/airflow-venv/lib/python3.12/site-packages/airflow/example_dags/subdags/subdag.py for tasks to queue
[2026-05-08T17:54:02.166+0100] {logging_mixin.py:188} INFO - [2026-05-08T17:54:02.166+0100] {dagbag.py:540} INFO - Filling up the DagBag from /home/najma/airflow-venv/lib/python3.12/site-packages/airflow/example_dags/subdags/subdag.py
[2026-05-08T17:54:02.168+0100] {processor.py:842} WARNING - No viable dags retrieved from /home/najma/airflow-venv/lib/python3.12/site-packages/airflow/example_dags/subdags/subdag.py
[2026-05-08T17:54:02.189+0100] {processor.py:183} INFO - Processing /home/najma/airflow-venv/lib/python3.12/site-packages/airflow/example_dags/subdags/subdag.py took 0.029 seconds
[2026-05-08T17:55:09.987+0100] {processor.py:161} INFO - Started process (PID=10778) to work on /home/najma/airflow-venv/lib/python3.12/site-packages/airflow/example_dags/subdags/subdag.py
[2026-05-08T17:55:09.988+0100] {processor.py:830} INFO - Processing file /home/najma/airflow-venv/lib/python3.12/site-packages/airflow/example_dags/subdags/subdag.py for tasks to queue
[2026-05-08T17:55:09.990+0100] {logging_mixin.py:188} INFO - [2026-05-08T17:55:09.990+0100] {dagbag.py:540} INFO - Filling up the DagBag from /home/najma/airflow-venv/lib/python3.12/site-packages/airflow/example_dags/subdags/subdag.py
[2026-05-08T17:55:09.992+0100] {processor.py:842} WARNING - No viable dags retrieved from /home/najma/airflow-venv/lib/python3.12/site-packages/airflow/example_dags/subdags/subdag.py
[2026-05-08T17:55:10.017+0100] {processor.py:183} INFO - Processing /home/najma/airflow-venv/lib/python3.12/site-packages/airflow/example_dags/subdags/subdag.py took 0.034 seconds
[2026-05-08T17:56:15.815+0100] {processor.py:161} INFO - Started process (PID=10837) to work on /home/najma/airflow-venv/lib/python3.12/site-packages/airflow/example_dags/subdags/subdag.py
[2026-05-08T17:56:15.817+0100] {processor.py:830} INFO - Processing file /home/najma/airflow-venv/lib/python3.12/site-packages/airflow/example_dags/subdags/subdag.py for tasks to queue
[2026-05-08T17:56:15.818+0100] {logging_mixin.py:188} INFO - [2026-05-08T17:56:15.818+0100] {dagbag.py:540} INFO - Filling up the DagBag from /home/najma/airflow-venv/lib/python3.12/site-packages/airflow/example_dags/subdags/subdag.py
[2026-05-08T17:56:15.820+0100] {processor.py:842} WARNING - No viable dags retrieved from /home/najma/airflow-venv/lib/python3.12/site-packages/airflow/example_dags/subdags/subdag.py
[2026-05-08T17:56:15.859+0100] {processor.py:183} INFO - Processing /home/najma/airflow-venv/lib/python3.12/site-packages/airflow/example_dags/subdags/subdag.py took 0.047 seconds
[2026-05-08T17:57:32.663+0100] {processor.py:161} INFO - Started process (PID=10898) to work on /home/najma/airflow-venv/lib/python3.12/site-packages/airflow/example_dags/subdags/subdag.py
[2026-05-08T17:57:32.664+0100] {processor.py:830} INFO - Processing file /home/najma/airflow-venv/lib/python3.12/site-packages/airflow/example_dags/subdags/subdag.py for tasks to queue
[2026-05-08T17:57:32.666+0100] {logging_mixin.py:188} INFO - [2026-05-08T17:57:32.666+0100] {dagbag.py:540} INFO - Filling up the DagBag from /home/najma/airflow-venv/lib/python3.12/site-packages/airflow/example_dags/subdags/subdag.py
[2026-05-08T17:57:32.668+0100] {processor.py:842} WARNING - No viable dags retrieved from /home/najma/airflow-venv/lib/python3.12/site-packages/airflow/example_dags/subdags/subdag.py
[2026-05-08T17:57:32.702+0100] {processor.py:183} INFO - Processing /home/najma/airflow-venv/lib/python3.12/site-packages/airflow/example_dags/subdags/subdag.py took 0.043 seconds
[2026-05-08T17:58:42.135+0100] {processor.py:161} INFO - Started process (PID=10959) to work on /home/najma/airflow-venv/lib/python3.12/site-packages/airflow/example_dags/subdags/subdag.py
[2026-05-08T17:58:42.136+0100] {processor.py:830} INFO - Processing file /home/najma/airflow-venv/lib/python3.12/site-packages/airflow/example_dags/subdags/subdag.py for tasks to queue
[2026-05-08T17:58:42.138+0100] {logging_mixin.py:188} INFO - [2026-05-08T17:58:42.138+0100] {dagbag.py:540} INFO - Filling up the DagBag from /home/najma/airflow-venv/lib/python3.12/site-packages/airflow/example_dags/subdags/subdag.py
[2026-05-08T17:58:42.140+0100] {processor.py:842} WARNING - No viable dags retrieved from /home/najma/airflow-venv/lib/python3.12/site-packages/airflow/example_dags/subdags/subdag.py
[2026-05-08T17:58:42.163+0100] {processor.py:183} INFO - Processing /home/najma/airflow-venv/lib/python3.12/site-packages/airflow/example_dags/subdags/subdag.py took 0.032 seconds
[2026-05-08T17:59:47.866+0100] {processor.py:161} INFO - Started process (PID=11017) to work on /home/najma/airflow-venv/lib/python3.12/site-packages/airflow/example_dags/subdags/subdag.py
[2026-05-08T17:59:47.867+0100] {processor.py:830} INFO - Processing file /home/najma/airflow-venv/lib/python3.12/site-packages/airflow/example_dags/subdags/subdag.py for tasks to queue
[2026-05-08T17:59:47.869+0100] {logging_mixin.py:188} INFO - [2026-05-08T17:59:47.868+0100] {dagbag.py:540} INFO - Filling up the DagBag from /home/najma/airflow-venv/lib/python3.12/site-packages/airflow/example_dags/subdags/subdag.py
[2026-05-08T17:59:47.870+0100] {processor.py:842} WARNING - No viable dags retrieved from /home/najma/airflow-venv/lib/python3.12/site-packages/airflow/example_dags/subdags/subdag.py
[2026-05-08T17:59:47.892+0100] {processor.py:183} INFO - Processing /home/najma/airflow-venv/lib/python3.12/site-packages/airflow/example_dags/subdags/subdag.py took 0.030 seconds
[2026-05-08T18:00:58.048+0100] {processor.py:161} INFO - Started process (PID=11080) to work on /home/najma/airflow-venv/lib/python3.12/site-packages/airflow/example_dags/subdags/subdag.py
[2026-05-08T18:00:58.049+0100] {processor.py:830} INFO - Processing file /home/najma/airflow-venv/lib/python3.12/site-packages/airflow/example_dags/subdags/subdag.py for tasks to queue
[2026-05-08T18:00:58.051+0100] {logging_mixin.py:188} INFO - [2026-05-08T18:00:58.050+0100] {dagbag.py:540} INFO - Filling up the DagBag from /home/najma/airflow-venv/lib/python3.12/site-packages/airflow/example_dags/subdags/subdag.py
[2026-05-08T18:00:58.053+0100] {processor.py:842} WARNING - No viable dags retrieved from /home/najma/airflow-venv/lib/python3.12/site-packages/airflow/example_dags/subdags/subdag.py
[2026-05-08T18:00:58.077+0100] {processor.py:183} INFO - Processing /home/najma/airflow-venv/lib/python3.12/site-packages/airflow/example_dags/subdags/subdag.py took 0.033 seconds
[2026-05-08T18:02:02.363+0100] {processor.py:161} INFO - Started process (PID=11137) to work on /home/najma/airflow-venv/lib/python3.12/site-packages/airflow/example_dags/subdags/subdag.py
[2026-05-08T18:02:02.364+0100] {processor.py:830} INFO - Processing file /home/najma/airflow-venv/lib/python3.12/site-packages/airflow/example_dags/subdags/subdag.py for tasks to queue
[2026-05-08T18:02:02.366+0100] {logging_mixin.py:188} INFO - [2026-05-08T18:02:02.365+0100] {dagbag.py:540} INFO - Filling up the DagBag from /home/najma/airflow-venv/lib/python3.12/site-packages/airflow/example_dags/subdags/subdag.py
[2026-05-08T18:02:02.367+0100] {processor.py:842} WARNING - No viable dags retrieved from /home/najma/airflow-venv/lib/python3.12/site-packages/airflow/example_dags/subdags/subdag.py
[2026-05-08T18:02:02.390+0100] {processor.py:183} INFO - Processing /home/najma/airflow-venv/lib/python3.12/site-packages/airflow/example_dags/subdags/subdag.py took 0.031 seconds
[2026-05-08T18:03:06.610+0100] {processor.py:161} INFO - Started process (PID=11195) to work on /home/najma/airflow-venv/lib/python3.12/site-packages/airflow/example_dags/subdags/subdag.py
[2026-05-08T18:03:06.612+0100] {processor.py:830} INFO - Processing file /home/najma/airflow-venv/lib/python3.12/site-packages/airflow/example_dags/subdags/subdag.py for tasks to queue
[2026-05-08T18:03:06.613+0100] {logging_mixin.py:188} INFO - [2026-05-08T18:03:06.613+0100] {dagbag.py:540} INFO - Filling up the DagBag from /home/najma/airflow-venv/lib/python3.12/site-packages/airflow/example_dags/subdags/subdag.py
[2026-05-08T18:03:06.615+0100] {processor.py:842} WARNING - No viable dags retrieved from /home/najma/airflow-venv/lib/python3.12/site-packages/airflow/example_dags/subdags/subdag.py
[2026-05-08T18:03:06.640+0100] {processor.py:183} INFO - Processing /home/najma/airflow-venv/lib/python3.12/site-packages/airflow/example_dags/subdags/subdag.py took 0.034 seconds
[2026-05-08T18:04:15.244+0100] {processor.py:161} INFO - Started process (PID=11255) to work on /home/najma/airflow-venv/lib/python3.12/site-packages/airflow/example_dags/subdags/subdag.py
[2026-05-08T18:04:15.246+0100] {processor.py:830} INFO - Processing file /home/najma/airflow-venv/lib/python3.12/site-packages/airflow/example_dags/subdags/subdag.py for tasks to queue
[2026-05-08T18:04:15.248+0100] {logging_mixin.py:188} INFO - [2026-05-08T18:04:15.247+0100] {dagbag.py:540} INFO - Filling up the DagBag from /home/najma/airflow-venv/lib/python3.12/site-packages/airflow/example_dags/subdags/subdag.py
[2026-05-08T18:04:15.249+0100] {processor.py:842} WARNING - No viable dags retrieved from /home/najma/airflow-venv/lib/python3.12/site-packages/airflow/example_dags/subdags/subdag.py
[2026-05-08T18:04:15.272+0100] {processor.py:183} INFO - Processing /home/najma/airflow-venv/lib/python3.12/site-packages/airflow/example_dags/subdags/subdag.py took 0.032 seconds
[2026-05-08T18:05:22.981+0100] {processor.py:161} INFO - Started process (PID=11313) to work on /home/najma/airflow-venv/lib/python3.12/site-packages/airflow/example_dags/subdags/subdag.py
[2026-05-08T18:05:22.983+0100] {processor.py:830} INFO - Processing file /home/najma/airflow-venv/lib/python3.12/site-packages/airflow/example_dags/subdags/subdag.py for tasks to queue
[2026-05-08T18:05:22.984+0100] {logging_mixin.py:188} INFO - [2026-05-08T18:05:22.984+0100] {dagbag.py:540} INFO - Filling up the DagBag from /home/najma/airflow-venv/lib/python3.12/site-packages/airflow/example_dags/subdags/subdag.py
[2026-05-08T18:05:22.986+0100] {processor.py:842} WARNING - No viable dags retrieved from /home/najma/airflow-venv/lib/python3.12/site-packages/airflow/example_dags/subdags/subdag.py
[2026-05-08T18:05:23.009+0100] {processor.py:183} INFO - Processing /home/najma/airflow-venv/lib/python3.12/site-packages/airflow/example_dags/subdags/subdag.py took 0.032 seconds
[2026-05-08T18:06:28.087+0100] {processor.py:161} INFO - Started process (PID=11372) to work on /home/najma/airflow-venv/lib/python3.12/site-packages/airflow/example_dags/subdags/subdag.py
[2026-05-08T18:06:28.088+0100] {processor.py:830} INFO - Processing file /home/najma/airflow-venv/lib/python3.12/site-packages/airflow/example_dags/subdags/subdag.py for tasks to queue
[2026-05-08T18:06:28.090+0100] {logging_mixin.py:188} INFO - [2026-05-08T18:06:28.089+0100] {dagbag.py:540} INFO - Filling up the DagBag from /home/najma/airflow-venv/lib/python3.12/site-packages/airflow/example_dags/subdags/subdag.py
[2026-05-08T18:06:28.092+0100] {processor.py:842} WARNING - No viable dags retrieved from /home/najma/airflow-venv/lib/python3.12/site-packages/airflow/example_dags/subdags/subdag.py
[2026-05-08T18:06:28.113+0100] {processor.py:183} INFO - Processing /home/najma/airflow-venv/lib/python3.12/site-packages/airflow/example_dags/subdags/subdag.py took 0.030 seconds
[2026-05-08T18:07:30.672+0100] {processor.py:161} INFO - Started process (PID=11428) to work on /home/najma/airflow-venv/lib/python3.12/site-packages/airflow/example_dags/subdags/subdag.py
[2026-05-08T18:07:30.673+0100] {processor.py:830} INFO - Processing file /home/najma/airflow-venv/lib/python3.12/site-packages/airflow/example_dags/subdags/subdag.py for tasks to queue
[2026-05-08T18:07:30.675+0100] {logging_mixin.py:188} INFO - [2026-05-08T18:07:30.675+0100] {dagbag.py:540} INFO - Filling up the DagBag from /home/najma/airflow-venv/lib/python3.12/site-packages/airflow/example_dags/subdags/subdag.py
[2026-05-08T18:07:30.677+0100] {processor.py:842} WARNING - No viable dags retrieved from /home/najma/airflow-venv/lib/python3.12/site-packages/airflow/example_dags/subdags/subdag.py
[2026-05-08T18:07:30.700+0100] {processor.py:183} INFO - Processing /home/najma/airflow-venv/lib/python3.12/site-packages/airflow/example_dags/subdags/subdag.py took 0.032 seconds
[2026-05-08T18:08:34.575+0100] {processor.py:161} INFO - Started process (PID=11486) to work on /home/najma/airflow-venv/lib/python3.12/site-packages/airflow/example_dags/subdags/subdag.py
[2026-05-08T18:08:34.577+0100] {processor.py:830} INFO - Processing file /home/najma/airflow-venv/lib/python3.12/site-packages/airflow/example_dags/subdags/subdag.py for tasks to queue
[2026-05-08T18:08:34.579+0100] {logging_mixin.py:188} INFO - [2026-05-08T18:08:34.578+0100] {dagbag.py:540} INFO - Filling up the DagBag from /home/najma/airflow-venv/lib/python3.12/site-packages/airflow/example_dags/subdags/subdag.py
[2026-05-08T18:08:34.581+0100] {processor.py:842} WARNING - No viable dags retrieved from /home/najma/airflow-venv/lib/python3.12/site-packages/airflow/example_dags/subdags/subdag.py
[2026-05-08T18:08:34.611+0100] {processor.py:183} INFO - Processing /home/najma/airflow-venv/lib/python3.12/site-packages/airflow/example_dags/subdags/subdag.py took 0.041 seconds
[2026-05-08T18:09:38.876+0100] {processor.py:161} INFO - Started process (PID=11544) to work on /home/najma/airflow-venv/lib/python3.12/site-packages/airflow/example_dags/subdags/subdag.py
[2026-05-08T18:09:38.877+0100] {processor.py:830} INFO - Processing file /home/najma/airflow-venv/lib/python3.12/site-packages/airflow/example_dags/subdags/subdag.py for tasks to queue
[2026-05-08T18:09:38.879+0100] {logging_mixin.py:188} INFO - [2026-05-08T18:09:38.879+0100] {dagbag.py:540} INFO - Filling up the DagBag from /home/najma/airflow-venv/lib/python3.12/site-packages/airflow/example_dags/subdags/subdag.py
[2026-05-08T18:09:38.881+0100] {processor.py:842} WARNING - No viable dags retrieved from /home/najma/airflow-venv/lib/python3.12/site-packages/airflow/example_dags/subdags/subdag.py
[2026-05-08T18:09:38.904+0100] {processor.py:183} INFO - Processing /home/najma/airflow-venv/lib/python3.12/site-packages/airflow/example_dags/subdags/subdag.py took 0.032 seconds
[2026-05-08T18:10:39.970+0100] {processor.py:161} INFO - Started process (PID=11599) to work on /home/najma/airflow-venv/lib/python3.12/site-packages/airflow/example_dags/subdags/subdag.py
[2026-05-08T18:10:39.971+0100] {processor.py:830} INFO - Processing file /home/najma/airflow-venv/lib/python3.12/site-packages/airflow/example_dags/subdags/subdag.py for tasks to queue
[2026-05-08T18:10:39.973+0100] {logging_mixin.py:188} INFO - [2026-05-08T18:10:39.972+0100] {dagbag.py:540} INFO - Filling up the DagBag from /home/najma/airflow-venv/lib/python3.12/site-packages/airflow/example_dags/subdags/subdag.py
[2026-05-08T18:10:39.974+0100] {processor.py:842} WARNING - No viable dags retrieved from /home/najma/airflow-venv/lib/python3.12/site-packages/airflow/example_dags/subdags/subdag.py
[2026-05-08T18:10:39.996+0100] {processor.py:183} INFO - Processing /home/najma/airflow-venv/lib/python3.12/site-packages/airflow/example_dags/subdags/subdag.py took 0.031 seconds
[2026-05-08T18:11:49.180+0100] {processor.py:161} INFO - Started process (PID=11655) to work on /home/najma/airflow-venv/lib/python3.12/site-packages/airflow/example_dags/subdags/subdag.py
[2026-05-08T18:11:49.181+0100] {processor.py:830} INFO - Processing file /home/najma/airflow-venv/lib/python3.12/site-packages/airflow/example_dags/subdags/subdag.py for tasks to queue
[2026-05-08T18:11:49.183+0100] {logging_mixin.py:188} INFO - [2026-05-08T18:11:49.182+0100] {dagbag.py:540} INFO - Filling up the DagBag from /home/najma/airflow-venv/lib/python3.12/site-packages/airflow/example_dags/subdags/subdag.py
[2026-05-08T18:11:49.185+0100] {processor.py:842} WARNING - No viable dags retrieved from /home/najma/airflow-venv/lib/python3.12/site-packages/airflow/example_dags/subdags/subdag.py
[2026-05-08T18:11:49.207+0100] {processor.py:183} INFO - Processing /home/najma/airflow-venv/lib/python3.12/site-packages/airflow/example_dags/subdags/subdag.py took 0.031 seconds
[2026-05-08T18:13:12.972+0100] {processor.py:161} INFO - Started process (PID=11713) to work on /home/najma/airflow-venv/lib/python3.12/site-packages/airflow/example_dags/subdags/subdag.py
[2026-05-08T18:13:12.973+0100] {processor.py:830} INFO - Processing file /home/najma/airflow-venv/lib/python3.12/site-packages/airflow/example_dags/subdags/subdag.py for tasks to queue
[2026-05-08T18:13:12.975+0100] {logging_mixin.py:188} INFO - [2026-05-08T18:13:12.975+0100] {dagbag.py:540} INFO - Filling up the DagBag from /home/najma/airflow-venv/lib/python3.12/site-packages/airflow/example_dags/subdags/subdag.py
[2026-05-08T18:13:12.977+0100] {processor.py:842} WARNING - No viable dags retrieved from /home/najma/airflow-venv/lib/python3.12/site-packages/airflow/example_dags/subdags/subdag.py
[2026-05-08T18:13:13.000+0100] {processor.py:183} INFO - Processing /home/najma/airflow-venv/lib/python3.12/site-packages/airflow/example_dags/subdags/subdag.py took 0.033 seconds
[2026-05-08T18:14:34.311+0100] {processor.py:161} INFO - Started process (PID=11792) to work on /home/najma/airflow-venv/lib/python3.12/site-packages/airflow/example_dags/subdags/subdag.py
[2026-05-08T18:14:34.313+0100] {processor.py:830} INFO - Processing file /home/najma/airflow-venv/lib/python3.12/site-packages/airflow/example_dags/subdags/subdag.py for tasks to queue
[2026-05-08T18:14:34.315+0100] {logging_mixin.py:188} INFO - [2026-05-08T18:14:34.314+0100] {dagbag.py:540} INFO - Filling up the DagBag from /home/najma/airflow-venv/lib/python3.12/site-packages/airflow/example_dags/subdags/subdag.py
[2026-05-08T18:14:34.317+0100] {processor.py:842} WARNING - No viable dags retrieved from /home/najma/airflow-venv/lib/python3.12/site-packages/airflow/example_dags/subdags/subdag.py
[2026-05-08T18:14:34.345+0100] {processor.py:183} INFO - Processing /home/najma/airflow-venv/lib/python3.12/site-packages/airflow/example_dags/subdags/subdag.py took 0.038 seconds
[2026-05-08T18:15:50.143+0100] {processor.py:161} INFO - Started process (PID=11852) to work on /home/najma/airflow-venv/lib/python3.12/site-packages/airflow/example_dags/subdags/subdag.py
[2026-05-08T18:15:50.144+0100] {processor.py:830} INFO - Processing file /home/najma/airflow-venv/lib/python3.12/site-packages/airflow/example_dags/subdags/subdag.py for tasks to queue
[2026-05-08T18:15:50.146+0100] {logging_mixin.py:188} INFO - [2026-05-08T18:15:50.146+0100] {dagbag.py:540} INFO - Filling up the DagBag from /home/najma/airflow-venv/lib/python3.12/site-packages/airflow/example_dags/subdags/subdag.py
[2026-05-08T18:15:50.148+0100] {processor.py:842} WARNING - No viable dags retrieved from /home/najma/airflow-venv/lib/python3.12/site-packages/airflow/example_dags/subdags/subdag.py
[2026-05-08T18:15:50.185+0100] {processor.py:183} INFO - Processing /home/najma/airflow-venv/lib/python3.12/site-packages/airflow/example_dags/subdags/subdag.py took 0.045 seconds
[2026-05-08T18:16:59.904+0100] {processor.py:161} INFO - Started process (PID=11909) to work on /home/najma/airflow-venv/lib/python3.12/site-packages/airflow/example_dags/subdags/subdag.py
[2026-05-08T18:16:59.906+0100] {processor.py:830} INFO - Processing file /home/najma/airflow-venv/lib/python3.12/site-packages/airflow/example_dags/subdags/subdag.py for tasks to queue
[2026-05-08T18:16:59.907+0100] {logging_mixin.py:188} INFO - [2026-05-08T18:16:59.907+0100] {dagbag.py:540} INFO - Filling up the DagBag from /home/najma/airflow-venv/lib/python3.12/site-packages/airflow/example_dags/subdags/subdag.py
[2026-05-08T18:16:59.909+0100] {processor.py:842} WARNING - No viable dags retrieved from /home/najma/airflow-venv/lib/python3.12/site-packages/airflow/example_dags/subdags/subdag.py
[2026-05-08T18:16:59.932+0100] {processor.py:183} INFO - Processing /home/najma/airflow-venv/lib/python3.12/site-packages/airflow/example_dags/subdags/subdag.py took 0.031 seconds
[2026-05-08T18:18:12.967+0100] {processor.py:161} INFO - Started process (PID=11969) to work on /home/najma/airflow-venv/lib/python3.12/site-packages/airflow/example_dags/subdags/subdag.py
[2026-05-08T18:18:12.973+0100] {processor.py:830} INFO - Processing file /home/najma/airflow-venv/lib/python3.12/site-packages/airflow/example_dags/subdags/subdag.py for tasks to queue
[2026-05-08T18:18:12.977+0100] {logging_mixin.py:188} INFO - [2026-05-08T18:18:12.975+0100] {dagbag.py:540} INFO - Filling up the DagBag from /home/najma/airflow-venv/lib/python3.12/site-packages/airflow/example_dags/subdags/subdag.py
[2026-05-08T18:18:12.985+0100] {processor.py:842} WARNING - No viable dags retrieved from /home/najma/airflow-venv/lib/python3.12/site-packages/airflow/example_dags/subdags/subdag.py
[2026-05-08T18:18:13.011+0100] {processor.py:183} INFO - Processing /home/najma/airflow-venv/lib/python3.12/site-packages/airflow/example_dags/subdags/subdag.py took 0.049 seconds
[2026-05-08T18:19:22.183+0100] {processor.py:161} INFO - Started process (PID=12026) to work on /home/najma/airflow-venv/lib/python3.12/site-packages/airflow/example_dags/subdags/subdag.py
[2026-05-08T18:19:22.184+0100] {processor.py:830} INFO - Processing file /home/najma/airflow-venv/lib/python3.12/site-packages/airflow/example_dags/subdags/subdag.py for tasks to queue
[2026-05-08T18:19:22.186+0100] {logging_mixin.py:188} INFO - [2026-05-08T18:19:22.186+0100] {dagbag.py:540} INFO - Filling up the DagBag from /home/najma/airflow-venv/lib/python3.12/site-packages/airflow/example_dags/subdags/subdag.py
[2026-05-08T18:19:22.188+0100] {processor.py:842} WARNING - No viable dags retrieved from /home/najma/airflow-venv/lib/python3.12/site-packages/airflow/example_dags/subdags/subdag.py
[2026-05-08T18:19:22.213+0100] {processor.py:183} INFO - Processing /home/najma/airflow-venv/lib/python3.12/site-packages/airflow/example_dags/subdags/subdag.py took 0.034 seconds
[2026-05-08T18:20:29.171+0100] {processor.py:161} INFO - Started process (PID=12083) to work on /home/najma/airflow-venv/lib/python3.12/site-packages/airflow/example_dags/subdags/subdag.py
[2026-05-08T18:20:29.172+0100] {processor.py:830} INFO - Processing file /home/najma/airflow-venv/lib/python3.12/site-packages/airflow/example_dags/subdags/subdag.py for tasks to queue
[2026-05-08T18:20:29.174+0100] {logging_mixin.py:188} INFO - [2026-05-08T18:20:29.174+0100] {dagbag.py:540} INFO - Filling up the DagBag from /home/najma/airflow-venv/lib/python3.12/site-packages/airflow/example_dags/subdags/subdag.py
[2026-05-08T18:20:29.176+0100] {processor.py:842} WARNING - No viable dags retrieved from /home/najma/airflow-venv/lib/python3.12/site-packages/airflow/example_dags/subdags/subdag.py
[2026-05-08T18:20:29.199+0100] {processor.py:183} INFO - Processing /home/najma/airflow-venv/lib/python3.12/site-packages/airflow/example_dags/subdags/subdag.py took 0.032 seconds
[2026-05-08T18:21:42.327+0100] {processor.py:161} INFO - Started process (PID=12141) to work on /home/najma/airflow-venv/lib/python3.12/site-packages/airflow/example_dags/subdags/subdag.py
[2026-05-08T18:21:42.329+0100] {processor.py:830} INFO - Processing file /home/najma/airflow-venv/lib/python3.12/site-packages/airflow/example_dags/subdags/subdag.py for tasks to queue
[2026-05-08T18:21:42.333+0100] {logging_mixin.py:188} INFO - [2026-05-08T18:21:42.332+0100] {dagbag.py:540} INFO - Filling up the DagBag from /home/najma/airflow-venv/lib/python3.12/site-packages/airflow/example_dags/subdags/subdag.py
[2026-05-08T18:21:42.335+0100] {processor.py:842} WARNING - No viable dags retrieved from /home/najma/airflow-venv/lib/python3.12/site-packages/airflow/example_dags/subdags/subdag.py
[2026-05-08T18:21:42.360+0100] {processor.py:183} INFO - Processing /home/najma/airflow-venv/lib/python3.12/site-packages/airflow/example_dags/subdags/subdag.py took 0.038 seconds
[2026-05-08T18:22:52.321+0100] {processor.py:161} INFO - Started process (PID=12199) to work on /home/najma/airflow-venv/lib/python3.12/site-packages/airflow/example_dags/subdags/subdag.py
[2026-05-08T18:22:52.322+0100] {processor.py:830} INFO - Processing file /home/najma/airflow-venv/lib/python3.12/site-packages/airflow/example_dags/subdags/subdag.py for tasks to queue
[2026-05-08T18:22:52.324+0100] {logging_mixin.py:188} INFO - [2026-05-08T18:22:52.324+0100] {dagbag.py:540} INFO - Filling up the DagBag from /home/najma/airflow-venv/lib/python3.12/site-packages/airflow/example_dags/subdags/subdag.py
[2026-05-08T18:22:52.326+0100] {processor.py:842} WARNING - No viable dags retrieved from /home/najma/airflow-venv/lib/python3.12/site-packages/airflow/example_dags/subdags/subdag.py
[2026-05-08T18:22:52.354+0100] {processor.py:183} INFO - Processing /home/najma/airflow-venv/lib/python3.12/site-packages/airflow/example_dags/subdags/subdag.py took 0.039 seconds
[2026-05-08T18:23:59.202+0100] {processor.py:161} INFO - Started process (PID=12253) to work on /home/najma/airflow-venv/lib/python3.12/site-packages/airflow/example_dags/subdags/subdag.py
[2026-05-08T18:23:59.203+0100] {processor.py:830} INFO - Processing file /home/najma/airflow-venv/lib/python3.12/site-packages/airflow/example_dags/subdags/subdag.py for tasks to queue
[2026-05-08T18:23:59.205+0100] {logging_mixin.py:188} INFO - [2026-05-08T18:23:59.204+0100] {dagbag.py:540} INFO - Filling up the DagBag from /home/najma/airflow-venv/lib/python3.12/site-packages/airflow/example_dags/subdags/subdag.py
[2026-05-08T18:23:59.207+0100] {processor.py:842} WARNING - No viable dags retrieved from /home/najma/airflow-venv/lib/python3.12/site-packages/airflow/example_dags/subdags/subdag.py
[2026-05-08T18:23:59.229+0100] {processor.py:183} INFO - Processing /home/najma/airflow-venv/lib/python3.12/site-packages/airflow/example_dags/subdags/subdag.py took 0.031 seconds
[2026-05-08T18:25:11.345+0100] {processor.py:161} INFO - Started process (PID=12315) to work on /home/najma/airflow-venv/lib/python3.12/site-packages/airflow/example_dags/subdags/subdag.py
[2026-05-08T18:25:11.347+0100] {processor.py:830} INFO - Processing file /home/najma/airflow-venv/lib/python3.12/site-packages/airflow/example_dags/subdags/subdag.py for tasks to queue
[2026-05-08T18:25:11.349+0100] {logging_mixin.py:188} INFO - [2026-05-08T18:25:11.348+0100] {dagbag.py:540} INFO - Filling up the DagBag from /home/najma/airflow-venv/lib/python3.12/site-packages/airflow/example_dags/subdags/subdag.py
[2026-05-08T18:25:11.351+0100] {processor.py:842} WARNING - No viable dags retrieved from /home/najma/airflow-venv/lib/python3.12/site-packages/airflow/example_dags/subdags/subdag.py
[2026-05-08T18:25:11.374+0100] {processor.py:183} INFO - Processing /home/najma/airflow-venv/lib/python3.12/site-packages/airflow/example_dags/subdags/subdag.py took 0.033 seconds
[2026-05-08T18:26:18.458+0100] {processor.py:161} INFO - Started process (PID=12384) to work on /home/najma/airflow-venv/lib/python3.12/site-packages/airflow/example_dags/subdags/subdag.py
[2026-05-08T18:26:18.459+0100] {processor.py:830} INFO - Processing file /home/najma/airflow-venv/lib/python3.12/site-packages/airflow/example_dags/subdags/subdag.py for tasks to queue
[2026-05-08T18:26:18.461+0100] {logging_mixin.py:188} INFO - [2026-05-08T18:26:18.461+0100] {dagbag.py:540} INFO - Filling up the DagBag from /home/najma/airflow-venv/lib/python3.12/site-packages/airflow/example_dags/subdags/subdag.py
[2026-05-08T18:26:18.464+0100] {processor.py:842} WARNING - No viable dags retrieved from /home/najma/airflow-venv/lib/python3.12/site-packages/airflow/example_dags/subdags/subdag.py
[2026-05-08T18:26:18.511+0100] {processor.py:183} INFO - Processing /home/najma/airflow-venv/lib/python3.12/site-packages/airflow/example_dags/subdags/subdag.py took 0.058 seconds
[2026-05-08T18:27:44.490+0100] {processor.py:161} INFO - Started process (PID=12447) to work on /home/najma/airflow-venv/lib/python3.12/site-packages/airflow/example_dags/subdags/subdag.py
[2026-05-08T18:27:44.492+0100] {processor.py:830} INFO - Processing file /home/najma/airflow-venv/lib/python3.12/site-packages/airflow/example_dags/subdags/subdag.py for tasks to queue
[2026-05-08T18:27:44.494+0100] {logging_mixin.py:188} INFO - [2026-05-08T18:27:44.494+0100] {dagbag.py:540} INFO - Filling up the DagBag from /home/najma/airflow-venv/lib/python3.12/site-packages/airflow/example_dags/subdags/subdag.py
[2026-05-08T18:27:44.496+0100] {processor.py:842} WARNING - No viable dags retrieved from /home/najma/airflow-venv/lib/python3.12/site-packages/airflow/example_dags/subdags/subdag.py
[2026-05-08T18:27:44.521+0100] {processor.py:183} INFO - Processing /home/najma/airflow-venv/lib/python3.12/site-packages/airflow/example_dags/subdags/subdag.py took 0.034 seconds
[2026-05-08T18:29:02.687+0100] {processor.py:161} INFO - Started process (PID=12508) to work on /home/najma/airflow-venv/lib/python3.12/site-packages/airflow/example_dags/subdags/subdag.py
[2026-05-08T18:29:02.688+0100] {processor.py:830} INFO - Processing file /home/najma/airflow-venv/lib/python3.12/site-packages/airflow/example_dags/subdags/subdag.py for tasks to queue
[2026-05-08T18:29:02.689+0100] {logging_mixin.py:188} INFO - [2026-05-08T18:29:02.689+0100] {dagbag.py:540} INFO - Filling up the DagBag from /home/najma/airflow-venv/lib/python3.12/site-packages/airflow/example_dags/subdags/subdag.py
[2026-05-08T18:29:02.691+0100] {processor.py:842} WARNING - No viable dags retrieved from /home/najma/airflow-venv/lib/python3.12/site-packages/airflow/example_dags/subdags/subdag.py
[2026-05-08T18:29:02.716+0100] {processor.py:183} INFO - Processing /home/najma/airflow-venv/lib/python3.12/site-packages/airflow/example_dags/subdags/subdag.py took 0.034 seconds
[2026-05-08T18:30:18.525+0100] {processor.py:161} INFO - Started process (PID=12568) to work on /home/najma/airflow-venv/lib/python3.12/site-packages/airflow/example_dags/subdags/subdag.py
[2026-05-08T18:30:18.526+0100] {processor.py:830} INFO - Processing file /home/najma/airflow-venv/lib/python3.12/site-packages/airflow/example_dags/subdags/subdag.py for tasks to queue
[2026-05-08T18:30:18.528+0100] {logging_mixin.py:188} INFO - [2026-05-08T18:30:18.528+0100] {dagbag.py:540} INFO - Filling up the DagBag from /home/najma/airflow-venv/lib/python3.12/site-packages/airflow/example_dags/subdags/subdag.py
[2026-05-08T18:30:18.530+0100] {processor.py:842} WARNING - No viable dags retrieved from /home/najma/airflow-venv/lib/python3.12/site-packages/airflow/example_dags/subdags/subdag.py
[2026-05-08T18:30:18.557+0100] {processor.py:183} INFO - Processing /home/najma/airflow-venv/lib/python3.12/site-packages/airflow/example_dags/subdags/subdag.py took 0.037 seconds
[2026-05-08T18:31:34.394+0100] {processor.py:161} INFO - Started process (PID=12628) to work on /home/najma/airflow-venv/lib/python3.12/site-packages/airflow/example_dags/subdags/subdag.py
[2026-05-08T18:31:34.395+0100] {processor.py:830} INFO - Processing file /home/najma/airflow-venv/lib/python3.12/site-packages/airflow/example_dags/subdags/subdag.py for tasks to queue
[2026-05-08T18:31:34.397+0100] {logging_mixin.py:188} INFO - [2026-05-08T18:31:34.396+0100] {dagbag.py:540} INFO - Filling up the DagBag from /home/najma/airflow-venv/lib/python3.12/site-packages/airflow/example_dags/subdags/subdag.py
[2026-05-08T18:31:34.399+0100] {processor.py:842} WARNING - No viable dags retrieved from /home/najma/airflow-venv/lib/python3.12/site-packages/airflow/example_dags/subdags/subdag.py
[2026-05-08T18:31:34.428+0100] {processor.py:183} INFO - Processing /home/najma/airflow-venv/lib/python3.12/site-packages/airflow/example_dags/subdags/subdag.py took 0.040 seconds
[2026-05-08T18:32:51.983+0100] {processor.py:161} INFO - Started process (PID=12686) to work on /home/najma/airflow-venv/lib/python3.12/site-packages/airflow/example_dags/subdags/subdag.py
[2026-05-08T18:32:51.985+0100] {processor.py:830} INFO - Processing file /home/najma/airflow-venv/lib/python3.12/site-packages/airflow/example_dags/subdags/subdag.py for tasks to queue
[2026-05-08T18:32:51.989+0100] {logging_mixin.py:188} INFO - [2026-05-08T18:32:51.988+0100] {dagbag.py:540} INFO - Filling up the DagBag from /home/najma/airflow-venv/lib/python3.12/site-packages/airflow/example_dags/subdags/subdag.py
[2026-05-08T18:32:51.997+0100] {processor.py:842} WARNING - No viable dags retrieved from /home/najma/airflow-venv/lib/python3.12/site-packages/airflow/example_dags/subdags/subdag.py
[2026-05-08T18:32:52.050+0100] {processor.py:183} INFO - Processing /home/najma/airflow-venv/lib/python3.12/site-packages/airflow/example_dags/subdags/subdag.py took 0.073 seconds
[2026-05-08T18:34:09.096+0100] {processor.py:161} INFO - Started process (PID=12749) to work on /home/najma/airflow-venv/lib/python3.12/site-packages/airflow/example_dags/subdags/subdag.py
[2026-05-08T18:34:09.097+0100] {processor.py:830} INFO - Processing file /home/najma/airflow-venv/lib/python3.12/site-packages/airflow/example_dags/subdags/subdag.py for tasks to queue
[2026-05-08T18:34:09.099+0100] {logging_mixin.py:188} INFO - [2026-05-08T18:34:09.099+0100] {dagbag.py:540} INFO - Filling up the DagBag from /home/najma/airflow-venv/lib/python3.12/site-packages/airflow/example_dags/subdags/subdag.py
[2026-05-08T18:34:09.101+0100] {processor.py:842} WARNING - No viable dags retrieved from /home/najma/airflow-venv/lib/python3.12/site-packages/airflow/example_dags/subdags/subdag.py
[2026-05-08T18:34:09.147+0100] {processor.py:183} INFO - Processing /home/najma/airflow-venv/lib/python3.12/site-packages/airflow/example_dags/subdags/subdag.py took 0.056 seconds
[2026-05-08T18:35:14.026+0100] {processor.py:161} INFO - Started process (PID=12824) to work on /home/najma/airflow-venv/lib/python3.12/site-packages/airflow/example_dags/subdags/subdag.py
[2026-05-08T18:35:14.028+0100] {processor.py:830} INFO - Processing file /home/najma/airflow-venv/lib/python3.12/site-packages/airflow/example_dags/subdags/subdag.py for tasks to queue
[2026-05-08T18:35:14.029+0100] {logging_mixin.py:188} INFO - [2026-05-08T18:35:14.028+0100] {dagbag.py:540} INFO - Filling up the DagBag from /home/najma/airflow-venv/lib/python3.12/site-packages/airflow/example_dags/subdags/subdag.py
[2026-05-08T18:35:14.031+0100] {processor.py:842} WARNING - No viable dags retrieved from /home/najma/airflow-venv/lib/python3.12/site-packages/airflow/example_dags/subdags/subdag.py
[2026-05-08T18:35:14.061+0100] {processor.py:183} INFO - Processing /home/najma/airflow-venv/lib/python3.12/site-packages/airflow/example_dags/subdags/subdag.py took 0.039 seconds
[2026-05-08T18:36:27.984+0100] {processor.py:161} INFO - Started process (PID=12884) to work on /home/najma/airflow-venv/lib/python3.12/site-packages/airflow/example_dags/subdags/subdag.py
[2026-05-08T18:36:27.985+0100] {processor.py:830} INFO - Processing file /home/najma/airflow-venv/lib/python3.12/site-packages/airflow/example_dags/subdags/subdag.py for tasks to queue
[2026-05-08T18:36:27.987+0100] {logging_mixin.py:188} INFO - [2026-05-08T18:36:27.986+0100] {dagbag.py:540} INFO - Filling up the DagBag from /home/najma/airflow-venv/lib/python3.12/site-packages/airflow/example_dags/subdags/subdag.py
[2026-05-08T18:36:27.989+0100] {processor.py:842} WARNING - No viable dags retrieved from /home/najma/airflow-venv/lib/python3.12/site-packages/airflow/example_dags/subdags/subdag.py
[2026-05-08T18:36:28.014+0100] {processor.py:183} INFO - Processing /home/najma/airflow-venv/lib/python3.12/site-packages/airflow/example_dags/subdags/subdag.py took 0.034 seconds
[2026-05-08T18:37:44.449+0100] {processor.py:161} INFO - Started process (PID=12944) to work on /home/najma/airflow-venv/lib/python3.12/site-packages/airflow/example_dags/subdags/subdag.py
[2026-05-08T18:37:44.456+0100] {processor.py:830} INFO - Processing file /home/najma/airflow-venv/lib/python3.12/site-packages/airflow/example_dags/subdags/subdag.py for tasks to queue
[2026-05-08T18:37:44.462+0100] {logging_mixin.py:188} INFO - [2026-05-08T18:37:44.458+0100] {dagbag.py:540} INFO - Filling up the DagBag from /home/najma/airflow-venv/lib/python3.12/site-packages/airflow/example_dags/subdags/subdag.py
[2026-05-08T18:37:44.478+0100] {processor.py:842} WARNING - No viable dags retrieved from /home/najma/airflow-venv/lib/python3.12/site-packages/airflow/example_dags/subdags/subdag.py
[2026-05-08T18:37:44.587+0100] {processor.py:183} INFO - Processing /home/najma/airflow-venv/lib/python3.12/site-packages/airflow/example_dags/subdags/subdag.py took 0.174 seconds
[2026-05-08T18:39:01.886+0100] {processor.py:161} INFO - Started process (PID=13011) to work on /home/najma/airflow-venv/lib/python3.12/site-packages/airflow/example_dags/subdags/subdag.py
[2026-05-08T18:39:01.888+0100] {processor.py:830} INFO - Processing file /home/najma/airflow-venv/lib/python3.12/site-packages/airflow/example_dags/subdags/subdag.py for tasks to queue
[2026-05-08T18:39:01.889+0100] {logging_mixin.py:188} INFO - [2026-05-08T18:39:01.888+0100] {dagbag.py:540} INFO - Filling up the DagBag from /home/najma/airflow-venv/lib/python3.12/site-packages/airflow/example_dags/subdags/subdag.py
[2026-05-08T18:39:01.891+0100] {processor.py:842} WARNING - No viable dags retrieved from /home/najma/airflow-venv/lib/python3.12/site-packages/airflow/example_dags/subdags/subdag.py
[2026-05-08T18:39:01.917+0100] {processor.py:183} INFO - Processing /home/najma/airflow-venv/lib/python3.12/site-packages/airflow/example_dags/subdags/subdag.py took 0.036 seconds
