[2026-05-08T16:42:56.615+0100] {processor.py:161} INFO - Started process (PID=9543) to work on /home/najma/airflow-venv/lib/python3.12/site-packages/airflow/example_dags/plugins/event_listener.py
[2026-05-08T16:42:56.616+0100] {processor.py:830} INFO - Processing file /home/najma/airflow-venv/lib/python3.12/site-packages/airflow/example_dags/plugins/event_listener.py for tasks to queue
[2026-05-08T16:42:56.620+0100] {logging_mixin.py:188} INFO - [2026-05-08T16:42:56.619+0100] {dagbag.py:540} INFO - Filling up the DagBag from /home/najma/airflow-venv/lib/python3.12/site-packages/airflow/example_dags/plugins/event_listener.py
[2026-05-08T16:42:56.627+0100] {processor.py:842} WARNING - No viable dags retrieved from /home/najma/airflow-venv/lib/python3.12/site-packages/airflow/example_dags/plugins/event_listener.py
[2026-05-08T16:42:56.655+0100] {processor.py:183} INFO - Processing /home/najma/airflow-venv/lib/python3.12/site-packages/airflow/example_dags/plugins/event_listener.py took 0.044 seconds
[2026-05-08T16:44:10.582+0100] {processor.py:161} INFO - Started process (PID=9602) to work on /home/najma/airflow-venv/lib/python3.12/site-packages/airflow/example_dags/plugins/event_listener.py
[2026-05-08T16:44:10.583+0100] {processor.py:830} INFO - Processing file /home/najma/airflow-venv/lib/python3.12/site-packages/airflow/example_dags/plugins/event_listener.py for tasks to queue
[2026-05-08T16:44:10.588+0100] {logging_mixin.py:188} INFO - [2026-05-08T16:44:10.586+0100] {dagbag.py:540} INFO - Filling up the DagBag from /home/najma/airflow-venv/lib/python3.12/site-packages/airflow/example_dags/plugins/event_listener.py
[2026-05-08T16:44:10.593+0100] {processor.py:842} WARNING - No viable dags retrieved from /home/najma/airflow-venv/lib/python3.12/site-packages/airflow/example_dags/plugins/event_listener.py
[2026-05-08T16:44:10.619+0100] {processor.py:183} INFO - Processing /home/najma/airflow-venv/lib/python3.12/site-packages/airflow/example_dags/plugins/event_listener.py took 0.042 seconds
[2026-05-08T16:45:34.367+0100] {processor.py:161} INFO - Started process (PID=9677) to work on /home/najma/airflow-venv/lib/python3.12/site-packages/airflow/example_dags/plugins/event_listener.py
[2026-05-08T16:45:34.369+0100] {processor.py:830} INFO - Processing file /home/najma/airflow-venv/lib/python3.12/site-packages/airflow/example_dags/plugins/event_listener.py for tasks to queue
[2026-05-08T16:45:34.372+0100] {logging_mixin.py:188} INFO - [2026-05-08T16:45:34.371+0100] {dagbag.py:540} INFO - Filling up the DagBag from /home/najma/airflow-venv/lib/python3.12/site-packages/airflow/example_dags/plugins/event_listener.py
[2026-05-08T16:45:34.375+0100] {processor.py:842} WARNING - No viable dags retrieved from /home/najma/airflow-venv/lib/python3.12/site-packages/airflow/example_dags/plugins/event_listener.py
[2026-05-08T16:45:34.406+0100] {processor.py:183} INFO - Processing /home/najma/airflow-venv/lib/python3.12/site-packages/airflow/example_dags/plugins/event_listener.py took 0.043 seconds
[2026-05-08T16:46:51.812+0100] {processor.py:161} INFO - Started process (PID=9750) to work on /home/najma/airflow-venv/lib/python3.12/site-packages/airflow/example_dags/plugins/event_listener.py
[2026-05-08T16:46:51.813+0100] {processor.py:830} INFO - Processing file /home/najma/airflow-venv/lib/python3.12/site-packages/airflow/example_dags/plugins/event_listener.py for tasks to queue
[2026-05-08T16:46:51.815+0100] {logging_mixin.py:188} INFO - [2026-05-08T16:46:51.815+0100] {dagbag.py:540} INFO - Filling up the DagBag from /home/najma/airflow-venv/lib/python3.12/site-packages/airflow/example_dags/plugins/event_listener.py
[2026-05-08T16:46:51.819+0100] {processor.py:842} WARNING - No viable dags retrieved from /home/najma/airflow-venv/lib/python3.12/site-packages/airflow/example_dags/plugins/event_listener.py
[2026-05-08T16:46:51.857+0100] {processor.py:183} INFO - Processing /home/najma/airflow-venv/lib/python3.12/site-packages/airflow/example_dags/plugins/event_listener.py took 0.049 seconds
[2026-05-08T16:48:07.811+0100] {processor.py:161} INFO - Started process (PID=9820) to work on /home/najma/airflow-venv/lib/python3.12/site-packages/airflow/example_dags/plugins/event_listener.py
[2026-05-08T16:48:07.813+0100] {processor.py:830} INFO - Processing file /home/najma/airflow-venv/lib/python3.12/site-packages/airflow/example_dags/plugins/event_listener.py for tasks to queue
[2026-05-08T16:48:07.814+0100] {logging_mixin.py:188} INFO - [2026-05-08T16:48:07.814+0100] {dagbag.py:540} INFO - Filling up the DagBag from /home/najma/airflow-venv/lib/python3.12/site-packages/airflow/example_dags/plugins/event_listener.py
[2026-05-08T16:48:07.816+0100] {processor.py:842} WARNING - No viable dags retrieved from /home/najma/airflow-venv/lib/python3.12/site-packages/airflow/example_dags/plugins/event_listener.py
[2026-05-08T16:48:07.839+0100] {processor.py:183} INFO - Processing /home/najma/airflow-venv/lib/python3.12/site-packages/airflow/example_dags/plugins/event_listener.py took 0.031 seconds
[2026-05-08T16:49:21.629+0100] {processor.py:161} INFO - Started process (PID=9885) to work on /home/najma/airflow-venv/lib/python3.12/site-packages/airflow/example_dags/plugins/event_listener.py
[2026-05-08T16:49:21.630+0100] {processor.py:830} INFO - Processing file /home/najma/airflow-venv/lib/python3.12/site-packages/airflow/example_dags/plugins/event_listener.py for tasks to queue
[2026-05-08T16:49:21.631+0100] {logging_mixin.py:188} INFO - [2026-05-08T16:49:21.631+0100] {dagbag.py:540} INFO - Filling up the DagBag from /home/najma/airflow-venv/lib/python3.12/site-packages/airflow/example_dags/plugins/event_listener.py
[2026-05-08T16:49:21.635+0100] {processor.py:842} WARNING - No viable dags retrieved from /home/najma/airflow-venv/lib/python3.12/site-packages/airflow/example_dags/plugins/event_listener.py
[2026-05-08T16:49:21.658+0100] {processor.py:183} INFO - Processing /home/najma/airflow-venv/lib/python3.12/site-packages/airflow/example_dags/plugins/event_listener.py took 0.033 seconds
[2026-05-08T17:45:33.513+0100] {processor.py:161} INFO - Started process (PID=10244) to work on /home/najma/airflow-venv/lib/python3.12/site-packages/airflow/example_dags/plugins/event_listener.py
[2026-05-08T17:45:33.515+0100] {processor.py:830} INFO - Processing file /home/najma/airflow-venv/lib/python3.12/site-packages/airflow/example_dags/plugins/event_listener.py for tasks to queue
[2026-05-08T17:45:33.519+0100] {logging_mixin.py:188} INFO - [2026-05-08T17:45:33.517+0100] {dagbag.py:540} INFO - Filling up the DagBag from /home/najma/airflow-venv/lib/python3.12/site-packages/airflow/example_dags/plugins/event_listener.py
[2026-05-08T17:45:33.521+0100] {processor.py:842} WARNING - No viable dags retrieved from /home/najma/airflow-venv/lib/python3.12/site-packages/airflow/example_dags/plugins/event_listener.py
[2026-05-08T17:45:33.546+0100] {processor.py:183} INFO - Processing /home/najma/airflow-venv/lib/python3.12/site-packages/airflow/example_dags/plugins/event_listener.py took 0.037 seconds
[2026-05-08T17:46:42.271+0100] {processor.py:161} INFO - Started process (PID=10317) to work on /home/najma/airflow-venv/lib/python3.12/site-packages/airflow/example_dags/plugins/event_listener.py
[2026-05-08T17:46:42.291+0100] {processor.py:830} INFO - Processing file /home/najma/airflow-venv/lib/python3.12/site-packages/airflow/example_dags/plugins/event_listener.py for tasks to queue
[2026-05-08T17:46:42.317+0100] {logging_mixin.py:188} INFO - [2026-05-08T17:46:42.317+0100] {dagbag.py:540} INFO - Filling up the DagBag from /home/najma/airflow-venv/lib/python3.12/site-packages/airflow/example_dags/plugins/event_listener.py
[2026-05-08T17:46:42.321+0100] {processor.py:842} WARNING - No viable dags retrieved from /home/najma/airflow-venv/lib/python3.12/site-packages/airflow/example_dags/plugins/event_listener.py
[2026-05-08T17:46:42.423+0100] {processor.py:183} INFO - Processing /home/najma/airflow-venv/lib/python3.12/site-packages/airflow/example_dags/plugins/event_listener.py took 0.166 seconds
[2026-05-08T17:48:02.304+0100] {processor.py:161} INFO - Started process (PID=10379) to work on /home/najma/airflow-venv/lib/python3.12/site-packages/airflow/example_dags/plugins/event_listener.py
[2026-05-08T17:48:02.306+0100] {processor.py:830} INFO - Processing file /home/najma/airflow-venv/lib/python3.12/site-packages/airflow/example_dags/plugins/event_listener.py for tasks to queue
[2026-05-08T17:48:02.309+0100] {logging_mixin.py:188} INFO - [2026-05-08T17:48:02.308+0100] {dagbag.py:540} INFO - Filling up the DagBag from /home/najma/airflow-venv/lib/python3.12/site-packages/airflow/example_dags/plugins/event_listener.py
[2026-05-08T17:48:02.311+0100] {processor.py:842} WARNING - No viable dags retrieved from /home/najma/airflow-venv/lib/python3.12/site-packages/airflow/example_dags/plugins/event_listener.py
[2026-05-08T17:48:02.339+0100] {processor.py:183} INFO - Processing /home/najma/airflow-venv/lib/python3.12/site-packages/airflow/example_dags/plugins/event_listener.py took 0.039 seconds
[2026-05-08T17:49:09.745+0100] {processor.py:161} INFO - Started process (PID=10440) to work on /home/najma/airflow-venv/lib/python3.12/site-packages/airflow/example_dags/plugins/event_listener.py
[2026-05-08T17:49:09.747+0100] {processor.py:830} INFO - Processing file /home/najma/airflow-venv/lib/python3.12/site-packages/airflow/example_dags/plugins/event_listener.py for tasks to queue
[2026-05-08T17:49:09.749+0100] {logging_mixin.py:188} INFO - [2026-05-08T17:49:09.748+0100] {dagbag.py:540} INFO - Filling up the DagBag from /home/najma/airflow-venv/lib/python3.12/site-packages/airflow/example_dags/plugins/event_listener.py
[2026-05-08T17:49:09.751+0100] {processor.py:842} WARNING - No viable dags retrieved from /home/najma/airflow-venv/lib/python3.12/site-packages/airflow/example_dags/plugins/event_listener.py
[2026-05-08T17:49:09.804+0100] {processor.py:183} INFO - Processing /home/najma/airflow-venv/lib/python3.12/site-packages/airflow/example_dags/plugins/event_listener.py took 0.063 seconds
[2026-05-08T17:50:23.287+0100] {processor.py:161} INFO - Started process (PID=10501) to work on /home/najma/airflow-venv/lib/python3.12/site-packages/airflow/example_dags/plugins/event_listener.py
[2026-05-08T17:50:23.288+0100] {processor.py:830} INFO - Processing file /home/najma/airflow-venv/lib/python3.12/site-packages/airflow/example_dags/plugins/event_listener.py for tasks to queue
[2026-05-08T17:50:23.290+0100] {logging_mixin.py:188} INFO - [2026-05-08T17:50:23.290+0100] {dagbag.py:540} INFO - Filling up the DagBag from /home/najma/airflow-venv/lib/python3.12/site-packages/airflow/example_dags/plugins/event_listener.py
[2026-05-08T17:50:23.292+0100] {processor.py:842} WARNING - No viable dags retrieved from /home/najma/airflow-venv/lib/python3.12/site-packages/airflow/example_dags/plugins/event_listener.py
[2026-05-08T17:50:23.316+0100] {processor.py:183} INFO - Processing /home/najma/airflow-venv/lib/python3.12/site-packages/airflow/example_dags/plugins/event_listener.py took 0.033 seconds
[2026-05-08T17:51:36.172+0100] {processor.py:161} INFO - Started process (PID=10561) to work on /home/najma/airflow-venv/lib/python3.12/site-packages/airflow/example_dags/plugins/event_listener.py
[2026-05-08T17:51:36.173+0100] {processor.py:830} INFO - Processing file /home/najma/airflow-venv/lib/python3.12/site-packages/airflow/example_dags/plugins/event_listener.py for tasks to queue
[2026-05-08T17:51:36.175+0100] {logging_mixin.py:188} INFO - [2026-05-08T17:51:36.175+0100] {dagbag.py:540} INFO - Filling up the DagBag from /home/najma/airflow-venv/lib/python3.12/site-packages/airflow/example_dags/plugins/event_listener.py
[2026-05-08T17:51:36.178+0100] {processor.py:842} WARNING - No viable dags retrieved from /home/najma/airflow-venv/lib/python3.12/site-packages/airflow/example_dags/plugins/event_listener.py
[2026-05-08T17:51:36.205+0100] {processor.py:183} INFO - Processing /home/najma/airflow-venv/lib/python3.12/site-packages/airflow/example_dags/plugins/event_listener.py took 0.037 seconds
[2026-05-08T17:52:57.852+0100] {processor.py:161} INFO - Started process (PID=10651) to work on /home/najma/airflow-venv/lib/python3.12/site-packages/airflow/example_dags/plugins/event_listener.py
[2026-05-08T17:52:57.854+0100] {processor.py:830} INFO - Processing file /home/najma/airflow-venv/lib/python3.12/site-packages/airflow/example_dags/plugins/event_listener.py for tasks to queue
[2026-05-08T17:52:57.855+0100] {logging_mixin.py:188} INFO - [2026-05-08T17:52:57.855+0100] {dagbag.py:540} INFO - Filling up the DagBag from /home/najma/airflow-venv/lib/python3.12/site-packages/airflow/example_dags/plugins/event_listener.py
[2026-05-08T17:52:57.858+0100] {processor.py:842} WARNING - No viable dags retrieved from /home/najma/airflow-venv/lib/python3.12/site-packages/airflow/example_dags/plugins/event_listener.py
[2026-05-08T17:52:57.889+0100] {processor.py:183} INFO - Processing /home/najma/airflow-venv/lib/python3.12/site-packages/airflow/example_dags/plugins/event_listener.py took 0.042 seconds
[2026-05-08T17:54:06.685+0100] {processor.py:161} INFO - Started process (PID=10710) to work on /home/najma/airflow-venv/lib/python3.12/site-packages/airflow/example_dags/plugins/event_listener.py
[2026-05-08T17:54:06.687+0100] {processor.py:830} INFO - Processing file /home/najma/airflow-venv/lib/python3.12/site-packages/airflow/example_dags/plugins/event_listener.py for tasks to queue
[2026-05-08T17:54:06.689+0100] {logging_mixin.py:188} INFO - [2026-05-08T17:54:06.689+0100] {dagbag.py:540} INFO - Filling up the DagBag from /home/najma/airflow-venv/lib/python3.12/site-packages/airflow/example_dags/plugins/event_listener.py
[2026-05-08T17:54:06.691+0100] {processor.py:842} WARNING - No viable dags retrieved from /home/najma/airflow-venv/lib/python3.12/site-packages/airflow/example_dags/plugins/event_listener.py
[2026-05-08T17:54:06.714+0100] {processor.py:183} INFO - Processing /home/najma/airflow-venv/lib/python3.12/site-packages/airflow/example_dags/plugins/event_listener.py took 0.033 seconds
[2026-05-08T17:55:13.342+0100] {processor.py:161} INFO - Started process (PID=10782) to work on /home/najma/airflow-venv/lib/python3.12/site-packages/airflow/example_dags/plugins/event_listener.py
[2026-05-08T17:55:13.343+0100] {processor.py:830} INFO - Processing file /home/najma/airflow-venv/lib/python3.12/site-packages/airflow/example_dags/plugins/event_listener.py for tasks to queue
[2026-05-08T17:55:13.345+0100] {logging_mixin.py:188} INFO - [2026-05-08T17:55:13.345+0100] {dagbag.py:540} INFO - Filling up the DagBag from /home/najma/airflow-venv/lib/python3.12/site-packages/airflow/example_dags/plugins/event_listener.py
[2026-05-08T17:55:13.347+0100] {processor.py:842} WARNING - No viable dags retrieved from /home/najma/airflow-venv/lib/python3.12/site-packages/airflow/example_dags/plugins/event_listener.py
[2026-05-08T17:55:13.370+0100] {processor.py:183} INFO - Processing /home/najma/airflow-venv/lib/python3.12/site-packages/airflow/example_dags/plugins/event_listener.py took 0.031 seconds
[2026-05-08T17:56:20.036+0100] {processor.py:161} INFO - Started process (PID=10841) to work on /home/najma/airflow-venv/lib/python3.12/site-packages/airflow/example_dags/plugins/event_listener.py
[2026-05-08T17:56:20.037+0100] {processor.py:830} INFO - Processing file /home/najma/airflow-venv/lib/python3.12/site-packages/airflow/example_dags/plugins/event_listener.py for tasks to queue
[2026-05-08T17:56:20.039+0100] {logging_mixin.py:188} INFO - [2026-05-08T17:56:20.039+0100] {dagbag.py:540} INFO - Filling up the DagBag from /home/najma/airflow-venv/lib/python3.12/site-packages/airflow/example_dags/plugins/event_listener.py
[2026-05-08T17:56:20.041+0100] {processor.py:842} WARNING - No viable dags retrieved from /home/najma/airflow-venv/lib/python3.12/site-packages/airflow/example_dags/plugins/event_listener.py
[2026-05-08T17:56:20.067+0100] {processor.py:183} INFO - Processing /home/najma/airflow-venv/lib/python3.12/site-packages/airflow/example_dags/plugins/event_listener.py took 0.035 seconds
[2026-05-08T17:57:36.730+0100] {processor.py:161} INFO - Started process (PID=10902) to work on /home/najma/airflow-venv/lib/python3.12/site-packages/airflow/example_dags/plugins/event_listener.py
[2026-05-08T17:57:36.731+0100] {processor.py:830} INFO - Processing file /home/najma/airflow-venv/lib/python3.12/site-packages/airflow/example_dags/plugins/event_listener.py for tasks to queue
[2026-05-08T17:57:36.733+0100] {logging_mixin.py:188} INFO - [2026-05-08T17:57:36.733+0100] {dagbag.py:540} INFO - Filling up the DagBag from /home/najma/airflow-venv/lib/python3.12/site-packages/airflow/example_dags/plugins/event_listener.py
[2026-05-08T17:57:36.735+0100] {processor.py:842} WARNING - No viable dags retrieved from /home/najma/airflow-venv/lib/python3.12/site-packages/airflow/example_dags/plugins/event_listener.py
[2026-05-08T17:57:36.759+0100] {processor.py:183} INFO - Processing /home/najma/airflow-venv/lib/python3.12/site-packages/airflow/example_dags/plugins/event_listener.py took 0.032 seconds
[2026-05-08T17:58:46.056+0100] {processor.py:161} INFO - Started process (PID=10963) to work on /home/najma/airflow-venv/lib/python3.12/site-packages/airflow/example_dags/plugins/event_listener.py
[2026-05-08T17:58:46.057+0100] {processor.py:830} INFO - Processing file /home/najma/airflow-venv/lib/python3.12/site-packages/airflow/example_dags/plugins/event_listener.py for tasks to queue
[2026-05-08T17:58:46.059+0100] {logging_mixin.py:188} INFO - [2026-05-08T17:58:46.059+0100] {dagbag.py:540} INFO - Filling up the DagBag from /home/najma/airflow-venv/lib/python3.12/site-packages/airflow/example_dags/plugins/event_listener.py
[2026-05-08T17:58:46.061+0100] {processor.py:842} WARNING - No viable dags retrieved from /home/najma/airflow-venv/lib/python3.12/site-packages/airflow/example_dags/plugins/event_listener.py
[2026-05-08T17:58:46.086+0100] {processor.py:183} INFO - Processing /home/najma/airflow-venv/lib/python3.12/site-packages/airflow/example_dags/plugins/event_listener.py took 0.035 seconds
[2026-05-08T17:59:51.879+0100] {processor.py:161} INFO - Started process (PID=11023) to work on /home/najma/airflow-venv/lib/python3.12/site-packages/airflow/example_dags/plugins/event_listener.py
[2026-05-08T17:59:51.880+0100] {processor.py:830} INFO - Processing file /home/najma/airflow-venv/lib/python3.12/site-packages/airflow/example_dags/plugins/event_listener.py for tasks to queue
[2026-05-08T17:59:51.882+0100] {logging_mixin.py:188} INFO - [2026-05-08T17:59:51.881+0100] {dagbag.py:540} INFO - Filling up the DagBag from /home/najma/airflow-venv/lib/python3.12/site-packages/airflow/example_dags/plugins/event_listener.py
[2026-05-08T17:59:51.884+0100] {processor.py:842} WARNING - No viable dags retrieved from /home/najma/airflow-venv/lib/python3.12/site-packages/airflow/example_dags/plugins/event_listener.py
[2026-05-08T17:59:51.909+0100] {processor.py:183} INFO - Processing /home/najma/airflow-venv/lib/python3.12/site-packages/airflow/example_dags/plugins/event_listener.py took 0.034 seconds
[2026-05-08T18:01:02.031+0100] {processor.py:161} INFO - Started process (PID=11084) to work on /home/najma/airflow-venv/lib/python3.12/site-packages/airflow/example_dags/plugins/event_listener.py
[2026-05-08T18:01:02.032+0100] {processor.py:830} INFO - Processing file /home/najma/airflow-venv/lib/python3.12/site-packages/airflow/example_dags/plugins/event_listener.py for tasks to queue
[2026-05-08T18:01:02.034+0100] {logging_mixin.py:188} INFO - [2026-05-08T18:01:02.033+0100] {dagbag.py:540} INFO - Filling up the DagBag from /home/najma/airflow-venv/lib/python3.12/site-packages/airflow/example_dags/plugins/event_listener.py
[2026-05-08T18:01:02.035+0100] {processor.py:842} WARNING - No viable dags retrieved from /home/najma/airflow-venv/lib/python3.12/site-packages/airflow/example_dags/plugins/event_listener.py
[2026-05-08T18:01:02.057+0100] {processor.py:183} INFO - Processing /home/najma/airflow-venv/lib/python3.12/site-packages/airflow/example_dags/plugins/event_listener.py took 0.030 seconds
[2026-05-08T18:02:06.663+0100] {processor.py:161} INFO - Started process (PID=11141) to work on /home/najma/airflow-venv/lib/python3.12/site-packages/airflow/example_dags/plugins/event_listener.py
[2026-05-08T18:02:06.664+0100] {processor.py:830} INFO - Processing file /home/najma/airflow-venv/lib/python3.12/site-packages/airflow/example_dags/plugins/event_listener.py for tasks to queue
[2026-05-08T18:02:06.666+0100] {logging_mixin.py:188} INFO - [2026-05-08T18:02:06.665+0100] {dagbag.py:540} INFO - Filling up the DagBag from /home/najma/airflow-venv/lib/python3.12/site-packages/airflow/example_dags/plugins/event_listener.py
[2026-05-08T18:02:06.667+0100] {processor.py:842} WARNING - No viable dags retrieved from /home/najma/airflow-venv/lib/python3.12/site-packages/airflow/example_dags/plugins/event_listener.py
[2026-05-08T18:02:06.690+0100] {processor.py:183} INFO - Processing /home/najma/airflow-venv/lib/python3.12/site-packages/airflow/example_dags/plugins/event_listener.py took 0.031 seconds
[2026-05-08T18:03:09.253+0100] {processor.py:161} INFO - Started process (PID=11199) to work on /home/najma/airflow-venv/lib/python3.12/site-packages/airflow/example_dags/plugins/event_listener.py
[2026-05-08T18:03:09.254+0100] {processor.py:830} INFO - Processing file /home/najma/airflow-venv/lib/python3.12/site-packages/airflow/example_dags/plugins/event_listener.py for tasks to queue
[2026-05-08T18:03:09.256+0100] {logging_mixin.py:188} INFO - [2026-05-08T18:03:09.255+0100] {dagbag.py:540} INFO - Filling up the DagBag from /home/najma/airflow-venv/lib/python3.12/site-packages/airflow/example_dags/plugins/event_listener.py
[2026-05-08T18:03:09.258+0100] {processor.py:842} WARNING - No viable dags retrieved from /home/najma/airflow-venv/lib/python3.12/site-packages/airflow/example_dags/plugins/event_listener.py
[2026-05-08T18:03:09.281+0100] {processor.py:183} INFO - Processing /home/najma/airflow-venv/lib/python3.12/site-packages/airflow/example_dags/plugins/event_listener.py took 0.032 seconds
[2026-05-08T18:04:19.250+0100] {processor.py:161} INFO - Started process (PID=11259) to work on /home/najma/airflow-venv/lib/python3.12/site-packages/airflow/example_dags/plugins/event_listener.py
[2026-05-08T18:04:19.251+0100] {processor.py:830} INFO - Processing file /home/najma/airflow-venv/lib/python3.12/site-packages/airflow/example_dags/plugins/event_listener.py for tasks to queue
[2026-05-08T18:04:19.253+0100] {logging_mixin.py:188} INFO - [2026-05-08T18:04:19.252+0100] {dagbag.py:540} INFO - Filling up the DagBag from /home/najma/airflow-venv/lib/python3.12/site-packages/airflow/example_dags/plugins/event_listener.py
[2026-05-08T18:04:19.255+0100] {processor.py:842} WARNING - No viable dags retrieved from /home/najma/airflow-venv/lib/python3.12/site-packages/airflow/example_dags/plugins/event_listener.py
[2026-05-08T18:04:19.277+0100] {processor.py:183} INFO - Processing /home/najma/airflow-venv/lib/python3.12/site-packages/airflow/example_dags/plugins/event_listener.py took 0.030 seconds
[2026-05-08T18:05:27.861+0100] {processor.py:161} INFO - Started process (PID=11317) to work on /home/najma/airflow-venv/lib/python3.12/site-packages/airflow/example_dags/plugins/event_listener.py
[2026-05-08T18:05:27.863+0100] {processor.py:830} INFO - Processing file /home/najma/airflow-venv/lib/python3.12/site-packages/airflow/example_dags/plugins/event_listener.py for tasks to queue
[2026-05-08T18:05:27.864+0100] {logging_mixin.py:188} INFO - [2026-05-08T18:05:27.864+0100] {dagbag.py:540} INFO - Filling up the DagBag from /home/najma/airflow-venv/lib/python3.12/site-packages/airflow/example_dags/plugins/event_listener.py
[2026-05-08T18:05:27.867+0100] {processor.py:842} WARNING - No viable dags retrieved from /home/najma/airflow-venv/lib/python3.12/site-packages/airflow/example_dags/plugins/event_listener.py
[2026-05-08T18:05:27.890+0100] {processor.py:183} INFO - Processing /home/najma/airflow-venv/lib/python3.12/site-packages/airflow/example_dags/plugins/event_listener.py took 0.033 seconds
[2026-05-08T18:06:32.516+0100] {processor.py:161} INFO - Started process (PID=11376) to work on /home/najma/airflow-venv/lib/python3.12/site-packages/airflow/example_dags/plugins/event_listener.py
[2026-05-08T18:06:32.517+0100] {processor.py:830} INFO - Processing file /home/najma/airflow-venv/lib/python3.12/site-packages/airflow/example_dags/plugins/event_listener.py for tasks to queue
[2026-05-08T18:06:32.519+0100] {logging_mixin.py:188} INFO - [2026-05-08T18:06:32.519+0100] {dagbag.py:540} INFO - Filling up the DagBag from /home/najma/airflow-venv/lib/python3.12/site-packages/airflow/example_dags/plugins/event_listener.py
[2026-05-08T18:06:32.521+0100] {processor.py:842} WARNING - No viable dags retrieved from /home/najma/airflow-venv/lib/python3.12/site-packages/airflow/example_dags/plugins/event_listener.py
[2026-05-08T18:06:32.542+0100] {processor.py:183} INFO - Processing /home/najma/airflow-venv/lib/python3.12/site-packages/airflow/example_dags/plugins/event_listener.py took 0.029 seconds
[2026-05-08T18:07:34.013+0100] {processor.py:161} INFO - Started process (PID=11432) to work on /home/najma/airflow-venv/lib/python3.12/site-packages/airflow/example_dags/plugins/event_listener.py
[2026-05-08T18:07:34.015+0100] {processor.py:830} INFO - Processing file /home/najma/airflow-venv/lib/python3.12/site-packages/airflow/example_dags/plugins/event_listener.py for tasks to queue
[2026-05-08T18:07:34.017+0100] {logging_mixin.py:188} INFO - [2026-05-08T18:07:34.016+0100] {dagbag.py:540} INFO - Filling up the DagBag from /home/najma/airflow-venv/lib/python3.12/site-packages/airflow/example_dags/plugins/event_listener.py
[2026-05-08T18:07:34.018+0100] {processor.py:842} WARNING - No viable dags retrieved from /home/najma/airflow-venv/lib/python3.12/site-packages/airflow/example_dags/plugins/event_listener.py
[2026-05-08T18:07:34.044+0100] {processor.py:183} INFO - Processing /home/najma/airflow-venv/lib/python3.12/site-packages/airflow/example_dags/plugins/event_listener.py took 0.035 seconds
[2026-05-08T18:08:38.353+0100] {processor.py:161} INFO - Started process (PID=11490) to work on /home/najma/airflow-venv/lib/python3.12/site-packages/airflow/example_dags/plugins/event_listener.py
[2026-05-08T18:08:38.354+0100] {processor.py:830} INFO - Processing file /home/najma/airflow-venv/lib/python3.12/site-packages/airflow/example_dags/plugins/event_listener.py for tasks to queue
[2026-05-08T18:08:38.356+0100] {logging_mixin.py:188} INFO - [2026-05-08T18:08:38.356+0100] {dagbag.py:540} INFO - Filling up the DagBag from /home/najma/airflow-venv/lib/python3.12/site-packages/airflow/example_dags/plugins/event_listener.py
[2026-05-08T18:08:38.358+0100] {processor.py:842} WARNING - No viable dags retrieved from /home/najma/airflow-venv/lib/python3.12/site-packages/airflow/example_dags/plugins/event_listener.py
[2026-05-08T18:08:38.382+0100] {processor.py:183} INFO - Processing /home/najma/airflow-venv/lib/python3.12/site-packages/airflow/example_dags/plugins/event_listener.py took 0.033 seconds
[2026-05-08T18:09:43.781+0100] {processor.py:161} INFO - Started process (PID=11548) to work on /home/najma/airflow-venv/lib/python3.12/site-packages/airflow/example_dags/plugins/event_listener.py
[2026-05-08T18:09:43.782+0100] {processor.py:830} INFO - Processing file /home/najma/airflow-venv/lib/python3.12/site-packages/airflow/example_dags/plugins/event_listener.py for tasks to queue
[2026-05-08T18:09:43.784+0100] {logging_mixin.py:188} INFO - [2026-05-08T18:09:43.784+0100] {dagbag.py:540} INFO - Filling up the DagBag from /home/najma/airflow-venv/lib/python3.12/site-packages/airflow/example_dags/plugins/event_listener.py
[2026-05-08T18:09:43.787+0100] {processor.py:842} WARNING - No viable dags retrieved from /home/najma/airflow-venv/lib/python3.12/site-packages/airflow/example_dags/plugins/event_listener.py
[2026-05-08T18:09:43.812+0100] {processor.py:183} INFO - Processing /home/najma/airflow-venv/lib/python3.12/site-packages/airflow/example_dags/plugins/event_listener.py took 0.036 seconds
[2026-05-08T18:10:44.262+0100] {processor.py:161} INFO - Started process (PID=11603) to work on /home/najma/airflow-venv/lib/python3.12/site-packages/airflow/example_dags/plugins/event_listener.py
[2026-05-08T18:10:44.263+0100] {processor.py:830} INFO - Processing file /home/najma/airflow-venv/lib/python3.12/site-packages/airflow/example_dags/plugins/event_listener.py for tasks to queue
[2026-05-08T18:10:44.265+0100] {logging_mixin.py:188} INFO - [2026-05-08T18:10:44.264+0100] {dagbag.py:540} INFO - Filling up the DagBag from /home/najma/airflow-venv/lib/python3.12/site-packages/airflow/example_dags/plugins/event_listener.py
[2026-05-08T18:10:44.267+0100] {processor.py:842} WARNING - No viable dags retrieved from /home/najma/airflow-venv/lib/python3.12/site-packages/airflow/example_dags/plugins/event_listener.py
[2026-05-08T18:10:44.291+0100] {processor.py:183} INFO - Processing /home/najma/airflow-venv/lib/python3.12/site-packages/airflow/example_dags/plugins/event_listener.py took 0.033 seconds
[2026-05-08T18:11:53.563+0100] {processor.py:161} INFO - Started process (PID=11659) to work on /home/najma/airflow-venv/lib/python3.12/site-packages/airflow/example_dags/plugins/event_listener.py
[2026-05-08T18:11:53.565+0100] {processor.py:830} INFO - Processing file /home/najma/airflow-venv/lib/python3.12/site-packages/airflow/example_dags/plugins/event_listener.py for tasks to queue
[2026-05-08T18:11:53.567+0100] {logging_mixin.py:188} INFO - [2026-05-08T18:11:53.566+0100] {dagbag.py:540} INFO - Filling up the DagBag from /home/najma/airflow-venv/lib/python3.12/site-packages/airflow/example_dags/plugins/event_listener.py
[2026-05-08T18:11:53.569+0100] {processor.py:842} WARNING - No viable dags retrieved from /home/najma/airflow-venv/lib/python3.12/site-packages/airflow/example_dags/plugins/event_listener.py
[2026-05-08T18:11:53.594+0100] {processor.py:183} INFO - Processing /home/najma/airflow-venv/lib/python3.12/site-packages/airflow/example_dags/plugins/event_listener.py took 0.034 seconds
[2026-05-08T18:13:16.854+0100] {processor.py:161} INFO - Started process (PID=11717) to work on /home/najma/airflow-venv/lib/python3.12/site-packages/airflow/example_dags/plugins/event_listener.py
[2026-05-08T18:13:16.886+0100] {processor.py:830} INFO - Processing file /home/najma/airflow-venv/lib/python3.12/site-packages/airflow/example_dags/plugins/event_listener.py for tasks to queue
[2026-05-08T18:13:16.888+0100] {logging_mixin.py:188} INFO - [2026-05-08T18:13:16.887+0100] {dagbag.py:540} INFO - Filling up the DagBag from /home/najma/airflow-venv/lib/python3.12/site-packages/airflow/example_dags/plugins/event_listener.py
[2026-05-08T18:13:16.890+0100] {processor.py:842} WARNING - No viable dags retrieved from /home/najma/airflow-venv/lib/python3.12/site-packages/airflow/example_dags/plugins/event_listener.py
[2026-05-08T18:13:16.916+0100] {processor.py:183} INFO - Processing /home/najma/airflow-venv/lib/python3.12/site-packages/airflow/example_dags/plugins/event_listener.py took 0.066 seconds
[2026-05-08T18:14:38.876+0100] {processor.py:161} INFO - Started process (PID=11796) to work on /home/najma/airflow-venv/lib/python3.12/site-packages/airflow/example_dags/plugins/event_listener.py
[2026-05-08T18:14:38.877+0100] {processor.py:830} INFO - Processing file /home/najma/airflow-venv/lib/python3.12/site-packages/airflow/example_dags/plugins/event_listener.py for tasks to queue
[2026-05-08T18:14:38.878+0100] {logging_mixin.py:188} INFO - [2026-05-08T18:14:38.878+0100] {dagbag.py:540} INFO - Filling up the DagBag from /home/najma/airflow-venv/lib/python3.12/site-packages/airflow/example_dags/plugins/event_listener.py
[2026-05-08T18:14:38.880+0100] {processor.py:842} WARNING - No viable dags retrieved from /home/najma/airflow-venv/lib/python3.12/site-packages/airflow/example_dags/plugins/event_listener.py
[2026-05-08T18:14:38.904+0100] {processor.py:183} INFO - Processing /home/najma/airflow-venv/lib/python3.12/site-packages/airflow/example_dags/plugins/event_listener.py took 0.033 seconds
[2026-05-08T18:15:54.049+0100] {processor.py:161} INFO - Started process (PID=11856) to work on /home/najma/airflow-venv/lib/python3.12/site-packages/airflow/example_dags/plugins/event_listener.py
[2026-05-08T18:15:54.050+0100] {processor.py:830} INFO - Processing file /home/najma/airflow-venv/lib/python3.12/site-packages/airflow/example_dags/plugins/event_listener.py for tasks to queue
[2026-05-08T18:15:54.052+0100] {logging_mixin.py:188} INFO - [2026-05-08T18:15:54.052+0100] {dagbag.py:540} INFO - Filling up the DagBag from /home/najma/airflow-venv/lib/python3.12/site-packages/airflow/example_dags/plugins/event_listener.py
[2026-05-08T18:15:54.054+0100] {processor.py:842} WARNING - No viable dags retrieved from /home/najma/airflow-venv/lib/python3.12/site-packages/airflow/example_dags/plugins/event_listener.py
[2026-05-08T18:15:54.077+0100] {processor.py:183} INFO - Processing /home/najma/airflow-venv/lib/python3.12/site-packages/airflow/example_dags/plugins/event_listener.py took 0.032 seconds
[2026-05-08T18:17:04.731+0100] {processor.py:161} INFO - Started process (PID=11916) to work on /home/najma/airflow-venv/lib/python3.12/site-packages/airflow/example_dags/plugins/event_listener.py
[2026-05-08T18:17:04.732+0100] {processor.py:830} INFO - Processing file /home/najma/airflow-venv/lib/python3.12/site-packages/airflow/example_dags/plugins/event_listener.py for tasks to queue
[2026-05-08T18:17:04.734+0100] {logging_mixin.py:188} INFO - [2026-05-08T18:17:04.734+0100] {dagbag.py:540} INFO - Filling up the DagBag from /home/najma/airflow-venv/lib/python3.12/site-packages/airflow/example_dags/plugins/event_listener.py
[2026-05-08T18:17:04.736+0100] {processor.py:842} WARNING - No viable dags retrieved from /home/najma/airflow-venv/lib/python3.12/site-packages/airflow/example_dags/plugins/event_listener.py
[2026-05-08T18:17:04.763+0100] {processor.py:183} INFO - Processing /home/najma/airflow-venv/lib/python3.12/site-packages/airflow/example_dags/plugins/event_listener.py took 0.035 seconds
[2026-05-08T18:18:16.189+0100] {processor.py:161} INFO - Started process (PID=11973) to work on /home/najma/airflow-venv/lib/python3.12/site-packages/airflow/example_dags/plugins/event_listener.py
[2026-05-08T18:18:16.190+0100] {processor.py:830} INFO - Processing file /home/najma/airflow-venv/lib/python3.12/site-packages/airflow/example_dags/plugins/event_listener.py for tasks to queue
[2026-05-08T18:18:16.192+0100] {logging_mixin.py:188} INFO - [2026-05-08T18:18:16.191+0100] {dagbag.py:540} INFO - Filling up the DagBag from /home/najma/airflow-venv/lib/python3.12/site-packages/airflow/example_dags/plugins/event_listener.py
[2026-05-08T18:18:16.194+0100] {processor.py:842} WARNING - No viable dags retrieved from /home/najma/airflow-venv/lib/python3.12/site-packages/airflow/example_dags/plugins/event_listener.py
[2026-05-08T18:18:16.227+0100] {processor.py:183} INFO - Processing /home/najma/airflow-venv/lib/python3.12/site-packages/airflow/example_dags/plugins/event_listener.py took 0.043 seconds
[2026-05-08T18:19:27.261+0100] {processor.py:161} INFO - Started process (PID=12030) to work on /home/najma/airflow-venv/lib/python3.12/site-packages/airflow/example_dags/plugins/event_listener.py
[2026-05-08T18:19:27.262+0100] {processor.py:830} INFO - Processing file /home/najma/airflow-venv/lib/python3.12/site-packages/airflow/example_dags/plugins/event_listener.py for tasks to queue
[2026-05-08T18:19:27.264+0100] {logging_mixin.py:188} INFO - [2026-05-08T18:19:27.263+0100] {dagbag.py:540} INFO - Filling up the DagBag from /home/najma/airflow-venv/lib/python3.12/site-packages/airflow/example_dags/plugins/event_listener.py
[2026-05-08T18:19:27.266+0100] {processor.py:842} WARNING - No viable dags retrieved from /home/najma/airflow-venv/lib/python3.12/site-packages/airflow/example_dags/plugins/event_listener.py
[2026-05-08T18:19:27.288+0100] {processor.py:183} INFO - Processing /home/najma/airflow-venv/lib/python3.12/site-packages/airflow/example_dags/plugins/event_listener.py took 0.031 seconds
[2026-05-08T18:20:33.035+0100] {processor.py:161} INFO - Started process (PID=12087) to work on /home/najma/airflow-venv/lib/python3.12/site-packages/airflow/example_dags/plugins/event_listener.py
[2026-05-08T18:20:33.036+0100] {processor.py:830} INFO - Processing file /home/najma/airflow-venv/lib/python3.12/site-packages/airflow/example_dags/plugins/event_listener.py for tasks to queue
[2026-05-08T18:20:33.038+0100] {logging_mixin.py:188} INFO - [2026-05-08T18:20:33.038+0100] {dagbag.py:540} INFO - Filling up the DagBag from /home/najma/airflow-venv/lib/python3.12/site-packages/airflow/example_dags/plugins/event_listener.py
[2026-05-08T18:20:33.040+0100] {processor.py:842} WARNING - No viable dags retrieved from /home/najma/airflow-venv/lib/python3.12/site-packages/airflow/example_dags/plugins/event_listener.py
[2026-05-08T18:20:33.063+0100] {processor.py:183} INFO - Processing /home/najma/airflow-venv/lib/python3.12/site-packages/airflow/example_dags/plugins/event_listener.py took 0.031 seconds
[2026-05-08T18:21:47.333+0100] {processor.py:161} INFO - Started process (PID=12145) to work on /home/najma/airflow-venv/lib/python3.12/site-packages/airflow/example_dags/plugins/event_listener.py
[2026-05-08T18:21:47.334+0100] {processor.py:830} INFO - Processing file /home/najma/airflow-venv/lib/python3.12/site-packages/airflow/example_dags/plugins/event_listener.py for tasks to queue
[2026-05-08T18:21:47.336+0100] {logging_mixin.py:188} INFO - [2026-05-08T18:21:47.336+0100] {dagbag.py:540} INFO - Filling up the DagBag from /home/najma/airflow-venv/lib/python3.12/site-packages/airflow/example_dags/plugins/event_listener.py
[2026-05-08T18:21:47.342+0100] {processor.py:842} WARNING - No viable dags retrieved from /home/najma/airflow-venv/lib/python3.12/site-packages/airflow/example_dags/plugins/event_listener.py
[2026-05-08T18:21:47.365+0100] {processor.py:183} INFO - Processing /home/najma/airflow-venv/lib/python3.12/site-packages/airflow/example_dags/plugins/event_listener.py took 0.037 seconds
[2026-05-08T18:22:57.370+0100] {processor.py:161} INFO - Started process (PID=12203) to work on /home/najma/airflow-venv/lib/python3.12/site-packages/airflow/example_dags/plugins/event_listener.py
[2026-05-08T18:22:57.372+0100] {processor.py:830} INFO - Processing file /home/najma/airflow-venv/lib/python3.12/site-packages/airflow/example_dags/plugins/event_listener.py for tasks to queue
[2026-05-08T18:22:57.374+0100] {logging_mixin.py:188} INFO - [2026-05-08T18:22:57.373+0100] {dagbag.py:540} INFO - Filling up the DagBag from /home/najma/airflow-venv/lib/python3.12/site-packages/airflow/example_dags/plugins/event_listener.py
[2026-05-08T18:22:57.376+0100] {processor.py:842} WARNING - No viable dags retrieved from /home/najma/airflow-venv/lib/python3.12/site-packages/airflow/example_dags/plugins/event_listener.py
[2026-05-08T18:22:57.401+0100] {processor.py:183} INFO - Processing /home/najma/airflow-venv/lib/python3.12/site-packages/airflow/example_dags/plugins/event_listener.py took 0.035 seconds
[2026-05-08T18:24:03.157+0100] {processor.py:161} INFO - Started process (PID=12257) to work on /home/najma/airflow-venv/lib/python3.12/site-packages/airflow/example_dags/plugins/event_listener.py
[2026-05-08T18:24:03.159+0100] {processor.py:830} INFO - Processing file /home/najma/airflow-venv/lib/python3.12/site-packages/airflow/example_dags/plugins/event_listener.py for tasks to queue
[2026-05-08T18:24:03.160+0100] {logging_mixin.py:188} INFO - [2026-05-08T18:24:03.160+0100] {dagbag.py:540} INFO - Filling up the DagBag from /home/najma/airflow-venv/lib/python3.12/site-packages/airflow/example_dags/plugins/event_listener.py
[2026-05-08T18:24:03.162+0100] {processor.py:842} WARNING - No viable dags retrieved from /home/najma/airflow-venv/lib/python3.12/site-packages/airflow/example_dags/plugins/event_listener.py
[2026-05-08T18:24:03.189+0100] {processor.py:183} INFO - Processing /home/najma/airflow-venv/lib/python3.12/site-packages/airflow/example_dags/plugins/event_listener.py took 0.035 seconds
[2026-05-08T18:25:15.503+0100] {processor.py:161} INFO - Started process (PID=12319) to work on /home/najma/airflow-venv/lib/python3.12/site-packages/airflow/example_dags/plugins/event_listener.py
[2026-05-08T18:25:15.506+0100] {processor.py:830} INFO - Processing file /home/najma/airflow-venv/lib/python3.12/site-packages/airflow/example_dags/plugins/event_listener.py for tasks to queue
[2026-05-08T18:25:15.510+0100] {logging_mixin.py:188} INFO - [2026-05-08T18:25:15.509+0100] {dagbag.py:540} INFO - Filling up the DagBag from /home/najma/airflow-venv/lib/python3.12/site-packages/airflow/example_dags/plugins/event_listener.py
[2026-05-08T18:25:15.516+0100] {processor.py:842} WARNING - No viable dags retrieved from /home/najma/airflow-venv/lib/python3.12/site-packages/airflow/example_dags/plugins/event_listener.py
[2026-05-08T18:25:15.549+0100] {processor.py:183} INFO - Processing /home/najma/airflow-venv/lib/python3.12/site-packages/airflow/example_dags/plugins/event_listener.py took 0.055 seconds
[2026-05-08T18:26:23.187+0100] {processor.py:161} INFO - Started process (PID=12388) to work on /home/najma/airflow-venv/lib/python3.12/site-packages/airflow/example_dags/plugins/event_listener.py
[2026-05-08T18:26:23.189+0100] {processor.py:830} INFO - Processing file /home/najma/airflow-venv/lib/python3.12/site-packages/airflow/example_dags/plugins/event_listener.py for tasks to queue
[2026-05-08T18:26:23.190+0100] {logging_mixin.py:188} INFO - [2026-05-08T18:26:23.190+0100] {dagbag.py:540} INFO - Filling up the DagBag from /home/najma/airflow-venv/lib/python3.12/site-packages/airflow/example_dags/plugins/event_listener.py
[2026-05-08T18:26:23.192+0100] {processor.py:842} WARNING - No viable dags retrieved from /home/najma/airflow-venv/lib/python3.12/site-packages/airflow/example_dags/plugins/event_listener.py
[2026-05-08T18:26:23.216+0100] {processor.py:183} INFO - Processing /home/najma/airflow-venv/lib/python3.12/site-packages/airflow/example_dags/plugins/event_listener.py took 0.032 seconds
[2026-05-08T18:27:48.998+0100] {processor.py:161} INFO - Started process (PID=12453) to work on /home/najma/airflow-venv/lib/python3.12/site-packages/airflow/example_dags/plugins/event_listener.py
[2026-05-08T18:27:49.000+0100] {processor.py:830} INFO - Processing file /home/najma/airflow-venv/lib/python3.12/site-packages/airflow/example_dags/plugins/event_listener.py for tasks to queue
[2026-05-08T18:27:49.002+0100] {logging_mixin.py:188} INFO - [2026-05-08T18:27:49.001+0100] {dagbag.py:540} INFO - Filling up the DagBag from /home/najma/airflow-venv/lib/python3.12/site-packages/airflow/example_dags/plugins/event_listener.py
[2026-05-08T18:27:49.004+0100] {processor.py:842} WARNING - No viable dags retrieved from /home/najma/airflow-venv/lib/python3.12/site-packages/airflow/example_dags/plugins/event_listener.py
[2026-05-08T18:27:49.032+0100] {processor.py:183} INFO - Processing /home/najma/airflow-venv/lib/python3.12/site-packages/airflow/example_dags/plugins/event_listener.py took 0.041 seconds
[2026-05-08T18:29:07.699+0100] {processor.py:161} INFO - Started process (PID=12512) to work on /home/najma/airflow-venv/lib/python3.12/site-packages/airflow/example_dags/plugins/event_listener.py
[2026-05-08T18:29:07.701+0100] {processor.py:830} INFO - Processing file /home/najma/airflow-venv/lib/python3.12/site-packages/airflow/example_dags/plugins/event_listener.py for tasks to queue
[2026-05-08T18:29:07.703+0100] {logging_mixin.py:188} INFO - [2026-05-08T18:29:07.703+0100] {dagbag.py:540} INFO - Filling up the DagBag from /home/najma/airflow-venv/lib/python3.12/site-packages/airflow/example_dags/plugins/event_listener.py
[2026-05-08T18:29:07.706+0100] {processor.py:842} WARNING - No viable dags retrieved from /home/najma/airflow-venv/lib/python3.12/site-packages/airflow/example_dags/plugins/event_listener.py
[2026-05-08T18:29:07.734+0100] {processor.py:183} INFO - Processing /home/najma/airflow-venv/lib/python3.12/site-packages/airflow/example_dags/plugins/event_listener.py took 0.039 seconds
[2026-05-08T18:30:22.474+0100] {processor.py:161} INFO - Started process (PID=12572) to work on /home/najma/airflow-venv/lib/python3.12/site-packages/airflow/example_dags/plugins/event_listener.py
[2026-05-08T18:30:22.475+0100] {processor.py:830} INFO - Processing file /home/najma/airflow-venv/lib/python3.12/site-packages/airflow/example_dags/plugins/event_listener.py for tasks to queue
[2026-05-08T18:30:22.477+0100] {logging_mixin.py:188} INFO - [2026-05-08T18:30:22.477+0100] {dagbag.py:540} INFO - Filling up the DagBag from /home/najma/airflow-venv/lib/python3.12/site-packages/airflow/example_dags/plugins/event_listener.py
[2026-05-08T18:30:22.480+0100] {processor.py:842} WARNING - No viable dags retrieved from /home/najma/airflow-venv/lib/python3.12/site-packages/airflow/example_dags/plugins/event_listener.py
[2026-05-08T18:30:22.503+0100] {processor.py:183} INFO - Processing /home/najma/airflow-venv/lib/python3.12/site-packages/airflow/example_dags/plugins/event_listener.py took 0.033 seconds
[2026-05-08T18:31:38.655+0100] {processor.py:161} INFO - Started process (PID=12632) to work on /home/najma/airflow-venv/lib/python3.12/site-packages/airflow/example_dags/plugins/event_listener.py
[2026-05-08T18:31:38.657+0100] {processor.py:830} INFO - Processing file /home/najma/airflow-venv/lib/python3.12/site-packages/airflow/example_dags/plugins/event_listener.py for tasks to queue
[2026-05-08T18:31:38.660+0100] {logging_mixin.py:188} INFO - [2026-05-08T18:31:38.659+0100] {dagbag.py:540} INFO - Filling up the DagBag from /home/najma/airflow-venv/lib/python3.12/site-packages/airflow/example_dags/plugins/event_listener.py
[2026-05-08T18:31:38.663+0100] {processor.py:842} WARNING - No viable dags retrieved from /home/najma/airflow-venv/lib/python3.12/site-packages/airflow/example_dags/plugins/event_listener.py
[2026-05-08T18:31:38.694+0100] {processor.py:183} INFO - Processing /home/najma/airflow-venv/lib/python3.12/site-packages/airflow/example_dags/plugins/event_listener.py took 0.045 seconds
[2026-05-08T18:32:57.003+0100] {processor.py:161} INFO - Started process (PID=12690) to work on /home/najma/airflow-venv/lib/python3.12/site-packages/airflow/example_dags/plugins/event_listener.py
[2026-05-08T18:32:57.004+0100] {processor.py:830} INFO - Processing file /home/najma/airflow-venv/lib/python3.12/site-packages/airflow/example_dags/plugins/event_listener.py for tasks to queue
[2026-05-08T18:32:57.006+0100] {logging_mixin.py:188} INFO - [2026-05-08T18:32:57.006+0100] {dagbag.py:540} INFO - Filling up the DagBag from /home/najma/airflow-venv/lib/python3.12/site-packages/airflow/example_dags/plugins/event_listener.py
[2026-05-08T18:32:57.009+0100] {processor.py:842} WARNING - No viable dags retrieved from /home/najma/airflow-venv/lib/python3.12/site-packages/airflow/example_dags/plugins/event_listener.py
[2026-05-08T18:32:57.048+0100] {processor.py:183} INFO - Processing /home/najma/airflow-venv/lib/python3.12/site-packages/airflow/example_dags/plugins/event_listener.py took 0.051 seconds
[2026-05-08T18:34:14.079+0100] {processor.py:161} INFO - Started process (PID=12754) to work on /home/najma/airflow-venv/lib/python3.12/site-packages/airflow/example_dags/plugins/event_listener.py
[2026-05-08T18:34:14.083+0100] {processor.py:830} INFO - Processing file /home/najma/airflow-venv/lib/python3.12/site-packages/airflow/example_dags/plugins/event_listener.py for tasks to queue
[2026-05-08T18:34:14.085+0100] {logging_mixin.py:188} INFO - [2026-05-08T18:34:14.085+0100] {dagbag.py:540} INFO - Filling up the DagBag from /home/najma/airflow-venv/lib/python3.12/site-packages/airflow/example_dags/plugins/event_listener.py
[2026-05-08T18:34:14.090+0100] {processor.py:842} WARNING - No viable dags retrieved from /home/najma/airflow-venv/lib/python3.12/site-packages/airflow/example_dags/plugins/event_listener.py
[2026-05-08T18:34:14.124+0100] {processor.py:183} INFO - Processing /home/najma/airflow-venv/lib/python3.12/site-packages/airflow/example_dags/plugins/event_listener.py took 0.049 seconds
[2026-05-08T18:35:18.992+0100] {processor.py:161} INFO - Started process (PID=12828) to work on /home/najma/airflow-venv/lib/python3.12/site-packages/airflow/example_dags/plugins/event_listener.py
[2026-05-08T18:35:18.996+0100] {processor.py:830} INFO - Processing file /home/najma/airflow-venv/lib/python3.12/site-packages/airflow/example_dags/plugins/event_listener.py for tasks to queue
[2026-05-08T18:35:18.998+0100] {logging_mixin.py:188} INFO - [2026-05-08T18:35:18.997+0100] {dagbag.py:540} INFO - Filling up the DagBag from /home/najma/airflow-venv/lib/python3.12/site-packages/airflow/example_dags/plugins/event_listener.py
[2026-05-08T18:35:19.005+0100] {processor.py:842} WARNING - No viable dags retrieved from /home/najma/airflow-venv/lib/python3.12/site-packages/airflow/example_dags/plugins/event_listener.py
[2026-05-08T18:35:19.042+0100] {processor.py:183} INFO - Processing /home/najma/airflow-venv/lib/python3.12/site-packages/airflow/example_dags/plugins/event_listener.py took 0.068 seconds
[2026-05-08T18:36:31.022+0100] {processor.py:161} INFO - Started process (PID=12888) to work on /home/najma/airflow-venv/lib/python3.12/site-packages/airflow/example_dags/plugins/event_listener.py
[2026-05-08T18:36:31.024+0100] {processor.py:830} INFO - Processing file /home/najma/airflow-venv/lib/python3.12/site-packages/airflow/example_dags/plugins/event_listener.py for tasks to queue
[2026-05-08T18:36:31.025+0100] {logging_mixin.py:188} INFO - [2026-05-08T18:36:31.025+0100] {dagbag.py:540} INFO - Filling up the DagBag from /home/najma/airflow-venv/lib/python3.12/site-packages/airflow/example_dags/plugins/event_listener.py
[2026-05-08T18:36:31.027+0100] {processor.py:842} WARNING - No viable dags retrieved from /home/najma/airflow-venv/lib/python3.12/site-packages/airflow/example_dags/plugins/event_listener.py
[2026-05-08T18:36:31.050+0100] {processor.py:183} INFO - Processing /home/najma/airflow-venv/lib/python3.12/site-packages/airflow/example_dags/plugins/event_listener.py took 0.032 seconds
[2026-05-08T18:37:48.363+0100] {processor.py:161} INFO - Started process (PID=12950) to work on /home/najma/airflow-venv/lib/python3.12/site-packages/airflow/example_dags/plugins/event_listener.py
[2026-05-08T18:37:48.365+0100] {processor.py:830} INFO - Processing file /home/najma/airflow-venv/lib/python3.12/site-packages/airflow/example_dags/plugins/event_listener.py for tasks to queue
[2026-05-08T18:37:48.366+0100] {logging_mixin.py:188} INFO - [2026-05-08T18:37:48.366+0100] {dagbag.py:540} INFO - Filling up the DagBag from /home/najma/airflow-venv/lib/python3.12/site-packages/airflow/example_dags/plugins/event_listener.py
[2026-05-08T18:37:48.368+0100] {processor.py:842} WARNING - No viable dags retrieved from /home/najma/airflow-venv/lib/python3.12/site-packages/airflow/example_dags/plugins/event_listener.py
[2026-05-08T18:37:48.392+0100] {processor.py:183} INFO - Processing /home/najma/airflow-venv/lib/python3.12/site-packages/airflow/example_dags/plugins/event_listener.py took 0.033 seconds
[2026-05-08T18:39:06.377+0100] {processor.py:161} INFO - Started process (PID=13016) to work on /home/najma/airflow-venv/lib/python3.12/site-packages/airflow/example_dags/plugins/event_listener.py
[2026-05-08T18:39:06.380+0100] {processor.py:830} INFO - Processing file /home/najma/airflow-venv/lib/python3.12/site-packages/airflow/example_dags/plugins/event_listener.py for tasks to queue
[2026-05-08T18:39:06.382+0100] {logging_mixin.py:188} INFO - [2026-05-08T18:39:06.381+0100] {dagbag.py:540} INFO - Filling up the DagBag from /home/najma/airflow-venv/lib/python3.12/site-packages/airflow/example_dags/plugins/event_listener.py
[2026-05-08T18:39:06.384+0100] {processor.py:842} WARNING - No viable dags retrieved from /home/najma/airflow-venv/lib/python3.12/site-packages/airflow/example_dags/plugins/event_listener.py
[2026-05-08T18:39:06.415+0100] {processor.py:183} INFO - Processing /home/najma/airflow-venv/lib/python3.12/site-packages/airflow/example_dags/plugins/event_listener.py took 0.041 seconds
